Initial seed: 4
starting game.

Starting hand 1.
this.hand=1; this.draws=0; config.PRNG.seed(557475422); this.wind=0; this.windOfTheRound=0;
wall: 1,35,20,18,3,11,5,5,2,18,33,29,40,27,11,12,15,19,31,12,8,22,1,6,14,25,2,25,2,8,18,16,18,14,30,2,17,24,0,21,0,22,28,5,17,0,6,22,13,0,5,4,4,15,36,10,15,20,19,9,20,24,7,31,3,32,27,25,25,17,38,11,4,14,21,32,23,37,20,28,1,14,19,30,22,29,6,34,19,30,28,8,24,27,26,26,13,7,41,32,16,11,3,4,13,30,33,13,23,16,32,3,33,31,8,1,10,23,29,9,27,26,26,15,21,12,10,17,16,23,9,21,31,7,29,39,33,6,12,10,9,7,24,28
initial deal
tiles for 0: 1,2,3,5,5,11,11,18,18,20,27,29,33
tiles for 1: 1,2,6,8,12,12,14,15,19,22,25,25,31
tiles for 2: 0,0,2,2,8,14,16,17,18,18,21,24,30
tiles for 3: 0,0,4,4,5,5,6,13,15,17,22,22,28
prepare play
tiles for 0: 1,2,3,5,5,11,11,18,18,20,27,29,33 []
tiles for 1: 1,2,6,8,12,12,14,15,19,22,25,25,31 []
tiles for 2: 0,0,2,2,8,14,16,17,18,18,21,24,30 []
tiles for 3: 0,0,4,4,5,5,6,13,15,17,22,22,28 []
0 <  36
0 <  10
0  > 29
1 <  15
1  > 19
2 <  20
2  > 30
3 <  19
3  > 19
0 <  19 (5)
0 has [1,2,3,5,5,10,11,11,18,27,33], [[18,19,20]]
0  > 18
1 <  9
1  > 22
3 <  22 (8)
3 has [0,0,4,4,5,5,6,13,15,17,28], [[22,22,22]]
3  > 28
0 <  20
0  > 20
1 <  24
1  > 9
2 <  7
2  > 24
3 <  31
3  > 31
0 <  3
0  > 33
1 <  32
1  > 31
2 <  27
2  > 27
3 <  25
3  > 25
0 <  25
0  > 25
1 <  17
1  > 32
2 <  38
2 <  11
2  > 11
3 <  4
3  > 13
0 <  14
0  > 14
1 <  21
1  > 21
2 <  32
2  > 32
3 <  23
3  > 23
0 <  37
0 <  20
0  > 20
1 <  28
1  > 28
2 <  1
2  > 18
3 <  14
3  > 17
0 <  19
0  > 19
1 <  30
1  > 30
2 <  22
2  > 14
3 <  29
3  > 29
0 <  6
0  > 27
1 <  34
1 <  19
1  > 19
2 <  19 (5)
2 has [0,0,1,2,2,7,8,16,17,21,22], [[18,19,20]]
2  > 7
3 <  7 (6)
3 has [0,0,4,4,4,5,14,15], [[22,22,22],[5,6,7]]
3  > 5
0 <  30
0  > 30
1 <  28
1  > 28
2 <  8
2  > 21
3 <  24
3  > 24
0 <  27
0  > 5
1 <  26
1  > 25
2 <  26
2  > 26
3 <  13
Player 3 wins hand 1! (hand took 154ms)
0: 12, hand: 1,2,3,3,5,6,10,11,11,27, [[18,19,20]], (35,40,36,37)
1: -42, hand: 1,2,6,8,12,12,14,15,15,17,24,25,26, [], (34)
2: -42, hand: 0,0,1,2,2,8,8,16,17,22, [[18,19,20]], (38)
3: 72, hand: 0,0,4,4,4,13,14,15, [[22,22,22],[5,6,7]], ()

Starting hand 2.
this.hand=2; this.draws=0; config.PRNG.seed(1228511861); this.wind=1; this.windOfTheRound=0;
wall: 11,28,10,16,10,0,2,31,33,8,30,24,8,18,4,5,17,10,21,15,24,35,14,26,17,23,13,11,7,17,12,28,28,11,25,40,20,9,15,4,15,22,16,14,1,13,0,37,6,21,3,24,4,39,14,19,11,25,38,0,6,18,19,7,32,7,22,4,1,18,19,29,24,8,33,3,3,9,28,20,26,27,6,19,25,29,0,2,32,13,18,7,16,31,25,10,22,32,23,12,34,33,1,2,27,8,36,27,33,30,30,1,6,23,2,31,3,32,13,15,20,30,26,26,5,12,29,21,23,41,14,12,5,22,20,9,21,5,16,9,27,17,31,29
initial deal
tiles for 0: 0,2,8,8,10,10,11,16,24,28,30,31,33
tiles for 1: 4,5,10,13,14,15,17,17,18,21,23,24,26
tiles for 2: 4,7,9,11,11,12,15,15,17,20,25,28,28
tiles for 3: 0,1,3,4,6,13,14,14,16,19,21,22,24
prepare play
tiles for 0: 0,2,8,8,10,10,11,16,24,28,30,31,33 []
tiles for 1: 4,5,10,13,14,15,17,17,18,21,23,24,26 []
tiles for 2: 4,7,9,11,11,12,15,15,17,20,25,28,28 []
tiles for 3: 0,1,3,4,6,13,14,14,16,19,21,22,24 []
1 <  11
1  > 18
2 <  25
2  > 7
3 <  38
3 <  0
3  > 16
0 <  6
0  > 30
1 <  18
1  > 18
2 <  19
2  > 4
3 <  7
3  > 19
0 <  32
0  > 16
1 <  16 (6)
1 has [4,5,10,11,13,17,17,21,23,24,26], [[14,15,16]]
1  > 13
2 <  13 (6)
2 has [9,11,15,15,17,19,20,25,25,28,28], [[11,12,13]]
2  > 17
3 <  7
3  > 24
0 <  22
0  > 31
1 <  4
1  > 21
2 <  21 (6)
2 has [9,11,15,15,25,25,28,28], [[11,12,13],[19,20,21]]
2  > 11
3 <  1
3  > 22
0 <  18
0  > 18
1 <  19
1  > 19
2 <  29
2  > 29
3 <  24
3  > 21
0 <  8
0  > 33
1 <  33
1  > 33
2 <  3
2  > 3
3 <  3
3  > 24
0 <  9
0  > 28
1 <  28
1  > 28
2 <  20
2  > 9
3 <  26
3  > 26
0 <  27
0  > 32
1 <  6
1  > 26
2 <  19
2  > 28
3 <  25
3  > 25
0 <  29
0  > 29
1 <  0
1  > 0
3 <  0 (8)
3 has [1,1,3,3,4,6,7,7,13,14,14], [[0,0,0]]
3  > 6
0 <  2
0  > 27
1 <  32
1  > 32
2 <  13
2  > 28
3 <  18
3  > 18
0 <  7
0  > 0
1 <  16
1  > 11
2 <  31
2  > 31
3 <  25
3  > 25
0 <  10
0  > 22
1 <  22 (4)
1 has [4,4,5,6,10,16,17,17], [[14,15,16],[22,23,24]]
1  > 10
2 <  22
2  > 25
3 <  32
3  > 32
0 <  23
0  > 23
1 <  12
1  > 12
2 <  34
2 <  33
2  > 25
3 <  1
3  > 13
0 <  2
0  > 24
1 <  27
1  > 27
2 <  8
2  > 8
0 <  8 (8)
0 has [2,2,2,6,7,8,9,10,10,10,11], [[8,8,8]]
0  > 10
1 <  36
1 <  27
1  > 27
2 <  33
2  > 33
3 <  30
3  > 30
0 <  30
0  > 30
1 <  1
1  > 1
3 <  1 (16)
3 has [3,3,4,7,7,14,14], [[0,0,0],[1,1,1,1]]
3 <  6
3  > 4
1 <  4 (8)
1 has [5,6,16,17,17], [[14,15,16],[22,23,24],[4,4,4]]
1  > 5
2 <  23
2  > 33
3 <  2
3  > 2
0 <  2 (16)
0 has [6,7,8,9,10,10,11], [[8,8,8],[2,2,2,2]]
0 <  31
0  > 31
1 <  3
1  > 6
2 <  32
2  > 32
3 <  13
3  > 6
0 <  15
0  > 15
2 <  15 (8)
2 has [13,19,20,22,23], [[11,12,13],[19,20,21],[15,15,15]]
2  > 13
3 <  20
3  > 20
0 <  30
0  > 30
1 <  26
1  > 26
2 <  26
2  > 26
3 <  5
3  > 5
0 <  12
0  > 12
1 <  29
1  > 3
3 <  3 (8)
3 has [7,7,13,14,14], [[0,0,0],[1,1,1,1],[3,3,3]]
3  > 13
0 <  21
0  > 21
Hand was a draw.

Restarting hand 2.
this.hand=2; this.draws=1; config.PRNG.seed(1046977559); this.wind=1; this.windOfTheRound=0;
wall: 4,16,13,12,4,26,30,22,17,19,36,12,30,26,21,25,22,29,14,28,32,38,19,7,7,10,18,31,26,37,1,10,24,31,3,20,5,27,8,25,23,2,19,24,5,9,15,28,11,31,9,25,23,20,11,4,12,2,25,14,21,11,15,40,6,16,6,7,32,32,23,29,29,0,18,15,19,0,22,8,17,33,30,27,15,35,12,27,1,3,14,41,10,10,23,29,1,20,7,16,1,6,13,17,20,33,24,8,13,5,2,9,33,34,6,16,5,21,28,13,11,22,27,3,14,18,3,9,2,24,18,31,26,17,21,28,0,8,0,39,32,30,4,33
initial deal
tiles for 0: 4,4,12,12,13,16,17,19,22,26,26,30,30
tiles for 1: 7,7,10,14,18,19,21,22,25,28,29,31,32
tiles for 2: 1,2,3,5,8,10,20,23,24,25,26,27,31
tiles for 3: 5,9,9,11,11,15,19,20,23,24,25,28,31
prepare play
tiles for 0: 4,4,12,12,13,16,17,19,22,26,26,30,30 []
tiles for 1: 7,7,10,14,18,19,21,22,25,28,29,31,32 []
tiles for 2: 1,2,3,5,8,10,20,23,24,25,26,27,31 []
tiles for 3: 5,9,9,11,11,15,19,20,23,24,25,28,31 []
1 <  4
1  > 28
2 <  12
2  > 8
3 <  2
3  > 28
0 <  25
0  > 22
1 <  14
1  > 29
2 <  21
2  > 27
3 <  11
3  > 15
0 <  15 (4)
0 has [4,4,12,12,13,19,25,26,26,30,30], [[15,16,17]]
0  > 19
1 <  15
1  > 25
2 <  40
2 <  6
2  > 31
3 <  16
3  > 2
0 <  6
0  > 6
1 <  7
1  > 10
2 <  32
2  > 32
3 <  32
3  > 5
0 <  23
0  > 23
1 <  23 (6)
1 has [4,7,7,7,14,14,15,18,19,31,32], [[21,22,23]]
1  > 7
2 <  7 (6)
2 has [1,2,3,10,12,20,21,23,24,25,26], [[5,6,7]]
2  > 10
3 <  10 (5)
3 has [9,11,11,16,19,20,23,24,25,31,32], [[9,10,11]]
3  > 16
0 <  29
0  > 29
1 <  29
1  > 29
2 <  0
2  > 12
3 <  18
3  > 31
0 <  15
0  > 15
1 <  19
1  > 4
2 <  4 (6)
2 has [0,1,20,21,23,24,25,26], [[5,6,7],[2,3,4]]
2  > 1
3 <  0
3  > 0
0 <  22
0  > 22
1 <  8
1  > 31
2 <  17
2  > 0
3 <  33
3  > 33
0 <  30
0  > 30
1 <  27
1  > 32
2 <  15
2  > 17
3 <  35
3 <  12
3  > 32
0 <  27
0  > 27
1 <  1
1  > 1
2 <  3
2  > 3
3 <  14
3  > 9
0 <  41
0 <  10
0  > 10
1 <  10
1  > 10
2 <  23
2  > 15
3 <  29
3  > 29
0 <  1
0  > 1
1 <  20
1  > 27
2 <  7
2  > 7
1 <  7 (8)
1 has [8,14,14,15,18,19,19,20], [[21,22,23],[7,7,7]]
1  > 8
2 <  16
2  > 16
3 <  1
3  > 1
0 <  6
0  > 6
1 <  13
1  > 15
2 <  17
2  > 17
3 <  20
3  > 20
0 <  33
0  > 33
1 <  24
1  > 24
2 <  8
2  > 8
3 <  13
Player 3 wins hand 2! (hand took 227ms)
0: -30, hand: 4,4,12,12,13,25,26,26,30,30, [[15,16,17]], (36,41)
1: -70, hand: 13,14,14,18,19,19,20, [[21,22,23],[7,7,7]], (38)
2: -28, hand: 20,21,23,23,24,25,26, [[5,6,7],[2,3,4]], (37,40)
3: 128, hand: 11,11,12,13,14,18,19,20,23,24,25, [[9,10,11]], (35)

Starting hand 3.
this.hand=3; this.draws=0; config.PRNG.seed(1462456675); this.wind=2; this.windOfTheRound=0;
wall: 2,6,15,30,14,18,0,20,3,6,16,28,19,16,5,3,29,15,5,26,11,23,10,19,29,6,17,13,0,10,35,18,1,28,0,38,2,32,26,25,1,19,24,8,10,33,27,17,31,33,4,16,0,22,12,1,8,18,28,13,31,20,5,20,15,5,17,17,7,15,41,11,21,14,39,27,7,9,23,6,29,16,31,3,22,9,27,30,9,8,21,28,4,36,27,33,13,20,30,2,30,33,26,37,12,31,24,11,24,11,7,10,12,24,40,32,19,34,29,32,9,18,26,22,21,32,25,8,21,23,3,4,14,7,25,23,14,25,12,4,13,2,22,1
initial deal
tiles for 0: 0,2,3,6,6,14,15,16,18,19,20,28,30
tiles for 1: 3,5,5,6,10,11,15,16,19,23,26,29,29
tiles for 2: 0,0,1,1,2,10,13,17,18,25,26,28,32
tiles for 3: 0,4,8,10,16,17,19,22,24,27,31,33,33
prepare play
tiles for 0: 0,2,3,6,6,14,15,16,18,19,20,28,30 []
tiles for 1: 3,5,5,6,10,11,15,16,19,23,26,29,29 []
tiles for 2: 0,0,1,1,2,10,13,17,18,25,26,28,32 []
tiles for 3: 0,4,8,10,16,17,19,22,24,27,31,33,33 []
2 <  12
2  > 28
3 <  1
3  > 10
0 <  8
0  > 28
1 <  18
1  > 23
2 <  28
2  > 28
3 <  13
3  > 8
0 <  31
0  > 30
1 <  20
1  > 26
2 <  5
2  > 18
3 <  20
3  > 13
0 <  15
0  > 31
1 <  5
1  > 3
2 <  3 (6)
2 has [0,0,1,5,10,12,13,17,25,26,32], [[1,2,3]]
2  > 17
3 <  17
3  > 4
0 <  4 (6)
0 has [0,6,6,8,14,15,15,16,18,19,20], [[2,3,4]]
0  > 0
1 <  17
1  > 10
2 <  7
2  > 32
3 <  15
3  > 31
0 <  41
0 <  11
0  > 11
1 <  21
1  > 11
2 <  11 (5)
2 has [0,0,1,5,7,13,25,26], [[1,2,3],[10,11,12]]
2  > 13
3 <  14
3  > 27
0 <  39
0 <  27
0  > 27
1 <  7
1  > 17
3 <  17 (8)
3 has [0,1,14,15,16,19,20,22,24,33,33], [[17,17,17]]
3  > 22
0 <  9
0  > 9
1 <  23
1  > 23
2 <  6
2  > 1
3 <  29
3  > 29
0 <  16
0  > 8
1 <  8 (6)
1 has [5,5,5,15,16,18,19,20,21,29,29], [[6,7,8]]
1  > 5
2 <  31
2  > 31
3 <  3
3  > 24
0 <  22
0  > 22
1 <  22 (6)
1 has [5,5,15,16,18,19,29,29], [[6,7,8],[20,21,22]]
1  > 16
2 <  9
2  > 9
3 <  27
3  > 27
0 <  30
0  > 30
1 <  9
1  > 9
2 <  8
2  > 8
3 <  21
3  > 3
0 <  28
0  > 28
1 <  4
1  > 15
2 <  36
2 <  27
2  > 27
3 <  33
3  > 33
0 <  13
0  > 13
1 <  20
1  > 4
2 <  30
2  > 30
3 <  2
Player 3 wins hand 3! (hand took 178ms)
0: -14, hand: 6,6,14,15,15,16,16,18,19,20, [[2,3,4]], (41,39)
1: -38, hand: 5,5,18,19,20,29,29, [[6,7,8],[20,21,22]], ()
2: -20, hand: 0,0,5,6,7,25,26, [[1,2,3],[10,11,12]], (35,38,36)
3: 72, hand: 0,1,2,14,15,16,19,20,21,33,33, [[17,17,17]], ()

Starting hand 4.
this.hand=4; this.draws=0; config.PRNG.seed(1338938028); this.wind=3; this.windOfTheRound=0;
wall: 3,27,7,27,3,23,29,9,9,25,22,32,21,4,31,12,14,6,17,33,21,25,4,32,6,20,5,22,9,11,22,28,12,24,41,33,10,27,28,13,10,24,33,10,32,13,26,12,16,27,18,15,14,23,31,14,26,18,26,2,3,9,31,13,17,1,25,8,23,5,11,19,0,5,21,39,10,23,7,40,12,15,19,4,25,2,7,1,13,31,0,29,0,3,6,24,29,14,16,19,8,30,26,21,38,6,19,8,1,17,36,33,8,18,35,24,16,7,16,28,34,4,2,37,20,29,11,18,22,20,1,5,17,15,28,20,30,32,15,2,11,30,0,30
initial deal
tiles for 0: 3,3,7,9,9,21,22,23,25,27,27,29,32
tiles for 1: 4,4,6,6,12,14,17,20,21,25,31,32,33
tiles for 2: 5,9,10,11,12,13,22,22,24,27,28,28,33
tiles for 3: 10,10,12,13,14,15,16,18,24,26,27,32,33
prepare play
tiles for 0: 3,3,7,9,9,21,22,23,25,27,27,29,32 []
tiles for 1: 4,4,6,6,12,14,17,20,21,25,31,32,33 []
tiles for 2: 5,9,10,11,12,13,22,22,24,27,28,28,33 []
tiles for 3: 10,10,12,13,14,15,16,18,24,26,27,32,33 []
3 <  23
3  > 18
0 <  31
0  > 29
1 <  14
1  > 25
2 <  26
2  > 5
3 <  18
3  > 18
0 <  26
0  > 7
1 <  2
1  > 17
2 <  3
2  > 3
0 <  3 (8)
0 has [9,9,21,22,23,25,26,27,27,31,32], [[3,3,3]]
0  > 32
1 <  9
1  > 9
0 <  9 (8)
0 has [21,22,23,25,26,27,27,31], [[3,3,3],[9,9,9]]
0  > 31
1 <  31
1  > 32
2 <  13
2  > 27
3 <  17
3  > 32
0 <  1
0  > 1
1 <  25
1  > 25
2 <  25 (5)
2 has [9,10,11,12,13,13,22,22,28,28,33], [[24,25,26]]
2  > 33
3 <  8
3  > 8
0 <  23
0  > 23
1 <  5
1  > 33
2 <  11
2  > 13
3 <  19
3  > 19
0 <  0
0  > 0
1 <  5
1  > 2
2 <  21
2  > 21
3 <  39
3 <  10
3  > 33
0 <  23
0  > 23
1 <  7
1  > 12
2 <  40
2 <  12
2  > 12
3 <  15
3  > 27
0 <  19
0  > 19
1 <  19 (4)
1 has [4,4,5,5,6,6,7,14,14,31,31], [[19,20,21]]
1  > 31
2 <  4
2  > 4
3 <  25
3  > 23
0 <  2
0  > 2
1 <  7
1  > 31
2 <  1
2  > 1
3 <  13
3  > 13
0 <  31
0  > 31
1 <  0
1  > 0
2 <  29
2  > 29
3 <  0
3  > 0
0 <  3
0  > 3
1 <  6
1  > 6
2 <  24
2  > 24
3 <  29
3  > 29
0 <  14
0  > 14
1 <  14 (8)
1 has [4,4,5,5,6,6,7,7], [[19,20,21],[14,14,14]]
1  > 6
2 <  16
2  > 16
3 <  19
3  > 19
0 <  8
0  > 8
1 <  30
1  > 30
2 <  26
2  > 26
3 <  21
3  > 21
0 <  38
0 <  6
0  > 6
1 <  6 (6)
1 has [4,5,6,7,7], [[19,20,21],[14,14,14],[4,5,6]]
1  > 5
2 <  19
2  > 19
3 <  8
3  > 8
0 <  1
0  > 1
1 <  17
1  > 17
2 <  36
2 <  33
2  > 33
3 <  8
3  > 8
0 <  18
0  > 18
1 <  35
1 <  24
1  > 24
0 <  24 (32)
0 has [21,22,23,27,27], [[3,3,3],[9,9,9],[24,25,26]!]
Player 0 wins hand 4! (hand took 244ms)
0: 88, hand: 21,22,23,27,27, [[3,3,3],[9,9,9],[24,25,26]!], (38)
1: -32, hand: 4,6,7,7, [[19,20,21],[14,14,14],[4,5,6]], (35)
2: -8, hand: 9,10,11,11,12,13,22,22,28,28, [[24,25,26]], (41,40,36)
3: -48, hand: 10,10,10,12,13,14,15,15,16,17,24,25,26, [], (39)

Starting hand 5.
this.hand=5; this.draws=0; config.PRNG.seed(681716798); this.wind=0; this.windOfTheRound=1;
wall: 18,6,13,13,23,24,17,8,30,20,9,41,0,5,27,0,13,22,4,21,1,29,9,32,28,4,21,24,9,18,33,10,1,12,30,22,14,33,29,15,12,40,0,16,20,21,10,25,14,11,26,26,15,31,15,7,8,20,11,31,25,8,5,16,23,37,4,19,9,27,26,19,2,12,38,28,15,1,3,32,2,4,17,14,21,5,18,24,2,6,27,28,34,17,8,7,22,29,6,32,19,27,0,11,25,30,33,32,19,3,31,36,33,7,14,2,30,11,10,10,35,23,3,26,29,3,12,23,31,7,6,28,17,22,13,1,24,16,5,18,25,39,20,16
initial deal
tiles for 0: 0,5,6,8,9,13,13,17,18,20,23,24,30
tiles for 1: 0,1,4,4,9,13,21,21,22,27,28,29,32
tiles for 2: 1,9,10,12,14,15,18,22,24,29,30,33,33
tiles for 3: 0,10,11,12,14,15,16,20,21,25,26,26,31
prepare play
tiles for 0: 0,5,6,8,9,13,13,17,18,20,23,24,30 []
tiles for 1: 0,1,4,4,9,13,21,21,22,27,28,29,32 []
tiles for 2: 1,9,10,12,14,15,18,22,24,29,30,33,33 []
tiles for 3: 0,10,11,12,14,15,16,20,21,25,26,26,31 []
0 <  15
0  > 30
1 <  7
1  > 29
2 <  8
2  > 30
3 <  20
3  > 0
0 <  11
0  > 0
1 <  31
1  > 27
2 <  25
2  > 1
3 <  8
3  > 8
0 <  5
0  > 15
1 <  16
1  > 9
2 <  23
2  > 8
3 <  37
3 <  4
3  > 4
1 <  4 (8)
1 has [0,1,7,13,16,21,21,22,28,31,32], [[4,4,4]]
1  > 7
2 <  19
2  > 29
3 <  9
3  > 31
0 <  27
0  > 17
1 <  26
1  > 26
3 <  26 (8)
3 has [9,10,11,12,14,15,16,20,20,21,25], [[26,26,26]]
3  > 25
0 <  25 (6)
0 has [5,5,6,8,9,11,13,13,18,20,27], [[23,24,25]]
0  > 27
1 <  19
1  > 13
2 <  13 (5)
2 has [9,10,15,18,19,22,23,24,25,33,33], [[12,13,14]]
2  > 15
3 <  2
3  > 2
0 <  12
0  > 20
3 <  20 (8)
3 has [9,10,11,12,14,15,16,21], [[26,26,26],[20,20,20]]
3  > 21
1 <  21 (8)
1 has [0,1,16,19,22,28,31,32], [[4,4,4],[21,21,21]]
1  > 22
2 <  38
2 <  28
2  > 28
3 <  15
3  > 15
0 <  1
0  > 18
1 <  3
1  > 19
2 <  32
2  > 32
3 <  2
3  > 2
0 <  4
0  > 1
1 <  17
1  > 28
2 <  14
2  > 14
3 <  21
3  > 21
0 <  5
0  > 5
1 <  18
1  > 18
2 <  24
2  > 18
3 <  2
3  > 2
0 <  6
0  > 9
3 <  9 (32)
3 has [10,11,12,14,15,16], [[26,26,26],[20,20,20],[9,9]!]
Player 3 wins hand 5! (hand took 150ms)
0: -56, hand: 4,5,5,6,6,8,11,12,13,13, [[23,24,25]], (41)
1: -28, hand: 0,1,3,16,17,31,32, [[4,4,4],[21,21,21]], ()
2: -20, hand: 9,10,19,22,23,24,24,25,33,33, [[12,13,14]], (38)
3: 104, hand: 10,11,12,14,15,16, [[26,26,26],[20,20,20],[9,9]!], (40,37)

Starting hand 6.
this.hand=6; this.draws=0; config.PRNG.seed(1790837625); this.wind=1; this.windOfTheRound=1;
wall: 6,16,23,36,18,31,9,3,13,23,22,21,26,12,8,29,0,5,23,25,38,17,8,30,13,18,11,22,0,17,8,26,19,41,40,34,25,27,10,26,24,1,12,13,7,39,32,31,32,2,19,31,12,35,11,19,33,10,27,9,17,21,33,28,24,16,33,32,2,0,1,3,22,7,24,11,1,3,2,6,24,12,4,14,15,14,3,0,5,8,30,15,14,22,1,27,6,30,23,13,17,20,25,7,30,5,28,37,19,10,20,11,29,26,18,15,20,33,6,21,7,9,15,31,4,16,5,14,25,4,32,21,2,10,16,28,29,9,27,18,28,20,4,29
initial deal
tiles for 0: 3,6,9,12,13,16,18,21,22,23,23,26,31
tiles for 1: 0,5,8,8,11,13,17,18,22,23,25,29,30
tiles for 2: 0,1,8,10,12,13,17,19,24,25,26,26,27
tiles for 3: 2,7,10,11,12,19,19,27,31,31,32,32,33
prepare play
tiles for 0: 3,6,9,12,13,16,18,21,22,23,23,26,31 []
tiles for 1: 0,5,8,8,11,13,17,18,22,23,25,29,30 []
tiles for 2: 0,1,8,10,12,13,17,19,24,25,26,26,27 []
tiles for 3: 2,7,10,11,12,19,19,27,31,31,32,32,33 []
1 <  9
1  > 30
2 <  17
2  > 27
3 <  21
3  > 27
0 <  33
0  > 18
1 <  28
1  > 29
2 <  24
2  > 19
3 <  19 (8)
3 has [2,7,10,11,12,21,31,31,32,32,33], [[19,19,19]]
3  > 21
0 <  21 (4)
0 has [3,6,9,12,13,16,21,23,26,31,33], [[21,22,23]]
0  > 6
1 <  16
1  > 0
2 <  33
2  > 8
3 <  32
3  > 2
0 <  2
0  > 16
1 <  0
1  > 0
2 <  1
2  > 33
3 <  3
3  > 3
0 <  22
0  > 26
1 <  7
1  > 18
2 <  24
2  > 10
3 <  10 (4)
3 has [7,10,31,31,32,32,32,33], [[19,19,19],[10,11,12]]
3  > 7
0 <  11
0  > 33
1 <  1
1  > 1
2 <  3
2  > 3
3 <  2
3  > 2
0 <  6
0  > 6
1 <  6 (5)
1 has [8,8,9,11,13,16,17,22,23,25,28], [[5,6,7]]
1  > 28
2 <  24
2 locks [24,24,24,24]
2 <  12 (supplement)
2  > 25
3 <  4
3  > 4
0 <  4 (6)
0 has [9,11,12,13,21,22,23,31], [[21,22,23],[2,3,4]]
0  > 31
3 <  31 (8)
3 has [10,32,32,32,33], [[19,19,19],[10,11,12],[31,31,31]]
3  > 10
0 <  14
0  > 14
1 <  15
1  > 25
2 <  14
2  > 0
3 <  3
3  > 3
0 <  0
0  > 0
1 <  5
1  > 5
2 <  8
2  > 8
3 <  30
3  > 30
0 <  15
0  > 15
1 <  15 (4)
1 has [8,8,9,11,13,15,22,23], [[5,6,7],[15,16,17]]
1  > 8
2 <  14
2  > 17
3 <  22
3  > 22
0 <  1
0  > 1
1 <  27
1  > 8
2 <  6
2  > 6
3 <  30
3  > 30
0 <  23
0  > 23
1 <  13
1  > 27
2 <  17
2  > 1
3 <  20
3  > 20
0 <  25
0  > 25
1 <  7
1  > 7
2 <  30
2  > 30
3 <  5
3  > 5
0 <  28
0  > 9
1 <  37
1 <  19
1  > 19
2 <  10
2  > 1
3 <  20
3  > 20
0 <  11
0  > 11
1 <  29
1  > 29
2 <  26
2  > 17
3 <  18
3  > 18
0 <  15
0  > 15
1 <  20
1  > 9
2 <  33
2  > 17
3 <  6
3  > 6
0 <  21
0  > 21
1 <  21 (5)
1 has [11,13,13,15,23], [[5,6,7],[15,16,17],[20,21,22]]
1  > 23
2 <  7
2  > 7
3 <  9
3  > 9
0 <  15
0  > 15
1 <  31
1  > 31
2 <  4
2  > 4
3 <  16
3  > 16
0 <  5
0  > 5
1 <  14
1  > 11
2 <  11 (5)
2 has [12,13,14,14,26,26,26,33], [[24,24,24,24],[10,11,12]]
2  > 33
3 <  33 (32)
3 has [32,32,32], [[19,19,19],[10,11,12],[31,31,31],[33,33]!]
Player 3 wins hand 6! (hand took 257ms)
0: -604, hand: 11,12,13,21,22,23,28, [[21,22,23],[2,3,4]], (36)
1: -1188, hand: 13,13,14,15, [[5,6,7],[15,16,17],[20,21,22]], (38,37)
2: -512, hand: 12,13,14,14,26,26,26, [[24,24,24,24],[10,11,12]], (41,40,34)
3: 2304, hand: 32,32,32, [[19,19,19],[10,11,12],[31,31,31],[33,33]!], (39,35)

Starting hand 7.
this.hand=7; this.draws=0; config.PRNG.seed(769282875); this.wind=2; this.windOfTheRound=1;
wall: 31,18,20,14,15,18,19,19,8,1,6,3,2,16,12,23,7,19,21,27,1,24,20,29,5,35,10,15,0,26,28,8,6,12,25,23,16,11,26,38,22,1,13,30,13,0,29,29,7,22,28,0,34,1,27,24,18,27,27,4,11,39,17,31,11,31,3,2,6,22,32,7,33,41,10,8,33,37,32,12,5,15,21,30,8,0,2,9,18,30,7,26,32,19,4,14,28,11,5,25,16,13,23,12,30,23,21,6,21,24,13,17,10,17,20,40,28,36,4,31,2,33,25,26,14,29,20,9,15,3,14,33,16,3,22,5,9,25,4,17,9,10,24,32
initial deal
tiles for 0: 1,2,3,6,8,14,15,18,18,19,19,20,31
tiles for 1: 1,5,7,10,12,16,19,20,21,23,24,27,29
tiles for 2: 0,6,8,11,12,15,16,22,23,25,26,26,28
tiles for 3: 0,0,1,1,7,13,13,22,27,28,29,29,30
prepare play
tiles for 0: 1,2,3,6,8,14,15,18,18,19,19,20,31 []
tiles for 1: 1,5,7,10,12,16,19,20,21,23,24,27,29 []
tiles for 2: 0,6,8,11,12,15,16,22,23,25,26,26,28 []
tiles for 3: 0,0,1,1,7,13,13,22,27,28,29,29,30 []
2 <  24
2  > 0
3 <  0 (8)
3 has [1,1,7,13,13,22,27,28,29,29,30], [[0,0,0]]
3  > 27
0 <  18
0  > 31
1 <  27
1  > 29
3 <  29 (8)
3 has [1,1,7,13,13,22,28,30], [[0,0,0],[29,29,29]]
3  > 22
0 <  27
0  > 27
1 <  4
1  > 1
3 <  1 (8)
3 has [7,13,13,28,30], [[0,0,0],[29,29,29],[1,1,1]]
3  > 7
0 <  7 (5)
0 has [1,2,3,14,15,18,18,18,19,19,20], [[6,7,8]]
0  > 18
1 <  11
1  > 16
2 <  39
2 <  17
2  > 28
3 <  31
3  > 31
0 <  11
0  > 11
1 <  31
1  > 31
2 <  3
2  > 3
3 <  2
3  > 2
0 <  6
0  > 6
1 <  6 (6)
1 has [7,10,11,12,19,20,21,23,24,27,27], [[4,5,6]]
1  > 7
2 <  7 (5)
2 has [11,12,15,16,17,22,23,24,25,26,26], [[6,7,8]]
2  > 12
3 <  22
3  > 22
0 <  32
0  > 32
1 <  7
1  > 7
2 <  33
2  > 11
3 <  41
3 <  10
3  > 10
0 <  8
0  > 8
1 <  33
1  > 33
2 <  37
2 <  32
2  > 32
3 <  12
3  > 30
0 <  5
0  > 5
1 <  15
1  > 15
2 <  15 (4)
2 has [15,22,23,24,25,26,26,33], [[6,7,8],[15,16,17]]
2  > 15
3 <  21
3  > 21
0 <  21 (6)
0 has [1,2,3,14,15,18,18,19], [[6,7,8],[19,20,21]]
0  > 15
1 <  30
1  > 30
2 <  8
2  > 8
3 <  0
3  > 0
0 <  2
0  > 14
1 <  9
1  > 9
2 <  18
2  > 18
3 <  30
3  > 28
0 <  7
0  > 7
1 <  26
1  > 26
2 <  32
2  > 33
3 <  19
3  > 19
0 <  4
0  > 18
1 <  14
1  > 14
2 <  28
2  > 28
3 <  11
3  > 30
0 <  5
0  > 19
1 <  25
Player 1 wins hand 7! (hand took 179ms)
0: -46, hand: 1,2,2,3,4,5,18, [[6,7,8],[19,20,21]], ()
1: 64, hand: 10,11,12,19,20,21,23,24,25,27,27, [[4,5,6]], (35)
2: -32, hand: 22,23,24,25,26,26,32, [[6,7,8],[15,16,17]], (38,39,37)
3: 14, hand: 11,12,13,13, [[0,0,0],[29,29,29],[1,1,1]], (34,41)

Starting hand 8.
this.hand=8; this.draws=0; config.PRNG.seed(1709650810); this.wind=3; this.windOfTheRound=1;
wall: 17,6,19,12,39,4,31,11,1,27,27,1,9,10,29,19,18,11,25,8,25,37,10,22,7,26,38,15,22,8,28,30,27,10,29,17,2,41,28,14,20,32,9,3,7,28,28,36,16,22,18,0,20,32,21,10,32,24,31,26,13,31,15,7,40,20,16,0,24,25,26,6,12,23,3,14,5,15,23,2,27,31,19,20,12,21,3,4,32,12,11,25,15,9,21,5,17,30,30,35,4,5,18,7,23,0,16,33,16,13,14,5,33,14,8,33,29,2,6,26,13,8,33,30,4,29,23,6,1,19,3,0,11,18,17,1,34,21,24,24,9,2,13,22
initial deal
tiles for 0: 1,1,4,6,9,10,11,12,17,19,27,27,31
tiles for 1: 7,8,10,11,15,18,19,22,22,25,25,26,29
tiles for 2: 2,8,9,10,14,17,20,27,28,28,29,30,32
tiles for 3: 0,3,7,10,16,18,20,21,22,28,28,32,32
prepare play
tiles for 0: 1,1,4,6,9,10,11,12,17,19,27,27,31 []
tiles for 1: 7,8,10,11,15,18,19,22,22,25,25,26,29 []
tiles for 2: 2,8,9,10,14,17,20,27,28,28,29,30,32 []
tiles for 3: 0,3,7,10,16,18,20,21,22,28,28,32,32 []
3 <  24
3  > 16
0 <  31
0  > 19
1 <  26
1  > 15
2 <  13
2  > 27
0 <  27 (8)
0 has [1,1,4,6,9,10,11,12,17,31,31], [[27,27,27]]
0  > 17
1 <  31
1  > 31
0 <  31 (8)
0 has [1,1,4,6,9,10,11,12], [[27,27,27],[31,31,31]]
0  > 4
1 <  15
1  > 15
2 <  15 (6)
2 has [2,8,9,10,17,20,28,28,29,30,32], [[13,14,15]]
2  > 30
3 <  7
3  > 10
0 <  10 (4)
0 has [1,1,6,9,10], [[27,27,27],[31,31,31],[10,11,12]]
0  > 6
1 <  6 (4)
1 has [10,11,18,19,22,22,25,25,26,26,29], [[6,7,8]]
1  > 29
2 <  40
2 <  20
2  > 29
3 <  16
3  > 16
0 <  0
0  > 0
1 <  24
1  > 19
2 <  25
2  > 8
3 <  26
3  > 3
0 <  6
0  > 6
1 <  12
1  > 18
2 <  23
2  > 2
3 <  3
3  > 0
0 <  14
0  > 14
1 <  5
1  > 5
2 <  15
2  > 32
3 <  32 (8)
3 has [3,7,7,18,20,21,22,24,26,28,28], [[32,32,32]]
3  > 3
0 <  23
0  > 23
1 <  2
1  > 2
2 <  27
2  > 27
3 <  31
3  > 31
0 <  19
0  > 19
1 <  20
1  > 20
2 <  12
2  > 12
3 <  21
3  > 24
0 <  3
0  > 3
1 <  4
1  > 4
2 <  32
2  > 32
3 <  12
3  > 12
0 <  11
Player 0 wins hand 8! (hand took 132ms)
0: 192, hand: 1,1,9,10,11, [[27,27,27],[31,31,31],[10,11,12]], (39)
1: -62, hand: 10,11,12,22,22,24,25,25,26,26, [[6,7,8]], (37,38)
2: -56, hand: 9,10,15,17,20,20,23,25,28,28, [[13,14,15]], (41,40)
3: -74, hand: 7,7,18,20,21,21,22,26,28,28, [[32,32,32]], (36)

Starting hand 9.
this.hand=9; this.draws=0; config.PRNG.seed(177106755); this.wind=0; this.windOfTheRound=2;
wall: 14,15,28,9,16,37,10,12,18,2,0,23,36,11,32,19,8,10,1,11,28,3,40,9,22,28,20,29,25,17,6,33,5,0,41,27,20,19,27,30,21,16,11,4,18,23,1,26,0,27,18,24,16,23,29,33,34,2,2,5,14,0,3,31,9,33,4,10,12,14,5,32,32,13,22,30,15,8,19,35,30,14,9,5,6,21,15,10,20,2,21,25,28,6,15,26,8,12,19,13,1,23,13,38,31,26,24,20,7,7,3,27,31,25,12,17,4,22,17,16,33,7,21,7,25,3,26,24,31,32,29,39,6,24,29,30,13,18,8,1,11,4,22,17
initial deal
tiles for 0: 0,2,9,10,11,12,14,15,16,18,23,28,32
tiles for 1: 1,3,8,9,10,11,19,20,22,25,28,28,29
tiles for 2: 0,5,6,11,16,17,19,20,21,27,27,30,33
tiles for 3: 0,1,4,16,18,18,23,23,24,26,27,29,33
prepare play
tiles for 0: 0,2,9,10,11,12,14,15,16,18,23,28,32 []
tiles for 1: 1,3,8,9,10,11,19,20,22,25,28,28,29 []
tiles for 2: 0,5,6,11,16,17,19,20,21,27,27,30,33 []
tiles for 3: 0,1,4,16,18,18,23,23,24,26,27,29,33 []
0 <  34
0 <  2
0  > 28
1 <  2
1  > 25
2 <  5
2  > 30
3 <  14
3  > 27
0 <  0
0  > 23
3 <  23 (8)
3 has [0,1,4,14,16,18,18,24,26,29,33], [[23,23,23]]
3  > 4
0 <  3
0  > 18
3 <  18 (8)
3 has [0,1,14,16,24,26,29,33], [[23,23,23],[18,18,18]]
3  > 33
0 <  31
0  > 31
1 <  9
1  > 8
2 <  33
2  > 11
3 <  4
3  > 4
0 <  4 (6)
0 has [0,0,2,9,10,11,12,14,15,16,32], [[2,3,4]]
0  > 32
1 <  10
1  > 29
2 <  12
2  > 0
3 <  14
3  > 29
0 <  5
0  > 5
2 <  5 (8)
2 has [6,12,16,17,19,20,21,27,27,33,33], [[5,5,5]]
2  > 6
3 <  32
3  > 32
0 <  32
0  > 32
1 <  13
1  > 13
2 <  22
2  > 12
3 <  30
3  > 30
0 <  15
0  > 2
1 <  8
1  > 8
2 <  19
2  > 16
3 <  35
3 <  30
3  > 30
0 <  14
0  > 0
1 <  9
1  > 22
2 <  5
2  > 5
3 <  6
3  > 6
0 <  21
0  > 0
1 <  15
1  > 15
2 <  10
2  > 10
3 <  20
3  > 20
0 <  2
0  > 21
1 <  21 (6)
1 has [1,2,3,9,9,9,10,10,11,28,28], [[19,20,21]]
1  > 9
2 <  21
2  > 17
3 <  25
3  > 16
0 <  16 (6)
0 has [2,9,10,11,12,14,15,16], [[2,3,4],[14,15,16]]
0  > 2
3 <  2 (32)
3 has [14,14,24,25,26], [[23,23,23],[18,18,18],[0,1,2]!]
Player 3 wins hand 9! (hand took 138ms)
0: -16, hand: 9,10,11,12,14,15,16, [[2,3,4],[14,15,16]], (37,36,34)
1: -40, hand: 1,2,3,9,9,10,10,11,28,28, [[19,20,21]], (40)
2: -24, hand: 19,19,20,21,21,22,27,27,33,33, [[5,5,5]], (41)
3: 80, hand: 14,14,24,25,26, [[23,23,23],[18,18,18],[0,1,2]!], (35)

Starting hand 10.
this.hand=10; this.draws=0; config.PRNG.seed(1623387582); this.wind=1; this.windOfTheRound=2;
wall: 33,18,34,24,10,6,7,31,2,3,5,12,35,28,30,5,9,26,24,17,16,27,14,23,19,18,23,3,4,25,20,26,8,21,6,29,0,12,39,8,25,18,18,20,31,5,0,0,7,11,11,19,36,3,9,33,1,3,21,4,19,27,1,32,8,30,10,17,12,25,29,14,10,5,4,32,37,1,33,13,24,38,29,22,4,31,16,20,31,16,16,19,28,21,26,7,17,28,22,6,20,27,6,13,24,15,33,25,13,22,7,2,0,17,9,12,26,15,32,29,30,14,40,30,11,13,2,28,8,14,2,27,23,15,41,10,11,1,9,32,21,15,23,22
initial deal
tiles for 0: 2,3,5,6,7,10,12,18,24,28,30,31,33
tiles for 1: 3,5,9,14,16,17,18,19,23,23,24,26,27
tiles for 2: 0,4,6,8,8,12,18,20,21,25,25,26,29
tiles for 3: 0,0,3,5,7,9,11,11,18,19,20,31,33
prepare play
tiles for 0: 2,3,5,6,7,10,12,18,24,28,30,31,33 []
tiles for 1: 3,5,9,14,16,17,18,19,23,23,24,26,27 []
tiles for 2: 0,4,6,8,8,12,18,20,21,25,25,26,29 []
tiles for 3: 0,0,3,5,7,9,11,11,18,19,20,31,33 []
1 <  1
1  > 9
2 <  3
2  > 12
3 <  21
3  > 33
0 <  4
0  > 30
1 <  19
1  > 27
2 <  27
2  > 27
3 <  1
3  > 31
0 <  32
0  > 24
1 <  8
1  > 8
2 <  30
2  > 0
3 <  0 (8)
3 has [1,3,5,7,9,11,11,18,19,20,21], [[0,0,0]]
3  > 1
0 <  10
0  > 18
1 <  17
1  > 1
2 <  12
2  > 12
3 <  25
3  > 25
0 <  29
0  > 7
1 <  14
1  > 26
2 <  10
2  > 10
0 <  10 (8)
0 has [2,3,4,5,6,12,28,29,31,32,33], [[10,10,10]]
0  > 12
1 <  5
1  > 3
2 <  4
2  > 29
3 <  32
3  > 32
0 <  37
0 <  1
0  > 1
1 <  33
1  > 33
2 <  13
2  > 13
3 <  24
3  > 24
0 <  38
0 <  29
0  > 6
1 <  22
1  > 18
2 <  4
2  > 30
3 <  31
3  > 31
0 <  16
0  > 16
1 <  20
1  > 20
2 <  31
2  > 31
3 <  16
3  > 16
0 <  16
0  > 31
1 <  19
1  > 16
2 <  28
2  > 28
3 <  21
3  > 3
0 <  26
0  > 16
1 <  7
1  > 7
2 <  7 (5)
2 has [3,4,4,4,8,18,20,21,25,25,26], [[6,7,8]]
2  > 4
3 <  17
3  > 17
1 <  17 (8)
1 has [5,5,14,14,19,19,19,22,23,23,24], [[17,17,17]]
1  > 14
2 <  28
2  > 28
3 <  22
3  > 7
0 <  6
0  > 26
1 <  20
1  > 14
2 <  27
2  > 27
3 <  6
3  > 9
0 <  13
0  > 13
1 <  24
1  > 24
2 <  24 (4)
2 has [3,4,4,8,18,20,21,25], [[6,7,8],[24,25,26]]
2  > 8
3 <  15
3  > 15
0 <  33
0  > 2
1 <  25
1  > 20
2 <  13
2  > 13
3 <  22
3  > 6
0 <  7
0  > 5
1 <  2
1  > 2
2 <  2 (4)
2 has [4,18,20,21,25], [[6,7,8],[24,25,26],[2,3,4]]
2  > 4
3 <  0
3  > 0
0 <  17
0  > 17
1 <  9
1  > 9
2 <  12
2  > 12
3 <  26
3  > 5
0 <  5 (6)
0 has [6,7,28,29,29,32,33,33], [[10,10,10],[3,4,5]]
0  > 32
1 <  15
1  > 15
2 <  32
2  > 25
3 <  29
3  > 26
0 <  30
0  > 30
1 <  14
1  > 14
2 <  40
2 <  30
2  > 30
3 <  11
3  > 29
0 <  29 (8)
0 has [6,7,28,33,33], [[10,10,10],[3,4,5],[29,29,29]]
0  > 28
1 <  13
1  > 13
2 <  2
2  > 2
3 <  28
3  > 28
Hand was a draw.

Restarting hand 10.
this.hand=10; this.draws=1; config.PRNG.seed(1152310105); this.wind=1; this.windOfTheRound=2;
wall: 24,33,22,30,6,40,25,25,5,8,27,1,0,13,10,27,2,10,13,4,7,11,24,33,1,3,31,15,17,9,11,19,32,12,1,15,18,4,16,2,31,2,14,16,9,29,20,32,0,33,38,12,27,1,5,22,6,21,12,28,22,20,24,34,31,7,10,20,23,16,37,30,21,7,23,7,25,8,26,18,23,16,11,28,14,39,19,13,6,18,26,15,5,3,17,18,41,3,29,11,13,4,35,30,29,14,21,26,24,30,0,20,3,9,19,8,14,5,32,19,31,22,12,15,10,29,23,2,8,17,0,28,21,9,25,36,4,33,28,27,17,6,32,26
initial deal
tiles for 0: 0,1,5,6,8,13,22,24,25,25,27,30,33
tiles for 1: 1,2,3,4,7,10,10,11,13,24,27,31,33
tiles for 2: 1,2,4,9,11,12,15,15,16,17,18,19,32
tiles for 3: 0,1,2,9,12,14,16,20,27,29,31,32,33
prepare play
tiles for 0: 0,1,5,6,8,13,22,24,25,25,27,30,33 []
tiles for 1: 1,2,3,4,7,10,10,11,13,24,27,31,33 []
tiles for 2: 1,2,4,9,11,12,15,15,16,17,18,19,32 []
tiles for 3: 0,1,2,9,12,14,16,20,27,29,31,32,33 []
1 <  5
1  > 24
2 <  22
2  > 22
3 <  6
3  > 27
0 <  21
0  > 27
1 <  12
1  > 33
2 <  28
2  > 28
3 <  22
3  > 6
0 <  20
0  > 30
1 <  24
1  > 24
2 <  34
2 <  31
2  > 31
3 <  7
3  > 7
0 <  10
0  > 10
1 <  20
1  > 20
2 <  20 (6)
2 has [1,2,4,9,11,12,15,15,16,17,32], [[18,19,20]]
2  > 32
3 <  23
3  > 9
0 <  16
0  > 1
1 <  37
1 <  30
1  > 30
2 <  21
2  > 21
3 <  21 (5)
3 has [0,1,2,12,14,16,23,29,31,32,33], [[20,21,22]]
3  > 23
0 <  7
0  > 7
1 <  23
1  > 23
2 <  7
2  > 7
3 <  25
3  > 25
0 <  8
0  > 6
1 <  6 (6)
1 has [1,2,3,7,10,10,11,12,13,27,31], [[4,5,6]]
1  > 7
2 <  26
2  > 26
3 <  18
3  > 18
0 <  23
0  > 5
1 <  16
1  > 16
2 <  11
2  > 4
3 <  28
3  > 28
0 <  14
0  > 8
1 <  39
1 <  19
1  > 19
2 <  13
2  > 9
3 <  6
3  > 6
0 <  18
0  > 0
1 <  26
1  > 26
2 <  15
2  > 15
3 <  15 (5)
3 has [0,1,2,12,29,31,32,33], [[20,21,22],[14,15,16]]
3  > 12
0 <  12 (4)
0 has [8,16,18,20,21,22,23,24,25,25,33], [[12,13,14]]
0  > 8
1 <  5
1  > 27
2 <  3
2  > 2
3 <  17
3  > 17
0 <  18
0  > 16
1 <  41
1 <  3
1  > 31
2 <  29
2  > 29
3 <  11
3  > 11
2 <  11 (8)
2 has [1,3,12,13,15,15,16,17], [[18,19,20],[11,11,11]]
2  > 3
3 <  3 (6)
3 has [0,29,31,32,33], [[20,21,22],[14,15,16],[1,2,3]]
3  > 0
0 <  13
0  > 13
1 <  4
Player 1 wins hand 10! (hand took 195ms)
0: -98, hand: 18,18,20,21,22,23,24,25,25,33, [[12,13,14]], (40)
1: 288, hand: 1,2,3,3,4,5,10,10,11,12,13, [[4,5,6]], (37,39,41)
2: -92, hand: 1,12,13,15,15,16,17, [[18,19,20],[11,11,11]], (34)
3: -98, hand: 29,31,32,33, [[20,21,22],[14,15,16],[1,2,3]], (38)

Starting hand 11.
this.hand=11; this.draws=0; config.PRNG.seed(502647449); this.wind=1; this.windOfTheRound=2;
wall: 28,25,24,12,11,27,11,20,4,4,33,19,25,22,33,29,13,23,5,23,6,30,7,7,35,20,33,0,1,10,29,4,2,0,6,23,5,19,30,22,20,24,36,18,9,17,3,2,12,7,8,40,31,41,10,32,21,29,25,31,9,0,22,2,22,8,14,17,26,0,26,6,10,8,5,16,9,21,33,19,28,31,12,27,21,4,1,30,3,20,14,38,39,14,12,18,21,1,18,17,26,15,16,24,13,15,1,7,32,27,23,13,13,32,14,26,28,30,11,3,27,3,15,34,15,16,37,24,6,32,11,8,17,18,9,29,16,19,28,25,5,10,31,2
initial deal
tiles for 0: 4,4,11,11,12,19,20,24,25,25,27,28,33
tiles for 1: 5,6,7,7,13,20,22,23,23,29,30,33,33
tiles for 2: 0,0,1,2,4,5,6,10,19,22,23,29,30
tiles for 3: 2,3,7,8,9,10,12,17,18,20,24,31,32
prepare play
tiles for 0: 4,4,11,11,12,19,20,24,25,25,27,28,33 []
tiles for 1: 5,6,7,7,13,20,22,23,23,29,30,33,33 []
tiles for 2: 0,0,1,2,4,5,6,10,19,22,23,29,30 []
tiles for 3: 2,3,7,8,9,10,12,17,18,20,24,31,32 []
1 <  21
1  > 30
2 <  29
2  > 10
3 <  25
3  > 17
0 <  31
0  > 27
1 <  9
1  > 13
2 <  0
2  > 19
3 <  19 (5)
3 has [2,3,7,8,9,10,12,24,25,31,32], [[18,19,20]]
3  > 31
0 <  22
0  > 4
1 <  2
1  > 2
2 <  22
2  > 23
3 <  23 (4)
3 has [2,3,7,8,9,10,12,32], [[18,19,20],[23,24,25]]
3  > 32
0 <  8
0  > 4
1 <  14
1  > 14
2 <  17
2  > 17
3 <  26
3  > 26
0 <  0
0  > 8
1 <  8 (6)
1 has [5,7,9,20,21,22,23,23,29,33,33], [[6,7,8]]
1  > 9
2 <  26
2  > 22
3 <  6
3  > 12
0 <  10
0  > 0
1 <  8
1  > 29
2 <  5
2  > 22
3 <  16
3  > 16
0 <  9
0  > 22
1 <  21
1  > 5
2 <  33
2  > 26
3 <  19
3  > 19
0 <  28
0  > 20
1 <  31
1  > 31
2 <  12
2  > 12
3 <  27
3  > 27
0 <  21
0  > 25
1 <  4
1  > 4
2 <  4 (4)
2 has [0,0,0,1,2,4,5,29,29,30,33], [[4,5,6]]
2  > 0
3 <  1
3  > 9
0 <  30
0  > 30
1 <  3
1  > 3
2 <  3 (6)
2 has [0,0,4,5,29,29,30,33], [[4,5,6],[1,2,3]]
2  > 30
3 <  20
3  > 10
0 <  10 (4)
0 has [9,10,11,19,21,24,25,28,28,31,33], [[10,11,12]]
0  > 19
1 <  14
1  > 14
2 <  38
2 <  39
2 <  14
2  > 14
3 <  12
3  > 12
0 <  12 (6)
0 has [9,21,24,25,28,28,31,33], [[10,11,12],[10,11,12]]
0  > 9
1 <  18
1  > 18
2 <  21
2  > 21
3 <  1
3  > 20
0 <  18
0  > 25
1 <  17
1  > 17
2 <  26
2  > 26
3 <  15
3  > 15
0 <  16
0  > 24
1 <  24 (6)
1 has [7,8,20,21,21,23,33,33], [[6,7,8],[22,23,24]]
1  > 23
2 <  24
2  > 24
3 <  13
3  > 13
0 <  15
0  > 18
1 <  1
1  > 1
3 <  1 (32)
3 has [1,1,6,7,8], [[18,19,20],[23,24,25],[1,2,3]!]
Player 3 wins hand 11! (hand took 208ms)
0: -100, hand: 15,16,21,28,28,31,33, [[10,11,12],[10,11,12]], ()
1: -180, hand: 7,8,20,21,21,33,33, [[6,7,8],[22,23,24]], (35)
2: -72, hand: 0,0,4,5,29,29,33, [[4,5,6],[1,2,3]], (38,39)
3: 352, hand: 1,1,6,7,8, [[18,19,20],[23,24,25],[1,2,3]!], (36,40,41)

Starting hand 12.
this.hand=12; this.draws=0; config.PRNG.seed(1436298193); this.wind=2; this.windOfTheRound=2;
wall: 0,27,26,32,20,27,2,18,31,32,29,20,9,24,14,6,15,34,14,37,0,7,19,11,12,13,23,30,5,3,22,16,8,3,33,20,21,20,5,13,40,16,6,28,17,10,33,15,30,12,21,11,24,38,11,8,12,8,29,29,13,4,31,27,22,2,9,36,18,26,33,10,14,25,7,23,13,9,1,4,3,25,28,7,22,10,12,14,21,18,2,0,19,6,18,21,24,25,4,8,28,28,27,33,5,17,5,30,19,32,30,15,22,35,3,31,39,11,26,23,25,9,7,19,32,29,6,17,41,26,1,1,16,2,15,1,23,17,10,31,4,0,16,24
initial deal
tiles for 0: 0,2,9,18,20,20,26,27,27,29,31,32,32
tiles for 1: 0,6,7,11,12,13,14,14,15,19,23,24,30
tiles for 2: 3,3,5,5,8,13,16,16,20,20,21,22,33
tiles for 3: 6,8,10,11,11,12,15,17,21,24,28,30,33
prepare play
tiles for 0: 0,2,9,18,20,20,26,27,27,29,31,32,32 []
tiles for 1: 0,6,7,11,12,13,14,14,15,19,23,24,30 []
tiles for 2: 3,3,5,5,8,13,16,16,20,20,21,22,33 []
tiles for 3: 6,8,10,11,11,12,15,17,21,24,28,30,33 []
2 <  12
2  > 12
3 <  8
3  > 28
0 <  29
0  > 9
1 <  29
1  > 30
2 <  13
2  > 13
3 <  13 (6)
3 has [6,8,8,10,11,15,17,21,24,30,33], [[11,12,13]]
3  > 21
0 <  4
0  > 4
1 <  31
1  > 0
2 <  27
2  > 16
3 <  16 (5)
3 has [6,8,8,10,11,24,30,33], [[11,12,13],[15,16,17]]
3  > 24
0 <  22
0  > 2
1 <  2
1  > 2
2 <  9
2  > 16
3 <  36
3 <  18
3  > 18
0 <  26
0  > 0
1 <  33
1  > 19
2 <  10
2  > 10
3 <  14
3  > 14
0 <  25
0  > 22
1 <  22 (4)
1 has [6,7,11,12,13,14,14,15,29,31,33], [[22,23,24]]
1  > 31
2 <  7
2  > 13
3 <  23
3  > 23
0 <  13
0  > 13
1 <  13 (4)
1 has [6,7,11,12,13,14,29,33], [[22,23,24],[13,14,15]]
1  > 33
2 <  9
2  > 9
3 <  9 (4)
3 has [6,8,8,30,33], [[11,12,13],[15,16,17],[9,10,11]]
3  > 33
0 <  1
0  > 1
1 <  4
1  > 29
0 <  29 (8)
0 has [18,20,20,25,26,26,27,27,31,32,32], [[29,29,29]]
0  > 18
1 <  3
1  > 3
2 <  25
2  > 9
3 <  28
3  > 28
0 <  7
0  > 7
1 <  22
1  > 22
2 <  10
2  > 10
3 <  12
3  > 12
0 <  14
0  > 14
1 <  21
1  > 21
2 <  18
2  > 22
3 <  2
3  > 2
0 <  0
0  > 0
1 <  19
1  > 19
2 <  6
2  > 21
3 <  18
3  > 18
0 <  21
0  > 26
1 <  24
1  > 24
2 <  25
2  > 25
3 <  4
3  > 30
0 <  8
0  > 8
1 <  8 (6)
1 has [4,11,12,13,14], [[22,23,24],[13,14,15],[6,7,8]]
1  > 4
2 <  4 (5)
2 has [3,5,6,7,8,18,20,20,25,27,33], [[3,4,5]]
2  > 20
3 <  28
3  > 28
0 <  28
0  > 28
1 <  27
1  > 27
0 <  27 (8)
0 has [20,20,21,25,26,31,32,32], [[29,29,29],[27,27,27]]
0  > 26
1 <  33
1  > 33
2 <  5
2  > 27
3 <  17
3  > 17
0 <  5
0  > 5
3 <  5 (32)
3 has [8,8], [[11,12,13],[15,16,17],[9,10,11],[4,5,6]!]
Player 3 wins hand 12! (hand took 215ms)
0: 32, hand: 20,20,21,25,31,32,32, [[29,29,29],[27,27,27]], ()
1: -64, hand: 11,12,13,14, [[22,23,24],[13,14,15],[6,7,8]], (34,37)
2: -112, hand: 3,5,5,6,7,8,18,20,25,33, [[3,4,5]], (40)
3: 144, hand: 8,8, [[11,12,13],[15,16,17],[9,10,11],[4,5,6]!], (38,36)

Starting hand 13.
this.hand=13; this.draws=0; config.PRNG.seed(1133413832); this.wind=3; this.windOfTheRound=2;
wall: 6,5,0,14,16,26,5,22,22,32,32,28,27,5,25,34,2,6,38,12,14,22,7,29,23,41,33,21,20,17,16,26,4,16,31,3,1,27,11,4,39,4,9,9,24,17,6,12,29,16,19,28,2,10,25,10,23,11,13,15,1,33,33,15,40,30,13,11,14,30,5,6,12,29,3,30,9,24,7,3,4,2,21,19,33,30,36,28,9,26,8,18,12,31,32,18,31,2,8,8,22,23,10,0,3,1,19,17,21,27,20,31,7,13,21,17,35,18,26,0,23,27,25,18,24,20,24,20,29,15,7,37,14,0,32,28,25,13,19,8,10,15,1,11
initial deal
tiles for 0: 0,5,5,6,14,16,22,22,26,27,28,32,32
tiles for 1: 2,5,6,7,12,14,20,21,22,23,25,29,33
tiles for 2: 1,3,4,4,4,9,11,16,16,17,26,27,31
tiles for 3: 2,6,9,10,10,12,16,17,19,24,25,28,29
prepare play
tiles for 0: 0,5,5,6,14,16,22,22,26,27,28,32,32 []
tiles for 1: 2,5,6,7,12,14,20,21,22,23,25,29,33 []
tiles for 2: 1,3,4,4,4,9,11,16,16,17,26,27,31 []
tiles for 3: 2,6,9,10,10,12,16,17,19,24,25,28,29 []
3 <  23
3  > 28
0 <  11
0  > 28
1 <  13
1  > 2
2 <  2 (5)
2 has [4,4,4,9,11,16,16,17,26,27,31], [[1,2,3]]
2  > 27
3 <  15
3  > 2
0 <  1
0  > 27
1 <  33
1  > 29
2 <  33
2  > 4
3 <  15
3  > 19
0 <  40
0 <  30
0  > 26
1 <  13
1  > 13
2 <  11
2  > 26
3 <  26 (6)
3 has [6,9,10,10,12,15,15,16,17,23,29], [[24,25,26]]
3  > 23
0 <  14
0  > 22
1 <  30
1  > 30
2 <  5
2  > 17
3 <  6
3  > 29
0 <  12
0  > 22
1 <  29
1  > 29
2 <  3
2  > 9
3 <  30
3  > 30
0 <  9
0  > 6
3 <  6 (8)
3 has [9,10,10,12,15,15,16,17], [[24,25,26],[6,6,6]]
3  > 12
0 <  24
0  > 24
1 <  24 (5)
1 has [5,6,7,12,13,14,20,21,22,33,33], [[23,24,25]]
Player 1 wins hand 13! (hand took 92ms)
0: -20, hand: 0,1,5,5,9,11,12,14,14,16,30,32,32, [], (40)
1: 104, hand: 5,6,7,12,13,14,20,21,22,33,33, [[23,24,25]], (34,38,41)
2: -26, hand: 3,4,4,5,11,11,16,16,31,33, [[1,2,3]], (39)
3: -58, hand: 9,10,10,15,15,16,17, [[24,25,26],[6,6,6]], ()

Starting hand 14.
this.hand=14; this.draws=0; config.PRNG.seed(138850535); this.wind=0; this.windOfTheRound=3;
wall: 32,2,33,27,34,22,17,18,22,28,23,21,24,5,22,4,6,10,5,0,29,11,37,11,33,33,12,10,7,28,20,19,18,16,5,28,25,30,29,26,30,30,9,7,31,6,9,14,14,23,40,24,17,20,15,21,31,21,18,8,19,17,23,10,10,41,31,39,20,8,38,5,32,0,2,11,0,27,1,25,3,1,12,22,3,24,26,9,0,6,17,15,36,26,30,13,2,6,26,20,3,32,31,8,7,21,12,7,28,3,2,25,4,15,29,4,35,27,27,13,23,14,1,16,4,15,13,29,9,14,33,32,13,25,1,24,11,16,16,8,12,18,19,19
initial deal
tiles for 0: 2,5,17,18,21,22,22,23,24,27,28,32,33
tiles for 1: 0,4,5,6,10,10,11,11,12,22,29,33,33
tiles for 2: 5,7,16,18,19,20,25,26,28,28,29,30,30
tiles for 3: 6,7,9,9,14,14,15,17,20,23,24,30,31
prepare play
tiles for 0: 2,5,17,18,21,22,22,23,24,27,28,32,33 []
tiles for 1: 0,4,5,6,10,10,11,11,12,22,29,33,33 []
tiles for 2: 5,7,16,18,19,20,25,26,28,28,29,30,30 []
tiles for 3: 6,7,9,9,14,14,15,17,20,23,24,30,31 []
0 <  21
0  > 28
2 <  28 (8)
2 has [5,7,16,18,19,20,25,26,29,30,30], [[28,28,28]]
2  > 16
3 <  16 (6)
3 has [6,7,9,9,14,17,20,23,24,30,31], [[14,15,16]]
3  > 14
0 <  31
0  > 2
1 <  21
1  > 29
2 <  18
2  > 20
3 <  8
3  > 17
0 <  19
0  > 5
1 <  17
1  > 17
2 <  23
2  > 18
3 <  10
3  > 20
0 <  10
0  > 10
1 <  10 (4)
1 has [0,4,5,6,10,10,11,21,22,33,33], [[10,11,12]]
1  > 0
2 <  41
2 <  31
2  > 23
3 <  39
3 <  20
3  > 20
0 <  8
0  > 8
1 <  38
1 <  5
1  > 22
2 <  32
2  > 25
3 <  25 (6)
3 has [6,7,8,9,9,10,30,31], [[14,15,16],[23,24,25]]
3  > 31
0 <  0
0  > 0
1 <  2
1  > 21
2 <  11
2  > 11
3 <  11 (6)
3 has [6,7,8,9,30], [[14,15,16],[23,24,25],[9,10,11]]
3  > 9
0 <  0
0  > 0
1 <  27
1  > 27
2 <  1
2  > 19
3 <  25
3  > 25
0 <  3
0  > 3
1 <  3 (5)
1 has [5,5,6,10,10,11,33,33], [[10,11,12],[2,3,4]]
1  > 10
2 <  1
2  > 26
3 <  12
3  > 12
0 <  22
0  > 17
1 <  3
1  > 3
2 <  24
2  > 24
3 <  26
3  > 26
0 <  9
0  > 9
1 <  9 (4)
1 has [5,5,6,33,33], [[10,11,12],[2,3,4],[9,10,11]]
1  > 6
2 <  0
2  > 18
3 <  6
3  > 6
0 <  17
0  > 17
1 <  15
1  > 15
2 <  36
2 <  26
2  > 26
3 <  30
Player 3 wins hand 14! (hand took 149ms)
0: -112, hand: 18,19,21,21,22,22,22,23,24,27,31,32,33, [], (34)
1: -48, hand: 5,5,33,33, [[10,11,12],[2,3,4],[9,10,11]], (37,38)
2: -32, hand: 0,1,1,5,7,29,30,30,31,32, [[28,28,28]], (41,36)
3: 192, hand: 6,7,8,30,30, [[14,15,16],[23,24,25],[9,10,11]], (40,39)

Starting hand 15.
this.hand=15; this.draws=0; config.PRNG.seed(1049334717); this.wind=1; this.windOfTheRound=3;
wall: 1,32,31,20,7,15,5,12,9,28,35,10,6,14,27,31,0,8,18,21,22,6,20,25,14,30,17,31,17,40,6,1,17,10,9,7,15,28,0,23,17,5,20,29,2,24,24,22,12,21,16,27,12,33,16,3,26,25,4,9,24,39,13,7,19,34,26,19,2,37,22,29,6,24,32,5,16,26,8,18,4,32,13,26,4,33,13,16,21,12,4,36,33,15,11,38,33,28,20,11,22,29,8,1,18,21,23,41,5,11,29,13,14,27,32,30,11,10,0,28,23,3,10,27,1,25,0,2,8,3,3,18,25,15,30,23,19,19,14,9,7,31,2,30
initial deal
tiles for 0: 1,5,6,7,9,10,12,14,15,20,28,31,32
tiles for 1: 0,6,8,14,17,18,20,21,22,25,27,30,31
tiles for 2: 0,1,6,7,9,10,15,17,17,17,23,28,31
tiles for 3: 2,5,12,12,16,20,21,22,24,24,27,29,33
prepare play
tiles for 0: 1,5,6,7,9,10,12,14,15,20,28,31,32 []
tiles for 1: 0,6,8,14,17,18,20,21,22,25,27,30,31 []
tiles for 2: 0,1,6,7,9,10,15,17,17,17,23,28,31 []
tiles for 3: 2,5,12,12,16,20,21,22,24,24,27,29,33 []
1 <  16
1  > 0
2 <  3
2  > 28
3 <  26
3  > 27
0 <  25
0  > 20
1 <  20 (4)
1 has [6,8,14,16,17,18,20,25,27,30,31], [[20,21,22]]
1  > 25
2 <  4
2  > 23
3 <  23 (6)
3 has [2,5,12,12,16,20,24,24,26,29,33], [[21,22,23]]
3  > 16
0 <  16 (6)
0 has [1,5,6,7,9,10,12,25,28,31,32], [[14,15,16]]
0  > 25
1 <  9
1  > 9
2 <  24
2  > 24
3 <  24 (8)
3 has [2,5,12,12,20,26,29,33], [[21,22,23],[24,24,24]]
3  > 20
0 <  39
0 <  13
0  > 1
1 <  7
1  > 30
2 <  19
2  > 19
3 <  34
3 <  26
3  > 5
0 <  19
0  > 19
1 <  19 (5)
1 has [6,7,8,14,16,17,27,31], [[20,21,22],[18,19,20]]
1  > 27
2 <  2
2  > 9
3 <  37
3 <  22
3  > 2
0 <  29
0  > 29
1 <  6
1  > 31
2 <  24
2  > 24
3 <  32
3  > 22
0 <  5
0  > 6
1 <  6 (4)
1 has [6,6,14,16,17], [[20,21,22],[18,19,20],[6,7,8]]
1  > 14
2 <  16
2  > 10
3 <  26
3  > 32
0 <  8
0  > 8
1 <  18
1  > 18
2 <  4
2  > 17
3 <  32
3  > 33
0 <  13
0  > 7
1 <  26
1  > 26
3 <  26 (16)
3 has [12,12,29,32], [[21,22,23],[24,24,24],[26,26,26,26]]
3 <  4
3  > 4
0 <  33
0  > 5
1 <  13
1  > 13
2 <  16
2  > 17
3 <  21
3  > 21
0 <  12
0  > 5
1 <  4
1  > 4
2 <  36
2 <  33
2  > 16
3 <  15
3  > 15
0 <  11
0  > 31
1 <  38
1 <  33
1  > 33
2 <  28
2  > 28
3 <  20
3  > 20
0 <  11
0  > 28
1 <  22
1  > 22
2 <  29
2  > 29
3 <  8
3  > 8
0 <  1
0  > 1
1 <  18
1  > 18
2 <  21
2  > 21
3 <  23
3  > 23
0 <  41
0 <  5
0  > 5
1 <  11
1  > 11
2 <  29
2  > 29
3 <  13
3  > 29
0 <  14
0  > 33
1 <  27
1  > 27
2 <  32
2  > 33
3 <  30
3  > 30
0 <  11
0  > 11
1 <  10
1  > 10
2 <  0
2  > 32
0 <  32 (32)
0 has [9,10,11,11,12,12,13,13,14], [[14,15,16],[32,32]!]
Player 0 wins hand 15! (hand took 265ms)
0: 832, hand: 9,10,11,11,12,12,13,13,14, [[14,15,16],[32,32]!], (35,39,41)
1: -468, hand: 6,6,16,17, [[20,21,22],[18,19,20],[6,7,8]], (38)
2: -218, hand: 0,0,1,2,3,4,4,6,7,15,16,17,31, [], (40,36)
3: -146, hand: 12,12,13,32, [[21,22,23],[24,24,24],[26,26,26,26]], (34,37)

Starting hand 16.
this.hand=16; this.draws=0; config.PRNG.seed(1424361339); this.wind=2; this.windOfTheRound=3;
wall: 15,6,0,5,27,17,10,18,29,16,19,32,8,26,13,28,20,19,1,33,16,25,29,33,27,31,34,6,35,41,4,22,32,10,5,20,24,14,28,0,25,9,14,22,4,9,15,6,24,16,22,2,4,23,39,31,17,8,11,31,30,27,22,4,10,29,25,20,19,3,38,13,9,5,1,21,0,20,33,8,12,14,11,33,1,2,2,1,14,10,19,12,8,18,29,7,26,7,11,24,15,17,7,3,30,21,9,26,26,13,18,16,32,30,21,40,25,18,21,27,12,28,13,2,7,11,28,24,36,31,15,3,3,23,37,5,30,12,23,23,32,6,0,17
initial deal
tiles for 0: 0,5,6,8,10,15,16,17,18,19,27,29,32
tiles for 1: 1,13,16,19,20,25,26,27,28,29,31,33,33
tiles for 2: 0,4,5,6,9,10,14,20,22,24,25,28,32
tiles for 3: 2,4,4,6,9,14,15,16,22,22,23,24,31
prepare play
tiles for 0: 0,5,6,8,10,15,16,17,18,19,27,29,32 []
tiles for 1: 1,13,16,19,20,25,26,27,28,29,31,33,33 []
tiles for 2: 0,4,5,6,9,10,14,20,22,24,25,28,32 []
tiles for 3: 2,4,4,6,9,14,15,16,22,22,23,24,31 []
2 <  17
2  > 28
3 <  8
3  > 9
0 <  11
0  > 27
1 <  31
1  > 1
2 <  30
2  > 0
3 <  27
3  > 27
0 <  22
0  > 18
1 <  18 (4)
1 has [13,16,25,26,27,28,29,31,31,33,33], [[18,19,20]]
1  > 29
2 <  4
2  > 22
3 <  22 (8)
3 has [2,4,4,6,8,14,15,16,23,24,31], [[22,22,22]]
3  > 31
1 <  31 (8)
1 has [13,16,25,26,27,28,33,33], [[18,19,20],[31,31,31]]
1  > 27
2 <  10
2  > 20
3 <  29
3  > 29
0 <  25
0  > 19
1 <  20
1  > 20
2 <  19
2  > 25
3 <  25 (6)
3 has [2,4,4,6,8,14,15,16], [[22,22,22],[23,24,25]]
3  > 8
0 <  3
0  > 25
1 <  38
1 <  13
1  > 16
2 <  9
2  > 24
3 <  5
3  > 2
0 <  1
0  > 22
1 <  21
1  > 21
2 <  0
2  > 19
3 <  20
3  > 20
0 <  33
0  > 6
1 <  8
1  > 8
2 <  12
2  > 0
3 <  14
3  > 14
0 <  11
0  > 5
1 <  33
1  > 33
2 <  1
2  > 1
3 <  2
3  > 2
0 <  2
0  > 3
1 <  1
1  > 1
2 <  14
2  > 10
3 <  10
3  > 10
0 <  19
0  > 19
1 <  12
1  > 28
2 <  8
2  > 17
3 <  18
3  > 18
0 <  29
0  > 8
1 <  7
1  > 7
3 <  7 (32)
3 has [4,4,14,15,16], [[22,22,22],[23,24,25],[5,6,7]!]
Player 3 wins hand 16! (hand took 167ms)
0: -44, hand: 0,1,2,10,11,11,15,16,17,29,29,32,33, [], ()
1: 10, hand: 12,13,13,25,26,33,33, [[18,19,20],[31,31,31]], (38)
2: -30, hand: 4,4,5,6,8,9,9,10,12,14,14,30,32, [], (34,35,41)
3: 64, hand: 4,4,14,15,16, [[22,22,22],[23,24,25],[5,6,7]!], (39)

Starting hand 17.
this.hand=17; this.draws=0; config.PRNG.seed(1509790085); this.wind=3; this.windOfTheRound=3;
wall: 25,15,22,28,27,8,15,16,9,16,23,9,10,0,4,31,24,30,34,30,23,9,31,27,6,28,31,29,11,22,4,14,19,26,11,24,29,26,11,6,10,19,32,18,19,24,7,21,29,3,19,9,29,12,23,6,5,32,7,7,33,21,1,22,0,5,2,8,13,17,10,21,20,33,20,15,5,1,2,17,20,13,6,13,30,1,3,22,27,40,26,2,12,26,0,30,3,33,31,39,37,25,15,18,17,7,17,4,28,23,41,2,0,10,8,8,12,11,35,18,1,38,14,14,28,3,25,20,21,27,4,25,32,36,16,33,24,18,32,14,13,12,5,16
initial deal
tiles for 0: 8,9,9,10,15,15,16,16,22,23,25,27,28
tiles for 1: 0,4,6,9,23,24,27,28,30,30,31,31,31
tiles for 2: 4,6,11,11,11,14,19,22,24,26,26,29,29
tiles for 3: 3,7,9,10,18,19,19,19,21,24,29,29,32
prepare play
tiles for 0: 8,9,9,10,15,15,16,16,22,23,25,27,28 []
tiles for 1: 0,4,6,9,23,24,27,28,30,30,31,31,31 []
tiles for 2: 4,6,11,11,11,14,19,22,24,26,26,29,29 []
tiles for 3: 3,7,9,10,18,19,19,19,21,24,29,29,32 []
3 <  12
3  > 3
0 <  23
0  > 27
1 <  6
1  > 28
2 <  5
2  > 11
3 <  11 (6)
3 has [7,12,18,19,19,19,21,24,29,29,32], [[9,10,11]]
3  > 12
0 <  32
0  > 28
1 <  7
1  > 27
2 <  7
2  > 11
3 <  33
3  > 7
0 <  21
0  > 8
1 <  8 (6)
1 has [0,4,6,9,23,24,30,30,31,31,31], [[6,7,8]]
1  > 31
2 <  1
2  > 11
3 <  22
3  > 32
0 <  0
0  > 0
1 <  5
1  > 0
2 <  2
2  > 14
3 <  8
3  > 8
0 <  13
0  > 22
1 <  22 (4)
1 has [4,5,6,9,30,30,31,31], [[6,7,8],[22,23,24]]
1  > 9
2 <  17
2  > 17
3 <  10
3  > 10
0 <  21
0  > 25
1 <  20
1  > 20
2 <  33
2  > 22
3 <  20
3  > 33
0 <  15
0  > 21
1 <  5
1  > 5
2 <  5 (4)
2 has [1,2,4,5,19,24,26,26,29,29,33], [[5,6,7]]
2  > 26
3 <  1
3  > 1
0 <  2
0  > 2
1 <  17
1  > 17
2 <  20
2  > 24
3 <  13
3  > 13
0 <  6
0  > 6
1 <  13
1  > 13
2 <  30
2  > 20
3 <  20 (5)
3 has [18,19,19,20,22,24,29,29], [[9,10,11],[19,20,21]]
3  > 22
0 <  1
0  > 1
1 <  3
1  > 3
2 <  3 (6)
2 has [4,5,19,26,29,29,30,33], [[5,6,7],[1,2,3]]
2  > 19
3 <  19 (8)
3 has [18,20,24,29,29], [[9,10,11],[19,20,21],[19,19,19]]
3  > 18
0 <  22
0  > 21
1 <  27
1  > 27
2 <  40
2 <  26
2  > 26
3 <  2
3  > 2
0 <  12
0  > 22
1 <  26
1  > 26
2 <  0
2  > 26
3 <  30
3  > 20
0 <  3
0  > 3
1 <  33
1  > 33
2 <  31
2  > 0
3 <  39
3 <  37
3 <  25
3  > 30
1 <  30 (8)
1 has [4,5,6,31,31], [[6,7,8],[22,23,24],[30,30,30]]
1  > 31
2 <  15
2  > 30
3 <  18
3  > 18
0 <  17
0  > 23
3 <  23 (32)
3 has [29,29], [[9,10,11],[19,20,21],[19,19,19],[23,24,25]!]
Player 3 wins hand 17! (hand took 202ms)
0: -52, hand: 9,9,10,12,13,15,15,15,16,16,17,23,32, [], ()
1: -16, hand: 4,5,6,31, [[6,7,8],[22,23,24],[30,30,30]], (34)
2: -52, hand: 4,5,15,29,29,31,33, [[5,6,7],[1,2,3]], (40)
3: 120, hand: 29,29, [[9,10,11],[19,20,21],[19,19,19],[23,24,25]!], (39,37)

Starting hand 18.
this.hand=18; this.draws=0; config.PRNG.seed(1626213819); this.wind=3; this.windOfTheRound=3;
wall: 16,13,27,20,11,16,41,12,17,27,3,10,35,24,29,10,40,8,24,12,25,13,25,24,3,0,27,39,9,25,33,32,17,13,15,20,4,11,0,31,11,4,23,30,13,3,18,32,6,22,36,2,18,21,4,2,27,23,30,21,21,29,26,23,34,18,1,33,26,29,14,12,19,22,25,2,7,23,9,15,0,26,8,18,37,17,6,11,9,1,16,7,5,10,8,33,30,4,19,20,12,15,5,31,38,14,1,19,1,9,33,17,20,8,22,0,30,2,15,31,21,32,14,22,7,28,16,7,3,19,28,10,14,6,5,31,29,32,6,28,5,26,28,24
initial deal
tiles for 0: 3,10,11,12,13,16,16,17,20,24,27,27,29
tiles for 1: 0,3,8,9,10,12,13,24,24,25,25,25,27
tiles for 2: 0,4,4,11,11,13,15,17,20,23,31,32,33
tiles for 3: 2,2,3,4,6,13,18,18,21,22,27,30,32
prepare play
tiles for 0: 3,10,11,12,13,16,16,17,20,24,27,27,29 []
tiles for 1: 0,3,8,9,10,12,13,24,24,25,25,25,27 []
tiles for 2: 0,4,4,11,11,13,15,17,20,23,31,32,33 []
tiles for 3: 2,2,3,4,6,13,18,18,21,22,27,30,32 []
3 <  23
3  > 13
0 <  30
0  > 29
1 <  21
1  > 27
2 <  21
2  > 23
3 <  29
3  > 29
0 <  26
0  > 3
1 <  23
1  > 8
2 <  34
2 <  18
2  > 18
3 <  18 (8)
3 has [2,2,3,4,6,21,22,23,27,30,32], [[18,18,18]]
3  > 30
0 <  1
0  > 1
1 <  33
1  > 0
2 <  26
2  > 20
3 <  29
3  > 29
0 <  14
0  > 20
1 <  12
1  > 3
2 <  19
2  > 21
3 <  21 (4)
3 has [2,2,3,4,6,21,27,32], [[18,18,18],[21,22,23]]
3  > 21
0 <  22
0  > 26
1 <  26 (6)
1 has [9,10,12,12,13,21,23,24,25,25,33], [[24,25,26]]
1  > 33
2 <  25
2  > 26
3 <  2
3  > 27
0 <  7
0  > 7
1 <  23
1  > 23
2 <  9
2  > 19
3 <  15
3  > 15
0 <  15 (6)
0 has [10,11,12,16,16,17,22,24,27,27,30], [[13,14,15]]
0  > 24
1 <  0
1  > 0
2 <  26
2  > 26
3 <  8
3  > 32
0 <  18
0  > 22
1 <  22 (5)
1 has [9,10,12,12,13,24,25,25], [[24,25,26],[21,22,23]]
1  > 13
2 <  37
2 <  17
2  > 25
3 <  6
3  > 6
0 <  11
0  > 18
1 <  9
1  > 25
2 <  1
2  > 13
3 <  16
3  > 16
0 <  7
0  > 7
3 <  7 (32)
3 has [2,2,2,3,4], [[18,18,18],[21,22,23],[6,7,8]!]
Player 3 wins hand 18! (hand took 141ms)
0: -36, hand: 10,11,11,12,16,16,17,27,27,30, [[13,14,15]], (41,35)
1: -36, hand: 9,9,10,12,12,24,25, [[24,25,26],[21,22,23]], (40,39)
2: -36, hand: 0,1,4,4,9,11,11,15,17,17,31,32,33, [], (34,37)
3: 108, hand: 2,2,2,3,4, [[18,18,18],[21,22,23],[6,7,8]!], (36)

Starting hand 19.
this.hand=19; this.draws=0; config.PRNG.seed(690384534); this.wind=3; this.windOfTheRound=3;
wall: 29,14,2,19,32,15,29,27,17,22,7,39,1,26,41,18,8,32,19,0,30,38,16,16,21,12,3,9,19,10,16,33,2,25,23,5,24,19,16,31,27,1,4,11,22,28,6,29,11,28,5,35,15,13,10,36,1,13,9,8,13,11,33,23,0,31,18,12,6,26,7,17,8,12,3,20,29,3,3,17,14,24,7,4,30,28,32,4,10,27,0,25,25,6,30,23,7,30,2,20,14,17,0,11,5,26,33,20,5,28,12,21,24,40,18,27,20,14,1,15,31,32,22,21,23,25,37,24,4,34,22,2,15,9,18,6,9,31,8,26,10,13,21,33
initial deal
tiles for 0: 1,2,7,14,15,17,19,22,26,27,29,29,32
tiles for 1: 0,3,8,9,12,16,16,18,19,19,21,30,32
tiles for 2: 1,2,5,10,16,16,19,23,24,25,27,31,33
tiles for 3: 1,4,5,6,10,11,11,13,15,22,28,28,29
prepare play
tiles for 0: 1,2,7,14,15,17,19,22,26,27,29,29,32 []
tiles for 1: 0,3,8,9,12,16,16,18,19,19,21,30,32 []
tiles for 2: 1,2,5,10,16,16,19,23,24,25,27,31,33 []
tiles for 3: 1,4,5,6,10,11,11,13,15,22,28,28,29 []
3 <  13
3  > 29
0 <  29 (8)
0 has [1,2,7,14,15,17,19,22,26,27,32], [[29,29,29]]
0  > 27
1 <  9
1  > 8
2 <  8
2  > 27
3 <  13
3  > 22
0 <  11
0  > 7
1 <  33
1  > 0
2 <  0 (4)
2 has [5,8,10,16,16,19,23,24,25,31,33], [[0,1,2]]
2  > 16
1 <  16 (8)
1 has [3,9,9,12,18,19,19,21,30,32,33], [[16,16,16]]
1  > 3
2 <  23
2  > 16
3 <  0
3  > 15
0 <  31
0  > 1
1 <  18
1  > 12
2 <  12
2  > 12
3 <  12 (6)
3 has [0,1,4,5,6,11,13,13,13,28,28], [[10,11,12]]
3  > 11
0 <  6
0  > 2
3 <  2 (32)
3 has [4,5,6,13,13,13,28,28], [[10,11,12],[0,1,2]!]
Player 3 wins hand 19! (hand took 57ms)
0: -38, hand: 6,11,14,15,17,19,22,26,31,32, [[29,29,29]], (39)
1: -32, hand: 9,9,18,18,19,19,21,30,32,33, [[16,16,16]], (41,38)
2: -62, hand: 5,8,10,19,23,23,24,25,31,33, [[0,1,2]], ()
3: 132, hand: 4,5,6,13,13,13,28,28, [[10,11,12],[0,1,2]!], (35,36)

Starting hand 20.
this.hand=20; this.draws=0; config.PRNG.seed(61690412); this.wind=3; this.windOfTheRound=3;
wall: 14,15,23,17,19,25,7,10,20,20,23,40,11,4,6,24,2,7,0,26,10,15,8,32,13,22,0,31,2,28,12,15,13,29,5,26,30,7,21,18,24,37,24,22,10,8,41,4,32,28,25,27,13,1,16,16,17,22,23,14,38,0,33,13,21,29,11,30,6,21,35,24,32,4,36,8,4,18,14,15,12,31,3,25,5,19,20,9,18,32,17,34,9,27,3,39,8,7,6,29,27,2,10,9,3,12,25,0,26,27,18,23,11,28,30,5,16,12,20,1,17,31,19,14,31,16,6,26,19,9,30,28,33,22,1,1,21,29,2,11,33,5,3,33
initial deal
tiles for 0: 4,7,10,11,14,15,17,19,20,20,23,23,25
tiles for 1: 0,0,2,6,7,8,10,13,15,22,24,26,32
tiles for 2: 2,5,7,12,13,15,18,21,26,28,29,30,31
tiles for 3: 1,4,8,10,13,16,22,24,24,25,27,28,32
prepare play
tiles for 0: 4,7,10,11,14,15,17,19,20,20,23,23,25 []
tiles for 1: 0,0,2,6,7,8,10,13,15,22,24,26,32 []
tiles for 2: 2,5,7,12,13,15,18,21,26,28,29,30,31 []
tiles for 3: 1,4,8,10,13,16,22,24,24,25,27,28,32 []
3 <  16
3  > 28
0 <  17
0  > 7
1 <  22
1  > 10
2 <  23
2  > 29
3 <  14
3  > 8
0 <  38
0 <  0
0  > 4
1 <  33
1  > 32
2 <  13
2  > 13
3 <  21
3  > 4
0 <  29
0  > 29
1 <  11
1  > 33
2 <  30
2  > 13
3 <  6
3  > 1
0 <  21
0  > 0
1 <  35
1 <  24
1  > 2
2 <  32
2  > 15
3 <  15 (6)
3 has [6,10,16,16,21,22,24,24,25,27,32], [[13,14,15]]
3  > 6
0 <  4
0  > 4
1 <  36
1 <  8
1  > 15
2 <  4
2  > 12
3 <  18
3  > 10
0 <  14
0  > 23
1 <  23 (5)
1 has [0,0,6,7,8,8,11,13,22,24,26], [[22,23,24]]
1  > 11
2 <  15
2  > 15
3 <  12
3  > 12
0 <  12 (6)
0 has [14,14,15,17,17,19,20,20,21,23,25], [[10,11,12]]
0  > 20
1 <  31
1  > 13
2 <  3
2  > 26
3 <  26 (6)
3 has [16,16,18,21,22,24,27,32], [[13,14,15],[24,25,26]]
3  > 18
0 <  25
0  > 21
1 <  5
1  > 31
2 <  19
2  > 18
3 <  20
3  > 27
0 <  9
0  > 9
1 <  18
1  > 18
2 <  32
2  > 23
3 <  23 (6)
3 has [16,16,20,24,32], [[13,14,15],[24,25,26],[21,22,23]]
3  > 20
0 <  17
0  > 17
1 <  34
1 <  9
1  > 9
2 <  27
2  > 27
3 <  3
3  > 24
0 <  39
0 <  8
0  > 8
1 <  7
1  > 8
2 <  6
2  > 21
3 <  29
3  > 29
0 <  27
0  > 27
1 <  2
1  > 2
2 <  10
2  > 10
3 <  9
3  > 3
0 <  3
0  > 3
1 <  12
1  > 12
2 <  25
2  > 19
3 <  0
3  > 0
0 <  26
0  > 19
1 <  27
1  > 27
2 <  18
2  > 25
3 <  23
3  > 9
0 <  11
0  > 11
1 <  28
1  > 28
2 <  30
2  > 18
3 <  5
3  > 5
0 <  16
0  > 20
1 <  12
1  > 12
2 <  20
2  > 20
3 <  1
3  > 1
0 <  17
0  > 25
1 <  25 (5)
1 has [0,0,5,6,7,7,8,22], [[22,23,24],[24,25,26]]
1  > 22
2 <  31
2  > 28
3 <  19
3  > 23
0 <  14
0  > 25
1 <  31
1  > 31
2 <  31 (32)
2 has [2,3,4,5,6,7,30,30,30,32,32], [[31,31,31]!]
Player 2 wins hand 20! (hand took 238ms)
0: -164, hand: 14,14,14,15,16,17,17,17,23,26, [[10,11,12]], (40,38,39)
1: -200, hand: 0,0,5,6,7,7,8, [[22,23,24],[24,25,26]], (35,36,34)
2: 768, hand: 2,3,4,5,6,7,30,30,30,32,32, [[31,31,31]!], ()
3: -404, hand: 16,16,19,32, [[13,14,15],[24,25,26],[21,22,23]], (37,41)
hand 1
  0 (E): 12 for b2,c2,c3,c3,b3,E,b4,b4,b6,b7 [d2,d3,d1] (f2,s3,f3,f4)
  1 (N): -42 for b2,c4,c4,c6,c7,c7,c9,b3,d7,d8,d9,b7,b9 (f1)
  2 (W): -42 for b1,b1,b2,c8,c9,b3,b3,d5,b9,b9 [d2,d3,d1] (s1)
  3 (S): 72 for b1,b1,c5,c6,c7,b5,b5,b5 [d5,d5,d5, b8,b7,b6] 
hand 2
  0 (S): -30 for c4,c4,c5,d8,d9,d9,N,N,b5,b5 [c7,c9,c8] (f3,s4)
  1 (E): -70 for c5,c6,c6,d1,d2,d2,d3 [d6,d5,d4, b8,b8,b8] (s1)
  2 (N): -28 for d3,d4,d6,d6,d7,d8,d9 [b8,b7,b6, b5,b4,b3] (f4,s3)
  3 (W): 128 for c3,c3,c4,c5,c6,d1,d2,d3,d6,d7,d8 [c2,c3,c1] (f2)
hand 3
  0 (W): -14 for c6,c7,c7,c8,c8,d1,d2,d3,b7,b7 [b5,b4,b3] (s4,s2)
  1 (S): -38 for d1,d2,d3,W,W,b6,b6 [b9,b8,b7, d5,d4,d3] 
  2 (E): -20 for b1,b1,d8,d9,b6,b7,b8 [b4,b3,b2, c3,c4,c2] (f2,s1,f3)
  3 (N): 72 for b1,b2,c6,c7,c8,d2,b3,d3,d4,P,P [c9,c9,c9] 
hand 4
  0 (N): 88 for d4,d5,d6,E,E [b4,b4,b4, c1,c1,c1, d7,d9,d8] (s1)
  1 (W): -32 for b5,b7,b8,b8 [d2,d4,d3, c6,c6,c6, b7,b6,b5] (f2)
  2 (S): -8 for c2,c3,c3,c4,c5,d5,d5,S,S,c1 [d8,d9,d7] (s4,s3,f3)
  3 (E): -48 for c2,c2,c2,c4,c5,c6,c7,c7,c8,c9,d7,d8,d9 (s2)
hand 5
  0 (E): -56 for c3,c4,c5,c5,b5,b6,b6,b7,b7,b9 [d8,d7,d6] (s4)
  1 (N): -28 for b1,b2,c8,c9,b4,F,C [b5,b5,b5, d4,d4,d4] 
  2 (W): -20 for c2,d2,d5,d6,d7,d7,d8,P,P,c1 [c5,c6,c4] (s1)
  3 (S): 104 for c2,c3,c4,c6,c7,c8 [d9,d9,d9, d3,d3,d3, c1,c1] (s3,f4)
hand 6
  0 (S): -604 for c3,c4,c5,d4,d5,d6,S [d4,d6,d5, b5,b4,b3] (f3)
  1 (E): -1188 for c5,c5,c6,c7 [b7,b8,b6, c7,c9,c8, d4,d5,d3] (s1,f4)
  2 (N): -512 for c4,c5,c6,c6,d9,d9,d9 [d7,d7,d7,d7, c3,c4,c2] (s4,s3,f1)
  3 (W): 2304 for C,C,C [d2,d2,d2, c2,c4,c3, F,F,F, P,P] (s2,f2)
hand 7
  0 (W): -46 for b2,d1,b3,b3,b4,b5,b6 [b8,b9,b7, d4,d3,d2] 
  1 (S): 64 for c2,c3,c4,d2,d3,d4,d6,d7,d8,E,E [b7,b6,b5] (f2)
  2 (E): -32 for d5,d6,d7,d8,d9,d9,C [b8,b9,b7, c7,c9,c8] (s1,s2,f4)
  3 (N): 14 for c3,c4,c5,c5 [b1,b1,b1, W,W,W, b2,b2,b2] (f1,s4)
hand 8
  0 (N): 192 for b2,b2,c2,c3,c1 [E,E,E, F,F,F, c2,c4,c3] (s2)
  1 (W): -62 for c2,c3,c4,d5,d5,d7,d8,d8,d9,d9 [b7,b9,b8] (f4,s1)
  2 (S): -56 for c2,c7,c9,d3,d3,d6,d8,S,S,c1 [c7,c6,c5] (s4,s3)
  3 (E): -74 for d1,d3,d4,d4,d5,d9,S,S,b8,b8 [C,C,C] (f3)
hand 9
  0 (E): -16 for c2,c3,c4,c6,c7,c8,c1 [b5,b4,b3, c8,c7,c6] (f4,f3,f1)
  1 (N): -40 for b2,c2,c2,c3,b3,S,S,b4,c1,c1 [d4,d3,d2] (s3)
  2 (W): -24 for d2,d2,d3,d4,d4,d5,E,E,P,P [b6,b6,b6] (s4)
  3 (S): 80 for c6,c6,d7,d8,d9 [d6,d6,d6, d1,d1,d1, b3,b2,b1] (f2)
hand 10
  0 (S): -98 for d1,d1,d3,d4,d5,d6,d7,d8,d8,P [c4,c6,c5] (s3)
  1 (E): 288 for b2,c2,c2,c3,c4,c5,b3,b4,b4,b5,b6 [b7,b6,b5] (f4,s2,s4)
  2 (N): -92 for b2,c4,c5,c7,c7,c8,c9 [d3,d2,d1, c3,c3,c3] (f1)
  3 (W): -98 for W,F,C,P [d4,d5,d3, c7,c8,c6, b4,b3,b2] (s1)
hand 11
  0 (S): -100 for c7,c8,d4,S,S,F,P [c2,c4,c3, c4,c3,c2] 
  1 (E): -180 for d3,d4,d4,P,P,b8,b9 [b9,b8,b7, d7,d6,d5] (f2)
  2 (N): -72 for b1,b1,W,W,P,b5,b6 [b5,b7,b6, b4,b3,b2] (s1,s2)
  3 (W): 352 for b2,b2,b7,b8,b9 [d2,d3,d1, d6,d8,d7, b2,b4,b3] (f3,s3,s4)
hand 12
  0 (W): 32 for d3,d3,d4,d8,F,C,C [W,W,W, E,E,E] 
  1 (S): -64 for c3,c4,c5,c6 [d5,d7,d6, c5,c7,c6, b9,b8,b7] (f1,f4)
  2 (E): -112 for d1,d3,d8,b4,P,b6,b6,b7,b8,b9 [b5,b6,b4] (s3)
  3 (N): 144 for b9,b9 [c5,c4,c3, c8,c9,c7, c1,c3,c2, b6,b7,b5] (s1,f3)
hand 13
  0 (N): -20 for b1,b2,c3,c4,c6,c6,c8,N,C,C,b6,b6,c1 (s3)
  1 (W): 104 for c4,c5,c6,d3,d4,d5,P,P,b6,b7,b8 [d7,d8,d6] (f1,s1,s4)
  2 (S): -26 for c3,c3,c8,c8,b4,F,P,b5,b5,b6 [b3,b4,b2] (s2)
  3 (E): -58 for c2,c2,c7,c7,c8,c9,c1 [d9,d8,d7, b7,b7,b7] 
hand 14
  0 (E): -112 for d1,d2,d4,d4,d5,d5,d5,d6,d7,E,F,C,P (f1)
  1 (N): -48 for P,P,b6,b6 [c2,c4,c3, b4,b5,b3, c1,c3,c2] (f4,s1)
  2 (W): -32 for b1,b2,b2,W,N,N,F,C,b6,b8 [S,S,S] (s4,f3)
  3 (S): 192 for N,N,b7,b8,b9 [c8,c7,c6, d8,d7,d6, c3,c2,c1] (s3,s2)
hand 15
  0 (S): 832 for c2,c3,c3,c4,c4,c5,c5,c6,c1 [c8,c7,c6, C,C] (f2,s2,s4)
  1 (E): -468 for c8,c9,b7,b7 [d3,d5,d4, d2,d3,d1, b7,b9,b8] (s1)
  2 (N): -218 for b1,b1,b2,c7,c8,c9,b3,b4,F,b5,b5,b7,b8 (s3,f3)
  3 (W): -146 for c4,c4,c5,C [d6,d5,d4, d7,d7,d7, d9,d9,d9,d9] (f1,f4)
hand 16
  0 (W): -44 for b1,b2,c2,c3,c3,c7,c8,c9,b3,W,W,C,P 
  1 (S): 10 for c4,c5,c5,d8,d9,P,P [d1,d3,d2, F,F,F] (s1)
  2 (E): -30 for c2,c4,c6,c6,N,C,b5,b5,b6,b7,b9,c1,c1 (f1,f2,s4)
  3 (N): 64 for c6,c7,c8,b5,b5 [d5,d5,d5, d8,d7,d6, b8,b7,b6] (s2)
hand 17
  0 (N): -52 for c2,c4,c5,c7,c7,c7,c8,c8,c9,d6,C,c1,c1 
  1 (W): -16 for F,b5,b6,b7 [b9,b8,b7, d5,d7,d6, N,N,N] (f1)
  2 (S): -52 for c7,W,W,F,P,b5,b6 [b6,b8,b7, b4,b3,b2] (s3)
  3 (E): 120 for W,W [c3,c2,c1, d3,d4,d2, d2,d2,d2, d6,d8,d7] (s2,f4)
hand 18
  0 (N): -36 for c2,c3,c3,c4,c8,c8,c9,E,E,N [c7,c6,c5] (s4,f2)
  1 (W): -36 for c2,c4,c4,d7,d8,c1,c1 [d9,d8,d7, d5,d6,d4] (s3,s2)
  2 (S): -36 for b1,b2,c3,c3,c7,c9,c9,F,C,P,b5,b5,c1 (f1,f4)
  3 (E): 108 for b3,b3,b3,b4,b5 [d1,d1,d1, d4,d6,d5, b8,b9,b7] (f3)
hand 19
  0 (N): -38 for c3,c6,c7,c9,d2,d5,d9,F,C,b7 [W,W,W] (s2)
  1 (W): -32 for d1,d1,d2,d2,d4,N,C,P,c1,c1 [c8,c8,c8] (s4,s1)
  2 (S): -62 for c2,d2,d6,d6,d7,d8,F,P,b6,b9 [b1,b3,b2] 
  3 (E): 132 for c5,c5,c5,S,S,b5,b6,b7 [c4,c3,c2, b3,b2,b1] (f2,f3)
hand 20
  0 (N): -164 for c6,c6,c6,c7,c8,c9,c9,c9,d6,d9 [c4,c3,c2] (s3,s1,s2)
  1 (W): -200 for b1,b1,b6,b7,b8,b8,b9 [d6,d7,d5, d8,d9,d7] (f2,f3,f1)
  2 (S): 768 for b3,b4,N,N,N,C,C,b5,b6,b7,b8 [F,F,F] 
  3 (E): -404 for c8,c8,d2,C [c7,c6,c5, d9,d8,d7, d6,d5,d4] (f4,s4)
final scores:
  player 0: 1726 (not set to chicken)
  player 1: -78 (not set to chicken)
  player 2: 1294 (not set to chicken)
  player 3: 5058 (set to chicken)
Game took 4.24s