Initial seed: 14
starting game.

Starting hand 1.
this.hand=1; this.draws=0; config.PRNG.seed(1951163977); this.wind=0; this.windOfTheRound=0;
wall: 8,19,2,30,8,12,31,14,7,15,31,33,32,26,26,22,18,20,38,40,0,2,18,17,3,1,41,13,7,26,34,14,25,8,7,4,16,1,5,33,3,7,16,11,22,28,17,33,9,21,21,12,25,16,13,13,30,6,9,26,25,10,10,2,22,29,24,2,30,28,23,6,29,19,13,31,39,17,15,18,6,15,17,4,23,33,5,20,0,31,27,25,16,19,21,11,14,36,37,20,9,28,3,5,11,32,11,23,19,15,24,32,29,22,12,23,30,3,35,32,18,0,20,4,6,0,27,27,4,5,29,1,1,9,24,10,28,10,24,27,12,21,14,8
initial deal
tiles for 0: 2,7,8,8,12,14,15,19,30,31,31,32,33
tiles for 1: 0,1,2,3,7,13,17,18,18,20,22,26,26
tiles for 2: 1,3,4,5,7,7,8,14,16,16,25,26,33
tiles for 3: 9,11,12,13,13,16,17,21,21,22,25,28,33
prepare play
tiles for 0: 2,7,8,8,12,14,15,19,30,31,31,32,33 []
tiles for 1: 0,1,2,3,7,13,17,18,18,20,22,26,26 []
tiles for 2: 1,3,4,5,7,7,8,14,16,16,25,26,33 []
tiles for 3: 9,11,12,13,13,16,17,21,21,22,25,28,33 []
0 <  30
0  > 2
1 <  6
1  > 13
2 <  9
2  > 9
3 <  26
3  > 28
0 <  25
0  > 25
1 <  10
1  > 17
2 <  10
2  > 10
3 <  10 (5)
3 has [12,13,13,16,17,21,21,22,25,26,33], [[9,10,11]]
3  > 33
0 <  2
0  > 2
1 <  22
1  > 10
2 <  29
2  > 29
3 <  24
3  > 22
1 <  22 (8)
1 has [0,1,2,3,6,7,18,18,20,26,26], [[22,22,22]]
1  > 20
2 <  2
2  > 33
3 <  30
3  > 30
0 <  30 (8)
0 has [7,8,8,12,14,15,19,31,31,32,33], [[30,30,30]]
0  > 19
1 <  28
1  > 28
2 <  23
2  > 23
3 <  6
3  > 6
0 <  29
0  > 29
1 <  19
1  > 19
2 <  13
2  > 13
3 <  31
3  > 31
0 <  31 (8)
0 has [7,8,8,12,14,15,32,33], [[30,30,30],[31,31,31]]
0  > 33
1 <  39
1 <  17
1  > 17
2 <  15
2  > 8
0 <  8 (8)
0 has [7,12,14,15,32], [[30,30,30],[31,31,31],[8,8,8]]
0  > 7
1 <  18
1  > 6
2 <  6 (6)
2 has [1,2,3,7,7,14,15,16,16,25,26], [[4,5,6]]
2  > 25
3 <  6
3  > 6
0 <  15
0  > 32
1 <  17
1  > 17
2 <  17 (6)
2 has [1,2,3,7,7,14,16,26], [[4,5,6],[15,16,17]]
2  > 26
1 <  26 (8)
1 has [0,1,2,3,7,18,18,18], [[22,22,22],[26,26,26]]
1  > 7
2 <  4
2  > 4
3 <  23
3  > 13
0 <  13 (5)
0 has [15,15], [[30,30,30],[31,31,31],[8,8,8],[12,13,14]]
Player 0 wins hand 1! (hand took 137ms)
0: 288, hand: 15,15, [[30,30,30],[31,31,31],[8,8,8],[12,13,14]], ()
1: 140, hand: 0,1,2,3,18,18,18, [[22,22,22],[26,26,26]], (38,40,41,39)
2: -208, hand: 1,2,3,7,7,14,16, [[4,5,6],[15,16,17]], (34)
3: -220, hand: 12,13,16,17,21,21,23,24,25,26, [[9,10,11]], ()

Starting hand 2.
this.hand=2; this.draws=0; config.PRNG.seed(752358274); this.wind=0; this.windOfTheRound=0;
wall: 33,3,4,22,26,5,5,29,29,29,13,25,14,26,1,29,30,12,2,2,23,10,0,7,10,30,8,18,15,24,19,23,16,27,32,23,0,0,25,8,20,33,20,6,22,31,13,4,32,33,14,20,15,28,9,34,16,23,7,36,16,11,31,38,3,11,9,28,9,35,26,6,2,28,13,1,31,18,27,30,31,28,19,18,9,15,22,10,12,41,8,21,24,5,3,32,17,12,8,1,4,11,17,21,1,17,21,24,3,40,4,20,24,19,27,17,19,13,10,33,2,37,25,7,15,14,14,39,32,11,25,18,30,0,21,27,7,16,6,12,22,6,26,5
initial deal
tiles for 0: 3,4,5,5,13,14,22,25,26,29,29,29,33
tiles for 1: 0,1,2,2,7,10,10,12,23,26,29,30,30
tiles for 2: 0,0,8,15,16,18,19,23,23,24,25,27,32
tiles for 3: 4,6,8,13,14,20,20,20,22,31,32,33,33
prepare play
tiles for 0: 3,4,5,5,13,14,22,25,26,29,29,29,33 []
tiles for 1: 0,1,2,2,7,10,10,12,23,26,29,30,30 []
tiles for 2: 0,0,8,15,16,18,19,23,23,24,25,27,32 []
tiles for 3: 4,6,8,13,14,20,20,20,22,31,32,33,33 []
0 <  15
0  > 22
1 <  28
1  > 28
2 <  9
2  > 8
3 <  34
3 <  16
3  > 31
0 <  23
0  > 33
3 <  33 (8)
3 has [4,6,8,13,14,16,20,20,20,22,32], [[33,33,33]]
3  > 32
0 <  7
0  > 23
1 <  36
1 <  16
1  > 29
2 <  11
2  > 32
3 <  31
3  > 31
0 <  38
0 <  3
0  > 7
1 <  11
1  > 16
2 <  9
2  > 27
3 <  28
3  > 28
0 <  9
0  > 9
1 <  35
1 <  26
1  > 7
2 <  6
2  > 6
3 <  2
3  > 2
1 <  2 (8)
1 has [0,1,10,10,11,12,23,26,26,30,30], [[2,2,2]]
1  > 23
2 <  23 (4)
2 has [0,0,9,9,11,15,16,18,19,23,23], [[23,24,25]]
2  > 23
3 <  28
3  > 28
0 <  13
0  > 25
1 <  1
1  > 0
2 <  31
2  > 23
3 <  18
3  > 16
0 <  16 (6)
0 has [3,3,4,5,5,13,13,26,29,29,29], [[14,15,16]]
0  > 29
1 <  27
1  > 27
2 <  30
2  > 30
1 <  30 (8)
1 has [1,1,10,10,11,12,26,26], [[2,2,2],[30,30,30]]
1  > 1
2 <  31
2  > 31
3 <  28
3  > 28
0 <  19
0  > 19
1 <  18
1  > 1
2 <  9
2  > 31
3 <  15
3  > 6
0 <  6 (6)
0 has [3,3,5,13,13,26,29,29], [[14,15,16],[4,5,6]]
0  > 26
1 <  26 (8)
1 has [10,10,11,12,18], [[2,2,2],[30,30,30],[26,26,26]]
1  > 18
2 <  22
2  > 9
3 <  10
3  > 4
0 <  4 (5)
0 has [3,13,13,29,29], [[14,15,16],[4,5,6],[3,4,5]]
0  > 3
1 <  12
1  > 12
2 <  41
2 <  8
2  > 8
3 <  21
3  > 8
0 <  24
0  > 24
1 <  5
1  > 5
2 <  3
2  > 22
3 <  32
3  > 10
1 <  10 (32)
1 has [10,10], [[2,2,2],[30,30,30],[26,26,26],[10,11,12]!]
Player 1 wins hand 2! (hand took 175ms)
0: -152, hand: 13,13,29,29, [[14,15,16],[4,5,6],[3,4,5]], (38)
1: 224, hand: 10,10, [[2,2,2],[30,30,30],[26,26,26],[10,11,12]!], (36,35)
2: -76, hand: 0,0,3,9,9,11,15,16,18,19, [[23,24,25]], (41)
3: 4, hand: 13,14,15,18,20,20,20,21,22,32, [[33,33,33]], (34)

Starting hand 3.
this.hand=3; this.draws=0; config.PRNG.seed(1710148190); this.wind=1; this.windOfTheRound=0;
wall: 2,11,15,35,6,26,6,14,29,28,29,10,19,0,25,23,24,30,20,6,15,40,3,19,33,3,1,11,19,32,17,39,8,27,22,0,13,30,10,2,7,12,20,24,18,22,27,23,5,0,2,4,26,22,13,31,36,2,17,18,3,8,21,25,4,8,14,34,27,9,22,23,7,32,11,26,20,12,17,21,1,29,28,5,19,31,20,24,10,24,12,0,11,28,13,15,30,33,30,38,16,9,9,14,14,6,32,10,7,27,5,16,21,18,33,1,13,1,5,18,8,31,25,28,9,41,37,25,3,7,29,26,16,15,23,4,32,16,17,4,33,31,12,21
initial deal
tiles for 0: 0,2,6,6,10,11,14,15,19,26,28,29,29
tiles for 1: 1,3,3,6,11,15,19,20,23,24,25,30,33
tiles for 2: 0,2,7,8,10,12,13,17,19,22,27,30,32
tiles for 3: 0,2,4,5,13,18,20,22,22,23,24,26,27
prepare play
tiles for 0: 0,2,6,6,10,11,14,15,19,26,28,29,29 []
tiles for 1: 1,3,3,6,11,15,19,20,23,24,25,30,33 []
tiles for 2: 0,2,7,8,10,12,13,17,19,22,27,30,32 []
tiles for 3: 0,2,4,5,13,18,20,22,22,23,24,26,27 []
1 <  31
1  > 30
2 <  36
2 <  2
2  > 17
3 <  17
3  > 13
0 <  13 (4)
0 has [0,2,6,6,10,11,19,26,28,29,29], [[13,14,15]]
0  > 19
1 <  18
1  > 11
2 <  11 (5)
2 has [0,2,2,7,8,13,19,22,27,30,32], [[10,11,12]]
2  > 13
3 <  3
3  > 17
0 <  8
0  > 26
1 <  26 (6)
1 has [1,3,3,6,15,18,19,20,23,31,33], [[24,25,26]]
1  > 23
2 <  21
2  > 32
3 <  25
3  > 27
0 <  4
0  > 28
1 <  8
1  > 15
2 <  14
2  > 14
3 <  34
3 <  27
3  > 27
0 <  9
0  > 2
1 <  2 (5)
1 has [3,6,8,18,19,20,31,33], [[24,25,26],[1,2,3]]
1  > 3
2 <  22
2  > 30
3 <  23
3  > 20
0 <  7
0  > 0
1 <  32
1  > 31
2 <  11
2  > 11
3 <  26
3  > 18
0 <  20
0  > 20
1 <  12
1  > 12
2 <  17
2  > 17
3 <  21
3  > 0
0 <  1
0  > 1
1 <  29
1  > 29
2 <  28
2  > 28
3 <  5
3  > 21
0 <  19
0  > 19
1 <  31
1  > 31
2 <  20
2  > 27
3 <  24
3  > 25
0 <  10
0  > 10
1 <  24
1  > 24
2 <  12
2  > 12
3 <  0
3  > 0
0 <  11
0  > 11
1 <  28
1  > 28
2 <  13
2  > 13
3 <  15
3  > 15
0 <  30
0  > 30
1 <  33
1  > 32
2 <  30
2  > 30
3 <  38
3 <  16
3  > 16
0 <  9
0  > 9
1 <  9
1  > 9
2 <  14
2  > 14
3 <  14
3  > 14
0 <  6
0  > 6
1 <  32
1  > 32
2 <  10
2  > 10
3 <  7
3  > 7
1 <  7 (32)
1 has [18,19,20,33,33], [[24,25,26],[1,2,3],[6,7,8]!]
Player 1 wins hand 3! (hand took 197ms)
0: -72, hand: 4,6,6,7,8,9,10,11,29,29, [[13,14,15]], (35)
1: 192, hand: 18,19,20,33,33, [[24,25,26],[1,2,3],[6,7,8]!], (40)
2: -60, hand: 0,2,2,7,8,19,20,21,22,22, [[10,11,12]], (39,36)
3: -60, hand: 2,3,4,5,5,22,22,23,23,24,24,26,26, [], (34,38)

Starting hand 4.
this.hand=4; this.draws=0; config.PRNG.seed(781803427); this.wind=1; this.windOfTheRound=0;
wall: 30,10,15,32,0,0,25,17,5,3,32,4,12,5,4,29,8,19,6,20,16,13,17,27,18,15,10,1,19,2,35,1,25,0,31,21,25,19,7,11,16,38,26,11,2,17,29,2,19,9,16,9,14,22,4,29,13,18,0,15,16,21,7,32,23,30,14,26,22,3,23,8,3,12,23,17,21,20,30,24,6,8,2,13,11,13,18,24,37,5,22,11,24,27,15,28,20,33,21,1,30,1,10,8,34,31,4,3,28,26,28,36,12,18,22,7,28,33,7,14,6,40,31,10,6,9,33,14,26,39,24,5,20,27,27,33,9,29,32,12,31,41,23,25
initial deal
tiles for 0: 0,0,3,4,5,10,12,15,17,25,30,32,32
tiles for 1: 4,5,6,8,13,15,16,17,18,19,20,27,29
tiles for 2: 0,1,1,2,7,10,11,19,19,21,25,25,31
tiles for 3: 2,2,9,9,11,14,16,16,17,19,22,26,29
prepare play
tiles for 0: 0,0,3,4,5,10,12,15,17,25,30,32,32 []
tiles for 1: 4,5,6,8,13,15,16,17,18,19,20,27,29 []
tiles for 2: 0,1,1,2,7,10,11,19,19,21,25,25,31 []
tiles for 3: 2,2,9,9,11,14,16,16,17,19,22,26,29 []
1 <  4
1  > 29
2 <  29
2  > 29
3 <  13
3  > 19
0 <  18
0  > 30
1 <  0
1  > 0
2 <  0 (4)
2 has [0,1,7,10,11,19,19,21,25,25,31], [[0,1,2]]
2  > 7
3 <  15
3  > 22
0 <  16
0  > 25
1 <  21
1  > 27
2 <  7
2  > 7
3 <  32
3  > 26
0 <  23
0  > 23
1 <  30
1  > 30
2 <  14
2  > 14
3 <  26
3  > 26
0 <  22
0  > 22
1 <  22 (6)
1 has [4,4,5,6,8,13,15,16,17,18,19], [[20,21,22]]
1  > 13
2 <  3
2  > 31
3 <  23
3  > 23
0 <  8
0  > 8
1 <  3
1  > 8
2 <  12
2  > 21
3 <  23
3  > 23
0 <  17
0  > 18
1 <  21
1  > 21
2 <  20
2  > 3
3 <  30
3  > 30
0 <  24
0  > 24
1 <  6
1  > 19
2 <  8
2  > 8
3 <  2
3  > 2
0 <  13
0  > 10
1 <  11
1  > 11
2 <  13
2  > 19
3 <  18
3  > 18
0 <  24
0  > 24
1 <  37
1 <  5
1  > 18
2 <  18 (4)
2 has [0,1,10,11,12,13,25,25], [[0,1,2],[18,19,20]]
2  > 0
3 <  22
3  > 22
0 <  11
0  > 0
1 <  24
1  > 24
2 <  27
2  > 1
3 <  15
3  > 2
0 <  28
0  > 0
1 <  20
1  > 20
2 <  33
2  > 33
3 <  21
3  > 21
0 <  1
0  > 28
1 <  30
1  > 30
2 <  1
2  > 1
3 <  10
3  > 2
0 <  2 (5)
0 has [4,5,11,12,13,15,16,17,17,32,32], [[1,2,3]]
0  > 4
1 <  8
1  > 8
2 <  34
2 <  31
2  > 27
3 <  4
3  > 4
0 <  3
0  > 5
1 <  28
1  > 28
2 <  26
2  > 31
3 <  28
3  > 28
0 <  36
0 <  12
0  > 3
1 <  3 (32)
1 has [3,4,5,6,6,15,16,17], [[20,21,22],[3,4,5]!]
Player 1 wins hand 4! (hand took 238ms)
0: -56, hand: 11,12,12,13,15,16,17,17,32,32, [[1,2,3]], (36)
1: 168, hand: 3,4,5,6,6,15,16,17, [[20,21,22],[3,4,5]!], (37)
2: -50, hand: 10,11,12,13,25,25,26, [[0,1,2],[18,19,20]], (35,34)
3: -62, hand: 9,9,10,11,13,14,15,15,16,16,17,29,32, [], (38)

Starting hand 5.
this.hand=5; this.draws=0; config.PRNG.seed(400477283); this.wind=1; this.windOfTheRound=0;
wall: 6,1,32,30,1,4,13,16,36,25,3,30,14,26,18,0,17,33,12,28,6,25,29,26,7,27,16,13,24,20,22,7,16,6,32,11,13,5,10,2,2,6,21,33,24,31,7,18,11,0,17,10,30,5,14,4,31,3,8,23,7,21,23,3,20,27,25,3,10,14,32,5,15,21,34,15,15,8,32,9,1,2,30,9,22,17,28,33,27,29,28,23,19,4,4,25,29,12,1,5,17,0,26,31,18,13,2,15,12,11,8,12,20,27,18,22,19,26,8,19,37,24,9,20,40,41,23,31,16,35,14,38,29,22,11,9,39,33,21,24,28,0,19,10
initial deal
tiles for 0: 1,1,3,4,6,13,14,16,25,26,30,30,32
tiles for 1: 0,6,7,12,16,17,18,25,26,27,28,29,33
tiles for 2: 2,5,6,7,10,11,13,13,16,20,22,24,32
tiles for 3: 0,2,6,7,10,11,17,18,21,24,30,31,33
prepare play
tiles for 0: 1,1,3,4,6,13,14,16,25,26,30,30,32 []
tiles for 1: 0,6,7,12,16,17,18,25,26,27,28,29,33 []
tiles for 2: 2,5,6,7,10,11,13,13,16,20,22,24,32 []
tiles for 3: 0,2,6,7,10,11,17,18,21,24,30,31,33 []
1 <  5
1  > 29
2 <  14
2  > 2
3 <  4
3  > 30
0 <  31
0  > 32
1 <  3
1  > 28
2 <  8
2  > 32
3 <  23
3  > 18
0 <  7
0  > 31
1 <  21
1  > 12
2 <  12 (6)
2 has [5,6,7,8,13,13,14,16,20,22,24], [[10,11,12]]
2  > 20
3 <  23
3  > 17
0 <  3
0  > 16
1 <  20
1  > 0
2 <  27
2  > 27
3 <  25
3  > 23
0 <  3
0  > 13
1 <  10
1  > 10
2 <  14
2  > 16
3 <  32
3  > 25
0 <  5
0  > 14
1 <  15
1  > 33
2 <  21
2  > 24
3 <  34
3 <  15
3  > 21
0 <  15
0  > 15
1 <  15 (4)
1 has [3,5,6,7,15,18,20,21,25,26,27], [[15,16,17]]
1  > 15
2 <  15 (6)
2 has [5,6,7,8,13,14,21,22], [[10,11,12],[13,14,15]]
2  > 21
3 <  8
3  > 24
0 <  32
0  > 25
1 <  9
1  > 9
2 <  1
2  > 22
3 <  2
3  > 23
0 <  30
0  > 26
1 <  9
1  > 9
2 <  22
2  > 22
3 <  17
3  > 2
0 <  2 (5)
0 has [1,3,3,4,5,6,7,30,30,30,32], [[1,2,3]]
0  > 30
1 <  28
1  > 28
2 <  33
2  > 1
3 <  27
3  > 2
0 <  2 (5)
0 has [3,4,5,6,7,30,30,32], [[1,2,3],[1,2,3]]
0  > 32
1 <  29
1  > 29
2 <  28
2  > 28
3 <  23
3  > 32
0 <  19
0  > 19
1 <  19 (5)
1 has [3,5,6,7,21,25,26,27], [[15,16,17],[18,19,20]]
1  > 21
2 <  4
2  > 33
3 <  4
3  > 23
0 <  25
0  > 25
1 <  29
1  > 29
2 <  12
2  > 5
0 <  5 (32)
0 has [5,6,7,30,30], [[1,2,3],[1,2,3],[3,4,5]!]
Player 0 wins hand 5! (hand took 194ms)
0: 224, hand: 5,6,7,30,30, [[1,2,3],[1,2,3],[3,4,5]!], (36)
1: -120, hand: 3,5,6,7,25,26,27, [[15,16,17],[18,19,20]], ()
2: -60, hand: 4,6,7,8,12,13,14, [[10,11,12],[13,14,15]], ()
3: -44, hand: 0,4,4,6,7,8,10,11,15,17,27,31,33, [], (34)

Starting hand 6.
this.hand=6; this.draws=0; config.PRNG.seed(429840346); this.wind=2; this.windOfTheRound=0;
wall: 12,19,19,25,29,27,16,12,18,14,31,11,27,35,33,20,1,3,39,5,1,9,34,16,40,9,32,1,3,2,5,17,17,41,31,11,25,38,25,18,8,36,27,4,11,13,6,1,29,13,2,26,17,13,0,19,0,10,37,33,31,20,5,11,9,27,10,26,22,2,20,8,23,23,33,20,24,18,28,7,24,17,30,13,30,4,29,15,28,22,32,0,10,21,30,21,32,10,18,33,16,31,15,22,21,9,4,28,7,32,0,30,24,23,26,8,14,23,28,7,15,14,22,8,6,6,14,2,4,29,7,3,5,16,15,25,6,24,12,12,26,19,21,3
initial deal
tiles for 0: 11,12,12,14,16,18,19,19,25,27,27,29,31
tiles for 1: 1,1,1,2,3,3,5,9,9,16,20,32,33
tiles for 2: 4,5,8,11,11,13,17,17,18,25,25,27,31
tiles for 3: 0,0,1,2,6,10,13,13,17,19,26,29,33
prepare play
tiles for 0: 11,12,12,14,16,18,19,19,25,27,27,29,31 []
tiles for 1: 1,1,1,2,3,3,5,9,9,16,20,32,33 []
tiles for 2: 4,5,8,11,11,13,17,17,18,25,25,27,31 []
tiles for 3: 0,0,1,2,6,10,13,13,17,19,26,29,33 []
2 <  31
2  > 18
3 <  20
3  > 29
0 <  5
0  > 5
1 <  11
1  > 16
2 <  9
2  > 8
3 <  27
3  > 26
0 <  10
0  > 25
2 <  25 (8)
2 has [4,5,9,11,11,13,17,17,27,31,31], [[25,25,25]]
2  > 27
0 <  27 (8)
0 has [10,11,12,12,14,16,18,19,19,29,31], [[27,27,27]]
0  > 18
1 <  26
1  > 26
2 <  22
2  > 22
3 <  2
3  > 27
0 <  20
0  > 19
1 <  8
1  > 20
2 <  23
2  > 23
3 <  23
3  > 20
0 <  33
0  > 19
1 <  20
1  > 20
2 <  24
2  > 24
3 <  18
3  > 18
0 <  28
0  > 28
1 <  7
1  > 33
2 <  24
2  > 24
3 <  17
3  > 23
0 <  30
0  > 30
1 <  13
1  > 32
2 <  30
2  > 30
3 <  4
3  > 19
0 <  29
0  > 20
1 <  15
1  > 13
2 <  28
2  > 28
3 <  22
3  > 22
0 <  32
0  > 14
1 <  0
1  > 15
2 <  10
2  > 13
3 <  21
3  > 21
0 <  30
0  > 30
1 <  21
1  > 21
2 <  32
2  > 32
3 <  10
3  > 2
0 <  18
0  > 18
1 <  33
1  > 33
2 <  16
2  > 5
3 <  31
3  > 4
0 <  15
0  > 16
1 <  22
1  > 22
2 <  21
2  > 4
3 <  9
3  > 1
1 <  1 (16)
1 has [0,2,3,3,5,7,8,9,9,11], [[1,1,1,1]]
1 <  4
1  > 0
2 <  28
2  > 28
3 <  7
3  > 2
0 <  32
0  > 15
1 <  0
1  > 0
2 <  30
2  > 30
3 <  24
3  > 24
0 <  23
0  > 23
1 <  26
1  > 26
2 <  8
2  > 21
3 <  14
3  > 31
2 <  31 (8)
2 has [8,9,10,11,11,16,17,17], [[25,25,25],[31,31,31]]
2  > 8
3 <  8 (6)
3 has [0,0,9,10,10,13,13,14,17,17,33], [[6,7,8]]
3  > 33
0 <  23
0  > 33
1 <  28
1  > 28
2 <  7
2  > 7
3 <  15
3  > 0
0 <  14
0  > 31
1 <  22
1  > 22
2 <  8
2  > 8
3 <  6
3  > 0
0 <  6
0  > 23
1 <  14
1  > 14
2 <  2
2  > 2
Hand was a draw.

Restarting hand 6.
this.hand=6; this.draws=1; config.PRNG.seed(1687678650); this.wind=2; this.windOfTheRound=0;
wall: 23,1,13,33,41,39,19,25,21,10,24,17,7,15,7,27,32,6,20,25,7,6,3,12,29,0,30,5,36,16,3,25,4,25,4,24,28,11,30,19,33,16,15,11,31,14,10,17,9,31,35,29,31,15,2,26,20,21,12,13,20,26,24,27,27,18,28,2,24,32,6,8,21,13,30,19,16,2,37,23,0,17,14,5,19,4,14,32,34,38,1,9,28,12,29,0,22,27,15,3,11,33,11,0,8,16,9,30,13,6,18,22,33,5,26,28,3,1,20,18,8,10,21,22,12,17,8,14,7,22,18,32,26,23,29,4,1,23,2,5,31,9,10,40
initial deal
tiles for 0: 1,7,7,10,13,15,17,19,21,23,24,25,33
tiles for 1: 0,3,5,6,6,7,12,20,25,27,29,30,32
tiles for 2: 3,4,4,11,16,16,19,24,25,25,28,30,33
tiles for 3: 2,9,10,11,14,15,15,17,26,29,31,31,31
prepare play
tiles for 0: 1,7,7,10,13,15,17,19,21,23,24,25,33 []
tiles for 1: 0,3,5,6,6,7,12,20,25,27,29,30,32 []
tiles for 2: 3,4,4,11,16,16,19,24,25,25,28,30,33 []
tiles for 3: 2,9,10,11,14,15,15,17,26,29,31,31,31 []
2 <  20
2  > 30
3 <  21
3  > 29
0 <  12
0  > 1
1 <  13
1  > 30
2 <  20
2  > 28
3 <  26
3  > 2
0 <  24
0  > 10
1 <  27
1  > 29
2 <  27
2  > 11
3 <  18
3  > 21
0 <  28
0  > 28
1 <  2
1  > 20
2 <  20 (8)
2 has [3,4,4,16,16,19,24,25,25,27,33], [[20,20,20]]
2  > 19
3 <  24
3  > 18
0 <  32
0  > 15
3 <  15 (8)
3 has [9,10,11,14,17,24,26,26,31,31,31], [[15,15,15]]
3  > 26
0 <  6
0  > 12
1 <  8
1  > 25
2 <  25 (8)
2 has [3,4,4,16,16,24,27,33], [[20,20,20],[25,25,25]]
2  > 24
3 <  21
3  > 24
0 <  13
0  > 17
1 <  30
1  > 30
2 <  19
2  > 19
3 <  16
3  > 26
0 <  2
0  > 13
1 <  37
1 <  23
1  > 23
2 <  0
2  > 0
3 <  17
3  > 21
0 <  14
0  > 13
1 <  5
1  > 32
2 <  19
2  > 19
3 <  4
3  > 4
2 <  4 (8)
2 has [3,16,16,27,33], [[20,20,20],[25,25,25],[4,4,4]]
2  > 3
3 <  14
3  > 14
0 <  32
0  > 14
1 <  14 (6)
1 has [0,2,3,5,5,6,6,7,8,27,27], [[12,13,14]]
1  > 0
2 <  34
2 <  38
2 <  1
2  > 1
3 <  9
3  > 9
0 <  28
0  > 28
1 <  12
1  > 12
2 <  29
2  > 29
3 <  0
3  > 0
0 <  22
0  > 2
1 <  27
1  > 2
2 <  15
2  > 33
3 <  3
3  > 3
0 <  11
0  > 11
1 <  33
1  > 33
2 <  11
2  > 11
3 <  0
3  > 0
0 <  8
0  > 33
1 <  16
1  > 16
2 <  16 (8)
2 has [15,27], [[20,20,20],[25,25,25],[4,4,4],[16,16,16]]
2  > 15
3 <  15 (32)
3 has [9,10,11,17,17,31,31,31], [[15,15,15],[14,15,16]!]
Player 3 wins hand 6! (hand took 208ms)
0: -140, hand: 6,7,7,8,19,21,22,23,24,24,25,32,32, [], (41,39)
1: -98, hand: 3,5,5,6,6,7,8,27,27,27, [[12,13,14]], (37)
2: -146, hand: 27, [[20,20,20],[25,25,25],[4,4,4],[16,16,16]], (36,34,38)
3: 384, hand: 9,10,11,17,17,31,31,31, [[15,15,15],[14,15,16]!], (35)

Starting hand 7.
this.hand=7; this.draws=0; config.PRNG.seed(937643210); this.wind=3; this.windOfTheRound=0;
wall: 15,29,12,36,26,11,35,4,4,9,39,27,7,30,12,19,22,3,8,20,30,12,2,21,24,31,19,25,8,11,23,16,29,41,11,23,13,17,21,33,33,13,28,18,13,20,24,31,25,33,37,28,29,23,26,20,3,0,38,33,22,6,10,6,5,14,13,14,29,18,22,8,31,27,2,24,20,32,31,9,5,25,10,3,4,22,23,16,27,1,6,1,30,9,40,5,17,26,15,7,7,12,32,0,6,17,32,1,1,24,10,18,2,27,28,16,17,0,2,25,3,21,28,15,11,0,16,7,10,5,18,14,21,34,9,15,19,32,8,30,14,26,19,4
initial deal
tiles for 0: 4,4,7,9,11,12,12,15,19,26,27,29,30
tiles for 1: 2,3,8,8,12,19,20,21,22,24,25,30,31
tiles for 2: 11,11,13,13,16,17,21,23,23,28,29,33,33
tiles for 3: 3,13,18,20,20,23,24,25,26,28,29,31,33
prepare play
tiles for 0: 4,4,7,9,11,12,12,15,19,26,27,29,30 []
tiles for 1: 2,3,8,8,12,19,20,21,22,24,25,30,31 []
tiles for 2: 11,11,13,13,16,17,21,23,23,28,29,33,33 []
tiles for 3: 3,13,18,20,20,23,24,25,26,28,29,31,33 []
3 <  0
3  > 29
0 <  38
0 <  33
0  > 29
1 <  22
1  > 30
2 <  6
2  > 29
3 <  10
3  > 28
0 <  6
0  > 19
1 <  5
1  > 12
2 <  12 (5)
2 has [6,11,13,16,17,21,23,23,28,33,33], [[11,12,13]]
2  > 6
3 <  14
3  > 3
0 <  13
0  > 26
1 <  26 (6)
1 has [2,3,5,8,8,19,20,21,22,22,31], [[24,25,26]]
1  > 31
2 <  14
2  > 28
3 <  29
3  > 29
0 <  18
0  > 18
1 <  22
1  > 5
2 <  8
2  > 8
3 <  31
3  > 0
0 <  27
0  > 9
1 <  2
1  > 2
2 <  24
2  > 21
3 <  20
3  > 10
0 <  32
0  > 11
1 <  31
1  > 31
3 <  31 (8)
3 has [13,14,18,20,20,20,23,24,25,26,33], [[31,31,31]]
3  > 26
0 <  9
0  > 12
1 <  5
1  > 5
2 <  25
2  > 11
3 <  10
3  > 10
0 <  3
0  > 15
1 <  4
Player 1 wins hand 7! (hand took 99ms)
0: -10, hand: 3,4,4,6,7,9,12,13,27,27,30,32,33, [], (36,35,39,38)
1: 64, hand: 2,3,4,8,8,19,20,21,22,22,22, [[24,25,26]], ()
2: -46, hand: 13,14,16,17,23,23,24,25,33,33, [[11,12,13]], (41)
3: -8, hand: 13,14,18,20,20,20,23,24,25,33, [[31,31,31]], (37)

Starting hand 8.
this.hand=8; this.draws=0; config.PRNG.seed(1632782683); this.wind=0; this.windOfTheRound=1;
wall: 7,23,3,36,11,1,29,13,10,25,2,14,9,21,28,21,4,20,33,29,1,25,22,31,4,30,11,0,0,15,41,0,25,7,30,26,6,32,15,40,33,8,13,7,10,37,31,12,1,15,30,3,8,12,14,31,34,35,18,2,13,30,17,21,12,8,12,6,23,22,19,18,8,27,9,26,22,14,24,17,5,18,19,11,7,27,3,16,29,6,10,4,0,25,33,3,23,26,24,31,16,23,9,24,16,6,10,2,2,21,20,28,24,15,20,28,14,27,13,4,1,20,28,5,5,19,32,32,22,29,17,18,38,39,9,32,17,26,19,5,11,16,27,33
initial deal
tiles for 0: 1,2,3,7,9,10,11,13,14,21,23,25,29
tiles for 1: 1,4,4,11,20,21,22,25,28,29,30,31,33
tiles for 2: 0,0,0,6,7,8,15,15,25,26,30,32,33
tiles for 3: 1,3,7,8,10,12,12,13,14,15,30,31,31
prepare play
tiles for 0: 1,2,3,7,9,10,11,13,14,21,23,25,29 []
tiles for 1: 1,4,4,11,20,21,22,25,28,29,30,31,33 []
tiles for 2: 0,0,0,6,7,8,15,15,25,26,30,32,33 []
tiles for 3: 1,3,7,8,10,12,12,13,14,15,30,31,31 []
0 <  34
0 <  35
0 <  18
0  > 29
1 <  2
1  > 29
2 <  13
2  > 30
3 <  30
3  > 3
0 <  17
0  > 23
1 <  23 (6)
1 has [1,2,4,4,11,20,25,28,30,31,33], [[21,22,23]]
1  > 11
2 <  21
2  > 21
3 <  12
3  > 7
0 <  8
0  > 21
1 <  12
1  > 12
3 <  12 (16)
3 has [1,8,10,13,14,15,30,30,31,31], [[12,12,12,12]]
3 <  6
3  > 1
0 <  1 (4)
0 has [1,7,8,9,10,11,13,14,17,18,25], [[1,2,3]]
0  > 18
1 <  23
1  > 20
2 <  22
2  > 22
3 <  19
3  > 19
0 <  18
0  > 25
1 <  8
1  > 8
2 <  27
2  > 27
3 <  9
3  > 8
0 <  26
0  > 26
1 <  22
1  > 33
2 <  14
2  > 33
3 <  24
3  > 6
0 <  6 (4)
0 has [1,9,10,11,13,14,17,18], [[1,2,3],[6,7,8]]
0  > 1
1 <  17
1  > 17
2 <  5
2  > 32
3 <  18
3  > 18
0 <  19
0  > 19
1 <  11
1  > 11
2 <  7
2  > 7
3 <  27
3  > 27
0 <  3
0  > 18
1 <  16
1  > 16
2 <  16 (6)
2 has [0,0,0,5,6,7,8,13,15,25,26], [[14,15,16]]
2  > 0
3 <  29
3  > 29
0 <  6
0  > 6
1 <  10
1  > 10
2 <  4
2  > 15
3 <  0
3  > 0
0 <  25
0  > 25
1 <  33
1  > 28
2 <  3
2  > 13
3 <  23
3  > 23
0 <  26
0  > 26
1 <  24
1  > 31
3 <  31 (8)
3 has [9,10,13,14,15,24,30,30], [[12,12,12,12],[31,31,31]]
3  > 24
0 <  31
0  > 31
1 <  16
1  > 16
2 <  23
2  > 23
3 <  9
3  > 9
0 <  24
0  > 24
1 <  16
1  > 16
2 <  6
2  > 6
3 <  10
3  > 10
0 <  2
0  > 11
3 <  11 (32)
3 has [13,14,15,30,30], [[12,12,12,12],[31,31,31],[9,10,11]!]
Player 3 wins hand 8! (hand took 200ms)
0: -176, hand: 2,3,9,10,13,14,17, [[1,2,3],[6,7,8]], (36,34,35)
1: -136, hand: 1,2,4,4,22,23,24,25,30,33, [[21,22,23]], ()
2: -104, hand: 0,0,3,4,5,6,7,8,25,26, [[14,15,16]], (41,40)
3: 416, hand: 13,14,15,30,30, [[12,12,12,12],[31,31,31],[9,10,11]!], (37)

Starting hand 9.
this.hand=9; this.draws=0; config.PRNG.seed(784085065); this.wind=1; this.windOfTheRound=1;
wall: 9,23,24,4,38,19,35,25,6,9,16,20,25,8,17,5,27,17,26,19,22,13,6,30,12,16,11,6,6,15,13,1,20,7,8,11,26,4,24,18,32,3,5,22,5,33,41,24,1,17,4,2,3,8,29,12,28,11,0,0,1,2,27,21,10,21,31,12,12,28,37,15,19,20,23,25,30,22,9,14,30,28,16,15,7,5,20,36,0,31,14,23,3,25,10,33,3,13,33,17,14,32,39,1,26,31,19,16,15,2,18,26,31,40,22,0,29,4,29,10,7,33,2,28,27,27,34,32,23,13,30,18,29,10,8,9,21,21,24,18,14,7,11,32
initial deal
tiles for 0: 4,6,8,9,9,16,17,19,20,23,24,25,25
tiles for 1: 5,6,6,11,12,13,16,17,19,22,26,27,30
tiles for 2: 1,4,6,7,8,11,13,15,18,20,24,26,32
tiles for 3: 1,2,3,3,4,5,5,8,17,22,24,29,33
prepare play
tiles for 0: 4,6,8,9,9,16,17,19,20,23,24,25,25 []
tiles for 1: 5,6,6,11,12,13,16,17,19,22,26,27,30 []
tiles for 2: 1,4,6,7,8,11,13,15,18,20,24,26,32 []
tiles for 3: 1,2,3,3,4,5,5,8,17,22,24,29,33 []
1 <  12
1  > 30
2 <  28
2  > 1
3 <  11
3  > 24
0 <  0
0  > 17
1 <  0
1  > 0
2 <  1
2  > 1
3 <  2
3  > 22
0 <  27
0  > 27
1 <  21
1  > 26
2 <  10
2  > 32
3 <  21
3  > 21
0 <  31
0  > 9
1 <  12
1  > 27
2 <  12
2  > 28
3 <  28
3  > 17
0 <  37
0 <  15
0  > 9
1 <  19
1  > 5
2 <  5 (5)
2 has [7,8,10,11,12,13,15,18,20,24,26], [[4,5,6]]
2  > 18
3 <  20
3  > 20
0 <  23
0  > 16
1 <  25
1  > 25
2 <  25 (5)
2 has [7,8,10,11,12,13,15,20], [[4,5,6],[24,25,26]]
2  > 20
3 <  30
3  > 30
0 <  22
0  > 15
1 <  15 (4)
1 has [6,6,11,12,12,12,13,19,19,21,22], [[15,16,17]]
1  > 22
2 <  9
2  > 15
3 <  14
3  > 11
0 <  30
0  > 30
1 <  28
1  > 28
2 <  16
2  > 16
3 <  15
3  > 1
0 <  7
0  > 0
1 <  5
1  > 21
2 <  20
2  > 20
3 <  36
3 <  0
3  > 2
0 <  31
0  > 22
1 <  14
1  > 5
2 <  23
2  > 23
3 <  3
3  > 0
0 <  25
0  > 24
1 <  10
1  > 11
2 <  11 (4)
2 has [7,8,9,10,11], [[4,5,6],[24,25,26],[11,12,13]]
2  > 7
3 <  33
3  > 5
0 <  5 (5)
0 has [7,8,19,20,23,23,25,25,25,31,31], [[4,5,6]]
0  > 20
1 <  3
1  > 3
2 <  13
2  > 8
3 <  33
3  > 4
0 <  17
0  > 17
1 <  14
1  > 6
2 <  32
2  > 13
3 <  13 (4)
3 has [2,3,3,3,5,8,28,29,33,33,33], [[13,14,15]]
3  > 33
0 <  39
0 <  1
0  > 1
1 <  26
1  > 26
2 <  31
2  > 31
0 <  31 (8)
0 has [7,8,19,23,23,25,25,25], [[4,5,6],[31,31,31]]
0  > 23
1 <  19
1  > 6
2 <  16
2  > 16
3 <  15
3  > 15
0 <  2
0  > 8
1 <  18
1  > 18
2 <  26
2  > 26
3 <  31
3  > 31
0 <  40
0 <  22
0  > 7
1 <  0
1  > 0
2 <  29
2  > 29
3 <  4
3  > 8
0 <  29
0  > 2
1 <  10
1  > 14
2 <  7
2  > 7
3 <  33
3  > 28
0 <  2
0  > 29
1 <  28
1  > 28
2 <  27
2  > 27
3 <  27
3  > 27
0 <  34
0 <  32
0  > 2
Hand was a draw.

Restarting hand 9.
this.hand=9; this.draws=1; config.PRNG.seed(296948955); this.wind=1; this.windOfTheRound=1;
wall: 4,3,16,21,25,13,22,2,21,31,21,28,24,13,26,24,3,16,15,14,19,1,19,12,29,22,28,2,8,5,13,22,26,4,28,31,21,15,0,4,34,1,17,36,33,40,33,7,23,18,4,19,15,35,18,17,32,29,25,6,23,14,8,3,12,24,6,10,20,13,11,29,5,1,39,17,37,24,12,32,25,31,9,27,7,7,16,26,7,0,8,30,9,12,29,22,20,1,27,2,10,33,32,27,28,10,15,25,23,6,20,9,30,18,11,3,31,6,19,33,16,2,10,8,18,5,41,27,23,5,30,17,32,11,14,20,9,0,26,14,0,30,38,11
initial deal
tiles for 0: 2,3,4,13,16,21,21,21,22,24,25,28,31
tiles for 1: 1,3,12,13,14,15,16,19,19,22,24,26,29
tiles for 2: 0,2,4,5,8,13,15,21,22,26,28,28,31
tiles for 3: 1,4,4,7,15,17,17,18,18,19,23,33,33
prepare play
tiles for 0: 2,3,4,13,16,21,21,21,22,24,25,28,31 []
tiles for 1: 1,3,12,13,14,15,16,19,19,22,24,26,29 []
tiles for 2: 0,2,4,5,8,13,15,21,22,26,28,28,31 []
tiles for 3: 1,4,4,7,15,17,17,18,18,19,23,33,33 []
1 <  32
1  > 29
2 <  29
2  > 29
3 <  25
3  > 7
0 <  6
0  > 16
1 <  23
1  > 32
2 <  14
2  > 26
3 <  8
3  > 4
0 <  3
0  > 13
1 <  12
1  > 1
2 <  1 (5)
2 has [4,5,8,13,14,15,21,22,28,28,31], [[0,1,2]]
2  > 8
3 <  24
3  > 1
0 <  6
0  > 22
1 <  22 (4)
1 has [3,12,12,13,14,15,16,19,19,22,26], [[22,23,24]]
1  > 3
2 <  3 (4)
2 has [13,14,15,21,22,28,28,31], [[0,1,2],[3,4,5]]
2  > 31
3 <  10
3  > 4
0 <  20
0  > 25
1 <  13
1  > 26
2 <  11
2  > 11
3 <  29
3  > 8
0 <  5
0  > 24
1 <  1
1  > 1
2 <  39
2 <  17
2  > 17
3 <  37
3 <  24
3  > 10
0 <  12
0  > 12
1 <  12 (8)
1 has [13,13,14,15,16,19,19,22], [[22,23,24],[12,12,12]]
1  > 22
2 <  32
2  > 32
3 <  25
3  > 18
0 <  31
0  > 20
1 <  9
1  > 9
2 <  27
2  > 27
3 <  7
3  > 7
0 <  7 (6)
0 has [2,3,3,4,6,21,21,21,28,31,31], [[5,6,7]]
0  > 21
1 <  7
1  > 7
2 <  16
2  > 16
3 <  16 (5)
3 has [17,18,19,23,24,24,25,25,29,33,33], [[15,16,17]]
3  > 17
0 <  26
0  > 21
1 <  7
1  > 7
2 <  0
2  > 0
3 <  8
3  > 8
0 <  30
0  > 30
1 <  9
1  > 9
2 <  12
2  > 12
3 <  29
3  > 25
0 <  22
0  > 22
1 <  20
1  > 20
2 <  20 (32)
2 has [13,14,15,28,28], [[0,1,2],[3,4,5],[20,21,22]!]
Player 2 wins hand 9! (hand took 175ms)
0: -222, hand: 2,3,3,4,6,21,26,28,31,31, [[5,6,7]], ()
1: -444, hand: 13,13,14,15,16,19,19, [[22,23,24],[12,12,12]], ()
2: 128, hand: 13,14,15,28,28, [[0,1,2],[3,4,5],[20,21,22]!], (39)
3: 538, hand: 18,19,23,24,24,25,29,29,33,33, [[15,16,17]], (34,36,40,35,37)

Starting hand 10.
this.hand=10; this.draws=0; config.PRNG.seed(1426936257); this.wind=2; this.windOfTheRound=1;
wall: 3,9,32,7,19,10,14,14,5,20,0,13,29,41,23,30,1,4,12,33,7,17,0,24,9,20,40,29,26,9,8,22,26,6,2,8,16,21,33,16,12,6,19,18,30,14,31,24,31,1,15,26,25,11,25,10,3,25,21,27,0,39,15,32,7,31,35,22,12,8,0,23,37,27,12,5,28,3,30,10,26,17,4,22,14,17,9,20,24,23,38,13,21,5,28,18,5,11,28,29,33,24,11,27,31,6,30,13,19,23,21,1,16,18,36,16,11,22,18,8,6,2,29,32,4,34,32,27,2,10,1,15,17,33,19,20,25,2,7,4,3,15,13,28
initial deal
tiles for 0: 0,3,5,7,9,10,13,14,14,19,20,29,32
tiles for 1: 0,1,4,7,9,12,17,20,23,24,29,30,33
tiles for 2: 2,6,8,8,9,12,16,16,21,22,26,26,33
tiles for 3: 1,6,11,14,15,18,19,24,25,26,30,31,31
prepare play
tiles for 0: 0,3,5,7,9,10,13,14,14,19,20,29,32 []
tiles for 1: 0,1,4,7,9,12,17,20,23,24,29,30,33 []
tiles for 2: 2,6,8,8,9,12,16,16,21,22,26,26,33 []
tiles for 3: 1,6,11,14,15,18,19,24,25,26,30,31,31 []
2 <  25
2  > 2
3 <  10
3  > 6
0 <  6 (5)
0 has [0,3,9,10,13,14,14,19,20,29,32], [[5,6,7]]
0  > 20
1 <  3
1  > 29
2 <  25
2  > 12
3 <  12 (6)
3 has [1,14,15,18,19,24,25,26,30,31,31], [[10,11,12]]
3  > 1
0 <  21
0  > 21
1 <  27
1  > 30
2 <  0
2  > 0
3 <  39
3 <  15
3  > 19
0 <  32
0  > 19
1 <  7
1  > 27
2 <  31
2  > 9
3 <  35
3 <  22
3  > 22
0 <  12
0  > 0
1 <  8
1  > 20
2 <  20 (4)
2 has [6,8,8,16,16,25,25,26,26,31,33], [[20,21,22]]
2  > 33
3 <  0
3  > 0
0 <  23
0  > 23
1 <  37
1 <  27
1  > 27
2 <  12
2  > 12
3 <  5
3  > 5
0 <  28
0  > 3
1 <  3
1  > 17
2 <  30
2  > 30
3 <  10
3  > 10
0 <  26
0  > 26
1 <  17
1  > 17
2 <  4
2  > 31
3 <  31 (8)
3 has [14,15,15,18,24,25,26,30], [[10,11,12],[31,31,31]]
3  > 25
0 <  22
0  > 22
1 <  22 (4)
1 has [0,1,3,3,4,7,7,8,9,12,33], [[22,23,24]]
1  > 9
2 <  14
2  > 4
3 <  17
3  > 18
0 <  9
0  > 10
1 <  20
1  > 20
2 <  24
2  > 14
3 <  23
3  > 24
0 <  38
0 <  13
0  > 9
1 <  21
1  > 21
2 <  5
2  > 6
3 <  28
3  > 26
0 <  18
0  > 18
1 <  5
1  > 12
2 <  11
2  > 5
3 <  28
3  > 23
0 <  29
0  > 9
1 <  33
1  > 8
2 <  24
2  > 11
3 <  11
3  > 11
0 <  27
0  > 27
1 <  31
1  > 31
2 <  6
2  > 6
3 <  30
3  > 30
0 <  13
0  > 12
1 <  19
1  > 19
2 <  23
2  > 23
3 <  21
3  > 30
0 <  1
0  > 1
1 <  16
1  > 16
2 <  16 (32)
2 has [8,8,24,24,25,25,26,26], [[20,21,22],[16,16,16]!]
Player 2 wins hand 10! (hand took 225ms)
0: -42, hand: 13,13,13,14,14,28,29,29,32,32, [[5,6,7]], (38)
1: -36, hand: 0,1,3,3,4,5,7,7,33,33, [[22,23,24]], (41,40,37)
2: 72, hand: 8,8,24,24,25,25,26,26, [[20,21,22],[16,16,16]!], ()
3: 6, hand: 14,15,15,17,21,28,28, [[10,11,12],[31,31,31]], (39,35)

Starting hand 11.
this.hand=11; this.draws=0; config.PRNG.seed(9273646); this.wind=2; this.windOfTheRound=1;
wall: 15,25,4,36,6,39,16,9,22,4,4,12,31,6,6,12,13,2,2,3,21,3,26,30,30,34,18,37,7,18,20,11,25,15,15,1,23,14,23,7,32,11,1,17,23,27,9,0,29,27,7,12,31,32,8,17,40,19,11,24,8,33,28,10,25,24,32,31,26,10,19,13,2,30,5,28,38,19,22,15,14,17,28,2,3,12,0,8,9,29,3,1,22,18,13,1,5,14,6,20,22,5,21,41,21,21,24,16,13,33,27,31,16,10,0,23,32,14,20,24,10,26,25,7,29,4,27,30,28,11,16,17,18,19,35,26,5,29,33,9,33,0,8,20
initial deal
tiles for 0: 4,4,4,6,6,6,9,12,15,16,22,25,31
tiles for 1: 2,2,3,3,7,12,13,18,18,21,26,30,30
tiles for 2: 1,1,7,11,11,14,15,15,20,23,23,25,32
tiles for 3: 0,7,8,9,12,17,17,23,27,27,29,31,32
prepare play
tiles for 0: 4,4,4,6,6,6,9,12,15,16,22,25,31 []
tiles for 1: 2,2,3,3,7,12,13,18,18,21,26,30,30 []
tiles for 2: 1,1,7,11,11,14,15,15,20,23,23,25,32 []
tiles for 3: 0,7,8,9,12,17,17,23,27,27,29,31,32 []
2 <  40
2 <  19
2  > 7
3 <  11
3  > 29
0 <  24
0  > 24
1 <  8
1  > 26
2 <  33
2  > 32
3 <  28
3  > 23
2 <  23 (8)
2 has [1,1,11,11,14,15,15,19,20,25,33], [[23,23,23]]
2  > 25
3 <  10
3  > 0
0 <  25
0  > 22
1 <  24
1  > 24
2 <  32
2  > 32
3 <  31
3  > 7
0 <  26
0  > 26
1 <  10
1  > 21
2 <  19
2  > 33
3 <  13
3  > 8
0 <  2
0  > 25
1 <  30
1  > 10
2 <  5
2  > 5
3 <  28
3  > 32
0 <  38
0 <  19
0  > 19
2 <  19 (8)
2 has [1,1,11,11,14,15,15,20], [[23,23,23],[19,19,19]]
2  > 20
3 <  22
3  > 22
0 <  15
0  > 25
1 <  14
1  > 8
2 <  17
2  > 17
3 <  17 (8)
3 has [9,10,11,12,13,27,27,28,28,31,31], [[17,17,17]]
3  > 9
0 <  28
0  > 12
1 <  12 (4)
1 has [2,2,3,3,7,12,18,18,30,30,30], [[12,13,14]]
1  > 12
2 <  2
2  > 14
3 <  3
3  > 3
1 <  3 (8)
1 has [2,2,7,18,18,30,30,30], [[12,13,14],[3,3,3]]
1  > 7
2 <  12
2  > 2
1 <  2 (32)
1 has [18,18,30,30,30], [[12,13,14],[3,3,3],[2,2,2]!]
Player 1 wins hand 11! (hand took 109ms)
0: -6, hand: 2,4,4,4,6,6,6,9,15,15,16,28,31, [], (36,39,38)
1: 120, hand: 18,18,30,30,30, [[12,13,14],[3,3,3],[2,2,2]!], (34,37)
2: -72, hand: 1,1,11,11,12,15,15, [[23,23,23],[19,19,19]], (40)
3: -42, hand: 10,11,12,13,27,27,28,28,31,31, [[17,17,17]], ()

Starting hand 12.
this.hand=12; this.draws=0; config.PRNG.seed(874792992); this.wind=3; this.windOfTheRound=1;
wall: 31,1,15,26,27,5,14,19,11,5,14,30,20,1,31,40,10,16,9,34,0,23,19,12,25,29,33,7,7,11,39,20,11,35,24,3,22,25,25,18,20,21,27,28,14,3,24,8,4,6,15,14,4,18,28,6,22,30,10,13,23,17,16,21,0,5,9,12,31,29,8,2,18,7,5,16,8,37,21,26,27,0,15,6,33,20,24,3,24,27,29,23,13,32,0,32,12,17,30,26,32,12,11,29,33,25,2,28,9,13,13,41,32,21,16,4,19,10,10,23,22,26,30,22,8,33,18,1,17,3,15,36,2,38,9,6,31,28,17,2,4,7,1,19
initial deal
tiles for 0: 1,5,5,11,14,14,15,19,20,26,27,30,31
tiles for 1: 0,1,7,9,10,12,16,19,23,25,29,31,33
tiles for 2: 3,7,11,11,18,20,20,21,22,24,25,25,27
tiles for 3: 3,4,4,6,6,8,14,14,15,18,24,28,28
prepare play
tiles for 0: 1,5,5,11,14,14,15,19,20,26,27,30,31 []
tiles for 1: 0,1,7,9,10,12,16,19,23,25,29,31,33 []
tiles for 2: 3,7,11,11,18,20,20,21,22,24,25,25,27 []
tiles for 3: 3,4,4,6,6,8,14,14,15,18,24,28,28 []
3 <  22
3  > 24
0 <  30
0  > 27
1 <  10
1  > 7
2 <  13
2  > 27
3 <  23
3  > 22
0 <  17
0  > 19
1 <  16
1  > 19
2 <  19 (5)
2 has [3,7,11,11,13,20,21,22,24,25,25], [[18,19,20]]
2  > 7
3 <  21
3  > 23
0 <  0
0  > 20
1 <  5
1  > 5
0 <  5 (8)
0 has [0,1,11,14,14,15,17,26,30,30,31], [[5,5,5]]
0  > 26
1 <  9
1  > 31
2 <  12
2  > 3
3 <  31
3  > 18
0 <  29
0  > 29
1 <  8
1  > 8
2 <  2
2  > 2
3 <  18
3  > 18
0 <  7
0  > 7
1 <  5
1  > 5
2 <  16
2  > 16
1 <  16 (8)
1 has [0,1,9,9,10,10,12,23,25,29,33], [[16,16,16]]
1  > 29
2 <  8
2  > 8
3 <  37
3 <  21
3  > 21
0 <  26
0  > 26
1 <  27
1  > 27
2 <  0
2  > 0
3 <  15
3  > 21
0 <  6
0  > 6
1 <  33
1  > 25
2 <  20
2  > 20
3 <  24
3  > 24
0 <  3
0  > 15
1 <  24
1  > 12
2 <  27
2  > 27
3 <  29
3  > 29
0 <  23
0  > 23
1 <  13
1  > 13
2 <  32
2  > 32
3 <  0
3  > 3
0 <  32
0  > 17
1 <  12
1  > 12
2 <  17
2  > 17
3 <  30
3  > 30
0 <  30 (8)
0 has [0,1,3,11,14,14,31,32], [[5,5,5],[30,30,30]]
0  > 14
3 <  14 (8)
3 has [0,4,4,6,6,8,15,15,28,28,31], [[14,14,14]]
3  > 4
0 <  26
0  > 26
1 <  32
1  > 32
2 <  12
2  > 12
3 <  11
3  > 11
0 <  29
0  > 29
1 <  33
1  > 1
2 <  25
2  > 25
3 <  2
3  > 4
0 <  28
0  > 14
1 <  9
1  > 0
2 <  13
2  > 25
1 <  25 (32)
1 has [9,9,9,10,10,33,33,33], [[16,16,16],[23,24,25]!]
Player 1 wins hand 12! (hand took 217ms)
0: -72, hand: 0,1,3,11,28,31,32, [[5,5,5],[30,30,30]], ()
1: 288, hand: 9,9,9,10,10,33,33,33, [[16,16,16],[23,24,25]!], (40,34)
2: -60, hand: 11,11,12,13,13,20,21,22,24,25, [[18,19,20]], (39,35)
3: -156, hand: 0,2,6,6,8,15,15,28,28,31, [[14,14,14]], (37)

Starting hand 13.
this.hand=13; this.draws=0; config.PRNG.seed(558662255); this.wind=0; this.windOfTheRound=2;
wall: 8,15,26,35,0,11,22,14,27,39,25,32,11,31,17,2,16,8,6,20,30,23,32,7,22,16,5,9,12,31,32,22,10,6,9,33,31,10,19,24,24,11,13,18,21,11,36,1,41,38,5,18,14,19,5,7,13,4,23,14,16,12,30,21,29,7,20,33,14,0,1,28,27,16,10,23,26,3,28,21,29,30,8,1,6,33,18,18,31,21,25,25,0,29,37,4,3,26,15,26,12,30,19,28,3,4,19,34,24,17,0,5,32,22,24,3,20,2,33,1,27,15,13,23,27,28,2,25,29,13,7,20,12,17,4,15,9,2,10,17,40,6,9,8
initial deal
tiles for 0: 0,8,11,11,14,15,17,22,25,26,27,31,32
tiles for 1: 2,5,6,7,8,9,16,16,20,22,23,30,32
tiles for 2: 6,9,10,10,12,19,22,24,24,31,31,32,33
tiles for 3: 1,5,5,7,11,11,13,13,14,18,18,19,21
prepare play
tiles for 0: 0,8,11,11,14,15,17,22,25,26,27,31,32 []
tiles for 1: 2,5,6,7,8,9,16,16,20,22,23,30,32 []
tiles for 2: 6,9,10,10,12,19,22,24,24,31,31,32,33 []
tiles for 3: 1,5,5,7,11,11,13,13,14,18,18,19,21 []
0 <  4
0  > 26
1 <  23
1  > 9
2 <  14
2  > 6
3 <  16
3  > 19
0 <  12
0  > 25
1 <  30
1  > 2
2 <  21
2  > 33
3 <  29
3  > 21
0 <  7
0  > 22
1 <  20
1  > 32
2 <  33
2  > 33
3 <  14
3  > 18
0 <  0
0  > 4
1 <  1
1  > 1
2 <  28
2  > 28
3 <  27
3  > 27
0 <  16
0  > 15
1 <  10
1  > 10
2 <  23
2  > 32
3 <  26
3  > 18
0 <  3
0  > 3
1 <  28
1  > 28
2 <  21
2  > 14
3 <  29
3  > 26
0 <  30
0  > 30
1 <  30 (8)
1 has [5,6,7,8,16,16,20,20,22,23,23], [[30,30,30]]
1  > 22
2 <  22 (4)
2 has [9,10,10,12,19,21,21,22,24,31,31], [[22,23,24]]
2  > 24
3 <  8
3  > 1
0 <  1
0  > 17
1 <  6
1  > 20
2 <  20 (5)
2 has [9,10,10,12,21,22,31,31], [[22,23,24],[19,20,21]]
2  > 12
3 <  12 (5)
3 has [5,5,7,8,11,13,14,14,16,29,29], [[11,12,13]]
3  > 8
0 <  33
0  > 12
1 <  18
1  > 18
2 <  18
2  > 18
3 <  31
3  > 5
0 <  21
0  > 21
1 <  25
1  > 20
2 <  20 (4)
2 has [9,10,10,31,31], [[22,23,24],[19,20,21],[20,21,22]]
2  > 9
3 <  25
3  > 25
0 <  0
0  > 14
1 <  29
1  > 29
2 <  37
2 <  4
2  > 4
3 <  3
3  > 5
0 <  26
0  > 26
1 <  15
1  > 25
2 <  26
2  > 26
3 <  12
3  > 3
0 <  30
0  > 30
1 <  19
1  > 19
2 <  28
2  > 28
3 <  3
3  > 7
0 <  4
0  > 16
1 <  16 (8)
1 has [5,6,6,7,8,15,23,23], [[30,30,30],[16,16,16]]
1  > 15
2 <  19
2  > 19
3 <  34
3 <  24
3  > 24
0 <  17
0  > 11
1 <  0
1  > 0
0 <  0 (16)
0 has [1,4,7,8,11,17,27,31,32,33], [[0,0,0,0]]
0 <  5
0  > 17
1 <  32
1  > 32
2 <  22
2  > 22
3 <  24
3  > 3
0 <  3 (4)
0 has [1,7,8,11,27,31,32,33], [[0,0,0,0],[3,4,5]]
0  > 32
1 <  3
1  > 3
2 <  20
2  > 20
3 <  2
3  > 2
0 <  33
0  > 1
1 <  1
1  > 1
2 <  27
2  > 27
3 <  15
3  > 24
0 <  13
0  > 31
2 <  31 (32)
2 has [10,10], [[22,23,24],[19,20,21],[20,21,22],[31,31,31]!]
Player 2 wins hand 13! (hand took 255ms)
0: -28, hand: 7,8,11,13,27,33,33, [[0,0,0,0],[3,4,5]], (35,39)
1: -70, hand: 5,6,6,7,8,23,23, [[30,30,30],[16,16,16]], ()
2: 144, hand: 10,10, [[22,23,24],[19,20,21],[20,21,22],[31,31,31]!], (37)
3: -46, hand: 11,12,13,14,14,15,16,29,29,31, [[11,12,13]], (36,41,38,34)

Starting hand 14.
this.hand=14; this.draws=0; config.PRNG.seed(1605539073); this.wind=1; this.windOfTheRound=2;
wall: 9,28,12,25,0,5,4,30,3,32,40,3,33,5,37,17,34,7,32,8,23,35,25,31,39,14,29,13,9,0,10,11,22,14,26,21,18,26,6,5,20,1,32,29,15,17,11,12,0,30,19,18,19,14,20,32,16,29,31,13,7,6,0,21,27,25,25,31,11,17,14,1,10,27,21,2,12,8,11,2,23,30,19,7,6,10,33,7,8,27,36,33,28,10,15,4,16,41,18,1,16,9,22,30,2,13,20,28,6,8,26,15,20,24,38,22,4,21,3,4,29,18,16,24,23,9,23,3,2,22,5,24,27,17,13,1,26,19,28,24,15,31,33,12
initial deal
tiles for 0: 0,3,3,4,5,5,9,12,25,28,30,32,33
tiles for 1: 0,7,8,9,10,13,14,17,23,25,29,31,32
tiles for 2: 1,5,6,11,14,18,20,21,22,26,26,29,32
tiles for 3: 0,11,12,14,15,16,17,18,19,19,20,30,32
prepare play
tiles for 0: 0,3,3,4,5,5,9,12,25,28,30,32,33 []
tiles for 1: 0,7,8,9,10,13,14,17,23,25,29,31,32 []
tiles for 2: 1,5,6,11,14,18,20,21,22,26,26,29,32 []
tiles for 3: 0,11,12,14,15,16,17,18,19,19,20,30,32 []
1 <  29
1  > 0
2 <  31
2  > 1
3 <  13
3  > 30
0 <  7
0  > 30
1 <  6
1  > 17
2 <  0
2  > 0
3 <  21
3  > 0
0 <  27
0  > 27
1 <  25
1  > 32
2 <  25
2  > 14
3 <  31
3  > 19
0 <  11
0  > 25
1 <  25 (8)
1 has [6,7,8,9,10,13,14,23,29,29,31], [[25,25,25]]
1  > 23
2 <  23 (6)
2 has [5,6,11,18,20,25,26,26,29,31,32], [[21,22,23]]
2  > 11
3 <  17
3  > 20
0 <  14
0  > 11
1 <  11 (6)
1 has [6,7,8,13,14,29,29,31], [[25,25,25],[9,10,11]]
1  > 31
2 <  1
2  > 5
3 <  10
3  > 18
0 <  27
0  > 27
1 <  21
1  > 21
2 <  2
2  > 2
3 <  12
3  > 21
0 <  8
0  > 9
1 <  11
1  > 11
2 <  2
2  > 1
3 <  23
3  > 23
0 <  30
0  > 30
1 <  19
1  > 19
2 <  19 (5)
2 has [2,6,25,26,26,29,31,32], [[21,22,23],[18,19,20]]
2  > 2
3 <  7
3  > 19
0 <  6
0  > 12
1 <  12 (32)
1 has [6,7,8,29,29], [[25,25,25],[9,10,11],[12,13,14]!]
Player 1 wins hand 14! (hand took 127ms)
0: -52, hand: 0,3,3,4,5,5,6,7,8,14,28,32,33, [], (40)
1: 180, hand: 6,7,8,29,29, [[25,25,25],[9,10,11],[12,13,14]!], (37,34,35,39)
2: -64, hand: 6,25,26,26,29,31,32, [[21,22,23],[18,19,20]], ()
3: -64, hand: 7,10,11,12,12,13,14,15,16,17,17,31,32, [], ()

Starting hand 15.
this.hand=15; this.draws=0; config.PRNG.seed(823092991); this.wind=1; this.windOfTheRound=2;
wall: 17,33,26,28,34,13,22,5,28,19,2,1,20,20,13,0,35,16,7,29,25,36,17,20,10,15,0,10,24,23,19,31,9,11,1,31,9,10,18,32,3,25,3,3,21,11,14,21,30,25,11,17,12,30,23,24,38,8,14,5,18,31,16,5,5,17,2,16,0,29,2,19,2,7,1,24,29,39,0,8,27,40,30,4,12,13,29,26,41,10,33,21,13,4,22,14,32,22,15,4,7,12,26,26,31,7,15,32,4,14,16,23,22,33,18,28,3,32,6,27,24,23,8,9,25,19,27,27,28,30,12,33,21,37,18,15,6,9,6,6,20,8,1,11
initial deal
tiles for 0: 1,2,5,13,17,19,20,20,22,26,28,28,33
tiles for 1: 0,0,7,10,10,13,15,16,17,20,24,25,29
tiles for 2: 1,3,9,9,10,11,18,19,23,25,31,31,32
tiles for 3: 3,3,11,11,12,14,17,21,21,23,25,30,30
prepare play
tiles for 0: 1,2,5,13,17,19,20,20,22,26,28,28,33 []
tiles for 1: 0,0,7,10,10,13,15,16,17,20,24,25,29 []
tiles for 2: 1,3,9,9,10,11,18,19,23,25,31,31,32 []
tiles for 3: 3,3,11,11,12,14,17,21,21,23,25,30,30 []
1 <  24
1  > 7
2 <  38
2 <  8
2  > 3
3 <  14
3  > 3
0 <  3 (6)
0 has [5,13,17,19,20,20,22,26,28,28,33], [[1,2,3]]
0  > 5
1 <  5
1  > 5
2 <  18
2  > 8
3 <  31
3  > 3
0 <  16
0  > 13
1 <  5
1  > 5
2 <  5
2  > 5
3 <  17
3  > 25
0 <  2
0  > 2
1 <  16
1  > 20
2 <  20 (6)
2 has [1,9,9,10,11,18,23,25,31,31,32], [[18,19,20]]
2  > 1
3 <  0
3  > 0
1 <  0 (8)
1 has [10,10,13,15,16,16,17,24,24,25,29], [[0,0,0]]
1  > 29
2 <  29
2  > 18
3 <  2
3  > 2
0 <  19
0  > 16
1 <  16 (8)
1 has [10,10,13,15,17,24,24,25], [[0,0,0],[16,16,16]]
1  > 17
3 <  17 (8)
3 has [11,11,12,14,14,21,21,23,30,30,31], [[17,17,17]]
3  > 23
0 <  2
0  > 2
1 <  7
1  > 7
2 <  1
2  > 1
3 <  24
3  > 24
1 <  24 (8)
1 has [10,10,13,15,25], [[0,0,0],[16,16,16],[24,24,24]]
1  > 25
2 <  29
2  > 11
3 <  11 (8)
3 has [12,14,14,21,21,30,30,31], [[17,17,17],[11,11,11]]
3  > 21
0 <  39
0 <  0
0  > 0
1 <  8
1  > 8
2 <  27
2  > 27
3 <  40
3 <  30
3  > 21
0 <  4
0  > 4
1 <  12
1  > 12
2 <  13
2  > 9
3 <  29
3  > 31
2 <  31 (8)
2 has [9,10,13,23,25,29,29,32], [[18,19,20],[31,31,31]]
2  > 9
3 <  26
3  > 26
0 <  41
0 <  10
0  > 17
1 <  33
1  > 33
2 <  21
2  > 10
3 <  13
3  > 29
2 <  29 (8)
2 has [13,21,23,25,32], [[18,19,20],[31,31,31],[29,29,29]]
2  > 13
3 <  4
3  > 4
0 <  22
0  > 10
1 <  14
Player 1 wins hand 15! (hand took 155ms)
0: -94, hand: 19,19,20,20,22,22,26,28,28,33, [[1,2,3]], (34,39,41)
1: 168, hand: 10,10,13,14,15, [[0,0,0],[16,16,16],[24,24,24]], (35,36)
2: 8, hand: 21,23,25,32, [[18,19,20],[31,31,31],[29,29,29]], (38)
3: -82, hand: 12,13,14,14,30,30,30, [[17,17,17],[11,11,11]], (40)

Starting hand 16.
this.hand=16; this.draws=0; config.PRNG.seed(1248128677); this.wind=1; this.windOfTheRound=2;
wall: 11,3,17,19,26,13,20,31,9,22,19,5,10,16,17,6,16,38,29,33,36,23,4,27,12,5,26,4,26,37,10,21,3,30,5,21,2,13,19,0,27,12,32,15,32,28,7,27,2,13,6,8,8,20,6,33,8,10,1,3,1,21,2,4,34,3,24,11,23,23,7,41,9,18,10,9,14,12,4,35,27,16,40,30,13,32,8,22,28,24,18,28,22,24,17,17,33,16,14,30,24,15,0,29,5,25,28,18,23,30,20,18,31,25,14,0,1,29,25,6,31,7,39,32,31,2,22,7,33,21,26,0,12,15,11,14,1,20,19,29,15,11,9,25
initial deal
tiles for 0: 3,5,9,10,11,13,17,19,19,20,22,26,31
tiles for 1: 4,4,5,6,12,16,16,17,23,26,27,29,33
tiles for 2: 0,2,3,5,10,12,13,19,21,21,26,27,30
tiles for 3: 2,6,6,7,8,8,13,15,20,27,28,32,32
prepare play
tiles for 0: 3,5,9,10,11,13,17,19,19,20,22,26,31 []
tiles for 1: 4,4,5,6,12,16,16,17,23,26,27,29,33 []
tiles for 2: 0,2,3,5,10,12,13,19,21,21,26,27,30 []
tiles for 3: 2,6,6,7,8,8,13,15,20,27,28,32,32 []
1 <  33
1  > 12
2 <  8
2  > 27
3 <  10
3  > 28
0 <  1
0  > 26
1 <  3
1  > 23
2 <  1
2  > 10
3 <  21
3  > 27
0 <  2
0  > 20
1 <  4
1  > 26
2 <  34
2 <  3
2  > 13
3 <  24
3  > 20
0 <  11
0  > 22
1 <  23
1  > 23
2 <  23
2  > 12
3 <  7
3  > 21
0 <  41
0 <  9
0  > 19
1 <  18
1  > 18
2 <  10
2  > 10
3 <  9
3  > 24
0 <  14
0  > 19
1 <  12
1  > 12
2 <  4
2  > 26
3 <  35
3 <  27
3  > 27
0 <  16
0  > 17
1 <  40
1 <  30
1  > 27
2 <  13
2  > 13
3 <  32
3  > 2
0 <  8
0  > 8
1 <  22
1  > 30
2 <  28
2  > 28
3 <  24
3  > 24
0 <  18
0  > 18
1 <  28
1  > 28
2 <  22
2  > 0
3 <  24
3  > 24
0 <  17
0  > 10
1 <  17
1  > 22
2 <  33
2  > 8
3 <  16
3  > 6
0 <  14
0  > 14
1 <  30
1  > 30
2 <  24
2  > 5
3 <  15
3  > 7
0 <  0
0  > 9
1 <  29
1  > 29
2 <  5
2  > 1
3 <  25
3  > 25
0 <  28
0  > 28
1 <  18
1  > 18
2 <  23
2  > 2
3 <  30
3  > 30
0 <  20
0  > 20
1 <  18
1  > 18
2 <  31
2  > 30
3 <  25
3  > 25
0 <  14
0  > 31
1 <  0
1  > 0
2 <  1
2  > 31
3 <  29
3  > 8
0 <  25
0  > 25
1 <  6
1  > 29
2 <  31
2  > 33
1 <  33 (8)
1 has [3,4,4,4,5,6,6,16,16,17,17], [[33,33,33]]
1  > 6
2 <  6 (6)
2 has [1,3,3,19,21,21,22,23,23,24,31], [[4,5,6]]
2  > 31
3 <  7
3  > 29
0 <  39
0 <  32
0  > 32
3 <  32 (16)
3 has [6,7,7,8,9,10,13,15,15,16], [[32,32,32,32]]
3 <  31
3  > 31
0 <  2
0  > 2
1 <  22
1  > 22
2 <  22 (5)
2 has [1,3,3,19,21,22,23,24], [[4,5,6],[21,22,23]]
2  > 19
3 <  7
3  > 13
Hand was a draw.

Restarting hand 16.
this.hand=16; this.draws=1; config.PRNG.seed(232609821); this.wind=1; this.windOfTheRound=2;
wall: 2,16,5,12,3,20,8,5,19,30,19,14,27,31,18,22,13,4,28,30,13,30,1,5,34,23,11,9,33,24,25,13,24,4,22,14,3,2,21,15,37,26,29,31,7,29,31,16,8,36,10,9,26,27,4,11,13,18,6,17,22,32,0,10,8,3,25,32,11,24,29,7,39,20,28,28,22,6,31,10,2,17,19,21,29,7,7,15,12,16,35,6,0,1,27,8,11,33,12,23,26,24,23,15,0,1,28,26,25,4,3,33,12,14,20,21,23,18,0,5,40,32,25,17,17,33,38,20,41,32,16,21,2,14,9,30,6,15,9,1,27,10,19,18
initial deal
tiles for 0: 2,3,5,5,8,12,14,16,19,19,20,27,30
tiles for 1: 1,4,5,11,13,13,18,22,23,28,30,30,31
tiles for 2: 2,3,4,9,13,14,15,21,22,24,24,25,33
tiles for 3: 4,7,8,9,10,16,26,26,27,29,29,31,31
prepare play
tiles for 0: 2,3,5,5,8,12,14,16,19,19,20,27,30 []
tiles for 1: 1,4,5,11,13,13,18,22,23,28,30,30,31 []
tiles for 2: 2,3,4,9,13,14,15,21,22,24,24,25,33 []
tiles for 3: 4,7,8,9,10,16,26,26,27,29,29,31,31 []
1 <  11
1  > 28
2 <  13
2  > 3
3 <  18
3  > 27
0 <  6
0  > 30
1 <  30 (8)
1 has [1,4,5,11,11,13,13,18,22,23,31], [[30,30,30]]
1  > 18
2 <  17
2  > 4
3 <  22
3  > 16
0 <  32
0  > 27
1 <  0
1  > 31
3 <  31 (8)
3 has [4,7,8,9,10,18,22,26,26,29,29], [[31,31,31]]
3  > 7
0 <  7 (6)
0 has [2,3,5,8,12,14,16,19,19,20,32], [[5,6,7]]
0  > 16
1 <  10
1  > 22
2 <  8
2  > 8
3 <  3
3  > 3
0 <  25
0  > 12
1 <  12 (6)
1 has [0,1,4,5,11,13,13,23], [[30,30,30],[10,11,12]]
1  > 23
2 <  23 (6)
2 has [2,9,13,13,14,15,17,24,24,25,33], [[21,22,23]]
2  > 2
3 <  32
3  > 4
0 <  4 (6)
0 has [5,8,14,19,19,20,25,32], [[5,6,7],[2,3,4]]
0  > 14
1 <  11
1  > 5
2 <  24
2  > 24
3 <  29
3  > 8
0 <  7
0  > 25
1 <  39
1 <  20
1  > 20
2 <  28
2  > 28
3 <  28
3  > 28
0 <  22
0  > 22
1 <  6
1  > 4
2 <  31
2  > 31
3 <  10
3  > 18
0 <  2
0  > 19
1 <  17
1  > 6
2 <  19
2  > 19
3 <  21
3  > 26
0 <  29
0  > 19
1 <  7
1  > 17
2 <  7
2  > 7
3 <  15
3  > 21
0 <  12
0  > 20
1 <  16
1  > 7
2 <  35
2 <  6
2  > 6
3 <  0
3  > 0
0 <  1
0  > 12
1 <  12 (5)
1 has [0,1,11,13,16], [[30,30,30],[10,11,12],[11,12,13]]
1  > 16
2 <  27
2  > 27
3 <  8
3  > 8
0 <  11
0  > 11
1 <  33
1  > 33
2 <  12
2  > 9
3 <  23
3  > 15
0 <  26
0  > 26
1 <  24
1  > 24
2 <  24 (8)
2 has [12,13,13,14,15,17,25,33], [[21,22,23],[24,24,24]]
2  > 25
3 <  23
3  > 26
0 <  15
0  > 15
1 <  0
1  > 13
2 <  13 (8)
2 has [12,14,15,17,33], [[21,22,23],[24,24,24],[13,13,13]]
2  > 12
3 <  1
3  > 1
0 <  28
0  > 28
1 <  26
1  > 26
2 <  25
2  > 25
3 <  4
3  > 4
0 <  3
0  > 29
3 <  29 (16)
3 has [9,10,10,22,23,23,32], [[31,31,31],[29,29,29,29]]
3 <  33
3  > 33
0 <  12
0  > 12
1 <  14
1  > 11
2 <  20
2  > 20
3 <  21
3  > 9
0 <  23
0  > 23
3 <  23 (8)
3 has [10,10,21,22,32], [[31,31,31],[29,29,29,29],[23,23,23]]
3  > 32
0 <  18
0  > 18
1 <  0
1  > 14
2 <  5
2  > 5
3 <  40
3 <  32
3  > 32
0 <  25
0  > 25
1 <  17
1  > 17
2 <  17
2  > 33
3 <  33
3  > 33
0 <  38
0 <  20
0  > 20
3 <  20 (32)
3 has [10,10], [[31,31,31],[29,29,29,29],[23,23,23],[20,21,22]!]
Player 3 wins hand 16! (hand took 271ms)
0: -1020, hand: 1,2,3,5,7,8,32, [[5,6,7],[2,3,4]], (38)
1: -1960, hand: 0,0,0,1, [[30,30,30],[10,11,12],[11,12,13]], (34,39)
2: -1020, hand: 14,15,17,17, [[21,22,23],[24,24,24],[13,13,13]], (35)
3: 4000, hand: 10,10, [[31,31,31],[29,29,29,29],[23,23,23],[20,21,22]!], (37,36,40)

Starting hand 17.
this.hand=17; this.draws=0; config.PRNG.seed(1367119365); this.wind=2; this.windOfTheRound=2;
wall: 15,23,4,15,10,10,20,25,41,18,26,6,9,12,10,34,8,28,39,6,3,25,37,18,4,13,7,2,13,28,33,2,6,19,21,11,27,31,26,6,24,19,30,2,25,18,0,21,16,7,0,32,14,33,20,13,31,33,12,3,20,3,4,31,27,27,30,19,9,25,30,29,24,1,31,5,35,5,8,26,22,24,23,23,17,29,32,22,23,22,16,29,40,17,7,0,12,10,24,12,29,28,32,13,26,38,36,18,16,4,27,32,14,16,8,2,30,5,19,11,22,21,5,8,14,11,15,14,28,11,3,20,33,17,1,17,15,1,7,0,9,1,9,21
initial deal
tiles for 0: 4,6,9,10,10,12,15,15,18,20,23,25,26
tiles for 1: 2,3,4,6,7,8,10,13,13,18,25,28,28
tiles for 2: 2,6,6,11,19,19,21,24,26,27,30,31,33
tiles for 3: 0,0,2,7,13,14,16,18,20,21,25,32,33
prepare play
tiles for 0: 4,6,9,10,10,12,15,15,18,20,23,25,26 []
tiles for 1: 2,3,4,6,7,8,10,13,13,18,25,28,28 []
tiles for 2: 2,6,6,11,19,19,21,24,26,27,30,31,33 []
tiles for 3: 0,0,2,7,13,14,16,18,20,21,25,32,33 []
2 <  31
2  > 30
3 <  33
3  > 20
0 <  12
0  > 26
1 <  3
1  > 18
2 <  20
2  > 11
3 <  3
3  > 21
0 <  4
0  > 23
1 <  31
1  > 25
2 <  25 (5)
2 has [2,6,6,19,19,20,21,27,31,31,33], [[24,25,26]]
2  > 6
3 <  27
3  > 27
0 <  27
0  > 27
1 <  30
1  > 30
2 <  19
2  > 19
3 <  9
3  > 25
0 <  25
0  > 25
1 <  30
1  > 30
2 <  29
2  > 2
3 <  24
3  > 18
0 <  1
0  > 20
1 <  31
1  > 10
2 <  5
2  > 6
3 <  35
3 <  5
3  > 24
0 <  8
0  > 18
1 <  26
1  > 26
2 <  22
2  > 5
3 <  24
3  > 24
0 <  23
0  > 25
1 <  23
1  > 23
2 <  23 (6)
2 has [19,19,20,27,29,31,31,33], [[24,25,26],[21,22,23]]
2  > 29
3 <  17
3  > 9
0 <  29
0  > 23
1 <  32
1  > 32
2 <  22
2  > 27
3 <  23
3  > 23
0 <  22
0  > 22
1 <  16
1  > 16
2 <  29
2  > 33
3 <  33 (8)
3 has [0,0,2,3,5,7,13,14,16,17,32], [[33,33,33]]
3  > 0
0 <  40
0 <  17
0  > 1
1 <  7
1  > 7
2 <  0
2  > 0
3 <  12
3  > 2
0 <  10
0  > 9
1 <  24
1  > 24
2 <  12
2  > 12
3 <  12 (4)
3 has [0,3,5,7,12,16,17,32], [[33,33,33],[12,13,14]]
3  > 3
1 <  3 (8)
1 has [2,4,6,7,8,13,13,28,28,31,31], [[3,3,3]]
1  > 2
2 <  29
2  > 22
3 <  28
3  > 28
1 <  28 (8)
1 has [4,6,7,8,13,13,31,31], [[3,3,3],[28,28,28]]
1  > 4
2 <  32
2  > 32
3 <  13
3  > 5
0 <  5 (5)
0 has [4,8,10,10,10,12,12,15,15,17,29], [[4,5,6]]
0  > 8
1 <  26
1  > 26
2 <  38
2 <  36
2 <  18
2  > 29
3 <  16
3  > 7
0 <  4
0  > 17
1 <  27
1  > 27
2 <  32
2  > 29
3 <  14
3  > 0
0 <  16
0  > 29
1 <  8
1  > 8
2 <  2
2  > 2
3 <  30
3  > 30
0 <  5
0  > 4
1 <  19
1  > 19
2 <  19 (8)
2 has [18,20,31,31,32], [[24,25,26],[21,22,23],[19,19,19]]
2  > 18
3 <  11
3  > 32
0 <  22
0  > 22
1 <  21
1  > 21
2 <  5
2  > 5
3 <  8
3  > 8
0 <  14
0  > 4
1 <  11
1  > 11
2 <  15
2  > 32
3 <  14
3  > 17
0 <  17 (6)
0 has [5,10,10,10,12,12,14,15], [[4,5,6],[15,16,17]]
0  > 5
Hand was a draw.

Restarting hand 17.
this.hand=17; this.draws=1; config.PRNG.seed(709941647); this.wind=2; this.windOfTheRound=2;
wall: 4,35,29,7,41,19,11,26,22,38,7,27,27,12,0,29,16,40,16,29,12,9,21,4,23,31,1,14,14,2,0,24,18,4,33,15,17,32,4,21,14,31,23,7,2,0,10,36,32,18,5,13,11,34,25,21,5,13,33,6,24,19,0,5,3,22,14,16,25,28,17,15,32,15,3,26,9,24,11,3,20,10,37,30,6,31,13,27,2,12,17,17,21,15,25,24,30,26,10,19,23,6,9,13,1,22,29,9,5,31,28,6,26,22,8,20,27,18,28,28,10,25,33,3,1,11,32,20,1,12,8,16,8,20,30,18,7,8,23,2,33,39,30,19
initial deal
tiles for 0: 0,4,7,7,11,12,19,22,26,27,27,29,29
tiles for 1: 1,2,4,9,12,14,14,16,16,21,23,29,31
tiles for 2: 0,4,4,14,15,17,18,21,23,24,31,32,33
tiles for 3: 0,2,5,5,7,10,11,13,13,18,21,25,32
prepare play
tiles for 0: 0,4,7,7,11,12,19,22,26,27,27,29,29 []
tiles for 1: 1,2,4,9,12,14,14,16,16,21,23,29,31 []
tiles for 2: 0,4,4,14,15,17,18,21,23,24,31,32,33 []
tiles for 3: 0,2,5,5,7,10,11,13,13,18,21,25,32 []
2 <  33
2  > 0
3 <  6
3  > 25
0 <  24
0  > 11
1 <  19
1  > 9
2 <  0
2  > 4
3 <  5
3  > 21
0 <  3
0  > 12
1 <  22
1  > 29
0 <  29 (8)
0 has [0,3,4,7,7,19,22,24,26,27,27], [[29,29,29]]
0  > 19
1 <  14
1  > 31
2 <  16
2  > 0
3 <  25
3  > 18
0 <  28
0  > 28
1 <  17
1  > 19
2 <  15
2  > 4
3 <  32
3  > 25
0 <  15
0  > 15
1 <  15 (5)
1 has [1,2,4,12,14,14,16,17,21,22,23], [[14,15,16]]
1  > 12
2 <  3
2  > 3
3 <  26
3  > 26
0 <  9
0  > 9
1 <  24
1  > 4
2 <  11
2  > 18
3 <  3
3  > 3
0 <  20
0  > 20
1 <  10
1  > 10
2 <  37
2 <  30
2  > 30
3 <  6
3  > 2
0 <  31
0  > 24
1 <  13
1  > 1
2 <  27
2  > 15
3 <  2
3  > 7
0 <  7 (8)
0 has [0,3,4,22,26,27,27,31], [[29,29,29],[7,7,7]]
0  > 22
1 <  22 (4)
1 has [2,13,14,14,16,17,21,22], [[14,15,16],[22,23,24]]
1  > 2
2 <  12
2  > 14
1 <  14 (8)
1 has [13,16,17,21,22], [[14,15,16],[22,23,24],[14,14,14]]
1  > 13
2 <  17
2  > 17
3 <  17
3  > 17
0 <  21
0  > 21
1 <  15
1  > 21
2 <  25
2  > 16
3 <  24
3  > 24
0 <  30
0  > 30
1 <  26
1  > 26
2 <  26 (6)
2 has [11,12,15,17,21,23,27,31,32,33,33], [[24,25,26]]
2  > 27
0 <  27 (8)
0 has [0,3,4,26,31], [[29,29,29],[7,7,7],[27,27,27]]
0  > 26
1 <  10
1  > 22
2 <  22 (5)
2 has [11,12,15,17,31,32,33,33], [[24,25,26],[21,22,23]]
2  > 32
3 <  32 (8)
3 has [0,2,5,5,5,6,6,10,11,13,13], [[32,32,32]]
3  > 2
0 <  2 (4)
0 has [0,31], [[29,29,29],[7,7,7],[27,27,27],[2,3,4]]
0  > 0
1 <  19
1  > 19
2 <  23
2  > 23
3 <  6
3  > 0
0 <  9
0  > 9
3 <  9 (32)
3 has [5,5,5,6,6,6,13,13], [[32,32,32],[9,10,11]!]
Player 3 wins hand 17! (hand took 190ms)
0: 104, hand: 31, [[29,29,29],[7,7,7],[27,27,27],[2,3,4]], (35,41,38)
1: -142, hand: 10,15,16,17, [[14,15,16],[22,23,24],[14,14,14]], (40)
2: -202, hand: 11,12,15,17,31,33,33, [[24,25,26],[21,22,23]], (37)
3: 240, hand: 5,5,5,6,6,6,13,13, [[32,32,32],[9,10,11]!], (36,34)

Starting hand 18.
this.hand=18; this.draws=0; config.PRNG.seed(1529073590); this.wind=3; this.windOfTheRound=2;
wall: 13,32,22,9,15,15,30,5,34,33,23,2,31,22,33,2,19,0,12,10,3,13,32,6,1,19,26,5,3,6,17,19,1,24,14,5,25,9,29,16,28,3,21,20,7,40,38,28,26,4,31,37,25,31,23,27,29,20,5,1,13,23,14,21,7,11,17,13,24,29,36,22,12,16,8,27,18,10,33,25,27,28,30,24,0,6,26,24,14,25,22,39,32,4,29,4,8,1,19,16,15,0,35,31,10,12,11,17,12,23,41,9,6,27,21,16,20,10,32,9,30,18,14,30,2,4,17,8,7,2,0,11,18,11,3,28,18,26,21,7,20,33,8,15
initial deal
tiles for 0: 2,5,9,13,15,15,22,22,23,30,31,32,33
tiles for 1: 0,1,2,3,6,10,12,13,19,19,26,32,33
tiles for 2: 1,3,5,5,6,9,14,16,17,19,24,25,29
tiles for 3: 3,4,7,20,21,23,25,26,27,28,28,31,31
prepare play
tiles for 0: 2,5,9,13,15,15,22,22,23,30,31,32,33 []
tiles for 1: 0,1,2,3,6,10,12,13,19,19,26,32,33 []
tiles for 2: 1,3,5,5,6,9,14,16,17,19,24,25,29 []
tiles for 3: 3,4,7,20,21,23,25,26,27,28,28,31,31 []
3 <  29
3  > 7
0 <  20
0  > 22
1 <  5
1  > 26
2 <  26 (6)
2 has [1,3,5,5,6,9,14,16,17,19,29], [[24,25,26]]
2  > 16
3 <  1
3  > 3
0 <  13
0  > 23
1 <  23
1  > 23
2 <  14
2  > 19
1 <  19 (8)
1 has [0,1,2,3,5,6,10,12,13,32,33], [[19,19,19]]
1  > 32
2 <  21
2  > 21
3 <  7
3  > 7
0 <  11
0  > 20
1 <  17
1  > 17
2 <  13
2  > 9
3 <  24
3  > 4
0 <  29
0  > 22
1 <  36
1 <  22
1  > 22
2 <  12
2  > 12
3 <  16
3  > 1
0 <  8
0  > 8
1 <  27
1  > 27
2 <  18
2  > 13
3 <  10
3  > 10
0 <  33
0  > 2
1 <  25
1  > 25
2 <  27
2  > 27
3 <  28
3  > 16
0 <  30
0  > 5
1 <  24
1  > 24
2 <  0
2  > 14
3 <  6
3  > 6
0 <  26
0  > 26
1 <  24
1  > 24
2 <  14
2  > 17
3 <  25
3  > 21
0 <  22
0  > 22
1 <  39
1 <  32
1  > 33
0 <  33 (8)
0 has [9,11,13,13,15,15,29,30,30,31,32], [[33,33,33]]
0  > 13
1 <  4
1  > 32
2 <  29
2  > 14
3 <  4
3  > 4
0 <  8
0  > 11
1 <  11 (5)
1 has [0,1,2,3,4,5,6,13], [[19,19,19],[10,11,12]]
1  > 13
2 <  1
2  > 14
3 <  19
3  > 19
0 <  16
0  > 8
1 <  15
1  > 15
2 <  0
2  > 18
3 <  35
3 <  31
3  > 24
0 <  10
0  > 9
1 <  12
1  > 12
2 <  11
2  > 11
3 <  17
3  > 17
0 <  12
0  > 16
1 <  23
1  > 23
2 <  41
2 <  9
2  > 9
3 <  6
3  > 6
1 <  6 (32)
1 has [0,1,2,3,4,5], [[19,19,19],[10,11,12],[6,6]!]
Player 1 wins hand 18! (hand took 217ms)
0: -52, hand: 10,12,13,15,15,29,30,30,31,32, [[33,33,33]], (34)
1: 88, hand: 0,1,2,3,4,5, [[19,19,19],[10,11,12],[6,6]!], (36,39)
2: -94, hand: 0,0,1,1,3,5,5,6,29,29, [[24,25,26]], (41)
3: 58, hand: 20,23,25,25,26,27,28,28,28,29,31,31,31, [], (40,38,37,35)

Starting hand 19.
this.hand=19; this.draws=0; config.PRNG.seed(1048433845); this.wind=0; this.windOfTheRound=3;
wall: 27,39,1,12,29,22,22,15,28,11,27,16,25,7,14,22,9,37,34,11,28,32,4,32,7,10,2,35,28,1,4,24,5,20,3,9,30,23,29,3,1,2,21,5,25,6,17,8,4,5,20,6,12,19,25,18,11,41,29,17,40,26,15,22,18,24,6,21,8,1,23,7,0,16,23,8,10,26,31,23,12,14,9,12,13,32,17,10,38,9,3,27,25,33,31,26,3,21,14,0,13,19,36,29,30,31,31,18,28,24,30,26,33,6,15,18,33,0,10,24,5,13,21,32,20,7,4,30,8,11,20,13,17,2,2,14,19,27,19,16,15,16,0,33
initial deal
tiles for 0: 1,7,11,12,15,16,22,22,25,27,27,28,29
tiles for 1: 1,2,4,7,9,10,11,14,22,28,28,32,32
tiles for 2: 1,2,3,3,4,5,9,20,21,23,24,29,30
tiles for 3: 4,5,5,6,6,8,12,17,18,19,20,25,25
prepare play
tiles for 0: 1,7,11,12,15,16,22,22,25,27,27,28,29 []
tiles for 1: 1,2,4,7,9,10,11,14,22,28,28,32,32 []
tiles for 2: 1,2,3,3,4,5,9,20,21,23,24,29,30 []
tiles for 3: 4,5,5,6,6,8,12,17,18,19,20,25,25 []
0 <  11
0  > 29
1 <  41
1 <  29
1  > 29
2 <  17
2  > 9
3 <  40
3 <  26
3  > 12
0 <  15
0  > 28
1 <  28 (8)
1 has [1,2,4,7,9,10,11,14,22,32,32], [[28,28,28]]
1  > 22
2 <  22 (6)
2 has [1,2,3,3,4,5,17,23,24,29,30], [[20,21,22]]
2  > 17
3 <  22
3  > 17
0 <  18
0  > 1
1 <  24
1  > 24
2 <  6
2  > 1
3 <  21
3  > 4
0 <  8
0  > 25
1 <  1
1  > 7
2 <  23
2  > 6
3 <  7
3  > 8
0 <  0
0  > 0
1 <  0 (4)
1 has [1,4,9,10,11,14,32,32], [[28,28,28],[0,1,2]]
1  > 1
2 <  16
2  > 16
3 <  23
3  > 7
0 <  8
0  > 22
1 <  10
1  > 4
2 <  26
2  > 4
3 <  31
3  > 6
0 <  6 (4)
0 has [8,11,11,12,15,15,16,18,22,27,27], [[6,7,8]]
0  > 22
1 <  23
1  > 23
2 <  12
2  > 12
3 <  14
3  > 5
0 <  9
0  > 18
1 <  12
1  > 14
2 <  13
2  > 13
3 <  32
3  > 6
0 <  17
0  > 8
1 <  10
1  > 10
2 <  38
2 <  9
2  > 9
3 <  3
3  > 5
0 <  27
0  > 27
1 <  25
1  > 25
2 <  25 (6)
2 has [2,3,3,5,23,26,29,30], [[20,21,22],[23,24,25]]
2  > 5
3 <  33
3  > 3
0 <  31
0  > 16
1 <  26
1  > 26
2 <  3
2  > 3
3 <  21
3  > 14
0 <  14
0  > 9
1 <  0
1  > 0
2 <  13
2  > 13
3 <  19
3  > 26
0 <  36
0 <  29
0  > 29
1 <  30
1  > 30
2 <  31
2  > 29
3 <  31
3  > 18
0 <  18
0  > 18
1 <  28
1  > 28
2 <  24
2  > 3
3 <  30
3  > 19
0 <  26
0  > 26
1 <  33
1  > 33
2 <  6
2  > 6
3 <  15
3  > 15
0 <  15 (8)
0 has [11,11,12,14,17,27,27,31], [[6,7,8],[15,15,15]]
0  > 17
1 <  18
1  > 18
2 <  33
2  > 30
3 <  0
3  > 0
0 <  10
0  > 31
3 <  31 (8)
3 has [19,20,21,21,22,23,25,25,30,32,33], [[31,31,31]]
3  > 33
0 <  24
0  > 24
1 <  5
1  > 5
2 <  13
2  > 13
3 <  21
3  > 32
0 <  32
0  > 32
1 <  20
1  > 20
2 <  7
2  > 31
3 <  4
3  > 4
0 <  30
0  > 30
Hand was a draw.

Restarting hand 19.
this.hand=19; this.draws=1; config.PRNG.seed(1875013695); this.wind=0; this.windOfTheRound=3;
wall: 11,25,18,15,23,1,31,27,29,5,17,5,6,2,23,7,9,16,8,8,17,4,22,35,37,5,24,4,31,21,2,1,27,1,3,24,13,32,21,31,33,29,11,17,33,38,28,20,32,7,27,30,1,29,15,14,0,3,30,19,20,15,2,21,16,24,27,7,14,7,32,26,29,4,12,30,28,31,21,22,34,26,8,23,10,2,33,30,9,25,5,0,10,41,20,28,9,10,15,9,22,11,26,13,13,4,17,6,13,25,0,33,18,18,6,16,20,39,8,19,6,32,24,14,28,12,22,26,3,16,36,10,23,19,19,3,18,11,40,12,12,14,0,25
initial deal
tiles for 0: 1,5,5,6,11,15,17,18,23,25,27,29,31
tiles for 1: 2,4,4,5,7,8,8,9,16,17,22,23,24
tiles for 2: 1,1,2,3,13,21,21,24,27,31,31,32,33
tiles for 3: 1,7,11,15,17,20,27,28,29,29,30,32,33
prepare play
tiles for 0: 1,5,5,6,11,15,17,18,23,25,27,29,31 []
tiles for 1: 2,4,4,5,7,8,8,9,16,17,22,23,24 []
tiles for 2: 1,1,2,3,13,21,21,24,27,31,31,32,33 []
tiles for 3: 1,7,11,15,17,20,27,28,29,29,30,32,33 []
0 <  14
0  > 29
3 <  29 (8)
3 has [1,7,11,15,17,20,27,28,30,32,33], [[29,29,29]]
3  > 27
0 <  0
0  > 25
1 <  25 (6)
1 has [2,4,4,5,7,8,8,9,16,17,22], [[23,24,25]]
1  > 22
2 <  3
2  > 27
3 <  30
3  > 20
0 <  19
0  > 18
1 <  20
1  > 9
2 <  15
2  > 13
3 <  2
3  > 2
0 <  2 (6)
0 has [5,5,6,11,14,15,17,19,23,27,31], [[0,1,2]]
0  > 23
1 <  21
1  > 2
2 <  16
2  > 15
3 <  24
3  > 24
0 <  27
0  > 19
1 <  19 (4)
1 has [4,4,5,7,8,8,16,17], [[23,24,25],[19,20,21]]
1  > 7
2 <  7
2  > 16
3 <  14
3  > 1
0 <  7
0  > 17
1 <  32
1  > 32
2 <  26
2  > 3
3 <  29
3  > 29
0 <  4
0  > 14
1 <  12
1  > 12
2 <  30
2  > 3
3 <  28
3  > 7
0 <  31
0  > 11
1 <  21
1  > 21
2 <  21 (8)
2 has [1,1,2,7,24,26,30,31,31,32,33], [[21,21,21]]
2  > 2
3 <  22
3  > 22
0 <  34
0 <  26
0  > 26
1 <  8
1  > 16
2 <  23
2  > 1
3 <  10
3  > 33
0 <  2
0  > 15
1 <  33
1  > 17
2 <  30
2  > 1
3 <  9
3  > 32
0 <  25
0  > 25
1 <  5
1  > 33
2 <  0
2  > 7
3 <  10
3  > 17
0 <  41
0 <  20
0  > 20
1 <  28
1  > 28
3 <  28 (8)
3 has [9,10,10,11,14,15,30,30], [[29,29,29],[28,28,28]]
3  > 15
0 <  9
0  > 9
1 <  10
1  > 10
3 <  10 (8)
3 has [9,11,14,30,30], [[29,29,29],[28,28,28],[10,10,10]]
3  > 14
0 <  15
0  > 15
1 <  9
1  > 9
2 <  22
2  > 0
3 <  11
3  > 11
0 <  26
0  > 26
1 <  13
1  > 13
2 <  13
2  > 13
3 <  4
3  > 4
1 <  4 (32)
1 has [5,5,8,8,8], [[23,24,25],[19,20,21],[4,4,4]!]
Player 1 wins hand 19! (hand took 198ms)
0: -84, hand: 2,4,5,5,6,7,27,27,31,31, [[0,1,2]], (34,41)
1: 112, hand: 5,5,8,8,8, [[23,24,25],[19,20,21],[4,4,4]!], (35,37)
2: -66, hand: 22,23,24,26,30,30,31,31,32,33, [[21,21,21]], ()
3: 38, hand: 9,11,30,30, [[29,29,29],[28,28,28],[10,10,10]], (38)

Starting hand 20.
this.hand=20; this.draws=0; config.PRNG.seed(2126410453); this.wind=1; this.windOfTheRound=3;
wall: 10,29,32,12,24,15,30,17,7,5,13,3,9,32,19,12,19,23,20,12,13,25,35,3,37,27,1,22,21,11,7,20,24,18,28,33,5,16,30,14,25,31,29,18,0,10,6,8,38,13,23,17,4,15,24,0,11,32,9,27,27,26,12,34,22,3,28,20,19,31,8,41,4,7,28,2,26,8,2,30,1,22,18,25,4,29,39,6,7,23,14,26,18,1,9,5,36,4,24,31,15,10,40,32,23,16,2,10,8,2,20,6,33,1,16,16,0,11,11,5,31,17,3,14,21,21,17,33,27,33,13,14,0,25,29,9,21,26,30,15,28,6,22,19
initial deal
tiles for 0: 3,5,7,9,10,12,13,15,17,24,29,30,32
tiles for 1: 1,3,12,12,13,19,19,20,22,23,25,27,32
tiles for 2: 5,7,11,14,16,18,20,21,24,25,28,30,33
tiles for 3: 0,4,6,8,10,13,15,17,18,23,24,29,31
prepare play
tiles for 0: 3,5,7,9,10,12,13,15,17,24,29,30,32 []
tiles for 1: 1,3,12,12,13,19,19,20,22,23,25,27,32 []
tiles for 2: 5,7,11,14,16,18,20,21,24,25,28,30,33 []
tiles for 3: 0,4,6,8,10,13,15,17,18,23,24,29,31 []
1 <  0
1  > 32
2 <  11
2  > 28
3 <  32
3  > 23
0 <  9
0  > 29
1 <  27
1  > 3
2 <  27
2  > 27
1 <  27 (8)
1 has [0,1,12,12,13,19,19,20,22,23,25], [[27,27,27]]
1  > 25
2 <  26
2  > 7
3 <  12
3  > 18
0 <  34
0 <  22
0  > 24
1 <  24 (6)
1 has [0,1,12,12,13,19,19,20], [[27,27,27],[22,23,24]]
1  > 13
2 <  3
2  > 5
3 <  28
3  > 28
0 <  20
0  > 22
1 <  19
1  > 1
2 <  31
2  > 3
3 <  8
3  > 24
0 <  41
0 <  4
0  > 20
1 <  7
1  > 0
2 <  28
2  > 28
3 <  2
3  > 2
0 <  26
0  > 26
1 <  8
1  > 7
2 <  2
2  > 2
3 <  30
3  > 4
0 <  1
0  > 15
1 <  22
1  > 8
2 <  18
2  > 11
3 <  11 (5)
3 has [0,6,8,8,13,15,17,29,30,31,32], [[10,11,12]]
3  > 0
0 <  25
0  > 25
1 <  4
1  > 4
2 <  29
2  > 29
3 <  39
3 <  6
3  > 8
0 <  7
0  > 9
1 <  23
1  > 23
2 <  14
2  > 11
3 <  26
3  > 26
0 <  18
0  > 18
1 <  1
1  > 1
2 <  9
2  > 16
3 <  16 (5)
3 has [6,6,8,13,29,30,31,32], [[10,11,12],[15,16,17]]
3  > 13
0 <  5
0  > 13
1 <  36
1 <  4
1  > 4
2 <  24
2  > 14
3 <  31
3  > 6
0 <  6 (6)
0 has [1,3,5,7,7,9,10,12,17,30,32], [[4,5,6]]
0  > 9
1 <  15
1  > 15
2 <  10
2  > 9
3 <  40
3 <  32
3  > 8
0 <  23
0  > 23
1 <  16
1  > 16
2 <  2
2  > 2
3 <  10
3  > 6
0 <  6 (5)
0 has [1,3,7,10,12,17,30,32], [[4,5,6],[5,6,7]]
0  > 17
1 <  8
1  > 8
2 <  2
2  > 2
3 <  20
3  > 10
0 <  6
0  > 12
1 <  33
1  > 33
2 <  1
2  > 1
3 <  16
3  > 16
0 <  16
0  > 16
1 <  0
1  > 0
2 <  11
2  > 14
3 <  11
3  > 20
0 <  5
0  > 1
1 <  31
1  > 31
3 <  31 (8)
3 has [11,29,30,32,32], [[10,11,12],[15,16,17],[31,31,31]]
3  > 11
0 <  17
0  > 17
1 <  3
1  > 3
2 <  14
2  > 31
3 <  21
3  > 21
1 <  21 (32)
1 has [12,12,19,19,19], [[27,27,27],[22,23,24],[20,21,22]!]
Player 1 wins hand 20! (hand took 275ms)
0: -140, hand: 3,5,6,7,10,30,32, [[4,5,6],[5,6,7]], (34,41)
1: 360, hand: 12,12,19,19,19, [[27,27,27],[22,23,24],[20,21,22]!], (35,37,36)
2: -164, hand: 10,11,14,18,18,20,21,24,24,25,26,30,33, [], ()
3: -56, hand: 29,30,32,32, [[10,11,12],[15,16,17],[31,31,31]], (38,39,40)

Starting hand 21.
this.hand=21; this.draws=0; config.PRNG.seed(283978989); this.wind=1; this.windOfTheRound=3;
wall: 7,13,1,9,30,17,12,37,14,21,33,28,25,41,9,19,13,19,22,4,33,8,18,15,14,9,0,13,10,17,18,3,14,22,22,31,29,8,15,14,38,28,0,16,27,6,27,31,24,5,12,20,6,10,16,24,4,2,29,32,3,11,21,11,26,17,10,8,31,18,2,19,27,3,2,17,36,6,1,28,1,25,7,12,30,8,31,32,3,26,16,27,32,7,0,24,23,26,32,39,4,30,24,16,28,0,22,1,25,4,6,18,23,13,2,23,21,21,20,40,12,5,19,23,30,9,20,33,5,20,11,10,26,35,33,29,25,5,29,34,15,15,7,11
initial deal
tiles for 0: 1,7,9,9,12,13,14,17,21,25,28,30,33
tiles for 1: 0,4,8,9,13,13,14,15,18,19,19,22,33
tiles for 2: 3,8,10,14,14,15,17,18,22,22,28,29,31
tiles for 3: 0,5,6,6,10,12,16,16,20,24,27,27,31
prepare play
tiles for 0: 1,7,9,9,12,13,14,17,21,25,28,30,33 []
tiles for 1: 0,4,8,9,13,13,14,15,18,19,19,22,33 []
tiles for 2: 3,8,10,14,14,15,17,18,22,22,28,29,31 []
tiles for 3: 0,5,6,6,10,12,16,16,20,24,27,27,31 []
1 <  24
1  > 4
2 <  4
2  > 28
3 <  2
3  > 20
0 <  29
0  > 29
1 <  32
1  > 0
2 <  3
2  > 29
3 <  11
3  > 24
0 <  21
0  > 1
1 <  11
1  > 8
2 <  26
2  > 8
3 <  17
3  > 5
0 <  10
0  > 25
1 <  8
1  > 8
2 <  31
2  > 3
3 <  18
3  > 18
0 <  2
0  > 21
1 <  19
1  > 33
2 <  27
2  > 27
3 <  3
3  > 2
0 <  2
0  > 21
1 <  17
1  > 32
2 <  36
2 <  6
2  > 4
3 <  1
3  > 0
0 <  28
0  > 7
1 <  1
1  > 1
2 <  25
2  > 3
3 <  7
3  > 6
0 <  12
0  > 9
1 <  30
1  > 30
2 <  8
2  > 8
3 <  31
3  > 3
0 <  32
0  > 9
1 <  3
1  > 3
2 <  26
2  > 6
3 <  16
3  > 1
0 <  27
0  > 27
3 <  27 (8)
3 has [6,7,10,11,12,16,16,16,17,31,31], [[27,27,27]]
3  > 6
0 <  32
0  > 14
1 <  7
1  > 7
2 <  0
2  > 0
3 <  24
3  > 24
0 <  23
0  > 23
1 <  23 (5)
1 has [9,11,13,13,14,15,17,18,19,19,19], [[22,23,24]]
1  > 11
2 <  26
2  > 10
3 <  32
3  > 7
0 <  39
0 <  4
0  > 4
1 <  30
1  > 9
2 <  24
2  > 17
3 <  16
3 locks [16,16,16,16]
3 <  28 (supplement)
3  > 28
0 <  28 (8)
0 has [2,2,10,12,12,13,17,30,32,32,33], [[28,28,28]]
0  > 12
1 <  0
1  > 0
2 <  22
2  > 15
3 <  1
3  > 1
0 <  25
0  > 25
1 <  4
1  > 4
2 <  6
2  > 6
3 <  18
3  > 18
0 <  23
0  > 23
1 <  13
1  > 17
2 <  2
2  > 2
0 <  2 (8)
0 has [10,12,13,17,30,32,32,33], [[28,28,28],[2,2,2]]
0  > 17
1 <  23
1  > 23
2 <  23 (5)
2 has [14,14,18,22,22,25,26,26,26,31,31], [[22,23,24]]
2  > 18
3 <  21
3  > 17
0 <  21
0  > 21
1 <  20
1  > 30
2 <  40
2 <  12
2  > 25
3 <  5
3  > 21
0 <  19
0  > 19
1 <  19 (32)
1 has [13,13,13,14,15,18,19,20], [[22,23,24],[19,19,19]!]
Player 1 wins hand 21! (hand took 274ms)
0: 20, hand: 10,12,13,30,32,32,33, [[28,28,28],[2,2,2]], (37,41,39)
1: 72, hand: 13,13,13,14,15,18,19,20, [[22,23,24],[19,19,19]!], ()
2: -34, hand: 12,14,14,22,22,26,26,26,31,31, [[22,23,24]], (38,36,40)
3: -58, hand: 5,10,11,12,31,31,32, [[27,27,27],[16,16,16,16]], ()

Starting hand 22.
this.hand=22; this.draws=0; config.PRNG.seed(1294660674); this.wind=1; this.windOfTheRound=3;
wall: 2,30,0,31,28,6,8,26,20,22,16,13,9,30,28,9,34,35,15,2,10,26,22,17,9,11,29,33,2,16,37,10,25,4,14,23,30,9,1,27,17,12,5,8,14,26,22,14,15,13,4,24,10,20,30,5,0,39,29,15,32,36,18,19,5,28,12,18,17,19,16,31,3,8,7,3,27,11,33,12,25,21,17,28,8,24,27,13,25,2,25,1,4,33,19,11,13,11,23,40,18,15,24,12,7,31,16,32,0,23,18,33,32,41,6,24,20,32,26,1,27,7,0,21,19,10,23,5,6,6,31,29,3,21,22,4,38,7,3,1,21,29,20,14
initial deal
tiles for 0: 0,2,6,8,9,13,16,20,22,26,28,30,31
tiles for 1: 2,9,9,10,11,15,17,22,26,28,29,30,33
tiles for 2: 1,2,4,9,10,12,14,16,17,23,25,27,30
tiles for 3: 4,5,8,10,13,14,14,15,20,22,24,26,30
prepare play
tiles for 0: 0,2,6,8,9,13,16,20,22,26,28,30,31 []
tiles for 1: 2,9,9,10,11,15,17,22,26,28,29,30,33 []
tiles for 2: 1,2,4,9,10,12,14,16,17,23,25,27,30 []
tiles for 3: 4,5,8,10,13,14,14,15,20,22,24,26,30 []
1 <  5
1  > 29
2 <  0
2  > 27
3 <  39
3 <  29
3  > 8
0 <  15
0  > 26
1 <  32
1  > 28
2 <  36
2 <  18
2  > 4
3 <  19
3  > 5
0 <  5
0  > 22
1 <  28
1  > 28
2 <  12
2  > 1
3 <  18
3  > 4
0 <  4 (4)
0 has [0,2,8,9,13,15,16,20,28,30,31], [[4,5,6]]
0  > 20
1 <  17
1  > 26
2 <  19
2  > 2
3 <  16
3  > 10
0 <  31
0  > 8
1 <  3
1  > 22
2 <  8
2  > 0
3 <  7
3  > 7
0 <  3
0  > 13
1 <  27
1  > 30
2 <  11
2  > 8
3 <  33
3  > 19
0 <  12
0  > 9
1 <  9 (8)
1 has [2,3,5,10,11,15,17,17,27,32,33], [[9,9,9]]
1  > 27
2 <  25
2  > 10
3 <  21
3  > 22
0 <  17
0  > 12
1 <  12 (6)
1 has [2,3,5,15,17,17,32,33], [[9,9,9],[10,11,12]]
1  > 33
2 <  28
2  > 28
3 <  8
3  > 8
0 <  24
0  > 28
1 <  27
1  > 32
2 <  13
2  > 16
3 <  25
3  > 20
0 <  2
0  > 24
1 <  25
1  > 25
2 <  1
2  > 1
3 <  4
3  > 4
0 <  4 (6)
0 has [0,2,15,16,17,30,31,31], [[4,5,6],[2,3,4]]
0  > 15
1 <  33
1  > 33
2 <  19
2  > 9
3 <  11
3  > 25
0 <  13
0  > 16
1 <  16 (5)
1 has [2,3,5,17,27], [[9,9,9],[10,11,12],[15,16,17]]
1  > 17
2 <  11
2  > 12
3 <  12 (5)
3 has [14,14,15,16,18,21,24,26,29,30,33], [[11,12,13]]
3  > 26
0 <  23
0  > 23
1 <  40
1 <  18
1  > 18
2 <  15
2  > 14
3 <  14 (4)
3 has [14,14,18,21,24,29,30,33], [[11,12,13],[14,15,16]]
3  > 24
0 <  24
0  > 24
1 <  12
1  > 12
2 <  7
2  > 7
3 <  31
3  > 21
0 <  16
0  > 17
1 <  32
1  > 27
2 <  0
2  > 0
3 <  23
3  > 18
0 <  18
0  > 18
1 <  33
1  > 33
2 <  32
2  > 32
3 <  41
3 <  6
3  > 33
0 <  24
0  > 24
1 <  20
1  > 20
2 <  20 (6)
2 has [11,11,12,13,15,17,19,23,25,25,30], [[18,19,20]]
2  > 19
3 <  32
3  > 6
0 <  26
0  > 26
1 <  1
1  > 32
2 <  27
2  > 27
3 <  7
3  > 32
0 <  0
0  > 13
1 <  21
1  > 21
2 <  19
2  > 19
3 <  10
3  > 23
0 <  23
0  > 16
1 <  5
Player 1 wins hand 22! (hand took 286ms)
0: -132, hand: 0,0,2,23,30,31,31, [[4,5,6],[2,3,4]], ()
1: 360, hand: 1,2,3,5,5, [[9,9,9],[10,11,12],[15,16,17]], (34,35,40)
2: -114, hand: 11,11,12,13,15,17,23,25,25,30, [[18,19,20]], (37,36)
3: -114, hand: 7,10,14,14,29,30,31, [[11,12,13],[14,15,16]], (39,41)

Starting hand 23.
this.hand=23; this.draws=0; config.PRNG.seed(30717526); this.wind=1; this.windOfTheRound=3;
wall: 24,28,18,16,1,6,31,19,1,13,5,30,25,2,24,0,29,0,32,25,8,30,18,33,4,31,32,7,8,14,14,14,32,33,32,22,0,15,31,16,25,38,28,3,12,10,26,29,9,5,4,31,15,2,12,2,20,10,14,9,28,17,20,1,10,33,21,7,41,19,26,30,29,4,19,8,27,10,21,30,12,28,20,27,25,21,6,35,2,11,17,22,0,11,27,21,18,37,17,33,19,36,11,24,26,15,9,16,29,3,40,34,26,24,5,22,6,22,9,11,12,13,7,15,1,13,23,27,4,39,18,8,20,13,3,6,23,23,7,5,3,17,23,16
initial deal
tiles for 0: 1,1,5,6,13,16,18,19,24,25,28,30,31
tiles for 1: 0,0,2,4,8,18,24,25,29,30,31,32,33
tiles for 2: 0,7,8,14,14,14,15,22,31,32,32,32,33
tiles for 3: 3,4,5,9,10,12,15,16,25,26,28,29,31
prepare play
tiles for 0: 1,1,5,6,13,16,18,19,24,25,28,30,31 []
tiles for 1: 0,0,2,4,8,18,24,25,29,30,31,32,33 []
tiles for 2: 0,7,8,14,14,14,15,22,31,32,32,32,33 []
tiles for 3: 3,4,5,9,10,12,15,16,25,26,28,29,31 []
1 <  2
1  > 29
2 <  12
2  > 22
3 <  2
3  > 28
0 <  20
0  > 16
1 <  10
1  > 10
2 <  14
2 locks [14,14,14,14]
2 <  9 (supplement)
2  > 8
3 <  28
3  > 28
0 <  17
0  > 17
1 <  20
1  > 8
2 <  1
2  > 15
3 <  10
3  > 25
0 <  33
0  > 13
1 <  21
1  > 30
2 <  7
2  > 12
3 <  41
3 <  19
3  > 19
0 <  26
0  > 24
1 <  30
1  > 32
2 <  32 (16)
2 has [0,1,7,7,9,31,33], [[14,14,14,14],[32,32,32,32]]
2 <  29
2  > 29
3 <  4
3  > 26
0 <  19
0  > 20
1 <  8
1  > 8
2 <  27
2  > 27
3 <  10
3  > 3
0 <  21
0  > 25
1 <  30
1  > 33
2 <  12
2  > 9
3 <  28
3  > 28
0 <  20
0  > 28
1 <  27
1  > 31
2 <  25
2  > 12
3 <  21
3  > 21
0 <  6
0  > 18
1 <  35
1 <  2
1  > 27
2 <  11
2  > 11
3 <  11 (6)
3 has [2,4,4,5,10,10,12,15,16,29,31], [[9,10,11]]
3  > 5
0 <  17
0  > 17
1 <  22
1  > 4
2 <  0
2  > 25
3 <  11
3  > 2
1 <  2 (16)
1 has [0,0,18,20,21,22,24,25,30,30], [[2,2,2,2]]
1 <  27
1  > 27
2 <  21
2  > 21
3 <  18
3  > 18
0 <  37
0 <  17
0  > 17
1 <  33
1  > 33
2 <  19
2  > 19
3 <  36
3 <  11
3  > 4
0 <  4 (4)
0 has [1,1,6,19,19,20,21,26,30,31,33], [[4,5,6]]
0  > 6
1 <  24
1  > 18
2 <  26
2  > 26
3 <  15
3  > 4
0 <  9
0  > 9
1 <  16
1  > 16
2 <  29
2  > 29
3 <  3
3  > 29
0 <  40
0 <  34
0 <  26
0  > 31
1 <  24
1  > 25
2 <  5
2  > 1
0 <  1 (8)
0 has [19,19,20,21,26,26,30,33], [[4,5,6],[1,1,1]]
0  > 33
1 <  22
1  > 22
2 <  6
2  > 33
3 <  22
3  > 3
0 <  9
0  > 9
1 <  11
1  > 11
3 <  11 (8)
3 has [10,10,12,15,15,16,22,31], [[9,10,11],[11,11,11]]
3  > 22
0 <  22 (6)
0 has [19,19,26,26,30], [[4,5,6],[1,1,1],[20,21,22]]
0  > 30
1 <  30 (32)
1 has [0,0,20,21,22,24,24,24], [[2,2,2,2],[30,30,30]!]
Player 1 wins hand 23! (hand took 248ms)
0: -154, hand: 19,19,26,26, [[4,5,6],[1,1,1],[20,21,22]], (37,40,34)
1: 360, hand: 0,0,20,21,22,24,24,24, [[2,2,2,2],[30,30,30]!], (35)
2: -52, hand: 0,0,5,6,7,7,31, [[14,14,14,14],[32,32,32,32]], ()
3: -154, hand: 10,10,12,15,15,16,31, [[9,10,11],[11,11,11]], (38,41,36)

Starting hand 24.
this.hand=24; this.draws=0; config.PRNG.seed(392165583); this.wind=1; this.windOfTheRound=3;
wall: 33,20,32,21,3,36,15,1,3,0,14,19,27,25,4,18,6,31,28,6,17,19,11,26,32,5,41,11,11,6,29,23,8,2,30,29,16,27,9,15,21,19,24,32,4,30,4,24,14,14,33,20,31,12,7,17,22,35,2,20,28,21,31,29,8,0,22,26,28,10,9,7,10,29,12,6,25,1,20,13,24,24,16,18,25,10,28,9,18,30,5,9,25,7,11,12,27,13,4,19,27,22,12,40,23,17,13,30,8,2,13,8,16,5,16,3,33,34,15,23,18,1,0,5,7,14,31,21,3,15,2,33,10,26,22,38,32,1,23,26,0,37,39,17
initial deal
tiles for 0: 0,1,3,3,14,15,19,20,21,25,27,32,33
tiles for 1: 4,5,6,6,11,11,17,18,19,26,28,31,32
tiles for 2: 2,6,8,9,11,15,16,21,23,27,29,29,30
tiles for 3: 4,4,12,14,14,19,20,24,24,30,31,32,33
prepare play
tiles for 0: 0,1,3,3,14,15,19,20,21,25,27,32,33 []
tiles for 1: 4,5,6,6,11,11,17,18,19,26,28,31,32 []
tiles for 2: 2,6,8,9,11,15,16,21,23,27,29,29,30 []
tiles for 3: 4,4,12,14,14,19,20,24,24,30,31,32,33 []
1 <  7
1  > 28
2 <  17
2  > 27
3 <  22
3  > 4
0 <  35
0 <  2
0  > 27
1 <  20
1  > 26
2 <  28
2  > 28
3 <  21
3  > 4
0 <  4 (6)
0 has [0,1,3,14,15,19,20,21,25,32,33], [[2,3,4]]
0  > 14
3 <  14 (8)
3 has [12,19,20,21,22,24,24,30,31,32,33], [[14,14,14]]
3  > 12
0 <  31
0  > 15
1 <  29
1  > 29
2 <  8
2  > 6
1 <  6 (8)
1 has [4,5,7,11,11,17,18,19,20,31,32], [[6,6,6]]
1  > 17
2 <  0
2  > 0
3 <  22
3  > 19
0 <  26
0  > 25
1 <  28
1  > 28
2 <  10
2  > 8
3 <  9
3  > 9
0 <  7
0  > 26
1 <  10
1  > 32
2 <  29
2  > 2
3 <  12
3  > 12
0 <  6
0  > 21
1 <  21 (6)
1 has [4,5,7,10,11,11,18,31], [[6,6,6],[19,20,21]]
1  > 18
2 <  25
2  > 8
3 <  1
3  > 1
0 <  20
0  > 20
1 <  13
1  > 31
2 <  24
2  > 16
3 <  24
3  > 21
0 <  16
0  > 16
1 <  18
1  > 18
2 <  25
2  > 9
3 <  10
3  > 10
0 <  28
0  > 28
1 <  9
1  > 13
2 <  18
2  > 15
3 <  30
3  > 22
0 <  5
0  > 19
1 <  9
1  > 9
2 <  25
2  > 10
3 <  7
3  > 7
0 <  11
0  > 11
1 <  11 (8)
1 has [4,5,7,9,10], [[6,6,6],[19,20,21],[11,11,11]]
1  > 7
2 <  12
2  > 12
3 <  27
3  > 27
0 <  13
0  > 20
1 <  4
1  > 4
2 <  19
2  > 17
3 <  27
3  > 27
0 <  22
0  > 22
1 <  12
1  > 12
2 <  40
2 <  23
2  > 11
3 <  17
3  > 20
0 <  13
0  > 13
1 <  30
1  > 10
2 <  8
2  > 8
3 <  2
3  > 2
0 <  2 (6)
0 has [3,5,6,7,13,31,32,33], [[2,3,4],[0,1,2]]
0  > 13
1 <  13
1  > 13
2 <  8
2  > 8
3 <  16
3  > 31
0 <  5
0  > 33
1 <  16
1  > 16
2 <  3
2  > 3
3 <  33
3  > 32
0 <  34
0 <  15
0  > 15
1 <  23
1  > 23
2 <  23 (8)
2 has [18,19,21,24,25,25,25,29,29,29,30], [[23,23,23]]
2  > 19
3 <  18
3  > 18
0 <  1
0  > 31
1 <  0
1  > 9
2 <  5
2  > 5
0 <  5 (8)
0 has [1,3,6,7,32], [[2,3,4],[0,1,2],[5,5,5]]
0  > 32
1 <  7
1  > 0
2 <  14
2  > 14
3 <  31
3  > 31
0 <  21
0  > 21
Hand was a draw.

Restarting hand 24.
this.hand=24; this.draws=1; config.PRNG.seed(383854275); this.wind=1; this.windOfTheRound=3;
wall: 26,10,19,23,27,2,6,1,20,31,29,30,0,26,22,28,0,30,22,18,5,14,33,16,8,26,33,27,7,5,25,34,19,4,20,27,14,32,14,13,14,9,30,20,23,28,10,27,12,3,2,9,19,22,18,31,15,8,26,3,25,40,22,13,15,6,18,10,2,11,17,33,6,23,4,21,38,32,0,32,11,16,39,32,1,31,21,5,2,16,41,18,3,13,20,19,23,17,28,1,37,25,17,31,11,35,9,24,29,25,12,4,36,11,24,33,30,28,24,9,29,4,16,15,12,17,8,7,15,5,1,24,7,7,12,13,0,10,21,6,8,29,21,3
initial deal
tiles for 0: 0,1,2,6,10,19,20,23,26,27,29,30,31
tiles for 1: 0,5,8,14,16,18,22,22,26,26,28,30,33
tiles for 2: 4,5,7,13,14,14,19,20,25,27,27,32,33
tiles for 3: 2,3,9,9,10,12,14,19,20,23,27,28,30
prepare play
tiles for 0: 0,1,2,6,10,19,20,23,26,27,29,30,31 []
tiles for 1: 0,5,8,14,16,18,22,22,26,26,28,30,33 []
tiles for 2: 4,5,7,13,14,14,19,20,25,27,27,32,33 []
tiles for 3: 2,3,9,9,10,12,14,19,20,23,27,28,30 []
1 <  22
1  > 28
2 <  18
2  > 14
3 <  31
3  > 28
0 <  15
0  > 29
1 <  8
1  > 0
2 <  26
2  > 13
3 <  13 (5)
3 has [2,3,9,9,10,19,20,23,27,30,31], [[12,13,14]]
3  > 27
2 <  27 (8)
2 has [4,5,7,14,18,19,20,25,26,32,33], [[27,27,27]]
2  > 14
3 <  3
3  > 20
0 <  25
0  > 27
1 <  40
1 <  22
1 locks [22,22,22,22]
1 <  13 (supplement)
1  > 18
2 <  15
2  > 15
3 <  6
3  > 23
0 <  18
0  > 15
1 <  15 (6)
1 has [5,8,8,16,26,26,30,33], [[22,22,22,22],[13,14,15]]
1  > 16
2 <  10
2  > 10
3 <  2
3  > 19
0 <  11
0  > 10
1 <  17
1  > 17
2 <  33
2  > 7
3 <  6
3  > 6
0 <  23
0  > 11
1 <  4
1  > 30
2 <  21
2  > 4
3 <  38
3 <  32
3  > 2
0 <  0
0  > 6
1 <  6 (6)
1 has [8,8,26,26,33], [[22,22,22,22],[13,14,15],[4,5,6]]
1  > 33
2 <  33 (8)
2 has [5,18,19,20,21,25,26,32], [[27,27,27],[33,33,33]]
2  > 5
3 <  32
3  > 6
0 <  11
0  > 11
1 <  16
1  > 16
2 <  39
2 <  32
2  > 25
3 <  1
3  > 1
0 <  31
0  > 25
1 <  21
1  > 21
2 <  5
2  > 5
3 <  2
3  > 3
0 <  3 (6)
0 has [0,0,18,19,20,23,23,26,30,31,31], [[1,2,3]]
0  > 20
1 <  16
1  > 16
2 <  41
2 <  18
2  > 26
1 <  26 (32)
1 has [8,8], [[22,22,22,22],[13,14,15],[4,5,6],[26,26,26]!]
Player 1 wins hand 24! (hand took 142ms)
0: -98, hand: 0,0,18,19,23,23,26,30,31,31, [[1,2,3]], ()
1: 156, hand: 8,8, [[22,22,22,22],[13,14,15],[4,5,6],[26,26,26]!], (40)
2: 28, hand: 18,18,19,20,21,32,32, [[27,27,27],[33,33,33]], (34,39,41)
3: -86, hand: 2,2,3,9,9,10,30,31,32,32, [[12,13,14]], (38)

Starting hand 25.
this.hand=25; this.draws=0; config.PRNG.seed(350679836); this.wind=1; this.windOfTheRound=3;
wall: 11,38,32,6,28,12,8,17,27,31,26,23,9,7,25,31,33,32,8,25,8,20,9,19,22,10,15,0,33,31,14,16,11,24,18,21,31,21,18,17,27,32,17,29,35,3,14,7,23,19,0,1,24,0,4,6,13,16,39,33,10,40,24,5,5,23,26,2,8,23,26,1,6,33,22,5,28,0,15,25,14,18,22,18,12,10,34,25,15,30,4,4,22,3,1,13,3,9,21,27,11,16,17,37,21,15,10,4,28,27,24,29,36,29,2,11,19,26,12,19,29,30,13,1,7,30,2,14,9,7,41,12,28,6,3,16,20,2,30,20,20,13,32,5
initial deal
tiles for 0: 6,7,8,9,11,12,17,23,26,27,28,31,32
tiles for 1: 8,8,9,10,15,19,20,22,25,25,31,32,33
tiles for 2: 0,11,14,16,17,18,18,21,21,24,31,31,33
tiles for 3: 0,0,1,3,7,14,17,19,23,24,27,29,32
prepare play
tiles for 0: 6,7,8,9,11,12,17,23,26,27,28,31,32 []
tiles for 1: 8,8,9,10,15,19,20,22,25,25,31,32,33 []
tiles for 2: 0,11,14,16,17,18,18,21,21,24,31,31,33 []
tiles for 3: 0,0,1,3,7,14,17,19,23,24,27,29,32 []
1 <  4
1  > 4
2 <  6
2  > 0
3 <  13
3  > 27
0 <  16
0  > 27
1 <  39
1 <  33
1  > 15
2 <  10
2  > 6
3 <  40
3 <  24
3  > 24
0 <  5
0  > 23
1 <  5
1  > 5
2 <  23
2  > 17
3 <  26
3  > 23
0 <  2
0  > 26
1 <  8
1  > 31
2 <  31 (8)
2 has [10,11,14,16,18,18,21,21,23,24,33], [[31,31,31]]
2  > 11
3 <  23
3  > 19
0 <  26
0  > 31
1 <  1
1  > 1
2 <  6
2  > 6
3 <  33
3  > 23
0 <  22
0  > 22
1 <  5
1  > 5
2 <  28
2  > 28
3 <  0
3  > 26
0 <  15
0  > 26
1 <  25
1  > 32
2 <  14
2  > 10
3 <  18
3  > 24
0 <  22
0  > 22
1 <  18
1  > 22
2 <  22 (5)
2 has [14,14,16,18,18,21,24,33], [[31,31,31],[21,22,23]]
2  > 16
3 <  12
3  > 18
2 <  18 (8)
2 has [14,14,21,24,33], [[31,31,31],[21,22,23],[18,18,18]]
2  > 14
3 <  10
3  > 17
0 <  34
0 <  25
0  > 25
1 <  25 (16)
1 has [8,8,8,9,10,18,19,20,33,33], [[25,25,25,25]]
1 <  15
1  > 15
2 <  30
2  > 14
3 <  4
3  > 4
0 <  4
0  > 16
1 <  22
1  > 22
2 <  3
2  > 3
3 <  1
3  > 0
0 <  13
0  > 17
1 <  3
1  > 3
2 <  9
2  > 9
3 <  21
3  > 21
0 <  27
0  > 27
1 <  11
Player 1 wins hand 25! (hand took 178ms)
0: -76, hand: 2,4,5,6,7,8,9,11,12,13,15,28,32, [], (38,34)
1: 204, hand: 8,8,8,9,10,11,18,19,20,33,33, [[25,25,25,25]], (39)
2: -52, hand: 21,24,30,33, [[31,31,31],[21,22,23],[18,18,18]], ()
3: -76, hand: 0,0,1,1,3,7,10,12,13,14,29,32,33, [], (35,40)

Starting hand 26.
this.hand=26; this.draws=0; config.PRNG.seed(19633676); this.wind=1; this.windOfTheRound=3;
wall: 27,10,11,13,14,3,7,28,9,0,8,8,19,20,25,38,11,32,26,19,13,31,13,28,10,26,22,4,14,34,30,11,5,24,29,26,25,20,32,12,24,39,22,16,17,9,21,17,19,21,18,0,28,16,32,29,30,33,5,22,4,6,23,28,15,27,1,6,0,2,25,4,9,22,6,21,12,9,7,7,1,24,8,15,29,5,21,16,25,37,10,19,31,18,6,23,12,33,3,4,20,0,11,27,1,30,8,15,2,31,12,16,2,15,29,40,20,23,36,5,18,14,2,13,31,35,24,7,23,18,3,41,30,17,27,33,32,14,33,17,26,1,10,3
initial deal
tiles for 0: 0,3,7,8,8,9,10,11,13,14,19,27,28
tiles for 1: 10,11,13,13,19,20,22,25,26,26,28,31,32
tiles for 2: 4,5,11,12,14,20,24,24,25,26,29,30,32
tiles for 3: 0,9,16,16,17,17,18,19,21,21,22,28,32
prepare play
tiles for 0: 0,3,7,8,8,9,10,11,13,14,19,27,28 []
tiles for 1: 10,11,13,13,19,20,22,25,26,26,28,31,32 []
tiles for 2: 4,5,11,12,14,20,24,24,25,26,29,30,32 []
tiles for 3: 0,9,16,16,17,17,18,19,21,21,22,28,32 []
1 <  29
1  > 29
2 <  30
2  > 29
3 <  33
3  > 28
0 <  5
0  > 27
1 <  22
1  > 28
2 <  4
2  > 5
3 <  6
3  > 0
0 <  23
0  > 23
1 <  28
1  > 28
2 <  15
2  > 4
3 <  27
3  > 27
0 <  1
0  > 28
1 <  6
1  > 6
2 <  0
2  > 4
3 <  2
3  > 2
0 <  2 (6)
0 has [3,5,7,8,8,9,10,11,13,14,19], [[0,1,2]]
0  > 19
1 <  25
1  > 32
2 <  4
2  > 4
3 <  9
3  > 6
0 <  6 (5)
0 has [3,8,8,9,10,11,13,14], [[0,1,2],[5,6,7]]
0  > 3
1 <  22
1  > 31
2 <  6
2  > 0
3 <  21
3  > 18
0 <  12
0  > 14
1 <  9
1  > 19
2 <  7
2  > 6
3 <  7
3  > 7
0 <  1
0  > 1
1 <  24
1  > 20
2 <  8
2  > 7
3 <  15
3  > 22
1 <  22 (16)
1 has [9,10,11,13,13,24,25,25,26,26], [[22,22,22,22]]
1 <  29
1  > 29
2 <  5
2  > 5
3 <  21
3 locks [21,21,21,21]
3 <  16 (supplement)
3  > 19
0 <  25
0  > 25
1 <  37
1 <  10
1  > 10
2 <  19
2  > 8
3 <  31
3  > 32
0 <  18
0  > 18
1 <  6
1  > 6
2 <  23
2  > 14
3 <  12
3  > 12
0 <  33
0  > 33
1 <  3
1  > 3
2 <  4
2  > 4
3 <  20
3  > 20
0 <  0
0  > 0
1 <  11
1  > 11
2 <  27
2  > 27
3 <  1
3  > 1
0 <  30
0  > 30
1 <  8
1  > 8
2 <  15
2  > 12
3 <  2
3  > 2
0 <  31
0  > 31
1 <  12
1  > 12
2 <  16
2  > 15
3 <  2
3  > 2
0 <  15
0  > 15
1 <  29
1  > 29
2 <  40
2 <  20
2  > 11
0 <  11 (32)
0 has [8,8,11,12,13], [[0,1,2],[5,6,7],[9,10,11]!]
Player 0 wins hand 26! (hand took 218ms)
0: 80, hand: 8,8,11,12,13, [[0,1,2],[5,6,7],[9,10,11]!], ()
1: -28, hand: 9,10,11,13,13,24,25,25,26,26, [[22,22,22,22]], (38,37)
2: -38, hand: 15,16,19,20,20,23,24,24,25,26,30,30,32, [], (34,40)
3: -14, hand: 9,9,15,16,16,16,17,17,31,33, [[21,21,21,21]], (39)

Starting hand 27.
this.hand=27; this.draws=0; config.PRNG.seed(1876106200); this.wind=2; this.windOfTheRound=3;
wall: 14,23,1,19,5,2,24,9,23,27,12,3,18,29,37,20,16,24,11,0,13,25,15,0,7,17,4,32,15,22,10,26,21,28,20,33,12,26,25,1,32,11,19,15,4,28,8,15,29,28,5,2,30,5,17,6,32,31,18,22,18,27,0,34,9,13,16,27,2,33,35,19,24,14,10,12,27,11,2,23,33,17,9,41,4,1,30,19,14,23,28,8,18,9,12,1,20,8,3,13,25,25,31,40,20,21,16,13,26,33,39,6,22,10,10,0,29,11,30,3,7,30,36,17,14,21,6,32,26,4,6,31,8,38,24,16,7,29,31,21,22,5,3,7
initial deal
tiles for 0: 1,2,3,5,9,12,14,18,19,23,23,24,27
tiles for 1: 0,0,4,7,11,13,15,16,17,20,24,25,29
tiles for 2: 1,10,12,15,20,21,22,25,26,26,28,32,33
tiles for 3: 2,4,5,8,11,15,15,19,28,28,29,30,32
prepare play
tiles for 0: 1,2,3,5,9,12,14,18,19,23,23,24,27 []
tiles for 1: 0,0,4,7,11,13,15,16,17,20,24,25,29 []
tiles for 2: 1,10,12,15,20,21,22,25,26,26,28,32,33 []
tiles for 3: 2,4,5,8,11,15,15,19,28,28,29,30,32 []
2 <  5
2  > 28
3 <  28 (8)
3 has [2,4,5,8,11,15,15,19,29,30,32], [[28,28,28]]
3  > 29
0 <  17
0  > 27
1 <  6
1  > 29
2 <  32
2  > 1
3 <  31
3  > 19
0 <  18
0  > 17
1 <  22
1  > 11
2 <  18
2  > 5
3 <  27
3  > 27
0 <  0
0  > 12
1 <  34
1 <  9
1  > 9
2 <  13
2  > 15
3 <  15 (8)
3 has [2,4,5,8,11,30,31,32], [[28,28,28],[15,15,15]]
3  > 4
0 <  4 (6)
0 has [0,1,5,9,14,18,18,19,23,23,24], [[2,3,4]]
0  > 9
1 <  16
1  > 20
2 <  20 (4)
2 has [10,12,13,18,20,25,26,26,32,32,33], [[20,21,22]]
2  > 12
3 <  27
3  > 27
0 <  2
0  > 14
1 <  14 (5)
1 has [0,0,4,6,7,16,16,17,22,24,25], [[13,14,15]]
1  > 17
2 <  33
2  > 13
3 <  35
3 <  19
3  > 19
0 <  24
0  > 5
1 <  5 (5)
1 has [0,0,7,16,16,22,24,25], [[13,14,15],[4,5,6]]
1  > 7
2 <  14
2  > 14
3 <  10
3  > 8
0 <  12
0  > 12
1 <  27
1  > 27
2 <  11
2  > 11
3 <  2
3  > 2
0 <  23
0  > 18
1 <  33
1  > 33
2 <  33 (8)
2 has [10,18,20,25,26,26,32,32], [[20,21,22],[33,33,33]]
2  > 10
3 <  17
3  > 5
0 <  9
0  > 9
1 <  41
1 <  4
1  > 4
2 <  1
2  > 1
3 <  30
3  > 2
0 <  19
0  > 19
1 <  14
1  > 14
2 <  23
2  > 18
3 <  28
3  > 28
0 <  8
0  > 8
1 <  18
1  > 18
2 <  9
2  > 9
3 <  12
3  > 17
0 <  1
0  > 1
1 <  20
1  > 20
2 <  8
2  > 8
3 <  3
3  > 3
0 <  13
0  > 13
1 <  25
1  > 22
2 <  25
2  > 20
3 <  31
3  > 32
2 <  32 (8)
2 has [23,25,25,26,26], [[20,21,22],[33,33,33],[32,32,32]]
2  > 23
3 <  40
3 <  20
3  > 20
0 <  21
0  > 21
1 <  16
1  > 24
2 <  13
2  > 13
3 <  26
3  > 26
2 <  26 (32)
2 has [25,25], [[20,21,22],[33,33,33],[32,32,32],[26,26,26]!]
Player 2 wins hand 27! (hand took 213ms)
0: -378, hand: 0,1,2,18,19,23,23,23,24,24, [[2,3,4]], ()
1: -342, hand: 0,0,16,16,16,25,25, [[13,14,15],[4,5,6]], (37,34,41)
2: 1056, hand: 25,25, [[20,21,22],[33,33,33],[32,32,32],[26,26,26]!], ()
3: -336, hand: 10,11,12,30,30,31,31, [[28,28,28],[15,15,15]], (35,40)

Starting hand 28.
this.hand=28; this.draws=0; config.PRNG.seed(1957436808); this.wind=2; this.windOfTheRound=3;
wall: 21,22,39,32,18,8,22,30,12,32,26,17,27,30,0,24,7,5,11,6,33,29,13,7,27,32,30,4,28,40,1,23,21,29,17,25,33,19,12,1,33,34,20,28,14,2,28,11,19,18,18,18,3,38,11,24,2,1,9,41,27,25,13,37,23,4,29,13,17,24,21,3,4,5,20,9,26,31,22,9,16,26,10,25,14,0,8,9,31,19,8,10,3,19,12,0,11,36,12,29,22,23,6,16,5,16,35,7,4,2,13,1,10,16,33,2,6,15,26,3,24,28,14,30,27,10,32,21,5,17,20,20,8,14,6,25,23,0,31,15,31,15,15,7
initial deal
tiles for 0: 8,12,17,18,21,22,22,26,27,30,30,32,32
tiles for 1: 0,5,6,7,7,11,13,24,27,29,30,32,33
tiles for 2: 1,1,4,12,17,19,21,23,25,28,29,33,33
tiles for 3: 2,3,11,11,14,18,18,18,19,20,24,28,28
prepare play
tiles for 0: 8,12,17,18,21,22,22,26,27,30,30,32,32 []
tiles for 1: 0,5,6,7,7,11,13,24,27,29,30,32,33 []
tiles for 2: 1,1,4,12,17,19,21,23,25,28,29,33,33 []
tiles for 3: 2,3,11,11,14,18,18,18,19,20,24,28,28 []
2 <  2
2  > 29
3 <  1
3  > 3
0 <  9
0  > 27
1 <  41
1 <  27
1  > 29
2 <  25
2  > 28
3 <  13
3  > 1
0 <  37
0 <  23
0  > 17
1 <  4
1  > 0
2 <  29
2  > 29
3 <  13
3  > 2
0 <  17
0  > 12
1 <  12 (5)
1 has [4,5,6,7,7,24,27,27,30,32,33], [[11,12,13]]
1  > 24
2 <  24 (5)
2 has [1,1,2,4,12,17,19,21,25,33,33], [[23,24,25]]
2  > 17
3 <  24
3  > 18
0 <  21
0  > 8
1 <  8 (6)
1 has [4,5,7,27,27,30,32,33], [[11,12,13],[6,7,8]]
1  > 32
0 <  32 (8)
0 has [9,17,18,21,21,22,22,23,26,30,30], [[32,32,32]]
0  > 9
1 <  3
1  > 33
2 <  33 (8)
2 has [1,1,2,4,12,19,21,25], [[23,24,25],[33,33,33]]
2  > 12
3 <  12 (5)
3 has [11,13,14,18,18,19,20,24,24,28,28], [[11,12,13]]
3  > 19
0 <  4
0  > 4
1 <  5
1  > 30
0 <  30 (8)
0 has [17,18,21,21,22,22,23,26], [[32,32,32],[30,30,30]]
0  > 17
1 <  20
1  > 20
2 <  20 (5)
2 has [1,1,2,4,25], [[23,24,25],[33,33,33],[19,20,21]]
2  > 25
3 <  9
3  > 20
0 <  26
0  > 22
1 <  31
1  > 31
2 <  22
2  > 22
3 <  9
3  > 18
0 <  16
0  > 16
1 <  26
1  > 26
2 <  10
2  > 10
3 <  10 (5)
3 has [9,13,14,18,24,24,28,28], [[11,12,13],[9,10,11]]
3  > 24
0 <  25
0  > 26
1 <  14
1  > 14
2 <  0
2  > 0
3 <  8
3  > 8
0 <  9
0  > 9
1 <  31
1  > 31
2 <  19
2  > 19
3 <  8
3  > 8
0 <  10
0  > 10
1 <  3
1  > 3
2 <  19
2  > 19
3 <  12
3  > 24
0 <  0
0  > 0
1 <  11
1  > 11
2 <  36
2 <  12
2  > 12
3 <  12 (4)
3 has [9,12,18,28,28], [[11,12,13],[9,10,11],[12,13,14]]
3  > 18
0 <  29
0  > 29
1 <  22
1  > 22
2 <  23
2  > 23
3 <  6
3  > 6
1 <  6 (32)
1 has [3,4,5,27,27], [[11,12,13],[6,7,8],[5,6,7]!]
Player 1 wins hand 28! (hand took 187ms)
0: 68, hand: 18,21,21,22,23,25,26, [[32,32,32],[30,30,30]], (39,37)
1: 112, hand: 3,4,5,27,27, [[11,12,13],[6,7,8],[5,6,7]!], (41)
2: -64, hand: 1,1,2,4, [[23,24,25],[33,33,33],[19,20,21]], (40,36)
3: -116, hand: 9,12,28,28, [[11,12,13],[9,10,11],[12,13,14]], (34,38)

Starting hand 29.
this.hand=29; this.draws=0; config.PRNG.seed(658574006); this.wind=3; this.windOfTheRound=3;
wall: 1,11,40,3,14,2,17,17,3,22,1,32,17,12,22,10,5,15,10,19,26,25,18,29,18,31,9,19,33,5,9,19,28,30,0,29,0,27,13,29,10,14,20,31,6,21,23,11,9,30,31,7,14,12,25,1,28,27,10,15,7,26,4,23,33,16,18,6,19,25,6,20,0,12,5,13,7,9,13,12,24,20,16,28,2,22,32,20,27,24,4,30,5,8,4,8,34,37,23,15,17,21,16,27,26,16,24,4,35,36,13,33,11,29,39,0,22,32,7,21,6,33,30,3,14,8,21,1,11,15,18,41,23,26,38,2,8,2,31,32,28,25,3,24
initial deal
tiles for 0: 1,1,2,3,3,11,12,14,17,17,17,22,32
tiles for 1: 5,9,10,10,15,18,18,19,22,25,26,29,31
tiles for 2: 0,0,5,9,13,19,19,27,28,29,29,30,33
tiles for 3: 6,7,9,10,11,14,14,20,21,23,30,31,31
prepare play
tiles for 0: 1,1,2,3,3,11,12,14,17,17,17,22,32 []
tiles for 1: 5,9,10,10,15,18,18,19,22,25,26,29,31 []
tiles for 2: 0,0,5,9,13,19,19,27,28,29,29,30,33 []
tiles for 3: 6,7,9,10,11,14,14,20,21,23,30,31,31 []
3 <  12
3  > 7
0 <  25
0  > 25
1 <  1
1  > 1
2 <  28
2  > 27
3 <  27
3  > 6
0 <  10
0  > 22
1 <  15
1  > 5
2 <  7
2  > 13
3 <  13 (6)
3 has [9,10,14,14,20,21,23,27,30,31,31], [[11,12,13]]
3  > 23
0 <  26
0  > 26
1 <  4
1  > 4
2 <  23
2  > 9
3 <  33
3  > 20
0 <  16
0  > 12
1 <  18
1  > 22
2 <  6
2  > 23
3 <  19
3  > 21
0 <  25
0  > 25
1 <  6
1  > 6
2 <  20
2  > 0
3 <  0
3  > 19
2 <  19 (8)
2 has [0,5,6,7,20,28,28,29,29,30,33], [[19,19,19]]
2  > 20
3 <  12
3  > 0
0 <  5
0  > 10
1 <  10 (8)
1 has [9,15,15,18,18,18,19,25,26,29,31], [[10,10,10]]
1  > 9
2 <  13
2  > 13
3 <  13 (5)
3 has [9,10,14,27,30,31,31,33], [[11,12,13],[12,13,14]]
3  > 14
0 <  7
0  > 16
1 <  9
1  > 9
2 <  13
2  > 13
3 <  12
3  > 33
0 <  24
0  > 24
1 <  24 (4)
1 has [15,15,18,18,18,19,29,31], [[10,10,10],[24,25,26]]
1  > 31
3 <  31 (8)
3 has [9,10,12,27,30], [[11,12,13],[12,13,14],[31,31,31]]
3  > 30
0 <  20
0  > 20
1 <  20 (6)
1 has [15,15,18,18,29], [[10,10,10],[24,25,26],[18,19,20]]
1  > 29
2 <  29 (8)
2 has [0,5,6,7,28,28,30,33], [[19,19,19],[29,29,29]]
2  > 0
3 <  16
3  > 16
0 <  28
0  > 28
2 <  28 (8)
2 has [5,6,7,30,33], [[19,19,19],[29,29,29],[28,28,28]]
2  > 5
3 <  2
3  > 2
0 <  2 (5)
0 has [1,2,3,5,7,11,14,17,17,17,32], [[1,2,3]]
0  > 14
1 <  22
1  > 22
2 <  32
2  > 7
3 <  20
3  > 20
0 <  27
0  > 27
1 <  24
1  > 24
2 <  4
2  > 6
3 <  30
3  > 30
0 <  5
0  > 17
1 <  8
1  > 8
2 <  4
2  > 4
3 <  8
3  > 8
0 <  34
0 <  37
0 <  23
0  > 23
1 <  15
Player 1 wins hand 29! (hand took 195ms)
0: -22, hand: 1,2,3,5,5,7,11,17,17,32, [[1,2,3]], (40,34,37)
1: 72, hand: 15,15,15,18,18, [[10,10,10],[24,25,26],[18,19,20]], ()
2: 2, hand: 4,30,32,33, [[19,19,19],[29,29,29],[28,28,28]], ()
3: -52, hand: 9,10,12,27, [[11,12,13],[12,13,14],[31,31,31]], ()
hand 1
  0 (E): 288 for c7,c7 [N,N,N, F,F,F, b9,b9,b9, c5,c6,c4] 
  1 (N): 140 for b1,b2,d1,d1,d1,b3,b4 [d5,d5,d5, d9,d9,d9] (s1,s3,s4,s2)
  2 (W): -208 for b2,c6,c8,b3,b4,b8,b8 [b7,b6,b5, c9,c8,c7] (f1)
  3 (S): -220 for c4,c5,c8,c9,d4,d4,d6,d7,d8,d9 [c2,c3,c1] 
hand 2
  0 (E): -152 for c5,c5,W,W [c8,c7,c6, b7,b6,b5, b5,b6,b4] (s1)
  1 (N): 224 for c2,c2 [b3,b3,b3, N,N,N, d9,d9,d9, c2,c4,c3] (f3,f2)
  2 (W): -76 for b1,b1,c3,c7,c8,d1,d2,b4,c1,c1 [d6,d8,d7] (s4)
  3 (S): 4 for c5,c6,c7,d1,d3,d3,d3,d4,d5,C [P,P,P] (f1)
hand 3
  0 (S): -72 for c2,c3,W,W,b5,b7,b7,b8,b9,c1 [c5,c7,c6] (f2)
  1 (E): 192 for d1,d2,d3,P,P [d9,d8,d7, b3,b4,b2, b8,b9,b7] (s3)
  2 (N): -60 for b1,d2,b3,b3,d3,d4,d5,d5,b8,b9 [c3,c4,c2] (s2,f3)
  3 (W): -60 for b3,d5,d5,d6,d6,d7,d7,d9,d9,b4,b5,b6,b6 (f1,s1)
hand 4
  0 (S): -56 for c3,c4,c4,c5,c7,c8,c9,c9,C,C [b3,b4,b2] (f3)
  1 (E): 168 for c7,c8,c9,b4,b5,b6,b7,b7 [d5,d4,d3, b4,b6,b5] (f4)
  2 (N): -50 for c2,c3,c4,c5,d8,d8,d9 [b1,b3,b2, d1,d3,d2] (f2,f1)
  3 (W): -62 for c2,c3,c5,c6,c7,c7,c8,c8,c9,W,C,c1,c1 (s1)
hand 5
  0 (S): 224 for N,N,b6,b7,b8 [b3,b4,b2, b3,b4,b2, b6,b5,b4] (f3)
  1 (E): -120 for d8,d9,E,b4,b6,b7,b8 [c7,c9,c8, d2,d3,d1] 
  2 (N): -60 for c4,c5,c6,b5,b7,b8,b9 [c4,c3,c2, c7,c6,c5] 
  3 (W): -44 for b1,c2,c3,c7,c9,E,F,P,b5,b5,b7,b8,b9 (f1)
hand 6
  0 (W): -140 for d2,d4,d5,d6,d7,d7,d8,C,C,b7,b8,b8,b9 (s4,s2)
  1 (S): -98 for E,E,E,b4,b6,b6,b7,b7,b8,b9 [c6,c5,c4] (f4)
  2 (E): -146 for E [d3,d3,d3, d8,d8,d8, b5,b5,b5, c8,c8,c8] (f3,f1,s1)
  3 (N): 384 for c2,c3,c9,c9,F,F,F,c1 [c7,c7,c7, c7,c8,c6] (f2)
hand 7
  0 (N): -10 for c4,c5,E,E,b4,N,C,P,b5,b5,b7,b8,c1 (f3,f2,s2,s1)
  1 (W): 64 for d2,b3,d3,d4,d5,d5,d5,b4,b5,b9,b9 [d9,d8,d7] 
  2 (S): -46 for c5,c6,c8,c9,d6,d6,d7,d8,P,P [c4,c5,c3] (s4)
  3 (E): -8 for c5,c6,d1,d3,d3,d3,d6,d7,d8,P [F,F,F] (f4)
hand 8
  0 (E): -176 for c2,c5,c6,c9,b3,b4,c1 [b2,b4,b3, b7,b9,b8] (f3,f1,f2)
  1 (N): -136 for b2,b3,d5,d6,d7,d8,N,P,b5,b5 [d6,d5,d4] 
  2 (W): -104 for b1,b1,d8,d9,b4,b5,b6,b7,b8,b9 [c8,c7,c6] (s4,s3)
  3 (S): 416 for c5,c6,c7,N,N [c4,c4,c4,c4, F,F,F, c3,c2,c1] (f4)
hand 9
  0 (S): -222 for b3,d4,d9,S,b4,b4,F,F,b5,b7 [b8,b7,b6] 
  1 (E): -444 for c5,c5,c6,c7,c8,d2,d2 [d5,d7,d6, c4,c4,c4] 
  2 (N): 128 for c5,c6,c7,S,S [b2,b3,b1, b4,b6,b5, d3,d5,d4] (s2)
  3 (W): 538 for d1,d2,d6,d7,d7,d8,W,W,P,P [c8,c9,c7] (f1,f3,s3,f2,f4)
hand 10
  0 (W): -42 for c5,c5,c5,c6,c6,S,W,W,C,C [b7,b8,b6] (s1)
  1 (S): -36 for b1,b2,b4,b4,P,P,b5,b6,b8,b8 [d5,d7,d6] (s4,s3,f4)
  2 (E): 72 for d7,d7,d8,d8,d9,d9,b9,b9 [d3,d5,d4, c8,c8,c8] 
  3 (N): 6 for c6,c7,c7,c9,d4,S,S [c4,c3,c2, F,F,F] (s2,f2)
hand 11
  0 (W): -6 for c7,c7,c8,b3,S,F,b5,b5,b5,b7,b7,b7,c1 (f3,s2,s1)
  1 (S): 120 for d1,d1,N,N,N [c4,c6,c5, b4,b4,b4, b3,b3,b3] (f1,f4)
  2 (E): -72 for b2,b2,c3,c3,c4,c7,c7 [d6,d6,d6, d2,d2,d2] (s3)
  3 (N): -42 for c2,c3,c4,c5,E,E,S,S,F,F [c9,c9,c9] 
hand 12
  0 (N): -72 for b1,b2,c3,S,b4,F,C [b6,b6,b6, N,N,N] 
  1 (W): 288 for c2,c2,P,P,P,c1,c1,c1 [c8,c8,c8, d8,d7,d6] (s3,f1)
  2 (S): -60 for c3,c3,c4,c5,c5,d3,d4,d5,d7,d8 [d2,d3,d1] (s2,f2)
  3 (E): -156 for b1,c7,c7,b3,S,S,F,b7,b7,b9 [c6,c6,c6] (f4)
hand 13
  0 (E): -28 for c3,c5,E,P,P,b8,b9 [b1,b1,b1,b1, b4,b6,b5] (f2,s2)
  1 (N): -70 for d6,d6,b6,b7,b7,b8,b9 [N,N,N, c8,c8,c8] 
  2 (W): 144 for c2,c2 [d5,d7,d6, d3,d4,d2, d3,d5,d4, F,F,F] (f4)
  3 (S): -46 for c3,c4,c5,c6,c6,c7,c8,W,W,F [c4,c5,c3] (f3,s4,s1,f1)
hand 14
  0 (S): -52 for b1,c6,S,b4,b4,C,P,b5,b6,b6,b7,b8,b9 (s3)
  1 (E): 180 for W,W,b7,b8,b9 [d8,d8,d8, c3,c2,c1, c4,c6,c5] (f4,f1,f2,s2)
  2 (N): -64 for d8,d9,d9,W,F,C,b7 [d6,d5,d4, d2,d3,d1] 
  3 (W): -64 for c2,c3,c4,c4,c5,c6,c7,c8,c9,c9,F,C,b8 
hand 15
  0 (S): -94 for d2,d2,d3,d3,d5,d5,d9,S,S,P [b4,b3,b2] (f1,s2,s4)
  1 (E): 168 for c2,c2,c5,c6,c7 [b1,b1,b1, c8,c8,c8, d7,d7,d7] (f2,f3)
  2 (N): 8 for d4,d6,d8,C [d3,d2,d1, F,F,F, W,W,W] (s1)
  3 (W): -82 for c4,c5,c6,c6,N,N,N [c9,c9,c9, c3,c3,c3] (s3)
hand 16
  0 (S): -1020 for b2,b3,b4,C,b6,b8,b9 [b8,b7,b6, b5,b4,b3] (s1)
  1 (E): -1960 for b1,b1,b1,b2 [N,N,N, c4,c3,c2, c4,c5,c3] (f1,s2)
  2 (N): -1020 for c6,c7,c9,c9 [d6,d5,d4, d7,d7,d7, c5,c5,c5] (f2)
  3 (W): 4000 for c2,c2 [F,F,F, W,W,W,W, d6,d6,d6, d3,d5,d4] (f4,f3,s3)
hand 17
  0 (W): 104 for F [W,W,W, b8,b8,b8, E,E,E, b3,b5,b4] (f2,s4,s1)
  1 (S): -142 for c2,c7,c8,c9 [c7,c8,c6, d5,d7,d6, c6,c6,c6] (s3)
  2 (E): -202 for c3,c4,c7,c9,F,P,P [d9,d8,d7, d5,d6,d4] (f4)
  3 (N): 240 for c5,c5,b6,b6,b6,b7,b7,b7 [C,C,C, c1,c3,c2] (f3,f1)
hand 18
  0 (N): -52 for c2,c4,c5,c7,c7,W,N,N,F,C [P,P,P] (f1)
  1 (W): 88 for b1,b2,b3,b4,b5,b6 [d2,d2,d2, c3,c4,c2, b7,b7] (f3,s2)
  2 (S): -94 for b1,b1,b2,b2,W,W,b4,b6,b6,b7 [d9,d8,d7] (s4)
  3 (E): 58 for d3,d6,d8,d8,d9,E,S,S,S,W,F,F,F (s3,s1,f4,f2)
hand 19
  0 (E): -84 for b3,E,E,F,F,b5,b6,b6,b7,b8 [b3,b2,b1] (f1,s4)
  1 (N): 112 for b6,b6,b9,b9,b9 [d8,d7,d6, d2,d4,d3, b5,b5,b5] (f2,f4)
  2 (W): -66 for d5,d6,d7,d9,N,N,F,F,C,P [d4,d4,d4] 
  3 (S): 38 for c3,N,N,c1 [W,W,W, S,S,S, c2,c2,c2] (s1)
hand 20
  0 (S): -140 for c2,b4,N,C,b6,b7,b8 [b7,b6,b5, b7,b8,b6] (f1,s4)
  1 (E): 360 for c4,c4,d2,d2,d2 [E,E,E, d7,d6,d5, d4,d5,d3] (f2,f4,f3)
  2 (N): -164 for c2,c3,c6,d1,d1,d3,d4,d7,d7,d8,d9,N,P 
  3 (W): -56 for W,N,C,C [c3,c4,c2, c8,c9,c7, F,F,F] (s1,s2,s3)
hand 21
  0 (S): 20 for c2,c4,c5,N,C,C,P [S,S,S, b3,b3,b3] (f4,s4,s2)
  1 (E): 72 for c5,c5,c5,c6,c7,d1,d2,d3 [d6,d7,d5, d2,d2,d2] 
  2 (N): -34 for c4,c6,c6,d5,d5,d9,d9,d9,F,F [d6,d7,d5] (s1,f3,s3)
  3 (W): -58 for c2,c3,c4,F,F,C,b6 [E,E,E, c8,c8,c8,c8] 
hand 22
  0 (S): -132 for b1,b1,b3,d6,N,F,F [b5,b7,b6, b5,b4,b3] 
  1 (E): 360 for b2,b3,b4,b6,b6 [c1,c1,c1, c4,c3,c2, c8,c9,c7] (f1,f2,s3)
  2 (N): -114 for c3,c3,c4,c5,c7,c9,d6,d8,d8,N [d3,d2,d1] (f4,f3)
  3 (W): -114 for c2,c6,c6,W,N,F,b8 [c4,c5,c3, c6,c8,c7] (s2,s4)
hand 23
  0 (S): -154 for d2,d2,d9,d9 [b5,b7,b6, b2,b2,b2, d5,d4,d3] (f4,s3,f1)
  1 (E): 360 for b1,b1,d3,d4,d5,d7,d7,d7 [b3,b3,b3,b3, N,N,N] (f2)
  2 (N): -52 for b1,b1,F,b6,b7,b8,b8 [c6,c6,c6,c6, C,C,C,C] 
  3 (W): -154 for c2,c2,c4,c7,c7,c8,F [c3,c2,c1, c3,c3,c3] (s1,s4,f3)
hand 24
  0 (S): -98 for b1,b1,d1,d2,d6,d6,d9,N,F,F [b4,b3,b2] 
  1 (E): 156 for b9,b9 [d5,d5,d5,d5, c7,c6,c5, b7,b6,b5, d9,d9,d9] (s3)
  2 (N): 28 for d1,d1,d2,d3,d4,C,C [E,E,E, P,P,P] (f1,s2,s4)
  3 (W): -86 for c2,b3,b3,b4,N,F,C,C,c1,c1 [c5,c6,c4] (s1)
hand 25
  0 (S): -76 for c3,c4,c5,c7,b3,S,C,b5,b6,b7,b8,b9,c1 (s1,f1)
  1 (E): 204 for c2,c3,d1,d2,d3,P,P,b9,b9,b9,c1 [d8,d8,d8,d8] (s2)
  2 (N): -52 for d4,d7,N,P [F,F,F, d5,d6,d4, d1,d1,d1] 
  3 (W): -76 for b1,b1,b2,b2,c2,c4,c5,c6,W,b4,C,P,b8 (f2,s3)
hand 26
  0 (S): 80 for c3,c4,c5,b9,b9 [b3,b2,b1, b7,b8,b6, c3,c2,c1] 
  1 (E): -28 for c2,c3,c5,c5,d7,d8,d8,d9,d9,c1 [d5,d5,d5,d5] (s1,f4)
  2 (N): -38 for c7,c8,d2,d3,d3,d6,d7,d7,d8,d9,N,N,C (f1,s3)
  3 (W): -14 for c7,c8,c8,c8,c9,c9,F,P,c1,c1 [d4,d4,d4,d4] (s2)
hand 27
  0 (W): -378 for b1,b2,d1,d2,b3,d6,d6,d6,d7,d7 [b5,b4,b3] 
  1 (S): -342 for b1,b1,c8,c8,c8,d8,d8 [c6,c7,c5, b6,b7,b5] (f4,f1,s4)
  2 (E): 1056 for d8,d8 [d3,d5,d4, P,P,P, C,C,C, d9,d9,d9] 
  3 (N): -336 for c2,c3,c4,N,N,F,F [S,S,S, c7,c7,c7] (f2,s3)
hand 28
  0 (W): 68 for d1,d4,d4,d5,d6,d8,d9 [C,C,C, N,N,N] (s2,f4)
  1 (S): 112 for E,E,b4,b5,b6 [c4,c5,c3, b9,b8,b7, b7,b8,b6] (s4)
  2 (E): -64 for b2,b2,b3,b5 [d7,d8,d6, P,P,P, d3,d4,d2] (s3,f3)
  3 (N): -116 for c4,S,S,c1 [c4,c5,c3, c2,c3,c1, c4,c6,c5] (f1,s1)
hand 29
  0 (N): -22 for b2,c3,c9,c9,b3,b4,C,b6,b6,b8 [b3,b4,b2] (s3,f1,f4)
  1 (W): 72 for c7,c7,c7,d1,d1 [c2,c2,c2, d7,d9,d8, d3,d2,d1] 
  2 (S): 2 for N,C,P,b5 [d2,d2,d2, W,W,W, S,S,S] 
  3 (E): -52 for c2,c4,E,c1 [c5,c4,c3, c5,c6,c4, F,F,F] 
final scores:
  player 0: -494 (not set to chicken)
  player 1: 2064 (set to chicken)
  player 2: 592 (not set to chicken)
  player 3: 5838 (not set to chicken)
Game took 7.61s