Initial seed: 12
starting game.

Starting hand 1.
this.hand=1; this.draws=0; config.PRNG.seed(1672426266); this.wind=0; this.windOfTheRound=0;
wall: 3,22,13,8,4,22,17,11,5,15,29,24,38,0,28,24,10,16,15,33,14,31,14,20,13,34,20,15,5,19,18,28,25,23,1,23,14,15,20,29,0,8,26,10,29,13,9,9,21,18,2,28,1,26,23,31,28,0,30,22,33,39,32,7,4,7,25,22,25,33,27,27,29,5,16,10,12,25,1,19,16,41,13,2,3,32,12,24,17,6,11,17,21,31,27,4,9,2,40,19,1,7,2,4,30,8,21,6,18,16,27,8,10,36,21,37,24,23,30,31,35,5,17,3,6,26,0,19,11,32,7,6,32,12,3,30,33,18,9,12,11,14,26,20
initial deal
tiles for 0: 0,3,4,5,8,11,13,15,17,22,22,24,29
tiles for 1: 10,13,14,14,15,15,16,20,20,24,28,31,33
tiles for 2: 0,1,5,14,15,18,19,20,23,23,25,28,29
tiles for 3: 1,2,8,9,9,10,13,18,21,26,26,28,29
prepare play
tiles for 0: 0,3,4,5,8,11,13,15,17,22,22,24,29 []
tiles for 1: 10,13,14,14,15,15,16,20,20,24,28,31,33 []
tiles for 2: 0,1,5,14,15,18,19,20,23,23,25,28,29 []
tiles for 3: 1,2,8,9,9,10,13,18,21,26,26,28,29 []
0 <  23
0  > 29
1 <  31
1  > 28
2 <  28
2  > 5
3 <  0
3  > 29
0 <  30
0  > 30
1 <  22
1  > 22
2 <  33
2  > 29
3 <  39
3 <  32
3  > 8
0 <  7
0  > 0
1 <  4
1  > 4
2 <  7
2  > 7
3 <  25
3  > 18
0 <  22
0  > 15
1 <  25
1  > 20
2 <  33
2  > 25
3 <  27
3  > 21
0 <  27
0  > 17
1 <  17 (6)
1 has [10,13,14,14,15,20,24,25,31,31,33], [[15,16,17]]
1  > 24
2 <  29
2  > 29
3 <  5
3  > 5
0 <  16
0  > 16
1 <  16 (6)
1 has [10,13,14,20,25,31,31,33], [[15,16,17],[14,15,16]]
1  > 20
2 <  10
2  > 10
3 <  12
3  > 28
2 <  28 (8)
2 has [0,1,14,15,18,19,20,23,23,33,33], [[28,28,28]]
2  > 14
3 <  14 (6)
3 has [0,1,2,9,9,10,25,26,26,27,32], [[12,13,14]]
3  > 32
0 <  25
0  > 27
1 <  1
1  > 1
2 <  19
2  > 15
3 <  16
3  > 16
0 <  41
0 <  13
0  > 11
1 <  2
1  > 25
2 <  3
2  > 3
3 <  3 (6)
3 has [0,9,9,10,25,26,26,27], [[12,13,14],[1,2,3]]
3  > 0
0 <  32
0  > 32
1 <  12
1  > 2
2 <  24
2  > 0
3 <  17
3  > 17
0 <  6
0  > 4
1 <  11
1  > 33
2 <  33 (8)
2 has [1,18,19,19,20,23,23,24], [[28,28,28],[33,33,33]]
2  > 1
3 <  17
3  > 17
0 <  21
0  > 21
1 <  31
1  > 31
2 <  27
2  > 27
3 <  4
3  > 4
0 <  4 (5)
0 has [6,7,8,13,13,22,22,22,23,24,25], [[3,4,5]]
0  > 22
1 <  9
Player 1 wins hand 1! (hand took 168ms)
0: -80, hand: 6,7,8,13,13,22,22,23,24,25, [[3,4,5]], (38,41)
1: 144, hand: 9,10,11,12,13,14,31,31, [[15,16,17],[14,15,16]], (34)
2: -8, hand: 18,19,19,20,23,23,24, [[28,28,28],[33,33,33]], ()
3: -56, hand: 9,9,10,25,26,26,27, [[12,13,14],[1,2,3]], (39)

Starting hand 2.
this.hand=2; this.draws=0; config.PRNG.seed(1404399812); this.wind=1; this.windOfTheRound=0;
wall: 16,33,29,6,9,17,26,5,26,15,9,7,22,8,30,32,16,4,18,12,5,19,5,8,36,27,11,0,14,1,31,25,37,20,19,2,13,6,30,3,6,1,40,3,25,21,22,8,11,10,34,35,31,14,27,29,2,14,2,3,8,13,29,19,23,11,23,7,33,23,7,32,33,1,18,5,10,17,28,31,19,27,30,16,20,3,0,29,20,11,28,0,18,28,23,39,32,15,4,4,9,24,15,20,24,10,21,30,26,1,27,28,24,14,0,17,24,10,32,12,4,15,7,16,17,9,38,25,31,18,12,41,12,22,25,2,13,22,21,13,26,33,21,6
initial deal
tiles for 0: 5,6,7,9,9,15,16,17,22,26,26,29,33
tiles for 1: 4,5,5,8,8,11,12,16,18,19,27,30,32
tiles for 2: 0,1,2,3,6,6,13,14,19,20,25,30,31
tiles for 3: 1,2,3,8,10,11,14,21,22,25,27,29,31
prepare play
tiles for 0: 5,6,7,9,9,15,16,17,22,26,26,29,33 []
tiles for 1: 4,5,5,8,8,11,12,16,18,19,27,30,32 []
tiles for 2: 0,1,2,3,6,6,13,14,19,20,25,30,31 []
tiles for 3: 1,2,3,8,10,11,14,21,22,25,27,29,31 []
1 <  14
1  > 30
2 <  2
2  > 14
3 <  3
3  > 14
0 <  8
0  > 29
1 <  13
1  > 19
2 <  29
2  > 29
3 <  19
3  > 8
0 <  23
0  > 33
1 <  11
1  > 18
2 <  18 (4)
2 has [0,1,2,2,3,6,6,13,25,30,31], [[18,19,20]]
2  > 13
3 <  23
3  > 31
0 <  7
0  > 23
1 <  33
1  > 4
2 <  23
2  > 0
3 <  7
3  > 7
0 <  32
0  > 22
1 <  33
1  > 8
2 <  1
2  > 3
3 <  18
3  > 29
0 <  5
0  > 32
1 <  10
1  > 5
2 <  17
2  > 17
3 <  28
3  > 28
0 <  31
0  > 31
1 <  19
1  > 19
2 <  27
2  > 6
3 <  30
3  > 30
0 <  16
0  > 26
1 <  20
1  > 20
2 <  3
2  > 6
3 <  0
3  > 27
0 <  29
0  > 29
1 <  20
1  > 20
2 <  11
2  > 11
1 <  11 (8)
1 has [5,8,10,12,13,14,16,27,32,33,33], [[11,11,11]]
1  > 8
2 <  28
2  > 28
3 <  0
3  > 25
0 <  18
0  > 26
1 <  28
1  > 28
2 <  23
2  > 2
3 <  39
3 <  32
3  > 32
0 <  15
0  > 18
1 <  4
1  > 4
2 <  4
2  > 4
3 <  4 (6)
3 has [0,0,1,3,10,11,18,19,21,22,23], [[2,3,4]]
3  > 3
0 <  9
0  > 16
1 <  24
1  > 24
2 <  24 (5)
2 has [1,1,2,3,23,27,30,31], [[18,19,20],[23,24,25]]
2  > 23
3 <  15
3  > 15
0 <  15 (4)
0 has [5,5,6,7,7,8,9,9,9,15,15], [[15,16,17]]
0  > 9
1 <  20
1  > 5
2 <  24
2  > 1
3 <  10
3  > 11
0 <  21
0  > 21
1 <  30
1  > 30
2 <  26
2  > 30
3 <  1
3  > 19
0 <  27
0  > 27
1 <  28
1  > 28
2 <  24
2  > 31
3 <  14
3  > 14
0 <  0
0  > 0
3 <  0 (8)
3 has [1,1,10,10,18,21,22,23], [[2,3,4],[0,0,0]]
3  > 18
0 <  17
0  > 5
1 <  24
1  > 20
2 <  10
2  > 10
3 <  10 (32)
3 has [1,1,21,22,23], [[2,3,4],[0,0,0],[10,10,10]!]
Player 3 wins hand 2! (hand took 251ms)
0: -44, hand: 5,6,7,7,8,9,9,15,15,17, [[15,16,17]], ()
1: -48, hand: 10,12,13,14,16,24,27,32,33,33, [[11,11,11]], (36)
2: -36, hand: 1,2,3,24,24,26,27, [[18,19,20],[23,24,25]], (37)
3: 128, hand: 1,1,21,22,23, [[2,3,4],[0,0,0],[10,10,10]!], (40,34,35,39)

Starting hand 3.
this.hand=3; this.draws=0; config.PRNG.seed(1990138983); this.wind=2; this.windOfTheRound=0;
wall: 13,30,31,13,5,23,29,32,5,16,2,0,17,25,41,8,28,1,2,19,23,12,3,19,32,11,23,20,37,7,12,10,26,6,27,38,16,0,15,22,12,15,9,6,9,24,5,18,28,1,4,34,26,17,8,33,18,29,6,33,21,31,28,11,22,32,31,20,14,16,24,14,1,33,13,8,11,25,7,20,4,15,24,36,15,29,25,21,20,27,30,26,7,11,39,0,24,22,8,13,3,23,29,10,19,16,27,12,4,17,28,3,2,9,26,7,22,30,17,18,2,19,10,1,10,32,25,0,14,6,9,14,3,40,31,21,18,21,4,35,30,5,33,27
initial deal
tiles for 0: 0,2,5,5,13,13,16,17,23,29,30,31,32
tiles for 1: 1,2,3,8,11,12,19,19,23,23,25,28,32
tiles for 2: 0,6,7,10,12,12,15,15,16,20,22,26,27
tiles for 3: 1,4,5,6,8,9,9,17,18,24,26,28,33
prepare play
tiles for 0: 0,2,5,5,13,13,16,17,23,29,30,31,32 []
tiles for 1: 1,2,3,8,11,12,19,19,23,23,25,28,32 []
tiles for 2: 0,6,7,10,12,12,15,15,16,20,22,26,27 []
tiles for 3: 1,4,5,6,8,9,9,17,18,24,26,28,33 []
2 <  18
2  > 7
3 <  7 (6)
3 has [1,4,8,9,9,17,18,24,26,28,33], [[5,6,7]]
3  > 28
0 <  29
0  > 30
1 <  6
1  > 25
2 <  33
2  > 0
3 <  21
3  > 8
0 <  31
0  > 23
1 <  28
1  > 19
2 <  19 (5)
2 has [6,10,12,12,15,15,16,22,26,27,33], [[18,19,20]]
2  > 6
3 <  11
3  > 17
0 <  22
0  > 22
1 <  32
1  > 19
2 <  31
2  > 26
3 <  20
3  > 4
0 <  14
0  > 32
1 <  32 (8)
1 has [1,2,3,6,8,11,12,23,23,28,28], [[32,32,32]]
1  > 23
2 <  16
2  > 22
3 <  22 (6)
3 has [1,9,9,11,18,24,26,33], [[5,6,7],[20,21,22]]
3  > 1
0 <  1 (5)
0 has [5,5,13,13,14,16,17,29,29,31,31], [[0,1,2]]
0  > 17
1 <  24
1  > 23
2 <  14
2  > 15
3 <  1
3  > 1
0 <  33
0  > 33
1 <  13
1  > 24
2 <  8
2  > 8
3 <  11
3  > 18
0 <  25
0  > 25
1 <  7
Player 1 wins hand 3! (hand took 102ms)
0: -48, hand: 5,5,13,13,14,16,29,29,31,31, [[0,1,2]], ()
1: 176, hand: 1,2,3,6,7,8,11,12,13,28,28, [[32,32,32]], (41)
2: -76, hand: 10,12,12,14,15,16,16,27,31,33, [[18,19,20]], (37,38)
3: -52, hand: 9,9,11,11,24,26,33, [[5,6,7],[20,21,22]], (34)

Starting hand 4.
this.hand=4; this.draws=0; config.PRNG.seed(1279088888); this.wind=3; this.windOfTheRound=0;
wall: 21,23,14,32,5,21,19,13,20,27,18,5,7,25,11,3,19,31,21,1,17,37,20,26,5,25,22,15,7,1,11,1,15,8,33,12,10,23,1,11,8,41,0,0,9,27,28,16,16,20,12,7,38,31,28,20,4,30,33,29,30,2,29,34,31,30,9,22,16,19,10,35,12,28,0,6,4,3,14,30,6,24,22,17,2,17,8,33,4,25,3,7,4,9,36,40,13,13,6,29,18,11,23,9,10,13,14,32,0,22,18,2,8,12,29,24,10,6,21,24,5,15,26,32,33,27,32,28,25,23,14,27,17,26,24,19,3,15,39,16,26,31,18,2
initial deal
tiles for 0: 5,5,7,13,14,18,19,20,21,21,23,27,32
tiles for 1: 1,3,5,11,17,19,20,21,22,25,25,26,31
tiles for 2: 1,1,1,7,8,10,11,11,12,15,15,23,33
tiles for 3: 0,0,7,8,9,12,16,16,20,27,28,28,31
prepare play
tiles for 0: 5,5,7,13,14,18,19,20,21,21,23,27,32 []
tiles for 1: 1,3,5,11,17,19,20,21,22,25,25,26,31 []
tiles for 2: 1,1,1,7,8,10,11,11,12,15,15,23,33 []
tiles for 3: 0,0,7,8,9,12,16,16,20,27,28,28,31 []
3 <  20
3  > 9
0 <  4
0  > 32
1 <  30
1  > 30
2 <  33
2  > 23
3 <  29
3  > 29
0 <  30
0  > 30
1 <  2
1  > 11
2 <  29
2  > 29
3 <  34
3 <  31
3  > 12
0 <  12 (4)
0 has [4,5,5,7,18,19,20,21,21,23,27], [[12,13,14]]
0  > 27
1 <  30
1  > 30
2 <  9
2  > 7
3 <  22
3  > 27
0 <  16
0  > 16
3 <  16 (8)
3 has [0,0,7,8,20,20,22,28,28,31,31], [[16,16,16]]
3  > 22
0 <  22 (6)
0 has [4,5,5,7,18,19,21,23], [[12,13,14],[20,21,22]]
0  > 7
1 <  19
1  > 1
2 <  10
2  > 1
3 <  35
3 <  12
3  > 12
0 <  28
0  > 28
3 <  28 (8)
3 has [0,0,7,8,20,20,31,31], [[16,16,16],[28,28,28]]
3  > 7
0 <  0
0  > 0
3 <  0 (8)
3 has [8,20,20,31,31], [[16,16,16],[28,28,28],[0,0,0]]
3  > 8
0 <  6
0  > 21
1 <  4
1  > 5
2 <  3
2  > 3
3 <  14
3  > 14
0 <  30
0  > 30
1 <  6
1  > 2
2 <  24
2  > 24
3 <  22
3  > 22
0 <  17
0  > 17
1 <  2
1  > 3
2 <  17
2  > 1
3 <  8
3  > 8
0 <  33
0  > 23
1 <  4
1  > 6
2 <  25
2  > 25
3 <  3
3  > 3
0 <  7
0  > 33
2 <  33 (8)
2 has [1,8,9,10,10,11,11,12,15,15,17], [[33,33,33]]
2  > 8
3 <  4
3  > 4
0 <  9
0  > 9
1 <  36
1 <  40
1 <  13
1  > 2
2 <  13
2  > 1
3 <  6
3  > 6
0 <  6 (5)
0 has [4,5,6,18,19], [[12,13,14],[20,21,22],[5,6,7]]
0  > 18
1 <  29
1  > 4
2 <  18
2  > 18
3 <  11
3  > 11
0 <  23
0  > 23
1 <  9
1  > 4
2 <  10
2  > 9
3 <  13
3  > 13
0 <  14
0  > 19
1 <  32
1  > 9
2 <  0
2  > 0
3 <  22
3  > 22
0 <  18
0  > 14
1 <  2
1  > 2
2 <  8
2  > 8
3 <  12
3  > 12
0 <  29
0  > 18
1 <  24
1  > 13
2 <  10
2 locks [10,10,10,10]
2 <  6 (supplement)
2  > 6
3 <  21
3  > 21
0 <  24
0  > 24
1 <  24 (4)
1 has [17,19,19,20,21,22,24,25,29,31,32], [[24,25,26]]
1  > 17
2 <  5
2  > 5
3 <  15
3  > 15
2 <  15 (8)
2 has [11,11,12,13,17], [[33,33,33],[10,10,10,10],[15,15,15]]
2  > 17
3 <  26
3  > 26
0 <  32
0  > 29
1 <  33
1  > 29
2 <  27
2  > 27
3 <  32
3  > 32
0 <  32 (32)
0 has [4,5,6], [[12,13,14],[20,21,22],[5,6,7],[32,32]!]
Player 0 wins hand 4! (hand took 275ms)
0: 112, hand: 4,5,6, [[12,13,14],[20,21,22],[5,6,7],[32,32]!], ()
1: -64, hand: 19,19,20,21,22,24,25,31,32,33, [[24,25,26]], (37,36,40)
2: -52, hand: 11,11,12,13, [[33,33,33],[10,10,10,10],[15,15,15]], ()
3: 4, hand: 20,20,31,31, [[16,16,16],[28,28,28],[0,0,0]], (41,38,34,35)

Starting hand 5.
this.hand=5; this.draws=0; config.PRNG.seed(364216395); this.wind=0; this.windOfTheRound=1;
wall: 2,0,3,21,16,4,8,24,10,40,20,10,4,29,39,19,25,23,15,10,14,31,19,26,22,12,37,9,11,1,26,6,31,12,25,13,9,12,23,24,13,22,36,17,18,2,38,1,34,25,8,33,7,14,26,5,16,29,14,5,3,29,7,2,30,27,33,20,26,10,4,15,30,24,41,8,17,35,9,33,14,24,30,22,7,27,11,28,28,19,27,6,0,6,17,16,0,5,2,28,13,28,25,12,17,32,4,11,20,21,18,3,16,20,18,23,21,6,15,32,7,21,11,9,33,3,8,22,5,23,15,32,27,32,30,0,29,1,18,1,13,31,31,19
initial deal
tiles for 0: 0,2,3,4,4,8,10,10,16,20,21,24,29
tiles for 1: 9,10,11,12,14,15,19,19,22,23,25,26,31
tiles for 2: 1,6,9,12,12,13,13,22,23,24,25,26,31
tiles for 3: 1,2,5,7,8,14,16,17,18,25,26,29,33
prepare play
tiles for 0: 0,2,3,4,4,8,10,10,16,20,21,24,29 []
tiles for 1: 9,10,11,12,14,15,19,19,22,23,25,26,31 []
tiles for 2: 1,6,9,12,12,13,13,22,23,24,25,26,31 []
tiles for 3: 1,2,5,7,8,14,16,17,18,25,26,29,33 []
0 <  14
0  > 29
1 <  5
1  > 5
2 <  3
2  > 6
3 <  6 (5)
3 has [1,2,8,14,16,17,18,25,26,29,33], [[5,6,7]]
3  > 29
0 <  29
0  > 29
1 <  7
1  > 7
2 <  2
2  > 1
3 <  30
3  > 30
0 <  27
0  > 8
1 <  33
1  > 19
2 <  20
2  > 2
3 <  26
3  > 8
0 <  10
0  > 24
1 <  4
1  > 4
2 <  15
2  > 3
3 <  3 (6)
3 has [14,16,17,18,25,26,26,33], [[5,6,7],[1,2,3]]
3  > 18
0 <  30
0  > 30
1 <  24
1  > 25
2 <  41
2 <  8
2  > 8
3 <  17
3  > 33
0 <  35
0 <  9
0  > 27
1 <  33
1  > 22
2 <  14
2  > 12
3 <  24
3  > 14
0 <  30
0  > 30
1 <  22
1  > 24
2 <  24 (4)
2 has [9,12,13,13,14,15,20,22,23,24,31], [[24,25,26]]
2  > 15
3 <  15 (4)
3 has [17,24,25,26,26], [[5,6,7],[1,2,3],[15,16,17]]
3  > 17
0 <  7
0  > 7
1 <  27
1  > 27
2 <  11
2  > 12
3 <  28
3  > 28
0 <  28
0  > 28
1 <  19
1  > 23
2 <  27
2  > 27
3 <  6
3  > 6
0 <  0
0  > 16
1 <  16 (6)
1 has [9,10,11,12,19,19,22,26,31,33,33], [[14,15,16]]
1  > 22
2 <  22 (4)
2 has [9,11,13,13,14,20,22,31], [[24,25,26],[22,23,24]]
2  > 14
3 <  6
3  > 6
0 <  17
0  > 14
1 <  16
1  > 19
2 <  0
2  > 0
3 <  5
3  > 5
0 <  5 (6)
0 has [0,0,2,4,9,10,10,10,17,20,21], [[3,4,5]]
0  > 10
1 <  10 (4)
1 has [9,10,16,19,26,31,33,33], [[14,15,16],[10,11,12]]
1  > 26
2 <  2
2  > 2
3 <  28
3  > 28
0 <  13
0  > 13
1 <  28
1  > 28
2 <  25
2  > 9
3 <  12
3  > 12
0 <  17
0  > 17
1 <  32
1  > 19
2 <  4
2  > 4
3 <  11
3  > 11
0 <  11 (6)
0 has [0,0,2,4,10,17,20,21], [[3,4,5],[9,10,11]]
0  > 10
1 <  20
1  > 20
2 <  21
2  > 13
3 <  18
3  > 18
0 <  3
0  > 17
1 <  16
1  > 31
2 <  20
2  > 11
3 <  18
3  > 18
0 <  23
0  > 23
3 <  23 (32)
3 has [26,26], [[5,6,7],[1,2,3],[15,16,17],[23,24,25]!]
Player 3 wins hand 5! (hand took 227ms)
0: -84, hand: 0,0,2,3,4,20,21, [[3,4,5],[9,10,11]], (40,35)
1: -34, hand: 9,10,16,16,32,33,33, [[14,15,16],[10,11,12]], (39,37)
2: -58, hand: 13,20,20,21,22,25,31, [[24,25,26],[22,23,24]], (41)
3: 176, hand: 26,26, [[5,6,7],[1,2,3],[15,16,17],[23,24,25]!], (36,38,34)

Starting hand 6.
this.hand=6; this.draws=0; config.PRNG.seed(1208632870); this.wind=1; this.windOfTheRound=1;
wall: 29,23,21,6,28,12,7,12,16,24,17,5,19,25,26,30,8,27,21,20,8,22,32,39,19,7,21,18,22,20,38,31,36,31,3,8,37,11,13,13,9,14,30,34,20,11,14,28,13,33,33,0,23,27,2,10,31,23,13,1,17,4,9,12,12,6,25,15,14,0,0,19,15,23,16,25,26,40,2,15,1,1,15,21,4,33,32,26,2,11,17,22,27,17,0,35,10,27,28,18,5,3,24,9,8,29,31,4,16,29,20,1,16,3,7,4,5,41,33,18,5,9,3,14,32,30,6,30,29,24,24,6,18,25,19,32,11,10,2,7,26,10,28,22
initial deal
tiles for 0: 5,6,7,12,12,16,17,19,21,23,24,28,29
tiles for 1: 7,8,8,19,20,21,21,22,25,26,27,30,32
tiles for 2: 3,8,9,11,13,13,14,18,20,22,30,31,31
tiles for 3: 0,2,10,11,13,14,20,23,27,28,31,33,33
prepare play
tiles for 0: 5,6,7,12,12,16,17,19,21,23,24,28,29 []
tiles for 1: 7,8,8,19,20,21,21,22,25,26,27,30,32 []
tiles for 2: 3,8,9,11,13,13,14,18,20,22,30,31,31 []
tiles for 3: 0,2,10,11,13,14,20,23,27,28,31,33,33 []
1 <  23
1  > 30
2 <  13
2  > 3
3 <  1
3  > 27
0 <  17
0  > 29
1 <  4
1  > 4
2 <  9
2  > 8
3 <  12
3  > 23
0 <  12
0  > 28
1 <  6
1  > 8
2 <  25
2  > 25
3 <  15
3  > 20
0 <  20 (5)
0 has [5,6,7,12,12,12,16,17,17,23,24], [[19,20,21]]
0  > 12
1 <  14
1  > 6
2 <  0
2  > 0
3 <  0 (4)
3 has [0,10,11,12,13,14,15,28,31,33,33], [[0,1,2]]
3  > 0
0 <  0
0  > 0
1 <  19
1  > 8
2 <  15
2  > 13
3 <  13 (4)
3 has [10,11,12,13,28,31,33,33], [[0,1,2],[13,14,15]]
3  > 28
0 <  23
0  > 16
1 <  16
1  > 7
2 <  25
2  > 25
3 <  26
3  > 26
0 <  40
0 <  2
0  > 2
1 <  15
1  > 21
2 <  21 (5)
2 has [9,9,11,13,13,14,15,18,30,31,31], [[20,21,22]]
2  > 18
3 <  1
3  > 1
0 <  1
0  > 1
1 <  15
1  > 26
2 <  21
2  > 21
3 <  4
3  > 4
0 <  33
0  > 33
3 <  33 (8)
3 has [10,11,12,13,31], [[0,1,2],[13,14,15],[33,33,33]]
3  > 31
2 <  31 (8)
2 has [9,9,11,13,13,14,15,30], [[20,21,22],[31,31,31]]
2  > 13
3 <  32
3  > 32
0 <  26
0  > 26
1 <  2
1  > 2
2 <  11
2  > 9
3 <  17
3  > 17
0 <  22
0  > 22
1 <  27
1  > 25
2 <  17
2  > 13
3 <  0
3  > 0
0 <  35
0 <  10
0  > 10
1 <  27
1  > 20
2 <  28
2  > 15
1 <  15 (8)
1 has [14,16,19,19,21,22,23,27,27,27,32], [[15,15,15]]
1  > 14
2 <  18
2  > 18
3 <  5
3  > 5
0 <  5 (4)
0 has [5,12,12,17,17,23,23,24], [[19,20,21],[5,6,7]]
0  > 5
1 <  3
1  > 3
2 <  24
2  > 24
3 <  9
3  > 9
0 <  8
0  > 8
1 <  29
1  > 29
2 <  31
2  > 31
3 <  4
3  > 4
0 <  16
0  > 16
1 <  29
1  > 29
2 <  20
2  > 20
3 <  1
3  > 1
0 <  16
0  > 16
1 <  3
1  > 3
2 <  7
2  > 7
3 <  4
3  > 4
0 <  5
0  > 5
1 <  41
1 <  33
1  > 33
2 <  18
2  > 18
3 <  5
3  > 5
0 <  9
0  > 9
1 <  3
1  > 3
2 <  14
2  > 17
0 <  17 (8)
0 has [12,12,23,23,24], [[19,20,21],[5,6,7],[17,17,17]]
0  > 24
1 <  24 (6)
1 has [16,19,19,21,27,27,27,32], [[15,15,15],[22,23,24]]
1  > 21
2 <  32
2  > 32
3 <  30
3  > 30
0 <  6
0  > 6
1 <  30
1  > 30
Hand was a draw.

Restarting hand 6.
this.hand=6; this.draws=1; config.PRNG.seed(1248555621); this.wind=1; this.windOfTheRound=1;
wall: 26,7,6,7,35,21,1,20,17,19,6,39,3,30,32,14,3,23,29,18,14,19,11,33,29,18,9,8,15,13,13,5,3,24,8,6,41,2,14,25,0,6,1,23,30,33,31,12,26,16,22,9,29,32,11,4,3,8,37,17,4,24,4,36,22,25,2,27,22,21,24,25,30,8,16,26,15,20,10,26,27,25,21,15,12,10,0,29,11,5,1,9,40,12,23,28,32,0,27,10,24,27,20,32,11,31,16,19,17,20,33,7,17,2,38,28,0,9,19,31,13,5,1,2,34,14,21,18,10,33,28,13,18,7,23,22,5,12,15,28,31,30,16,4
initial deal
tiles for 0: 1,3,6,6,7,7,17,19,20,21,26,30,32
tiles for 1: 3,8,9,11,14,14,18,18,19,23,29,29,33
tiles for 2: 0,2,3,5,6,6,8,13,13,14,15,24,25
tiles for 3: 1,9,11,12,16,22,23,26,29,30,31,32,33
prepare play
tiles for 0: 1,3,6,6,7,7,17,19,20,21,26,30,32 []
tiles for 1: 3,8,9,11,14,14,18,18,19,23,29,29,33 []
tiles for 2: 0,2,3,5,6,6,8,13,13,14,15,24,25 []
tiles for 3: 1,9,11,12,16,22,23,26,29,30,31,32,33 []
1 <  4
1  > 3
2 <  3
2  > 13
3 <  13 (6)
3 has [1,9,16,22,23,26,29,30,31,32,33], [[11,12,13]]
3  > 30
0 <  8
0  > 30
1 <  37
1 <  17
1  > 4
2 <  4
2  > 14
1 <  14 (8)
1 has [8,9,11,17,18,18,19,23,29,29,33], [[14,14,14]]
1  > 8
2 <  24
2  > 13
3 <  4
3  > 16
0 <  36
0 <  22
0  > 26
1 <  25
1  > 17
2 <  2
2  > 15
3 <  27
3  > 27
0 <  22
0  > 17
1 <  21
1  > 19
2 <  24
2  > 0
3 <  25
3  > 9
0 <  30
0  > 30
1 <  8
1  > 8
2 <  16
2  > 16
3 <  26
3  > 1
0 <  15
0  > 15
1 <  20
1  > 20
2 <  10
2  > 10
3 <  26
3  > 4
0 <  27
0  > 27
1 <  25
1  > 21
2 <  21
2  > 21
3 <  21 (4)
3 has [25,26,26,26,29,31,32,33], [[11,12,13],[21,22,23]]
3  > 26
0 <  15
0  > 15
1 <  12
1  > 25
2 <  10
2  > 10
3 <  0
3  > 0
0 <  29
0  > 29
1 <  29 (8)
1 has [9,11,12,18,18,23,25,33], [[14,14,14],[29,29,29]]
1  > 25
2 <  11
2  > 11
3 <  5
3  > 29
0 <  1
0  > 32
1 <  9
1  > 18
2 <  40
2 <  12
2  > 12
3 <  23
3  > 5
0 <  5 (4)
0 has [1,1,3,6,7,8,19,20,21,22,22], [[5,6,7]]
0  > 3
1 <  28
1  > 23
2 <  23 (4)
2 has [2,2,3,3,4,5,6,6,8,24,24], [[23,24,25]]
2  > 8
3 <  32
3  > 31
0 <  0
0  > 0
1 <  27
1  > 18
2 <  10
2  > 10
3 <  24
3  > 33
0 <  27
0  > 27
1 <  20
1  > 27
2 <  32
2  > 32
3 <  32 (32)
3 has [23,24,25,26,26], [[11,12,13],[21,22,23],[32,32,32]!]
Player 3 wins hand 6! (hand took 195ms)
0: 2, hand: 1,1,6,7,8,19,20,21,22,22, [[5,6,7]], (35,39,36)
1: -66, hand: 9,9,11,12,20,28,33, [[14,14,14],[29,29,29]], (37)
2: -48, hand: 2,2,3,3,4,5,6,6,24,24, [[23,24,25]], (41,40)
3: 112, hand: 23,24,25,26,26, [[11,12,13],[21,22,23],[32,32,32]!], ()

Starting hand 7.
this.hand=7; this.draws=0; config.PRNG.seed(42889920); this.wind=2; this.windOfTheRound=1;
wall: 28,30,16,32,26,39,15,22,4,8,25,24,29,7,2,30,21,18,17,31,5,0,13,18,1,16,14,38,19,5,19,33,27,27,20,33,13,3,25,18,4,24,10,3,12,2,9,36,29,9,3,23,29,23,0,6,26,13,8,18,11,21,1,15,7,7,27,23,25,34,4,41,5,37,16,10,31,6,12,26,13,28,30,9,2,19,2,15,31,15,31,20,26,3,6,27,8,0,11,21,11,1,25,35,0,12,24,23,29,19,16,24,17,32,11,20,28,28,12,6,22,32,30,32,40,33,10,17,8,14,14,7,1,10,4,22,22,17,14,21,9,33,20,5
initial deal
tiles for 0: 4,7,8,15,16,22,24,25,26,28,29,30,32
tiles for 1: 0,1,2,5,13,14,16,17,18,18,21,30,31
tiles for 2: 3,4,5,13,18,19,19,20,25,27,27,33,33
tiles for 3: 0,2,3,3,9,9,10,12,23,23,24,29,29
prepare play
tiles for 0: 4,7,8,15,16,22,24,25,26,28,29,30,32 []
tiles for 1: 0,1,2,5,13,14,16,17,18,18,21,30,31 []
tiles for 2: 3,4,5,13,18,19,19,20,25,27,27,33,33 []
tiles for 3: 0,2,3,3,9,9,10,12,23,23,24,29,29 []
2 <  6
2  > 13
3 <  26
3  > 26
0 <  13
0  > 30
1 <  8
1  > 30
2 <  18
2  > 25
3 <  25 (6)
3 has [0,2,3,3,9,9,10,12,23,29,29], [[23,24,25]]
3  > 23
0 <  23 (5)
0 has [4,7,8,13,15,16,25,26,28,29,32], [[22,23,24]]
0  > 4
1 <  11
1  > 21
2 <  21 (6)
2 has [3,4,5,6,18,18,19,27,27,33,33], [[19,20,21]]
2  > 3
3 <  21
3  > 21
0 <  1
0  > 1
1 <  15
1  > 18
2 <  7
2  > 5
3 <  7
3  > 7
0 <  27
0  > 27
1 <  23
1  > 23
2 <  25
2  > 25
3 <  34
3 <  4
3  > 12
0 <  41
0 <  5
0  > 29
1 <  37
1 <  16
1  > 18
2 <  10
2  > 10
3 <  31
3  > 31
0 <  6
0  > 32
1 <  12
1  > 5
2 <  26
2  > 26
3 <  13
3  > 13
0 <  28
0  > 13
1 <  30
1  > 30
2 <  9
2  > 9
3 <  2
3  > 0
0 <  19
0  > 19
1 <  2
1  > 2
2 <  15
2  > 15
3 <  31
3  > 31
0 <  15
0  > 26
1 <  31
1  > 8
2 <  20
2  > 6
3 <  26
3  > 26
0 <  3
0  > 25
1 <  6
1  > 6
2 <  27
2  > 27
3 <  8
3  > 8
0 <  0
0  > 0
1 <  11
1  > 11
2 <  21
2  > 4
3 <  4 (6)
3 has [2,3,4,9,9,10,29,29], [[23,24,25],[2,3,4]]
3  > 10
0 <  11
0  > 11
1 <  1
1  > 1
2 <  25
2  > 7
3 <  35
3 <  0
3  > 0
0 <  12
0  > 12
1 <  24
1  > 24
2 <  23
2  > 18
3 <  29
3  > 29
0 <  19
0  > 19
1 <  16
1  > 16
2 <  24
2  > 27
3 <  17
3  > 17
0 <  17 (6)
0 has [3,5,6,7,8,15,28,28], [[22,23,24],[15,16,17]]
0  > 15
1 <  15 (32)
1 has [0,1,2,11,12,13,15,16,17,31,31], [[14,15,16]!]
Player 1 wins hand 7! (hand took 231ms)
0: -30, hand: 3,5,6,7,8,28,28, [[22,23,24],[15,16,17]], (39,41)
1: 128, hand: 0,1,2,11,12,13,15,16,17,31,31, [[14,15,16]!], (37)
2: -80, hand: 18,19,20,21,23,24,25,27,33,33, [[19,20,21]], (38)
3: -18, hand: 2,3,4,9,9,29,29, [[23,24,25],[2,3,4]], (36,34,35)

Starting hand 8.
this.hand=8; this.draws=0; config.PRNG.seed(394031730); this.wind=3; this.windOfTheRound=1;
wall: 18,31,9,34,1,40,5,14,37,10,6,26,25,4,8,11,24,20,23,31,5,36,0,25,0,12,0,41,0,38,24,22,17,24,19,32,14,15,1,27,28,11,26,31,16,27,29,21,39,20,13,13,26,17,7,30,12,9,28,2,2,5,18,33,6,4,16,7,7,28,7,21,15,13,1,22,14,3,25,3,29,15,6,17,22,10,9,30,26,14,23,13,32,20,12,27,28,19,31,4,18,5,19,32,3,29,11,8,6,23,24,16,4,9,12,16,20,2,32,22,21,30,33,11,29,8,33,10,27,23,2,3,21,25,10,15,1,17,35,19,18,8,33,30
initial deal
tiles for 0: 1,4,5,6,8,9,10,11,14,18,25,26,31
tiles for 1: 0,0,0,0,5,12,20,22,23,24,24,25,31
tiles for 2: 1,11,14,15,16,17,19,24,26,27,28,31,32
tiles for 3: 7,9,12,13,13,17,20,21,26,27,28,29,30
prepare play
1 locks [0,0,0,0]
1 <  2 (supplement)
tiles for 0: 1,4,5,6,8,9,10,11,14,18,25,26,31 []
tiles for 1: 2,5,12,20,22,23,24,24,25,31 [[0,0,0,0]]
tiles for 2: 1,11,14,15,16,17,19,24,26,27,28,31,32 []
tiles for 3: 7,9,12,13,13,17,20,21,26,27,28,29,30 []
3 <  2
3  > 30
0 <  5
0  > 18
1 <  18
1  > 12
2 <  33
2  > 27
3 <  6
3  > 29
0 <  4
0  > 1
1 <  16
1  > 5
2 <  7
2  > 1
3 <  7
3  > 26
0 <  28
0  > 14
1 <  7
1  > 2
2 <  21
2  > 7
3 <  7 (8)
3 has [2,6,9,12,13,13,17,20,21,27,28], [[7,7,7]]
3  > 2
0 <  15
0  > 15
1 <  13
1  > 7
2 <  1
2  > 1
3 <  22
3  > 17
0 <  14
0  > 14
1 <  3
1  > 3
2 <  25
2  > 11
3 <  3
3  > 9
0 <  9 (4)
0 has [4,4,5,5,6,8,9,25,26,28,31], [[9,10,11]]
0  > 9
1 <  29
1  > 16
2 <  15
2  > 17
3 <  6
3  > 3
0 <  3 (4)
0 has [4,5,6,8,25,26,28,31], [[9,10,11],[3,4,5]]
0  > 8
1 <  17
1  > 13
3 <  13 (8)
3 has [6,6,12,20,21,22,27,28], [[7,7,7],[13,13,13]]
3  > 12
0 <  22
0  > 22
1 <  10
1  > 10
2 <  9
2  > 15
3 <  30
3  > 30
0 <  26
0  > 31
1 <  14
1  > 14
2 <  23
2  > 16
3 <  13
3  > 13
0 <  32
0  > 28
1 <  20
1  > 17
2 <  12
2  > 9
3 <  27
3  > 28
0 <  28
0  > 28
1 <  19
1  > 19
2 <  31
2  > 28
3 <  4
3  > 4
0 <  4 (4)
0 has [4,25,26,26,32], [[9,10,11],[3,4,5],[4,5,6]]
0  > 4
1 <  18
1  > 23
2 <  5
2  > 5
3 <  19
3  > 19
0 <  32
0  > 25
1 <  3
1  > 3
2 <  29
2  > 29
3 <  11
3  > 11
0 <  8
0  > 8
1 <  6
1  > 6
3 <  6 (8)
3 has [20,21,22,27,27], [[7,7,7],[13,13,13],[6,6,6]]
3  > 22
0 <  23
0  > 23
1 <  24
1  > 25
2 <  16
2  > 14
3 <  4
3  > 4
0 <  9
0  > 9
1 <  12
1  > 12
2 <  16
2  > 12
3 <  20
3  > 20
1 <  20 (8)
1 has [18,18,22,24,24,24,29,31], [[0,0,0,0],[20,20,20]]
1  > 29
2 <  2
2  > 2
3 <  32
3  > 32
0 <  32 (32)
0 has [26,26], [[9,10,11],[3,4,5],[4,5,6],[32,32,32]!]
Player 0 wins hand 8! (hand took 248ms)
0: 208, hand: 26,26, [[9,10,11],[3,4,5],[4,5,6],[32,32,32]!], (34,40,37)
1: 2, hand: 18,18,22,24,24,24,31, [[0,0,0,0],[20,20,20]], (36,41,38)
2: -94, hand: 15,16,16,19,21,23,24,25,26,31,31,32,33, [], ()
3: -116, hand: 20,21,27,27, [[7,7,7],[13,13,13],[6,6,6]], (39)

Starting hand 9.
this.hand=9; this.draws=0; config.PRNG.seed(279008493); this.wind=0; this.windOfTheRound=2;
wall: 21,6,2,18,4,20,1,19,4,12,2,30,35,32,33,33,0,16,29,36,16,6,10,31,33,21,17,29,28,9,10,27,5,30,18,14,31,12,33,37,25,31,20,28,5,32,19,1,22,23,24,16,23,27,29,7,23,7,4,9,40,9,3,15,15,25,26,3,12,13,34,13,7,14,39,27,20,10,24,25,19,0,17,8,4,1,24,28,15,23,13,24,10,16,21,19,8,9,32,29,5,18,32,31,11,6,22,17,0,11,28,17,18,7,3,8,14,2,0,30,12,26,13,2,21,38,5,14,30,8,41,15,22,11,1,20,3,27,6,11,26,25,22,26
initial deal
tiles for 0: 1,2,2,4,4,6,12,18,19,20,21,30,32
tiles for 1: 0,6,10,16,16,17,21,29,29,31,33,33,33
tiles for 2: 5,9,10,12,14,18,25,27,28,30,31,31,33
tiles for 3: 1,5,16,19,20,22,23,23,24,27,28,29,32
prepare play
tiles for 0: 1,2,2,4,4,6,12,18,19,20,21,30,32 []
tiles for 1: 0,6,10,16,16,17,21,29,29,31,33,33,33 []
tiles for 2: 5,9,10,12,14,18,25,27,28,30,31,31,33 []
tiles for 3: 1,5,16,19,20,22,23,23,24,27,28,29,32 []
0 <  7
0  > 30
1 <  23
1  > 0
2 <  7
2  > 30
3 <  4
3  > 27
0 <  9
0  > 12
1 <  40
1 <  9
1  > 6
2 <  3
2  > 28
3 <  15
3  > 1
0 <  15
0  > 9
1 <  25
1  > 21
2 <  26
2  > 27
3 <  3
3  > 28
0 <  12
0  > 12
1 <  13
1  > 25
2 <  34
2 <  13
2  > 7
3 <  7
3  > 29
1 <  29 (8)
1 has [9,10,13,16,16,17,23,31,33,33,33], [[29,29,29]]
1  > 23
2 <  14
2  > 3
3 <  3 (4)
3 has [3,7,15,16,19,20,22,23,23,24,32], [[3,4,5]]
3  > 7
0 <  39
0 <  27
0  > 15
1 <  15 (4)
1 has [9,10,13,16,31,33,33,33], [[29,29,29],[15,16,17]]
1  > 33
2 <  20
2  > 5
3 <  10
3  > 3
0 <  3 (6)
0 has [2,4,4,6,7,18,19,20,21,27,32], [[1,2,3]]
0  > 27
1 <  24
1  > 24
2 <  24 (4)
2 has [9,10,12,13,14,14,18,20,31,31,33], [[24,25,26]]
2  > 13
3 <  25
3  > 10
0 <  19
0  > 32
1 <  0
1  > 0
2 <  17
2  > 12
3 <  8
3  > 8
0 <  8 (6)
0 has [2,4,4,18,19,19,20,21], [[1,2,3],[6,7,8]]
0  > 2
1 <  4
1  > 4
2 <  1
2  > 1
3 <  24
3  > 32
0 <  28
0  > 28
1 <  15
1  > 31
2 <  31 (8)
2 has [9,10,14,14,17,18,20,33], [[24,25,26],[31,31,31]]
2  > 17
3 <  17 (6)
3 has [19,20,22,23,23,24,24,25], [[3,4,5],[15,16,17]]
3  > 20
0 <  20 (6)
0 has [4,4,19,20,21], [[1,2,3],[6,7,8],[18,19,20]]
Player 0 wins hand 9! (hand took 148ms)
0: 240, hand: 4,4,19,20,21, [[1,2,3],[6,7,8],[18,19,20]], (35,39)
1: -48, hand: 9,10,13,15,16,33,33, [[29,29,29],[15,16,17]], (36,40)
2: -60, hand: 9,10,14,14,18,20,33, [[24,25,26],[31,31,31]], (37,34)
3: -132, hand: 19,22,23,23,24,24,25, [[3,4,5],[15,16,17]], ()

Starting hand 10.
this.hand=10; this.draws=0; config.PRNG.seed(1301644545); this.wind=0; this.windOfTheRound=2;
wall: 21,23,14,6,14,0,9,7,13,2,24,10,22,11,24,22,31,14,9,21,8,1,16,19,29,35,27,23,17,7,32,18,12,22,8,32,23,16,9,17,20,0,13,5,11,3,4,18,21,10,26,29,9,7,8,18,27,30,7,15,5,10,15,5,40,19,0,28,31,30,14,32,27,33,31,2,26,26,12,15,17,5,12,3,3,0,37,23,19,33,25,29,24,19,20,33,8,20,11,21,13,28,20,2,25,16,31,6,15,6,2,12,30,22,4,13,30,4,32,39,18,26,27,33,24,41,6,17,36,11,28,3,10,28,1,1,34,38,25,1,4,25,29,16
initial deal
tiles for 0: 0,2,6,7,9,10,13,14,14,21,22,23,24
tiles for 1: 1,8,9,11,14,16,19,21,22,24,27,29,31
tiles for 2: 7,8,9,12,16,17,17,18,22,23,23,32,32
tiles for 3: 0,3,4,5,9,10,11,13,18,20,21,26,29
prepare play
tiles for 0: 0,2,6,7,9,10,13,14,14,21,22,23,24 []
tiles for 1: 1,8,9,11,14,16,19,21,22,24,27,29,31 []
tiles for 2: 7,8,9,12,16,17,17,18,22,23,23,32,32 []
tiles for 3: 0,3,4,5,9,10,11,13,18,20,21,26,29 []
0 <  7
0  > 2
1 <  8
1  > 27
2 <  18
2  > 8
3 <  27
3  > 27
0 <  30
0  > 30
1 <  7
1  > 7
2 <  15
2  > 7
3 <  5
3  > 0
0 <  10
0  > 0
1 <  15
1  > 8
2 <  5
2  > 5
3 <  40
3 <  19
3  > 26
0 <  0
0  > 0
1 <  28
1  > 28
2 <  31
2  > 16
3 <  30
3  > 30
0 <  14
0  > 7
1 <  32
1  > 8
2 <  27
2  > 27
3 <  33
3  > 29
0 <  31
0  > 31
1 <  2
1  > 1
2 <  26
2  > 9
3 <  9 (4)
3 has [3,4,5,5,9,13,18,19,20,21,33], [[9,10,11]]
3  > 13
0 <  26
0  > 26
1 <  12
1  > 2
2 <  15
2  > 15
3 <  17
3  > 9
0 <  5
0  > 13
1 <  13 (6)
1 has [9,14,15,16,19,21,22,24,29,31,32], [[11,12,13]]
1  > 9
2 <  12
2  > 26
3 <  3
3  > 17
0 <  3
0  > 3
1 <  0
1  > 0
2 <  37
2 <  23
2  > 12
3 <  19
3  > 33
0 <  33
0  > 33
1 <  25
1  > 19
2 <  29
2  > 17
3 <  24
3  > 24
0 <  19
0  > 19
1 <  20
1  > 20
2 <  33
2  > 12
3 <  8
3  > 8
0 <  8 (6)
0 has [5,9,10,10,14,14,14,21,22,23,24], [[6,7,8]]
0  > 14
1 <  14 (4)
1 has [14,21,22,24,25,29,31,32], [[11,12,13],[14,15,16]]
1  > 14
2 <  20
2  > 15
3 <  11
3  > 11
0 <  11 (6)
0 has [5,10,14,14,21,22,23,24], [[6,7,8],[9,10,11]]
0  > 5
1 <  21
1  > 22
2 <  13
2  > 17
3 <  28
3  > 28
0 <  20
0  > 10
1 <  2
1  > 2
2 <  25
2  > 13
3 <  16
3  > 16
0 <  31
0  > 31
1 <  6
1  > 6
2 <  15
2  > 15
3 <  6
3  > 19
0 <  19 (4)
0 has [14,14,22,23,24], [[6,7,8],[9,10,11],[19,20,21]]
Player 0 wins hand 10! (hand took 252ms)
0: 144, hand: 14,14,22,23,24, [[6,7,8],[9,10,11],[19,20,21]], ()
1: -54, hand: 21,21,24,25,29,31,32, [[11,12,13],[14,15,16]], (35)
2: -36, hand: 18,18,20,22,23,23,23,25,29,31,32,32,33, [], (37)
3: -54, hand: 3,3,4,5,5,6,18,19,20,21, [[9,10,11]], (40)

Starting hand 11.
this.hand=11; this.draws=0; config.PRNG.seed(1970743372); this.wind=0; this.windOfTheRound=2;
wall: 8,21,13,11,34,28,17,2,26,7,17,14,30,31,30,20,8,31,30,15,8,36,24,6,11,33,28,10,6,5,12,21,3,13,10,22,8,33,35,22,24,29,3,10,31,7,33,12,33,22,26,1,32,29,7,24,32,9,14,15,32,18,19,5,14,20,21,0,16,25,21,17,28,0,39,1,3,37,24,23,0,4,19,4,31,9,23,26,20,19,10,20,9,1,19,27,14,27,13,0,26,27,4,18,41,6,18,22,13,2,25,16,4,29,32,18,23,15,11,27,29,12,5,30,40,38,16,23,15,25,2,3,5,6,2,11,12,25,9,16,17,1,28,7
initial deal
tiles for 0: 2,7,8,11,13,14,17,17,21,26,28,30,31
tiles for 1: 6,8,8,10,11,15,20,24,28,30,30,31,33
tiles for 2: 3,5,6,8,10,12,13,21,22,22,24,29,33
tiles for 3: 1,3,7,7,10,12,22,26,29,31,32,33,33
prepare play
tiles for 0: 2,7,8,11,13,14,17,17,21,26,28,30,31 []
tiles for 1: 6,8,8,10,11,15,20,24,28,30,30,31,33 []
tiles for 2: 3,5,6,8,10,12,13,21,22,22,24,29,33 []
tiles for 3: 1,3,7,7,10,12,22,26,29,31,32,33,33 []
0 <  24
0  > 30
1 <  30 (8)
1 has [6,8,8,10,11,15,20,24,28,31,33], [[30,30,30]]
1  > 28
2 <  32
2  > 12
3 <  9
3  > 22
0 <  14
0  > 28
1 <  15
1  > 20
2 <  20 (4)
2 has [3,5,6,8,10,13,22,24,29,32,33], [[20,21,22]]
2  > 13
3 <  32
3  > 26
0 <  18
0  > 2
1 <  19
1  > 24
2 <  5
2  > 10
3 <  14
3  > 29
0 <  20
0  > 31
1 <  21
1  > 21
2 <  0
2  > 3
3 <  16
3  > 31
0 <  25
0  > 11
1 <  21
1  > 19
2 <  17
2  > 17
3 <  28
3  > 28
0 <  0
0  > 0
1 <  39
1 <  1
1  > 21
2 <  3
2  > 8
3 <  37
3 <  24
3  > 24
0 <  24 (4)
0 has [7,8,13,14,14,17,17,18,20,21,24], [[24,25,26]]
0  > 24
1 <  23
1  > 23
2 <  23 (5)
2 has [0,3,5,5,6,29,32,33], [[20,21,22],[22,23,24]]
2  > 6
3 <  0
3  > 12
0 <  12 (4)
0 has [7,8,14,17,17,18,20,21], [[24,25,26],[12,13,14]]
0  > 14
1 <  4
1  > 4
2 <  19
2  > 19
3 <  4
3  > 16
0 <  31
0  > 31
1 <  9
1  > 31
2 <  23
2  > 23
3 <  26
3  > 26
0 <  20
0  > 18
1 <  19
1  > 19
2 <  10
2  > 10
3 <  20
3  > 20
0 <  9
0  > 9
1 <  1
1  > 6
2 <  19
2  > 19
3 <  27
3  > 27
0 <  14
0  > 14
1 <  27
1  > 27
2 <  13
2  > 13
3 <  0
3  > 10
0 <  26
0  > 26
1 <  27
1  > 27
2 <  4
2  > 3
3 <  18
3  > 18
0 <  41
0 <  6
0  > 20
1 <  18
1  > 18
2 <  22
2  > 22
3 <  13
3  > 9
0 <  2
0  > 2
1 <  25
1  > 25
2 <  16
2  > 16
3 <  4
3  > 14
0 <  29
0  > 29
1 <  32
1  > 33
3 <  33 (8)
3 has [0,0,1,3,4,4,7,7,13,32,32], [[33,33,33]]
3  > 13
0 <  18
0  > 18
1 <  23
1  > 23
2 <  15
2  > 33
3 <  11
3  > 11
0 <  27
0  > 27
1 <  29
1  > 29
2 <  12
2  > 29
3 <  5
3  > 1
1 <  1 (8)
1 has [8,8,9,10,11,15,15,32], [[30,30,30],[1,1,1]]
1  > 32
3 <  32 (8)
3 has [0,0,3,4,4,5,7,7], [[33,33,33],[32,32,32]]
3  > 3
0 <  30
0  > 30
1 <  40
1 <  38
1 <  16
1  > 16
2 <  23
2  > 23
Hand was a draw.

Restarting hand 11.
this.hand=11; this.draws=1; config.PRNG.seed(629911732); this.wind=0; this.windOfTheRound=2;
wall: 30,35,30,39,4,9,28,16,8,36,18,10,22,2,17,31,33,11,23,17,1,2,27,26,9,28,19,16,19,12,1,10,10,6,13,22,5,12,41,15,8,7,29,9,17,24,2,24,32,20,13,2,14,27,16,0,21,25,9,33,0,0,7,12,26,28,5,37,29,33,11,8,1,20,5,4,3,31,19,10,25,23,23,22,15,3,34,18,21,18,5,24,20,4,11,0,25,23,27,32,16,8,15,14,3,11,6,22,19,26,40,31,28,14,17,30,21,32,13,29,4,6,24,12,29,20,7,1,33,30,3,13,7,18,21,25,26,27,32,14,6,31,15,38
initial deal
tiles for 0: 2,4,8,9,10,16,17,18,22,28,30,30,31
tiles for 1: 1,2,9,11,16,17,19,19,23,26,27,28,33
tiles for 2: 1,5,6,7,8,10,10,12,12,13,15,22,29
tiles for 3: 0,2,2,9,13,14,16,17,20,24,24,27,32
prepare play
tiles for 0: 2,4,8,9,10,16,17,18,22,28,30,30,31 []
tiles for 1: 1,2,9,11,16,17,19,19,23,26,27,28,33 []
tiles for 2: 1,5,6,7,8,10,10,12,12,13,15,22,29 []
tiles for 3: 0,2,2,9,13,14,16,17,20,24,24,27,32 []
0 <  21
0  > 28
1 <  25
1  > 28
2 <  9
2  > 22
3 <  33
3  > 27
0 <  0
0  > 8
1 <  0
1  > 27
2 <  7
2  > 1
3 <  1 (5)
3 has [2,9,13,14,16,17,20,24,24,32,33], [[0,1,2]]
3  > 2
0 <  12
0  > 18
1 <  26
1  > 1
2 <  28
2  > 28
3 <  5
3  > 20
0 <  20 (4)
0 has [0,2,4,9,10,12,16,17,30,30,31], [[20,21,22]]
0  > 31
1 <  37
1 <  29
1  > 0
2 <  33
2  > 8
3 <  11
3  > 24
0 <  8
0  > 8
1 <  1
1  > 1
2 <  20
2  > 20
3 <  5
3  > 24
0 <  4
0  > 2
1 <  3
1  > 2
2 <  31
2  > 5
3 <  19
3  > 19
0 <  10
0  > 0
1 <  25
1  > 3
2 <  23
2  > 23
3 <  23
3  > 23
0 <  22
0  > 22
1 <  15
1  > 26
2 <  3
2  > 6
3 <  34
3 <  18
3  > 18
0 <  21
0  > 21
1 <  18
1  > 19
2 <  5
2  > 7
3 <  24
3  > 24
0 <  20
0  > 20
1 <  4
1  > 4
2 <  11
2  > 7
3 <  0
3  > 0
0 <  25
0  > 25
1 <  25 (8)
1 has [9,11,15,16,17,18,19,23,26,29,33], [[25,25,25]]
1  > 23
2 <  23
2  > 23
3 <  27
3  > 27
0 <  32
0  > 32
1 <  16
1  > 26
2 <  8
2  > 8
3 <  15
3  > 33
0 <  14
0  > 14
1 <  3
1  > 3
2 <  11
2  > 31
3 <  6
3  > 32
0 <  22
0  > 22
1 <  19
1  > 29
2 <  26
2  > 26
3 <  40
3 <  31
3  > 31
0 <  28
0  > 28
1 <  14
1  > 33
2 <  17
2  > 33
3 <  30
3  > 30
0 <  30 (8)
0 has [4,4,9,10,10,12,16,17], [[20,21,22],[30,30,30]]
0  > 12
2 <  12 (8)
2 has [3,5,9,10,10,11,11,13,15,17,29], [[12,12,12]]
2  > 29
3 <  21
3  > 21
0 <  32
0  > 32
1 <  13
1  > 19
2 <  29
2  > 29
3 <  4
3  > 9
0 <  6
0  > 6
1 <  24
1  > 24
2 <  12
2  > 5
3 <  5 (8)
3 has [4,6,11,13,14,15,16,17], [[0,1,2],[5,5,5]]
3  > 4
0 <  4 (8)
0 has [9,10,10,16,17], [[20,21,22],[30,30,30],[4,4,4]]
0  > 16
1 <  16 (8)
1 has [9,11,13,14,15,17,18,19], [[25,25,25],[16,16,16]]
1  > 9
2 <  9 (4)
2 has [3,9,10,11,12,13,15,17], [[12,12,12],[9,10,11]]
2  > 3
3 <  29
3  > 29
0 <  20
0  > 17
1 <  7
1  > 7
2 <  1
2  > 1
Hand was a draw.

Restarting hand 11.
this.hand=11; this.draws=2; config.PRNG.seed(1761606301); this.wind=0; this.windOfTheRound=2;
wall: 39,25,25,15,21,7,16,8,9,40,20,23,20,3,21,30,27,12,3,11,24,32,27,12,2,7,4,14,0,24,31,13,20,31,33,35,1,25,22,18,4,33,7,14,9,27,11,31,13,3,28,0,19,9,4,33,8,15,10,5,32,23,8,26,22,19,29,9,23,24,15,5,1,6,31,1,16,32,18,27,19,21,14,13,12,5,10,29,22,10,18,24,2,0,28,26,36,21,15,16,34,30,6,30,17,4,22,41,33,16,30,20,2,26,18,7,5,8,3,28,17,23,37,6,14,19,2,6,25,29,11,28,11,26,1,38,0,13,12,17,29,32,10,17
initial deal
tiles for 0: 3,7,8,9,15,16,20,20,21,21,23,25,25
tiles for 1: 2,3,4,7,11,12,12,14,24,27,27,30,32
tiles for 2: 0,1,4,13,18,20,22,24,25,31,31,33,33
tiles for 3: 0,3,4,7,9,9,11,13,14,19,27,28,31
prepare play
tiles for 0: 3,7,8,9,15,16,20,20,21,21,23,25,25 []
tiles for 1: 2,3,4,7,11,12,12,14,24,27,27,30,32 []
tiles for 2: 0,1,4,13,18,20,22,24,25,31,31,33,33 []
tiles for 3: 0,3,4,7,9,9,11,13,14,19,27,28,31 []
0 <  33
0  > 9
1 <  8
1  > 24
2 <  15
2  > 15
3 <  10
3  > 27
1 <  27 (8)
1 has [2,3,4,7,8,11,12,12,14,30,32], [[27,27,27]]
1  > 3
2 <  5
2  > 13
3 <  32
3  > 19
0 <  19 (4)
0 has [3,7,8,15,16,20,21,23,25,25,33], [[19,20,21]]
0  > 3
1 <  23
1  > 23
2 <  23 (5)
2 has [0,1,4,5,18,20,25,31,31,33,33], [[22,23,24]]
2  > 25
3 <  8
3  > 0
0 <  26
0  > 33
2 <  33 (8)
2 has [0,1,4,5,18,20,31,31], [[22,23,24],[33,33,33]]
2  > 1
3 <  22
3  > 22
0 <  22 (6)
0 has [7,8,15,16,23,25,25,26], [[19,20,21],[20,21,22]]
0  > 23
1 <  19
1  > 19
2 <  19 (5)
2 has [0,4,5,31,31], [[22,23,24],[33,33,33],[18,19,20]]
2  > 0
3 <  29
3  > 10
0 <  9
0  > 9
1 <  23
1  > 23
2 <  24
2  > 24
3 <  15
3  > 11
0 <  5
0  > 5
1 <  1
1  > 1
2 <  6
Player 2 wins hand 11! (hand took 81ms)
0: -64, hand: 7,8,15,16,25,25,26, [[19,20,21],[20,21,22]], (39,40)
1: -48, hand: 2,4,7,8,11,12,12,14,30,32, [[27,27,27]], ()
2: 176, hand: 4,5,6,31,31, [[22,23,24],[33,33,33],[18,19,20]], (35)
3: -64, hand: 3,4,7,8,9,9,13,14,15,28,29,31,32, [], ()

Starting hand 12.
this.hand=12; this.draws=0; config.PRNG.seed(383709310); this.wind=1; this.windOfTheRound=2;
wall: 7,31,14,24,9,10,33,14,25,26,10,3,17,30,15,33,11,4,15,20,31,15,3,24,0,27,11,18,27,24,7,28,16,16,4,28,20,21,23,7,17,21,8,20,12,41,24,25,28,15,14,33,27,0,12,39,16,13,18,19,21,13,18,29,2,36,0,3,30,2,22,8,27,19,30,3,6,10,13,30,12,32,23,11,19,2,26,29,20,40,29,33,14,21,26,22,22,5,19,8,25,7,32,1,9,1,17,5,28,4,5,31,18,22,32,16,23,37,1,9,2,13,1,23,6,29,5,11,6,31,38,0,35,6,26,25,9,34,8,12,32,17,10,4
initial deal
tiles for 0: 3,7,9,10,10,14,14,17,24,25,26,31,33
tiles for 1: 0,3,4,11,15,15,15,20,24,27,30,31,33
tiles for 2: 4,7,11,16,16,18,20,21,23,24,27,28,28
tiles for 3: 7,8,12,14,15,17,20,21,24,25,27,28,33
prepare play
tiles for 0: 3,7,9,10,10,14,14,17,24,25,26,31,33 []
tiles for 1: 0,3,4,11,15,15,15,20,24,27,30,31,33 []
tiles for 2: 4,7,11,16,16,18,20,21,23,24,27,28,28 []
tiles for 3: 7,8,12,14,15,17,20,21,24,25,27,28,33 []
1 <  0
1  > 30
2 <  12
2  > 27
3 <  39
3 <  16
3  > 28
0 <  13
0  > 3
1 <  18
1  > 20
2 <  19
2  > 7
3 <  21
3  > 27
0 <  13
0  > 7
1 <  18
1  > 24
2 <  29
2  > 4
3 <  2
3  > 2
0 <  36
0 <  0
0  > 0
1 <  3
1  > 18
2 <  30
2  > 16
3 <  2
3  > 2
0 <  22
0  > 17
1 <  8
1  > 18
2 <  27
2  > 27
3 <  19
3  > 15
1 <  15 (16)
1 has [0,0,3,3,4,8,11,27,31,33], [[15,15,15,15]]
1 <  30
1  > 30
2 <  3
2  > 3
3 <  6
3  > 12
0 <  12 (4)
0 has [9,10,10,13,14,22,24,25,26,31,33], [[12,13,14]]
0  > 31
1 <  10
1  > 27
2 <  13
2  > 13
3 <  30
3  > 30
0 <  12
0  > 33
1 <  32
1  > 3
2 <  23
2  > 30
3 <  11
3  > 14
0 <  19
0  > 19
1 <  2
1  > 4
2 <  26
2  > 12
3 <  29
3  > 16
0 <  20
0  > 20
1 <  40
1 <  29
1  > 8
2 <  33
2  > 11
3 <  14
3  > 17
0 <  21
0  > 9
1 <  26
1  > 26
2 <  22
2  > 16
3 <  22
3  > 14
0 <  5
0  > 5
1 <  19
1  > 19
2 <  8
2  > 8
3 <  25
3  > 11
0 <  7
0  > 7
1 <  32
1  > 2
2 <  1
2  > 1
3 <  9
3  > 9
0 <  1
0  > 1
1 <  17
1  > 17
2 <  5
2  > 5
3 <  28
3  > 28
2 <  28 (8)
2 has [18,19,20,21,22,23,23,24,26,29,33], [[28,28,28]]
2  > 29
3 <  4
3  > 25
0 <  5
0  > 5
1 <  31
1  > 3
2 <  18
2  > 33
3 <  22
3  > 33
0 <  32
0  > 32
1 <  32 (8)
1 has [0,0,10,11,29,31,31,33], [[15,15,15,15],[32,32,32]]
1  > 33
2 <  16
2  > 16
3 <  23
3  > 29
0 <  37
0 <  1
0  > 1
1 <  9
1  > 29
2 <  2
2  > 2
3 <  13
3  > 13
0 <  1
0  > 1
1 <  23
1  > 23
0 <  23 (32)
0 has [10,10,12,13,14,24,25,26], [[12,13,14],[21,22,23]!]
Player 0 wins hand 12! (hand took 259ms)
0: 144, hand: 10,10,12,13,14,24,25,26, [[12,13,14],[21,22,23]!], (36,37)
1: 48, hand: 0,0,9,10,11,31,31, [[15,15,15,15],[32,32,32]], (40)
2: -104, hand: 18,18,19,20,21,22,23,23,24,26, [[28,28,28]], ()
3: -88, hand: 4,6,7,8,19,20,21,21,22,22,23,24,25, [], (41,39)

Starting hand 13.
this.hand=13; this.draws=0; config.PRNG.seed(1436219610); this.wind=2; this.windOfTheRound=2;
wall: 21,11,22,18,33,27,16,27,8,1,24,12,11,13,25,12,28,41,25,9,29,15,10,20,5,33,13,0,7,16,25,14,33,26,0,5,6,21,27,31,32,24,37,15,24,9,14,28,17,19,35,3,3,36,10,7,10,14,26,25,11,19,2,22,23,21,31,28,12,3,2,2,29,23,1,31,20,30,4,13,18,22,9,2,38,20,17,22,4,32,4,16,1,19,39,30,29,8,7,15,13,23,30,6,27,21,18,8,16,11,5,19,17,9,3,30,34,10,6,15,23,33,12,1,31,20,32,26,5,32,29,6,0,0,28,24,26,17,40,18,8,4,14,7
initial deal
tiles for 0: 1,8,11,11,12,16,18,21,22,24,27,27,33
tiles for 1: 5,9,10,12,13,13,15,20,25,25,28,29,33
tiles for 2: 0,0,5,6,7,14,16,21,25,26,27,31,33
tiles for 3: 3,3,7,9,10,14,15,17,19,24,24,28,32
prepare play
tiles for 0: 1,8,11,11,12,16,18,21,22,24,27,27,33 []
tiles for 1: 5,9,10,12,13,13,15,20,25,25,28,29,33 []
tiles for 2: 0,0,5,6,7,14,16,21,25,26,27,31,33 []
tiles for 3: 3,3,7,9,10,14,15,17,19,24,24,28,32 []
2 <  10
2  > 10
3 <  14
3  > 28
0 <  26
0  > 1
1 <  25
1  > 5
2 <  11
2  > 11
3 <  19
3  > 24
0 <  2
0  > 2
1 <  22
1  > 20
2 <  23
2  > 14
3 <  21
3  > 24
0 <  31
0  > 16
1 <  28
1  > 22
2 <  22 (5)
2 has [0,0,5,6,7,16,25,26,27,31,33], [[21,22,23]]
2  > 16
3 <  12
3  > 21
0 <  3
0  > 3
1 <  2
1  > 2
2 <  2
2  > 5
3 <  29
3  > 19
0 <  23
0  > 18
1 <  1
1  > 1
2 <  31
2  > 7
3 <  20
3  > 19
0 <  30
0  > 30
1 <  4
1  > 4
2 <  13
2  > 13
1 <  13 (8)
1 has [9,10,12,15,25,25,25,28,28,29,33], [[13,13,13]]
1  > 25
2 <  18
2  > 18
3 <  22
3  > 20
0 <  9
0  > 8
1 <  2
1  > 2
2 <  38
2 <  20
2  > 20
3 <  17
3  > 22
0 <  22 (4)
0 has [9,11,11,12,21,22,26,27,27,31,33], [[22,23,24]]
0  > 26
1 <  22
1  > 22
2 <  4
2  > 4
3 <  32
3  > 7
0 <  4
0  > 4
1 <  16
1  > 25
2 <  1
2  > 1
3 <  19
3  > 19
0 <  39
0 <  30
0  > 30
1 <  29
1  > 25
2 <  8
2  > 0
3 <  7
3  > 7
0 <  15
0  > 15
1 <  13
1  > 33
2 <  23
2  > 6
3 <  30
3  > 15
0 <  6
0  > 6
1 <  27
1  > 27
2 <  21
2  > 8
3 <  18
3  > 18
0 <  8
0  > 8
1 <  16
1  > 16
2 <  11
2  > 11
3 <  5
3  > 10
0 <  10 (5)
0 has [11,12,21,22,27,27,31,33], [[22,23,24],[9,10,11]]
0  > 31
2 <  31 (8)
2 has [0,2,21,23,25,26,27,33], [[21,22,23],[31,31,31]]
2  > 0
3 <  19
3  > 19
0 <  17
0  > 17
3 <  17 (8)
3 has [3,3,5,9,12,14,14,29,30,32,32], [[17,17,17]]
3  > 9
0 <  9
0  > 33
1 <  3
1  > 3
3 <  3 (8)
3 has [5,12,14,14,29,30,32,32], [[17,17,17],[3,3,3]]
3  > 5
0 <  30
0  > 30
1 <  34
1 <  10
1  > 10
2 <  6
2  > 6
3 <  15
3  > 30
0 <  23
0  > 9
1 <  33
1  > 33
2 <  12
2  > 12
3 <  1
3  > 1
0 <  31
0  > 31
1 <  20
1  > 20
2 <  32
2  > 2
3 <  26
3  > 26
Hand was a draw.

Restarting hand 13.
this.hand=13; this.draws=1; config.PRNG.seed(654936911); this.wind=2; this.windOfTheRound=2;
wall: 10,24,25,21,6,17,18,26,32,0,41,0,31,5,15,19,26,8,32,10,1,13,18,4,30,28,31,28,7,34,2,28,35,39,33,19,22,13,36,28,15,12,9,24,14,19,21,27,30,29,12,25,10,11,5,33,38,21,5,12,15,26,18,40,9,23,18,22,31,0,33,8,11,17,13,23,33,6,2,22,23,16,27,3,16,15,20,20,25,3,4,12,25,3,0,29,26,30,6,7,2,21,10,3,24,30,16,27,4,2,1,1,27,7,20,31,14,20,17,5,6,29,13,11,17,32,8,14,23,22,9,11,8,16,24,1,7,4,14,9,32,19,29,37
initial deal
tiles for 0: 0,0,5,6,10,17,18,21,24,25,26,31,32
tiles for 1: 1,4,8,10,13,15,18,19,26,28,30,31,32
tiles for 2: 2,7,9,12,13,15,19,22,24,28,28,28,33
tiles for 3: 5,10,11,12,14,19,21,21,25,27,29,30,33
prepare play
tiles for 0: 0,0,5,6,10,17,18,21,24,25,26,31,32 []
tiles for 1: 1,4,8,10,13,15,18,19,26,28,30,31,32 []
tiles for 2: 2,7,9,12,13,15,19,22,24,28,28,28,33 []
tiles for 3: 5,10,11,12,14,19,21,21,25,27,29,30,33 []
2 <  5
2  > 7
3 <  12
3  > 27
0 <  15
0  > 10
1 <  26
1  > 30
2 <  18
2  > 5
3 <  40
3 <  9
3  > 25
0 <  23
0  > 18
1 <  18
1  > 8
2 <  22
2  > 2
3 <  31
3  > 19
0 <  0
0  > 31
1 <  33
1  > 4
2 <  8
2  > 8
3 <  11
3  > 21
0 <  17
0  > 32
1 <  13
1  > 1
2 <  23
2  > 13
1 <  13 (8)
1 has [10,15,18,18,19,26,26,28,31,32,33], [[13,13,13]]
1  > 10
2 <  33
2  > 15
3 <  6
3  > 21
0 <  2
0  > 15
1 <  22
1  > 15
2 <  23
2  > 9
3 <  16
3  > 9
0 <  27
0  > 27
1 <  3
1  > 3
2 <  16
2  > 16
3 <  15
3  > 12
0 <  20
0  > 2
1 <  20
1  > 22
2 <  22 (8)
2 has [12,18,19,23,23,24,28,28,28,33,33], [[22,22,22]]
2  > 12
3 <  25
3  > 25
0 <  3
0  > 3
1 <  4
1  > 4
2 <  12
2  > 12
3 <  25
3  > 25
0 <  3
0  > 3
1 <  0
1  > 0
2 <  29
2  > 29
3 <  26
3  > 26
1 <  26 (8)
1 has [18,18,19,20,28,31,32,33], [[13,13,13],[26,26,26]]
1  > 31
2 <  30
2  > 30
3 <  6
3  > 33
2 <  33 (8)
2 has [18,19,23,23,24,28,28,28], [[22,22,22],[33,33,33]]
2  > 24
3 <  7
3  > 31
0 <  2
0  > 2
1 <  21
1  > 33
2 <  10
2  > 10
3 <  10 (4)
3 has [5,6,6,7,10,11,14,15,16,29,30], [[10,11,12]]
3  > 30
0 <  3
0  > 3
1 <  24
1  > 24
2 <  30
2  > 30
3 <  16
3  > 29
0 <  27
0  > 27
1 <  4
1  > 4
2 <  2
2  > 2
3 <  1
3  > 1
0 <  1
0  > 1
1 <  27
1  > 27
2 <  7
2  > 7
3 <  20
3  > 20
2 <  20 (32)
2 has [23,23,28,28,28], [[22,22,22],[33,33,33],[18,19,20]!]
Player 2 wins hand 13! (hand took 220ms)
0: -310, hand: 0,0,0,5,6,17,17,20,21,23,24,25,26, [], (41)
1: -328, hand: 18,18,19,20,21,28,32, [[13,13,13],[26,26,26]], ()
2: 960, hand: 23,23,28,28,28, [[22,22,22],[33,33,33],[18,19,20]!], (34,35,39,36)
3: -322, hand: 5,6,6,7,10,11,14,15,16,16, [[10,11,12]], (38,40)

Starting hand 14.
this.hand=14; this.draws=0; config.PRNG.seed(2084288874); this.wind=2; this.windOfTheRound=2;
wall: 25,14,26,3,20,31,22,12,18,22,4,6,17,15,15,10,4,24,40,37,23,17,6,29,31,7,20,24,10,12,8,26,26,16,22,15,7,6,21,27,1,0,1,5,11,19,19,20,9,3,3,13,29,28,25,0,27,10,24,11,27,29,16,7,4,5,2,9,18,34,19,20,8,24,9,4,29,2,12,6,32,19,31,14,33,2,36,28,28,11,30,26,13,32,10,11,32,18,16,31,1,14,32,5,38,41,33,21,12,7,14,25,5,8,30,27,15,16,23,21,13,23,33,30,35,39,9,21,17,23,2,0,0,13,1,18,28,33,3,8,25,30,17,22
initial deal
tiles for 0: 3,4,6,12,14,17,18,20,22,22,25,26,31
tiles for 1: 4,6,7,10,15,15,17,20,23,24,24,29,31
tiles for 2: 1,6,7,8,10,12,15,16,21,22,26,26,27
tiles for 3: 0,1,3,3,5,9,11,13,19,19,20,28,29
prepare play
tiles for 0: 3,4,6,12,14,17,18,20,22,22,25,26,31 []
tiles for 1: 4,6,7,10,15,15,17,20,23,24,24,29,31 []
tiles for 2: 1,6,7,8,10,12,15,16,21,22,26,26,27 []
tiles for 3: 0,1,3,3,5,9,11,13,19,19,20,28,29 []
2 <  25
2  > 10
3 <  0
3  > 28
0 <  27
0  > 27
1 <  10
1  > 4
2 <  24
2  > 16
3 <  11
3  > 20
0 <  27
0  > 27
1 <  29
1  > 7
2 <  16
2  > 16
3 <  7
3  > 19
0 <  19 (5)
0 has [3,4,6,12,14,17,22,22,25,26,31], [[18,19,20]]
0  > 17
1 <  4
1  > 6
2 <  5
2  > 15
1 <  15 (8)
1 has [4,10,10,17,20,23,24,24,29,29,31], [[15,15,15]]
1  > 4
2 <  2
2  > 12
3 <  9
3  > 19
0 <  18
0  > 18
1 <  34
1 <  19
1  > 19
2 <  20
2  > 5
3 <  8
3  > 9
0 <  24
0  > 31
1 <  9
1  > 24
2 <  24 (4)
2 has [1,2,6,7,8,20,21,22,24,26,27], [[24,25,26]]
2  > 7
3 <  4
3  > 9
0 <  29
0  > 29
1 <  29 (8)
1 has [9,10,10,17,20,23,24,31], [[15,15,15],[29,29,29]]
1  > 24
2 <  2
2  > 6
3 <  6 (6)
3 has [0,0,1,3,3,7,8,11,11,13,29], [[4,5,6]]
3  > 29
0 <  12
0  > 6
1 <  6
1  > 6
2 <  32
2  > 1
3 <  19
3  > 19
0 <  31
0  > 31
1 <  14
1  > 20
2 <  20 (4)
2 has [2,2,8,20,24,26,27,32], [[24,25,26],[20,21,22]]
2  > 2
3 <  2 (6)
3 has [0,3,3,7,8,11,11,13], [[4,5,6],[0,1,2]]
3  > 13
0 <  13 (5)
0 has [3,4,12,22,22,24,25,26], [[18,19,20],[12,13,14]]
0  > 12
1 <  33
1  > 23
2 <  2
2  > 2
3 <  36
3 <  28
3  > 28
0 <  28
0  > 28
1 <  11
1  > 14
2 <  30
2  > 30
3 <  26
3  > 26
0 <  13
0  > 13
1 <  32
1  > 17
2 <  10
2  > 10
1 <  10 (8)
1 has [9,11,31,32,33], [[15,15,15],[29,29,29],[10,10,10]]
1  > 9
2 <  11
2  > 11
3 <  32
3  > 11
0 <  18
0  > 18
1 <  16
1  > 16
2 <  31
2  > 8
3 <  1
3  > 11
0 <  14
0  > 14
1 <  32
1  > 11
2 <  5
2  > 5
3 <  38
3 <  41
3 <  33
3  > 8
0 <  21
0  > 21
1 <  12
1  > 12
2 <  7
2  > 7
3 <  14
3  > 14
0 <  25
0  > 25
1 <  5
1  > 5
0 <  5 (32)
0 has [22,22,24,25,26], [[18,19,20],[12,13,14],[3,4,5]!]
Player 0 wins hand 14! (hand took 231ms)
0: 80, hand: 22,22,24,25,26, [[18,19,20],[12,13,14],[3,4,5]!], ()
1: 56, hand: 31,32,32,33, [[15,15,15],[29,29,29],[10,10,10]], (40,37,34)
2: -108, hand: 2,20,24,26,27,31,32, [[24,25,26],[20,21,22]], ()
3: -28, hand: 0,1,3,3,7,32,33, [[4,5,6],[0,1,2]], (36,38,41)

Starting hand 15.
this.hand=15; this.draws=0; config.PRNG.seed(501027095); this.wind=3; this.windOfTheRound=2;
wall: 32,24,10,30,6,6,24,40,20,19,13,41,25,14,32,12,31,23,28,11,38,39,22,4,5,33,9,8,11,16,1,24,36,30,14,10,18,28,12,22,29,18,7,6,16,7,28,11,29,8,25,26,3,14,29,27,13,8,26,16,11,9,27,29,25,33,5,0,21,30,21,0,32,8,31,27,25,15,9,15,18,33,33,12,20,9,20,28,22,19,31,19,1,35,7,23,15,15,5,3,0,12,23,21,13,0,18,7,10,34,2,17,1,1,3,32,30,20,17,22,3,37,16,26,14,21,13,19,2,17,4,24,27,10,17,2,6,2,4,23,5,31,4,26
initial deal
tiles for 0: 6,6,10,13,14,19,20,24,24,25,30,32,32
tiles for 1: 4,5,8,9,11,11,12,16,22,23,28,31,33
tiles for 2: 1,6,7,10,12,14,18,18,22,24,28,29,30
tiles for 3: 3,7,8,11,13,14,16,25,26,27,28,29,29
prepare play
tiles for 0: 6,6,10,13,14,19,20,24,24,25,30,32,32 []
tiles for 1: 4,5,8,9,11,11,12,16,22,23,28,31,33 []
tiles for 2: 1,6,7,10,12,14,18,18,22,24,28,29,30 []
tiles for 3: 3,7,8,11,13,14,16,25,26,27,28,29,29 []
3 <  8
3  > 28
0 <  26
0  > 10
1 <  10 (5)
1 has [4,5,8,11,12,16,22,23,28,31,33], [[9,10,11]]
1  > 28
2 <  16
2  > 30
3 <  11
3  > 25
0 <  9
0  > 9
1 <  27
1  > 27
2 <  29
2  > 6
3 <  6 (4)
3 has [3,8,11,11,13,14,16,26,27,29,29], [[6,7,8]]
3  > 26
0 <  25
0  > 30
1 <  33
1  > 23
2 <  23 (5)
2 has [1,7,10,12,14,16,18,18,28,29,29], [[22,23,24]]
2  > 1
3 <  5
3  > 16
0 <  0
0  > 0
1 <  21
1  > 21
2 <  30
2  > 30
3 <  21
3  > 21
0 <  21 (6)
0 has [6,6,13,14,24,24,25,25,26,32,32], [[19,20,21]]
0  > 13
1 <  13 (6)
1 has [4,5,8,16,22,31,33,33], [[9,10,11],[11,12,13]]
1  > 22
2 <  0
2  > 7
3 <  32
3  > 14
0 <  8
0  > 14
1 <  31
1  > 16
2 <  27
2  > 27
3 <  25
3  > 25
0 <  15
0  > 15
1 <  9
1  > 8
2 <  15
2  > 0
3 <  18
3  > 18
0 <  33
0  > 33
1 <  33 (8)
1 has [4,5,9,31,31], [[9,10,11],[11,12,13],[33,33,33]]
1  > 5
2 <  33
2  > 33
3 <  12
3  > 13
0 <  20
0  > 20
1 <  9
1  > 4
2 <  20
2  > 16
3 <  28
3  > 28
0 <  22
0  > 25
1 <  19
1  > 19
2 <  19 (5)
2 has [10,12,14,15,18,28,29,29], [[22,23,24],[18,19,20]]
2  > 28
3 <  31
3  > 11
0 <  19
0  > 19
1 <  1
1  > 1
2 <  35
2 <  7
2  > 7
3 <  23
3  > 23
0 <  23 (5)
0 has [6,6,8,24,25,26,32,32], [[19,20,21],[22,23,24]]
0  > 8
1 <  15
1  > 15
2 <  15
2  > 15
3 <  5
3  > 12
0 <  3
0  > 3
1 <  0
1  > 0
2 <  12
2  > 14
3 <  23
3  > 11
0 <  21
0  > 21
1 <  13
1  > 13
2 <  0
2  > 0
3 <  18
3  > 23
0 <  7
0  > 7
1 <  10
1  > 10
2 <  34
2 <  2
2  > 2
3 <  17
3  > 17
0 <  1
0  > 1
1 <  1
1  > 1
2 <  3
2  > 3
3 <  32
3  > 18
0 <  30
0  > 30
1 <  20
1  > 20
2 <  17
2  > 10
3 <  22
3  > 22
0 <  3
0  > 3
1 <  37
1 <  16
1  > 16
2 <  16 (5)
2 has [12,12,18,29,29], [[22,23,24],[18,19,20],[15,16,17]]
2  > 18
3 <  26
3  > 8
0 <  14
0  > 14
1 <  21
1  > 21
2 <  13
2  > 13
3 <  19
3  > 19
Hand was a draw.

Restarting hand 15.
this.hand=15; this.draws=1; config.PRNG.seed(214930336); this.wind=3; this.windOfTheRound=2;
wall: 17,0,11,36,16,2,25,32,6,27,20,21,6,14,28,11,24,8,26,15,10,19,4,29,12,32,25,7,10,9,38,9,16,26,12,4,35,28,3,2,28,21,2,0,26,4,29,26,14,5,22,7,31,9,30,6,16,9,15,6,13,11,0,5,22,27,23,14,29,3,14,37,30,22,15,30,21,31,33,2,5,13,24,24,16,19,1,19,13,0,20,8,23,17,33,40,7,8,21,12,1,31,17,25,22,27,18,23,34,1,11,30,24,15,18,23,18,31,13,20,3,29,8,10,19,1,17,32,33,27,3,25,39,5,41,20,4,18,10,12,33,7,28,32
initial deal
tiles for 0: 0,2,6,6,11,14,16,17,20,21,25,27,32
tiles for 1: 4,8,10,11,12,15,19,24,25,26,28,29,32
tiles for 2: 2,3,4,7,9,9,10,12,16,21,26,28,28
tiles for 3: 0,2,4,5,7,9,14,22,26,26,29,30,31
prepare play
tiles for 0: 0,2,6,6,11,14,16,17,20,21,25,27,32 []
tiles for 1: 4,8,10,11,12,15,19,24,25,26,28,29,32 []
tiles for 2: 2,3,4,7,9,9,10,12,16,21,26,28,28 []
tiles for 3: 0,2,4,5,7,9,14,22,26,26,29,30,31 []
3 <  6
3  > 30
0 <  16
0  > 27
1 <  9
1  > 28
2 <  15
2  > 21
3 <  6
3  > 9
0 <  13
0  > 25
1 <  11
1  > 4
2 <  0
2  > 26
3 <  5
3  > 14
0 <  22
0  > 32
1 <  27
1  > 27
2 <  23
2  > 23
3 <  14
3  > 14
0 <  29
0  > 29
1 <  3
1  > 3
2 <  14
2  > 7
3 <  7 (6)
3 has [0,2,4,5,6,7,22,26,26,29,31], [[5,6,7]]
3  > 22
0 <  37
0 <  30
0  > 30
1 <  22
1  > 8
2 <  15
2  > 3
3 <  3 (5)
3 has [0,5,6,7,26,26,29,31], [[5,6,7],[2,3,4]]
3  > 26
0 <  30
0  > 30
1 <  21
1  > 15
2 <  31
2  > 0
3 <  33
3  > 26
0 <  2
0  > 11
1 <  5
1  > 5
2 <  13
2  > 4
3 <  24
3  > 24
0 <  24
0  > 0
1 <  16
1  > 16
2 <  19
2  > 2
3 <  1
3  > 29
0 <  19
0  > 2
1 <  13
1  > 25
2 <  0
2  > 0
3 <  20
3  > 20
0 <  20 (4)
0 has [2,6,6,13,14,16,16,17,19,20,24], [[20,21,22]]
0  > 2
1 <  8
1  > 8
2 <  23
2  > 23
3 <  17
3  > 17
0 <  33
0  > 24
1 <  40
1 <  7
1  > 7
2 <  8
2  > 8
3 <  8 (6)
3 has [0,1,5,31,33], [[5,6,7],[2,3,4],[6,7,8]]
3  > 0
0 <  21
0  > 33
1 <  12
1  > 32
2 <  1
2  > 1
3 <  31
3  > 5
0 <  17
0  > 6
1 <  25
1  > 29
2 <  22
2  > 22
3 <  27
3  > 1
0 <  18
0  > 6
1 <  23
1  > 19
2 <  34
2 <  1
2  > 1
3 <  11
3  > 11
0 <  30
0  > 30
1 <  24
1  > 24
2 <  15
2  > 19
3 <  18
3  > 18
0 <  23
0  > 23
1 <  18
1  > 18
2 <  31
2  > 10
3 <  13
3  > 13
0 <  20
0  > 14
1 <  3
1  > 3
2 <  29
2  > 29
3 <  8
3  > 8
0 <  10
0  > 10
1 <  19
1  > 19
2 <  1
2  > 1
3 <  17
3  > 17
0 <  17 (8)
0 has [13,16,16,18,19,20,20,21], [[20,21,22],[17,17,17]]
0  > 13
1 <  32
1  > 32
Hand was a draw.

Restarting hand 15.
this.hand=15; this.draws=2; config.PRNG.seed(287905202); this.wind=3; this.windOfTheRound=2;
wall: 2,33,30,23,14,7,2,28,33,1,12,7,16,31,17,23,41,19,18,25,10,0,11,36,8,20,27,31,18,31,13,12,21,20,24,25,26,1,23,8,0,17,21,15,22,9,11,4,7,27,14,5,12,15,22,22,23,1,19,37,3,29,8,13,9,33,13,24,12,17,32,30,27,28,19,4,28,30,2,18,5,6,0,11,24,28,32,35,5,20,10,19,26,34,7,38,16,14,16,25,3,10,5,29,3,3,21,4,6,29,21,33,13,4,31,22,11,20,14,10,17,9,6,25,39,18,27,15,6,30,29,26,9,16,15,1,40,0,26,2,32,24,8,32
initial deal
tiles for 0: 1,2,2,7,7,12,14,16,23,28,30,33,33
tiles for 1: 0,8,10,11,17,18,19,20,23,25,27,31,31
tiles for 2: 0,1,8,12,13,18,20,21,23,24,25,26,31
tiles for 3: 4,5,7,9,11,12,14,15,15,17,21,22,27
prepare play
tiles for 0: 1,2,2,7,7,12,14,16,23,28,30,33,33 []
tiles for 1: 0,8,10,11,17,18,19,20,23,25,27,31,31 []
tiles for 2: 0,1,8,12,13,18,20,21,23,24,25,26,31 []
tiles for 3: 4,5,7,9,11,12,14,15,15,17,21,22,27 []
3 <  22
3  > 22
0 <  22
0  > 28
1 <  23
1  > 27
2 <  1
2  > 13
3 <  19
3  > 19
0 <  37
0 <  3
0  > 30
1 <  29
1  > 0
2 <  8
2  > 12
3 <  13
3  > 22
0 <  9
0  > 9
1 <  9 (4)
1 has [8,17,18,19,20,23,23,25,29,31,31], [[9,10,11]]
1  > 8
2 <  33
2  > 1
3 <  13
3  > 21
0 <  21 (4)
0 has [1,2,2,3,7,7,12,14,16,33,33], [[21,22,23]]
0  > 12
1 <  24
1  > 17
2 <  12
2  > 12
3 <  17
3  > 13
0 <  32
0  > 32
1 <  30
1  > 30
2 <  27
2  > 27
3 <  28
3  > 28
0 <  19
0  > 19
1 <  4
1  > 4
2 <  28
2  > 8
3 <  30
3  > 30
0 <  2
0  > 2
1 <  18
1  > 23
2 <  5
2  > 5
3 <  6
3  > 27
0 <  0
0  > 16
1 <  11
1  > 11
2 <  24
2  > 8
3 <  8 (6)
3 has [4,5,9,11,12,13,14,15,15,17,17], [[6,7,8]]
3  > 9
0 <  28
0  > 28
1 <  32
1  > 32
2 <  35
2 <  5
2  > 28
3 <  20
3  > 20
0 <  10
0  > 14
1 <  19
1  > 19
2 <  19 (5)
2 has [0,1,5,21,23,24,24,25,26,31,33], [[18,19,20]]
2  > 5
3 <  26
3  > 26
0 <  34
0 <  7
0  > 10
1 <  38
1 <  16
1  > 16
2 <  14
2  > 14
3 <  16
3  > 5
0 <  25
0  > 25
1 <  3
1  > 3
2 <  10
2  > 10
3 <  5
3  > 4
0 <  4 (32)
0 has [0,1,2,7,7,7,33,33], [[21,22,23],[2,3,4]!]
Player 0 wins hand 15! (hand took 198ms)
0: 96, hand: 0,1,2,7,7,7,33,33, [[21,22,23],[2,3,4]!], (37,34)
1: 0, hand: 18,18,19,20,23,24,25,29,31,31, [[9,10,11]], (41,36,38)
2: -30, hand: 0,1,21,23,24,24,25,26,31,33, [[18,19,20]], (35)
3: -66, hand: 5,11,12,13,14,15,15,16,17,17, [[6,7,8]], ()

Starting hand 16.
this.hand=16; this.draws=0; config.PRNG.seed(944312320); this.wind=0; this.windOfTheRound=3;
wall: 9,26,13,20,39,32,28,5,35,7,4,16,16,25,18,30,32,11,27,19,15,10,5,33,0,27,14,20,9,0,21,23,12,9,22,17,7,21,2,1,28,7,22,11,19,6,6,17,26,34,37,17,16,25,18,33,26,8,17,23,29,0,40,14,11,28,10,1,29,8,9,1,24,31,18,3,3,23,20,31,13,30,15,25,5,5,21,29,2,13,32,41,30,12,7,4,32,31,19,14,10,24,28,20,26,19,16,25,22,3,21,27,6,10,36,2,29,11,12,33,30,22,12,14,24,23,0,15,1,4,38,15,27,18,31,2,6,24,8,33,13,4,3,8
initial deal
tiles for 0: 4,5,7,9,13,16,16,18,20,25,26,28,32
tiles for 1: 0,5,10,11,14,15,19,20,27,27,30,32,33
tiles for 2: 0,1,2,7,9,9,12,17,21,21,22,23,28
tiles for 3: 6,6,7,11,16,17,17,18,19,22,25,26,33
prepare play
tiles for 0: 4,5,7,9,13,16,16,18,20,25,26,28,32 []
tiles for 1: 0,5,10,11,14,15,19,20,27,27,30,32,33 []
tiles for 2: 0,1,2,7,9,9,12,17,21,21,22,23,28 []
tiles for 3: 6,6,7,11,16,17,17,18,19,22,25,26,33 []
0 <  26
0  > 28
1 <  8
1  > 20
2 <  17
2  > 28
3 <  23
3  > 17
0 <  29
0  > 29
1 <  0
1  > 19
2 <  40
2 <  14
2  > 0
3 <  11
3  > 11
0 <  28
0  > 28
1 <  10
1  > 5
2 <  1
2  > 1
3 <  29
3  > 29
0 <  8
0  > 9
1 <  9 (4)
1 has [0,0,8,10,14,15,27,27,30,32,33], [[9,10,11]]
1  > 8
2 <  9
2  > 1
3 <  1
3  > 17
0 <  24
0  > 13
1 <  13 (4)
1 has [0,0,10,27,27,30,32,33], [[9,10,11],[13,14,15]]
1  > 10
2 <  31
2  > 7
3 <  18
3  > 11
0 <  3
0  > 32
1 <  3
1  > 3
2 <  23
2  > 2
3 <  20
3  > 16
0 <  31
0  > 31
1 <  13
1  > 13
2 <  30
2  > 14
3 <  15
3  > 15
0 <  25
0  > 18
1 <  5
1  > 5
2 <  5
2  > 5
3 <  5 (4)
3 has [1,6,18,18,19,20,22,23,25,26,33], [[5,6,7]]
3  > 6
0 <  6 (6)
0 has [3,7,8,16,16,20,24,25,25,26,26], [[4,5,6]]
0  > 3
1 <  21
1  > 21
2 <  21 (8)
2 has [9,9,9,12,17,17,22,23,23,30,31], [[21,21,21]]
2  > 17
3 <  29
3  > 29
0 <  2
0  > 2
1 <  13
1  > 13
2 <  32
2  > 17
3 <  41
3 <  30
3  > 1
0 <  12
0  > 12
1 <  7
1  > 0
2 <  4
2  > 4
3 <  32
3  > 19
0 <  31
0  > 20
1 <  19
1  > 19
2 <  14
2  > 14
3 <  10
3  > 10
0 <  24
0  > 31
1 <  28
1  > 28
2 <  20
2  > 9
3 <  26
3  > 25
0 <  19
0  > 19
1 <  16
1  > 16
2 <  25
2  > 12
3 <  22
3  > 20
0 <  3
0  > 3
1 <  21
1  > 21
2 <  27
2  > 27
3 <  6
3  > 6
0 <  6 (32)
0 has [16,16,24,24,25,25,26,26], [[4,5,6],[6,7,8]!]
Player 0 wins hand 16! (hand took 233ms)
0: 216, hand: 16,16,24,24,25,25,26,26, [[4,5,6],[6,7,8]!], (39,35)
1: -90, hand: 0,7,27,27,30,32,33, [[9,10,11],[13,14,15]], ()
2: -72, hand: 9,9,20,22,23,23,25,30,31,32, [[21,21,21]], (40)
3: -54, hand: 18,18,22,22,23,26,26,30,32,33, [[5,6,7]], (34,37,41)

Starting hand 17.
this.hand=17; this.draws=0; config.PRNG.seed(1284641717); this.wind=0; this.windOfTheRound=3;
wall: 11,1,2,38,23,12,11,1,22,1,10,7,41,28,25,22,19,25,28,9,8,23,6,24,15,16,29,7,9,0,0,25,29,22,13,19,17,32,18,6,31,7,10,21,14,6,15,3,34,5,13,25,10,16,26,20,7,3,16,4,18,8,26,12,23,2,31,27,17,17,37,15,24,28,18,2,4,17,4,14,36,11,0,28,20,5,26,33,5,1,4,6,33,27,21,32,20,33,5,2,32,29,16,13,19,11,30,12,8,3,18,31,21,33,0,12,31,20,23,22,24,27,9,32,27,19,14,13,39,3,9,40,30,35,10,24,8,14,21,15,26,30,30,29
initial deal
tiles for 0: 1,1,1,2,7,10,11,11,12,22,23,25,28
tiles for 1: 6,7,8,9,15,16,19,22,23,24,25,28,29
tiles for 2: 0,0,6,9,13,17,18,19,22,25,29,31,32
tiles for 3: 3,5,6,7,10,10,13,14,15,16,21,25,26
prepare play
tiles for 0: 1,1,1,2,7,10,11,11,12,22,23,25,28 []
tiles for 1: 6,7,8,9,15,16,19,22,23,24,25,28,29 []
tiles for 2: 0,0,6,9,13,17,18,19,22,25,29,31,32 []
tiles for 3: 3,5,6,7,10,10,13,14,15,16,21,25,26 []
0 <  20
0  > 28
1 <  7
1  > 28
2 <  3
2  > 17
3 <  16
3  > 21
0 <  21 (5)
0 has [1,1,1,2,7,10,11,11,12,23,25], [[20,21,22]]
0  > 1
1 <  4
1  > 29
2 <  18
2  > 9
3 <  8
3  > 26
0 <  26
0  > 7
1 <  12
1  > 19
2 <  23
2  > 13
3 <  2
3  > 25
0 <  31
0  > 31
1 <  27
1  > 27
2 <  17
2  > 17
3 <  17
3  > 13
0 <  13 (6)
0 has [1,1,2,10,11,23,25,26], [[20,21,22],[11,12,13]]
0  > 23
1 <  37
1 <  15
1  > 24
2 <  24 (6)
2 has [0,0,3,6,18,18,19,25,29,31,32], [[22,23,24]]
2  > 3
3 <  24
3  > 24
0 <  24 (4)
0 has [1,1,2,10,11], [[20,21,22],[11,12,13],[24,25,26]]
0  > 11
1 <  28
1  > 28
2 <  18
2  > 18
3 <  2
3  > 15
0 <  4
0  > 10
1 <  17
1  > 23
2 <  4
2  > 4
3 <  4 (6)
3 has [2,5,6,7,8,10,10,14,16,16,17], [[2,3,4]]
3  > 2
0 <  14
0  > 14
1 <  36
1 <  11
1  > 22
2 <  0
2  > 6
3 <  6 (4)
3 has [5,6,10,10,14,16,16,17], [[2,3,4],[6,7,8]]
3  > 14
0 <  28
0  > 28
1 <  20
1  > 20
2 <  20 (6)
2 has [0,0,0,18,25,29,31,32], [[22,23,24],[18,19,20]]
2  > 18
3 <  5
3  > 17
0 <  26
0  > 26
1 <  33
1  > 25
2 <  5
2  > 0
3 <  1
3  > 10
0 <  4
0  > 4
1 <  6
1  > 4
2 <  33
2  > 0
3 <  27
3  > 27
0 <  21
0  > 21
1 <  32
1  > 6
2 <  20
2  > 5
3 <  33
3  > 16
0 <  5
0  > 5
1 <  2
1  > 6
2 <  32
2  > 0
3 <  29
3  > 29
0 <  16
0  > 16
1 <  13
1  > 8
2 <  19
2  > 25
3 <  11
3  > 16
0 <  30
0  > 30
1 <  12
1  > 2
2 <  8
2  > 8
3 <  3
3  > 11
0 <  18
0  > 18
1 <  31
1  > 7
2 <  21
2  > 33
3 <  33
3  > 10
0 <  0
0  > 0
1 <  12
1  > 7
2 <  31
2  > 29
3 <  20
3  > 20
0 <  23
0  > 23
1 <  22
1  > 22
2 <  24
2  > 24
3 <  27
3  > 27
0 <  9
0  > 9
1 <  32
1  > 31
2 <  31 (32)
2 has [19,20,21,32,32], [[22,23,24],[18,19,20],[31,31,31]!]
Player 2 wins hand 17! (hand took 277ms)
0: -136, hand: 1,1,2,4, [[20,21,22],[11,12,13],[24,25,26]], (38,41)
1: -44, hand: 9,11,12,12,12,13,15,15,16,17,32,32,33, [], (37,36)
2: 256, hand: 19,20,21,32,32, [[22,23,24],[18,19,20],[31,31,31]!], ()
3: -76, hand: 1,3,5,5,6,33,33, [[2,3,4],[6,7,8]], (34)

Starting hand 18.
this.hand=18; this.draws=0; config.PRNG.seed(854409548); this.wind=1; this.windOfTheRound=3;
wall: 31,16,13,27,3,25,5,25,9,2,28,27,8,12,27,6,24,11,20,35,31,33,27,28,26,22,32,0,24,19,6,8,23,25,2,7,16,17,13,33,7,33,13,21,38,14,41,14,19,15,20,10,11,18,6,17,32,5,19,26,24,22,30,6,37,14,13,21,18,2,4,8,1,5,25,9,3,26,9,17,4,29,30,30,15,17,32,0,15,20,19,28,16,34,22,7,30,11,12,3,23,31,31,32,15,1,29,33,22,21,10,14,12,18,11,4,29,12,8,21,1,24,18,10,23,28,10,23,5,39,16,4,26,3,2,1,9,0,20,7,40,0,36,29
initial deal
tiles for 0: 2,3,5,8,9,13,16,25,25,27,27,28,31
tiles for 1: 6,11,12,20,22,24,26,27,27,28,31,32,33
tiles for 2: 0,2,6,7,8,13,16,17,19,23,24,25,33
tiles for 3: 6,7,10,11,13,14,14,15,18,19,20,21,33
prepare play
tiles for 0: 2,3,5,8,9,13,16,25,25,27,27,28,31 []
tiles for 1: 6,11,12,20,22,24,26,27,27,28,31,32,33 []
tiles for 2: 0,2,6,7,8,13,16,17,19,23,24,25,33 []
tiles for 3: 6,7,10,11,13,14,14,15,18,19,20,21,33 []
1 <  17
1  > 28
2 <  32
2  > 17
3 <  5
3  > 21
0 <  19
0  > 9
1 <  26
1  > 6
2 <  24
2  > 13
3 <  22
3  > 18
0 <  30
0  > 19
1 <  6
1  > 6
2 <  37
2 <  14
2  > 14
3 <  13
3  > 20
0 <  21
0  > 21
1 <  18
1  > 17
2 <  2
2  > 16
3 <  4
3  > 19
0 <  8
0  > 13
1 <  13 (6)
1 has [18,20,22,24,26,26,27,27,31,32,33], [[11,12,13]]
1  > 24
2 <  1
2  > 19
3 <  5
3  > 22
0 <  25
0  > 16
1 <  9
1  > 9
2 <  3
2  > 6
3 <  6 (5)
3 has [4,5,6,10,11,13,13,14,14,15,33], [[5,6,7]]
3  > 15
0 <  26
0  > 31
1 <  9
1  > 9
2 <  17
2  > 17
3 <  4
3  > 14
0 <  29
0  > 29
1 <  30
1  > 22
2 <  30
2  > 3
3 <  15
3  > 13
0 <  17
0  > 17
1 <  32
1  > 20
2 <  0
2  > 1
3 <  15
3  > 15
0 <  20
0  > 20
1 <  19
1  > 19
2 <  28
2  > 28
3 <  16
3  > 16
0 <  34
0 <  22
0  > 22
1 <  7
1  > 7
2 <  30
2  > 7
3 <  7 (6)
3 has [4,4,10,11,13,14,15,33], [[5,6,7],[5,6,7]]
3  > 14
0 <  11
0  > 11
1 <  12
1  > 12
2 <  3
2  > 2
3 <  23
3  > 23
0 <  31
0  > 30
2 <  30 (8)
2 has [0,0,2,3,8,23,24,24,25,32,33], [[30,30,30]]
2  > 3
3 <  31
3  > 10
0 <  32
0  > 32
1 <  32 (8)
1 has [18,26,26,27,27,30,31,33], [[11,12,13],[32,32,32]]
1  > 30
2 <  15
2  > 32
3 <  1
3  > 13
0 <  29
0  > 29
1 <  33
1  > 26
2 <  22
2  > 15
3 <  21
3  > 21
0 <  10
0  > 10
1 <  14
1  > 26
2 <  12
2  > 12
3 <  18
3  > 11
0 <  11
0  > 11
1 <  4
1  > 4
3 <  4 (8)
3 has [1,15,18,31,33], [[5,6,7],[5,6,7],[4,4,4]]
3  > 1
0 <  1 (4)
0 has [5,8,8,25,25,25,26,27,27,28,31], [[1,2,3]]
0  > 5
1 <  29
1  > 29
2 <  12
2  > 12
3 <  8
3  > 8
0 <  8 (8)
0 has [25,25,25,26,27,27,28,31], [[1,2,3],[8,8,8]]
0  > 31
1 <  21
1  > 14
2 <  1
2  > 8
3 <  24
3  > 24
2 <  24 (8)
2 has [0,0,1,2,22,23,25,33], [[30,30,30],[24,24,24]]
2  > 25
0 <  25 (16)
0 has [26,27,27,28], [[1,2,3],[8,8,8],[25,25,25,25]]
0 <  18
0  > 26
1 <  10
1  > 10
2 <  23
2  > 33
1 <  33 (8)
1 has [18,21,27,27,31], [[11,12,13],[32,32,32],[33,33,33]]
1  > 21
2 <  21 (4)
2 has [0,0,1,2,23], [[30,30,30],[24,24,24],[21,22,23]]
2  > 23
3 <  28
3  > 33
0 <  10
0  > 18
1 <  23
1  > 18
Hand was a draw.

Restarting hand 18.
this.hand=18; this.draws=1; config.PRNG.seed(1656364731); this.wind=1; this.windOfTheRound=3;
wall: 12,10,1,23,25,7,12,21,9,23,29,25,39,14,6,2,2,19,0,10,12,36,21,11,38,32,10,11,14,17,7,35,4,2,4,27,13,13,5,7,9,11,18,34,16,31,28,4,1,8,16,28,21,18,11,30,32,20,31,16,29,17,32,3,30,30,15,1,27,20,19,26,17,31,33,23,14,29,5,22,15,22,33,0,9,3,12,24,20,15,17,15,24,29,22,3,19,37,27,23,40,28,22,14,27,41,25,33,10,7,26,26,6,30,20,5,1,25,21,3,33,0,24,32,9,26,0,28,8,6,13,19,4,8,18,5,8,6,18,2,31,13,16,24
initial deal
tiles for 0: 1,7,9,10,12,12,14,21,23,23,25,25,29
tiles for 1: 0,2,2,6,10,10,11,11,12,14,19,21,32
tiles for 2: 2,4,4,5,7,7,9,11,13,13,17,18,27
tiles for 3: 1,4,8,11,16,16,18,21,28,28,30,31,32
prepare play
tiles for 0: 1,7,9,10,12,12,14,21,23,23,25,25,29 []
tiles for 1: 0,2,2,6,10,10,11,11,12,14,19,21,32 []
tiles for 2: 2,4,4,5,7,7,9,11,13,13,17,18,27 []
tiles for 3: 1,4,8,11,16,16,18,21,28,28,30,31,32 []
1 <  20
1  > 20
2 <  31
2  > 27
3 <  16
3  > 21
0 <  29
0  > 1
1 <  17
1  > 21
2 <  32
2  > 18
3 <  3
3  > 18
0 <  30
0  > 7
1 <  30
1  > 19
2 <  15
2  > 15
3 <  1
3  > 11
0 <  11 (6)
0 has [12,12,14,21,23,23,25,25,29,29,30], [[9,10,11]]
0  > 30
1 <  27
1  > 6
2 <  20
2  > 13
3 <  19
3  > 19
0 <  26
0  > 21
1 <  17
1  > 0
2 <  31
2  > 11
3 <  33
3  > 16
0 <  23
0  > 23
1 <  14
1  > 2
2 <  29
2  > 29
3 <  5
3  > 16
0 <  22
0  > 14
1 <  15
1  > 2
2 <  22
2  > 17
3 <  33
3  > 16
0 <  0
0  > 0
1 <  9
1  > 32
2 <  3
2  > 13
3 <  12
3  > 12
0 <  24
0  > 22
1 <  20
1  > 20
2 <  15
2  > 9
3 <  17
3  > 17
0 <  15
0  > 15
1 <  24
1  > 24
2 <  29
2  > 29
3 <  22
3  > 22
0 <  3
0  > 3
1 <  19
1  > 19
2 <  37
2 <  27
2  > 27
3 <  23
3  > 23
0 <  23 (8)
0 has [12,12,24,25,25,26,29,29], [[9,10,11],[23,23,23]]
0  > 29
1 <  40
1 <  28
1  > 28
3 <  28 (8)
3 has [1,1,3,4,5,8,30,31,32,33,33], [[28,28,28]]
3  > 8
0 <  22
0  > 29
1 <  14
1  > 27
2 <  27
2  > 27
3 <  41
3 <  25
3  > 25
0 <  25 (8)
0 has [12,12,22,24,26], [[9,10,11],[23,23,23],[25,25,25]]
0  > 22
1 <  33
1  > 33
3 <  33 (8)
3 has [1,1,3,4,5,30,31,32], [[28,28,28],[33,33,33]]
3  > 30
0 <  10
0  > 10
1 <  10 (8)
1 has [9,11,11,12,14,14,14,15,17,17,30], [[10,10,10]]
1  > 9
2 <  7
2  > 15
3 <  26
3  > 26
0 <  26
0  > 26
1 <  6
1  > 6
2 <  6 (6)
2 has [2,3,4,7,7,7,20,22,31,31,32], [[4,5,6]]
2  > 32
3 <  30
3  > 30
0 <  20
0  > 20
1 <  5
1  > 30
2 <  1
2  > 1
3 <  1 (8)
3 has [3,4,5,31,32], [[28,28,28],[33,33,33],[1,1,1]]
3  > 31
0 <  25
Player 0 wins hand 18! (hand took 241ms)
0: 80, hand: 12,12,24,25,26, [[9,10,11],[23,23,23],[25,25,25]], (39)
1: -68, hand: 5,11,11,12,14,14,14,15,17,17, [[10,10,10]], (36,38,40)
2: -50, hand: 2,3,4,7,7,7,20,22,31,31, [[4,5,6]], (35,37)
3: 38, hand: 3,4,5,32, [[28,28,28],[33,33,33],[1,1,1]], (34,41)

Starting hand 19.
this.hand=19; this.draws=0; config.PRNG.seed(534979267); this.wind=2; this.windOfTheRound=3;
wall: 34,1,24,20,21,0,9,23,4,15,11,41,9,17,13,22,13,3,14,33,21,2,32,32,20,27,19,16,1,1,25,17,25,7,10,1,19,18,12,8,33,28,7,29,15,27,9,23,17,29,0,5,3,30,10,5,36,30,11,19,0,33,7,2,24,18,31,26,5,28,18,12,2,14,28,40,37,23,10,21,10,2,24,26,14,32,4,29,14,20,18,33,13,39,11,27,24,9,25,35,6,13,31,23,29,30,28,16,12,0,15,17,22,15,16,16,19,3,12,26,8,7,22,21,30,6,4,4,3,32,31,22,38,8,6,27,26,8,5,11,31,25,6,20
initial deal
tiles for 0: 0,1,4,9,9,11,13,15,17,20,21,23,24
tiles for 1: 2,3,13,14,16,19,20,21,22,27,32,32,33
tiles for 2: 1,1,1,7,8,10,12,17,18,19,25,25,33
tiles for 3: 0,3,5,7,9,15,17,23,27,28,29,29,30
prepare play
tiles for 0: 0,1,4,9,9,11,13,15,17,20,21,23,24 []
tiles for 1: 2,3,13,14,16,19,20,21,22,27,32,32,33 []
tiles for 2: 1,1,1,7,8,10,12,17,18,19,25,25,33 []
tiles for 3: 0,3,5,7,9,15,17,23,27,28,29,29,30 []
2 <  10
2  > 10
3 <  5
3  > 27
0 <  36
0 <  30
0  > 4
1 <  11
1  > 27
2 <  19
2  > 10
3 <  0
3  > 28
0 <  33
0  > 30
1 <  7
1  > 7
2 <  2
2  > 12
3 <  24
3  > 23
0 <  18
0  > 33
1 <  31
1  > 2
2 <  26
2  > 17
3 <  5
3  > 24
0 <  28
0  > 28
1 <  18
1  > 3
2 <  12
2  > 12
3 <  2
3  > 17
0 <  14
0  > 11
1 <  28
1  > 18
2 <  40
2 <  37
2 <  23
2  > 7
3 <  10
3  > 10
0 <  21
0  > 17
1 <  10
1  > 21
2 <  2
2  > 1
3 <  1 (5)
3 has [0,3,5,5,5,7,9,15,29,29,30], [[0,1,2]]
3  > 5
0 <  24
0  > 18
1 <  26
1  > 20
2 <  20 (6)
2 has [1,1,2,2,8,19,23,25,25,26,33], [[18,19,20]]
2  > 19
3 <  14
3  > 14
0 <  32
0  > 32
1 <  32 (8)
1 has [10,11,13,14,16,19,22,26,28,31,33], [[32,32,32]]
1  > 26
2 <  4
2  > 8
3 <  29
3  > 29
0 <  14
0  > 0
1 <  20
1  > 19
2 <  18
2  > 18
3 <  33
3  > 9
0 <  13
0  > 1
1 <  39
1 <  11
1  > 22
2 <  27
2  > 4
3 <  4 (5)
3 has [0,5,7,15,29,29,30,33], [[0,1,2],[3,4,5]]
3  > 15
0 <  15 (6)
0 has [9,9,13,14,15,20,21,21,23,24,24], [[13,14,15]]
0  > 23
1 <  24
1  > 24
2 <  24 (5)
2 has [1,1,2,2,25,26,27,33], [[18,19,20],[23,24,25]]
2  > 2
3 <  9
3  > 9
0 <  25
0  > 9
1 <  9 (4)
1 has [11,13,14,16,20,28,31,33], [[32,32,32],[9,10,11]]
1  > 20
2 <  35
2 <  6
2  > 1
3 <  13
3  > 13
0 <  13 (4)
0 has [9,13,20,21,21,24,24,25], [[13,14,15],[13,14,15]]
0  > 13
1 <  31
1  > 28
2 <  23
2  > 1
3 <  29
3  > 29
0 <  30
0  > 9
1 <  28
1  > 28
2 <  16
2  > 16
3 <  12
3  > 12
0 <  0
0  > 0
1 <  15
1  > 33
2 <  17
2  > 17
3 <  22
3  > 22
0 <  22 (6)
0 has [21,24,24,25,30], [[13,14,15],[13,14,15],[20,21,22]]
0  > 21
1 <  15
1  > 15
2 <  16
2  > 16
3 <  16
3  > 16
0 <  19
0  > 19
1 <  3
1  > 3
2 <  12
2  > 12
1 <  12 (32)
1 has [14,15,16,31,31], [[32,32,32],[9,10,11],[11,12,13]!]
Player 1 wins hand 19! (hand took 247ms)
0: -68, hand: 24,24,25,30, [[13,14,15],[13,14,15],[20,21,22]], (34,41,36)
1: 320, hand: 14,15,16,31,31, [[32,32,32],[9,10,11],[11,12,13]!], (39)
2: -136, hand: 2,6,23,25,26,27,33, [[18,19,20],[23,24,25]], (40,37,35)
3: -116, hand: 0,5,7,29,29,30,33, [[0,1,2],[3,4,5]], ()

Starting hand 20.
this.hand=20; this.draws=0; config.PRNG.seed(528317736); this.wind=3; this.windOfTheRound=3;
wall: 14,27,18,11,30,18,17,4,29,25,15,5,18,23,40,28,14,12,12,19,19,9,5,22,24,15,25,31,21,16,26,1,26,28,10,30,29,29,16,20,4,0,20,15,14,11,33,24,31,12,32,4,2,1,6,16,7,1,18,30,22,10,10,21,30,23,8,21,13,31,3,36,19,5,29,6,22,32,35,9,31,13,0,6,37,32,15,26,17,20,25,2,12,6,23,11,2,26,3,21,34,28,11,7,27,17,3,17,7,38,27,19,10,33,39,16,33,7,2,14,0,24,3,33,9,0,8,22,41,4,23,20,1,8,24,5,9,8,25,13,27,28,13,32
initial deal
tiles for 0: 4,5,11,14,15,17,18,18,18,25,27,29,30
tiles for 1: 5,9,12,12,14,15,19,19,22,23,24,25,28
tiles for 2: 1,10,16,16,20,21,26,26,28,29,29,30,31
tiles for 3: 0,2,4,4,11,12,14,15,20,24,31,32,33
prepare play
tiles for 0: 4,5,11,14,15,17,18,18,18,25,27,29,30 []
tiles for 1: 5,9,12,12,14,15,19,19,22,23,24,25,28 []
tiles for 2: 1,10,16,16,20,21,26,26,28,29,29,30,31 []
tiles for 3: 0,2,4,4,11,12,14,15,20,24,31,32,33 []
3 <  1
3  > 24
0 <  6
0  > 27
1 <  16
1  > 28
2 <  7
2  > 1
3 <  1
3  > 20
0 <  18
0 locks [18,18,18,18]
0 <  30 (supplement)
0  > 29
2 <  29 (8)
2 has [7,10,16,16,20,21,26,26,28,30,31], [[29,29,29]]
2  > 7
3 <  22
3  > 22
0 <  10
0  > 25
1 <  10
1  > 5
2 <  21
2  > 16
3 <  30
3  > 11
0 <  23
0  > 23
1 <  8
1  > 8
2 <  21
2  > 10
3 <  13
3  > 12
0 <  31
0  > 31
1 <  3
1  > 3
2 <  36
2 <  19
2  > 16
3 <  5
3  > 14
0 <  29
0  > 29
1 <  6
1  > 6
2 <  22
2  > 31
3 <  32
3  > 13
0 <  35
0 <  9
0  > 17
1 <  17 (6)
1 has [9,10,12,12,14,19,19,22,23,24,25], [[15,16,17]]
1  > 25
2 <  31
2  > 31
3 <  13
3  > 31
0 <  0
0  > 0
1 <  6
1  > 6
2 <  37
2 <  32
2  > 32
3 <  32 (8)
3 has [0,1,1,2,4,4,5,13,15,30,33], [[32,32,32]]
3  > 15
0 <  15
0  > 15
1 <  26
1  > 23
2 <  17
2  > 17
3 <  20
3  > 20
0 <  25
0  > 25
1 <  2
1  > 2
2 <  12
2  > 12
3 <  6
3  > 13
0 <  13 (4)
0 has [4,5,6,9,10,11,30,30], [[18,18,18,18],[13,14,15]]
0  > 6
1 <  23
1  > 24
2 <  11
2  > 11
3 <  2
3  > 33
0 <  26
0  > 26
2 <  26 (8)
2 has [19,20,21,21,21,22,28,30], [[29,29,29],[26,26,26]]
2  > 30
3 <  3
3  > 30
0 <  21
0  > 21
2 <  21 (16)
2 has [19,20,22,28], [[29,29,29],[26,26,26],[21,21,21,21]]
2 <  34
2 <  28
2  > 20
3 <  11
3  > 11
0 <  7
0  > 7
3 <  7 (32)
3 has [0,1,1,2,2,3,4,4], [[32,32,32],[5,6,7]!]
Player 3 wins hand 20! (hand took 182ms)
0: -102, hand: 4,5,9,10,11,30,30, [[18,18,18,18],[13,14,15]], (35)
1: -156, hand: 9,10,12,12,14,19,19,22,23,26, [[15,16,17]], (40)
2: -78, hand: 19,22,28,28, [[29,29,29],[26,26,26],[21,21,21,21]], (36,37,34)
3: 336, hand: 0,1,1,2,2,3,4,4, [[32,32,32],[5,6,7]!], ()

Starting hand 21.
this.hand=21; this.draws=0; config.PRNG.seed(1336454216); this.wind=3; this.windOfTheRound=3;
wall: 16,7,0,33,18,0,30,35,1,26,7,8,21,24,11,20,30,22,32,17,31,21,29,12,0,12,39,10,9,22,15,13,25,28,38,13,32,37,13,6,24,27,15,13,3,1,36,26,12,41,23,30,10,33,30,40,26,25,23,19,31,3,32,28,2,27,2,20,17,2,10,29,16,34,28,16,21,18,25,22,0,4,1,9,32,33,6,14,8,15,20,10,9,11,4,21,14,23,27,5,19,17,5,27,24,2,8,16,18,19,25,7,11,4,11,23,5,31,8,1,4,7,17,3,33,9,28,6,29,14,22,18,26,14,6,5,24,20,19,3,29,31,15,12
initial deal
tiles for 0: 0,0,1,7,7,8,16,18,21,24,26,30,33
tiles for 1: 0,10,11,12,12,17,20,21,22,29,30,31,32
tiles for 2: 6,9,13,13,13,15,15,22,24,25,27,28,32
tiles for 3: 1,3,10,12,13,23,23,25,26,26,30,30,33
prepare play
tiles for 0: 0,0,1,7,7,8,16,18,21,24,26,30,33 []
tiles for 1: 0,10,11,12,12,17,20,21,22,29,30,31,32 []
tiles for 2: 6,9,13,13,13,15,15,22,24,25,27,28,32 []
tiles for 3: 1,3,10,12,13,23,23,25,26,26,30,30,33 []
3 <  19
3  > 12
1 <  12 (8)
1 has [0,10,11,17,20,21,22,29,30,31,32], [[12,12,12]]
1  > 0
0 <  0 (8)
0 has [1,7,7,8,16,18,21,24,26,30,33], [[0,0,0]]
0  > 1
1 <  31
1  > 21
2 <  3
2  > 27
3 <  32
3  > 10
0 <  28
0  > 28
1 <  2
1  > 2
2 <  27
2  > 27
3 <  2
3  > 13
0 <  20
0  > 16
1 <  17
1  > 20
2 <  2
2  > 6
3 <  10
3  > 10
0 <  29
0  > 29
1 <  16
1  > 22
2 <  34
2 <  28
2  > 3
3 <  16
3  > 16
0 <  21
0  > 33
1 <  18
1  > 18
2 <  25
2  > 2
3 <  22
3  > 19
0 <  0
0  > 0
1 <  4
1  > 4
2 <  1
2  > 1
3 <  1 (4)
3 has [1,22,23,23,25,26,26,30,30,32,33], [[1,2,3]]
3  > 1
0 <  9
0  > 9
1 <  32
1  > 29
2 <  33
2  > 13
3 <  6
3  > 6
0 <  14
0  > 14
1 <  8
1  > 8
2 <  15
2  > 13
3 <  20
3  > 26
0 <  10
0  > 10
1 <  9
1  > 30
2 <  11
2  > 15
3 <  4
3  > 4
0 <  21
0  > 30
1 <  14
1  > 14
2 <  23
2  > 13
3 <  27
3  > 23
0 <  5
0  > 26
1 <  19
1  > 19
2 <  17
2  > 15
3 <  5
3  > 5
0 <  27
0  > 27
1 <  24
1  > 24
2 <  2
2  > 2
3 <  8
3  > 27
0 <  16
0  > 16
1 <  18
1  > 18
2 <  19
2  > 9
3 <  25
3  > 8
0 <  7
0  > 24
1 <  11
1  > 16
2 <  16 (5)
2 has [11,19,22,23,24,25,25,28,28,32,33], [[15,16,17]]
2  > 11
1 <  11 (8)
1 has [9,10,17,17,31,31,32,32], [[12,12,12],[11,11,11]]
1  > 9
2 <  4
2  > 4
3 <  11
3  > 11
0 <  23
0  > 5
1 <  5
1  > 5
2 <  31
2  > 19
3 <  8
3  > 8
0 <  1
0  > 1
1 <  4
1  > 10
2 <  7
2  > 7
0 <  7 (16)
0 has [8,18,20,21,21,21,23], [[0,0,0],[7,7,7,7]]
0 <  17
0  > 8
1 <  3
1  > 3
2 <  33
2  > 31
1 <  31 (8)
1 has [4,17,17,32,32], [[12,12,12],[11,11,11],[31,31,31]]
1  > 4
2 <  9
2  > 9
3 <  28
3  > 28
2 <  28 (8)
2 has [22,23,24,25,25,32,33,33], [[15,16,17],[28,28,28]]
2  > 32
1 <  32 (32)
1 has [17,17], [[12,12,12],[11,11,11],[31,31,31],[32,32,32]!]
Player 1 wins hand 21! (hand took 260ms)
0: -426, hand: 17,18,20,21,21,21,23, [[0,0,0],[7,7,7,7]], (35)
1: 1664, hand: 17,17, [[12,12,12],[11,11,11],[31,31,31],[32,32,32]!], (39)
2: -378, hand: 22,23,24,25,25,33,33, [[15,16,17],[28,28,28]], (38,37,34)
3: -860, hand: 20,22,23,25,25,26,30,30,32,33, [[1,2,3]], (36,41,40)
hand 1
  0 (E): -80 for c5,c5,d5,d5,d6,d7,d8,b7,b8,b9 [b5,b6,b4] (s1,s4)
  1 (N): 144 for c2,c3,c4,c5,c6,F,F,c1 [c9,c8,c7, c8,c7,c6] (f1)
  2 (W): -8 for d1,d2,d2,d3,d6,d6,d7 [S,S,S, P,P,P] 
  3 (S): -56 for c2,d8,d9,d9,E,c1,c1 [c6,c5,c4, b4,b3,b2] (s2)
hand 2
  0 (S): -44 for c7,c7,c9,b6,b7,b8,b8,b9,c1,c1 [c7,c9,c8] 
  1 (E): -48 for c2,c4,c5,c6,c8,d7,E,C,P,P [c3,c3,c3] (f3)
  2 (N): -36 for b2,b3,d7,d7,d9,E,b4 [d1,d3,d2, d7,d8,d6] (f4)
  3 (W): 128 for b2,b2,d4,d5,d6 [b5,b4,b3, b1,b1,b1, c2,c2,c2] (s3,f1,f2,s2)
hand 3
  0 (W): -48 for c5,c5,c6,c8,W,W,F,F,b6,b6 [b2,b3,b1] 
  1 (S): 176 for b2,c3,c4,c5,b3,S,S,b4,b7,b8,b9 [C,C,C] (s4)
  2 (E): -76 for c2,c4,c4,c6,c7,c8,c8,E,F,P [d2,d3,d1] (f4,s1)
  3 (N): -52 for c3,c3,d7,d9,P,c1,c1 [b8,b7,b6, d5,d4,d3] (f1)
hand 4
  0 (N): 112 for b5,b6,b7 [c4,c6,c5, d5,d4,d3, b7,b8,b6, C,C] 
  1 (W): -64 for d2,d2,d3,d4,d5,d7,d8,F,C,P [d7,d9,d8] (f4,f3,s3)
  2 (S): -52 for c3,c3,c4,c5 [P,P,P, c2,c2,c2,c2, c7,c7,c7] 
  3 (E): 4 for d3,d3,F,F [c8,c8,c8, S,S,S, b1,b1,b1] (s4,s1,f1,f2)
hand 5
  0 (E): -84 for b1,b1,b3,d3,d4,b4,b5 [b6,b5,b4, c3,c2,c1] (s3,f2)
  1 (N): -34 for c2,c8,c8,C,P,P,c1 [c8,c7,c6, c2,c4,c3] (s2,f4)
  2 (W): -58 for c5,d3,d3,d4,d5,d8,F [d7,d9,d8, d5,d7,d6] (s4)
  3 (S): 176 for d9,d9 [b7,b8,b6, b4,b3,b2, c7,c9,c8, d6,d8,d7] (f3,s1,f1)
hand 6
  0 (S): 2 for b2,b2,d2,d3,d4,d5,d5,b7,b8,b9 [b6,b8,b7] (f2,s2,f3)
  1 (E): -66 for c3,c4,d3,S,P,c1,c1 [c6,c6,c6, W,W,W] (f4)
  2 (N): -48 for b3,b3,d7,d7,b4,b4,b5,b6,b7,b7 [d6,d8,d7] (s4,s3)
  3 (W): 112 for d6,d7,d8,d9,d9 [c5,c4,c3, d4,d6,d5, C,C,C] 
hand 7
  0 (W): -30 for S,S,b4,b6,b7,b8,b9 [d6,d7,d5, c9,c8,c7] (s2,s4)
  1 (S): 128 for b1,b2,c3,c4,c5,c7,c8,c9,b3,F,F [c7,c8,c6] (f4)
  2 (E): -80 for d1,d2,d3,d4,d6,d7,d8,E,P,P [d4,d3,d2] (s1)
  3 (N): -18 for b3,W,W,b4,b5,c1,c1 [d8,d7,d6, b5,b4,b3] (f3,f1,f2)
hand 8
  0 (N): 208 for d9,d9 [c1,c3,c2, b4,b6,b5, b5,b7,b6, C,C,C] (f1,s3,f4)
  1 (W): 2 for d1,d1,d5,d7,d7,d7,F [b1,b1,b1,b1, d3,d3,d3] (f3,s4,s1)
  2 (S): -94 for c7,c8,c8,d2,d4,d6,d7,d8,d9,F,F,C,P 
  3 (E): -116 for d3,d4,E,E [b8,b8,b8, c5,c5,c5, b7,b7,b7] (s2)
hand 9
  0 (E): 240 for d2,d3,d4,b5,b5 [b4,b3,b2, b9,b8,b7, d3,d2,d1] (f2,s2)
  1 (N): -48 for c2,c5,c7,c8,P,P,c1 [W,W,W, c7,c9,c8] (f3,s3)
  2 (W): -60 for c2,c6,c6,d1,d3,P,c1 [d7,d9,d8, F,F,F] (f4,f1)
  3 (S): -132 for d2,d5,d6,d6,d7,d7,d8 [b4,b6,b5, c9,c8,c7] 
hand 10
  0 (E): 144 for c6,c6,d5,d6,d7 [b9,b8,b7, c3,c2,c1, d2,d4,d3] 
  1 (N): -54 for d4,d4,d7,d8,W,F,C [c5,c4,c3, c6,c8,c7] (f2)
  2 (W): -36 for d1,d1,d3,d5,d6,d6,d6,d8,W,F,C,C,P (f4)
  3 (S): -54 for d1,d2,d3,d4,b4,b4,b5,b6,b6,b7 [c1,c3,c2] (s3)
hand 11
  0 (E): -64 for c7,c8,d8,d8,d9,b8,b9 [d2,d4,d3, d5,d4,d3] (s2,s3)
  1 (N): -48 for c3,c4,c4,c6,b3,N,C,b5,b8,b9 [E,E,E] 
  2 (W): 176 for F,F,b5,b6,b7 [d6,d7,d5, P,P,P, d2,d3,d1] (f2)
  3 (S): -64 for c5,c6,c7,S,W,b4,F,C,b5,b8,b9,c1,c1 
hand 12
  0 (S): 144 for c2,c2,c4,c5,c6,d7,d8,d9 [c4,c6,c5, d6,d5,d4] (f3,f4)
  1 (E): 48 for b1,b1,c2,c3,F,F,c1 [c7,c7,c7,c7, C,C,C] (s3)
  2 (N): -104 for d1,d1,d2,d3,d4,d5,d6,d6,d7,d9 [S,S,S] 
  3 (W): -88 for d2,d3,d4,d4,d5,d5,d6,d7,d8,b5,b7,b8,b9 (s4,s2)
hand 13
  0 (W): -310 for b1,b1,b1,c9,c9,d3,d4,d6,d7,d8,d9,b6,b7 (s4)
  1 (S): -328 for d1,d1,d2,d3,d4,S,C [c5,c5,c5, d9,d9,d9] 
  2 (E): 960 for d6,d6,S,S,S [d5,d5,d5, P,P,P, d3,d2,d1] (f1,f2,s2,f3)
  3 (N): -322 for c2,c3,c6,c7,c8,c8,b6,b7,b7,b8 [c2,c4,c3] (s1,s3)
hand 14
  0 (W): 80 for d5,d5,d7,d8,d9 [d2,d3,d1, c5,c6,c4, b6,b5,b4] 
  1 (S): 56 for F,C,C,P [c7,c7,c7, W,W,W, c2,c2,c2] (s3,f4,f1)
  2 (E): -108 for b3,d3,d7,d9,E,F,C [d7,d9,d8, d3,d5,d4] 
  3 (N): -28 for b1,b2,b4,b4,C,P,b8 [b7,b6,b5, b3,b2,b1] (f3,s1,s4)
hand 15
  0 (N): 96 for b1,b2,b3,P,P,b8,b8,b8 [d4,d6,d5, b5,b4,b3] (f4,f1)
  1 (W): 0 for d1,d1,d2,d3,d6,d7,d8,W,F,F [c1,c3,c2] (s4,f3,s1)
  2 (S): -30 for b1,b2,d4,d6,d7,d7,d8,d9,F,P [d2,d3,d1] (f2)
  3 (E): -66 for c3,c4,c5,c6,c7,c7,c8,c9,c9,b6 [b9,b8,b7] 
hand 16
  0 (E): 216 for c8,c8,d7,d7,d8,d8,d9,d9 [b7,b6,b5, b7,b9,b8] (s2,f2)
  1 (N): -90 for b1,E,E,N,C,P,b8 [c1,c3,c2, c5,c7,c6] 
  2 (W): -72 for d3,d5,d6,d6,d8,N,F,C,c1,c1 [d4,d4,d4] (s3)
  3 (S): -54 for d1,d1,d5,d5,d6,d9,d9,N,C,P [b6,b8,b7] (f1,f4,s4)
hand 17
  0 (E): -136 for b2,b2,b3,b5 [d4,d5,d3, c5,c4,c3, d7,d9,d8] (s1,s4)
  1 (N): -44 for c3,c4,c4,c4,c5,c7,c7,c8,c9,C,C,P,c1 (f4,f3)
  2 (W): 256 for d2,d3,d4,C,C [d7,d6,d5, d3,d2,d1, F,F,F] 
  3 (S): -76 for b2,b4,P,P,b6,b6,b7 [b5,b4,b3, b7,b9,b8] (f1)
hand 18
  0 (S): 80 for c4,c4,d7,d8,d9 [c3,c2,c1, d6,d6,d6, d8,d8,d8] (s2)
  1 (E): -68 for c3,c3,c4,c6,c6,c6,c7,c9,c9,b6 [c2,c2,c2] (f3,s1,s3)
  2 (N): -50 for b3,d3,d5,b4,F,F,b5,b8,b8,b8 [b7,b6,b5] (f2,f4)
  3 (W): 38 for b4,C,b5,b6 [S,S,S, P,P,P, b2,b2,b2] (f1,s4)
hand 19
  0 (W): -68 for d7,d7,d8,N [c7,c6,c5, c5,c7,c6, d5,d4,d3] (f1,s4,f3)
  1 (S): 320 for c6,c7,c8,F,F [C,C,C, c1,c3,c2, c4,c5,c3] (s2)
  2 (E): -136 for b3,d6,d8,d9,E,P,b7 [d3,d2,d1, d7,d8,d6] (s3,f4,f2)
  3 (N): -116 for b1,W,W,N,P,b6,b8 [b2,b3,b1, b5,b6,b4] 
hand 20
  0 (N): -102 for c2,c3,N,N,b5,b6,c1 [d1,d1,d1,d1, c5,c7,c6] (f2)
  1 (W): -156 for c2,c4,c4,c6,d2,d2,d5,d6,d9,c1 [c9,c8,c7] (s3)
  2 (S): -78 for d2,d5,S,S [W,W,W, d9,d9,d9, d4,d4,d4,d4] (f3,f4,f1)
  3 (E): 336 for b1,b2,b2,b3,b3,b4,b5,b5 [C,C,C, b8,b7,b6] 
hand 21
  0 (N): -426 for c9,d1,d3,d4,d4,d4,d6 [b1,b1,b1, b8,b8,b8,b8] (f2)
  1 (W): 1664 for c9,c9 [c4,c4,c4, c3,c3,c3, F,F,F, C,C,C] (s2)
  2 (S): -378 for d5,d6,d7,d8,d8,P,P [c8,c9,c7, S,S,S] (s1,f4,f1)
  3 (E): -860 for d3,d5,d6,d8,d8,d9,N,N,C,P [b2,b4,b3] (f3,s4,s3)
final scores:
  player 0: 1930 (not set to chicken)
  player 1: 3490 (not set to chicken)
  player 2: 1888 (not set to chicken)
  player 3: 692 (not set to chicken)
Game took 6.56s