Initial seed: 5
starting game.

Starting hand 1.
this.hand=1; this.draws=0; config.PRNG.seed(1770586101); this.wind=0; this.windOfTheRound=0;
wall: 3,30,12,14,23,41,17,20,24,1,14,2,0,23,34,3,22,7,19,2,6,8,29,29,1,17,18,19,6,31,30,8,7,5,6,27,4,12,27,13,7,15,22,12,0,15,15,17,11,26,30,21,4,14,35,13,10,3,3,20,11,10,28,28,31,33,24,22,1,16,9,16,0,32,19,20,25,5,21,33,40,28,14,8,18,12,32,36,11,29,30,26,32,27,16,5,26,9,39,22,24,17,4,7,29,5,1,25,9,10,13,11,4,2,21,15,27,33,23,28,19,37,24,23,33,2,0,18,32,31,9,6,38,18,25,21,25,13,16,20,26,10,31,8
initial deal
tiles for 0: 0,1,2,3,12,14,14,17,20,23,23,24,30
tiles for 1: 1,2,3,6,7,8,17,18,19,19,22,29,29
tiles for 2: 4,5,6,6,7,7,8,12,13,27,27,30,31
tiles for 3: 0,4,11,12,14,15,15,15,17,21,22,26,30
prepare play
tiles for 0: 0,1,2,3,12,14,14,17,20,23,23,24,30 []
tiles for 1: 1,2,3,6,7,8,17,18,19,19,22,29,29 []
tiles for 2: 4,5,6,6,7,7,8,12,13,27,27,30,31 []
tiles for 3: 0,4,11,12,14,15,15,15,17,21,22,26,30 []
0 <  35
0 <  13
0  > 30
1 <  10
1  > 17
2 <  3
2  > 30
3 <  3
3  > 30
0 <  20
0  > 17
1 <  11
1  > 22
2 <  10
2  > 12
3 <  28
3  > 26
0 <  28
0  > 28
1 <  31
1  > 31
2 <  33
2  > 10
3 <  10 (4)
3 has [0,3,4,14,15,15,15,17,21,22,28], [[10,11,12]]
3  > 15
0 <  15 (6)
0 has [0,1,2,3,12,14,20,20,23,23,24], [[13,14,15]]
0  > 12
1 <  12 (6)
1 has [1,2,3,6,7,8,18,19,19,29,29], [[10,11,12]]
1  > 18
2 <  24
2  > 13
3 <  13 (4)
3 has [0,3,4,15,17,21,22,28], [[10,11,12],[13,14,15]]
3  > 0
0 <  22
0  > 14
1 <  1
1  > 1
2 <  16
2  > 24
3 <  9
3  > 9
0 <  16
0  > 16
1 <  0
1  > 0
2 <  32
2  > 16
3 <  16 (5)
3 has [3,4,21,22,28], [[10,11,12],[13,14,15],[15,16,17]]
3  > 28
0 <  19
0  > 19
1 <  19 (8)
1 has [1,2,3,6,7,8,29,29], [[10,11,12],[19,19,19]]
1  > 6
2 <  6 (8)
2 has [3,4,5,7,7,8,27,27,31,32,33], [[6,6,6]]
2  > 33
3 <  20
3  > 4
0 <  4 (6)
0 has [0,1,20,20,22,23,23,24], [[13,14,15],[2,3,4]]
0  > 0
1 <  25
1  > 25
2 <  5
2  > 31
3 <  21
3  > 3
0 <  33
0  > 1
1 <  40
1 <  28
1  > 28
2 <  14
2  > 14
3 <  8
3  > 8
0 <  18
0  > 33
1 <  12
1  > 12
2 <  32
2  > 8
3 <  36
3 <  11
3  > 11
0 <  29
0  > 29
1 <  30
1  > 30
2 <  26
2  > 26
3 <  32
3  > 32
2 <  32 (8)
2 has [3,4,5,5,7,7,27,27], [[6,6,6],[32,32,32]]
2  > 5
3 <  27
3  > 27
2 <  27 (32)
2 has [3,4,5,7,7], [[6,6,6],[32,32,32],[27,27,27]!]
Player 2 wins hand 1! (hand took 159ms)
0: -316, hand: 18,20,20,22,23,23,24, [[13,14,15],[2,3,4]], (41,35)
1: -150, hand: 1,2,3,7,8,29,29, [[10,11,12],[19,19,19]], (34,40)
2: 640, hand: 3,4,5,7,7, [[6,6,6],[32,32,32],[27,27,27]!], ()
3: -174, hand: 20,21,21,22, [[10,11,12],[13,14,15],[15,16,17]], (36)

Starting hand 2.
this.hand=2; this.draws=0; config.PRNG.seed(1189049518); this.wind=1; this.windOfTheRound=0;
wall: 33,16,21,8,20,37,33,20,31,23,22,17,3,17,21,14,25,19,2,6,32,18,5,13,7,1,4,32,7,15,1,0,20,18,10,19,28,6,15,12,22,30,27,1,2,11,14,15,9,10,24,29,10,38,2,27,11,23,2,0,26,16,6,30,3,22,5,34,21,13,33,36,9,27,17,9,8,29,25,12,21,30,11,6,5,23,25,15,1,16,13,24,33,31,24,4,26,26,9,31,20,4,28,28,31,0,39,5,0,32,16,26,3,24,30,18,4,19,22,19,40,8,7,3,17,12,28,14,25,35,10,29,13,8,32,14,18,7,11,29,12,27,23,41
initial deal
tiles for 0: 3,8,16,17,17,20,20,21,22,23,31,33,33
tiles for 1: 1,2,4,5,6,7,13,14,18,19,21,25,32
tiles for 2: 0,1,6,7,10,12,15,15,18,19,20,28,32
tiles for 3: 1,2,9,10,10,11,14,15,22,24,27,29,30
prepare play
tiles for 0: 3,8,16,17,17,20,20,21,22,23,31,33,33 []
tiles for 1: 1,2,4,5,6,7,13,14,18,19,21,25,32 []
tiles for 2: 0,1,6,7,10,12,15,15,18,19,20,28,32 []
tiles for 3: 1,2,9,10,10,11,14,15,22,24,27,29,30 []
1 <  38
1 <  2
1  > 25
2 <  27
2  > 28
3 <  11
3  > 30
0 <  23
0  > 8
1 <  8 (6)
1 has [1,2,2,4,5,13,14,18,19,21,32], [[6,7,8]]
1  > 32
2 <  2
2  > 19
3 <  0
3  > 27
0 <  26
0  > 3
1 <  3 (6)
1 has [2,4,5,13,14,18,19,21], [[6,7,8],[1,2,3]]
1  > 2
2 <  16
2  > 20
3 <  6
3  > 6
0 <  30
0  > 30
1 <  3
1  > 21
2 <  22
2  > 18
3 <  5
3  > 5
0 <  34
0 <  21
0  > 17
1 <  13
1  > 14
2 <  33
2  > 22
3 <  36
3 <  9
3  > 29
0 <  27
0  > 16
1 <  17
1  > 17
2 <  9
2  > 15
3 <  8
3  > 8
0 <  29
0  > 29
1 <  25
1  > 25
2 <  12
2  > 15
3 <  21
3  > 24
0 <  24 (6)
0 has [17,20,20,21,21,23,26,27,31,33,33], [[22,23,24]]
0  > 17
1 <  30
1  > 30
2 <  11
2  > 9
3 <  9 (4)
3 has [0,1,2,9,9,10,11,14,15,21,22], [[9,10,11]]
3  > 22
0 <  22 (6)
0 has [20,21,23,26,27,31,33,33], [[22,23,24],[20,21,22]]
0  > 26
1 <  6
1  > 6
2 <  5
2  > 10
3 <  23
3  > 23
0 <  25
0  > 27
1 <  15
1  > 15
2 <  1
2  > 11
3 <  16
3  > 21
0 <  13
0  > 13
1 <  24
1  > 24
2 <  33
2  > 16
3 <  31
3  > 31
0 <  24
0  > 31
1 <  4
1  > 4
2 <  26
2  > 26
3 <  26
3  > 26
0 <  9
0  > 9
1 <  31
1  > 31
2 <  20
2  > 20
3 <  4
3  > 4
0 <  28
0  > 28
1 <  28
1  > 28
2 <  31
2  > 31
3 <  0
3  > 0
0 <  39
0 <  5
0  > 5
1 <  0
1  > 0
2 <  0 (4)
2 has [0,1,5,6,7,12,12,27,32,33,33], [[0,1,2]]
2  > 12
3 <  12 (6)
3 has [0,1,2,9,9,14,15,16], [[9,10,11],[10,11,12]]
Player 3 wins hand 2! (hand took 209ms)
0: -10, hand: 20,21,23,24,25,33,33, [[22,23,24],[20,21,22]], (37,34,39)
1: -70, hand: 3,4,5,13,13,18,19, [[6,7,8],[1,2,3]], (38)
2: -48, hand: 0,1,5,6,7,12,27,32,33,33, [[0,1,2]], ()
3: 128, hand: 0,1,2,9,9,14,15,16, [[9,10,11],[10,11,12]], (36)

Starting hand 3.
this.hand=3; this.draws=0; config.PRNG.seed(1601562677); this.wind=2; this.windOfTheRound=0;
wall: 26,15,14,12,37,20,1,4,30,19,22,13,31,26,16,27,33,2,3,21,20,32,15,6,18,21,23,12,13,5,26,19,16,24,10,28,15,10,23,0,35,29,2,13,31,3,0,27,24,14,20,30,7,10,1,26,17,11,32,15,12,32,28,9,22,40,2,5,21,19,19,34,17,1,39,6,24,7,14,5,3,12,20,25,28,33,4,28,2,1,14,25,23,22,0,17,8,4,9,16,6,22,25,31,6,29,0,29,27,33,7,24,7,21,18,38,18,8,8,11,5,9,36,27,32,8,3,16,41,10,33,4,17,11,23,29,9,30,13,18,25,30,11,31
initial deal
tiles for 0: 1,4,12,13,14,15,19,20,22,26,26,30,31
tiles for 1: 2,3,6,15,16,18,20,21,21,23,27,32,33
tiles for 2: 0,5,10,10,12,13,15,16,19,23,24,26,28
tiles for 3: 0,2,3,7,10,13,14,20,24,27,29,30,31
prepare play
tiles for 0: 1,4,12,13,14,15,19,20,22,26,26,30,31 []
tiles for 1: 2,3,6,15,16,18,20,21,21,23,27,32,33 []
tiles for 2: 0,5,10,10,12,13,15,16,19,23,24,26,28 []
tiles for 3: 0,2,3,7,10,13,14,20,24,27,29,30,31 []
2 <  1
2  > 28
3 <  26
3  > 29
0 <  17
0  > 30
1 <  11
1  > 11
2 <  32
2  > 23
3 <  15
3  > 20
0 <  12
0  > 4
1 <  4 (6)
1 has [6,15,16,18,20,21,21,23,27,32,33], [[2,3,4]]
1  > 6
2 <  32
2  > 19
3 <  28
3  > 28
0 <  9
0  > 1
1 <  22
1  > 33
2 <  40
2 <  2
2  > 24
3 <  5
3  > 10
0 <  21
0  > 14
1 <  14 (4)
1 has [18,20,21,21,22,23,27,32], [[2,3,4],[14,15,16]]
1  > 27
2 <  19
2  > 26
3 <  19
3  > 19
0 <  34
0 <  17
0  > 17
1 <  1
1  > 1
2 <  39
2 <  6
2  > 19
3 <  24
3  > 31
0 <  7
0  > 7
1 <  14
1  > 14
2 <  5
2  > 16
3 <  16 (6)
3 has [0,2,3,5,7,13,24,24,26,27,30], [[14,15,16]]
3  > 13
0 <  3
0  > 3
1 <  12
1  > 12
2 <  20
2  > 20
3 <  25
3  > 27
0 <  28
0  > 28
1 <  33
1  > 32
2 <  32 (8)
2 has [0,1,2,5,5,6,10,10,12,13,15], [[32,32,32]]
2  > 13
3 <  4
3  > 30
0 <  28
0  > 28
1 <  2
1  > 2
2 <  1
2  > 15
3 <  14
3  > 14
0 <  25
0  > 12
1 <  23
1  > 33
2 <  22
2  > 22
3 <  0
3  > 7
0 <  17
0  > 13
1 <  8
1  > 8
2 <  4
2  > 10
3 <  9
3  > 9
0 <  16
0  > 15
1 <  6
1  > 6
2 <  22
2  > 22
3 <  25
3  > 2
0 <  31
0  > 17
1 <  6
1  > 6
2 <  29
2  > 29
3 <  0
3  > 0
0 <  29
0  > 9
1 <  27
1  > 27
2 <  33
2  > 12
3 <  7
3  > 7
0 <  24
0  > 16
1 <  7
1  > 7
2 <  7 (6)
2 has [0,1,1,2,4,5,10,33], [[32,32,32],[5,6,7]]
2  > 10
3 <  21
3  > 21
1 <  21 (8)
1 has [18,20,22,23,23], [[2,3,4],[14,15,16],[21,21,21]]
1  > 20
2 <  18
2  > 18
3 <  38
3 <  18
3  > 18
0 <  8
0  > 12
1 <  8
1  > 8
2 <  11
2  > 11
3 <  5
3  > 5
0 <  9
0  > 9
1 <  36
1 <  27
1  > 27
2 <  32
2  > 32
3 <  8
3  > 8
0 <  3
0  > 3
1 <  16
1  > 16
Hand was a draw.

Restarting hand 3.
this.hand=3; this.draws=1; config.PRNG.seed(538242554); this.wind=2; this.windOfTheRound=0;
wall: 1,5,28,23,13,30,19,3,24,8,28,0,25,10,40,30,19,22,16,25,22,5,4,3,2,2,1,20,9,26,12,12,23,13,9,27,15,21,5,30,9,2,17,3,31,5,26,27,1,18,27,11,32,23,6,19,16,6,10,12,32,21,17,9,0,14,8,12,7,24,10,28,25,29,21,4,26,10,18,15,36,37,11,29,4,18,33,8,25,33,38,2,16,16,13,6,14,15,30,18,14,33,4,20,8,17,24,24,3,7,31,21,34,35,29,22,32,7,33,17,20,39,22,19,1,20,13,28,41,15,31,11,0,23,27,11,6,29,14,26,7,31,0,32
initial deal
tiles for 0: 0,1,3,5,8,13,19,23,24,25,28,28,30
tiles for 1: 1,2,2,3,4,5,10,16,19,22,22,25,30
tiles for 2: 5,9,9,12,12,13,15,20,21,23,26,27,30
tiles for 3: 1,2,3,5,9,11,17,18,26,27,27,31,32
prepare play
tiles for 0: 0,1,3,5,8,13,19,23,24,25,28,28,30 []
tiles for 1: 1,2,2,3,4,5,10,16,19,22,22,25,30 []
tiles for 2: 5,9,9,12,12,13,15,20,21,23,26,27,30 []
tiles for 3: 1,2,3,5,9,11,17,18,26,27,27,31,32 []
2 <  23
2  > 30
3 <  6
3  > 18
0 <  19
0  > 30
1 <  16
1  > 30
2 <  6
2  > 26
3 <  10
3  > 17
0 <  12
0  > 13
1 <  32
1  > 10
2 <  21
2  > 23
3 <  17
3  > 17
0 <  9
0  > 12
1 <  0
1  > 25
2 <  14
2  > 20
3 <  8
3  > 26
0 <  26 (6)
0 has [0,1,3,5,8,9,19,19,23,28,28], [[24,25,26]]
0  > 9
1 <  12
1  > 12
2 <  7
2  > 23
3 <  24
3  > 24
0 <  10
0  > 10
1 <  28
1  > 19
2 <  25
2  > 21
3 <  29
3  > 29
0 <  21
0  > 8
1 <  4
1  > 28
2 <  26
2  > 25
3 <  10
3  > 31
0 <  18
0  > 0
1 <  15
1  > 32
2 <  36
2 <  37
2 <  11
2  > 26
3 <  29
3  > 29
0 <  4
0  > 5
1 <  18
1  > 18
2 <  33
2  > 21
3 <  8
3  > 32
0 <  25
0  > 4
1 <  33
1  > 33
2 <  38
2 <  2
2  > 2
3 <  16
3  > 16
0 <  16
0  > 16
1 <  13
1  > 16
2 <  6
2  > 9
3 <  9 (4)
3 has [1,2,3,5,6,8,8,9,10,27,27], [[9,10,11]]
3  > 5
0 <  14
0  > 14
1 <  14 (5)
1 has [0,1,2,2,3,4,4,5,16,22,22], [[13,14,15]]
1  > 16
2 <  16 (6)
2 has [5,6,6,7,9,11,12,12,13,27,33], [[14,15,16]]
2  > 33
3 <  15
3  > 15
0 <  30
0  > 30
1 <  18
1  > 18
2 <  14
2  > 12
3 <  33
3  > 33
0 <  4
0  > 23
1 <  20
1  > 20
2 <  8
2  > 27
3 <  27 (8)
3 has [1,2,3,6,8,8,9,10], [[9,10,11],[27,27,27]]
3  > 6
1 <  6 (32)
1 has [0,1,2,2,3,4,22,22], [[13,14,15],[4,5,6]!]
Player 1 wins hand 3! (hand took 212ms)
0: -48, hand: 1,3,4,18,19,19,21,25,28,28, [[24,25,26]], ()
1: 112, hand: 0,1,2,2,3,4,22,22, [[13,14,15],[4,5,6]!], (40)
2: -36, hand: 5,6,6,7,8,9,11,12,13,14, [[14,15,16]], (36,37,38)
3: -28, hand: 1,2,3,8,8,9,10, [[9,10,11],[27,27,27]], ()

Starting hand 4.
this.hand=4; this.draws=0; config.PRNG.seed(522884890); this.wind=3; this.windOfTheRound=0;
wall: 7,25,9,8,13,8,38,13,29,11,17,13,16,29,22,12,22,1,20,1,18,23,16,30,1,29,10,28,34,19,11,19,33,4,4,0,39,2,17,24,7,16,25,28,10,30,13,19,37,15,18,25,15,33,26,24,14,25,32,3,27,18,20,22,28,12,26,6,11,9,21,16,29,22,31,10,26,15,33,1,40,14,2,31,36,17,18,0,14,31,27,32,24,23,9,2,32,17,9,24,27,11,19,23,28,26,21,4,2,3,21,5,6,35,41,12,3,0,14,4,15,8,3,33,30,5,20,12,10,32,20,5,6,5,31,8,7,6,27,30,23,7,0,21
initial deal
tiles for 0: 7,8,8,9,11,13,13,13,16,17,25,29,29
tiles for 1: 1,1,1,10,12,16,18,20,22,22,23,29,30
tiles for 2: 0,2,4,4,7,11,16,17,19,19,24,28,33
tiles for 3: 10,13,15,15,18,19,24,25,25,26,28,30,33
prepare play
tiles for 0: 7,8,8,9,11,13,13,13,16,17,25,29,29 []
tiles for 1: 1,1,1,10,12,16,18,20,22,22,23,29,30 []
tiles for 2: 0,2,4,4,7,11,16,17,19,19,24,28,33 []
tiles for 3: 10,13,15,15,18,19,24,25,25,26,28,30,33 []
3 <  14
3  > 30
0 <  25
0  > 8
1 <  32
1  > 30
2 <  3
2  > 17
3 <  27
3  > 28
0 <  18
0  > 7
1 <  20
1  > 16
2 <  22
2  > 16
3 <  16 (6)
3 has [10,13,15,18,19,24,25,25,26,27,33], [[14,15,16]]
3  > 10
0 <  28
0  > 28
1 <  12
1  > 32
2 <  26
2  > 11
3 <  6
3  > 6
0 <  11
0  > 8
1 <  9
1  > 29
0 <  29 (8)
0 has [9,11,11,13,13,13,16,17,18,25,25], [[29,29,29]]
0  > 18
1 <  21
1  > 18
2 <  16
2  > 16
3 <  29
3  > 29
0 <  22
0  > 22
1 <  31
1  > 31
2 <  10
2  > 10
3 <  26
3  > 33
0 <  15
0  > 16
1 <  33
1  > 33
2 <  1
2  > 22
3 <  40
3 <  14
3  > 27
0 <  2
0  > 2
1 <  31
1  > 31
2 <  36
2 <  17
2  > 17
3 <  18
3  > 18
0 <  0
0  > 0
1 <  14
1  > 22
2 <  31
2  > 19
3 <  27
3  > 27
0 <  32
0  > 9
1 <  24
1  > 14
2 <  23
2  > 19
3 <  9
3  > 9
0 <  2
0  > 2
1 <  32
1  > 32
2 <  17
2  > 17
3 <  9
3  > 9
0 <  24
0  > 17
1 <  27
1  > 27
2 <  11
2  > 11
3 <  19
3  > 19
0 <  23
0  > 11
1 <  11 (6)
1 has [1,1,1,12,12,20,20,21,22,23,24], [[9,10,11]]
1  > 1
2 <  28
2  > 23
3 <  26
3  > 26
0 <  21
0  > 11
1 <  4
1  > 4
2 <  4 (8)
2 has [0,1,2,3,7,24,26,28,28,31,33], [[4,4,4]]
2  > 26
3 <  2
3  > 2
0 <  3
0  > 3
1 <  21
1  > 24
2 <  5
2  > 24
3 <  24 (4)
3 has [13,14,15,18,19,24,25,26], [[14,15,16],[24,25,26]]
3  > 18
0 <  6
0  > 6
1 <  35
1 <  41
1 <  12
1  > 23
2 <  3
2  > 31
3 <  0
3  > 19
1 <  19 (32)
1 has [1,1,12,12,12,20,21,22], [[9,10,11],[19,20,21]!]
Player 1 wins hand 4! (hand took 231ms)
0: -22, hand: 13,13,13,15,21,23,24,25,25,32, [[29,29,29]], (38)
1: 88, hand: 1,1,12,12,12,20,21,22, [[9,10,11],[19,20,21]!], (35,41)
2: -10, hand: 0,1,2,3,3,5,7,28,28,33, [[4,4,4]], (34,39,36)
3: -56, hand: 0,13,14,15,24,25,26, [[14,15,16],[24,25,26]], (37,40)

Starting hand 5.
this.hand=5; this.draws=0; config.PRNG.seed(87223413); this.wind=0; this.windOfTheRound=1;
wall: 24,16,11,24,9,7,40,12,34,33,13,2,11,30,3,1,28,9,23,14,10,31,37,21,22,18,22,32,31,13,5,17,20,22,29,25,10,28,24,4,0,19,9,18,30,10,25,1,5,4,5,3,16,23,19,8,15,1,6,13,6,15,25,39,22,21,2,7,8,6,29,31,9,20,28,0,21,41,38,7,10,30,8,15,27,3,21,20,23,30,33,14,33,17,23,2,14,12,27,32,17,26,26,35,7,26,0,24,15,29,5,29,16,27,17,19,20,28,3,32,8,1,2,0,14,6,4,11,25,26,18,4,36,16,31,12,18,19,33,27,32,11,13,12
initial deal
tiles for 0: 2,3,7,9,11,11,12,13,16,24,24,30,33
tiles for 1: 1,9,10,14,18,21,22,22,23,28,31,31,32
tiles for 2: 0,4,5,10,13,17,19,20,22,24,25,28,29
tiles for 3: 1,3,4,5,5,9,10,16,18,19,23,25,30
prepare play
tiles for 0: 2,3,7,9,11,11,12,13,16,24,24,30,33 []
tiles for 1: 1,9,10,14,18,21,22,22,23,28,31,31,32 []
tiles for 2: 0,4,5,10,13,17,19,20,22,24,25,28,29 []
tiles for 3: 1,3,4,5,5,9,10,16,18,19,23,25,30 []
0 <  8
0  > 30
1 <  15
1  > 1
2 <  1
2  > 13
3 <  6
3  > 30
0 <  13
0  > 7
1 <  6
1  > 6
2 <  6 (6)
2 has [0,1,10,17,19,20,22,24,25,28,29], [[4,5,6]]
2  > 10
3 <  15
3  > 23
0 <  25
0  > 2
1 <  39
1 <  22
1  > 18
2 <  21
2  > 17
3 <  17 (6)
3 has [1,3,4,5,5,6,9,10,18,19,25], [[15,16,17]]
3  > 25
0 <  2
0  > 8
1 <  7
1  > 7
2 <  8
2  > 8
3 <  6
3  > 1
0 <  29
0  > 29
1 <  31
1  > 32
2 <  9
2  > 9
3 <  20
3  > 10
0 <  28
0  > 2
1 <  0
1  > 0
2 <  21
2  > 19
3 <  41
3 <  38
3 <  7
3  > 9
0 <  10
0  > 3
1 <  30
1  > 28
2 <  8
2  > 8
3 <  15
3  > 15
0 <  27
0  > 12
1 <  3
1  > 3
2 <  21
2  > 21
3 <  20
3  > 20
0 <  23
0  > 13
1 <  13 (4)
1 has [9,10,21,22,22,22,23,30,31,31,31], [[13,14,15]]
1  > 31
2 <  30
2  > 30
3 <  33
3  > 33
0 <  14
0  > 10
1 <  33
1  > 30
2 <  17
2  > 17
3 <  23
3  > 23
0 <  23 (4)
0 has [9,11,11,13,14,16,23,24,27,28,33], [[23,24,25]]
0  > 16
1 <  2
1  > 2
2 <  2 (6)
2 has [20,21,21,22,24,25,28,29], [[4,5,6],[0,1,2]]
2  > 25
3 <  14
3  > 14
0 <  12
0  > 14
1 <  27
1  > 27
2 <  32
2  > 22
3 <  17
3  > 17
0 <  26
0  > 12
1 <  26
1  > 22
2 <  35
2 <  7
2  > 7
3 <  26
3  > 26
0 <  0
0  > 0
1 <  24
1  > 33
2 <  15
2  > 15
3 <  29
3  > 29
0 <  5
0  > 5
1 <  29
1  > 29
2 <  16
2  > 29
3 <  27
3  > 27
0 <  17
0  > 17
1 <  19
1  > 22
2 <  22 (6)
2 has [16,21,24,28,32], [[4,5,6],[0,1,2],[20,21,22]]
2  > 16
3 <  20
3  > 20
0 <  28
0  > 33
1 <  3
1  > 3
3 <  3 (32)
3 has [4,5,5,6,6,7,18,19,20], [[15,16,17],[3,3]!]
Player 3 wins hand 5! (hand took 254ms)
0: -68, hand: 9,11,11,13,23,24,26,27,28,28, [[23,24,25]], (40,34)
1: -34, hand: 9,10,19,21,22,23,24,26,31,31, [[13,14,15]], (37,39)
2: -58, hand: 21,24,28,32, [[4,5,6],[0,1,2],[20,21,22]], (35)
3: 160, hand: 4,5,5,6,6,7,18,19,20, [[15,16,17],[3,3]!], (41,38)

Starting hand 6.
this.hand=6; this.draws=0; config.PRNG.seed(1661911536); this.wind=1; this.windOfTheRound=1;
wall: 3,8,20,32,22,28,21,14,30,20,27,4,2,8,1,32,11,32,10,21,9,5,27,15,5,18,24,7,19,20,25,26,17,27,28,31,13,10,18,26,15,17,24,25,9,19,7,38,1,0,17,15,4,29,14,25,6,40,7,16,31,35,11,2,21,3,12,30,25,19,41,33,10,15,0,13,24,1,16,16,39,30,9,5,22,12,30,9,16,31,13,13,0,23,28,37,0,12,6,11,26,5,29,28,20,32,21,31,23,23,2,18,6,10,4,8,6,14,14,8,12,33,1,19,29,33,18,4,23,34,26,24,33,3,29,27,36,3,22,11,7,17,22,2
initial deal
tiles for 0: 2,3,4,8,14,20,20,21,22,27,28,30,32
tiles for 1: 1,5,5,8,9,10,11,15,18,21,27,32,32
tiles for 2: 7,10,13,17,18,19,20,24,25,26,27,28,31
tiles for 3: 0,1,4,7,9,15,15,17,17,19,24,25,26
prepare play
tiles for 0: 2,3,4,8,14,20,20,21,22,27,28,30,32 []
tiles for 1: 1,5,5,8,9,10,11,15,18,21,27,32,32 []
tiles for 2: 7,10,13,17,18,19,20,24,25,26,27,28,31 []
tiles for 3: 0,1,4,7,9,15,15,17,17,19,24,25,26 []
1 <  29
1  > 29
2 <  14
2  > 27
3 <  25
3  > 9
0 <  6
0  > 27
1 <  40
1 <  7
1  > 1
2 <  16
2  > 7
3 <  31
3  > 19
0 <  35
0 <  11
0  > 30
1 <  2
1  > 15
2 <  21
2  > 10
3 <  3
3  > 7
0 <  12
0  > 11
1 <  30
1  > 30
2 <  25
2  > 17
3 <  19
3  > 19
0 <  41
0 <  33
0  > 12
1 <  12 (6)
1 has [2,5,5,7,8,9,18,21,27,32,32], [[10,11,12]]
1  > 9
2 <  10
2  > 14
3 <  15
3  > 31
0 <  0
0  > 14
1 <  13
1  > 13
2 <  24
2  > 13
3 <  1
3  > 4
0 <  16
0  > 16
1 <  16
1  > 16
2 <  39
2 <  30
2  > 10
3 <  9
3  > 9
0 <  5
0  > 6
1 <  6 (5)
1 has [2,5,8,18,21,27,32,32], [[10,11,12],[5,6,7]]
1  > 21
2 <  22
2  > 16
3 <  16 (5)
3 has [0,1,1,3,15,15,17,24,25,25,26], [[15,16,17]]
3  > 15
0 <  12
0  > 12
1 <  30
1  > 30
2 <  9
2  > 30
3 <  16
3  > 3
0 <  31
0  > 8
1 <  13
1  > 13
2 <  13
2  > 9
3 <  0
3  > 1
0 <  23
0  > 4
1 <  28
1  > 18
2 <  37
2 <  0
2  > 0
3 <  12
3  > 12
0 <  6
0  > 3
1 <  11
1  > 5
2 <  26
2  > 13
3 <  5
3  > 5
0 <  29
0  > 29
1 <  28
1  > 2
2 <  20
2  > 25
3 <  32
3  > 32
1 <  32 (8)
1 has [8,11,27,28,28], [[10,11,12],[5,6,7],[32,32,32]]
1  > 11
2 <  21
2  > 25
3 <  31
3  > 31
0 <  23
0  > 32
1 <  23
1  > 8
2 <  2
2  > 2
3 <  2 (6)
3 has [0,15,16,17,24,25,25,26], [[15,16,17],[0,1,2]]
3  > 0
0 <  18
0  > 6
1 <  6
1  > 6
2 <  10
2  > 10
3 <  4
3  > 4
0 <  8
0  > 8
1 <  6
1  > 6
2 <  14
2  > 14
3 <  14
3  > 14
0 <  8
0  > 5
1 <  12
1  > 12
2 <  33
2  > 33
3 <  1
3  > 1
0 <  1 (5)
0 has [8,18,20,20,21,22,23,23,28,31,33], [[0,1,2]]
0  > 8
1 <  19
1  > 19
2 <  19 (4)
2 has [18,19,20,21,22,24,24,26,26,28,31], [[19,20,21]]
2  > 28
1 <  28 (8)
1 has [23,27], [[10,11,12],[5,6,7],[32,32,32],[28,28,28]]
1  > 23
0 <  23 (8)
0 has [18,20,20,21,22,28,31,33], [[0,1,2],[23,23,23]]
0  > 28
1 <  29
1  > 29
2 <  33
2  > 33
3 <  18
3  > 18
0 <  4
0  > 4
Hand was a draw.

Restarting hand 6.
this.hand=6; this.draws=1; config.PRNG.seed(573164687); this.wind=1; this.windOfTheRound=1;
wall: 12,24,40,10,23,3,1,35,16,19,29,12,5,28,11,6,24,0,29,18,22,33,20,4,33,21,13,15,21,16,20,15,37,15,39,31,32,23,19,11,7,33,21,14,36,9,33,25,31,28,26,10,14,6,19,18,11,2,41,9,1,4,30,17,1,2,17,0,23,17,30,3,7,11,10,26,29,10,0,32,4,31,5,27,4,9,6,7,22,27,9,28,6,27,8,14,24,2,8,7,38,12,0,18,13,26,16,3,30,20,31,13,2,20,27,29,16,17,25,21,25,19,3,32,5,15,1,32,34,23,28,12,8,5,8,24,13,14,22,25,18,22,26,30
initial deal
tiles for 0: 1,3,5,10,11,12,12,16,19,23,24,28,29
tiles for 1: 0,4,6,13,15,18,20,21,22,24,29,33,33
tiles for 2: 7,11,15,15,16,19,20,21,21,23,31,32,33
tiles for 3: 6,9,10,11,14,14,18,19,25,26,28,31,33
prepare play
tiles for 0: 1,3,5,10,11,12,12,16,19,23,24,28,29 []
tiles for 1: 0,4,6,13,15,18,20,21,22,24,29,33,33 []
tiles for 2: 7,11,15,15,16,19,20,21,21,23,31,32,33 []
tiles for 3: 6,9,10,11,14,14,18,19,25,26,28,31,33 []
1 <  2
1  > 29
2 <  41
2 <  9
2  > 7
3 <  1
3  > 1
0 <  4
0  > 29
1 <  30
1  > 30
2 <  17
2  > 23
3 <  1
3  > 1
0 <  2
0  > 10
1 <  17
1  > 13
2 <  0
2  > 0
3 <  23
3  > 6
0 <  17
0  > 1
1 <  1 (5)
1 has [4,6,15,17,18,20,21,22,24,33,33], [[0,1,2]]
1  > 24
2 <  30
2  > 21
3 <  3
3  > 3
0 <  7
0  > 5
1 <  5 (5)
1 has [15,17,18,20,21,22,33,33], [[0,1,2],[4,5,6]]
1  > 18
2 <  11
2  > 19
3 <  10
3  > 28
0 <  26
0  > 3
1 <  29
1  > 29
2 <  10
2  > 21
3 <  0
3  > 0
0 <  32
0  > 2
1 <  4
1  > 4
2 <  31
2  > 20
3 <  20 (6)
3 has [9,10,10,11,14,14,23,25,26,31,33], [[18,19,20]]
3  > 33
0 <  5
0  > 5
1 <  27
1  > 27
2 <  4
2  > 4
3 <  9
3  > 31
2 <  31 (8)
2 has [9,10,11,11,15,15,16,17,30,32,33], [[31,31,31]]
2  > 16
3 <  6
3  > 6
0 <  7
0  > 4
1 <  22
1  > 22
2 <  27
2  > 27
3 <  9
3  > 9
0 <  28
0  > 7
1 <  6
1  > 6
2 <  27
2  > 27
3 <  8
3  > 8
0 <  14
0  > 7
1 <  24
1  > 24
2 <  2
2  > 2
3 <  8
3  > 8
0 <  7
0  > 7
1 <  38
1 <  12
1  > 12
0 <  12 (8)
0 has [11,14,16,17,19,23,24,26,28,28,32], [[12,12,12]]
0  > 11
2 <  11 (8)
2 has [9,10,15,15,17,30,32,33], [[31,31,31],[11,11,11]]
2  > 33
3 <  0
3  > 0
0 <  18
0  > 32
1 <  13
1  > 13
2 <  26
2  > 26
3 <  16
3  > 16
1 <  16 (32)
1 has [20,21,22,33,33], [[0,1,2],[4,5,6],[15,16,17]!]
Player 1 wins hand 6! (hand took 205ms)
0: -116, hand: 14,16,17,18,19,23,24,26,28,28, [[12,12,12]], (40,35)
1: 192, hand: 20,21,22,33,33, [[0,1,2],[4,5,6],[15,16,17]!], (38)
2: 64, hand: 9,10,15,15,17,30,32, [[31,31,31],[11,11,11]], (37,39,41)
3: -140, hand: 9,9,10,10,11,14,14,23,25,26, [[18,19,20]], (36)

Starting hand 7.
this.hand=7; this.draws=0; config.PRNG.seed(873334214); this.wind=1; this.windOfTheRound=1;
wall: 5,16,22,33,9,26,31,29,26,18,23,6,22,38,2,0,13,24,40,35,15,32,30,8,33,10,14,34,11,24,39,21,25,1,16,18,21,28,19,11,37,23,14,1,17,28,11,32,32,24,13,1,23,6,8,3,5,0,5,20,12,30,1,20,25,22,8,31,4,20,13,19,2,2,27,6,16,12,19,3,31,3,27,9,18,9,13,8,24,7,15,21,0,3,41,14,9,17,29,15,21,30,28,20,19,28,27,16,30,33,14,17,26,25,25,18,29,36,4,32,12,0,27,7,29,10,31,10,5,17,33,12,7,4,7,15,2,11,26,6,4,22,23,10
initial deal
tiles for 0: 5,6,9,16,18,22,22,23,26,26,29,31,33
tiles for 1: 0,2,8,10,11,13,14,15,24,24,30,32,33
tiles for 2: 1,1,11,14,16,17,18,19,21,21,23,25,28
tiles for 3: 0,1,3,5,6,8,11,13,23,24,28,32,32
prepare play
tiles for 0: 5,6,9,16,18,22,22,23,26,26,29,31,33 []
tiles for 1: 0,2,8,10,11,13,14,15,24,24,30,32,33 []
tiles for 2: 1,1,11,14,16,17,18,19,21,21,23,25,28 []
tiles for 3: 0,1,3,5,6,8,11,13,23,24,28,32,32 []
1 <  5
1  > 30
2 <  20
2  > 11
3 <  12
3  > 28
0 <  30
0  > 29
1 <  1
1  > 5
2 <  20
2  > 17
3 <  25
3  > 3
0 <  22
0  > 30
1 <  8
1  > 33
2 <  31
2  > 16
3 <  4
3  > 8
0 <  20
0  > 5
1 <  13
1  > 32
2 <  19
2  > 14
3 <  2
Player 3 wins hand 7! (hand took 58ms)
0: -60, hand: 6,9,16,18,20,22,22,22,23,26,26,31,33, [], ()
1: 20, hand: 0,1,2,8,8,10,11,13,13,14,15,24,24, [], (38,40,35,34)
2: -72, hand: 1,1,18,19,19,20,20,21,21,23,25,28,31, [], (39,37)
3: 112, hand: 0,1,2,4,5,6,11,12,13,23,24,25,32,32, [], ()

Starting hand 8.
this.hand=8; this.draws=0; config.PRNG.seed(1031818062); this.wind=2; this.windOfTheRound=1;
wall: 22,24,26,3,25,8,4,8,41,32,18,23,1,11,30,31,13,16,0,38,10,15,28,15,14,17,17,24,27,5,19,29,12,15,26,12,7,2,11,0,31,23,4,32,25,27,8,22,31,19,9,32,27,33,3,21,13,34,33,8,13,9,26,6,29,12,29,10,23,24,30,1,32,0,18,2,29,3,7,16,6,30,14,27,20,1,17,0,9,4,14,20,37,5,24,25,9,2,33,11,11,21,18,26,18,5,6,7,20,2,28,23,10,31,17,21,5,25,33,12,6,30,19,4,14,21,35,19,13,10,16,22,36,39,28,40,3,16,28,1,15,20,7,22
initial deal
tiles for 0: 1,3,4,8,8,11,18,22,23,24,25,26,32
tiles for 1: 0,10,13,14,15,15,16,17,17,24,28,30,31
tiles for 2: 0,2,5,7,11,12,12,15,19,26,27,29,31
tiles for 3: 4,8,9,19,22,23,25,27,27,31,32,32,33
prepare play
tiles for 0: 1,3,4,8,8,11,18,22,23,24,25,26,32 []
tiles for 1: 0,10,13,14,15,15,16,17,17,24,28,30,31 []
tiles for 2: 0,2,5,7,11,12,12,15,19,26,27,29,31 []
tiles for 3: 4,8,9,19,22,23,25,27,27,31,32,32,33 []
2 <  3
2  > 29
3 <  21
3  > 9
0 <  13
0  > 13
1 <  34
1 <  33
1  > 30
2 <  8
2  > 19
3 <  13
3  > 13
0 <  9
0  > 11
1 <  26
1  > 0
2 <  6
2  > 26
3 <  29
3  > 29
0 <  12
0  > 12
1 <  29
1  > 29
2 <  10
2  > 10
3 <  23
3  > 4
0 <  24
0  > 9
1 <  30
1  > 30
2 <  1
2  > 15
3 <  32
3  > 8
0 <  0
0  > 18
1 <  18
1  > 24
2 <  2
2  > 12
3 <  29
3  > 29
0 <  3
0  > 0
1 <  7
1  > 7
2 <  16
2  > 11
3 <  6
3  > 6
0 <  30
0  > 30
1 <  14
1  > 26
2 <  27
2  > 12
3 <  20
3  > 33
0 <  1
0  > 1
1 <  17
1  > 18
2 <  0
2  > 16
3 <  9
3  > 9
0 <  4
0  > 8
1 <  14
1  > 10
2 <  20
2  > 20
3 <  37
3 <  5
3  > 5
0 <  24
0  > 1
1 <  25
1  > 25
2 <  9
2  > 9
3 <  2
3  > 2
0 <  33
0  > 4
1 <  11
1  > 31
2 <  11
2  > 11
3 <  21
3  > 31
0 <  18
0  > 8
1 <  26
1  > 26
2 <  18
2  > 18
3 <  5
3  > 5
0 <  6
0  > 18
1 <  7
1  > 7
2 <  20
2  > 20
3 <  2
3  > 2
0 <  28
0  > 6
1 <  23
1  > 23
2 <  10
2  > 10
3 <  31
3  > 31
0 <  17
0  > 17
1 <  17 (16)
1 has [11,13,14,14,14,15,15,16,28,33], [[17,17,17,17]]
1 <  21
1  > 21
2 <  5
2  > 31
3 <  25
3  > 25
0 <  25 (5)
0 has [3,3,4,22,23,24,24,25,28,32,33], [[24,25,26]]
0  > 32
3 <  32 (16)
3 has [19,20,21,21,22,23,23,25,27,27], [[32,32,32,32]]
3 <  33
3  > 33
0 <  12
0  > 12
1 <  12 (5)
1 has [14,14,14,15,15,16,28,33], [[17,17,17,17],[11,12,13]]
1  > 33
2 <  6
2  > 0
3 <  30
3  > 30
0 <  19
0  > 33
1 <  4
1  > 4
2 <  4 (6)
2 has [0,1,2,5,5,6,6,7,8,27,27], [[2,3,4]]
2  > 5
3 <  14
3  > 14
1 <  14 (16)
1 has [15,15,16,28], [[17,17,17,17],[11,12,13],[14,14,14,14]]
1 <  21
1  > 16
2 <  35
2 <  19
2  > 19
Hand was a draw.

Restarting hand 8.
this.hand=8; this.draws=1; config.PRNG.seed(252050265); this.wind=2; this.windOfTheRound=1;
wall: 23,17,32,7,20,33,39,10,14,16,2,31,31,20,6,12,17,24,23,29,4,21,29,7,40,3,13,5,23,25,13,25,18,8,9,30,0,31,25,11,14,1,7,20,27,8,15,0,26,0,27,37,2,34,5,41,15,23,32,12,24,14,4,22,9,19,12,30,24,31,26,32,28,32,35,9,2,25,16,19,19,22,16,18,26,18,28,3,10,21,17,33,11,27,20,1,2,28,14,30,30,3,13,4,36,10,11,11,10,24,4,22,16,33,6,5,29,22,6,15,33,21,27,7,29,9,13,18,21,3,28,15,17,1,26,38,8,12,8,0,1,19,6,5
initial deal
tiles for 0: 2,7,10,14,16,17,20,20,23,31,31,32,33
tiles for 1: 3,4,5,6,7,12,13,17,21,23,24,29,29
tiles for 2: 0,8,9,11,13,14,18,23,25,25,25,30,31
tiles for 3: 0,0,1,2,5,7,8,15,15,20,26,27,27
prepare play
tiles for 0: 2,7,10,14,16,17,20,20,23,31,31,32,33 []
tiles for 1: 3,4,5,6,7,12,13,17,21,23,24,29,29 []
tiles for 2: 0,8,9,11,13,14,18,23,25,25,25,30,31 []
tiles for 3: 0,0,1,2,5,7,8,15,15,20,26,27,27 []
2 <  23
2  > 0
3 <  32
3  > 15
0 <  12
0  > 7
1 <  24
1  > 17
2 <  14
2  > 30
3 <  4
3  > 15
0 <  22
0  > 2
1 <  9
1  > 24
2 <  19
2  > 8
3 <  12
3  > 12
0 <  30
0  > 30
1 <  24
1  > 23
2 <  31
2  > 9
3 <  26
3  > 20
0 <  20 (8)
0 has [10,12,14,16,17,22,23,31,31,32,33], [[20,20,20]]
0  > 17
1 <  32
1  > 21
2 <  28
2  > 14
3 <  32
3  > 1
0 <  35
0 <  9
0  > 14
1 <  14 (6)
1 has [3,4,5,6,7,9,24,24,29,29,32], [[12,13,14]]
1  > 24
2 <  2
2  > 2
3 <  25
3  > 4
0 <  16
0  > 16
1 <  19
1  > 24
2 <  19
2  > 11
3 <  22
3  > 22
0 <  16
0  > 9
1 <  18
1  > 19
2 <  26
2  > 14
3 <  18
3  > 18
0 <  28
0  > 12
1 <  3
1  > 18
2 <  10
2  > 13
3 <  21
3  > 21
0 <  17
0  > 17
1 <  33
1  > 9
2 <  11
2  > 10
3 <  27
3  > 5
0 <  20
0  > 16
1 <  1
1  > 4
2 <  2
2  > 2
3 <  28
3  > 28
0 <  14
0  > 10
1 <  30
1  > 30
2 <  30
2  > 30
3 <  3
3  > 8
0 <  13
0  > 33
1 <  4
1  > 32
3 <  32 (8)
3 has [0,0,2,3,7,25,26,26,27,27,27], [[32,32,32]]
3  > 7
0 <  36
0 <  10
0  > 32
1 <  11
1  > 11
2 <  11
2  > 28
3 <  10
3  > 10
0 <  24
0  > 10
1 <  4
1  > 33
2 <  22
2  > 11
3 <  16
3  > 16
0 <  33
0  > 33
1 <  6
1  > 4
2 <  5
2  > 5
3 <  29
3  > 29
1 <  29 (8)
1 has [1,3,3,4,5,6,6,7], [[12,13,14],[29,29,29]]
1  > 1
2 <  22
2  > 11
3 <  6
3  > 6
0 <  15
0  > 28
1 <  33
1  > 33
2 <  21
2  > 26
3 <  26 (8)
3 has [0,0,2,3,25,27,27,27], [[32,32,32],[26,26,26]]
3  > 25
2 <  25 (16)
2 has [18,19,19,21,22,22,23,23,31,31], [[25,25,25,25]]
2 <  27
2  > 27
3 <  27 (16)
3 has [0,0,2,3], [[32,32,32],[26,26,26],[27,27,27,27]]
3 <  7
3  > 7
0 <  29
0  > 29
1 <  9
1  > 9
2 <  13
2  > 13
3 <  18
3  > 18
Hand was a draw.

Restarting hand 8.
this.hand=8; this.draws=2; config.PRNG.seed(465539538); this.wind=2; this.windOfTheRound=1;
wall: 1,17,19,7,14,28,27,27,33,35,38,22,9,15,21,3,25,6,28,18,28,30,28,24,5,29,5,15,22,20,17,0,25,8,33,40,18,19,16,39,25,6,12,16,2,17,16,25,30,18,4,20,0,27,2,16,0,29,12,7,24,11,29,3,1,1,31,36,9,26,13,15,10,6,23,7,37,20,9,13,0,5,8,12,9,20,32,11,31,10,34,26,19,24,13,17,3,7,31,24,6,5,32,18,11,32,21,8,14,4,11,41,29,10,13,22,23,26,21,26,33,30,14,14,2,12,21,23,15,10,4,22,1,33,32,23,30,27,4,19,2,31,8,3
initial deal
tiles for 0: 1,7,9,14,15,17,19,21,22,27,27,28,33
tiles for 1: 3,5,5,6,15,18,24,25,28,28,28,29,30
tiles for 2: 0,6,8,12,16,17,18,19,20,22,25,25,33
tiles for 3: 0,2,2,4,16,16,16,17,18,20,25,27,30
prepare play
tiles for 0: 1,7,9,14,15,17,19,21,22,27,27,28,33 []
tiles for 1: 3,5,5,6,15,18,24,25,28,28,28,29,30 []
tiles for 2: 0,6,8,12,16,17,18,19,20,22,25,25,33 []
tiles for 3: 0,2,2,4,16,16,16,17,18,20,25,27,30 []
2 <  0
2  > 16
3 <  29
3  > 29
0 <  12
0  > 7
1 <  7
1  > 30
2 <  24
2  > 17
3 <  11
3  > 27
0 <  27 (8)
0 has [1,9,12,14,15,17,19,21,22,28,33], [[27,27,27]]
0  > 1
1 <  29
1  > 25
2 <  3
2  > 12
3 <  1
3  > 25
0 <  1
0  > 1
1 <  31
1  > 18
2 <  36
2 <  9
2  > 9
3 <  26
3  > 26
0 <  13
0  > 12
1 <  15
1  > 24
2 <  10
2  > 10
3 <  6
3  > 16
0 <  23
0  > 15
1 <  15 (8)
1 has [3,5,5,6,7,28,28,28,29,29,31], [[15,15,15]]
1  > 7
2 <  7 (5)
2 has [0,0,3,18,19,20,22,24,25,25,33], [[6,7,8]]
2  > 3
3 <  7
3  > 11
0 <  37
0 <  20
0  > 14
1 <  9
1  > 6
2 <  13
2  > 13
3 <  0
3  > 30
0 <  5
0  > 5
1 <  5 (8)
1 has [3,9,28,28,28,29,29,31], [[15,15,15],[5,5,5]]
1  > 9
2 <  8
2  > 8
3 <  8 (6)
3 has [0,0,1,2,2,4,16,16,17,18,20], [[6,7,8]]
3  > 16
0 <  12
0  > 9
1 <  9
1  > 9
2 <  20
2  > 33
3 <  32
3  > 32
0 <  11
0  > 17
1 <  31
1  > 3
2 <  10
2  > 10
3 <  34
3 <  26
3  > 26
0 <  19
0  > 28
1 <  28 (16)
1 has [29,29,31,31], [[15,15,15],[5,5,5],[28,28,28,28]]
1 <  24
1  > 24
2 <  13
2  > 13
3 <  17
3  > 17
0 <  3
0  > 3
1 <  7
1  > 7
2 <  31
2  > 31
1 <  31 (32)
1 has [29,29], [[15,15,15],[5,5,5],[28,28,28,28],[31,31,31]!]
Player 1 wins hand 8! (hand took 184ms)
0: -528, hand: 11,12,13,19,19,20,21,22,23,33, [[27,27,27]], (35,38,37)
1: 2176, hand: 29,29, [[15,15,15],[5,5,5],[28,28,28,28],[31,31,31]!], ()
2: -1076, hand: 0,0,18,19,20,20,22,24,25,25, [[6,7,8]], (40,39,36)
3: -572, hand: 0,0,1,2,2,4,16,17,18,20, [[6,7,8]], (34)

Starting hand 9.
this.hand=9; this.draws=0; config.PRNG.seed(1783782796); this.wind=3; this.windOfTheRound=1;
wall: 10,5,8,0,18,19,6,9,16,12,8,32,0,39,19,29,22,18,9,13,14,10,8,9,18,26,37,31,26,14,4,15,17,36,25,21,1,12,3,13,12,3,1,31,28,4,33,26,1,19,41,7,20,33,7,8,6,28,30,11,27,16,25,11,30,5,31,30,2,17,2,21,22,29,11,28,2,31,12,27,21,27,15,7,9,23,24,20,24,33,2,14,18,32,40,25,5,6,32,10,13,23,4,10,29,7,29,17,35,28,16,13,23,0,38,11,17,3,14,15,22,34,20,22,24,15,21,0,19,30,24,32,25,20,33,5,16,6,26,3,27,4,23,1
initial deal
tiles for 0: 0,0,5,6,8,8,9,10,12,16,18,19,32
tiles for 1: 8,9,9,10,13,14,18,18,19,22,26,29,31
tiles for 2: 1,3,3,4,12,12,13,14,15,17,21,25,26
tiles for 3: 1,1,4,7,7,8,19,20,26,28,31,33,33
prepare play
tiles for 0: 0,0,5,6,8,8,9,10,12,16,18,19,32 []
tiles for 1: 8,9,9,10,13,14,18,18,19,22,26,29,31 []
tiles for 2: 1,3,3,4,12,12,13,14,15,17,21,25,26 []
tiles for 3: 1,1,4,7,7,8,19,20,26,28,31,33,33 []
3 <  6
3  > 26
0 <  28
0  > 12
1 <  12 (4)
1 has [8,9,9,10,18,18,19,22,26,29,31], [[12,13,14]]
1  > 8
2 <  30
2  > 30
3 <  11
3  > 11
0 <  27
0  > 27
1 <  16
1  > 26
2 <  25
2  > 25
3 <  11
3  > 11
0 <  30
0  > 10
1 <  5
1  > 5
2 <  5 (6)
2 has [1,3,12,12,13,14,15,17,21,25,26], [[3,4,5]]
2  > 21
3 <  21 (6)
3 has [1,1,4,6,7,7,8,28,31,33,33], [[19,20,21]]
3  > 8
0 <  31
0  > 16
1 <  30
1  > 30
2 <  2
2  > 26
3 <  17
3  > 17
0 <  2
0  > 9
1 <  21
1  > 16
2 <  22
2  > 22
3 <  29
3  > 29
0 <  11
0  > 11
1 <  11 (6)
1 has [9,18,18,19,21,22,29,31], [[12,13,14],[9,10,11]]
1  > 9
2 <  28
2  > 25
3 <  2
3  > 6
0 <  31
0  > 6
1 <  12
1  > 12
2 <  27
2  > 27
3 <  21
3  > 21
0 <  27
0  > 27
1 <  15
1  > 22
2 <  7
2  > 7
3 <  9
3  > 9
0 <  23
0  > 23
1 <  24
1  > 15
2 <  20
2  > 20
3 <  24
3  > 24
0 <  33
0  > 5
1 <  2
1  > 2
2 <  14
2  > 15
3 <  18
3  > 18
0 <  32
0  > 2
1 <  40
1 <  25
1  > 21
2 <  5
2  > 17
3 <  6
3  > 4
0 <  32
0  > 0
1 <  10
1  > 10
2 <  13
2  > 13
3 <  23
3  > 23
0 <  4
0  > 8
1 <  10
1  > 10
2 <  29
2  > 29
3 <  7
3  > 6
0 <  29
0  > 29
1 <  17
1  > 29
2 <  35
2 <  28
2  > 13
3 <  16
3  > 16
0 <  13
0  > 13
1 <  23
1  > 17
2 <  0
2  > 12
3 <  38
3 <  11
3  > 11
0 <  17
0  > 17
1 <  3
1  > 3
2 <  14
2  > 12
3 <  15
3  > 15
0 <  22
0  > 0
1 <  34
1 <  20
1  > 31
0 <  31 (8)
0 has [4,8,18,19,22,28,30,32,32,32,33], [[31,31,31]]
0  > 4
2 <  4 (32)
2 has [0,1,2,14,14,14,28,28], [[3,4,5],[3,4,5]!]
Player 2 wins hand 9! (hand took 233ms)
0: 42, hand: 8,18,19,22,28,30,32,32,32,33, [[31,31,31]], ()
1: -54, hand: 18,18,19,20,23,24,25, [[12,13,14],[9,10,11]], (39,37,40,34)
2: 96, hand: 0,1,2,14,14,14,28,28, [[3,4,5],[3,4,5]!], (36,35)
3: -84, hand: 1,1,2,7,7,7,28,31,33,33, [[19,20,21]], (41,38)

Starting hand 10.
this.hand=10; this.draws=0; config.PRNG.seed(117439109); this.wind=0; this.windOfTheRound=2;
wall: 17,24,12,18,27,5,14,32,22,26,4,33,21,20,7,33,21,16,19,13,22,22,21,31,23,19,11,3,9,15,31,17,30,26,19,6,32,31,2,39,9,20,5,2,30,9,29,28,30,13,3,15,11,12,7,33,38,24,10,18,12,28,24,13,1,2,8,7,5,26,10,8,1,23,32,24,14,20,23,29,18,0,28,22,3,9,41,6,16,4,0,34,37,1,21,10,28,20,25,33,15,23,1,14,25,7,12,17,27,8,16,32,3,0,13,27,0,15,19,26,14,27,6,10,31,16,2,30,11,6,11,5,4,18,29,4,29,25,40,8,17,25,36,35
initial deal
tiles for 0: 4,5,12,14,17,18,21,22,24,26,27,32,33
tiles for 1: 7,13,16,19,19,20,21,21,22,22,23,31,33
tiles for 2: 2,3,6,9,11,15,17,19,26,30,31,31,32
tiles for 3: 2,3,5,9,9,11,13,15,20,28,29,30,30
prepare play
tiles for 0: 4,5,12,14,17,18,21,22,24,26,27,32,33 []
tiles for 1: 7,13,16,19,19,20,21,21,22,22,23,31,33 []
tiles for 2: 2,3,6,9,11,15,17,19,26,30,31,31,32 []
tiles for 3: 2,3,5,9,9,11,13,15,20,28,29,30,30 []
0 <  12
0  > 4
1 <  7
1  > 7
2 <  33
2  > 30
3 <  30 (8)
3 has [2,3,5,9,9,11,13,15,20,28,29], [[30,30,30]]
3  > 5
0 <  38
0 <  24
0  > 5
1 <  10
1  > 7
2 <  18
2  > 26
3 <  12
3  > 3
0 <  28
0  > 28
1 <  24
1  > 13
2 <  13
2  > 18
3 <  1
3  > 1
0 <  2
0  > 2
1 <  8
1  > 8
2 <  7
2  > 19
3 <  5
3  > 2
0 <  26
0  > 12
1 <  10
1  > 16
2 <  8
2  > 11
3 <  1
3  > 1
0 <  23
0  > 12
1 <  32
1  > 20
2 <  24
2  > 24
3 <  14
3  > 5
0 <  20
0  > 14
1 <  23
1  > 21
2 <  29
2  > 9
3 <  18
3  > 13
0 <  0
0  > 17
1 <  28
1  > 28
2 <  22
2  > 22
3 <  3
3  > 3
0 <  9
0  > 0
1 <  41
1 <  6
1  > 6
2 <  6 (4)
2 has [2,3,6,13,15,17,29,31,31,32,33], [[6,7,8]]
2  > 15
3 <  16
3  > 15
0 <  4
0  > 4
1 <  0
1  > 0
2 <  34
2 <  37
2 <  1
2  > 17
3 <  21
3  > 12
0 <  10
0  > 9
1 <  28
1  > 28
2 <  20
2  > 13
3 <  25
3  > 28
0 <  33
0  > 10
1 <  15
1  > 15
2 <  23
2  > 23
3 <  1
3  > 1
0 <  14
0  > 14
1 <  25
1  > 19
2 <  7
2  > 20
3 <  12
3  > 25
0 <  25 (6)
0 has [18,20,21,22,24,26,26,27,32,33,33], [[23,24,25]]
0  > 32
1 <  17
1  > 17
2 <  27
2  > 27
3 <  8
3  > 8
0 <  16
0  > 16
1 <  32
1  > 19
2 <  3
2  > 33
0 <  33 (8)
0 has [18,20,21,22,24,26,26,27], [[23,24,25],[33,33,33]]
0  > 27
1 <  0
1  > 0
2 <  13
2  > 13
3 <  13 (6)
3 has [9,9,14,16,18,20,21,29], [[30,30,30],[11,12,13]]
3  > 29
0 <  27
0  > 27
1 <  0
1  > 0
2 <  15
2  > 15
3 <  15 (5)
3 has [9,9,18,20,21], [[30,30,30],[11,12,13],[14,15,16]]
3  > 9
0 <  19
0  > 24
1 <  24 (6)
1 has [10,10,21,22,23,24,25,31,32,32,33], [[22,23,24]]
1  > 33
2 <  26
2  > 26
3 <  14
3  > 9
0 <  27
0  > 27
1 <  6
1  > 6
2 <  10
2  > 10
1 <  10 (8)
1 has [21,22,23,24,25,31,32,32], [[22,23,24],[10,10,10]]
1  > 31
2 <  31 (8)
2 has [1,2,3,3,6,7,29,32], [[6,7,8],[31,31,31]]
2  > 32
3 <  31
3  > 31
0 <  16
0  > 16
1 <  2
1  > 2
2 <  30
2  > 30
Hand was a draw.

Restarting hand 10.
this.hand=10; this.draws=1; config.PRNG.seed(2050009027); this.wind=0; this.windOfTheRound=2;
wall: 18,12,17,30,39,6,28,31,37,22,2,3,24,25,27,32,15,31,19,8,6,17,9,0,24,20,29,21,8,2,36,0,23,10,1,5,41,12,26,25,0,28,5,4,2,24,21,14,18,8,10,4,24,27,26,29,35,12,9,21,13,4,3,9,7,16,10,11,23,27,30,11,12,13,15,32,14,1,27,30,1,23,19,16,6,7,3,14,4,25,20,31,10,30,33,26,31,7,13,29,26,20,14,13,19,8,28,18,11,7,38,32,17,29,3,22,23,34,25,5,32,15,0,1,5,33,9,21,2,19,15,22,11,33,28,6,22,16,20,40,33,16,18,17
initial deal
tiles for 0: 2,3,6,12,17,18,22,24,25,27,28,30,31
tiles for 1: 0,6,8,9,15,17,19,20,21,24,29,31,32
tiles for 2: 0,0,1,2,5,5,8,10,12,23,25,26,28
tiles for 3: 2,4,4,8,10,14,18,21,24,24,26,27,29
prepare play
tiles for 0: 2,3,6,12,17,18,22,24,25,27,28,30,31 []
tiles for 1: 0,6,8,9,15,17,19,20,21,24,29,31,32 []
tiles for 2: 0,0,1,2,5,5,8,10,12,23,25,26,28 []
tiles for 3: 2,4,4,8,10,14,18,21,24,24,26,27,29 []
0 <  35
0 <  12
0  > 28
1 <  9
1  > 8
2 <  21
2  > 28
3 <  13
3  > 27
0 <  4
0  > 30
1 <  3
1  > 6
2 <  9
2  > 10
3 <  7
3  > 13
0 <  16
0  > 2
1 <  10
1  > 3
2 <  3 (6)
2 has [0,0,5,5,8,9,12,21,23,25,26], [[1,2,3]]
2  > 9
3 <  11
3  > 10
0 <  23
0  > 4
1 <  27
1  > 27
2 <  30
2  > 30
3 <  11
3  > 14
0 <  12
0  > 6
1 <  13
1  > 0
2 <  15
2  > 12
3 <  32
3  > 11
0 <  14
0  > 3
1 <  1
1  > 1
2 <  27
2  > 27
3 <  30
3  > 30
0 <  1
0  > 27
1 <  23
1  > 23
2 <  19
2  > 15
3 <  16
3  > 16
0 <  6
0  > 1
1 <  7
1  > 7
2 <  3
2  > 26
3 <  14
3  > 14
0 <  4
0  > 6
1 <  25
1  > 24
3 <  24 (8)
3 has [2,4,4,7,8,11,18,21,26,29,32], [[24,24,24]]
3  > 11
0 <  20
0  > 4
1 <  31
1  > 25
2 <  10
2  > 10
3 <  30
3  > 30
0 <  33
0  > 17
1 <  26
1  > 20
2 <  31
2  > 8
3 <  7
3  > 18
0 <  13
0  > 33
1 <  29
1  > 26
2 <  26
2  > 31
1 <  31 (8)
1 has [9,9,10,13,15,17,19,21,29,29,32], [[31,31,31]]
1  > 32
2 <  20
2  > 3
3 <  3 (5)
3 has [4,7,7,8,21,26,29,32], [[24,24,24],[2,3,4]]
3  > 21
0 <  21 (5)
0 has [12,12,12,13,14,16,18,23,24,25,31], [[20,21,22]]
0  > 31
1 <  14
1  > 21
2 <  13
2  > 13
3 <  19
3  > 19
0 <  8
0  > 18
1 <  28
1  > 28
2 <  18
2  > 23
3 <  11
3  > 4
0 <  7
0  > 16
1 <  16 (6)
1 has [9,9,10,13,17,19,29,29], [[31,31,31],[14,15,16]]
1  > 19
2 <  19 (4)
2 has [0,0,5,5,18,19,25,26], [[1,2,3],[19,20,21]]
2  > 18
3 <  38
3 <  32
3  > 26
0 <  17
0  > 17
1 <  29
1  > 17
2 <  3
2  > 19
3 <  22
3  > 22
0 <  23
0  > 23
1 <  34
1 <  25
1  > 25
2 <  5
2  > 3
3 <  32
3  > 11
0 <  15
0  > 15
1 <  0
1  > 0
2 <  1
2  > 1
3 <  5
3  > 29
1 <  29 (16)
1 has [9,9,10,13], [[31,31,31],[14,15,16],[29,29,29,29]]
1 <  33
1  > 13
2 <  9
2  > 9
1 <  9 (8)
1 has [10,33], [[31,31,31],[14,15,16],[29,29,29,29],[9,9,9]]
1  > 10
2 <  21
2  > 21
Hand was a draw.

Restarting hand 10.
this.hand=10; this.draws=2; config.PRNG.seed(1012776551); this.wind=0; this.windOfTheRound=2;
wall: 18,24,18,3,27,10,22,12,1,25,15,20,1,23,17,25,28,3,20,10,8,35,38,7,32,40,21,3,16,14,0,9,31,2,10,33,11,13,31,24,8,8,33,32,9,17,9,14,17,0,7,5,19,18,25,20,23,27,16,5,32,30,4,12,11,13,12,26,29,4,15,6,5,19,22,1,28,23,41,5,2,2,8,9,16,13,31,26,22,29,30,23,6,30,29,28,14,6,14,10,26,27,2,36,7,0,4,32,18,33,1,17,15,12,25,24,11,6,11,19,30,21,29,0,21,16,24,26,22,28,15,3,27,7,39,33,20,4,19,21,37,13,31,34
initial deal
tiles for 0: 1,1,3,10,12,15,18,18,20,22,24,25,27
tiles for 1: 3,3,7,8,10,16,17,20,21,23,25,28,32
tiles for 2: 0,2,8,8,9,10,11,13,14,24,31,31,33
tiles for 3: 0,5,7,9,9,14,17,17,18,19,25,32,33
prepare play
tiles for 0: 1,1,3,10,12,15,18,18,20,22,24,25,27 []
tiles for 1: 3,3,7,8,10,16,17,20,21,23,25,28,32 []
tiles for 2: 0,2,8,8,9,10,11,13,14,24,31,31,33 []
tiles for 3: 0,5,7,9,9,14,17,17,18,19,25,32,33 []
0 <  20
0  > 15
1 <  15 (4)
1 has [3,3,7,8,10,20,21,23,25,28,32], [[15,16,17]]
1  > 28
2 <  23
2  > 24
3 <  27
3  > 27
0 <  16
0  > 10
1 <  5
1  > 21
2 <  32
2  > 23
3 <  30
3  > 30
0 <  4
0  > 12
1 <  12
1  > 23
2 <  11
2  > 13
3 <  13
3  > 25
0 <  12
0  > 12
1 <  26
1  > 20
2 <  29
2  > 11
3 <  4
3  > 7
0 <  15
0  > 15
1 <  6
1  > 25
2 <  5
2  > 9
3 <  19
3  > 5
0 <  22
0  > 16
1 <  1
1  > 26
2 <  28
2  > 28
3 <  23
3  > 0
0 <  41
0 <  5
0  > 3
1 <  2
1  > 32
2 <  2
2  > 5
3 <  8
3  > 23
0 <  23 (5)
0 has [1,1,4,5,18,18,20,20,22,25,27], [[22,23,24]]
0  > 25
1 <  9
1  > 12
2 <  12 (6)
2 has [0,2,2,8,8,14,29,31,31,32,33], [[10,11,12]]
2  > 14
3 <  16
3  > 8
2 <  8 (8)
2 has [0,2,2,29,31,31,32,33], [[10,11,12],[8,8,8]]
2  > 33
3 <  13
3  > 4
0 <  31
0  > 27
1 <  26
1  > 26
2 <  22
2  > 22
3 <  29
3  > 32
0 <  30
0  > 30
1 <  23
1  > 23
2 <  6
2  > 6
3 <  30
3  > 30
0 <  29
0  > 29
1 <  28
1  > 28
2 <  14
2  > 14
3 <  6
3  > 6
0 <  6 (6)
0 has [1,1,18,18,20,20,22,31], [[22,23,24],[4,5,6]]
0  > 31
2 <  31 (8)
2 has [0,2,2,29,32], [[10,11,12],[8,8,8],[31,31,31]]
2  > 32
3 <  14
3  > 33
0 <  10
0  > 10
1 <  26
1  > 26
2 <  27
2  > 27
3 <  2
3  > 2
2 <  2 (8)
2 has [0,29], [[10,11,12],[8,8,8],[31,31,31],[2,2,2]]
2  > 0
3 <  36
3 <  7
3  > 7
0 <  0
0  > 22
1 <  4
1  > 10
2 <  32
2  > 32
3 <  18
3  > 29
2 <  29 (32)
2 has [], [[10,11,12],[8,8,8],[31,31,31],[2,2,2],[29,29]!]
Player 2 wins hand 10! (hand took 229ms)
0: -112, hand: 0,1,1,18,18,20,20, [[22,23,24],[4,5,6]], (41)
1: -24, hand: 1,2,3,3,4,5,6,7,8,9, [[15,16,17]], (35,38,40)
2: 192, hand: , [[10,11,12],[8,8,8],[31,31,31],[2,2,2],[29,29]!], ()
3: -56, hand: 9,9,13,13,14,14,16,17,17,18,18,19,19, [], (36)

Starting hand 11.
this.hand=11; this.draws=0; config.PRNG.seed(1734726276); this.wind=1; this.windOfTheRound=2;
wall: 19,20,32,13,4,27,26,27,23,14,1,14,12,8,9,10,28,29,41,7,3,6,6,5,19,7,29,1,16,23,31,36,9,13,32,2,31,24,23,0,4,39,18,17,30,5,10,1,11,6,15,18,21,8,21,27,3,15,3,19,33,16,26,34,31,24,23,16,17,11,25,22,3,10,28,5,14,7,22,21,31,25,14,12,4,28,0,17,25,26,6,11,8,18,30,18,10,11,5,12,22,28,24,8,21,30,25,0,20,9,17,33,20,38,33,2,27,2,9,7,32,1,16,24,35,40,22,37,32,13,20,12,19,29,30,15,33,2,4,15,29,26,13,0
initial deal
tiles for 0: 1,4,12,13,14,14,19,20,23,26,27,27,32
tiles for 1: 3,5,6,6,7,7,8,9,10,19,28,29,29
tiles for 2: 0,1,2,4,9,13,16,23,23,24,31,31,32
tiles for 3: 1,5,6,8,10,11,15,17,18,18,21,21,30
prepare play
tiles for 0: 1,4,12,13,14,14,19,20,23,26,27,27,32 []
tiles for 1: 3,5,6,6,7,7,8,9,10,19,28,29,29 []
tiles for 2: 0,1,2,4,9,13,16,23,23,24,31,31,32 []
tiles for 3: 1,5,6,8,10,11,15,17,18,18,21,21,30 []
1 <  27
1  > 28
2 <  3
2  > 9
3 <  15
3  > 30
0 <  3
0  > 4
1 <  19
1  > 19
2 <  33
2  > 16
3 <  16
3  > 8
0 <  26
0  > 1
1 <  34
1 <  31
1  > 19
2 <  24
2  > 13
3 <  23
3  > 6
0 <  16
0  > 3
1 <  17
1  > 17
2 <  11
2  > 11
3 <  25
3  > 5
0 <  22
0  > 13
1 <  3
1  > 6
2 <  10
2  > 10
3 <  28
3  > 28
0 <  5
0  > 5
1 <  14
1  > 14
2 <  7
2  > 23
3 <  22
3  > 1
0 <  21
0  > 12
1 <  31
1  > 6
2 <  25
2  > 23
3 <  14
3  > 15
0 <  12
0  > 16
1 <  4
1  > 8
2 <  28
2  > 28
3 <  0
3  > 0
0 <  17
0  > 17
1 <  25
1  > 25
2 <  26
2  > 25
3 <  6
3  > 6
0 <  11
0  > 12
1 <  8
1  > 8
2 <  18
2  > 18
3 <  30
3  > 30
0 <  18
0  > 14
1 <  10
1  > 4
2 <  11
2  > 11
3 <  5
3  > 5
0 <  12
0  > 11
1 <  11 (6)
1 has [3,3,5,7,7,10,27,29,29,31,31], [[9,10,11]]
1  > 5
2 <  5 (6)
2 has [0,1,2,7,24,24,26,31,31,32,33], [[3,4,5]]
2  > 7
3 <  22
3  > 11
0 <  28
0  > 28
1 <  24
1  > 24
2 <  8
2  > 8
3 <  21
3  > 16
0 <  30
0  > 30
1 <  25
1  > 25
2 <  0
2  > 26
3 <  20
3  > 17
0 <  9
0  > 14
1 <  17
1  > 17
2 <  33
2  > 24
3 <  24 (6)
3 has [10,14,15,18,18,20,21,21,21,22,25], [[22,23,24]]
3  > 21
0 <  21 (4)
0 has [9,12,18,19,20,21,26,26,27,27,32], [[21,22,23]]
0  > 12
1 <  20
1  > 20
2 <  38
2 <  33
2  > 24
3 <  2
3  > 2
0 <  27
0  > 9
1 <  2
1  > 10
2 <  9
2  > 9
3 <  7
3  > 25
0 <  32
0  > 19
1 <  1
1  > 27
0 <  27 (16)
0 has [18,20,21,26,26,32,32], [[21,22,23],[27,27,27,27]]
0 <  16
0  > 16
1 <  24
1  > 24
2 <  35
2 <  40
2 <  22
2  > 22
3 <  37
3 <  32
3  > 10
Hand was a draw.

Restarting hand 11.
this.hand=11; this.draws=1; config.PRNG.seed(2000177278); this.wind=1; this.windOfTheRound=2;
wall: 18,6,17,27,4,10,24,7,39,18,33,32,14,31,28,22,25,20,30,33,41,25,11,20,12,7,23,5,1,13,18,12,2,17,7,36,27,16,27,34,6,37,14,21,28,6,17,2,0,0,29,15,14,15,23,26,20,13,24,10,3,3,4,15,38,19,1,29,23,5,30,40,11,25,29,27,22,26,12,7,4,26,3,9,16,33,3,30,14,11,23,0,8,18,31,15,28,28,1,26,33,22,17,32,5,10,19,8,9,31,31,32,2,21,1,10,6,9,2,20,25,35,19,21,13,9,24,13,19,8,21,12,16,22,11,30,4,32,24,5,29,0,16,8
initial deal
tiles for 0: 4,6,7,10,14,17,18,18,24,27,31,32,33
tiles for 1: 5,7,11,12,20,20,22,23,25,25,28,30,33
tiles for 2: 1,2,6,7,12,13,14,16,17,18,21,27,27
tiles for 3: 0,0,2,6,14,15,15,17,20,23,26,28,29
prepare play
tiles for 0: 4,6,7,10,14,17,18,18,24,27,31,32,33 []
tiles for 1: 5,7,11,12,20,20,22,23,25,25,28,30,33 []
tiles for 2: 1,2,6,7,12,13,14,16,17,18,21,27,27 []
tiles for 3: 0,0,2,6,14,15,15,17,20,23,26,28,29 []
1 <  13
1  > 30
2 <  24
2  > 21
3 <  10
3  > 28
0 <  3
0  > 27
1 <  3
1  > 28
2 <  4
2  > 24
3 <  15
3  > 6
0 <  38
0 <  19
0  > 17
1 <  1
1  > 5
2 <  5 (5)
2 has [1,2,7,12,13,14,16,17,18,27,27], [[4,5,6]]
2  > 18
3 <  29
3  > 2
0 <  23
0  > 10
1 <  5
1  > 7
2 <  30
2  > 7
3 <  40
3 <  11
3  > 0
0 <  25
0  > 14
1 <  14 (6)
1 has [1,3,5,11,20,20,22,23,25,25,33], [[12,13,14]]
1  > 11
2 <  29
2  > 12
3 <  27
3  > 27
0 <  22
0  > 3
1 <  26
1  > 1
2 <  12
2  > 17
3 <  7
3  > 7
0 <  4
0  > 6
1 <  26
1  > 5
2 <  3
2  > 14
3 <  9
3  > 0
0 <  16
0  > 16
1 <  33
1  > 3
2 <  3
2  > 12
3 <  30
3  > 30
0 <  14
0  > 14
1 <  11
1  > 11
2 <  23
2  > 23
3 <  0
3  > 0
0 <  8
0  > 4
1 <  18
1  > 22
2 <  31
2  > 13
3 <  15
3 locks [15,15,15,15]
3 <  28 (supplement)
3  > 28
0 <  28
0  > 28
1 <  1
1  > 1
2 <  1 (4)
2 has [1,3,16,27,27,29,30,31], [[4,5,6],[1,2,3]]
2  > 16
3 <  26
3  > 23
0 <  23 (4)
0 has [4,7,8,18,18,19,22,23,31,32,33], [[23,24,25]]
0  > 4
1 <  33
1  > 23
2 <  22
2  > 22
3 <  17
3  > 20
1 <  20 (8)
1 has [18,25,25,26,26,33,33,33], [[12,13,14],[20,20,20]]
1  > 18
0 <  18 (8)
0 has [7,8,19,22,23,31,32,33], [[23,24,25],[18,18,18]]
0  > 19
1 <  32
1  > 32
2 <  5
2  > 30
3 <  10
3  > 14
0 <  19
0  > 19
1 <  8
1  > 8
2 <  9
2  > 9
3 <  9 (4)
3 has [9,10,17,17,26,26,29,29], [[15,15,15,15],[9,10,11]]
3  > 17
0 <  31
0  > 33
1 <  33 (16)
1 has [25,25,26,26], [[12,13,14],[20,20,20],[33,33,33,33]]
1 <  31
1  > 31
0 <  31 (8)
0 has [7,8,22,23,32], [[23,24,25],[18,18,18],[31,31,31]]
0  > 32
1 <  32
1  > 32
2 <  2
2  > 31
3 <  21
3  > 17
0 <  1
0  > 1
1 <  10
1  > 10
2 <  6
2  > 29
3 <  29 (8)
3 has [9,10,21,26,26], [[15,15,15,15],[9,10,11],[29,29,29]]
3  > 21
0 <  21 (4)
0 has [7,8], [[23,24,25],[18,18,18],[31,31,31],[21,22,23]]
0  > 8
1 <  9
1  > 9
2 <  2
2  > 2
3 <  20
3  > 20
0 <  25
0  > 7
2 <  7 (32)
2 has [1,2,3,27,27], [[4,5,6],[1,2,3],[5,6,7]!]
Player 2 wins hand 11! (hand took 246ms)
0: -132, hand: 25, [[23,24,25],[18,18,18],[31,31,31],[21,22,23]], (39,38)
1: -204, hand: 25,25,26,26, [[12,13,14],[20,20,20],[33,33,33,33]], (41)
2: 352, hand: 1,2,3,27,27, [[4,5,6],[1,2,3],[5,6,7]!], (36,34,37)
3: -16, hand: 9,10,26,26, [[15,15,15,15],[9,10,11],[29,29,29]], (40)

Starting hand 12.
this.hand=12; this.draws=0; config.PRNG.seed(1345123905); this.wind=2; this.windOfTheRound=2;
wall: 28,0,23,1,20,6,24,31,9,23,6,0,7,12,9,10,17,8,23,13,33,33,13,19,5,37,39,17,21,14,13,9,3,3,41,0,26,26,7,29,4,19,5,21,33,2,12,17,26,22,12,4,8,11,28,25,13,5,21,11,31,16,1,28,16,2,23,27,33,4,20,29,27,2,22,4,8,9,14,18,7,19,11,25,22,30,31,15,16,32,3,29,26,7,27,5,6,30,35,24,17,36,1,31,21,25,30,24,14,3,18,32,22,2,18,14,25,19,27,16,38,0,34,12,28,6,15,20,30,10,11,40,15,15,10,18,1,32,8,10,29,32,24,20
initial deal
tiles for 0: 0,0,1,6,6,7,9,20,23,23,24,28,31
tiles for 1: 5,8,9,10,12,13,13,17,17,19,23,33,33
tiles for 2: 0,3,3,4,7,9,13,14,19,21,26,26,29
tiles for 3: 2,4,5,8,11,12,12,17,21,22,26,28,33
prepare play
tiles for 0: 0,0,1,6,6,7,9,20,23,23,24,28,31 []
tiles for 1: 5,8,9,10,12,13,13,17,17,19,23,33,33 []
tiles for 2: 0,3,3,4,7,9,13,14,19,21,26,26,29 []
tiles for 3: 2,4,5,8,11,12,12,17,21,22,26,28,33 []
2 <  25
2  > 14
3 <  13
3  > 28
0 <  5
0  > 28
1 <  21
1  > 5
2 <  5 (6)
2 has [0,3,7,9,13,19,21,25,26,26,29], [[3,4,5]]
2  > 13
3 <  11
3  > 4
0 <  31
0  > 9
1 <  16
1  > 8
2 <  1
2  > 9
3 <  28
3  > 28
0 <  16
0  > 16
1 <  2
1  > 2
2 <  2 (6)
2 has [3,7,19,21,25,26,26,29], [[3,4,5],[0,1,2]]
2  > 7
3 <  23
3  > 8
0 <  27
0  > 27
1 <  33
1  > 19
2 <  4
2  > 26
3 <  20
3  > 2
0 <  29
0  > 20
1 <  27
1  > 27
2 <  2
2  > 26
3 <  22
3  > 5
0 <  4
0  > 6
1 <  8
1  > 8
2 <  9
2  > 9
3 <  14
3  > 26
0 <  18
0  > 18
1 <  7
1  > 7
2 <  19
2  > 19
3 <  11
3  > 14
0 <  25
0  > 1
1 <  22
1  > 21
2 <  30
2  > 30
3 <  31
3  > 11
0 <  15
0  > 15
1 <  15 (4)
1 has [9,10,12,13,13,17,22,23,33,33,33], [[15,16,17]]
1  > 33
2 <  16
2  > 16
3 <  32
3  > 17
0 <  3
0  > 7
1 <  29
1  > 23
2 <  26
2  > 21
3 <  21 (4)
3 has [11,11,12,12,13,20,21,22,31,32,33], [[21,22,23]]
3  > 11
0 <  7
0  > 3
1 <  27
1  > 27
2 <  5
2  > 26
3 <  6
3  > 6
0 <  30
0  > 30
1 <  35
1 <  24
1  > 24
2 <  17
2  > 17
3 <  36
3 <  1
3  > 1
0 <  31
0  > 5
1 <  21
1  > 22
2 <  25
2  > 25
3 <  30
3  > 13
0 <  24
0  > 4
1 <  14
1  > 21
2 <  3
2  > 19
3 <  18
3  > 11
0 <  32
0  > 6
1 <  22
1  > 22
2 <  2
2  > 25
3 <  18
3  > 33
1 <  33 (8)
1 has [9,10,12,13,13,14,17,29], [[15,16,17],[33,33,33]]
1  > 17
2 <  14
2  > 14
3 <  25
3  > 25
0 <  25 (6)
0 has [0,0,7,23,24,25,29,31,31,31,32], [[23,24,25]]
0  > 7
1 <  19
1  > 19
2 <  27
2  > 27
3 <  16
3  > 16
0 <  38
0 <  0
0  > 32
1 <  34
1 <  12
1  > 29
0 <  29 (32)
0 has [0,0,0,23,24,25,31,31,31], [[23,24,25],[29,29]!]
Player 0 wins hand 12! (hand took 256ms)
0: 272, hand: 0,0,0,23,24,25,31,31,31, [[23,24,25],[29,29]!], (38)
1: 84, hand: 9,10,12,12,13,13,14, [[15,16,17],[33,33,33]], (37,39,35,34)
2: -212, hand: 2,2,3,3,4,5,29, [[3,4,5],[0,1,2]], (41)
3: -144, hand: 12,12,18,18,20,21,22,30,31,32, [[21,22,23]], (36)

Starting hand 13.
this.hand=13; this.draws=0; config.PRNG.seed(1191601959); this.wind=3; this.windOfTheRound=2;
wall: 30,4,23,32,11,19,19,5,33,21,13,0,6,20,7,9,18,5,9,25,2,27,26,17,17,21,40,2,12,37,31,32,20,4,25,22,14,20,6,33,5,23,1,4,0,33,28,8,18,27,24,12,38,22,20,29,26,10,11,11,10,0,5,24,32,3,27,4,32,31,8,19,3,14,22,16,16,24,23,3,29,30,34,15,18,15,7,25,14,6,39,13,3,26,29,13,30,13,7,1,25,36,11,15,10,29,2,1,2,18,28,7,1,8,28,12,15,26,19,30,12,6,10,31,31,14,8,41,9,9,16,24,21,16,27,33,0,28,23,21,22,17,17,35
initial deal
tiles for 0: 0,4,5,6,11,13,19,19,21,23,30,32,33
tiles for 1: 2,5,7,9,9,17,17,18,20,21,25,26,27
tiles for 2: 2,4,5,6,12,14,20,20,22,25,31,32,33
tiles for 3: 0,1,4,8,12,18,20,22,23,24,27,28,33
prepare play
tiles for 0: 0,4,5,6,11,13,19,19,21,23,30,32,33 []
tiles for 1: 2,5,7,9,9,17,17,18,20,21,25,26,27 []
tiles for 2: 2,4,5,6,12,14,20,20,22,25,31,32,33 []
tiles for 3: 0,1,4,8,12,18,20,22,23,24,27,28,33 []
3 <  29
3  > 28
0 <  26
0  > 13
1 <  10
1  > 27
2 <  11
2  > 12
3 <  11
3  > 12
0 <  10
0  > 11
1 <  11 (6)
1 has [2,5,7,9,17,17,18,20,21,25,26], [[9,10,11]]
1  > 7
2 <  7 (6)
2 has [2,4,11,14,20,20,22,25,31,32,33], [[5,6,7]]
2  > 14
3 <  0
3  > 11
0 <  5
0  > 10
1 <  24
1  > 5
2 <  32
2  > 11
3 <  3
3  > 4
0 <  27
0  > 27
1 <  4
1  > 2
2 <  32
2  > 32
3 <  31
3  > 3
0 <  8
0  > 26
1 <  19
1  > 4
2 <  3
2  > 25
3 <  25 (6)
3 has [0,0,1,8,18,20,22,27,29,31,33], [[23,24,25]]
3  > 8
0 <  14
0  > 14
1 <  22
1  > 9
2 <  16
2  > 16
3 <  16
3  > 16
0 <  24
0  > 8
1 <  23
1  > 18
2 <  3
2  > 20
3 <  29
3  > 0
0 <  30
0  > 4
1 <  34
1 <  15
1  > 15
2 <  18
2  > 20
3 <  15
3  > 15
0 <  7
0  > 0
1 <  25
1  > 25
2 <  14
2  > 14
3 <  6
3  > 0
0 <  39
0 <  13
0  > 13
1 <  3
1  > 3
2 <  26
2  > 22
3 <  29
3  > 29
0 <  13
0  > 13
1 <  30
1  > 30
0 <  30 (8)
0 has [5,5,6,7,19,19,21,23,24,32,33], [[30,30,30]]
0  > 6
1 <  13
1  > 13
2 <  7
2  > 26
3 <  1
3  > 1
0 <  25
0  > 7
1 <  36
1 <  11
1  > 11
2 <  15
2  > 15
3 <  10
3  > 10
0 <  29
0  > 5
1 <  2
1  > 2
2 <  2 (4)
2 has [2,3,7,18,31,32,32,33], [[5,6,7],[2,3,4]]
2  > 18
3 <  1
3  > 1
0 <  2
0  > 5
1 <  18
1  > 23
2 <  28
2  > 7
3 <  7
3  > 7
0 <  1
0  > 32
2 <  32 (8)
2 has [2,3,28,31,33], [[5,6,7],[2,3,4],[32,32,32]]
2  > 31
3 <  8
3  > 8
0 <  28
0  > 28
1 <  12
1  > 12
2 <  15
2  > 15
3 <  26
3  > 1
0 <  19
0  > 29
3 <  29 (8)
3 has [6,18,20,22,26,27,31,33], [[23,24,25],[29,29,29]]
3  > 6
0 <  30
0  > 30
1 <  12
1  > 12
2 <  6
2  > 6
3 <  10
3  > 10
0 <  31
0  > 33
1 <  31
1  > 31
2 <  14
2  > 14
3 <  8
3  > 8
0 <  41
0 <  9
0  > 9
Hand was a draw.

Restarting hand 13.
this.hand=13; this.draws=1; config.PRNG.seed(1752653308); this.wind=3; this.windOfTheRound=2;
wall: 29,5,1,32,6,33,0,33,13,4,3,2,30,24,3,14,24,8,21,31,25,23,27,18,10,16,0,29,30,26,27,17,9,37,39,32,7,21,15,9,8,23,38,7,5,29,19,6,19,6,1,9,4,9,30,20,1,12,2,5,22,32,36,27,31,3,41,17,23,22,10,2,19,16,34,0,15,32,26,25,28,3,22,13,15,25,24,5,16,18,21,10,13,28,17,14,19,33,20,27,1,8,40,4,13,8,11,31,11,7,11,35,2,12,26,15,20,10,30,28,33,4,28,20,21,25,14,14,18,18,26,12,22,16,24,23,12,31,11,29,17,7,0,6
initial deal
tiles for 0: 0,1,2,3,4,5,6,13,29,30,32,33,33
tiles for 1: 3,8,10,14,16,18,21,23,24,24,25,27,31
tiles for 2: 0,7,8,9,9,15,17,21,26,27,29,30,32
tiles for 3: 1,4,5,6,6,7,9,9,19,19,23,29,30
prepare play
tiles for 0: 0,1,2,3,4,5,6,13,29,30,32,33,33 []
tiles for 1: 3,8,10,14,16,18,21,23,24,24,25,27,31 []
tiles for 2: 0,7,8,9,9,15,17,21,26,27,29,30,32 []
tiles for 3: 1,4,5,6,6,7,9,9,19,19,23,29,30 []
3 <  20
3  > 30
0 <  1
0  > 13
1 <  12
1  > 27
2 <  2
2  > 27
3 <  5
3  > 9
0 <  22
0  > 22
1 <  32
1  > 3
2 <  36
2 <  27
2  > 30
3 <  31
3  > 9
0 <  3
0  > 1
1 <  41
1 <  17
1  > 8
2 <  23
2  > 27
3 <  22
3  > 4
0 <  10
0  > 10
1 <  2
1  > 2
2 <  19
2  > 23
3 <  16
3  > 16
0 <  34
0 <  0
0  > 4
1 <  15
1  > 21
2 <  32
2  > 21
3 <  21 (6)
3 has [1,5,5,6,6,7,19,22,23,29,31], [[19,20,21]]
3  > 19
0 <  26
0  > 26
1 <  25
1  > 25
2 <  28
2  > 26
3 <  3
3  > 5
0 <  22
0  > 22
1 <  13
1  > 24
2 <  15
2  > 19
3 <  25
3  > 5
0 <  24
0  > 24
1 <  5
1  > 5
2 <  16
2  > 15
3 <  18
3  > 18
0 <  21
0  > 21
1 <  10
1  > 25
2 <  13
2  > 16
3 <  28
3  > 28
0 <  17
0  > 17
1 <  14
1  > 23
2 <  19
2  > 19
3 <  33
3  > 29
0 <  20
0  > 20
1 <  27
1  > 27
2 <  1
2  > 29
3 <  8
3  > 33
0 <  33 (8)
0 has [0,0,1,2,3,3,5,6,29,30,32], [[33,33,33]]
0  > 29
1 <  40
1 <  4
1  > 4
2 <  13
2  > 28
3 <  8
3  > 31
0 <  11
0  > 11
1 <  11 (5)
1 has [10,13,14,14,15,16,17,18,24,31,32], [[10,11,12]]
1  > 24
2 <  31
2  > 31
3 <  11
3  > 11
0 <  7
0  > 32
2 <  32 (8)
2 has [0,1,2,7,8,9,9,13,13,15,17], [[32,32,32]]
2  > 9
3 <  11
3  > 11
0 <  35
0 <  2
0  > 30
1 <  12
1  > 32
2 <  26
2  > 26
3 <  15
3  > 15
0 <  20
0  > 20
1 <  10
1  > 18
2 <  30
2  > 30
3 <  28
3  > 28
0 <  33
0  > 33
1 <  4
1  > 4
0 <  4 (32)
0 has [0,0,1,2,3,5,6,7], [[33,33,33],[2,3,4]!]
Player 0 wins hand 13! (hand took 235ms)
0: 352, hand: 0,0,1,2,3,5,6,7, [[33,33,33],[2,3,4]!], (34,35)
1: -108, hand: 10,10,12,13,14,14,15,16,17,31, [[10,11,12]], (41,40)
2: -36, hand: 0,1,2,7,8,9,13,13,15,17, [[32,32,32]], (37,39,36)
3: -208, hand: 1,3,6,6,7,8,8,22,23,25, [[19,20,21]], (38)

Starting hand 14.
this.hand=14; this.draws=0; config.PRNG.seed(798726671); this.wind=0; this.windOfTheRound=3;
wall: 18,23,16,3,35,39,32,17,20,26,28,2,18,6,11,7,6,21,13,21,9,4,33,1,10,20,8,23,28,0,0,26,31,4,3,5,7,18,12,1,33,27,23,21,14,16,30,20,29,31,9,12,24,27,33,25,1,1,5,3,18,19,25,5,17,17,8,11,11,24,38,12,34,23,32,24,41,14,12,25,33,15,29,19,22,2,3,27,7,20,36,31,13,8,32,30,6,4,19,5,9,2,26,21,26,0,16,2,11,10,6,40,27,10,32,0,15,28,22,14,13,24,30,9,4,29,16,31,13,30,17,8,10,25,37,22,15,7,15,19,22,29,28,14
initial deal
tiles for 0: 2,3,6,11,16,17,18,18,20,23,26,28,32
tiles for 1: 1,4,6,7,8,9,10,13,20,21,21,23,33
tiles for 2: 0,0,1,3,4,5,7,12,18,26,28,31,33
tiles for 3: 9,12,14,16,20,21,23,24,27,27,29,30,31
prepare play
tiles for 0: 2,3,6,11,16,17,18,18,20,23,26,28,32 []
tiles for 1: 1,4,6,7,8,9,10,13,20,21,21,23,33 []
tiles for 2: 0,0,1,3,4,5,7,12,18,26,28,31,33 []
tiles for 3: 9,12,14,16,20,21,23,24,27,27,29,30,31 []
0 <  33
0  > 28
1 <  25
1  > 8
2 <  1
2  > 28
3 <  1
3  > 29
0 <  5
0  > 16
1 <  3
1  > 21
2 <  18
2  > 12
3 <  19
3  > 1
0 <  25
0  > 11
1 <  11 (6)
1 has [1,3,4,6,7,13,20,21,23,25,33], [[9,10,11]]
1  > 13
2 <  5
2  > 18
3 <  17
3  > 14
0 <  17
0  > 17
1 <  8
1  > 25
2 <  11
2  > 11
3 <  11
3  > 12
0 <  24
0  > 17
1 <  38
1 <  12
1  > 20
2 <  34
2 <  23
2  > 26
3 <  32
3  > 9
0 <  24
0  > 2
1 <  41
1 <  14
1  > 21
2 <  12
2  > 12
3 <  25
3  > 11
0 <  33
0  > 6
1 <  15
1  > 23
2 <  29
2  > 18
3 <  19
3  > 16
0 <  22
0  > 5
1 <  2
1  > 4
2 <  3
2  > 23
3 <  23 (4)
3 has [17,19,19,20,21,23,27,27,30,31,32], [[23,24,25]]
3  > 17
0 <  27
0  > 3
1 <  7
1  > 8
2 <  20
2  > 20
3 <  36
3 <  31
3  > 30
0 <  13
0  > 13
1 <  13 (5)
1 has [1,2,3,6,7,7,15,33], [[9,10,11],[12,13,14]]
1  > 15
2 <  8
2  > 29
3 <  32
3  > 23
0 <  30
0  > 27
1 <  6
1  > 2
2 <  2 (6)
2 has [0,1,3,3,4,5,5,7,8,31,33], [[0,1,2]]
2  > 31
3 <  31 (8)
3 has [19,19,20,21,27,27,32,32], [[23,24,25],[31,31,31]]
3  > 27
0 <  4
0  > 4
1 <  19
1  > 19
3 <  19 (8)
3 has [20,21,27,32,32], [[23,24,25],[31,31,31],[19,19,19]]
3  > 27
0 <  5
0  > 5
1 <  9
1  > 9
2 <  2
2  > 33
0 <  33 (8)
0 has [18,18,20,22,23,24,24,25,26,30,32], [[33,33,33]]
0  > 30
1 <  26
1  > 33
2 <  21
2  > 21
3 <  26
3  > 26
0 <  0
0  > 0
1 <  16
1  > 16
2 <  2
2  > 2
3 <  11
3  > 11
0 <  10
0  > 10
1 <  6
1  > 26
2 <  40
2 <  27
2  > 27
3 <  10
3  > 10
0 <  32
0  > 18
1 <  0
1  > 0
2 <  15
2  > 15
3 <  28
3  > 28
0 <  22
0  > 22
3 <  22 (32)
3 has [32,32], [[23,24,25],[31,31,31],[19,19,19],[20,21,22]!]
Player 3 wins hand 14! (hand took 265ms)
0: -104, hand: 18,20,22,23,24,24,25,26,32,32, [[33,33,33]], (35,39)
1: -116, hand: 1,3,6,6,6,7,7, [[9,10,11],[12,13,14]], (38,41)
2: -132, hand: 0,1,2,3,3,4,5,5,7,8, [[0,1,2]], (34,40)
3: 352, hand: 32,32, [[23,24,25],[31,31,31],[19,19,19],[20,21,22]!], (36)

Starting hand 15.
this.hand=15; this.draws=0; config.PRNG.seed(721762496); this.wind=1; this.windOfTheRound=3;
wall: 10,7,15,1,9,20,21,3,24,14,29,24,9,13,21,30,24,13,14,29,38,8,19,15,32,2,16,27,22,20,9,12,12,27,6,14,18,17,2,25,27,4,18,21,32,10,31,18,8,29,7,20,4,0,31,13,1,35,22,33,34,11,20,31,30,18,16,23,19,10,1,7,6,14,17,28,25,12,11,15,26,23,22,5,39,15,6,9,19,8,32,16,2,26,3,13,33,4,25,6,28,23,19,33,3,11,4,32,5,37,0,25,8,29,23,22,30,11,27,3,0,36,31,17,5,5,24,30,26,21,28,7,33,40,12,0,41,16,17,1,26,10,2,28
initial deal
tiles for 0: 1,3,7,9,9,10,14,15,20,21,24,24,29
tiles for 1: 2,8,13,13,14,15,16,19,21,24,29,30,32
tiles for 2: 2,6,9,12,12,14,17,18,20,22,25,27,27
tiles for 3: 4,4,7,8,10,18,18,20,21,27,29,31,32
prepare play
tiles for 0: 1,3,7,9,9,10,14,15,20,21,24,24,29 []
tiles for 1: 2,8,13,13,14,15,16,19,21,24,29,30,32 []
tiles for 2: 2,6,9,12,12,14,17,18,20,22,25,27,27 []
tiles for 3: 4,4,7,8,10,18,18,20,21,27,29,31,32 []
1 <  0
1  > 29
2 <  31
2  > 2
3 <  13
3  > 27
2 <  27 (8)
2 has [6,9,12,12,14,17,18,20,22,25,31], [[27,27,27]]
2  > 25
3 <  1
3  > 10
0 <  35
0 <  22
0  > 29
1 <  33
1  > 19
2 <  34
2 <  11
2  > 22
3 <  22 (6)
3 has [1,4,4,7,8,13,18,18,29,31,32], [[20,21,22]]
3  > 13
0 <  20
0  > 7
1 <  31
1  > 21
2 <  30
2  > 18
3 <  18
3  > 18
0 <  16
0  > 1
1 <  23
1  > 23
2 <  19
2  > 20
3 <  10
3  > 10
0 <  1
0  > 1
1 <  7
1  > 24
2 <  6
2  > 19
3 <  14
3  > 14
0 <  17
0  > 3
1 <  28
1  > 28
2 <  25
2  > 25
3 <  12
3  > 12
0 <  11
0  > 15
1 <  15
1  > 8
2 <  26
2  > 26
3 <  23
3  > 23
0 <  23 (6)
0 has [9,9,10,11,14,16,17,20,20,24,24], [[21,22,23]]
0  > 16
1 <  22
1  > 22
2 <  5
2  > 11
3 <  39
3 <  15
3  > 15
1 <  15 (8)
1 has [0,2,7,13,13,14,16,30,31,32,33], [[15,15,15]]
1  > 7
2 <  6
2  > 17
3 <  9
3  > 9
0 <  19
0  > 9
1 <  8
1  > 0
2 <  32
2  > 9
3 <  16
3  > 16
0 <  2
0  > 2
1 <  26
1  > 26
2 <  3
2  > 12
3 <  13
3  > 13
1 <  13 (8)
1 has [2,8,14,16,30,31,32,33], [[15,15,15],[13,13,13]]
1  > 16
2 <  33
2  > 14
3 <  4
3  > 7
0 <  25
0  > 10
1 <  6
1  > 14
2 <  28
2  > 28
3 <  23
3  > 23
0 <  23 (4)
0 has [9,11,14,17,19,20,20,24], [[21,22,23],[23,24,25]]
0  > 9
1 <  19
1  > 19
2 <  33
2  > 12
3 <  3
3  > 4
0 <  11
0  > 14
1 <  4
1  > 6
2 <  6 (16)
2 has [3,5,30,31,32,33,33], [[27,27,27],[6,6,6,6]]
2 <  32
2  > 31
3 <  5
3  > 8
0 <  37
0 <  0
0  > 0
1 <  25
1  > 25
2 <  8
2  > 8
3 <  29
3  > 31
0 <  23
0  > 17
1 <  22
1  > 22
2 <  30
2  > 3
3 <  3 (4)
3 has [1,3,4,18,18,29,29,32], [[20,21,22],[3,4,5]]
3  > 32
2 <  32 (8)
2 has [5,30,30,33,33], [[27,27,27],[6,6,6,6],[32,32,32]]
2  > 5
3 <  5 (6)
3 has [1,18,18,29,29], [[20,21,22],[3,4,5],[3,4,5]]
3  > 1
0 <  11
0  > 24
1 <  27
1  > 27
2 <  3
2  > 3
3 <  0
3  > 0
0 <  36
0 <  31
0  > 23
1 <  17
1  > 32
2 <  5
2  > 5
3 <  5
3  > 5
0 <  24
0  > 24
1 <  30
1  > 17
Hand was a draw.

Restarting hand 15.
this.hand=15; this.draws=1; config.PRNG.seed(1366922557); this.wind=1; this.windOfTheRound=3;
wall: 5,0,14,15,31,21,13,24,3,15,22,0,32,4,25,2,32,21,5,0,1,9,27,5,20,1,22,2,14,10,11,18,29,33,23,31,28,18,20,37,28,21,26,7,22,39,35,24,16,8,3,13,24,12,25,26,2,9,24,3,31,20,18,7,23,19,23,33,41,2,14,4,34,32,33,26,15,10,4,6,16,14,17,30,28,11,25,18,12,13,1,28,16,30,10,5,16,4,25,8,23,27,1,6,21,19,19,7,10,36,30,15,32,29,7,3,27,9,17,8,8,11,33,29,30,31,11,12,6,9,40,17,0,6,26,12,38,17,13,19,27,29,22,20
initial deal
tiles for 0: 0,0,3,5,13,14,15,15,21,22,24,31,32
tiles for 1: 0,1,1,2,4,5,5,9,20,21,25,27,32
tiles for 2: 2,10,11,14,18,18,20,22,23,28,29,31,33
tiles for 3: 3,7,8,12,13,16,21,22,24,24,25,26,28
prepare play
tiles for 0: 0,0,3,5,13,14,15,15,21,22,24,31,32 []
tiles for 1: 0,1,1,2,4,5,5,9,20,21,25,27,32 []
tiles for 2: 2,10,11,14,18,18,20,22,23,28,29,31,33 []
tiles for 3: 3,7,8,12,13,16,21,22,24,24,25,26,28 []
1 <  26
1  > 25
2 <  2
2  > 28
3 <  9
3  > 28
0 <  24
0  > 0
1 <  3
1  > 20
2 <  31
2  > 29
3 <  20
3  > 8
0 <  18
0  > 0
1 <  7
1  > 26
2 <  23
2  > 14
3 <  19
3  > 7
0 <  23
0  > 3
1 <  33
1  > 21
2 <  41
2 <  2
2  > 11
3 <  14
3  > 3
0 <  4
0  > 5
1 <  34
1 <  32
1  > 9
2 <  33
2  > 10
3 <  26
3  > 12
0 <  15
0  > 4
1 <  10
1  > 10
2 <  4
2  > 23
3 <  23 (6)
3 has [9,13,14,16,19,20,24,24,25,26,26], [[21,22,23]]
3  > 13
0 <  6
0  > 6
1 <  16
1  > 16
2 <  14
2  > 14
3 <  17
3  > 17
0 <  30
0  > 13
1 <  28
1  > 28
2 <  11
2  > 11
3 <  25
3  > 9
0 <  18
0  > 14
1 <  12
1  > 12
2 <  13
2  > 13
3 <  1
3  > 1
0 <  28
0  > 28
1 <  16
1  > 16
2 <  30
2  > 23
3 <  10
3  > 14
0 <  5
0  > 5
1 <  16
1  > 16
2 <  4
2  > 30
3 <  25
3  > 10
0 <  8
0  > 8
1 <  23
1  > 23
2 <  27
2  > 27
3 <  1
3  > 1
1 <  1 (8)
1 has [0,2,3,4,5,5,7,27,32,32,33], [[1,1,1]]
1  > 0
2 <  6
2  > 6
3 <  21
3  > 16
0 <  19
0  > 32
1 <  32 (8)
1 has [2,3,4,5,5,7,27,33], [[1,1,1],[32,32,32]]
1  > 27
2 <  19
2  > 22
3 <  7
3  > 7
0 <  10
0  > 10
1 <  36
1 <  30
1  > 30
2 <  15
2  > 15
0 <  15 (16)
0 has [18,18,19,21,22,23,24,24,30,31], [[15,15,15,15]]
0 <  32
0  > 32
1 <  29
1  > 29
2 <  7
2  > 7
3 <  3
3  > 3
0 <  27
0  > 27
1 <  9
1  > 9
2 <  17
2  > 17
3 <  8
3  > 8
0 <  8
0  > 8
1 <  11
1  > 11
2 <  33
2  > 18
0 <  18 (8)
0 has [19,21,22,23,24,24,30,31], [[15,15,15,15],[18,18,18]]
0  > 31
2 <  31 (32)
2 has [2,2,2,4,4,18,19,20,33,33,33], [[31,31,31]!]
Player 2 wins hand 15! (hand took 270ms)
0: -140, hand: 19,21,22,23,24,24,30, [[15,15,15,15],[18,18,18]], ()
1: -200, hand: 2,3,4,5,5,7,33, [[1,1,1],[32,32,32]], (34,36)
2: 480, hand: 2,2,2,4,4,18,19,20,33,33,33, [[31,31,31]!], (41)
3: -140, hand: 19,20,21,24,24,25,25,25,26,26, [[21,22,23]], (37,39,35)

Starting hand 16.
this.hand=16; this.draws=0; config.PRNG.seed(1902029945); this.wind=2; this.windOfTheRound=3;
wall: 40,33,25,27,5,17,11,11,29,33,17,19,14,3,8,18,10,33,16,15,4,12,24,27,31,21,15,26,17,10,22,5,14,24,32,8,6,41,28,9,39,18,13,20,25,32,20,18,12,22,33,31,1,18,13,4,6,19,15,20,1,2,32,11,6,36,30,7,2,7,35,29,22,24,19,20,12,4,0,28,9,0,37,25,7,9,31,8,22,27,7,12,29,21,16,30,10,1,2,6,13,26,24,23,10,21,5,17,34,14,32,16,9,30,26,19,5,3,28,1,0,4,15,3,31,25,23,0,16,28,3,26,21,23,13,27,11,23,14,2,29,30,8,38
initial deal
tiles for 0: 3,5,11,11,14,17,17,19,25,27,29,33,33
tiles for 1: 4,8,10,12,15,15,16,18,21,24,27,31,33
tiles for 2: 5,6,8,9,10,14,17,18,22,24,26,28,32
tiles for 3: 1,12,13,13,18,18,20,20,22,25,31,32,33
prepare play
tiles for 0: 3,5,11,11,14,17,17,19,25,27,29,33,33 []
tiles for 1: 4,8,10,12,15,15,16,18,21,24,27,31,33 []
tiles for 2: 5,6,8,9,10,14,17,18,22,24,26,28,32 []
tiles for 3: 1,12,13,13,18,18,20,20,22,25,31,32,33 []
2 <  4
2  > 28
3 <  6
3  > 6
0 <  19
0  > 27
1 <  15
1  > 27
2 <  20
2  > 9
3 <  1
3  > 1
0 <  2
0  > 5
1 <  32
1  > 8
2 <  11
2  > 10
3 <  6
3  > 6
0 <  36
0 <  30
0  > 3
1 <  7
1  > 7
2 <  7 (6)
2 has [4,8,11,14,17,18,20,22,24,26,32], [[5,6,7]]
2  > 14
3 <  2
3  > 1
0 <  7
0  > 2
1 <  35
1 <  29
1  > 29
2 <  22
2  > 17
3 <  24
3  > 2
0 <  19
0  > 7
1 <  20
1  > 4
2 <  12
2  > 12
3 <  4
3  > 4
0 <  0
0  > 0
1 <  28
1  > 24
2 <  9
2  > 9
3 <  0
3  > 0
0 <  37
0 <  25
0  > 11
1 <  11 (5)
1 has [15,15,15,16,18,20,21,28,31,32,33], [[10,11,12]]
1  > 15
2 <  7
2  > 11
3 <  9
3  > 13
0 <  31
0  > 17
1 <  17 (6)
1 has [15,18,20,21,28,31,32,33], [[10,11,12],[15,16,17]]
1  > 21
2 <  8
2  > 4
3 <  22
3  > 12
0 <  27
0  > 27
1 <  7
1  > 7
2 <  12
2  > 12
3 <  29
3  > 29
0 <  21
0  > 14
1 <  16
1  > 18
2 <  30
2  > 20
3 <  10
3  > 9
0 <  1
0  > 1
1 <  2
1  > 2
2 <  6
2  > 26
3 <  26 (6)
3 has [10,13,18,18,20,20,22,22,31,32,33], [[24,25,26]]
3  > 10
0 <  13
0  > 17
1 <  17 (6)
1 has [20,28,31,32,33], [[10,11,12],[15,16,17],[15,16,17]]
1  > 20
2 <  26
2  > 18
3 <  24
3  > 13
0 <  23
0  > 13
1 <  10
1  > 10
2 <  21
2  > 22
3 <  5
3  > 5
0 <  17
0  > 11
1 <  34
1 <  14
1  > 14
2 <  32
2  > 22
3 <  16
3  > 16
0 <  9
0  > 9
1 <  30
1  > 33
0 <  33 (8)
0 has [17,19,19,19,21,23,25,25,29,30,31], [[33,33,33]]
0  > 17
1 <  26
1  > 26
2 <  19
2  > 30
3 <  5
3  > 33
0 <  3
0  > 3
1 <  28
1  > 30
2 <  1
2  > 1
3 <  0
3  > 0
0 <  4
0  > 4
1 <  15
1  > 15
2 <  3
2  > 3
3 <  31
3  > 5
0 <  25
0  > 30
1 <  23
1  > 23
2 <  0
2  > 0
Hand was a draw.

Restarting hand 16.
this.hand=16; this.draws=1; config.PRNG.seed(173490489); this.wind=2; this.windOfTheRound=3;
wall: 13,26,19,27,8,9,33,32,20,14,36,19,32,16,27,12,18,11,5,32,23,33,10,27,18,4,25,5,20,13,3,21,28,30,14,21,2,10,24,23,7,22,8,29,18,20,17,17,3,24,22,9,12,21,35,26,2,15,23,17,18,6,2,39,0,25,3,10,25,16,8,9,1,29,24,11,15,26,7,31,1,13,5,30,4,29,0,23,30,31,11,7,4,29,13,17,28,22,3,41,10,8,21,28,40,9,37,2,12,0,1,33,5,33,20,22,4,30,24,15,6,12,25,28,27,26,31,32,11,19,14,14,38,15,31,6,19,34,7,1,6,16,16,0
initial deal
tiles for 0: 8,9,13,14,16,19,19,20,26,27,32,32,33
tiles for 1: 4,5,10,11,12,18,18,23,25,27,27,32,33
tiles for 2: 2,3,5,10,13,14,20,21,21,23,24,28,30
tiles for 3: 3,7,8,9,12,17,17,18,20,22,22,24,29
prepare play
tiles for 0: 8,9,13,14,16,19,19,20,26,27,32,32,33 []
tiles for 1: 4,5,10,11,12,18,18,23,25,27,27,32,33 []
tiles for 2: 2,3,5,10,13,14,20,21,21,23,24,28,30 []
tiles for 3: 3,7,8,9,12,17,17,18,20,22,22,24,29 []
2 <  21
2  > 28
3 <  35
3 <  26
3  > 29
0 <  2
0  > 27
1 <  27 (8)
1 has [4,5,10,11,12,18,18,23,25,32,33], [[27,27,27]]
1  > 4
2 <  4 (6)
2 has [5,10,13,14,20,21,21,21,23,24,30], [[2,3,4]]
2  > 13
3 <  15
3  > 3
0 <  23
0  > 2
1 <  17
1  > 5
2 <  18
2  > 10
3 <  6
3  > 6
0 <  2
0  > 2
1 <  39
1 <  0
1  > 0
2 <  25
2  > 5
3 <  3
3  > 3
0 <  10
0  > 8
1 <  25
1  > 17
2 <  16
2  > 16
3 <  8
3  > 7
0 <  9
0  > 26
1 <  1
1  > 1
2 <  29
2  > 29
3 <  24
3  > 8
0 <  11
0  > 23
1 <  15
1  > 18
2 <  26
2  > 14
3 <  7
3  > 7
0 <  31
0  > 11
1 <  1
1  > 1
2 <  13
2  > 13
3 <  5
3  > 5
0 <  30
0  > 14
1 <  4
1  > 4
2 <  29
2  > 29
3 <  0
3  > 0
0 <  23
0  > 10
1 <  30
1  > 23
2 <  31
2  > 25
3 <  25 (5)
3 has [8,9,12,15,17,17,18,20,22,22,24], [[24,25,26]]
3  > 8
0 <  11
0  > 23
1 <  7
1  > 7
2 <  4
2  > 4
3 <  29
3  > 29
0 <  13
0  > 9
1 <  17
1  > 18
2 <  28
2  > 28
3 <  22
3  > 12
0 <  12 (5)
0 has [9,13,16,19,19,20,30,31,32,32,33], [[11,12,13]]
0  > 9
1 <  3
1  > 3
2 <  41
2 <  10
2  > 10
3 <  8
3  > 8
0 <  21
0  > 13
1 <  13 (6)
1 has [10,15,17,25,25,30,32,33], [[27,27,27],[11,12,13]]
1  > 10
2 <  28
2  > 28
3 <  40
3 <  9
3  > 9
0 <  37
0 <  2
0  > 2
1 <  12
1  > 12
2 <  0
2  > 0
3 <  1
3  > 1
0 <  33
0  > 16
1 <  16 (5)
1 has [25,25,30,32,33], [[27,27,27],[11,12,13],[15,16,17]]
1  > 30
2 <  5
2  > 5
3 <  33
3  > 9
0 <  20
0  > 31
1 <  22
1  > 22
3 <  22 (16)
3 has [15,17,17,18,20,24,33], [[24,25,26],[22,22,22,22]]
3 <  4
3  > 4
0 <  30
0  > 19
1 <  24
1  > 33
0 <  33 (8)
0 has [19,20,20,21,30,30,32,32], [[11,12,13],[33,33,33]]
0  > 20
1 <  15
1  > 15
2 <  6
2  > 6
3 <  12
3  > 33
0 <  25
0  > 25
1 <  25 (8)
1 has [24,32], [[27,27,27],[11,12,13],[15,16,17],[25,25,25]]
1  > 24
2 <  28
2  > 28
3 <  27
3  > 27
0 <  26
0  > 26
1 <  31
1  > 31
2 <  32
2  > 26
Hand was a draw.

Restarting hand 16.
this.hand=16; this.draws=2; config.PRNG.seed(1693438638); this.wind=2; this.windOfTheRound=3;
wall: 0,13,30,1,27,3,14,5,7,23,8,26,34,6,24,35,21,38,18,21,37,16,23,13,9,22,9,20,31,26,6,23,14,27,9,16,0,11,15,36,33,28,11,15,18,14,31,12,20,16,19,25,13,27,29,25,26,1,4,12,7,32,33,11,14,15,17,30,10,31,17,31,30,33,22,20,10,16,40,13,23,26,19,6,21,10,4,18,32,22,0,29,4,19,5,29,10,7,29,1,11,18,24,3,24,2,1,15,4,25,12,22,28,30,28,8,7,2,5,3,9,41,8,33,28,3,25,32,21,8,24,0,27,17,20,32,12,6,2,2,39,19,17,5
initial deal
tiles for 0: 0,1,3,5,6,7,8,13,14,23,26,27,30
tiles for 1: 9,9,13,16,18,20,21,21,22,23,24,26,31
tiles for 2: 0,6,9,11,11,14,15,15,16,23,27,28,33
tiles for 3: 12,13,14,16,18,19,20,25,25,26,27,29,31
prepare play
tiles for 0: 0,1,3,5,6,7,8,13,14,23,26,27,30 []
tiles for 1: 9,9,13,16,18,20,21,21,22,23,24,26,31 []
tiles for 2: 0,6,9,11,11,14,15,15,16,23,27,28,33 []
tiles for 3: 12,13,14,16,18,19,20,25,25,26,27,29,31 []
2 <  1
2  > 28
3 <  4
3  > 29
0 <  12
0  > 27
1 <  7
1  > 7
2 <  32
2  > 23
3 <  33
3  > 27
0 <  11
0  > 12
1 <  14
1  > 20
2 <  15
2  > 6
3 <  17
3  > 4
0 <  30
0  > 14
1 <  10
1  > 21
2 <  31
2  > 15
3 <  17
3  > 12
0 <  31
0  > 11
1 <  11 (6)
1 has [9,13,14,16,18,21,22,23,24,26,31], [[9,10,11]]
1  > 9
2 <  30
2  > 15
3 <  33
3  > 16
0 <  22
0  > 13
1 <  20
1  > 26
2 <  10
2  > 14
3 <  16
3  > 13
0 <  40
0 <  13
0  > 13
1 <  23
1  > 31
2 <  26
2  > 26
3 <  19
3  > 31
0 <  6
0  > 26
1 <  21
1  > 16
2 <  10
2  > 30
0 <  30 (8)
0 has [0,1,3,5,6,6,7,8,22,23,31], [[30,30,30]]
0  > 31
1 <  4
1  > 4
2 <  18
2  > 31
3 <  32
3  > 32
0 <  22
0  > 3
1 <  0
1  > 0
2 <  29
2  > 29
3 <  4
3  > 4
0 <  19
0  > 19
3 <  19 (8)
3 has [14,16,17,17,18,20,25,25,26,33,33], [[19,19,19]]
3  > 20
0 <  5
0  > 1
1 <  29
1  > 29
2 <  10
2  > 18
3 <  7
3  > 7
0 <  7 (6)
0 has [0,5,6,7,8,22,22,23], [[30,30,30],[5,6,7]]
0  > 0
1 <  29
1  > 29
2 <  1
2  > 27
3 <  11
3  > 18
0 <  18
0  > 18
1 <  24
1  > 18
2 <  3
2  > 32
3 <  24
3  > 11
2 <  11 (8)
2 has [0,1,1,3,9,10,10,10,15,16,33], [[11,11,11]]
2  > 9
3 <  2
3  > 2
0 <  1
0  > 1
2 <  1 (8)
2 has [0,3,10,10,10,15,16,33], [[11,11,11],[1,1,1]]
2  > 3
3 <  15
3  > 24
1 <  24 (8)
1 has [13,14,20,21,21,22,23,23], [[9,10,11],[24,24,24]]
1  > 13
2 <  4
2  > 4
3 <  25
3  > 26
0 <  12
0  > 12
1 <  22
1  > 14
2 <  14 (4)
2 has [0,10,10,10,33], [[11,11,11],[1,1,1],[14,15,16]]
2  > 0
3 <  28
3  > 28
0 <  30
0  > 30
1 <  28
1  > 28
2 <  8
2  > 8
3 <  7
3  > 7
0 <  2
0  > 2
1 <  5
1  > 5
2 <  3
2  > 3
3 <  9
3  > 9
0 <  41
0 <  8
0  > 23
1 <  23 (32)
1 has [20,21,22,23,23], [[9,10,11],[24,24,24],[21,22,23]!]
Player 1 wins hand 16! (hand took 280ms)
0: 20, hand: 5,6,7,8,8,22,22, [[30,30,30],[5,6,7]], (34,40,41)
1: 96, hand: 20,21,22,23,23, [[9,10,11],[24,24,24],[21,22,23]!], (35,38,37)
2: -60, hand: 10,10,10,33, [[11,11,11],[1,1,1],[14,15,16]], (36)
3: -56, hand: 14,15,16,17,17,25,25,25,33,33, [[19,19,19]], ()

Starting hand 17.
this.hand=17; this.draws=0; config.PRNG.seed(460575352); this.wind=3; this.windOfTheRound=3;
wall: 23,10,1,35,27,12,28,31,32,11,14,24,10,38,20,41,13,14,7,9,21,1,15,8,29,28,30,33,27,19,29,26,32,15,13,0,14,12,27,20,29,26,32,18,23,18,16,22,28,2,17,8,33,31,9,27,33,21,30,0,25,9,17,24,3,8,11,40,2,6,23,5,25,0,15,13,3,31,18,3,5,39,19,26,16,10,11,12,1,12,31,29,4,16,22,15,34,36,9,8,30,33,20,1,18,3,30,17,0,17,19,23,25,4,2,25,24,7,22,7,28,5,11,20,26,6,4,7,21,32,10,24,37,4,16,13,22,19,21,6,14,5,6,2
initial deal
tiles for 0: 1,10,10,11,12,14,20,23,24,27,28,31,32
tiles for 1: 1,7,8,9,13,14,15,21,27,28,29,30,33
tiles for 2: 0,12,13,14,15,19,20,26,26,27,29,29,32
tiles for 3: 2,8,9,16,17,18,18,22,23,28,31,32,33
prepare play
tiles for 0: 1,10,10,11,12,14,20,23,24,27,28,31,32 []
tiles for 1: 1,7,8,9,13,14,15,21,27,28,29,30,33 []
tiles for 2: 0,12,13,14,15,19,20,26,26,27,29,29,32 []
tiles for 3: 2,8,9,16,17,18,18,22,23,28,31,32,33 []
3 <  27
3  > 28
0 <  33
0  > 28
1 <  21
1  > 27
2 <  30
2  > 27
3 <  0
3  > 8
0 <  25
0  > 27
1 <  9
1  > 28
2 <  17
2  > 0
3 <  24
3  > 27
0 <  3
0  > 1
1 <  8
1  > 21
2 <  11
2  > 19
3 <  40
3 <  2
3  > 0
0 <  6
0  > 3
1 <  23
1  > 21
2 <  5
2  > 5
3 <  25
3  > 2
0 <  0
0  > 0
1 <  15
1  > 23
2 <  13
2  > 20
3 <  3
3  > 2
0 <  31
0  > 6
1 <  18
1  > 18
2 <  3
2  > 3
3 <  5
3  > 3
0 <  39
0 <  19
0  > 14
1 <  26
1  > 26
2 <  16
2  > 26
3 <  26 (6)
3 has [5,9,16,17,18,18,22,23,31,32,33], [[24,25,26]]
3  > 5
0 <  10
0  > 10
1 <  11
1  > 7
2 <  12
2  > 26
3 <  1
3  > 1
0 <  12
0  > 12
1 <  12 (5)
1 has [1,8,8,9,9,14,15,15,29,30,33], [[11,12,13]]
1  > 1
2 <  31
2  > 15
3 <  29
3  > 29
2 <  29 (8)
2 has [11,12,12,13,13,14,16,17,30,31,32], [[29,29,29]]
2  > 14
3 <  4
3  > 4
0 <  16
0  > 16
1 <  16 (6)
1 has [8,8,9,9,15,29,30,33], [[11,12,13],[14,15,16]]
1  > 29
2 <  22
2  > 22
3 <  15
3  > 17
0 <  34
0 <  36
0 <  9
0  > 9
1 <  8
1  > 15
2 <  30
2  > 17
3 <  33
3  > 16
0 <  20
0  > 10
1 <  1
1  > 1
2 <  18
2  > 18
3 <  3
3  > 3
0 <  30
0  > 10
1 <  17
1  > 17
2 <  0
2  > 0
3 <  17
3  > 9
0 <  19
0  > 11
1 <  23
1  > 23
2 <  25
2  > 25
3 <  4
3  > 4
0 <  2
0  > 2
1 <  25
1  > 25
2 <  24
2  > 24
3 <  24 (6)
3 has [15,17,18,18,31,32,33,33], [[24,25,26],[22,23,24]]
3  > 32
0 <  7
0  > 7
1 <  22
1  > 22
2 <  7
2  > 7
3 <  28
3  > 28
0 <  5
0  > 12
2 <  12 (8)
2 has [11,13,13,16,30,30,31,32], [[29,29,29],[12,12,12]]
2  > 11
3 <  11
3  > 11
0 <  20
0  > 5
1 <  26
1  > 26
2 <  6
2  > 6
3 <  4
3  > 4
0 <  7
0  > 7
Hand was a draw.

Restarting hand 17.
this.hand=17; this.draws=1; config.PRNG.seed(1418616052); this.wind=3; this.windOfTheRound=3;
wall: 20,33,6,23,38,31,2,1,19,23,14,12,25,33,23,1,9,7,7,15,20,17,13,10,6,22,1,19,2,11,15,28,31,7,9,0,3,6,3,0,13,31,28,16,11,9,17,30,21,13,27,20,18,30,12,4,19,5,21,31,7,13,23,0,5,29,16,21,10,34,3,32,26,19,30,17,20,8,27,25,12,32,15,27,33,8,29,24,8,6,22,8,28,10,16,32,25,5,14,24,18,40,16,15,2,27,22,11,3,2,30,26,14,28,24,18,18,11,14,22,29,25,24,4,9,5,4,35,41,21,29,26,12,36,1,0,4,32,10,37,33,26,17,39
initial deal
tiles for 0: 1,2,6,12,14,19,20,23,23,25,31,33,33
tiles for 1: 1,1,6,7,7,9,10,13,15,17,20,22,23
tiles for 2: 0,0,2,3,3,6,7,9,11,15,19,28,31
tiles for 3: 9,11,13,13,16,17,18,20,21,27,28,30,31
prepare play
tiles for 0: 1,2,6,12,14,19,20,23,23,25,31,33,33 []
tiles for 1: 1,1,6,7,7,9,10,13,15,17,20,22,23 []
tiles for 2: 0,0,2,3,3,6,7,9,11,15,19,28,31 []
tiles for 3: 9,11,13,13,16,17,18,20,21,27,28,30,31 []
3 <  30
3  > 28
0 <  12
0  > 1
1 <  4
1  > 20
2 <  19
2  > 19
3 <  19 (5)
3 has [9,11,13,13,16,17,21,27,30,30,31], [[18,19,20]]
3  > 21
0 <  21 (6)
0 has [2,6,12,12,14,23,23,25,31,33,33], [[19,20,21]]
0  > 2
1 <  5
1  > 23
2 <  21
2  > 19
3 <  31
3  > 13
0 <  7
0  > 7
1 <  13
1  > 22
2 <  23
2  > 21
3 <  0
3  > 0
0 <  5
0  > 6
1 <  29
1  > 5
2 <  5 (4)
2 has [0,0,2,3,3,9,11,15,23,28,31], [[5,6,7]]
2  > 23
3 <  16
3  > 16
0 <  21
0  > 5
1 <  10
1  > 4
2 <  4 (6)
2 has [0,0,3,9,11,15,28,31], [[5,6,7],[2,3,4]]
2  > 11
3 <  34
3 <  3
3  > 3
0 <  32
0  > 12
1 <  26
1  > 26
2 <  19
2  > 19
3 <  30
3  > 30
0 <  17
0  > 14
1 <  14 (5)
1 has [1,1,6,7,7,9,10,10,13,17,29], [[13,14,15]]
1  > 17
2 <  20
2  > 20
3 <  8
3  > 8
0 <  27
0  > 27
1 <  25
1  > 25
2 <  12
2  > 15
3 <  32
3  > 9
0 <  15
0  > 15
1 <  27
1  > 27
2 <  33
2  > 12
3 <  8
3  > 8
0 <  29
0  > 29
1 <  24
1  > 24
2 <  8
2  > 9
3 <  6
3  > 6
0 <  22
0  > 17
1 <  8
1  > 13
2 <  28
2  > 8
3 <  10
3  > 16
0 <  16
0  > 16
1 <  32
1  > 8
2 <  25
2  > 3
3 <  5
3  > 5
0 <  14
0  > 31
3 <  31 (8)
3 has [10,11,13,17,27,30,30,32], [[18,19,20],[31,31,31]]
3  > 17
0 <  24
0  > 32
1 <  18
1  > 18
2 <  40
2 <  16
2  > 16
3 <  15
3  > 32
0 <  2
0  > 2
1 <  27
1  > 27
2 <  22
2  > 31
3 <  11
3  > 27
0 <  3
0  > 3
1 <  2
1  > 32
2 <  30
2  > 22
3 <  26
3  > 26
0 <  14
0  > 14
1 <  28
1  > 28
2 <  28 (8)
2 has [0,0,25,30,33], [[5,6,7],[2,3,4],[28,28,28]]
2  > 25
3 <  24
3  > 24
0 <  18
0  > 18
1 <  18
1  > 18
2 <  11
2  > 11
3 <  11 (8)
3 has [10,13,15,30,30], [[18,19,20],[31,31,31],[11,11,11]]
3  > 10
1 <  10 (8)
1 has [1,1,2,6,7,7,9,29], [[13,14,15],[10,10,10]]
1  > 9
2 <  14
2  > 14
3 <  14 (32)
3 has [30,30], [[18,19,20],[31,31,31],[11,11,11],[13,14,15]!]
Player 3 wins hand 17! (hand took 269ms)
0: -94, hand: 12,14,21,22,23,23,24,25,33,33, [[19,20,21]], (38)
1: -106, hand: 1,1,2,6,7,7,29, [[13,14,15],[10,10,10]], ()
2: -64, hand: 0,0,30,33, [[5,6,7],[2,3,4],[28,28,28]], (40)
3: 264, hand: 30,30, [[18,19,20],[31,31,31],[11,11,11],[13,14,15]!], (34)

Starting hand 18.
this.hand=18; this.draws=0; config.PRNG.seed(1402727365); this.wind=3; this.windOfTheRound=3;
wall: 3,36,15,1,14,1,10,2,25,0,25,31,17,5,31,28,8,33,4,3,24,24,6,16,32,6,26,29,30,28,19,14,31,33,18,17,11,15,24,32,7,37,7,8,20,10,5,1,13,16,9,25,13,33,4,0,28,6,23,14,23,1,0,30,41,26,7,7,40,33,24,11,11,22,21,27,21,27,14,12,0,38,11,8,32,2,2,18,4,20,13,35,27,17,5,17,20,21,13,30,12,5,12,28,15,29,19,8,16,22,21,26,20,23,39,16,18,31,22,4,25,34,2,3,9,15,10,3,12,9,30,32,23,6,29,18,27,10,19,19,29,26,9,22
initial deal
tiles for 0: 0,1,1,2,3,5,10,14,15,17,25,25,31
tiles for 1: 3,4,6,6,8,16,24,24,26,28,31,32,33
tiles for 2: 11,14,15,17,18,19,24,28,29,30,31,32,33
tiles for 3: 1,5,7,7,8,9,10,13,13,16,20,25,33
prepare play
tiles for 0: 0,1,1,2,3,5,10,14,15,17,25,25,31 []
tiles for 1: 3,4,6,6,8,16,24,24,26,28,31,32,33 []
tiles for 2: 11,14,15,17,18,19,24,28,29,30,31,32,33 []
tiles for 3: 1,5,7,7,8,9,10,13,13,16,20,25,33 []
3 <  4
3  > 25
0 <  0
0  > 10
1 <  28
1  > 16
2 <  6
2  > 29
3 <  23
3  > 23
0 <  14
0  > 15
1 <  23
1  > 26
2 <  1
2  > 6
3 <  0
3  > 20
0 <  30
0  > 17
1 <  41
1 <  26
1  > 26
2 <  7
2  > 1
3 <  7
3  > 13
0 <  40
0 <  33
0  > 14
1 <  24
1  > 23
2 <  11
2  > 19
3 <  11
3  > 11
0 <  22
0  > 14
1 <  21
1  > 21
2 <  27
2  > 27
3 <  21
3  > 21
0 <  27
0  > 27
1 <  14
1  > 14
2 <  12
2  > 18
3 <  0
3  > 10
0 <  38
0 <  11
0  > 11
1 <  8
1  > 24
2 <  32
2  > 24
3 <  2
3  > 9
0 <  2
0  > 22
1 <  18
1  > 18
2 <  4
2  > 4
3 <  20
3  > 16
0 <  13
0  > 13
1 <  35
1 <  27
1  > 27
2 <  17
2  > 7
3 <  5
3  > 20
0 <  17
0  > 17
1 <  20
1  > 20
2 <  21
2  > 21
3 <  13
3  > 13
0 <  30
0  > 3
1 <  12
1  > 24
2 <  5
2  > 5
3 <  12
3  > 13
0 <  28
0  > 28
1 <  28 (8)
1 has [3,4,6,6,8,8,12,24,31,32,33], [[28,28,28]]
1  > 24
2 <  15
2  > 28
3 <  29
3  > 29
0 <  19
0  > 19
1 <  8
1  > 12
2 <  16
2  > 16
3 <  22
3  > 22
0 <  21
0  > 21
1 <  26
1  > 26
2 <  20
2  > 20
3 <  23
3  > 23
0 <  39
0 <  16
0  > 16
1 <  18
1  > 18
2 <  31
2  > 14
3 <  22
3  > 22
0 <  4
0  > 31
2 <  31 (8)
2 has [11,11,12,15,15,17,17,30,32,32,33], [[31,31,31]]
2  > 30
0 <  30 (8)
0 has [0,0,1,1,2,2,4,5,25,25,33], [[30,30,30]]
0  > 33
1 <  25
1  > 31
2 <  34
2 <  2
2  > 2
3 <  3
3  > 12
0 <  9
0  > 9
1 <  15
1  > 15
2 <  15 (8)
2 has [11,11,12,17,17,32,32,33], [[31,31,31],[15,15,15]]
2  > 33
3 <  10
3  > 10
0 <  3
Player 0 wins hand 18! (hand took 268ms)
0: 1024, hand: 0,0,1,1,2,2,3,4,5,25,25, [[30,30,30]], (36,40,38,39)
1: -248, hand: 3,4,6,6,8,8,8,25,32,33, [[28,28,28]], (41,35)
2: -236, hand: 11,11,12,17,17,32,32, [[31,31,31],[15,15,15]], (34)
3: -540, hand: 0,0,1,2,3,4,5,5,7,7,7,8,33, [], (37)
hand 1
  0 (E): -316 for d1,d3,d3,d5,d6,d6,d7 [c7,c6,c5, b5,b4,b3] (s4,f2)
  1 (N): -150 for b2,b3,W,W,b4,b8,b9 [c4,c3,c2, d2,d2,d2] (f1,s3)
  2 (W): 640 for b4,b5,b6,b8,b8 [b7,b7,b7, C,C,C, E,E,E] 
  3 (S): -174 for d3,d4,d4,d5 [c2,c4,c3, c5,c7,c6, c8,c9,c7] (f3)
hand 2
  0 (S): -10 for d3,d4,d6,d7,d8,P,P [d7,d6,d5, d5,d4,d3] (f4,f1,s2)
  1 (E): -70 for c5,c5,d1,d2,b4,b5,b6 [b9,b8,b7, b4,b3,b2] (s1)
  2 (N): -48 for b1,b2,c4,E,C,P,P,b6,b7,b8 [b1,b3,b2] 
  3 (W): 128 for b1,b2,c6,c7,c8,b3,c1,c1 [c1,c3,c2, c4,c3,c2] (f3)
hand 3
  0 (W): -48 for b2,d1,d2,d2,d4,d8,S,S,b4,b5 [d9,d8,d7] 
  1 (S): 112 for b1,b2,b3,b3,d5,d5,b4,b5 [c6,c7,c5, b7,b6,b5] (s3)
  2 (E): -36 for c3,c4,c5,c6,b6,b7,b7,b8,b9,c1 [c8,c7,c6] (f3,f4,s1)
  3 (N): -28 for b2,c2,b3,b4,b9,b9,c1 [c1,c3,c2, E,E,E] 
hand 4
  0 (N): -22 for c5,c5,c5,c7,d4,d6,d7,d8,d8,C [W,W,W] (s1)
  1 (W): 88 for b2,b2,c4,c4,c4,d3,d4,d5 [c3,c2,c1, d2,d4,d3] (f2,s4)
  2 (S): -10 for b1,b2,b3,S,S,b4,b4,P,b6,b8 [b5,b5,b5] (f1,s2,f3)
  3 (E): -56 for b1,c5,c6,c7,d7,d8,d9 [c8,c7,c6, d7,d9,d8] (f4,s3)
hand 5
  0 (E): -68 for c3,c3,c5,d6,d7,d9,E,S,S,c1 [d6,d8,d7] (s3,f1)
  1 (N): -34 for c2,d2,d4,d5,d6,d7,d9,F,F,c1 [c5,c7,c6] (f4,s2)
  2 (W): -58 for d4,d7,S,C [b7,b6,b5, b3,b2,b1, d5,d4,d3] (f2)
  3 (S): 160 for d1,d2,d3,b5,b6,b6,b7,b7,b8 [c9,c8,c7, b4,b4] (s4,s1)
hand 6
  0 (S): -116 for c6,c8,c9,d1,d2,d6,d7,d9,S,S [c4,c4,c4] (s3,f2)
  1 (E): 192 for d3,d4,d5,P,P [b2,b3,b1, b6,b7,b5, c8,c9,c7] (s1)
  2 (N): 64 for c2,c7,c7,c9,N,C,c1 [F,F,F, c3,c3,c3] (f4,s2,s4)
  3 (W): -140 for c2,c2,c3,c6,c6,d6,d8,d9,c1,c1 [d3,d2,d1] (f3)
hand 7
  0 (S): -60 for c8,d1,d3,d5,d5,d5,d6,d9,d9,F,P,b7,c1 
  1 (E): 20 for b1,b2,c2,c3,c5,c5,c6,c7,b3,d7,d7,b9,b9 (s1,s3,f2,f1)
  2 (N): -72 for b2,b2,d1,d2,d2,d3,d3,d4,d4,d6,d8,S,F (s2,f4)
  3 (W): 112 for b1,b2,c3,c4,c5,b3,d6,d7,d8,C,C,b5,b6,b7 
hand 8
  0 (W): -528 for c3,c4,c5,d2,d2,d3,d4,d5,d6,P [E,E,E] (f2,s1,f4)
  1 (S): 2176 for W,W [c7,c7,c7, b6,b6,b6, S,S,S,S, F,F,F] 
  2 (E): -1076 for b1,b1,d1,d2,d3,d3,d5,d7,d8,d8 [b8,b9,b7] (s3,s2,f3)
  3 (N): -572 for b1,b1,b2,c8,c9,d1,b3,b3,d3,b5 [b9,b8,b7] (f1)
hand 9
  0 (N): 42 for d1,d2,d5,S,N,C,C,C,P,b9 [F,F,F] 
  1 (W): -54 for d1,d1,d2,d3,d6,d7,d8 [c4,c6,c5, c3,c2,c1] (s2,f4,s3,f1)
  2 (S): 96 for b1,b2,c6,c6,c6,b3,S,S [b6,b5,b4, b5,b6,b4] (f3,f2)
  3 (E): -84 for b2,b2,b3,S,F,P,P,b8,b8,b8 [d4,d3,d2] (s4,s1)
hand 10
  0 (E): -112 for b1,b2,b2,d1,d1,d3,d3 [d6,d7,d5, b7,b6,b5] (s4)
  1 (N): -24 for b2,b3,b4,b4,b5,b6,b7,b8,b9,c1 [c7,c9,c8] (f2,s1,s3)
  2 (W): 192 for [c4,c3,c2, b9,b9,b9, F,F,F, b3,b3,b3, W,W] 
  3 (S): -56 for c5,c5,c6,c6,c8,c9,c9,d1,d1,d2,d2,c1,c1 (f3)
hand 11
  0 (S): -132 for d8 [d6,d8,d7, d1,d1,d1, F,F,F, d4,d6,d5] (s2,s1)
  1 (E): -204 for d8,d8,d9,d9 [c6,c5,c4, d3,d3,d3, P,P,P,P] (s4)
  2 (N): 352 for b2,b3,E,E,b4 [b6,b7,b5, b2,b4,b3, b8,b7,b6] (f3,f1,f4)
  3 (W): -16 for c2,d9,d9,c1 [c7,c7,c7,c7, c1,c3,c2, W,W,W] (s3)
hand 12
  0 (W): 272 for b1,b1,b1,d6,d7,d8,F,F,F [d8,d7,d6, W,W] (s1)
  1 (S): 84 for c2,c4,c4,c5,c5,c6,c1 [c7,c9,c8, P,P,P] (f4,s2,f2,f1)
  2 (E): -212 for b3,b3,W,b4,b4,b5,b6 [b6,b5,b4, b3,b2,b1] (s4)
  3 (N): -144 for c4,c4,d1,d1,d3,d4,d5,N,F,C [d4,d6,d5] (f3)
hand 13
  0 (N): 352 for b1,b1,b2,b3,b4,b6,b7,b8 [P,P,P, b5,b4,b3] (f1,f2)
  1 (W): -108 for c2,c2,c4,c5,c6,c6,c7,c8,c9,F [c3,c4,c2] (s4,s3)
  2 (S): -36 for b1,b2,c5,c5,c7,c9,b3,b8,b9,c1 [C,C,C] (f4,s2,f3)
  3 (E): -208 for b2,d5,d6,d8,b4,b7,b7,b8,b9,b9 [d4,d3,d2] (s1)
hand 14
  0 (E): -104 for d1,d3,d5,d6,d7,d7,d8,d9,C,C [P,P,P] (f2,s2)
  1 (N): -116 for b2,b4,b7,b7,b7,b8,b8 [c3,c2,c1, c5,c6,c4] (s1,s4)
  2 (W): -132 for b1,b2,b3,b4,b4,b5,b6,b6,b8,b9 [b3,b2,b1] (f1,s3)
  3 (S): 352 for C,C [d6,d8,d7, F,F,F, d2,d2,d2, d5,d4,d3] (f3)
hand 15
  0 (S): -140 for d2,d4,d5,d6,d7,d7,N [c7,c7,c7,c7, d1,d1,d1] 
  1 (E): -200 for b3,b4,P,b5,b6,b6,b8 [b2,b2,b2, C,C,C] (f1,f3)
  2 (N): 480 for d1,d2,b3,b3,b3,d3,P,P,P,b5,b5 [F,F,F] (s4)
  3 (W): -140 for d2,d3,d4,d7,d7,d8,d8,d8,d9,d9 [d6,d5,d4] (f4,s2,f2)
hand 16
  0 (W): 20 for d5,d5,b6,b7,b8,b9,b9 [N,N,N, b8,b7,b6] (f1,s3,s4)
  1 (S): 96 for d3,d4,d5,d6,d6 [c3,c2,c1, d7,d7,d7, d6,d5,d4] (f2,s1,f4)
  2 (E): -60 for c2,c2,c2,P [c3,c3,c3, b2,b2,b2, c6,c8,c7] (f3)
  3 (N): -56 for c6,c7,c8,c9,c9,d8,d8,d8,P,P [d2,d2,d2] 
hand 17
  0 (N): -94 for c4,c6,d4,d5,d6,d6,d7,d8,P,P [d4,d3,d2] (s1)
  1 (W): -106 for b2,b2,b3,W,b7,b8,b8 [c6,c7,c5, c2,c2,c2] 
  2 (S): -64 for b1,b1,N,P [b6,b8,b7, b5,b4,b3, S,S,S] (s3)
  3 (E): 264 for N,N [d2,d3,d1, F,F,F, c3,c3,c3, c6,c7,c5] (f1)
hand 18
  0 (N): 1024 for b1,b1,b2,b2,b3,b3,d8,d8,b4,b5,b6 [N,N,N] (f3,s3,s1,s2)
  1 (W): -248 for d8,b4,C,P,b5,b7,b7,b9,b9,b9 [S,S,S] (s4,f2)
  2 (S): -236 for c3,c3,c4,c9,c9,C,C [F,F,F, c7,c7,c7] (f1)
  3 (E): -540 for b1,b1,b2,b3,b4,P,b5,b6,b6,b8,b8,b8,b9 (f4)
final scores:
  player 0: 1960 (not set to chicken)
  player 1: 3454 (not set to chicken)
  player 2: 1784 (not set to chicken)
  player 3: 802 (not set to chicken)
Game took 7.56s