Initial seed: 11
starting game.

Starting hand 1.
this.hand=1; this.draws=0; config.PRNG.seed(459315587); this.wind=0; this.windOfTheRound=0;
wall: 9,19,14,14,22,28,6,31,23,23,19,17,1,0,6,33,11,30,31,13,28,7,31,5,1,12,11,3,10,1,21,0,22,39,27,1,22,17,0,41,3,32,24,15,19,40,8,11,30,35,16,9,16,32,21,2,14,21,28,24,17,10,12,25,18,5,9,24,8,2,19,29,33,6,12,28,20,15,9,29,26,10,4,13,38,3,34,25,10,26,24,20,23,7,16,15,2,4,37,18,32,27,4,6,25,7,26,8,21,20,31,27,0,18,13,29,16,23,7,5,14,2,33,18,32,36,17,20,11,22,26,15,25,30,3,4,29,8,12,27,30,33,13,5
initial deal
tiles for 0: 1,6,9,14,14,17,19,19,22,23,23,28,31
tiles for 1: 0,1,5,6,7,11,12,13,28,30,31,31,33
tiles for 2: 0,0,1,1,3,3,10,11,17,21,22,22,27
tiles for 3: 2,8,9,11,15,16,16,19,21,24,30,32,32
prepare play
tiles for 0: 1,6,9,14,14,17,19,19,22,23,23,28,31 []
tiles for 1: 0,1,5,6,7,11,12,13,28,30,31,31,33 []
tiles for 2: 0,0,1,1,3,3,10,11,17,21,22,22,27 []
tiles for 3: 2,8,9,11,15,16,16,19,21,24,30,32,32 []
0 <  14
0  > 28
1 <  21
1  > 28
2 <  28
2  > 28
3 <  24
3  > 30
0 <  17
0  > 1
1 <  10
1  > 21
2 <  12
2  > 17
0 <  17 (8)
0 has [6,9,14,14,14,19,19,22,23,23,31], [[17,17,17]]
0  > 9
1 <  25
1  > 25
2 <  18
2  > 18
3 <  5
3  > 5
0 <  9
0  > 9
1 <  24
1  > 24
3 <  24 (8)
3 has [2,8,9,11,15,16,16,19,21,32,32], [[24,24,24]]
3  > 2
0 <  8
0  > 31
1 <  31 (8)
1 has [0,1,5,6,7,10,11,12,13,30,33], [[31,31,31]]
1  > 33
2 <  2
2  > 27
3 <  19
3  > 8
0 <  29
0  > 29
1 <  33
1  > 33
2 <  6
2  > 6
3 <  12
3  > 9
0 <  28
0  > 28
1 <  20
1  > 20
2 <  20 (4)
2 has [0,0,1,1,2,3,3,10,11,12,22], [[20,21,22]]
2  > 22
3 <  15
3  > 21
0 <  9
0  > 9
1 <  29
1  > 29
2 <  26
2  > 26
3 <  10
3  > 32
0 <  4
0  > 4
1 <  13
1  > 30
2 <  38
2 <  3
2  > 3
3 <  34
3 <  25
3  > 25
0 <  10
0  > 10
1 <  26
1  > 26
2 <  24
2  > 24
3 <  20
3  > 32
0 <  23
0  > 6
1 <  7
1  > 7
2 <  16
2  > 16
3 <  16 (8)
3 has [10,11,12,15,15,19,19,20], [[24,24,24],[16,16,16]]
3  > 20
0 <  15
0  > 8
1 <  2
Player 1 wins hand 1! (hand took 144ms)
0: -72, hand: 14,14,14,15,19,19,22,23,23,23, [[17,17,17]], ()
1: 128, hand: 0,1,2,5,6,7,10,11,12,13,13, [[31,31,31]], ()
2: -36, hand: 0,0,1,1,2,3,3,10,11,12, [[20,21,22]], (39,41,38)
3: -20, hand: 10,11,12,15,15,19,19, [[24,24,24],[16,16,16]], (40,35,34)

Starting hand 2.
this.hand=2; this.draws=0; config.PRNG.seed(1500918106); this.wind=1; this.windOfTheRound=0;
wall: 4,20,10,12,30,33,4,9,22,11,11,23,30,25,1,32,24,12,17,11,13,31,7,29,28,21,26,20,10,37,5,19,25,2,15,0,20,33,29,0,10,21,4,40,5,9,12,13,15,27,8,28,20,16,13,25,8,1,24,7,34,14,32,6,17,32,24,32,39,9,21,1,26,2,8,29,18,38,22,7,28,23,27,27,8,33,15,2,33,35,6,6,3,5,22,23,16,26,29,17,19,3,18,12,18,36,3,25,15,28,26,18,24,4,19,31,16,1,7,17,3,19,22,14,5,31,31,30,16,23,10,41,14,2,0,0,27,13,21,30,11,6,14,9
initial deal
tiles for 0: 4,4,9,10,11,11,12,20,22,23,30,30,33
tiles for 1: 1,7,11,12,13,17,21,24,25,28,29,31,32
tiles for 2: 0,0,2,5,10,15,19,20,20,25,26,29,33
tiles for 3: 4,5,8,9,10,12,13,15,16,20,21,27,28
prepare play
tiles for 0: 4,4,9,10,11,11,12,20,22,23,30,30,33 []
tiles for 1: 1,7,11,12,13,17,21,24,25,28,29,31,32 []
tiles for 2: 0,0,2,5,10,15,19,20,20,25,26,29,33 []
tiles for 3: 4,5,8,9,10,12,13,15,16,20,21,27,28 []
1 <  13
1  > 29
2 <  25
2  > 29
3 <  8
3  > 28
0 <  1
0  > 1
1 <  24
1  > 28
2 <  7
2  > 15
3 <  34
3 <  14
3  > 27
0 <  32
0  > 32
1 <  6
1  > 1
2 <  1 (5)
2 has [0,5,7,10,19,20,20,25,25,26,33], [[0,1,2]]
2  > 0
3 <  17
3  > 21
0 <  21 (5)
0 has [4,4,9,10,11,11,12,23,30,30,33], [[20,21,22]]
0  > 23
1 <  23 (4)
1 has [6,7,11,12,13,13,17,21,24,31,32], [[23,24,25]]
1  > 17
2 <  32
2  > 10
3 <  24
3  > 24
0 <  32
0  > 33
1 <  39
1 <  9
1  > 21
2 <  21 (6)
2 has [5,7,20,25,25,26,32,33], [[0,1,2],[19,20,21]]
2  > 20
3 <  21
3  > 5
0 <  1
0  > 1
1 <  26
1  > 31
2 <  2
2  > 2
3 <  8
3  > 4
0 <  29
0  > 29
1 <  18
1  > 18
2 <  38
2 <  22
2  > 22
3 <  22 (6)
3 has [8,8,8,9,10,12,13,14,15,16,17], [[20,21,22]]
3  > 8
0 <  7
0  > 7
1 <  28
1  > 28
2 <  23
2  > 32
3 <  27
3  > 27
0 <  27
0  > 32
1 <  8
1  > 32
2 <  33
2  > 23
3 <  15
3  > 15
0 <  2
0  > 27
1 <  33
1  > 33
2 <  33 (8)
2 has [5,7,25,25,26], [[0,1,2],[19,20,21],[33,33,33]]
2  > 7
3 <  35
3 <  6
3  > 6
0 <  6
0  > 2
1 <  3
1  > 3
2 <  5
2  > 26
3 <  22
3  > 22
0 <  23
0  > 23
1 <  16
1  > 16
2 <  26
2  > 26
3 <  29
3  > 29
0 <  17
0  > 17
1 <  19
1  > 19
2 <  3
2  > 3
3 <  18
3  > 18
0 <  12
0  > 6
1 <  6 (4)
1 has [6,9,11,12,13,13,24,26], [[23,24,25],[6,7,8]]
1  > 6
2 <  18
2  > 18
3 <  36
3 <  3
3  > 3
0 <  25
0  > 25
2 <  25 (8)
2 has [5,5], [[0,1,2],[19,20,21],[33,33,33],[25,25,25]]
Player 2 wins hand 2! (hand took 207ms)
0: -88, hand: 4,4,9,10,11,11,12,12,30,30, [[20,21,22]], ()
1: -156, hand: 9,11,12,13,13,24,26, [[23,24,25],[6,7,8]], (39)
2: 208, hand: 5,5, [[0,1,2],[19,20,21],[33,33,33],[25,25,25]], (37,38)
3: 36, hand: 8,8,9,10,12,13,14,15,16,17, [[20,21,22]], (40,34,35,36)

Starting hand 3.
this.hand=3; this.draws=0; config.PRNG.seed(993000762); this.wind=2; this.windOfTheRound=0;
wall: 17,21,33,1,1,24,5,19,19,29,24,2,25,12,13,18,12,8,16,10,4,27,21,1,6,23,12,20,12,10,11,27,30,5,6,25,40,33,0,24,21,31,16,25,23,18,21,16,13,17,0,28,18,28,28,27,7,5,2,22,3,34,8,22,8,9,30,6,20,26,20,29,15,29,7,10,22,41,11,14,36,28,25,15,19,24,31,26,15,31,38,14,7,18,22,11,14,17,32,3,15,26,32,30,7,26,3,32,29,2,4,33,32,13,10,19,2,33,27,4,6,39,1,11,20,3,37,35,16,0,0,4,8,9,9,9,5,31,30,13,23,23,14,17
initial deal
tiles for 0: 1,1,2,5,17,19,19,21,24,24,25,29,33
tiles for 1: 1,4,6,8,10,12,12,13,16,18,21,23,27
tiles for 2: 0,5,6,10,11,12,12,20,24,25,27,30,33
tiles for 3: 0,13,16,16,17,18,18,21,21,23,25,28,31
prepare play
tiles for 0: 1,1,2,5,17,19,19,21,24,24,25,29,33 []
tiles for 1: 1,4,6,8,10,12,12,13,16,18,21,23,27 []
tiles for 2: 0,5,6,10,11,12,12,20,24,25,27,30,33 []
tiles for 3: 0,13,16,16,17,18,18,21,21,23,25,28,31 []
2 <  28
2  > 30
3 <  28
3  > 0
0 <  0 (4)
0 has [1,5,17,19,19,21,24,24,25,29,33], [[0,1,2]]
0  > 1
1 <  27
1  > 16
3 <  16 (8)
3 has [13,17,18,18,21,21,23,25,28,28,31], [[16,16,16]]
3  > 17
0 <  7
0  > 17
1 <  5
1  > 18
3 <  18 (8)
3 has [13,21,21,23,25,28,28,31], [[16,16,16],[18,18,18]]
3  > 13
0 <  2
0  > 2
1 <  22
1  > 1
2 <  3
2  > 28
3 <  28 (8)
3 has [21,21,23,25,31], [[16,16,16],[18,18,18],[28,28,28]]
3  > 31
0 <  34
0 <  8
0  > 29
1 <  22
1  > 10
2 <  10 (4)
2 has [0,3,5,6,10,12,20,24,25,27,33], [[10,11,12]]
2  > 20
3 <  8
3  > 8
0 <  9
0  > 9
1 <  30
1  > 30
2 <  6
2  > 0
3 <  20
3  > 20
0 <  20 (5)
0 has [5,7,8,19,24,24,25,33], [[0,1,2],[19,20,21]]
0  > 19
1 <  26
1  > 26
2 <  26 (6)
2 has [3,5,6,6,10,12,27,33], [[10,11,12],[24,25,26]]
2  > 33
3 <  20
3  > 20
0 <  29
0  > 33
1 <  15
1  > 8
2 <  29
2  > 29
3 <  7
3  > 7
0 <  10
0  > 10
1 <  22
1  > 15
2 <  41
2 <  11
2  > 27
3 <  14
3  > 14
0 <  36
0 <  28
0  > 28
1 <  25
1  > 25
2 <  15
2  > 15
3 <  19
3  > 19
0 <  24
0  > 24
1 <  24 (6)
1 has [4,5,6,12,12,13,21,22,22,27,27], [[22,23,24]]
1  > 13
2 <  31
2  > 31
3 <  26
3  > 26
0 <  26 (6)
0 has [5,7,8,24,29], [[0,1,2],[19,20,21],[24,25,26]]
0  > 24
1 <  15
1  > 15
2 <  31
2  > 31
3 <  38
3 <  14
3  > 14
0 <  7
0  > 29
1 <  18
1  > 18
2 <  22
2  > 22
3 <  11
3  > 11
0 <  14
0  > 14
1 <  17
1  > 17
2 <  32
2  > 32
3 <  3
3  > 3
0 <  15
0  > 15
1 <  26
1  > 26
2 <  32
2  > 32
3 <  30
3  > 30
0 <  7
0  > 7
1 <  7 (6)
1 has [4,12,12,21,22,22,27,27], [[22,23,24],[5,6,7]]
1  > 4
2 <  4 (5)
2 has [6,6,10,11,12], [[10,11,12],[24,25,26],[3,4,5]]
Player 2 wins hand 3! (hand took 227ms)
0: -80, hand: 5,7,7,8, [[0,1,2],[19,20,21],[24,25,26]], (34,36)
1: -98, hand: 12,12,21,22,22,27,27, [[22,23,24],[5,6,7]], ()
2: 240, hand: 6,6,10,11,12, [[10,11,12],[24,25,26],[3,4,5]], (40,41)
3: -62, hand: 21,21,23,25, [[16,16,16],[18,18,18],[28,28,28]], (38)

Starting hand 4.
this.hand=4; this.draws=0; config.PRNG.seed(617205451); this.wind=2; this.windOfTheRound=0;
wall: 0,21,27,7,6,15,14,5,6,20,33,24,30,10,15,4,6,2,26,16,20,31,33,14,4,18,27,5,29,12,9,22,10,18,11,16,22,17,1,3,17,8,19,31,12,23,8,7,2,28,13,32,20,18,23,10,20,28,25,16,28,16,2,13,7,30,24,8,12,32,1,11,5,26,4,30,23,14,28,32,21,26,8,1,9,22,22,2,39,34,15,36,29,32,3,11,26,6,27,7,10,24,33,38,19,9,17,19,27,3,13,9,19,37,25,25,24,13,40,41,21,30,1,5,18,33,3,17,35,0,31,29,14,11,31,4,0,15,23,25,29,21,0,12
initial deal
tiles for 0: 0,5,6,6,7,14,15,20,21,24,27,30,33
tiles for 1: 2,4,4,6,10,14,15,16,18,20,26,31,33
tiles for 2: 1,5,9,10,11,12,16,17,18,22,22,27,29
tiles for 3: 2,3,7,8,8,12,13,17,19,23,28,31,32
prepare play
tiles for 0: 0,5,6,6,7,14,15,20,21,24,27,30,33 []
tiles for 1: 2,4,4,6,10,14,15,16,18,20,26,31,33 []
tiles for 2: 1,5,9,10,11,12,16,17,18,22,22,27,29 []
tiles for 3: 2,3,7,8,8,12,13,17,19,23,28,31,32 []
2 <  20
2  > 29
3 <  18
3  > 28
0 <  23
0  > 30
1 <  10
1  > 26
2 <  20
2  > 1
3 <  1 (4)
3 has [7,8,8,12,13,17,18,19,23,31,32], [[1,2,3]]
3  > 23
0 <  28
0  > 28
1 <  25
1  > 25
2 <  16
2  > 5
3 <  28
3  > 28
0 <  16
0  > 0
1 <  2
1  > 31
2 <  13
2  > 27
3 <  7
3  > 17
0 <  17 (6)
0 has [5,6,6,7,14,20,21,23,24,27,33], [[15,16,17]]
0  > 14
1 <  14 (4)
1 has [2,2,4,4,6,10,10,14,18,20,33], [[14,15,16]]
1  > 14
2 <  14 (6)
2 has [9,10,11,16,16,17,18,20,20,22,22], [[12,13,14]]
2  > 16
3 <  30
3  > 32
0 <  24
0  > 33
1 <  8
1  > 33
2 <  12
2  > 18
3 <  32
3  > 31
0 <  1
0  > 1
1 <  11
1  > 6
2 <  5
2  > 5
3 <  26
3  > 26
0 <  4
0  > 27
1 <  30
1  > 30
2 <  23
2  > 23
3 <  14
3  > 30
0 <  28
0  > 28
1 <  32
1  > 8
2 <  21
2  > 16
3 <  26
3  > 26
0 <  8
0  > 23
1 <  1
1  > 32
2 <  9
2  > 17
3 <  22
3  > 22
0 <  22 (6)
0 has [4,5,6,6,7,8,24,24], [[15,16,17],[20,21,22]]
Player 0 wins hand 4! (hand took 149ms)
0: 96, hand: 4,5,6,6,7,8,24,24, [[15,16,17],[20,21,22]], ()
1: -24, hand: 1,2,2,4,4,10,10,11,18,20, [[14,15,16]], ()
2: -48, hand: 9,9,10,11,12,20,20,21,22,22, [[12,13,14]], ()
3: -24, hand: 7,7,8,8,12,13,14,18,19,32, [[1,2,3]], ()

Starting hand 5.
this.hand=5; this.draws=0; config.PRNG.seed(2038835404); this.wind=3; this.windOfTheRound=0;
wall: 29,27,14,2,3,17,15,7,5,19,14,13,25,33,10,31,23,18,33,18,28,2,19,25,9,22,32,1,16,30,31,28,24,39,11,6,24,6,17,20,21,10,30,0,20,13,33,31,11,15,16,13,16,20,6,8,26,0,12,5,41,34,19,8,7,12,28,33,7,22,27,21,9,10,3,27,25,1,1,15,21,4,20,23,7,17,4,35,17,16,3,26,1,10,25,29,32,32,30,24,18,3,24,31,5,22,8,12,22,36,40,23,0,9,5,28,6,15,18,29,23,13,2,26,21,9,30,27,4,29,0,26,37,8,14,4,32,12,11,11,14,19,2,38
initial deal
tiles for 0: 2,3,5,7,13,14,14,15,17,19,25,27,29
tiles for 1: 2,9,10,18,18,19,22,23,25,28,31,33,33
tiles for 2: 1,6,6,11,16,17,20,24,24,28,30,31,32
tiles for 3: 0,10,11,13,13,15,16,16,20,21,30,31,33
prepare play
tiles for 0: 2,3,5,7,13,14,14,15,17,19,25,27,29 []
tiles for 1: 2,9,10,18,18,19,22,23,25,28,31,33,33 []
tiles for 2: 1,6,6,11,16,17,20,24,24,28,30,31,32 []
tiles for 3: 0,10,11,13,13,15,16,16,20,21,30,31,33 []
3 <  20
3  > 30
0 <  6
0  > 29
1 <  8
1  > 28
2 <  26
2  > 30
3 <  0
3  > 0
0 <  12
0  > 25
1 <  5
1  > 5
2 <  41
2 <  34
2 <  19
2  > 11
3 <  8
3  > 0
0 <  7
0  > 19
1 <  12
1  > 2
2 <  28
2  > 1
3 <  33
3  > 8
0 <  8 (6)
0 has [2,3,5,7,12,13,14,14,15,17,27], [[6,7,8]]
0  > 27
1 <  7
1  > 31
2 <  22
2  > 32
3 <  27
3  > 20
0 <  21
0  > 21
1 <  21 (4)
1 has [7,8,9,10,12,18,18,19,25,33,33], [[21,22,23]]
1  > 25
2 <  25 (5)
2 has [6,6,16,17,19,20,22,24,28,28,31], [[24,25,26]]
2  > 31
3 <  9
3  > 20
0 <  10
0  > 10
1 <  3
1  > 3
2 <  27
2  > 27
3 <  25
3  > 21
0 <  1
0  > 7
1 <  1
1  > 1
2 <  15
2  > 24
3 <  21
3  > 21
0 <  4
0  > 17
1 <  20
1  > 12
2 <  23
2  > 20
3 <  7
3  > 7
0 <  17
0  > 17
1 <  4
1  > 4
2 <  35
2 <  17
2  > 19
3 <  16
3  > 25
0 <  3
0  > 3
1 <  26
1  > 26
2 <  1
2  > 1
3 <  10
3  > 31
0 <  25
0  > 25
1 <  29
1  > 29
2 <  32
2  > 32
3 <  32
3  > 32
0 <  30
0  > 30
1 <  24
1  > 24
2 <  24 (6)
2 has [6,6,15,16,17,17,28,28], [[24,25,26],[22,23,24]]
2  > 17
3 <  17 (6)
3 has [9,10,10,11,13,13,16,16,27,33,33], [[15,16,17]]
3  > 27
0 <  18
0  > 18
1 <  18 (4)
1 has [7,8,9,10,18,18,33,33], [[21,22,23],[18,19,20]]
1  > 7
2 <  3
2  > 3
3 <  24
3  > 24
0 <  31
0  > 31
1 <  5
1  > 8
2 <  22
2  > 22
3 <  8
3  > 8
0 <  12
0  > 15
1 <  22
1  > 5
2 <  36
2 <  40
2 <  23
2  > 23
3 <  0
3  > 0
0 <  9
0  > 9
1 <  5
1  > 22
2 <  28
Player 2 wins hand 5! (hand took 229ms)
0: -180, hand: 1,2,3,4,5,12,12,13,14,14, [[6,7,8]], ()
1: -174, hand: 5,9,10,18,18,33,33, [[21,22,23],[18,19,20]], ()
2: 704, hand: 6,6,15,16,17,28,28,28, [[24,25,26],[22,23,24]], (39,41,34,35,36,40)
3: -350, hand: 9,10,10,11,13,13,16,16,33,33, [[15,16,17]], ()

Starting hand 6.
this.hand=6; this.draws=0; config.PRNG.seed(1564865213); this.wind=0; this.windOfTheRound=1;
wall: 30,22,32,21,31,6,18,8,15,30,23,33,12,13,30,24,23,12,40,0,13,11,24,3,11,5,15,28,20,32,6,31,17,16,11,24,5,27,26,9,14,31,39,19,1,27,23,25,31,3,19,22,13,26,24,20,21,5,21,20,2,16,25,1,10,27,38,26,27,9,10,8,0,41,6,4,21,16,9,12,25,29,29,9,1,28,29,4,19,25,8,5,28,23,33,4,3,3,15,14,17,11,33,30,26,17,34,28,8,22,10,13,18,6,19,17,15,16,29,36,7,7,14,2,2,10,7,32,35,33,22,12,0,37,18,18,4,7,1,0,14,20,2,32
initial deal
tiles for 0: 6,8,12,15,18,21,22,23,30,30,31,32,33
tiles for 1: 0,3,5,11,11,12,13,13,15,23,24,24,30
tiles for 2: 5,6,9,11,16,17,20,24,26,27,28,31,32
tiles for 3: 1,3,13,14,19,19,22,23,25,26,27,31,31
prepare play
tiles for 0: 6,8,12,15,18,21,22,23,30,30,31,32,33 []
tiles for 1: 0,3,5,11,11,12,13,13,15,23,24,24,30 []
tiles for 2: 5,6,9,11,16,17,20,24,26,27,28,31,32 []
tiles for 3: 1,3,13,14,19,19,22,23,25,26,27,31,31 []
0 <  24
0  > 12
1 <  12 (5)
1 has [0,3,5,11,12,13,15,23,24,24,30], [[11,12,13]]
1  > 0
2 <  20
2  > 27
3 <  21
3  > 27
0 <  5
0  > 18
1 <  21
1  > 30
0 <  30 (8)
0 has [5,6,8,15,21,22,23,24,31,32,33], [[30,30,30]]
0  > 15
1 <  20
1  > 3
2 <  2
2  > 2
3 <  16
3  > 1
0 <  25
0  > 33
1 <  1
1  > 5
2 <  10
2  > 31
3 <  31 (8)
3 has [3,13,14,16,19,19,21,22,23,25,26], [[31,31,31]]
3  > 3
0 <  27
0  > 31
1 <  38
1 <  26
1  > 1
2 <  27
2  > 27
3 <  9
3  > 9
0 <  10
0  > 27
1 <  8
1  > 8
2 <  0
2  > 0
3 <  41
3 <  6
3  > 6
0 <  4
0  > 10
1 <  21
1  > 26
2 <  16
2  > 32
3 <  9
3  > 9
0 <  12
0  > 12
1 <  25
1  > 15
2 <  15 (4)
2 has [5,6,9,10,11,16,20,20,24,26,28], [[15,16,17]]
2  > 16
3 <  29
3  > 29
0 <  29
0  > 29
1 <  9
1  > 9
2 <  9 (4)
2 has [5,6,9,20,20,24,26,28], [[15,16,17],[9,10,11]]
2  > 9
3 <  1
3  > 1
0 <  28
0  > 28
1 <  29
1  > 29
2 <  4
2  > 28
3 <  19
3  > 25
0 <  25
0  > 32
1 <  8
1  > 8
2 <  5
2  > 5
3 <  28
3  > 26
0 <  23
0  > 8
1 <  33
1  > 33
2 <  4
2  > 4
3 <  3
3  > 3
0 <  3
0  > 3
1 <  15
1  > 15
2 <  14
2  > 14
3 <  17
3  > 22
0 <  22 (5)
0 has [4,5,6,22,23,24,25,25], [[30,30,30],[21,22,23]]
0  > 4
1 <  11
1  > 11
2 <  33
2  > 33
3 <  30
3  > 30
0 <  26
0  > 26
1 <  26 (6)
1 has [11,12,13,20,21,21,23,24], [[11,12,13],[24,25,26]]
1  > 20
2 <  17
2  > 17
3 <  34
3 <  28
3  > 23
0 <  8
0  > 8
1 <  22
Player 1 wins hand 6! (hand took 209ms)
0: -152, hand: 5,6,22,23,24,25,25, [[30,30,30],[21,22,23]], ()
1: 160, hand: 11,12,13,21,21,22,23,24, [[11,12,13],[24,25,26]], (40,38)
2: -92, hand: 4,5,6,20,20,24,26, [[15,16,17],[9,10,11]], ()
3: 84, hand: 13,14,16,17,19,19,19,21,28,28, [[31,31,31]], (39,41,34)

Starting hand 7.
this.hand=7; this.draws=0; config.PRNG.seed(2029552022); this.wind=1; this.windOfTheRound=1;
wall: 3,27,3,23,34,15,36,9,0,26,12,27,24,15,2,27,6,19,1,8,20,5,26,30,16,41,39,21,18,4,25,18,35,5,29,12,25,32,29,23,7,13,15,22,3,31,6,26,30,6,5,19,22,11,20,3,23,25,12,28,10,19,8,19,22,20,11,0,28,30,21,31,4,14,2,17,33,21,12,33,9,5,26,14,24,0,27,2,24,31,7,32,18,4,24,29,10,21,31,38,6,16,13,11,14,7,1,8,14,7,16,2,10,29,33,28,0,18,15,9,17,13,11,17,1,40,4,32,17,33,25,28,23,30,1,37,22,10,32,8,13,20,9,16
initial deal
tiles for 0: 0,2,3,3,9,12,15,15,23,24,26,27,27
tiles for 1: 1,4,5,6,8,16,18,19,20,21,26,27,30
tiles for 2: 5,7,12,13,15,18,22,23,25,25,29,29,32
tiles for 3: 3,3,5,6,6,11,19,20,22,23,26,30,31
prepare play
tiles for 0: 0,2,3,3,9,12,15,15,23,24,26,27,27 []
tiles for 1: 1,4,5,6,8,16,18,19,20,21,26,27,30 []
tiles for 2: 5,7,12,13,15,18,22,23,25,25,29,29,32 []
tiles for 3: 3,3,5,6,6,11,19,20,22,23,26,30,31 []
1 <  25
1  > 30
2 <  12
2  > 18
3 <  28
3  > 30
0 <  10
0  > 2
1 <  19
1  > 1
2 <  8
2  > 32
3 <  19
3  > 11
0 <  22
0  > 0
1 <  20
1  > 16
2 <  11
2  > 15
3 <  0
3  > 3
0 <  28
0  > 3
1 <  30
1  > 30
2 <  21
2  > 5
3 <  31
3  > 0
0 <  4
0  > 4
1 <  4 (4)
1 has [4,8,18,19,19,20,20,21,25,26,27], [[4,5,6]]
1  > 8
2 <  14
2  > 7
3 <  2
3  > 3
0 <  17
0  > 3
1 <  33
1  > 4
2 <  21
2  > 8
3 <  12
3  > 12
0 <  33
0  > 17
1 <  9
1  > 9
2 <  5
2  > 5
3 <  26
3  > 2
0 <  14
0  > 12
1 <  24
1  > 27
0 <  27 (8)
0 has [9,10,14,15,15,22,23,24,26,28,33], [[27,27,27]]
0  > 9
1 <  0
1  > 0
2 <  27
2  > 27
3 <  2
3  > 5
0 <  24
0  > 15
1 <  31
1  > 31
3 <  31 (8)
3 has [2,6,6,19,19,20,22,23,26,26,28], [[31,31,31]]
3  > 6
0 <  7
0  > 7
1 <  32
1  > 32
2 <  18
2  > 18
3 <  4
3  > 4
0 <  24
0  > 10
1 <  29
1  > 29
2 <  10
2  > 12
3 <  21
3  > 2
0 <  31
0  > 31
1 <  38
1 <  6
1  > 6
2 <  16
2  > 16
3 <  13
3  > 6
0 <  11
0  > 11
1 <  14
1  > 14
2 <  7
2  > 7
3 <  1
3  > 1
0 <  8
0  > 8
1 <  14
1  > 14
2 <  7
2  > 7
3 <  16
3  > 16
0 <  2
0  > 2
1 <  10
1  > 10
2 <  29
2  > 10
3 <  33
3  > 13
0 <  13 (4)
0 has [22,23,24,24,24,26,28,33], [[27,27,27],[13,14,15]]
0  > 33
1 <  33 (32)
1 has [18,19,19,20,20,21,24,25,26], [[4,5,6],[33,33]!]
Player 1 wins hand 7! (hand took 234ms)
0: -92, hand: 22,23,24,24,24,26,28, [[27,27,27],[13,14,15]], (34,36)
1: 312, hand: 18,19,19,20,20,21,24,25,26, [[4,5,6],[33,33]!], (41,39,38)
2: -104, hand: 11,12,13,14,21,21,22,23,25,25,29,29,29, [], (35)
3: -116, hand: 19,19,20,21,22,23,26,26,28,33, [[31,31,31]], ()

Starting hand 8.
this.hand=8; this.draws=0; config.PRNG.seed(1295864320); this.wind=1; this.windOfTheRound=1;
wall: 29,21,4,12,16,14,18,32,3,0,22,10,28,4,16,19,32,18,10,27,24,28,9,8,25,9,21,26,30,23,40,22,23,7,15,1,13,2,31,17,2,3,20,13,21,5,30,12,22,23,16,11,12,25,15,7,33,15,17,21,11,34,19,13,14,39,27,19,6,30,32,29,0,10,18,22,1,6,11,3,30,33,35,2,41,26,17,12,1,28,15,18,29,24,26,27,5,16,25,6,36,7,33,8,9,4,6,33,37,27,0,0,10,19,5,24,38,13,7,8,28,20,14,26,8,11,29,17,3,32,4,20,23,31,31,9,31,20,2,5,1,14,24,25
initial deal
tiles for 0: 0,3,4,10,12,14,16,18,21,22,28,29,32
tiles for 1: 4,8,9,9,10,16,18,19,24,25,27,28,32
tiles for 2: 1,2,7,13,15,17,21,22,23,23,26,30,31
tiles for 3: 2,3,5,11,12,12,13,16,20,21,22,23,30
prepare play
tiles for 0: 0,3,4,10,12,14,16,18,21,22,28,29,32 []
tiles for 1: 4,8,9,9,10,16,18,19,24,25,27,28,32 []
tiles for 2: 1,2,7,13,15,17,21,22,23,23,26,30,31 []
tiles for 3: 2,3,5,11,12,12,13,16,20,21,22,23,30 []
1 <  25
1  > 8
2 <  15
2  > 7
3 <  7
3  > 30
0 <  33
0  > 29
1 <  15
1  > 4
2 <  17
2  > 26
3 <  21
3  > 3
0 <  11
0  > 0
1 <  34
1 <  19
1  > 16
2 <  16 (5)
2 has [1,2,13,15,17,21,22,23,23,30,31], [[15,16,17]]
2  > 30
3 <  13
3  > 5
0 <  14
0  > 3
1 <  39
1 <  27
1  > 10
2 <  19
2  > 31
3 <  6
3  > 2
0 <  30
0  > 30
1 <  32
1  > 15
2 <  29
2  > 29
3 <  0
3  > 7
0 <  10
0  > 4
1 <  18
1  > 9
2 <  22
2  > 17
3 <  1
3  > 0
0 <  6
0  > 6
1 <  11
1  > 11
2 <  3
2  > 19
1 <  19 (8)
1 has [9,18,18,24,25,25,27,27,28,32,32], [[19,19,19]]
1  > 9
2 <  30
2  > 30
3 <  33
3  > 1
0 <  35
0 <  2
0  > 2
1 <  41
1 <  26
1  > 28
2 <  17
2  > 13
3 <  12
3  > 6
0 <  1
0  > 1
1 <  28
1  > 28
2 <  15
2  > 15
3 <  18
3  > 16
0 <  29
0  > 29
1 <  24
1  > 24
2 <  24 (6)
2 has [1,2,3,15,17,21,22,23], [[15,16,17],[22,23,24]]
2  > 15
3 <  26
3  > 18
1 <  18 (8)
1 has [24,25,25,26,27,27,32,32], [[19,19,19],[18,18,18]]
1  > 32
2 <  27
2  > 17
3 <  5
3  > 5
0 <  16
0  > 18
1 <  25
1  > 32
2 <  6
2  > 6
3 <  36
3 <  7
3  > 7
0 <  33
0  > 16
1 <  8
1  > 8
2 <  9
2  > 9
3 <  4
3  > 4
0 <  6
0  > 6
1 <  33
1  > 33
0 <  33 (8)
0 has [10,10,11,12,14,14,16,21,22,28,32], [[33,33,33]]
0  > 10
1 <  37
1 <  27
1  > 26
2 <  0
2  > 0
3 <  0
3  > 33
0 <  10
0  > 16
1 <  19
1  > 19
2 <  5
2  > 5
3 <  24
3  > 0
0 <  38
0 <  13
0  > 32
1 <  7
1  > 7
2 <  8
2  > 8
3 <  28
3  > 28
0 <  20
0  > 28
1 <  14
1  > 14
0 <  14 (32)
0 has [10,10,11,12,13,20,21,22], [[33,33,33],[14,14,14]!]
Player 0 wins hand 8! (hand took 269ms)
0: 192, hand: 10,10,11,12,13,20,21,22, [[33,33,33],[14,14,14]!], (35,38)
1: 152, hand: 24,25,25,25,27,27,27, [[19,19,19],[18,18,18]], (34,39,41,37)
2: -180, hand: 1,2,3,21,22,23,27, [[15,16,17],[22,23,24]], (40)
3: -164, hand: 11,12,12,12,13,13,20,21,21,22,23,24,26, [], (36)

Starting hand 9.
this.hand=9; this.draws=0; config.PRNG.seed(989907126); this.wind=2; this.windOfTheRound=1;
wall: 20,16,25,32,12,19,14,11,8,8,12,9,11,10,0,3,29,19,27,31,16,28,9,25,27,13,26,14,0,17,6,30,21,11,21,26,3,29,10,7,0,39,21,29,20,32,30,41,22,5,23,1,33,24,18,27,15,2,15,23,24,33,31,23,33,6,28,22,6,8,20,30,15,25,40,1,28,10,20,3,5,18,4,9,22,24,2,2,31,26,34,14,4,16,19,17,23,16,36,4,21,17,19,26,32,18,7,0,30,1,25,28,9,32,15,10,12,29,11,37,31,2,18,22,7,14,1,13,7,5,27,33,24,12,3,6,8,17,5,38,13,4,35,13
initial deal
tiles for 0: 8,8,9,11,11,12,12,14,16,19,20,25,32
tiles for 1: 0,3,9,10,13,16,19,25,27,27,28,29,31
tiles for 2: 0,3,6,10,11,14,17,21,21,26,26,29,30
tiles for 3: 0,1,5,7,20,21,22,23,24,29,30,32,33
prepare play
tiles for 0: 8,8,9,11,11,12,12,14,16,19,20,25,32 []
tiles for 1: 0,3,9,10,13,16,19,25,27,27,28,29,31 []
tiles for 2: 0,3,6,10,11,14,17,21,21,26,26,29,30 []
tiles for 3: 0,1,5,7,20,21,22,23,24,29,30,32,33 []
2 <  18
2  > 30
3 <  27
3  > 29
0 <  15
0  > 8
1 <  2
1  > 29
2 <  15
2  > 29
3 <  23
3  > 27
1 <  27 (8)
1 has [0,2,3,9,10,13,16,19,25,28,31], [[27,27,27]]
1  > 3
2 <  24
2  > 6
3 <  33
3  > 7
0 <  31
0  > 8
1 <  23
1  > 0
2 <  33
2  > 0
3 <  6
3  > 6
0 <  28
0  > 25
1 <  22
1  > 2
2 <  6
2  > 3
3 <  8
3  > 5
0 <  20
0  > 16
1 <  30
1  > 30
2 <  15
2  > 6
3 <  25
3  > 0
0 <  40
0 <  1
0  > 1
1 <  28
1  > 10
2 <  10
2  > 18
3 <  20
3  > 1
0 <  3
0  > 3
1 <  5
1  > 5
2 <  18
2  > 18
3 <  4
3  > 4
0 <  9
0  > 12
1 <  22
1  > 13
2 <  13 (4)
2 has [10,10,11,15,17,21,21,24,26,26,33], [[13,14,15]]
2  > 33
3 <  33 (8)
3 has [8,20,20,21,22,23,23,24,25,30,32], [[33,33,33]]
3  > 8
0 <  24
0  > 24
1 <  2
1  > 2
2 <  2
2  > 2
3 <  31
3  > 23
0 <  26
0  > 26
1 <  34
1 <  14
1  > 9
2 <  9 (4)
2 has [10,15,17,21,21,24,26,26], [[13,14,15],[9,10,11]]
2  > 10
3 <  4
3  > 4
0 <  16
0  > 11
1 <  19
1  > 14
2 <  17
2  > 15
3 <  23
3  > 25
0 <  16
0  > 9
1 <  36
1 <  4
1  > 4
2 <  21
2  > 21
3 <  17
3  > 17
0 <  19
0  > 16
1 <  26
1  > 16
2 <  32
2  > 32
3 <  18
3  > 22
1 <  22 (8)
1 has [19,19,23,25,26,28,28,31], [[27,27,27],[22,22,22]]
1  > 31
2 <  7
2  > 7
3 <  0
3  > 0
0 <  30
0  > 30
1 <  1
1  > 1
2 <  25
2  > 25
3 <  28
3  > 30
0 <  9
0  > 32
1 <  32
1  > 32
2 <  15
2  > 15
3 <  10
3  > 32
0 <  12
0  > 28
1 <  28 (8)
1 has [19,19,23,25,26], [[27,27,27],[22,22,22],[28,28,28]]
1  > 23
3 <  23 (8)
3 has [10,18,20,20,21,24,28,31], [[33,33,33],[23,23,23]]
3  > 10
0 <  10 (5)
0 has [9,12,12,14,15,16,19,19,20,20,31], [[9,10,11]]
0  > 9
1 <  29
1  > 29
2 <  11
2  > 11
3 <  37
3 <  31
3  > 28
0 <  2
0  > 2
1 <  18
1  > 18
2 <  22
2  > 24
1 <  24 (32)
1 has [19,19], [[27,27,27],[22,22,22],[28,28,28],[24,25,26]!]
Player 1 wins hand 9! (hand took 262ms)
0: -296, hand: 12,12,14,15,16,19,19,20,20,31, [[9,10,11]], (40)
1: 896, hand: 19,19, [[27,27,27],[22,22,22],[28,28,28],[24,25,26]!], (34,36)
2: -612, hand: 17,17,21,21,22,26,26, [[13,14,15],[9,10,11]], ()
3: 12, hand: 18,20,20,21,24,31,31, [[33,33,33],[23,23,23]], (39,41,37)

Starting hand 10.
this.hand=10; this.draws=0; config.PRNG.seed(1819184024); this.wind=3; this.windOfTheRound=1;
wall: 19,5,15,17,15,28,32,19,7,24,7,24,20,21,18,33,0,20,26,23,39,30,26,12,22,37,4,28,38,27,9,29,15,5,12,11,31,25,33,18,41,32,20,22,6,3,25,2,3,8,24,29,10,35,6,23,13,8,0,16,17,19,36,32,14,4,18,11,9,21,3,21,23,8,14,8,27,2,13,27,17,28,26,24,34,3,0,15,17,4,10,12,27,11,4,9,25,7,12,9,31,16,10,6,11,22,29,30,1,25,0,18,2,30,30,33,16,28,13,19,16,10,29,26,31,5,31,6,33,21,1,1,22,32,13,40,2,20,14,5,7,23,14,1
initial deal
tiles for 0: 5,7,7,15,15,17,19,19,20,24,24,28,32
tiles for 1: 0,4,12,18,20,21,22,23,26,26,28,30,33
tiles for 2: 5,9,11,12,15,18,20,25,27,29,31,32,33
tiles for 3: 2,3,3,6,6,8,10,13,22,23,24,25,29
prepare play
tiles for 0: 5,7,7,15,15,17,19,19,20,24,24,28,32 []
tiles for 1: 0,4,12,18,20,21,22,23,26,26,28,30,33 []
tiles for 2: 5,9,11,12,15,18,20,25,27,29,31,32,33 []
tiles for 3: 2,3,3,6,6,8,10,13,22,23,24,25,29 []
3 <  8
3  > 29
0 <  0
0  > 17
1 <  16
1  > 30
2 <  17
2  > 27
3 <  19
3  > 24
0 <  24 (8)
0 has [0,5,7,7,15,15,19,19,20,28,32], [[24,24,24]]
0  > 15
1 <  36
1 <  32
1  > 4
2 <  14
2  > 29
3 <  4
3  > 25
0 <  18
0  > 15
1 <  11
1  > 0
2 <  9
2  > 25
3 <  21
3  > 19
0 <  19 (8)
0 has [0,5,7,7,18,20,28,32], [[24,24,24],[19,19,19]]
0  > 0
1 <  3
1  > 3
2 <  21
2  > 5
3 <  23
3  > 21
0 <  8
0  > 8
1 <  14
1  > 16
2 <  16 (6)
2 has [9,9,11,12,17,18,20,21,31,32,33], [[14,15,16]]
2  > 21
3 <  8
3  > 23
0 <  27
0  > 27
1 <  2
1  > 2
2 <  13
2  > 20
3 <  27
3  > 22
0 <  17
0  > 17
1 <  28
1  > 12
2 <  26
2  > 26
1 <  26 (8)
1 has [11,14,18,20,21,22,23,28,28,32,33], [[26,26,26]]
1  > 11
2 <  11 (4)
2 has [9,9,11,17,18,31,32,33], [[14,15,16],[11,12,13]]
2  > 18
3 <  24
3  > 23
0 <  34
0 <  3
0  > 5
1 <  0
1  > 14
2 <  15
2  > 31
3 <  17
3  > 24
0 <  4
0  > 3
1 <  10
1  > 0
2 <  12
2  > 33
3 <  27
3  > 17
0 <  11
0  > 11
1 <  4
1  > 10
2 <  10 (5)
2 has [9,12,15,17,32], [[14,15,16],[11,12,13],[9,10,11]]
2  > 12
3 <  9
3  > 13
0 <  25
0  > 7
1 <  7
1  > 7
2 <  12
2  > 9
3 <  9
3  > 3
0 <  31
0  > 7
1 <  16
1  > 4
2 <  10
2  > 32
3 <  6
3  > 3
0 <  11
0  > 11
1 <  22
1  > 16
2 <  16 (5)
2 has [10,12], [[14,15,16],[11,12,13],[9,10,11],[15,16,17]]
2  > 10
3 <  29
3  > 29
0 <  30
0  > 4
1 <  1
1  > 1
2 <  25
2  > 12
3 <  0
3  > 10
0 <  18
0  > 25
1 <  2
1  > 2
2 <  30
2  > 25
3 <  30
3  > 30
2 <  30 (32)
2 has [], [[14,15,16],[11,12,13],[9,10,11],[15,16,17],[30,30]!]
Player 2 wins hand 10! (hand took 220ms)
0: -100, hand: 18,18,20,28,30,31,32, [[24,24,24],[19,19,19]], (34)
1: -70, hand: 18,20,21,22,22,23,28,28,32,33, [[26,26,26]], (39,37,36)
2: 320, hand: , [[14,15,16],[11,12,13],[9,10,11],[15,16,17],[30,30]!], (38,41)
3: -150, hand: 0,2,4,6,6,6,8,8,8,9,9,27,27, [], (35)

Starting hand 11.
this.hand=11; this.draws=0; config.PRNG.seed(1727824148); this.wind=0; this.windOfTheRound=2;
wall: 16,3,6,26,9,13,32,4,26,14,8,6,24,25,2,2,5,5,17,16,21,23,25,13,31,32,3,28,17,32,20,11,29,37,18,20,18,33,14,7,8,28,11,9,21,16,33,1,39,27,15,23,13,23,15,4,18,9,21,29,5,12,1,11,20,27,30,19,0,10,31,25,3,19,31,21,0,2,7,20,8,10,28,4,6,32,33,30,6,41,22,26,31,15,14,22,18,2,10,17,25,22,12,15,1,12,30,40,29,38,13,1,26,29,4,0,24,33,7,7,34,0,36,8,16,19,12,24,19,5,3,27,23,27,22,24,14,30,35,9,17,28,11,10
initial deal
tiles for 0: 3,4,6,6,8,9,13,14,16,24,26,26,32
tiles for 1: 2,2,5,5,13,16,17,21,23,25,25,31,32
tiles for 2: 3,7,11,14,17,18,18,20,20,28,29,32,33
tiles for 3: 1,8,9,11,13,15,16,21,23,23,27,28,33
prepare play
tiles for 0: 3,4,6,6,8,9,13,14,16,24,26,26,32 []
tiles for 1: 2,2,5,5,13,16,17,21,23,25,25,31,32 []
tiles for 2: 3,7,11,14,17,18,18,20,20,28,29,32,33 []
tiles for 3: 1,8,9,11,13,15,16,21,23,23,27,28,33 []
0 <  15
0  > 13
1 <  4
1  > 13
2 <  18
2  > 28
3 <  9
3  > 27
0 <  21
0  > 15
1 <  29
1  > 17
2 <  5
2  > 7
3 <  12
3  > 8
0 <  1
0  > 9
1 <  11
1  > 16
2 <  20
2  > 5
3 <  27
3  > 27
0 <  30
0  > 30
1 <  19
1  > 11
2 <  0
2  > 0
3 <  10
3  > 1
0 <  31
0  > 16
1 <  25
1  > 2
2 <  3
2  > 3
3 <  19
3  > 21
0 <  31
0  > 14
1 <  21
1  > 2
2 <  0
2  > 0
3 <  2
3  > 2
0 <  7
0  > 21
1 <  20
1  > 4
2 <  8
2  > 8
3 <  10
3  > 19
0 <  28
0  > 28
1 <  4
1  > 5
2 <  6
2  > 6
3 <  32
3  > 23
0 <  33
0  > 6
1 <  30
1  > 4
2 <  6
2  > 6
3 <  41
3 <  22
3  > 22
0 <  26
0  > 6
1 <  31
1  > 5
2 <  15
2  > 3
3 <  14
3  > 23
0 <  22
0  > 8
1 <  18
1  > 32
2 <  2
2  > 2
3 <  10
3  > 28
0 <  17
0  > 17
1 <  25
1 locks [25,25,25,25]
1 <  22 (supplement)
1  > 30
2 <  12
2  > 18
3 <  15
3  > 33
0 <  1
0  > 4
1 <  12
1  > 12
2 <  30
2  > 30
3 <  40
3 <  29
3  > 32
0 <  38
0 <  13
0  > 13
1 <  1
1  > 1
2 <  26
2  > 26
0 <  26 (16)
0 has [1,1,3,7,22,24,31,31,32,33], [[26,26,26,26]]
0 <  29
0  > 7
1 <  4
1  > 4
2 <  0
2  > 0
3 <  24
3  > 24
0 <  33
0  > 3
1 <  7
1  > 7
2 <  7
2  > 7
3 <  34
3 <  0
3  > 0
0 <  36
0 <  8
0  > 8
1 <  16
1  > 16
2 <  16 (6)
2 has [11,12,17,18,18,20,20,20,29,32,33], [[14,15,16]]
2  > 17
3 <  17 (6)
3 has [9,9,10,10,10,11,12,13,14,15,29], [[15,16,17]]
3  > 29
0 <  19
0  > 19
1 <  12
1  > 12
2 <  24
2  > 24
Hand was a draw.

Restarting hand 11.
this.hand=11; this.draws=1; config.PRNG.seed(140712472); this.wind=0; this.windOfTheRound=2;
wall: 4,14,5,20,38,20,33,33,3,34,13,33,41,17,15,20,28,12,2,32,1,8,17,28,24,19,15,26,17,25,18,8,7,7,14,15,6,9,19,0,1,23,25,16,25,0,17,6,13,32,37,19,11,10,12,9,24,12,10,30,31,0,2,11,11,28,6,32,30,30,5,29,9,26,6,19,26,21,7,4,1,29,5,3,24,21,22,15,21,8,18,11,32,4,29,25,30,2,14,23,29,28,14,1,39,16,23,9,10,22,20,3,22,35,27,24,3,27,16,8,18,4,5,31,12,10,31,18,7,16,26,13,36,0,23,2,13,27,21,31,22,40,33,27
initial deal
tiles for 0: 3,4,5,13,14,15,17,20,20,20,33,33,33
tiles for 1: 1,2,8,12,15,17,17,19,24,26,28,28,32
tiles for 2: 0,1,6,7,7,8,9,14,15,18,19,23,25
tiles for 3: 0,6,9,10,11,12,13,16,17,19,25,25,32
prepare play
tiles for 0: 3,4,5,13,14,15,17,20,20,20,33,33,33 []
tiles for 1: 1,2,8,12,15,17,17,19,24,26,28,28,32 []
tiles for 2: 0,1,6,7,7,8,9,14,15,18,19,23,25 []
tiles for 3: 0,6,9,10,11,12,13,16,17,19,25,25,32 []
0 <  24
0  > 5
1 <  12
1  > 8
2 <  10
2  > 23
3 <  30
3  > 30
0 <  31
0  > 4
1 <  0
1  > 2
2 <  2
2  > 25
3 <  11
3  > 0
0 <  11
0  > 3
1 <  28
1  > 0
2 <  6
2  > 19
3 <  32
3  > 6
0 <  30
0  > 30
1 <  30
1  > 1
2 <  5
2  > 18
3 <  29
3  > 19
0 <  9
0  > 24
1 <  26
1  > 19
2 <  6
2  > 1
3 <  19
3  > 19
0 <  26
0  > 26
1 <  26 (8)
1 has [12,12,15,17,17,24,28,28,28,30,32], [[26,26,26]]
1  > 24
2 <  21
2  > 21
3 <  7
3  > 7
0 <  4
0  > 4
1 <  1
1  > 1
2 <  29
2  > 6
3 <  5
3  > 5
0 <  3
0  > 3
1 <  24
1  > 24
2 <  21
2  > 21
3 <  22
3  > 25
0 <  15
0  > 11
1 <  21
1  > 21
2 <  8
2  > 2
3 <  18
3  > 22
0 <  11
0  > 13
1 <  32
1  > 17
2 <  4
2  > 6
3 <  29
3  > 25
0 <  25
0  > 25
1 <  30
1  > 30
2 <  2
2  > 29
3 <  29 (8)
3 has [9,10,11,11,12,13,16,17,18,32,32], [[29,29,29]]
3  > 18
0 <  14
0  > 31
1 <  23
1  > 30
2 <  29
2  > 29
3 <  28
3  > 28
1 <  28 (16)
1 has [12,12,15,17,23,32,32], [[26,26,26],[28,28,28,28]]
1 <  14
1  > 23
2 <  1
2  > 9
3 <  39
3 <  16
3  > 16
0 <  16 (6)
0 has [9,11,14,15,17,20,20,20,33,33,33], [[14,15,16]]
0  > 9
1 <  23
1  > 23
2 <  9
2  > 14
3 <  10
3  > 10
0 <  22
0  > 11
1 <  20
1  > 20
0 <  20 (16)
0 has [14,15,17,22,33,33,33], [[14,15,16],[20,20,20,20]]
0 <  3
0  > 3
1 <  22
1  > 22
2 <  35
2 <  27
2  > 27
3 <  24
3  > 24
0 <  3
0  > 3
1 <  27
1  > 27
2 <  16
2  > 10
3 <  8
3  > 8
2 <  8 (8)
2 has [0,1,2,4,5,6,7,7,9,15,16], [[8,8,8]]
2  > 9
3 <  18
3  > 18
0 <  4
0  > 4
1 <  5
1  > 5
2 <  31
2  > 31
3 <  12
3  > 12
1 <  12 (8)
1 has [14,15,17,32,32], [[26,26,26],[28,28,28,28],[12,12,12]]
1  > 17
2 <  17 (32)
2 has [0,1,2,4,5,6,7,7], [[8,8,8],[15,16,17]!]
Player 2 wins hand 11! (hand took 276ms)
0: 308, hand: 14,15,17,22,33,33,33, [[14,15,16],[20,20,20,20]], (38,34,41)
1: -198, hand: 14,15,32,32, [[26,26,26],[28,28,28,28],[12,12,12]], ()
2: 72, hand: 0,1,2,4,5,6,7,7, [[8,8,8],[15,16,17]!], (35)
3: -182, hand: 9,10,11,11,12,13,16,17,32,32, [[29,29,29]], (37,39)

Starting hand 12.
this.hand=12; this.draws=0; config.PRNG.seed(1194002245); this.wind=1; this.windOfTheRound=2;
wall: 33,15,4,27,9,6,21,40,18,20,2,16,11,17,4,2,12,24,10,29,9,19,19,8,30,23,5,7,41,33,5,6,25,29,32,24,10,18,28,8,0,14,26,1,28,28,30,31,11,15,15,31,21,0,17,17,10,20,7,11,29,38,30,37,6,16,19,26,25,17,3,22,20,2,22,1,25,39,27,27,34,22,25,30,3,7,20,28,6,32,14,3,23,5,13,1,21,0,26,5,13,31,13,14,4,33,27,23,24,32,31,14,15,1,23,3,16,11,36,32,33,18,8,29,19,26,9,12,18,22,21,13,2,12,0,35,4,12,16,7,10,8,9,24
initial deal
tiles for 0: 2,4,6,9,11,15,16,17,18,20,21,27,33
tiles for 1: 2,4,5,8,9,10,12,19,19,23,24,29,30
tiles for 2: 0,5,6,7,8,10,18,24,25,28,29,32,33
tiles for 3: 0,1,11,14,15,15,21,26,28,28,30,31,31
prepare play
tiles for 0: 2,4,6,9,11,15,16,17,18,20,21,27,33 []
tiles for 1: 2,4,5,8,9,10,12,19,19,23,24,29,30 []
tiles for 2: 0,5,6,7,8,10,18,24,25,28,29,32,33 []
tiles for 3: 0,1,11,14,15,15,21,26,28,28,30,31,31 []
1 <  17
1  > 30
2 <  17
2  > 28
3 <  28 (8)
3 has [0,1,11,14,15,15,21,26,30,31,31], [[28,28,28]]
3  > 30
0 <  10
0  > 27
1 <  20
1  > 8
2 <  7
2  > 17
3 <  11
3  > 26
0 <  29
0  > 6
1 <  38
1 <  30
1  > 30
2 <  37
2 <  6
2  > 24
3 <  16
3  > 21
0 <  19
0  > 2
1 <  26
1  > 2
2 <  25
2  > 18
3 <  17
3  > 0
0 <  3
0  > 4
1 <  22
1  > 5
2 <  20
2  > 20
3 <  2
3  > 2
0 <  22
0  > 3
1 <  1
1  > 1
2 <  25
2  > 25
3 <  39
3 <  27
3  > 27
0 <  27
0  > 27
1 <  34
1 <  22
1  > 4
2 <  25
2  > 25
3 <  30
3  > 30
0 <  3
0  > 3
1 <  7
1  > 7
2 <  20
2  > 20
3 <  28
3  > 28
0 <  6
0  > 6
1 <  32
1  > 9
2 <  14
2  > 25
3 <  3
3  > 3
0 <  23
0  > 11
3 <  11 (8)
3 has [1,14,15,15,16,17,31,31], [[28,28,28],[11,11,11]]
3  > 1
0 <  5
0  > 5
1 <  13
1  > 10
2 <  1
2  > 25
3 <  21
3  > 21
0 <  21 (4)
0 has [9,10,15,16,17,18,19,20,21,29,33], [[21,22,23]]
0  > 16
1 <  0
1  > 0
2 <  26
2  > 26
3 <  5
3  > 5
0 <  13
0  > 13
1 <  31
1  > 17
2 <  13
2  > 10
3 <  14
3  > 14
0 <  4
0  > 4
1 <  33
1  > 13
2 <  27
2  > 27
3 <  23
3  > 23
0 <  24
0  > 9
1 <  32
1  > 12
2 <  12 (4)
2 has [0,1,5,6,6,7,7,8,29,32,33], [[12,13,14]]
2  > 0
3 <  31
3  > 31
0 <  14
0  > 15
1 <  15
1  > 15
2 <  1
2  > 29
3 <  23
3  > 23
0 <  3
0  > 3
1 <  16
1  > 16
3 <  16 (32)
3 has [15,16,17,31,31], [[28,28,28],[11,11,11],[14,15,16]!]
Player 3 wins hand 12! (hand took 238ms)
0: -72, hand: 10,14,17,18,19,20,21,24,29,33, [[21,22,23]], (40)
1: -64, hand: 19,19,20,22,22,23,24,26,29,31,32,32,33, [], (38,34)
2: -40, hand: 1,1,5,6,6,7,7,8,32,33, [[12,13,14]], (41,37)
3: 176, hand: 15,16,17,31,31, [[28,28,28],[11,11,11],[14,15,16]!], (39)

Starting hand 13.
this.hand=13; this.draws=0; config.PRNG.seed(34634001); this.wind=2; this.windOfTheRound=2;
wall: 8,25,1,19,4,30,8,7,25,33,15,22,23,7,13,3,32,40,5,20,29,16,25,5,32,15,17,41,24,7,13,28,2,1,4,8,13,9,14,27,2,17,10,5,36,33,28,12,4,12,26,24,37,9,21,4,2,1,6,38,16,23,18,30,23,0,25,29,35,10,7,11,17,33,8,28,27,3,0,11,1,14,34,16,9,20,15,22,32,29,24,19,27,24,21,31,17,12,31,33,22,20,3,20,18,5,6,10,9,30,29,14,31,12,39,32,26,18,26,21,3,21,23,0,19,30,6,13,15,22,0,27,2,16,28,11,11,26,14,6,10,18,31,19
initial deal
tiles for 0: 1,4,7,8,8,15,19,22,23,25,25,30,33
tiles for 1: 3,5,5,7,13,15,16,17,20,25,29,32,32
tiles for 2: 1,2,2,4,7,8,9,13,13,14,24,27,28
tiles for 3: 4,4,5,9,10,12,12,17,21,24,26,28,33
prepare play
tiles for 0: 1,4,7,8,8,15,19,22,23,25,25,30,33 []
tiles for 1: 3,5,5,7,13,15,16,17,20,25,29,32,32 []
tiles for 2: 1,2,2,4,7,8,9,13,13,14,24,27,28 []
tiles for 3: 4,4,5,9,10,12,12,17,21,24,26,28,33 []
2 <  2
2  > 28
3 <  1
3  > 28
0 <  6
0  > 30
1 <  38
1 <  16
1  > 5
2 <  23
2  > 23
3 <  18
3  > 17
0 <  30
0  > 30
1 <  23
1  > 3
2 <  0
2  > 24
3 <  25
3  > 1
0 <  29
0  > 15
1 <  35
1 <  10
1  > 7
2 <  7
2  > 9
3 <  11
3  > 5
0 <  17
0  > 17
1 <  33
1  > 5
2 <  8
2  > 7
3 <  28
3  > 28
0 <  27
0  > 27
1 <  3
1  > 3
2 <  0
2  > 0
3 <  11
3  > 4
0 <  1
0  > 19
1 <  14
1  > 20
2 <  34
2 <  16
2  > 0
3 <  9
3  > 4
0 <  20
0  > 7
1 <  15
1  > 15
2 <  15 (6)
2 has [1,2,2,2,4,7,8,8,13,16,27], [[13,14,15]]
2  > 16
3 <  22
3  > 25
0 <  32
0  > 6
1 <  29
1  > 13
2 <  24
2  > 24
3 <  19
3  > 26
0 <  27
0  > 27
1 <  24
1  > 17
2 <  21
2  > 21
3 <  31
3  > 21
0 <  21 (5)
0 has [1,1,4,8,8,23,25,25,29,32,33], [[20,21,22]]
0  > 4
1 <  17
1  > 10
2 <  12
2  > 1
3 <  31
3  > 24
0 <  24 (5)
0 has [1,1,8,8,25,29,32,33], [[20,21,22],[23,24,25]]
0  > 25
1 <  33
1  > 15
2 <  22
2  > 22
3 <  20
3  > 19
0 <  3
0  > 8
1 <  20
1  > 14
2 <  14 (6)
2 has [2,2,2,4,7,8,8,27], [[13,14,15],[12,13,14]]
2  > 4
3 <  18
3  > 18
0 <  5
0  > 5
1 <  6
1  > 6
2 <  10
2  > 10
3 <  10 (5)
3 has [9,10,11,12,12,18,20,22,31,31,33], [[9,10,11]]
3  > 22
0 <  9
0  > 9
1 <  30
1  > 30
2 <  29
2  > 7
3 <  14
3  > 20
0 <  31
0  > 8
2 <  8 (8)
2 has [2,2,2,27,29], [[13,14,15],[12,13,14],[8,8,8]]
2  > 29
1 <  29 (8)
1 has [16,16,17,20,23,24,25,32,32,33,33], [[29,29,29]]
1  > 20
2 <  12
2  > 12
3 <  12 (8)
3 has [9,10,11,14,18,31,31,33], [[9,10,11],[12,12,12]]
3  > 18
0 <  39
0 <  32
0  > 29
1 <  26
1  > 17
2 <  18
2  > 18
3 <  26
3  > 26
0 <  21
0  > 21
1 <  3
1  > 3
2 <  21
2  > 21
3 <  23
3  > 23
0 <  0
0  > 31
3 <  31 (8)
3 has [9,10,11,14,33], [[9,10,11],[12,12,12],[31,31,31]]
3  > 14
0 <  19
0  > 19
1 <  30
1  > 30
2 <  6
2  > 6
3 <  13
3  > 13
Hand was a draw.

Restarting hand 13.
this.hand=13; this.draws=1; config.PRNG.seed(725317832); this.wind=2; this.windOfTheRound=2;
wall: 19,12,20,14,20,13,5,29,20,24,27,27,8,1,31,19,28,5,13,14,26,13,31,22,8,14,24,4,23,10,27,0,21,23,1,7,3,11,32,16,34,28,18,37,16,3,18,32,22,18,6,9,6,25,30,21,33,26,14,8,25,30,7,32,24,29,40,12,2,15,31,39,30,23,12,18,8,0,32,7,2,24,33,30,2,0,11,6,38,15,28,22,4,33,21,15,19,17,10,41,3,6,10,9,1,11,10,29,25,5,3,11,7,28,17,0,17,27,19,25,17,1,26,9,36,9,21,20,4,16,33,22,2,15,5,35,4,13,12,23,29,31,16,26
initial deal
tiles for 0: 5,8,12,13,14,19,20,20,20,24,27,27,29
tiles for 1: 1,5,8,13,13,14,14,19,22,26,28,31,31
tiles for 2: 0,1,3,4,7,10,11,21,23,23,24,27,32
tiles for 3: 3,6,6,9,16,16,18,18,18,22,25,28,32
prepare play
tiles for 0: 5,8,12,13,14,19,20,20,20,24,27,27,29 []
tiles for 1: 1,5,8,13,13,14,14,19,22,26,28,31,31 []
tiles for 2: 0,1,3,4,7,10,11,21,23,23,24,27,32 []
tiles for 3: 3,6,6,9,16,16,18,18,18,22,25,28,32 []
2 <  30
2  > 30
3 <  21
3  > 28
0 <  33
0  > 5
1 <  26
1  > 5
2 <  14
2  > 23
3 <  8
3  > 8
0 <  25
0  > 8
1 <  30
1  > 30
2 <  7
2  > 21
3 <  32
3  > 6
0 <  24
0  > 13
1 <  29
1  > 1
2 <  40
2 <  12
2  > 23
3 <  2
3  > 6
0 <  15
0  > 15
1 <  31
1  > 8
2 <  39
2 <  30
2  > 30
3 <  23
3  > 3
0 <  12
0  > 14
1 <  18
1  > 13
2 <  13 (6)
2 has [0,1,3,4,7,7,10,14,24,27,32], [[11,12,13]]
2  > 24
0 <  24 (8)
0 has [12,12,19,20,20,20,25,27,27,29,33], [[24,24,24]]
0  > 12
1 <  8
1  > 8
2 <  0
2  > 14
3 <  32
3  > 2
0 <  7
0  > 7
1 <  2
1  > 2
2 <  24
2  > 24
3 <  33
3  > 9
0 <  30
0  > 30
1 <  2
1  > 2
2 <  0
2  > 10
3 <  11
3  > 11
0 <  6
0  > 6
1 <  38
1 <  15
1  > 14
2 <  28
2  > 28
3 <  22
3  > 25
0 <  4
0  > 4
1 <  33
1  > 13
2 <  21
2  > 21
3 <  15
3  > 23
0 <  19
0  > 12
1 <  17
1  > 22
3 <  22 (8)
3 has [15,16,16,18,18,18,21,32,32,32,33], [[22,22,22]]
3  > 21
0 <  21 (6)
0 has [19,20,20,25,27,27,29,33], [[24,24,24],[19,20,21]]
0  > 25
1 <  10
1  > 10
2 <  41
2 <  3
2  > 27
0 <  27 (8)
0 has [19,20,20,29,33], [[24,24,24],[19,20,21],[27,27,27]]
0  > 33
1 <  6
1  > 6
2 <  10
2  > 10
3 <  9
3  > 9
0 <  1
0  > 1
1 <  11
1  > 11
2 <  10
2  > 10
3 <  29
3  > 33
0 <  25
0  > 25
1 <  5
1  > 5
2 <  5 (6)
2 has [0,0,0,1,3,7,7,32], [[11,12,13],[3,4,5]]
2  > 32
3 <  32 (16)
3 has [15,16,16,18,18,18,29], [[22,22,22],[32,32,32,32]]
3 <  3
3  > 3
0 <  11
0  > 11
1 <  7
1  > 7
2 <  28
2  > 28
3 <  17
3  > 29
0 <  0
0  > 0
2 <  0 (16)
2 has [1,3,7,7], [[11,12,13],[3,4,5],[0,0,0,0]]
2 <  17
2  > 17
3 <  27
3  > 27
0 <  19
0  > 29
1 <  25
1  > 28
2 <  17
2  > 17
3 <  1
3  > 1
0 <  26
0  > 26
1 <  26 (8)
1 has [14,15,17,18,19,25,29,31,31,31,33], [[26,26,26]]
1  > 25
2 <  9
2  > 9
3 <  36
3 <  9
3  > 9
0 <  21
0  > 21
1 <  20
1  > 33
Hand was a draw.

Restarting hand 13.
this.hand=13; this.draws=2; config.PRNG.seed(1898311382); this.wind=2; this.windOfTheRound=2;
wall: 25,22,27,10,3,17,25,23,35,5,33,13,12,29,7,8,14,3,20,3,20,32,21,24,11,41,19,4,1,20,8,12,18,18,15,28,19,34,33,28,13,28,17,1,6,27,21,26,18,10,15,9,6,32,18,30,26,17,37,10,31,6,2,26,31,5,9,14,27,15,21,16,2,32,7,7,11,17,33,13,12,29,30,5,19,23,33,14,7,22,38,2,16,10,1,1,3,36,6,0,24,31,11,23,26,40,9,28,8,25,4,8,21,0,4,14,0,25,20,2,31,4,24,29,5,15,22,19,29,23,9,22,12,27,16,30,0,30,11,24,16,39,13,32
initial deal
tiles for 0: 3,5,10,12,13,17,22,23,25,25,27,29,33
tiles for 1: 3,3,4,7,8,11,14,19,20,20,21,24,32
tiles for 2: 1,8,12,13,15,18,18,19,20,28,28,28,33
tiles for 3: 1,6,6,9,10,15,17,18,18,21,26,27,32
prepare play
tiles for 0: 3,5,10,12,13,17,22,23,25,25,27,29,33 []
tiles for 1: 3,3,4,7,8,11,14,19,20,20,21,24,32 []
tiles for 2: 1,8,12,13,15,18,18,19,20,28,28,28,33 []
tiles for 3: 1,6,6,9,10,15,17,18,18,21,26,27,32 []
2 <  30
2  > 30
3 <  26
3  > 27
0 <  17
0  > 27
1 <  37
1 <  10
1  > 10
2 <  31
2  > 1
3 <  6
3  > 1
0 <  2
0  > 2
1 <  26
1  > 14
2 <  14 (6)
2 has [8,15,18,18,19,20,28,28,28,31,33], [[12,13,14]]
2  > 8
3 <  31
3  > 6
0 <  5
0  > 5
1 <  9
1  > 11
2 <  14
2  > 28
3 <  27
3  > 27
0 <  15
0  > 5
1 <  21
1  > 9
2 <  16
2  > 20
3 <  2
3  > 6
0 <  32
0  > 3
1 <  7
1  > 7
2 <  7
2  > 7
3 <  11
3  > 6
0 <  17
0  > 13
1 <  33
1  > 7
2 <  13
2  > 19
3 <  12
3  > 2
0 <  29
0  > 32
1 <  30
1  > 30
2 <  5
2  > 5
3 <  19
3  > 31
0 <  23
0  > 33
1 <  33
1  > 8
2 <  14
2  > 33
1 <  33 (8)
1 has [3,3,4,19,20,20,21,21,24,26,32], [[33,33,33]]
1  > 32
2 <  7
2  > 7
3 <  22
3  > 32
0 <  38
0 <  2
0  > 2
1 <  2 (4)
1 has [3,19,20,20,21,21,24,26], [[33,33,33],[2,3,4]]
1  > 3
2 <  16
2  > 31
3 <  10
3  > 15
0 <  1
0  > 1
1 <  1
1  > 1
2 <  3
2  > 3
3 <  36
3 <  6
3  > 17
0 <  17 (16)
0 has [10,12,15,22,23,23,25,25,29,29], [[17,17,17,17]]
0 <  0
0  > 0
1 <  24
1  > 26
3 <  26 (8)
3 has [6,9,10,10,11,12,18,18,19,21,22], [[26,26,26]]
3  > 6
0 <  31
0  > 15
1 <  11
1  > 11
2 <  23
2  > 23
0 <  23 (8)
0 has [10,12,22,25,25,29,29,31], [[17,17,17,17],[23,23,23]]
0  > 22
1 <  22 (32)
1 has [19,20,21,24,24], [[33,33,33],[2,3,4],[20,21,22]!]
Player 1 wins hand 13! (hand took 172ms)
0: 0, hand: 10,12,25,25,29,29,31, [[17,17,17,17],[23,23,23]], (35,38)
1: 176, hand: 19,20,21,24,24, [[33,33,33],[2,3,4],[20,21,22]!], (41,37)
2: -120, hand: 13,14,14,15,16,16,18,18,28,28, [[12,13,14]], (34)
3: -56, hand: 9,10,10,11,12,18,18,19,21,22, [[26,26,26]], (36)

Starting hand 14.
this.hand=14; this.draws=0; config.PRNG.seed(1122373134); this.wind=3; this.windOfTheRound=2;
wall: 15,7,10,38,33,25,14,17,30,32,18,18,5,5,21,10,15,20,11,19,8,2,33,14,10,31,27,13,25,2,27,4,3,0,32,12,21,1,9,18,2,9,19,6,22,1,18,17,14,17,7,11,13,29,9,21,31,23,3,24,26,16,7,4,25,11,2,25,12,3,32,26,21,5,1,26,22,14,8,39,0,0,29,6,17,35,29,28,36,3,20,28,1,16,31,34,27,6,24,32,40,12,30,28,22,24,9,23,29,19,0,8,13,28,15,15,41,16,6,31,33,37,24,30,4,16,4,12,20,7,8,20,26,27,22,30,33,10,23,11,19,13,5,23
initial deal
tiles for 0: 5,5,7,10,14,15,17,18,18,25,30,32,33
tiles for 1: 2,8,10,10,11,14,15,19,20,21,27,31,33
tiles for 2: 0,1,2,3,4,9,12,13,18,21,25,27,32
tiles for 3: 1,2,6,7,9,11,13,14,17,17,18,19,22
prepare play
tiles for 0: 5,5,7,10,14,15,17,18,18,25,30,32,33 []
tiles for 1: 2,8,10,10,11,14,15,19,20,21,27,31,33 []
tiles for 2: 0,1,2,3,4,9,12,13,18,21,25,27,32 []
tiles for 3: 1,2,6,7,9,11,13,14,17,17,18,19,22 []
3 <  29
3  > 19
0 <  9
0  > 25
1 <  21
1  > 27
2 <  31
2  > 27
3 <  23
3  > 18
0 <  3
0  > 7
1 <  24
1  > 8
2 <  26
2  > 18
3 <  16
3  > 23
0 <  7
0  > 7
1 <  4
1  > 2
2 <  25
2  > 21
3 <  11
3  > 22
0 <  2
0  > 5
1 <  25
1  > 4
2 <  12
2  > 25
3 <  3
3  > 1
0 <  32
0  > 5
1 <  26
1  > 15
2 <  21
2  > 21
3 <  5
3  > 3
0 <  1
0  > 3
1 <  26
1  > 10
2 <  22
2  > 26
3 <  14
3  > 7
0 <  8
0  > 2
1 <  39
1 <  0
1  > 0
2 <  0
2  > 25
3 <  29
3  > 6
0 <  6
0  > 1
1 <  17
1  > 11
2 <  11 (4)
2 has [0,0,1,2,3,4,9,12,22,31,32], [[11,12,13]]
2  > 22
3 <  35
3 <  29
3  > 2
0 <  28
0  > 28
1 <  36
1 <  3
1  > 3
2 <  20
2  > 20
3 <  28
3  > 28
0 <  1
0  > 6
1 <  16
1  > 14
2 <  31
2  > 12
3 <  12 (5)
3 has [5,9,11,14,14,16,17,17,29,29,29], [[11,12,13]]
3  > 5
0 <  34
0 <  27
0  > 27
1 <  6
1  > 6
2 <  24
2  > 24
3 <  32
3  > 29
0 <  40
0 <  12
0  > 8
1 <  30
1  > 30
2 <  28
2  > 9
3 <  22
3  > 22
0 <  24
0  > 1
1 <  9
1  > 9
2 <  23
2  > 23
3 <  29
3  > 29
0 <  19
0  > 24
1 <  24 (4)
1 has [10,16,17,19,20,21,21,24,26,31,33], [[24,25,26]]
1  > 17
2 <  0
2  > 3
3 <  8
3  > 8
0 <  13
0  > 30
1 <  28
1  > 28
2 <  15
2  > 15
3 <  15 (5)
3 has [9,11,14,17,17,29,29,32], [[11,12,13],[14,15,16]]
3  > 14
0 <  15
0  > 33
1 <  41
1 <  16
1  > 10
2 <  6
2  > 28
3 <  31
3  > 32
0 <  32 (8)
0 has [9,10,12,13,14,15,15,17,18,18,19], [[32,32,32]]
0  > 15
1 <  33
1  > 26
2 <  37
2 <  24
2  > 32
3 <  30
3  > 30
0 <  4
0  > 4
1 <  16
1  > 24
2 <  4
2  > 24
3 <  12
3  > 31
2 <  31 (8)
2 has [0,0,0,1,2,4,4,6], [[11,12,13],[31,31,31]]
2  > 4
Hand was a draw.

Restarting hand 14.
this.hand=14; this.draws=1; config.PRNG.seed(1133938720); this.wind=3; this.windOfTheRound=2;
wall: 21,16,24,6,1,0,27,13,33,2,21,12,32,5,1,32,5,26,3,5,4,22,9,22,2,17,7,14,33,22,13,10,33,31,4,2,26,4,29,28,4,25,17,30,0,10,7,37,23,32,12,18,39,18,9,30,8,12,41,7,11,28,19,34,15,19,15,25,24,35,21,16,30,23,32,29,15,14,31,18,13,31,16,0,26,21,11,40,38,2,28,8,6,20,20,17,27,9,29,22,0,11,10,6,9,25,36,12,26,17,28,27,3,20,13,10,5,18,14,8,6,29,14,19,24,30,19,8,25,1,15,20,11,16,27,33,1,23,3,3,7,31,24,23
initial deal
tiles for 0: 0,1,2,6,12,13,16,21,21,24,27,32,33
tiles for 1: 1,2,3,4,5,5,5,9,17,22,22,26,32
tiles for 2: 2,4,4,7,10,13,14,22,26,29,31,33,33
tiles for 3: 0,4,7,10,12,17,18,18,23,25,28,30,32
prepare play
tiles for 0: 0,1,2,6,12,13,16,21,21,24,27,32,33 []
tiles for 1: 1,2,3,4,5,5,5,9,17,22,22,26,32 []
tiles for 2: 2,4,4,7,10,13,14,22,26,29,31,33,33 []
tiles for 3: 0,4,7,10,12,17,18,18,23,25,28,30,32 []
3 <  9
3  > 28
0 <  30
0  > 27
1 <  8
1  > 9
2 <  12
2  > 26
3 <  41
3 <  7
3  > 30
0 <  11
0  > 13
1 <  28
1  > 28
2 <  19
2  > 22
3 <  34
3 <  15
3  > 25
0 <  19
0  > 16
1 <  15
1  > 17
2 <  25
2  > 25
3 <  24
3  > 4
0 <  35
0 <  21
0  > 11
1 <  16
1  > 16
2 <  30
2  > 30
3 <  23
3  > 0
0 <  32
0  > 12
1 <  29
1  > 15
2 <  15 (6)
2 has [2,4,4,7,10,12,19,29,31,33,33], [[13,14,15]]
2  > 19
3 <  15
3  > 7
0 <  14
0  > 14
1 <  31
1  > 26
2 <  18
2  > 18
3 <  13
3  > 7
0 <  31
0  > 1
1 <  16
1  > 16
2 <  0
2  > 2
3 <  26
3  > 26
0 <  21
0 locks [21,21,21,21]
0 <  11 (supplement)
0  > 11
1 <  40
1 <  38
1 <  2
1  > 1
2 <  28
2  > 7
3 <  8
3  > 8
0 <  6
0  > 19
1 <  20
1  > 20
2 <  20
2  > 20
3 <  17
3  > 18
0 <  27
0  > 27
1 <  9
1  > 9
2 <  29
2  > 0
3 <  22
3  > 18
0 <  0
0  > 24
1 <  11
1  > 8
2 <  10
2  > 28
3 <  6
3  > 6
0 <  6 (8)
0 has [0,0,2,30,31,32,32,33], [[21,21,21,21],[6,6,6]]
0  > 31
1 <  9
1  > 32
0 <  32 (8)
0 has [0,0,2,30,33], [[21,21,21,21],[6,6,6],[32,32,32]]
0  > 30
1 <  25
1  > 25
2 <  36
2 <  12
2  > 31
3 <  26
3  > 32
0 <  17
0  > 17
3 <  17 (8)
3 has [9,10,12,13,15,15,22,23,23,24,26], [[17,17,17]]
3  > 26
0 <  28
0  > 28
1 <  27
1  > 27
2 <  3
2  > 3
3 <  20
3  > 20
0 <  13
0  > 13
1 <  10
1  > 31
2 <  5
2  > 5
1 <  5 (16)
1 has [2,2,3,4,9,10,11,22,22,29], [[5,5,5,5]]
1 <  18
1  > 18
2 <  14
2  > 14
3 <  14 (6)
3 has [9,10,15,15,22,23,23,24], [[17,17,17],[12,13,14]]
3  > 9
0 <  8
0  > 8
1 <  6
1  > 6
2 <  29
2  > 12
3 <  14
3  > 10
2 <  10 (8)
2 has [4,4,12,29,29,29,33,33], [[13,14,15],[10,10,10]]
2  > 12
3 <  19
3  > 19
0 <  24
0  > 24
1 <  30
1  > 30
2 <  19
2  > 19
3 <  8
3  > 8
Hand was a draw.

Restarting hand 14.
this.hand=14; this.draws=2; config.PRNG.seed(121595129); this.wind=3; this.windOfTheRound=2;
wall: 25,11,21,35,36,3,24,15,13,2,15,7,30,33,24,14,31,33,5,1,28,11,20,17,26,30,5,12,27,10,13,37,18,26,32,7,0,14,2,11,18,12,20,30,16,6,2,20,8,20,17,10,32,31,29,31,34,38,15,25,22,23,25,19,22,33,24,5,27,3,6,4,29,1,23,41,19,18,27,22,12,1,19,15,40,11,4,33,28,24,5,2,9,3,7,23,21,0,25,17,23,3,8,14,19,28,18,0,4,10,14,13,7,29,12,30,4,21,22,27,16,17,16,29,0,39,8,28,32,9,26,6,8,6,26,31,21,16,10,1,9,32,9,13
initial deal
tiles for 0: 2,3,7,11,13,15,15,21,24,24,25,30,33
tiles for 1: 1,5,5,11,12,14,17,20,26,28,30,31,33
tiles for 2: 0,2,7,10,11,12,13,14,18,18,26,27,32
tiles for 3: 2,6,8,10,16,17,20,20,20,29,30,31,32
prepare play
tiles for 0: 2,3,7,11,13,15,15,21,24,24,25,30,33 []
tiles for 1: 1,5,5,11,12,14,17,20,26,28,30,31,33 []
tiles for 2: 0,2,7,10,11,12,13,14,18,18,26,27,32 []
tiles for 3: 2,6,8,10,16,17,20,20,20,29,30,31,32 []
3 <  31
3  > 30
0 <  34
0 <  38
0 <  15
0  > 7
1 <  25
1  > 28
2 <  22
2  > 27
3 <  23
3  > 8
0 <  25
0  > 3
1 <  19
1  > 30
2 <  22
2  > 2
3 <  33
3  > 2
0 <  24
0  > 2
1 <  5
1  > 5
2 <  27
2  > 27
3 <  3
3  > 3
0 <  6
0  > 6
1 <  4
1  > 11
2 <  29
2  > 7
3 <  1
3  > 6
0 <  23
0  > 13
1 <  41
1 <  19
1  > 17
2 <  18
2  > 0
3 <  27
3  > 1
0 <  22
0  > 11
1 <  12
1  > 1
2 <  1
2  > 1
3 <  19
3  > 10
0 <  15
0 locks [15,15,15,15]
0 <  40 (supplement)
0 <  11 (supplement)
0  > 11
1 <  4
1  > 31
3 <  31 (8)
3 has [16,17,19,20,20,20,23,27,29,32,33], [[31,31,31]]
3  > 23
0 <  23 (4)
0 has [21,22,23,24,24,25,30,33], [[15,15,15,15],[23,24,25]]
0  > 30
1 <  33
1  > 14
2 <  28
2  > 26
3 <  24
3  > 17
0 <  5
0  > 5
1 <  5 (8)
1 has [4,4,12,12,19,19,20,25,26,33,33], [[5,5,5]]
1  > 20
3 <  20 (16)
3 has [16,19,24,27,29,32,33], [[31,31,31],[20,20,20,20]]
3 <  2
3  > 2
0 <  9
0  > 9
1 <  3
1  > 3
2 <  7
2  > 7
3 <  23
3  > 16
0 <  21
0  > 33
1 <  33 (8)
1 has [4,4,12,12,19,19,25,26], [[5,5,5],[33,33,33]]
1  > 25
2 <  0
2  > 0
3 <  25
3  > 33
0 <  17
0  > 17
1 <  23
1  > 26
0 <  26 (32)
0 has [21,21,22,23,24], [[15,15,15,15],[23,24,25],[24,25,26]!]
Player 0 wins hand 14! (hand took 168ms)
0: 152, hand: 21,21,22,23,24, [[15,15,15,15],[23,24,25],[24,25,26]!], (35,36,34,38,40)
1: -34, hand: 4,4,12,12,19,19,23, [[5,5,5],[33,33,33]], (41)
2: -58, hand: 10,11,12,13,14,18,18,18,22,22,28,29,32, [], (37)
3: -60, hand: 19,23,24,25,27,29,32, [[31,31,31],[20,20,20,20]], ()

Starting hand 15.
this.hand=15; this.draws=0; config.PRNG.seed(1909810134); this.wind=0; this.windOfTheRound=3;
wall: 24,12,21,29,10,39,9,23,18,16,0,20,2,7,21,32,22,8,17,16,13,11,0,26,8,14,16,3,32,23,6,12,41,9,23,26,17,11,12,32,1,7,20,27,13,22,20,6,28,18,33,24,9,9,11,3,1,32,31,7,5,3,8,19,30,35,1,25,7,10,15,2,26,25,34,4,2,30,16,29,29,14,1,5,11,24,29,37,21,6,6,27,28,14,22,0,27,31,19,12,24,20,4,5,13,31,4,33,10,38,40,27,18,25,17,23,28,21,28,14,15,2,3,5,19,25,13,30,30,26,4,15,0,8,15,18,10,33,22,31,33,36,19,17
initial deal
tiles for 0: 0,2,7,9,10,12,16,18,20,21,23,24,29
tiles for 1: 0,8,8,11,13,14,16,16,17,21,22,26,32
tiles for 2: 1,3,6,9,11,12,12,17,23,23,26,32,32
tiles for 3: 6,7,9,9,13,18,20,20,22,24,27,28,33
prepare play
tiles for 0: 0,2,7,9,10,12,16,18,20,21,23,24,29 []
tiles for 1: 0,8,8,11,13,14,16,16,17,21,22,26,32 []
tiles for 2: 1,3,6,9,11,12,12,17,23,23,26,32,32 []
tiles for 3: 6,7,9,9,13,18,20,20,22,24,27,28,33 []
0 <  11
0  > 29
1 <  3
1  > 26
2 <  1
2  > 26
3 <  32
3  > 27
0 <  31
0  > 0
1 <  7
1  > 8
2 <  5
2  > 23
3 <  3
3  > 6
0 <  8
0  > 7
1 <  19
1  > 7
2 <  30
2  > 23
3 <  35
3 <  1
3  > 7
0 <  25
0  > 2
1 <  7
1  > 3
2 <  10
2  > 17
3 <  15
3  > 3
0 <  2
0  > 8
1 <  26
1  > 7
2 <  25
2  > 25
3 <  34
3 <  4
3  > 4
0 <  2
0  > 2
1 <  30
1  > 8
2 <  16
2  > 16
3 <  29
3  > 29
0 <  29
0  > 29
1 <  14
1  > 0
2 <  1
2  > 6
3 <  5
3  > 1
0 <  11
0  > 2
1 <  24
1  > 13
2 <  13 (6)
2 has [1,1,1,3,5,9,10,12,30,32,32], [[11,12,13]]
2  > 5
3 <  29
3  > 29
0 <  37
0 <  21
0  > 11
1 <  6
1  > 6
2 <  6
2  > 1
3 <  27
3  > 27
0 <  28
0  > 28
1 <  14
1  > 17
2 <  22
2  > 22
3 <  0
3  > 0
0 <  27
0  > 16
1 <  31
1  > 14
2 <  19
2  > 19
3 <  12
3  > 5
0 <  24
0  > 10
1 <  20
1  > 14
2 <  4
2  > 6
3 <  5
3  > 5
0 <  13
0  > 9
1 <  31
1  > 11
2 <  11 (6)
2 has [1,1,3,4,12,30,32,32], [[11,12,13],[9,10,11]]
2  > 12
3 <  4
3  > 4
0 <  33
0  > 13
1 <  10
1  > 14
2 <  38
2 <  40
2 <  27
2  > 27
3 <  18
3  > 33
0 <  25
0  > 27
1 <  17
1  > 10
2 <  23
2  > 23
3 <  23 (5)
3 has [9,9,12,13,15,18,18,20,20,28,32], [[22,23,24]]
3  > 28
0 <  28
0  > 28
1 <  21
1  > 32
2 <  32 (8)
2 has [1,1,3,4,30], [[11,12,13],[9,10,11],[32,32,32]]
2  > 30
3 <  28
3  > 32
0 <  14
0  > 33
1 <  15
1  > 16
2 <  2
Player 2 wins hand 15! (hand took 230ms)
0: -100, hand: 11,12,14,18,20,21,21,23,24,24,25,25,31, [], (39,37)
1: -74, hand: 15,16,17,19,20,21,21,22,24,26,30,31,31, [], ()
2: 224, hand: 1,1,2,3,4, [[11,12,13],[9,10,11],[32,32,32]], (41,38,40)
3: -50, hand: 9,9,12,13,15,18,18,20,20,28, [[22,23,24]], (35,34)

Starting hand 16.
this.hand=16; this.draws=0; config.PRNG.seed(1981915774); this.wind=1; this.windOfTheRound=3;
wall: 29,28,38,31,32,3,35,8,33,11,3,10,15,27,12,25,1,28,1,27,32,9,41,16,1,9,21,12,15,31,19,7,11,28,2,18,31,0,3,23,23,40,9,13,21,34,33,3,20,15,32,10,2,24,5,37,26,28,33,16,22,27,29,1,14,29,5,10,6,32,10,15,20,16,6,14,31,13,14,24,16,25,29,18,21,8,17,22,19,13,39,30,36,17,26,4,5,4,8,4,18,11,12,9,17,22,6,25,19,25,0,30,18,11,21,6,19,26,5,24,2,20,0,23,30,14,7,0,20,7,33,30,26,17,13,27,22,8,23,4,7,24,2,12
initial deal
tiles for 0: 3,3,8,10,11,12,15,27,28,29,31,32,33
tiles for 1: 1,1,1,9,9,12,15,16,21,25,27,28,32
tiles for 2: 0,2,3,7,9,11,18,19,23,23,28,31,31
tiles for 3: 2,3,5,10,13,15,20,21,24,26,28,32,33
prepare play
tiles for 0: 3,3,8,10,11,12,15,27,28,29,31,32,33 []
tiles for 1: 1,1,1,9,9,12,15,16,21,25,27,28,32 []
tiles for 2: 0,2,3,7,9,11,18,19,23,23,28,31,31 []
tiles for 3: 2,3,5,10,13,15,20,21,24,26,28,32,33 []
1 <  33
1  > 28
2 <  16
2  > 28
3 <  22
3  > 28
0 <  27
0  > 29
1 <  29
1  > 29
2 <  1
2  > 18
3 <  14
3  > 3
0 <  29
0  > 29
1 <  5
1  > 21
2 <  10
2  > 19
3 <  6
3  > 5
0 <  32
0  > 28
1 <  10
1  > 25
2 <  15
2  > 23
3 <  20
3  > 6
0 <  16
0  > 3
1 <  6
1  > 1
2 <  14
2  > 23
3 <  31
3  > 2
0 <  13
0  > 3
1 <  14
1  > 5
2 <  24
2  > 24
3 <  16
3  > 10
0 <  25
0  > 8
1 <  29
1  > 29
2 <  18
2  > 18
3 <  21
3  > 26
0 <  8
0  > 8
1 <  17
1  > 1
2 <  22
2  > 22
3 <  19
3  > 22
0 <  13
0  > 25
1 <  39
1 <  30
1  > 6
2 <  36
2 <  17
2  > 1
3 <  26
3  > 24
0 <  4
0  > 4
1 <  5
1  > 5
2 <  4
2  > 0
3 <  8
3  > 8
0 <  4
0  > 4
1 <  18
1  > 1
2 <  11
2  > 7
3 <  12
3  > 19
0 <  9
0  > 15
1 <  17
1  > 18
2 <  22
2  > 22
3 <  6
3  > 6
0 <  25
0  > 25
1 <  19
1  > 19
2 <  25
2  > 25
3 <  0
3  > 0
0 <  30
0  > 16
1 <  18
1  > 18
2 <  11
2  > 4
3 <  21
3  > 26
0 <  6
0  > 6
1 <  19
1  > 19
2 <  26
2  > 26
3 <  5
3  > 5
0 <  24
0  > 24
1 <  2
1  > 2
2 <  20
2  > 20
3 <  20 (8)
3 has [12,13,14,15,16,21,21,21,31,32,33], [[20,20,20]]
3  > 31
2 <  31 (8)
2 has [2,3,9,10,11,11,11,14,15,16,17], [[31,31,31]]
2  > 3
3 <  0
3  > 0
0 <  23
0  > 31
1 <  30
1  > 32
0 <  32 (8)
0 has [9,10,11,12,13,13,23,27,27,30,33], [[32,32,32]]
0  > 23
1 <  14
1  > 27
0 <  27 (8)
0 has [9,10,11,12,13,13,30,33], [[32,32,32],[27,27,27]]
0  > 33
1 <  7
1  > 7
2 <  0
2  > 0
Hand was a draw.

Restarting hand 16.
this.hand=16; this.draws=1; config.PRNG.seed(1728463657); this.wind=1; this.windOfTheRound=3;
wall: 17,12,30,9,6,32,21,17,16,12,13,38,39,18,30,5,11,11,20,8,22,30,41,6,0,23,25,33,25,18,33,4,32,29,13,15,19,2,21,14,20,24,14,9,15,7,1,12,31,25,13,14,27,4,35,7,5,6,17,10,10,29,10,28,16,26,3,14,0,2,23,37,10,22,27,9,26,28,3,11,21,16,36,23,12,19,23,32,13,27,22,28,4,32,24,19,0,1,7,20,26,31,34,0,8,22,11,20,25,5,26,19,33,1,15,40,33,24,8,1,3,6,16,28,17,18,21,18,8,30,31,9,5,31,3,24,15,2,2,4,29,29,7,27
initial deal
tiles for 0: 6,9,12,12,13,16,17,17,18,21,30,30,32
tiles for 1: 0,5,6,8,11,11,20,22,23,25,25,30,33
tiles for 2: 2,4,13,14,15,18,19,20,21,24,29,32,33
tiles for 3: 1,4,7,7,9,12,13,14,14,15,25,27,31
prepare play
tiles for 0: 6,9,12,12,13,16,17,17,18,21,30,30,32 []
tiles for 1: 0,5,6,8,11,11,20,22,23,25,25,30,33 []
tiles for 2: 2,4,13,14,15,18,19,20,21,24,29,32,33 []
tiles for 3: 1,4,7,7,9,12,13,14,14,15,25,27,31 []
1 <  5
1  > 11
2 <  6
2  > 29
3 <  17
3  > 27
0 <  10
0  > 6
1 <  10
1  > 11
2 <  29
2  > 29
3 <  10
3  > 25
0 <  28
0  > 21
1 <  21 (5)
1 has [0,5,5,6,8,10,23,25,25,30,33], [[20,21,22]]
1  > 10
2 <  16
2  > 2
3 <  26
3  > 26
0 <  3
0  > 3
1 <  14
1  > 14
2 <  14 (4)
2 has [4,6,13,14,18,19,20,21,24,32,33], [[14,15,16]]
2  > 6
3 <  0
3  > 4
0 <  2
0  > 2
1 <  23
1  > 8
2 <  37
2 <  10
2  > 4
3 <  22
3  > 22
0 <  27
0  > 27
1 <  9
1  > 9
2 <  26
2  > 10
3 <  28
3  > 28
0 <  3
0  > 3
1 <  11
1  > 11
2 <  21
2  > 26
3 <  16
3  > 7
0 <  36
0 <  23
0  > 18
1 <  12
1  > 12
2 <  12 (4)
2 has [18,19,20,21,21,24,32,33], [[14,15,16],[12,13,14]]
2  > 19
3 <  19
3  > 19
0 <  23
0  > 16
1 <  32
1  > 0
2 <  13
2  > 13
3 <  27
3  > 27
0 <  22
0  > 10
1 <  28
1  > 28
2 <  4
2  > 4
3 <  32
3  > 0
0 <  24
0  > 9
1 <  19
1  > 6
2 <  0
2  > 0
3 <  1
3  > 7
0 <  7
0  > 7
1 <  20
1  > 30
0 <  30 (8)
0 has [12,12,13,17,17,22,23,23,24,28,32], [[30,30,30]]
0  > 28
1 <  26
1  > 33
2 <  31
2  > 24
3 <  34
3 <  0
3  > 32
0 <  8
0  > 8
1 <  22
1  > 32
2 <  11
2  > 11
3 <  11 (6)
3 has [0,1,1,12,13,14,14,15,16,17,31], [[9,10,11]]
3  > 31
0 <  20
0  > 32
1 <  25
1  > 20
2 <  5
2  > 5
1 <  5 (8)
1 has [19,22,23,23,25,25,25,26], [[20,21,22],[5,5,5]]
1  > 19
2 <  19 (5)
2 has [21,21,31,32,33], [[14,15,16],[12,13,14],[18,19,20]]
2  > 32
3 <  26
3  > 26
0 <  19
0  > 13
1 <  33
1  > 33
2 <  1
2  > 1
3 <  1 (8)
3 has [0,12,13,14,14,15,16,17], [[9,10,11],[1,1,1]]
3  > 0
0 <  15
0  > 15
1 <  40
1 <  33
1  > 33
2 <  24
2  > 33
3 <  8
3  > 8
0 <  1
0  > 1
1 <  3
1  > 3
2 <  6
2  > 6
3 <  16
3  > 16
0 <  28
0  > 28
1 <  17
1  > 17
3 <  17 (32)
3 has [12,13,14,14,15,16], [[9,10,11],[1,1,1],[17,17]!]
Player 3 wins hand 16! (hand took 280ms)
0: 24, hand: 12,12,17,17,19,20,22,23,23,24, [[30,30,30]], (38,39,36)
1: -42, hand: 22,23,23,25,25,25,26, [[20,21,22],[5,5,5]], (41,40)
2: -70, hand: 21,21,24,31, [[14,15,16],[12,13,14],[18,19,20]], (37)
3: 88, hand: 12,13,14,14,15,16, [[9,10,11],[1,1,1],[17,17]!], (35,34)

Starting hand 17.
this.hand=17; this.draws=0; config.PRNG.seed(540102921); this.wind=2; this.windOfTheRound=3;
wall: 6,18,24,37,20,17,23,9,2,15,5,10,32,25,2,30,9,22,32,2,6,1,30,16,32,33,19,21,8,1,13,17,1,0,36,11,28,31,5,28,0,15,16,4,12,31,0,21,22,35,30,6,22,29,7,9,29,24,2,26,27,18,26,23,1,31,15,7,20,34,26,25,33,25,11,3,19,28,13,22,29,3,18,13,0,27,20,31,23,11,3,12,14,21,33,14,24,10,14,23,10,25,16,13,5,12,41,27,33,4,8,27,8,32,18,29,11,8,15,9,12,4,21,28,14,20,40,17,26,16,4,39,19,10,7,7,19,5,6,30,38,17,3,24
initial deal
tiles for 0: 2,5,6,9,10,15,17,18,20,23,24,25,32
tiles for 1: 1,2,2,6,9,16,19,22,30,30,32,32,33
tiles for 2: 0,0,1,1,5,8,11,13,17,21,28,28,31
tiles for 3: 0,4,6,7,12,15,16,21,22,22,29,30,31
prepare play
tiles for 0: 2,5,6,9,10,15,17,18,20,23,24,25,32 []
tiles for 1: 1,2,2,6,9,16,19,22,30,30,32,32,33 []
tiles for 2: 0,0,1,1,5,8,11,13,17,21,28,28,31 []
tiles for 3: 0,4,6,7,12,15,16,21,22,22,29,30,31 []
2 <  9
2  > 21
3 <  29
3  > 21
0 <  24
0  > 6
1 <  2
1  > 16
2 <  26
2  > 26
3 <  27
3  > 27
0 <  18
0  > 5
1 <  26
1  > 9
2 <  23
2  > 23
3 <  1
3  > 22
0 <  31
0  > 2
1 <  15
1  > 15
2 <  7
2  > 17
3 <  17 (6)
3 has [0,1,4,6,7,12,22,29,29,30,31], [[15,16,17]]
3  > 22
0 <  20
0  > 9
1 <  34
1 <  26
1  > 22
2 <  25
2  > 25
3 <  33
3  > 12
0 <  25
0  > 10
1 <  11
1  > 11
2 <  3
2  > 3
3 <  19
3  > 19
0 <  19 (5)
0 has [15,17,18,20,23,24,24,25,25,31,32], [[18,19,20]]
0  > 17
1 <  28
1  > 19
2 <  13
2  > 5
3 <  22
3  > 22
0 <  29
0  > 15
1 <  3
1  > 1
2 <  18
2  > 18
3 <  13
3  > 13
0 <  0
0  > 0
1 <  27
1  > 27
2 <  20
2  > 20
3 <  31
3  > 4
0 <  23
0  > 29
1 <  11
1  > 11
2 <  3
2  > 3
3 <  12
3  > 12
0 <  14
0  > 14
1 <  21
1  > 21
2 <  33
2  > 8
3 <  14
3  > 14
0 <  24
0  > 24
1 <  10
1  > 10
2 <  10 (5)
2 has [0,0,1,1,7,13,13,28,28,31,33], [[9,10,11]]
2  > 7
3 <  14
3  > 14
0 <  23
0  > 23
1 <  10
1  > 10
2 <  25
2  > 25
3 <  16
3  > 16
0 <  13
0  > 13
1 <  5
1  > 5
2 <  12
2  > 1
3 <  41
3 <  27
3  > 27
0 <  33
0  > 32
1 <  32 (8)
1 has [2,2,2,3,6,26,26,28,30,30,33], [[32,32,32]]
1  > 3
2 <  4
2  > 4
3 <  8
3  > 0
0 <  27
0  > 27
1 <  8
1  > 33
2 <  32
2  > 32
3 <  18
3  > 18
0 <  29
0  > 33
1 <  11
1  > 11
2 <  11 (4)
2 has [0,0,1,13,28,28,31,33], [[9,10,11],[11,12,13]]
2  > 13
3 <  8
3  > 1
0 <  15
0  > 15
1 <  9
1  > 9
2 <  12
2  > 12
3 <  4
3  > 33
0 <  21
0  > 31
3 <  31 (8)
3 has [4,6,7,8,8,29,29,30], [[15,16,17],[31,31,31]]
3  > 30
1 <  30 (8)
1 has [2,2,2,6,8,26,26,28], [[32,32,32],[30,30,30]]
1  > 28
2 <  28 (8)
2 has [0,0,1,31,33], [[9,10,11],[11,12,13],[28,28,28]]
2  > 31
3 <  28
3  > 28
0 <  14
0  > 14
1 <  20
1  > 20
2 <  40
2 <  17
2  > 33
Hand was a draw.

Restarting hand 17.
this.hand=17; this.draws=1; config.PRNG.seed(1109601417); this.wind=2; this.windOfTheRound=3;
wall: 21,16,30,9,14,27,16,12,2,13,20,32,8,19,0,15,18,13,20,0,21,11,4,39,2,2,12,24,20,27,28,26,28,29,23,24,18,5,7,3,9,25,0,1,6,33,33,5,12,14,26,21,11,13,17,7,21,10,35,31,20,33,25,19,16,25,10,9,10,11,30,15,29,30,1,26,13,3,15,23,14,17,24,14,5,6,0,8,18,6,15,29,23,32,23,31,37,38,32,4,22,9,5,40,4,10,30,27,3,19,41,7,22,22,7,22,12,31,28,1,29,17,16,2,28,8,31,34,4,24,3,27,11,19,36,1,32,26,6,8,17,25,18,33
initial deal
tiles for 0: 2,8,9,12,13,14,16,16,20,21,27,30,32
tiles for 1: 0,0,2,2,4,11,12,13,15,18,19,20,21
tiles for 2: 3,5,7,18,20,23,24,24,26,27,28,28,29
tiles for 3: 0,1,5,6,9,11,12,14,21,25,26,33,33
prepare play
tiles for 0: 2,8,9,12,13,14,16,16,20,21,27,30,32 []
tiles for 1: 0,0,2,2,4,11,12,13,15,18,19,20,21 []
tiles for 2: 3,5,7,18,20,23,24,24,26,27,28,28,29 []
tiles for 3: 0,1,5,6,9,11,12,14,21,25,26,33,33 []
2 <  13
2  > 29
3 <  17
3  > 25
0 <  7
0  > 27
1 <  21
1  > 13
2 <  10
2  > 7
3 <  35
3 <  31
3  > 21
0 <  20
0  > 2
1 <  33
1  > 11
2 <  25
2  > 5
3 <  19
3  > 19
0 <  19 (4)
0 has [7,8,9,12,13,14,16,16,20,30,32], [[19,20,21]]
0  > 8
1 <  16
1  > 15
2 <  25
2  > 3
3 <  10
3  > 26
0 <  9
0  > 7
1 <  10
1  > 10
2 <  11
2  > 20
3 <  30
3  > 6
0 <  15
0  > 20
1 <  29
1  > 29
2 <  30
2  > 24
3 <  1
3  > 0
0 <  26
0  > 26
1 <  13
1  > 13
2 <  3
2  > 3
3 <  15
3  > 5
0 <  23
0  > 23
1 <  14
1  > 14
2 <  17
2  > 17
3 <  24
3  > 24
0 <  14
0  > 14
1 <  5
1  > 12
2 <  12 (6)
2 has [13,18,23,24,25,25,26,27,28,28,30], [[10,11,12]]
2  > 13
3 <  13 (6)
3 has [1,1,9,10,14,15,17,30,31,33,33], [[11,12,13]]
3  > 1
0 <  6
0  > 6
1 <  0
1  > 16
2 <  8
2  > 8
3 <  18
3  > 18
0 <  6
0  > 6
1 <  15
1  > 15
2 <  29
2  > 29
3 <  23
3  > 1
0 <  32
0  > 9
1 <  23
1  > 5
2 <  31
2  > 25
3 <  37
3 <  38
3 <  32
3  > 23
0 <  4
0  > 4
1 <  22
1  > 33
3 <  33 (8)
3 has [9,10,14,15,17,30,31,32], [[11,12,13],[33,33,33]]
3  > 32
0 <  32 (8)
0 has [9,12,13,14,15,16,16,30], [[19,20,21],[32,32,32]]
0  > 9
1 <  9
1  > 9
2 <  5
2  > 5
3 <  40
3 <  4
3  > 4
0 <  10
0  > 30
1 <  30
1  > 30
2 <  27
2  > 18
3 <  3
3  > 3
0 <  19
0  > 19
1 <  41
1 <  7
1  > 7
2 <  22
2  > 30
3 <  22
3  > 30
0 <  7
0  > 7
1 <  22
1  > 21
2 <  12
2  > 12
3 <  31
3  > 22
1 <  22 (8)
1 has [0,0,0,2,2,4,18,19,20,21,23], [[22,22,22]]
1  > 23
2 <  28
2  > 31
3 <  31 (8)
3 has [9,10,14,15,17], [[11,12,13],[33,33,33],[31,31,31]]
3  > 17
0 <  1
0  > 1
1 <  1 (5)
1 has [0,0,2,4,18,19,20,21], [[22,22,22],[0,1,2]]
1  > 0
2 <  29
2  > 29
3 <  17
3  > 17
0 <  16
0  > 16
1 <  2
1  > 2
2 <  28
2 locks [28,28,28,28]
2 <  8 (supplement)
2  > 8
3 <  31
3  > 31
0 <  34
0 <  4
0  > 4
Hand was a draw.

Restarting hand 17.
this.hand=17; this.draws=2; config.PRNG.seed(376072750); this.wind=2; this.windOfTheRound=3;
wall: 6,1,28,23,11,15,27,35,26,11,29,31,22,28,15,20,9,7,24,10,7,16,9,4,2,32,18,30,18,19,14,19,9,31,19,8,40,22,32,21,6,26,5,24,16,26,1,14,28,5,38,29,29,33,8,10,25,7,20,3,9,10,23,15,19,24,7,13,23,17,12,41,30,29,23,32,33,11,13,36,26,18,3,21,13,27,6,21,4,34,1,0,0,5,20,17,27,12,32,25,4,14,17,0,12,20,16,10,8,30,2,2,31,22,22,16,2,8,1,13,0,28,11,27,12,4,15,17,37,24,33,14,6,25,21,25,31,33,5,18,39,30,3,3
initial deal
tiles for 0: 1,6,11,11,15,22,23,26,27,28,28,29,31
tiles for 1: 2,4,7,7,9,9,10,15,16,18,20,24,32
tiles for 2: 6,8,9,14,18,19,19,19,21,22,30,31,32
tiles for 3: 1,5,5,8,14,16,24,26,26,28,29,29,33
prepare play
tiles for 0: 1,6,11,11,15,22,23,26,27,28,28,29,31 []
tiles for 1: 2,4,7,7,9,9,10,15,16,18,20,24,32 []
tiles for 2: 6,8,9,14,18,19,19,19,21,22,30,31,32 []
tiles for 3: 1,5,5,8,14,16,24,26,26,28,29,29,33 []
2 <  10
2  > 8
3 <  25
3  > 28
0 <  28 (8)
0 has [1,6,11,11,15,22,23,26,27,29,31], [[28,28,28]]
0  > 27
1 <  7
1  > 24
2 <  20
2  > 6
3 <  3
3  > 26
0 <  9
0  > 6
1 <  10
1  > 4
2 <  23
2  > 14
3 <  15
3  > 24
0 <  19
0  > 1
1 <  24
1  > 2
2 <  7
2  > 7
3 <  13
3  > 26
0 <  23
0  > 11
1 <  17
1  > 7
2 <  12
2  > 21
3 <  41
3 <  30
3  > 25
0 <  29
0  > 11
1 <  23
1  > 7
2 <  32
2  > 20
3 <  33
3  > 3
0 <  11
0  > 15
1 <  13
1  > 7
2 <  36
2 <  26
2  > 26
3 <  18
3  > 1
0 <  3
0  > 3
1 <  21
1  > 32
2 <  32 (8)
2 has [9,10,12,18,19,19,19,22,23,30,31], [[32,32,32]]
2  > 30
3 <  13
3  > 8
0 <  27
0  > 27
1 <  6
1  > 6
2 <  21
2  > 31
3 <  4
3  > 18
0 <  34
0 <  1
0  > 1
1 <  0
1  > 0
2 <  0
2  > 0
3 <  5
3  > 30
0 <  20
0  > 26
1 <  17
1  > 18
2 <  27
2  > 27
3 <  12
3  > 4
0 <  32
0  > 32
1 <  25
1  > 13
3 <  13 (8)
3 has [5,5,5,12,14,15,16,29,29,33,33], [[13,13,13]]
3  > 12
0 <  4
0  > 4
1 <  14
1  > 21
2 <  21 (4)
2 has [9,10,12,18,19,19,19,21], [[32,32,32],[21,22,23]]
2  > 12
3 <  17
3  > 17
1 <  17 (8)
1 has [9,9,10,10,14,15,16,20,23,24,25], [[17,17,17]]
1  > 20
2 <  20 (6)
2 has [9,10,19,19,21], [[32,32,32],[21,22,23],[18,19,20]]
2  > 21
3 <  0
3  > 0
0 <  12
0  > 31
1 <  20
1  > 20
2 <  16
2  > 16
3 <  10
3  > 10
1 <  10 (32)
1 has [9,9,14,15,16,23,24,25], [[17,17,17],[10,10,10]!]
Player 1 wins hand 17! (hand took 209ms)
0: -28, hand: 9,11,12,19,20,22,23,23,29,29, [[28,28,28]], (35,34)
1: 64, hand: 9,9,14,15,16,23,24,25, [[17,17,17],[10,10,10]!], ()
2: -6, hand: 9,10,19,19, [[32,32,32],[21,22,23],[18,19,20]], (40,36)
3: -30, hand: 5,5,5,14,15,16,29,29,33,33, [[13,13,13]], (38,41)

Starting hand 18.
this.hand=18; this.draws=0; config.PRNG.seed(1521209465); this.wind=3; this.windOfTheRound=3;
wall: 10,12,31,13,27,31,31,6,13,24,17,33,18,8,1,1,2,3,36,18,21,14,10,16,16,20,2,11,8,4,7,23,10,4,23,8,22,25,5,22,41,32,22,28,6,16,16,2,21,30,38,23,6,27,35,3,29,21,24,7,13,7,9,32,11,24,23,26,14,29,12,25,20,1,9,27,18,9,15,1,28,34,10,19,14,32,3,7,13,0,31,15,20,40,15,24,32,17,12,28,22,5,39,11,12,33,26,0,25,26,30,21,14,20,28,29,5,3,19,0,6,8,17,0,37,19,2,26,30,11,29,17,9,33,15,33,4,25,19,5,18,27,4,30
initial deal
tiles for 0: 6,10,12,13,13,17,18,24,27,31,31,31,33
tiles for 1: 1,1,2,2,3,8,10,14,16,16,18,20,21
tiles for 2: 4,4,5,7,8,8,10,11,22,22,23,23,25
tiles for 3: 2,3,6,6,16,16,21,22,23,27,28,30,32
prepare play
tiles for 0: 6,10,12,13,13,17,18,24,27,31,31,31,33 []
tiles for 1: 1,1,2,2,3,8,10,14,16,16,18,20,21 []
tiles for 2: 4,4,5,7,8,8,10,11,22,22,23,23,25 []
tiles for 3: 2,3,6,6,16,16,21,22,23,27,28,30,32 []
3 <  29
3  > 29
0 <  21
0  > 27
1 <  24
1  > 14
2 <  7
2  > 25
3 <  13
3  > 28
0 <  7
0  > 6
1 <  9
1  > 9
2 <  9 (4)
2 has [4,4,5,7,7,8,8,22,22,23,23], [[9,10,11]]
2  > 23
3 <  32
3  > 21
0 <  11
0  > 7
1 <  24
1  > 16
3 <  16 (8)
3 has [2,3,6,6,13,22,23,27,30,32,32], [[16,16,16]]
3  > 13
0 <  23
0  > 18
1 <  26
1  > 16
2 <  14
2  > 14
3 <  29
3  > 29
0 <  12
0  > 12
1 <  25
1  > 10
2 <  20
2  > 23
3 <  1
3  > 23
0 <  9
0  > 11
1 <  27
1  > 27
2 <  18
2  > 20
3 <  9
3  > 22
0 <  22 (5)
0 has [9,10,12,13,13,17,24,31,31,31,33], [[21,22,23]]
0  > 24
1 <  24 (4)
1 has [1,1,2,2,3,8,18,20,21,24,24], [[24,25,26]]
1  > 2
2 <  15
2  > 22
3 <  1
3  > 9
0 <  28
0  > 28
1 <  34
1 <  10
1  > 10
2 <  19
2  > 22
3 <  14
3  > 14
0 <  32
0  > 31
1 <  3
1  > 8
2 <  7
2  > 19
3 <  13
3  > 13
0 <  0
0  > 0
1 <  31
1  > 2
2 <  15
2  > 18
3 <  20
3  > 20
0 <  40
0 <  15
0  > 17
1 <  24
1  > 24
2 <  32
2  > 8
3 <  17
3  > 17
0 <  12
0  > 9
1 <  28
1  > 28
2 <  22
2  > 22
3 <  5
3  > 1
0 <  39
0 <  11
0  > 12
1 <  12
1  > 12
2 <  33
2  > 4
3 <  26
3  > 26
0 <  0
0  > 0
1 <  25
1  > 1
2 <  26
2  > 26
3 <  30
3  > 5
0 <  21
0  > 21
1 <  14
1  > 14
2 <  20
2  > 20
3 <  28
3  > 28
0 <  29
0  > 29
1 <  5
1  > 31
0 <  31 (8)
0 has [10,11,12,13,13,15,32,33], [[21,22,23],[31,31,31]]
0  > 15
2 <  15 (8)
2 has [4,5,7,7,7,8,32,33], [[9,10,11],[15,15,15]]
2  > 32
3 <  32 (8)
3 has [1,2,3,6,6,27,30,30], [[16,16,16],[32,32,32]]
3  > 27
0 <  3
0  > 32
1 <  19
1  > 24
2 <  0
2  > 0
3 <  6
Player 3 wins hand 18! (hand took 262ms)
0: -110, hand: 3,10,11,12,13,13,33, [[21,22,23],[31,31,31]], (40,39)
1: -158, hand: 1,3,3,5,18,19,20,21,24,25, [[24,25,26]], (36,34)
2: -164, hand: 4,5,7,7,7,8,33, [[9,10,11],[15,15,15]], ()
3: 432, hand: 1,2,3,6,6,6,30,30, [[16,16,16],[32,32,32]], (41,38,35)

Starting hand 19.
this.hand=19; this.draws=0; config.PRNG.seed(827659359); this.wind=3; this.windOfTheRound=3;
wall: 13,25,22,27,30,14,28,24,17,15,23,11,1,19,15,32,2,23,3,29,1,27,30,13,28,7,6,23,6,34,8,37,2,40,6,29,12,32,3,5,31,12,14,33,35,9,25,31,8,4,7,20,17,33,1,7,18,0,18,4,5,27,29,16,41,23,32,20,17,6,16,39,25,2,10,10,22,20,13,30,11,21,31,5,10,5,24,28,28,12,21,13,20,15,18,11,16,26,30,24,0,31,1,17,4,11,2,18,33,21,21,16,19,24,36,29,0,27,33,26,26,12,8,25,9,10,14,22,38,19,9,3,4,0,26,15,3,32,7,22,19,8,14,9
initial deal
tiles for 0: 1,11,13,14,15,17,22,23,24,25,27,28,30
tiles for 1: 1,2,3,7,13,15,19,23,27,28,29,30,32
tiles for 2: 2,3,5,6,6,6,8,12,12,23,29,31,32
tiles for 3: 1,4,7,7,8,9,14,17,20,25,31,33,33
prepare play
tiles for 0: 1,11,13,14,15,17,22,23,24,25,27,28,30 []
tiles for 1: 1,2,3,7,13,15,19,23,27,28,29,30,32 []
tiles for 2: 2,3,5,6,6,6,8,12,12,23,29,31,32 []
tiles for 3: 1,4,7,7,8,9,14,17,20,25,31,33,33 []
3 <  18
3  > 18
0 <  0
0  > 28
1 <  18
1  > 27
2 <  4
2  > 29
3 <  5
3  > 20
0 <  27
0  > 1
1 <  29
1  > 28
2 <  16
2  > 23
3 <  41
3 <  23
3  > 23
0 <  23 (4)
0 has [0,11,13,14,15,17,22,23,27,27,30], [[23,24,25]]
0  > 0
1 <  32
1  > 13
2 <  20
2  > 20
3 <  17
3  > 25
0 <  6
0  > 6
1 <  16
1  > 15
2 <  39
2 <  25
2  > 25
3 <  2
3  > 9
0 <  10
0  > 15
1 <  10
1  > 10
2 <  22
2  > 22
3 <  20
3  > 20
0 <  13
0  > 10
1 <  30
1  > 16
2 <  11
2  > 16
3 <  21
3  > 21
0 <  21 (4)
0 has [11,13,13,14,17,27,27,30], [[23,24,25],[21,22,23]]
0  > 17
1 <  31
1  > 23
2 <  5
2  > 2
3 <  10
3  > 10
0 <  5
0  > 5
1 <  24
1  > 24
2 <  28
2  > 5
3 <  28
3  > 28
0 <  12
0  > 11
1 <  21
1  > 3
2 <  13
2  > 28
3 <  20
3  > 20
0 <  15
0  > 12
1 <  18
1  > 19
2 <  11
2  > 8
3 <  16
3  > 2
0 <  26
0  > 15
1 <  30
1  > 1
2 <  24
2  > 24
3 <  0
3  > 8
0 <  31
0  > 14
1 <  1
1  > 7
2 <  17
2  > 17
3 <  4
3  > 5
0 <  11
0  > 13
1 <  2
1  > 1
2 <  18
2  > 18
1 <  18 (8)
1 has [2,2,21,29,29,30,30,30,31,32,32], [[18,18,18]]
1  > 21
2 <  33
2  > 6
3 <  21
3  > 21
0 <  21
0  > 13
1 <  16
1  > 16
2 <  19
2  > 19
3 <  24
3  > 24
0 <  36
0 <  29
0  > 29
1 <  29 (8)
1 has [2,2,30,30,30,31,32,32], [[18,18,18],[29,29,29]]
1  > 31
2 <  0
2  > 0
3 <  27
3  > 31
0 <  33
0  > 11
2 <  11 (8)
2 has [3,4,5,6,6,12,12,13,31,32,33], [[11,11,11]]
2  > 32
1 <  32 (32)
1 has [2,2,30,30,30], [[18,18,18],[29,29,29],[32,32,32]!]
Player 1 wins hand 19! (hand took 221ms)
0: -500, hand: 21,26,27,27,30,31,33, [[23,24,25],[21,22,23]], (36)
1: 1920, hand: 2,2,30,30,30, [[18,18,18],[29,29,29],[32,32,32]!], ()
2: -458, hand: 3,4,5,6,6,12,12,13,31,33, [[11,11,11]], (34,37,40,39)
3: -962, hand: 0,1,4,4,7,7,14,16,17,17,27,33,33, [], (35,41)
hand 1
  0 (E): -72 for c6,c6,c6,c7,d2,d2,d5,d6,d6,d6 [c9,c9,c9] 
  1 (N): 128 for b1,b2,c2,c3,c4,c5,c5,b3,b6,b7,b8 [F,F,F] 
  2 (W): -36 for b1,b1,b2,b2,c2,c3,c4,b3,b4,b4 [d3,d5,d4] (s2,s4,s1)
  3 (S): -20 for c2,c3,c4,c7,c7,d2,d2 [d7,d7,d7, c8,c8,c8] (s3,f2,f1)
hand 2
  0 (S): -88 for c2,c3,c3,c4,c4,N,N,b5,b5,c1 [d4,d5,d3] 
  1 (E): -156 for c3,c4,c5,c5,d7,d9,c1 [d6,d8,d7, b7,b9,b8] (s2)
  2 (N): 208 for b6,b6 [b2,b3,b1, d4,d3,d2, P,P,P, d8,d8,d8] (f4,s1)
  3 (W): 36 for c2,c4,c5,c6,c7,c8,c9,b9,b9,c1 [d5,d4,d3] (s3,f1,f2,f3)
hand 3
  0 (W): -80 for b6,b8,b8,b9 [b1,b3,b2, d3,d4,d2, d9,d8,d7] (f1,f3)
  1 (S): -98 for c4,c4,d4,d5,d5,E,E [d7,d6,d5, b8,b7,b6] 
  2 (E): 240 for c2,c3,c4,b7,b7 [c2,c4,c3, d9,d8,d7, b5,b6,b4] (s3,s4)
  3 (N): -62 for d4,d4,d6,d8 [c8,c8,c8, d1,d1,d1, S,S,S] (s1)
hand 4
  0 (W): 96 for d7,d7,b5,b6,b7,b7,b8,b9 [c9,c8,c7, d5,d4,d3] 
  1 (S): -24 for b2,c2,c2,c3,d1,b3,b3,d3,b5,b5 [c6,c8,c7] 
  2 (E): -48 for c2,c3,c4,d3,d3,d4,d5,d5,c1,c1 [c6,c5,c4] 
  3 (N): -24 for c4,c5,c6,d1,d2,C,b8,b8,b9,b9 [b2,b4,b3] 
hand 5
  0 (N): -180 for b2,c4,c4,c5,c6,c6,b3,b4,b5,b6 [b9,b8,b7] 
  1 (W): -174 for c2,d1,d1,P,P,b6,c1 [d4,d6,d5, d1,d3,d2] 
  2 (S): 704 for c7,c8,c9,S,S,S,b7,b7 [d8,d9,d7, d7,d6,d5] (s2,s4,f1,f2,f3,s3)
  3 (E): -350 for c2,c2,c3,c5,c5,c8,c8,P,P,c1 [c9,c8,c7] 
hand 6
  0 (E): -152 for d5,d6,d7,d8,d8,b6,b7 [N,N,N, d5,d6,d4] 
  1 (N): 160 for c3,c4,c5,d4,d4,d5,d6,d7 [c4,c5,c3, d9,d8,d7] (s3,s1)
  2 (W): -92 for d3,d3,d7,d9,b5,b6,b7 [c7,c9,c8, c1,c3,c2] 
  3 (S): 84 for c5,c6,c8,c9,d2,d2,d2,d4,S,S [F,F,F] (s2,s4,f1)
hand 7
  0 (S): -92 for d5,d6,d7,d7,d7,d9,S [E,E,E, c5,c7,c6] (f1,f3)
  1 (E): 312 for d1,d2,d2,d3,d3,d4,d7,d8,d9 [b5,b7,b6, P,P] (s4,s2,s1)
  2 (N): -104 for c3,c4,c5,c6,d4,d4,d5,d6,d8,d8,W,W,W (f2)
  3 (W): -116 for d2,d2,d3,d4,d5,d6,d9,d9,S,P [F,F,F] 
hand 8
  0 (S): 192 for c2,c2,c3,c4,c5,d3,d4,d5 [P,P,P, c6,c6,c6] (f2,s1)
  1 (E): 152 for d7,d8,d8,d8,E,E,E [d2,d2,d2, d1,d1,d1] (f1,s2,s4,f4)
  2 (N): -180 for b2,b3,d4,d5,d6,E,b4 [c8,c9,c7, d7,d6,d5] (s3)
  3 (W): -164 for c3,c4,c4,c4,c5,c5,d3,d4,d4,d5,d6,d7,d9 (f3)
hand 9
  0 (W): -296 for c4,c4,c6,c7,c8,d2,d2,d3,d3,F [c2,c3,c1] (s3)
  1 (S): 896 for d2,d2 [E,E,E, d5,d5,d5, S,S,S, d7,d9,d8] (f1,f3)
  2 (E): -612 for c9,c9,d4,d4,d5,d9,d9 [c5,c7,c6, c1,c3,c2] 
  3 (N): 12 for d1,d3,d3,d4,d7,F,F [P,P,P, d6,d6,d6] (s2,s4,f4)
hand 10
  0 (N): -100 for d1,d1,d3,S,N,F,C [d7,d7,d7, d2,d2,d2] (f1)
  1 (W): -70 for d1,d3,d4,d5,d5,d6,S,S,C,P [d9,d9,d9] (s2,f4,f3)
  2 (S): 320 for [c8,c7,c6, c3,c5,c4, c2,c3,c1, c8,c9,c7, N,N] (s1,s4)
  3 (E): -150 for b1,b3,E,E,b5,b7,b7,b7,b9,b9,b9,c1,c1 (f2)
hand 11
  0 (E): 308 for c6,c7,c9,d5,P,P,P [c8,c7,c6, d3,d3,d3,d3] (s1,f1,s4)
  1 (N): -198 for c6,c7,C,C [d9,d9,d9, S,S,S,S, c4,c4,c4] 
  2 (W): 72 for b1,b2,b3,b5,b6,b7,b8,b8 [b9,b9,b9, c9,c8,c7] (f2)
  3 (S): -182 for c2,c3,c3,c4,c5,c8,c9,C,C,c1 [W,W,W] (f4,s2)
hand 12
  0 (S): -72 for c2,c6,c9,d1,d2,d3,d4,d7,W,P [d4,d6,d5] (s3)
  1 (E): -64 for d2,d2,d3,d5,d5,d6,d7,d9,W,F,C,C,P (s1,f1)
  2 (N): -40 for b2,b2,C,P,b6,b7,b7,b8,b8,b9 [c4,c6,c5] (s4,f4)
  3 (W): 176 for c7,c8,c9,F,F [S,S,S, c3,c3,c3, c8,c7,c6] (s2)
hand 13
  0 (W): 0 for c2,c4,d8,d8,W,W,F [c9,c9,c9,c9, d6,d6,d6] (f2,s1)
  1 (S): 176 for d2,d3,d4,d7,d7 [P,P,P, b3,b5,b4, d5,d4,d3] (s4,f4)
  2 (E): -120 for c5,c6,c6,c7,c8,c8,d1,d1,S,S [c6,c5,c4] (f1)
  3 (N): -56 for c2,c2,c3,c4,d1,d1,d2,d4,d5,c1 [d9,d9,d9] (f3)
hand 14
  0 (N): 152 for d4,d4,d5,d6,d7 [c7,c7,c7,c7, d6,d8,d7, d9,d8,d7] (f2,f3,f1,s1,s3)
  1 (W): -34 for c4,c4,d2,d2,d6,b5,b5 [b6,b6,b6, P,P,P] (s4)
  2 (S): -58 for c2,c3,c4,c5,c6,d1,d1,d1,d5,d5,S,W,C (f4)
  3 (E): -60 for d2,d6,d7,d8,E,W,C [F,F,F, d3,d3,d3,d3] 
hand 15
  0 (E): -100 for c3,c4,c6,d1,d3,d4,d4,d6,d7,d7,d8,d8,F (s2,f4)
  1 (N): -74 for c7,c8,c9,d2,d3,d4,d4,d5,d7,d9,N,F,F 
  2 (W): 224 for b2,b2,b3,b4,b5 [c5,c4,c3, c3,c2,c1, C,C,C] (s4,s1,s3)
  3 (S): -50 for c4,c5,c7,d1,d1,d3,d3,S,c1,c1 [d6,d7,d5] (f2,f1)
hand 16
  0 (S): 24 for c4,c4,c9,c9,d2,d3,d5,d6,d6,d7 [N,N,N] (s1,s2,f3)
  1 (E): -42 for d5,d6,d6,d8,d8,d8,d9 [d4,d5,d3, b6,b6,b6] (s4,s3)
  2 (N): -70 for d4,d4,d7,F [c6,c8,c7, c4,c6,c5, d2,d3,d1] (f4)
  3 (W): 88 for c4,c5,c6,c6,c7,c8 [c3,c2,c1, b2,b2,b2, c9,c9] (f2,f1)
hand 17
  0 (W): -28 for c3,c4,d2,d3,d5,d6,d6,W,W,c1 [S,S,S] (f2,f1)
  1 (S): 64 for c6,c7,c8,d6,d7,d8,c1,c1 [c9,c9,c9, c2,c2,c2] 
  2 (E): -6 for c2,d2,d2,c1 [C,C,C, d4,d6,d5, d3,d2,d1] (s3,f3)
  3 (N): -30 for c6,c7,c8,W,W,P,P,b6,b6,b6 [c5,c5,c5] (s1,s4)
hand 18
  0 (N): -110 for c2,c3,c4,c5,c5,b4,P [d5,d6,d4, F,F,F] (s3,s2)
  1 (W): -158 for b2,d1,d2,d3,d4,d7,d8,b4,b4,b6 [d7,d9,d8] (f3,f1)
  2 (S): -164 for P,b5,b6,b8,b8,b8,b9 [c1,c3,c2, c7,c7,c7] 
  3 (E): 432 for b2,b3,b4,N,N,b7,b7,b7 [c8,c8,c8, C,C,C] (s4,s1,f2)
hand 19
  0 (N): -500 for d4,d9,E,E,N,F,P [d6,d8,d7, d4,d6,d5] (f3)
  1 (W): 1920 for b3,b3,N,N,N [d1,d1,d1, W,W,W, C,C,C] 
  2 (S): -458 for c4,c4,c5,b4,F,P,b5,b6,b7,b7 [c3,c3,c3] (f1,f4,s3,s2)
  3 (E): -962 for b1,b2,c6,c8,c9,c9,E,P,P,b5,b5,b8,b8 (f2,s4)
final scores:
  player 0: 902 (not set to chicken)
  player 1: 4716 (not set to chicken)
  player 2: 1780 (not set to chicken)
  player 3: 602 (not set to chicken)
Game took 6.45s