Initial seed: 13
starting game.

Starting hand 1.
this.hand=1; this.draws=0; config.PRNG.seed(738053298); this.wind=0; this.windOfTheRound=0;
wall: 5,17,4,4,25,18,21,26,28,33,11,30,33,29,8,29,22,6,13,22,13,16,4,9,28,15,33,10,9,11,25,31,12,26,7,16,1,16,20,17,3,27,17,19,15,24,19,0,21,1,1,3,38,18,21,26,7,8,40,30,15,23,3,25,0,2,8,10,28,23,26,2,11,24,2,27,6,19,32,29,20,34,32,15,9,14,25,28,9,7,12,23,29,31,6,32,2,5,41,39,22,1,3,5,14,31,30,27,30,18,17,23,0,27,4,13,36,31,33,22,19,20,24,18,24,8,37,16,7,12,6,21,10,11,5,32,14,12,13,10,35,20,14,0
initial deal
tiles for 0: 4,4,5,11,17,18,21,25,26,28,30,33,33
tiles for 1: 4,6,8,9,13,13,15,16,22,22,28,29,29
tiles for 2: 1,7,9,10,11,12,16,16,20,25,26,31,33
tiles for 3: 0,1,1,3,3,15,17,17,19,19,21,24,27
prepare play
tiles for 0: 4,4,5,11,17,18,21,25,26,28,30,33,33 []
tiles for 1: 4,6,8,9,13,13,15,16,22,22,28,29,29 []
tiles for 2: 1,7,9,10,11,12,16,16,20,25,26,31,33 []
tiles for 3: 0,1,1,3,3,15,17,17,19,19,21,24,27 []
0 <  38
0 <  18
0  > 30
1 <  21
1  > 28
2 <  26
2  > 1
3 <  1 (8)
3 has [0,3,3,15,17,17,19,19,21,24,27], [[1,1,1]]
3  > 0
0 <  7
0  > 28
1 <  8
1  > 9
2 <  40
2 <  30
2  > 30
3 <  15
3  > 24
0 <  24 (4)
0 has [4,4,5,7,11,17,18,18,21,33,33], [[24,25,26]]
0  > 11
1 <  23
1  > 6
2 <  3
2  > 20
3 <  20 (5)
3 has [3,3,15,15,17,17,19,27], [[1,1,1],[19,20,21]]
3  > 19
0 <  25
0  > 25
1 <  0
1  > 4
2 <  2
2  > 7
3 <  8
3  > 8
0 <  10
0  > 17
3 <  17 (8)
3 has [3,3,15,15,27], [[1,1,1],[19,20,21],[17,17,17]]
3  > 27
0 <  28
0  > 28
1 <  23
1  > 0
2 <  26
2  > 31
3 <  2
3  > 2
0 <  11
0  > 21
1 <  21 (4)
1 has [8,8,13,13,15,16,21,22,23,29,29], [[21,22,23]]
1  > 15
3 <  15 (32)
3 has [3,3], [[1,1,1],[19,20,21],[17,17,17],[15,15,15]!]
Player 3 wins hand 1! (hand took 80ms)
0: -36, hand: 4,4,5,7,10,11,18,18,33,33, [[24,25,26]], (38)
1: -42, hand: 8,8,13,13,16,21,22,23,29,29, [[21,22,23]], ()
2: 6, hand: 2,3,9,10,11,12,16,16,25,26,26,26,33, [], (40)
3: 72, hand: 3,3, [[1,1,1],[19,20,21],[17,17,17],[15,15,15]!], ()

Starting hand 2.
this.hand=2; this.draws=0; config.PRNG.seed(613456726); this.wind=1; this.windOfTheRound=0;
wall: 19,21,14,11,27,15,1,21,15,8,24,5,26,4,18,20,16,16,14,29,6,23,2,15,13,3,12,29,33,21,8,40,33,28,39,0,14,0,26,18,35,31,31,7,10,7,30,8,18,13,32,32,16,31,37,1,30,17,9,12,26,2,27,10,6,27,8,19,11,4,10,29,4,22,2,3,32,25,18,12,5,25,17,20,19,0,5,7,14,3,22,13,23,33,11,32,25,13,24,29,30,34,25,28,22,11,16,36,33,9,38,9,1,21,0,17,19,20,28,23,9,12,26,31,24,1,3,20,41,23,2,4,22,30,28,24,27,7,15,5,6,10,6,17
initial deal
tiles for 0: 1,5,8,11,14,15,15,19,21,21,24,26,27
tiles for 1: 2,3,4,6,13,14,15,16,16,18,20,23,29
tiles for 2: 0,0,8,12,14,18,21,26,28,29,31,33,33
tiles for 3: 1,7,7,8,10,13,16,18,30,31,31,32,32
prepare play
tiles for 0: 1,5,8,11,14,15,15,19,21,21,24,26,27 []
tiles for 1: 2,3,4,6,13,14,15,16,16,18,20,23,29 []
tiles for 2: 0,0,8,12,14,18,21,26,28,29,31,33,33 []
tiles for 3: 1,7,7,8,10,13,16,18,30,31,31,32,32 []
1 <  30
1  > 30
2 <  17
2  > 29
3 <  9
3  > 30
0 <  12
0  > 1
1 <  26
1  > 29
2 <  2
2  > 28
3 <  27
3  > 1
0 <  10
0  > 5
1 <  5 (6)
1 has [2,6,13,14,15,16,16,18,20,23,26], [[3,4,5]]
1  > 6
2 <  6
2  > 26
3 <  27
3  > 18
0 <  8
0  > 27
3 <  27 (8)
3 has [7,7,8,9,10,13,16,31,31,32,32], [[27,27,27]]
3  > 13
0 <  13 (6)
0 has [8,8,10,14,15,15,19,21,21,24,26], [[11,12,13]]
0  > 10
1 <  19
1  > 2
2 <  11
2  > 21
3 <  4
3  > 16
0 <  16 (6)
0 has [8,8,15,19,21,21,24,26], [[11,12,13],[14,15,16]]
0  > 15
1 <  10
1  > 26
2 <  29
2  > 29
3 <  4
3  > 10
0 <  22
0  > 24
1 <  2
1  > 2
2 <  3
2  > 18
3 <  32
3  > 9
0 <  25
0  > 19
1 <  18
1  > 10
2 <  10 (4)
2 has [0,0,2,3,6,8,14,17,31,33,33], [[10,11,12]]
2  > 14
3 <  12
3  > 12
0 <  5
0  > 5
1 <  25
1  > 18
2 <  17
2  > 31
3 <  31 (8)
3 has [4,4,7,7,8,32,32,32], [[27,27,27],[31,31,31]]
3  > 8
0 <  20
0  > 26
1 <  19
1  > 19
2 <  0
2  > 8
3 <  5
3  > 5
0 <  7
0  > 25
1 <  14
1  > 14
2 <  3
2  > 6
3 <  22
3  > 22
0 <  13
0  > 13
1 <  23
1  > 23
2 <  33
2  > 2
3 <  11
3  > 11
0 <  32
0  > 32
3 <  32 (16)
3 has [4,4,7,7], [[27,27,27],[31,31,31],[32,32,32,32]]
3 <  25
3  > 25
0 <  13
0  > 13
1 <  24
Player 1 wins hand 2! (hand took 181ms)
0: -328, hand: 7,8,8,20,21,21,22, [[11,12,13],[14,15,16]], ()
1: 144, hand: 13,14,15,16,16,18,19,20,23,24,25, [[3,4,5]], ()
2: -160, hand: 0,0,0,3,3,17,17,33,33,33, [[10,11,12]], (40,39,35)
3: 344, hand: 4,4,7,7, [[27,27,27],[31,31,31],[32,32,32,32]], (37)

Starting hand 3.
this.hand=3; this.draws=0; config.PRNG.seed(1039564537); this.wind=1; this.windOfTheRound=0;
wall: 2,17,30,6,2,23,28,12,21,18,22,15,8,11,25,1,2,22,32,0,6,8,5,21,7,31,14,6,14,25,26,32,22,31,7,12,32,15,20,13,1,18,35,11,1,2,5,0,14,24,27,16,8,24,26,29,1,33,33,20,15,33,25,9,23,15,28,19,24,3,27,9,29,40,7,39,3,20,26,9,5,20,10,31,11,4,19,13,0,29,16,9,12,17,33,23,27,7,25,28,14,12,41,37,10,32,10,28,16,21,18,29,24,21,4,34,19,0,27,19,30,3,13,3,18,17,5,13,23,10,4,38,6,26,31,4,17,11,22,36,30,16,30,8
initial deal
tiles for 0: 2,2,6,8,12,15,17,18,21,22,23,28,30
tiles for 1: 0,1,2,5,6,7,8,11,21,22,25,31,32
tiles for 2: 6,7,12,14,14,15,20,22,25,26,31,32,32
tiles for 3: 0,1,1,2,5,8,11,13,14,16,18,24,27
prepare play
tiles for 0: 2,2,6,8,12,15,17,18,21,22,23,28,30 []
tiles for 1: 0,1,2,5,6,7,8,11,21,22,25,31,32 []
tiles for 2: 6,7,12,14,14,15,20,22,25,26,31,32,32 []
tiles for 3: 0,1,1,2,5,8,11,13,14,16,18,24,27 []
1 <  24
1  > 11
2 <  26
2  > 31
3 <  29
3  > 18
0 <  1
0  > 30
1 <  33
1  > 31
2 <  33
2  > 33
3 <  20
3  > 20
0 <  15
0  > 12
1 <  33
1  > 32
2 <  32 (8)
2 has [6,7,12,14,14,15,20,22,25,26,26], [[32,32,32]]
2  > 20
3 <  25
3  > 5
0 <  9
0  > 9
1 <  23
1  > 23
2 <  15
2  > 22
3 <  28
3  > 28
0 <  19
0  > 28
1 <  24
1  > 25
2 <  3
2  > 3
3 <  3 (6)
3 has [0,1,8,11,13,14,16,24,25,27,29], [[1,2,3]]
3  > 8
0 <  27
0  > 27
1 <  9
1  > 9
2 <  29
2  > 29
3 <  40
3 <  7
3  > 7
0 <  7 (5)
0 has [1,2,2,15,15,17,18,19,21,22,23], [[6,7,8]]
0  > 17
1 <  39
1 <  3
1  > 22
2 <  20
2  > 20
3 <  26
3  > 29
0 <  9
0  > 9
1 <  5
1  > 24
2 <  24 (4)
2 has [6,7,12,14,14,15,15,26], [[32,32,32],[24,25,26]]
2  > 26
3 <  20
3  > 20
0 <  20 (6)
0 has [1,2,2,15,15,21,22,23], [[6,7,8],[18,19,20]]
0  > 1
1 <  1 (4)
1 has [0,1,5,5,6,7,8,21,24,33,33], [[1,2,3]]
1  > 24
2 <  10
2  > 12
3 <  12 (5)
3 has [0,1,14,16,24,25,26,27], [[1,2,3],[11,12,13]]
3  > 27
0 <  31
0  > 31
1 <  11
1  > 11
2 <  4
2  > 10
3 <  19
3  > 19
0 <  13
0  > 13
1 <  0
1  > 21
2 <  29
2  > 29
3 <  16
3  > 14
2 <  14 (8)
2 has [4,6,7,15,15], [[32,32,32],[24,25,26],[14,14,14]]
2  > 4
3 <  9
3  > 9
0 <  12
0  > 12
1 <  17
1  > 17
2 <  33
2  > 33
1 <  33 (8)
1 has [0,0,1,5,5,6,7,8], [[1,2,3],[33,33,33]]
1  > 1
2 <  23
2  > 23
3 <  27
3  > 27
0 <  7
0  > 7
1 <  25
1  > 25
2 <  28
2  > 28
3 <  14
3  > 14
0 <  12
0  > 12
1 <  41
1 <  37
1 <  10
1  > 10
2 <  32
2  > 32
3 <  10
3  > 10
0 <  28
0  > 28
1 <  16
1  > 16
2 <  21
2  > 21
3 <  18
3  > 18
0 <  29
0  > 29
1 <  24
1  > 24
2 <  21
2  > 21
3 <  4
3  > 4
0 <  34
0 <  19
0  > 19
1 <  0
Player 1 wins hand 3! (hand took 253ms)
0: -300, hand: 2,2,15,15,21,22,23, [[6,7,8],[18,19,20]], (34)
1: 864, hand: 0,0,0,5,5,6,7,8, [[1,2,3],[33,33,33]], (39,41,37)
2: -276, hand: 6,7,15,15, [[32,32,32],[24,25,26],[14,14,14]], ()
3: -288, hand: 0,1,16,16,24,25,26, [[1,2,3],[11,12,13]], (35,40)

Starting hand 4.
this.hand=4; this.draws=0; config.PRNG.seed(1763705419); this.wind=1; this.windOfTheRound=0;
wall: 25,6,20,13,31,33,12,29,11,28,3,19,34,30,28,27,25,5,37,7,3,21,27,13,23,30,26,18,39,22,10,32,20,4,26,10,31,7,7,12,33,0,33,19,23,23,18,25,28,6,22,11,27,36,20,32,19,41,18,24,4,0,8,24,14,21,18,19,15,16,24,15,0,23,35,8,7,4,21,17,16,5,2,32,6,21,5,29,30,15,12,1,9,3,9,31,10,30,6,9,11,2,0,15,17,1,38,3,1,29,26,14,29,16,25,20,1,22,5,11,26,31,8,13,14,13,9,17,8,32,10,40,14,2,22,12,2,33,17,27,4,24,16,28
initial deal
tiles for 0: 3,6,11,12,13,19,20,25,28,29,30,31,33
tiles for 1: 3,5,7,13,18,21,23,25,26,27,27,28,30
tiles for 2: 0,4,7,7,10,10,12,20,22,26,31,32,33
tiles for 3: 6,11,18,19,20,22,23,23,25,27,28,32,33
prepare play
tiles for 0: 3,6,11,12,13,19,20,25,28,29,30,31,33 []
tiles for 1: 3,5,7,13,18,21,23,25,26,27,27,28,30 []
tiles for 2: 0,4,7,7,10,10,12,20,22,26,31,32,33 []
tiles for 3: 6,11,18,19,20,22,23,23,25,27,28,32,33 []
1 <  19
1  > 28
2 <  41
2 <  18
2  > 26
3 <  24
3  > 28
0 <  4
0  > 29
1 <  0
1  > 30
2 <  8
2  > 0
3 <  24
3  > 11
0 <  11 (4)
0 has [3,4,6,11,19,20,25,28,30,31,33], [[11,12,13]]
0  > 30
1 <  14
1  > 14
2 <  21
2  > 4
3 <  18
3  > 6
0 <  19
0  > 11
1 <  15
1  > 13
2 <  16
2  > 16
3 <  24
3  > 27
0 <  15
0  > 15
1 <  0
1  > 15
2 <  23
2  > 33
3 <  35
3 <  8
3  > 8
0 <  7
0  > 25
1 <  4
1  > 19
2 <  19 (5)
2 has [7,7,8,10,10,12,21,22,23,31,32], [[18,19,20]]
2  > 31
3 <  21
3  > 33
0 <  17
0  > 17
1 <  16
1  > 16
2 <  5
2  > 32
3 <  2
3  > 2
0 <  2 (4)
0 has [6,7,19,19,20,28,31,33], [[11,12,13],[2,3,4]]
0  > 31
1 <  32
1  > 25
2 <  6
2  > 12
3 <  21
3  > 32
0 <  5
0  > 33
1 <  29
1  > 29
2 <  30
2  > 30
3 <  15
3  > 15
0 <  12
0  > 12
1 <  1
1  > 23
2 <  9
2  > 9
3 <  3
3  > 3
0 <  9
0  > 9
1 <  31
1  > 18
3 <  18 (32)
3 has [19,20,21,21,22,23,23,24,24,24,25], [[18,18,18]!]
Player 3 wins hand 4! (hand took 149ms)
0: -182, hand: 5,6,7,19,19,20,28, [[11,12,13],[2,3,4]], (34)
1: -354, hand: 0,0,1,3,4,5,7,21,26,27,27,31,32, [], (37)
2: -168, hand: 5,6,7,7,8,10,10,21,22,23, [[18,19,20]], (39,41)
3: 704, hand: 19,20,21,21,22,23,23,24,24,24,25, [[18,18,18]!], (36,35)

Starting hand 5.
this.hand=5; this.draws=0; config.PRNG.seed(213319999); this.wind=2; this.windOfTheRound=0;
wall: 7,18,14,30,10,22,33,3,20,22,12,38,13,12,32,32,33,9,30,5,24,7,22,17,32,8,20,17,18,28,25,8,12,1,25,10,27,15,13,23,16,11,39,36,31,30,25,6,15,13,33,16,34,24,3,9,17,22,9,3,1,19,23,23,11,31,2,7,17,15,37,9,13,7,29,27,5,6,8,20,18,4,4,24,1,2,19,2,29,28,28,21,14,5,19,32,31,8,27,41,27,0,11,2,4,6,26,20,24,16,31,23,35,1,18,25,33,30,26,29,15,0,21,10,19,0,40,28,6,3,12,16,26,4,14,5,21,0,29,14,10,11,26,21
initial deal
tiles for 0: 3,7,10,12,12,13,14,18,20,22,22,30,33
tiles for 1: 5,7,8,9,17,20,22,24,30,32,32,32,33
tiles for 2: 1,8,10,12,13,15,17,18,23,25,25,27,28
tiles for 3: 3,6,9,11,13,15,16,16,24,25,30,31,33
prepare play
tiles for 0: 3,7,10,12,12,13,14,18,20,22,22,30,33 []
tiles for 1: 5,7,8,9,17,20,22,24,30,32,32,32,33 []
tiles for 2: 1,8,10,12,13,15,17,18,23,25,25,27,28 []
tiles for 3: 3,6,9,11,13,15,16,16,24,25,30,31,33 []
2 <  17
2  > 28
3 <  22
3  > 6
0 <  9
0  > 30
1 <  3
1  > 30
2 <  1
2  > 8
3 <  19
3  > 3
0 <  23
0  > 3
1 <  23
1  > 9
2 <  11
2  > 18
3 <  31
3  > 19
0 <  19 (5)
0 has [7,9,10,12,12,13,14,22,22,23,33], [[18,19,20]]
0  > 7
1 <  2
1  > 17
2 <  17 (8)
2 has [1,1,10,11,12,13,15,23,25,25,27], [[17,17,17]]
2  > 27
3 <  7
3  > 7
0 <  17
0  > 17
1 <  15
1  > 15
2 <  37
2 <  9
2  > 23
3 <  23 (5)
3 has [9,11,13,15,16,16,25,30,31,31,33], [[22,23,24]]
3  > 25
2 <  25 (8)
2 has [1,1,9,10,11,12,13,15], [[17,17,17],[25,25,25]]
2  > 15
3 <  13
3  > 30
0 <  7
0  > 7
1 <  29
1  > 29
2 <  27
2  > 27
3 <  5
3  > 5
0 <  6
0  > 6
1 <  6 (5)
1 has [2,3,8,20,22,23,24,32,32,32,33], [[5,6,7]]
1  > 32
2 <  8
2  > 8
3 <  20
3  > 20
0 <  18
0  > 18
1 <  4
1  > 23
2 <  4
2  > 4
3 <  24
3  > 24
0 <  24 (6)
0 has [9,10,12,12,13,14,22,33], [[18,19,20],[22,23,24]]
0  > 22
1 <  1
1  > 22
2 <  2
2  > 2
3 <  19
3  > 19
0 <  2
0  > 2
1 <  2 (4)
1 has [1,2,8,20,24,32,32,33], [[5,6,7],[2,3,4]]
1  > 8
2 <  29
2  > 29
3 <  28
3  > 28
0 <  28
0  > 28
1 <  21
1  > 20
2 <  14
Player 2 wins hand 5! (hand took 154ms)
0: -52, hand: 9,10,12,12,13,14,33, [[18,19,20],[22,23,24]], (38)
1: -58, hand: 1,2,21,24,32,32,33, [[5,6,7],[2,3,4]], ()
2: 132, hand: 1,1,9,10,11,12,13,14, [[17,17,17],[25,25,25]], (37)
3: -22, hand: 9,11,13,13,15,16,16,31,31,33, [[22,23,24]], (39,36,34)

Starting hand 6.
this.hand=6; this.draws=0; config.PRNG.seed(430295585); this.wind=2; this.windOfTheRound=0;
wall: 25,3,20,17,12,25,27,0,14,31,11,31,3,7,8,13,22,9,6,32,18,3,11,16,23,17,28,22,21,4,6,17,26,1,18,13,30,12,14,6,19,29,32,8,2,4,6,25,2,14,26,5,5,33,24,30,36,37,40,10,16,19,2,8,15,24,20,13,15,29,1,8,12,20,4,35,5,9,33,0,33,23,21,11,30,0,15,32,12,32,28,5,27,39,23,4,28,29,26,17,1,24,18,7,21,31,9,20,2,19,16,41,16,29,9,13,22,15,14,34,21,0,7,10,3,38,22,24,30,26,28,18,10,19,10,25,31,27,7,1,11,23,27,33
initial deal
tiles for 0: 0,3,3,11,12,14,17,20,25,25,27,31,31
tiles for 1: 3,6,7,8,9,11,13,16,17,18,22,23,32
tiles for 2: 1,4,6,12,13,14,17,18,21,22,26,28,30
tiles for 3: 2,2,4,5,6,6,8,14,19,25,26,29,32
prepare play
tiles for 0: 0,3,3,11,12,14,17,20,25,25,27,31,31 []
tiles for 1: 3,6,7,8,9,11,13,16,17,18,22,23,32 []
tiles for 2: 1,4,6,12,13,14,17,18,21,22,26,28,30 []
tiles for 3: 2,2,4,5,6,6,8,14,19,25,26,29,32 []
2 <  5
2  > 30
3 <  33
3  > 29
0 <  24
0  > 17
1 <  30
1  > 30
2 <  36
2 <  37
2 <  40
2 <  10
2  > 28
3 <  16
3  > 19
0 <  19
0  > 0
1 <  2
1  > 23
2 <  23 (6)
2 has [1,4,5,6,10,12,13,14,17,18,26], [[21,22,23]]
2  > 26
3 <  8
3  > 33
0 <  15
0  > 27
1 <  24
1  > 24
2 <  20
2  > 17
3 <  13
3  > 32
0 <  15
0  > 20
1 <  29
1  > 29
2 <  1
2  > 18
3 <  8
3  > 16
0 <  16 (6)
0 has [3,3,11,12,15,19,24,25,25,31,31], [[14,15,16]]
0  > 19
1 <  12
1  > 22
2 <  20
2  > 10
3 <  4
3  > 25
0 <  35
0 <  5
0  > 15
1 <  9
1  > 18
2 <  33
2  > 33
3 <  0
3  > 26
0 <  26 (6)
0 has [3,3,5,11,12,25,31,31], [[14,15,16],[24,25,26]]
0  > 25
1 <  33
1  > 17
2 <  23
2  > 23
3 <  21
3  > 21
0 <  11
0  > 5
1 <  30
1  > 30
2 <  0
2  > 0
3 <  15
3  > 0
0 <  32
0  > 32
1 <  12
1  > 11
2 <  32
2  > 32
3 <  28
3  > 28
0 <  5
0  > 5
3 <  5 (32)
3 has [2,2,4,5,6,8,8,8,13,14,15], [[4,5,6]!]
Player 3 wins hand 6! (hand took 151ms)
0: -18, hand: 3,3,11,11,12,31,31, [[14,15,16],[24,25,26]], (35)
1: -36, hand: 2,3,6,7,8,9,9,12,12,13,16,32,33, [], ()
2: -18, hand: 1,1,4,5,6,12,13,14,20,20, [[21,22,23]], (36,37,40)
3: 72, hand: 2,2,4,5,6,8,8,8,13,14,15, [[4,5,6]!], ()

Starting hand 7.
this.hand=7; this.draws=0; config.PRNG.seed(1450595307); this.wind=3; this.windOfTheRound=0;
wall: 26,24,12,31,10,15,5,21,20,15,17,33,17,5,28,15,18,10,20,6,4,8,8,1,9,25,35,21,5,18,12,19,30,14,13,2,17,12,3,29,14,10,32,0,38,28,11,6,37,36,14,6,13,23,33,32,7,6,3,1,25,22,0,27,18,0,20,2,18,26,22,19,22,9,28,4,1,2,34,29,8,4,41,40,23,10,14,19,7,9,0,22,31,27,31,20,15,11,26,19,24,3,23,27,7,12,23,39,16,33,13,21,9,21,11,17,25,27,3,24,32,30,7,29,2,30,4,1,28,16,32,26,30,11,33,31,8,13,16,16,24,29,25,5
initial deal
tiles for 0: 5,10,12,15,15,17,17,20,21,24,26,31,33
tiles for 1: 1,4,5,6,8,8,9,10,15,18,20,25,28
tiles for 2: 2,3,5,12,12,13,14,17,18,19,21,29,30
tiles for 3: 0,6,6,10,11,13,14,14,23,28,32,32,33
prepare play
tiles for 0: 5,10,12,15,15,17,17,20,21,24,26,31,33 []
tiles for 1: 1,4,5,6,8,8,9,10,15,18,20,25,28 []
tiles for 2: 2,3,5,12,12,13,14,17,18,19,21,29,30 []
tiles for 3: 0,6,6,10,11,13,14,14,23,28,32,32,33 []
3 <  7
3  > 28
0 <  6
0  > 31
1 <  3
1  > 28
2 <  1
2  > 29
3 <  25
3  > 0
0 <  22
0  > 33
1 <  0
1  > 10
2 <  27
2  > 30
3 <  18
3  > 18
0 <  0
0  > 0
1 <  20
1  > 15
2 <  15 (6)
2 has [1,2,3,5,12,12,17,18,19,21,27], [[13,14,15]]
2  > 17
3 <  2
3  > 2
0 <  18
0  > 10
1 <  26
1  > 9
2 <  22
2  > 27
3 <  19
3  > 19
0 <  19 (5)
0 has [5,6,12,15,15,17,17,21,22,24,26], [[18,19,20]]
0  > 12
2 <  12 (8)
2 has [1,2,3,5,18,19,21,22], [[13,14,15],[12,12,12]]
2  > 5
3 <  5 (4)
3 has [6,10,11,13,14,14,23,25,32,32,33], [[5,6,7]]
3  > 6
0 <  22
0  > 26
1 <  9
1  > 9
2 <  28
2  > 28
3 <  4
3  > 4
0 <  4 (4)
0 has [15,15,17,17,21,22,22,24], [[18,19,20],[4,5,6]]
0  > 24
1 <  1
1  > 26
2 <  2
2  > 18
3 <  34
3 <  29
3  > 29
0 <  8
0  > 8
1 <  4
1  > 20
2 <  20 (5)
2 has [1,2,2,3,22], [[13,14,15],[12,12,12],[19,20,21]]
2  > 22
3 <  41
3 <  40
3 <  23
3  > 33
0 <  10
0  > 10
1 <  14
1  > 14
3 <  14 (8)
3 has [10,11,13,23,23,25,32,32], [[5,6,7],[14,14,14]]
3  > 13
0 <  19
0  > 19
1 <  7
1  > 18
2 <  9
2  > 9
3 <  9 (4)
3 has [23,23,25,32,32], [[5,6,7],[14,14,14],[9,10,11]]
3  > 25
0 <  0
0  > 0
1 <  22
1  > 25
2 <  31
2  > 31
3 <  27
3  > 27
0 <  31
0  > 31
1 <  20
1  > 22
2 <  15
2  > 15
3 <  11
3  > 11
0 <  26
0  > 26
1 <  19
1  > 19
2 <  24
2  > 24
3 <  3
3  > 3
0 <  23
0  > 22
1 <  27
1  > 20
2 <  7
2  > 7
3 <  12
3  > 12
0 <  23
0  > 23
3 <  23 (32)
3 has [32,32], [[5,6,7],[14,14,14],[9,10,11],[23,23,23]!]
Player 3 wins hand 7! (hand took 212ms)
0: -166, hand: 15,15,17,17,21,22,23, [[18,19,20],[4,5,6]], ()
1: -166, hand: 0,1,1,3,4,4,5,6,7,8,8,20,27, [], ()
2: -148, hand: 1,2,2,3, [[13,14,15],[12,12,12],[19,20,21]], (35)
3: 480, hand: 32,32, [[5,6,7],[14,14,14],[9,10,11],[23,23,23]!], (38,37,36,34,41,40)

Starting hand 8.
this.hand=8; this.draws=0; config.PRNG.seed(2087705601); this.wind=3; this.windOfTheRound=0;
wall: 22,7,9,13,16,32,9,3,29,10,25,33,15,14,31,2,3,1,19,27,31,30,20,29,1,12,11,27,16,26,12,13,26,14,4,20,23,23,22,17,16,18,19,6,2,36,15,20,5,33,30,18,38,7,10,29,5,32,10,21,19,24,5,19,0,0,31,22,8,30,11,1,33,34,35,13,4,24,4,0,28,17,20,25,3,30,18,2,37,32,16,17,3,2,12,8,10,22,7,29,17,6,5,27,28,21,31,1,25,26,33,25,14,28,6,23,12,26,11,21,28,11,23,7,39,13,15,32,9,41,15,27,24,4,8,40,14,21,8,9,24,18,6,0
initial deal
tiles for 0: 3,7,9,9,10,13,15,16,22,25,29,32,33
tiles for 1: 1,1,2,3,12,14,19,20,27,29,30,31,31
tiles for 2: 4,11,12,13,14,16,20,22,23,23,26,26,27
tiles for 3: 2,5,6,7,15,16,17,18,18,19,20,30,33
prepare play
tiles for 0: 3,7,9,9,10,13,15,16,22,25,29,32,33 []
tiles for 1: 1,1,2,3,12,14,19,20,27,29,30,31,31 []
tiles for 2: 4,11,12,13,14,16,20,22,23,23,26,26,27 []
tiles for 3: 2,5,6,7,15,16,17,18,18,19,20,30,33 []
3 <  10
3  > 30
0 <  29
0  > 3
1 <  5
1  > 30
2 <  32
2  > 4
3 <  10
3  > 2
0 <  21
0  > 25
1 <  19
1  > 14
2 <  24
2  > 27
3 <  5
3  > 33
0 <  19
0  > 7
1 <  0
1  > 12
2 <  12 (4)
2 has [11,12,16,20,22,23,23,24,26,26,32], [[12,13,14]]
2  > 16
3 <  0
3  > 0
0 <  31
0  > 33
1 <  22
1  > 20
2 <  8
2  > 8
3 <  8 (6)
3 has [5,5,10,10,15,16,17,18,18,19,20], [[6,7,8]]
3  > 20
0 <  20 (5)
0 has [9,9,10,13,15,16,22,29,29,31,32], [[19,20,21]]
0  > 22
1 <  30
1  > 30
2 <  11
2  > 32
3 <  1
3  > 1
1 <  1 (8)
1 has [0,2,3,5,19,19,22,27,29,31,31], [[1,1,1]]
1  > 19
2 <  33
2  > 33
3 <  34
3 <  35
3 <  13
3  > 13
0 <  4
0  > 4
1 <  24
1  > 22
2 <  22 (4)
2 has [11,11,12,20,22,23,26,26], [[12,13,14],[22,23,24]]
2  > 20
3 <  20 (6)
3 has [5,5,10,10,15,16,17,18], [[6,7,8],[18,19,20]]
3  > 18
0 <  4
0  > 4
1 <  0
1  > 19
2 <  28
2  > 28
3 <  17
3  > 17
0 <  17 (6)
0 has [9,9,10,13,29,29,31,32], [[19,20,21],[15,16,17]]
0  > 13
1 <  20
1  > 20
2 <  25
2  > 25
3 <  3
3  > 3
0 <  30
0  > 30
1 <  18
1  > 18
2 <  2
2  > 2
3 <  37
3 <  32
3  > 32
0 <  16
0  > 16
1 <  17
1  > 17
2 <  3
2  > 3
3 <  2
3  > 2
0 <  12
0  > 31
1 <  31 (8)
1 has [0,0,2,3,5,24,27,29], [[1,1,1],[31,31,31]]
1  > 24
2 <  24 (6)
2 has [11,11,12,26,26], [[12,13,14],[22,23,24],[22,23,24]]
2  > 12
3 <  8
3  > 8
0 <  10
0  > 32
1 <  22
1  > 22
2 <  7
2  > 7
3 <  29
3  > 29
0 <  17
0  > 17
1 <  6
1  > 29
2 <  5
2  > 5
3 <  5 (32)
3 has [10,10,15,16,17], [[6,7,8],[18,19,20],[5,5,5]!]
Player 3 wins hand 8! (hand took 195ms)
0: -524, hand: 9,9,10,10,12,29,29, [[19,20,21],[15,16,17]], ()
1: -488, hand: 0,0,2,3,5,6,27, [[1,1,1],[31,31,31]], ()
2: -524, hand: 11,11,26,26, [[12,13,14],[22,23,24],[22,23,24]], ()
3: 1536, hand: 10,10,15,16,17, [[6,7,8],[18,19,20],[5,5,5]!], (36,38,34,35,37)

Starting hand 9.
this.hand=9; this.draws=0; config.PRNG.seed(1816988250); this.wind=3; this.windOfTheRound=0;
wall: 26,2,9,14,17,12,26,25,28,5,25,29,5,18,33,9,21,27,4,23,18,8,15,7,16,30,32,36,22,15,2,2,26,31,12,16,15,21,16,39,27,10,34,31,40,0,11,13,3,32,12,27,22,30,3,0,23,29,6,9,14,21,7,0,5,25,32,24,33,17,30,10,29,6,14,3,19,28,17,10,4,21,10,23,33,24,19,12,31,28,4,15,28,0,20,20,19,20,27,23,8,11,1,5,13,18,7,14,22,25,24,6,35,8,1,41,26,1,13,11,29,6,13,4,32,31,11,33,18,22,38,24,9,19,8,17,1,16,37,3,30,7,2,20
initial deal
tiles for 0: 2,5,5,9,12,14,17,25,25,26,26,28,29
tiles for 1: 4,7,8,9,15,16,18,18,21,23,27,30,33
tiles for 2: 2,2,12,15,15,16,16,21,22,26,27,31,32
tiles for 3: 0,0,3,3,10,11,12,13,22,27,30,31,32
prepare play
tiles for 0: 2,5,5,9,12,14,17,25,25,26,26,28,29 []
tiles for 1: 4,7,8,9,15,16,18,18,21,23,27,30,33 []
tiles for 2: 2,2,12,15,15,16,16,21,22,26,27,31,32 []
tiles for 3: 0,0,3,3,10,11,12,13,22,27,30,31,32 []
3 <  23
3  > 30
0 <  29
0  > 28
1 <  6
1  > 30
2 <  9
2  > 26
0 <  26 (8)
0 has [2,5,5,9,12,14,17,25,25,29,29], [[26,26,26]]
0  > 2
2 <  2 (8)
2 has [9,12,15,15,16,16,21,22,27,31,32], [[2,2,2]]
2  > 9
3 <  14
3  > 31
0 <  21
0  > 21
1 <  7
1  > 16
2 <  16 (8)
2 has [12,15,15,21,22,27,31,32], [[2,2,2],[16,16,16]]
2  > 12
3 <  12 (4)
3 has [0,0,3,3,10,11,12,22,23,27,32], [[12,13,14]]
3  > 32
0 <  0
0  > 0
3 <  0 (8)
3 has [3,3,10,11,12,22,23,27], [[12,13,14],[0,0,0]]
3  > 27
0 <  5
0  > 9
1 <  25
1  > 15
2 <  15 (8)
2 has [21,22,27,31,32], [[2,2,2],[16,16,16],[15,15,15]]
2  > 31
3 <  32
3  > 32
0 <  24
0  > 17
1 <  33
1  > 9
2 <  17
2  > 17
3 <  30
3  > 30
0 <  10
0  > 14
1 <  29
1  > 18
2 <  6
2  > 6
3 <  14
3  > 14
0 <  3
0  > 3
1 <  19
1  > 23
2 <  23 (6)
2 has [27,32], [[2,2,2],[16,16,16],[15,15,15],[21,22,23]]
2  > 27
3 <  28
3  > 28
0 <  17
0  > 17
1 <  10
1  > 10
2 <  4
2  > 4
3 <  21
Player 3 wins hand 9! (hand took 114ms)
0: -48, hand: 5,5,5,10,12,24,25,25,29,29, [[26,26,26]], ()
1: -66, hand: 4,6,7,7,8,18,19,21,25,27,29,33,33, [], ()
2: -30, hand: 32, [[2,2,2],[16,16,16],[15,15,15],[21,22,23]], (36,39)
3: 144, hand: 3,3,10,11,12,21,22,23, [[12,13,14],[0,0,0]], (34,40)

Starting hand 10.
this.hand=10; this.draws=0; config.PRNG.seed(452825560); this.wind=3; this.windOfTheRound=0;
wall: 39,14,22,17,22,24,30,13,19,4,0,10,29,11,18,31,33,0,9,23,25,10,18,11,7,14,26,10,4,17,23,23,20,41,15,5,10,28,13,27,0,11,26,24,29,21,34,32,23,20,3,2,14,29,27,8,25,24,8,4,28,16,7,3,27,1,3,33,2,12,16,13,22,30,33,7,6,38,0,31,12,26,2,14,28,6,37,28,5,1,24,32,4,25,6,1,29,5,18,20,19,21,36,17,12,21,20,19,1,8,15,27,8,22,30,11,26,16,7,31,16,13,40,35,9,32,9,15,17,6,21,33,30,3,12,25,15,31,19,32,2,18,9,5
initial deal
tiles for 0: 0,4,10,11,13,14,17,19,22,22,24,29,30
tiles for 1: 0,7,9,10,11,14,18,18,23,25,26,31,33
tiles for 2: 0,4,5,10,10,13,15,17,20,23,23,27,28
tiles for 3: 2,3,11,14,20,21,23,24,26,27,29,29,32
prepare play
tiles for 0: 0,4,10,11,13,14,17,19,22,22,24,29,30 []
tiles for 1: 0,7,9,10,11,14,18,18,23,25,26,31,33 []
tiles for 2: 0,4,5,10,10,13,15,17,20,23,23,27,28 []
tiles for 3: 2,3,11,14,20,21,23,24,26,27,29,29,32 []
3 <  8
3  > 8
0 <  25
0  > 29
3 <  29 (8)
3 has [2,3,11,14,20,21,23,24,26,27,32], [[29,29,29]]
3  > 11
0 <  24
0  > 0
1 <  8
1  > 0
2 <  4
2  > 0
3 <  28
3  > 28
0 <  16
0  > 4
2 <  4 (8)
2 has [5,10,10,13,15,17,20,23,23,27,28], [[4,4,4]]
2  > 5
3 <  7
3  > 14
0 <  3
0  > 3
1 <  27
1  > 9
2 <  1
2  > 1
3 <  1 (4)
3 has [7,20,21,23,24,26,27,32], [[29,29,29],[1,2,3]]
3  > 7
0 <  3
0  > 3
1 <  33
1  > 10
2 <  10 (8)
2 has [13,15,17,20,23,23,27,28], [[4,4,4],[10,10,10]]
2  > 20
3 <  2
3  > 2
0 <  12
0  > 19
1 <  16
1  > 14
2 <  14 (5)
2 has [17,23,23,27,28], [[4,4,4],[10,10,10],[13,14,15]]
2  > 17
3 <  13
3  > 13
0 <  22
0  > 30
1 <  30
1  > 30
2 <  33
2  > 33
1 <  33 (8)
1 has [7,8,11,16,18,18,23,25,26,27,31], [[33,33,33]]
1  > 11
2 <  7
2  > 7
3 <  6
3  > 6
0 <  38
0 <  0
0  > 0
1 <  31
1  > 16
2 <  12
2  > 12
3 <  26
3  > 32
0 <  2
0  > 2
1 <  14
1  > 14
2 <  28
2  > 27
3 <  6
3  > 6
0 <  37
0 <  28
0  > 28
2 <  28 (32)
2 has [23,23], [[4,4,4],[10,10,10],[13,14,15],[28,28,28]!]
Player 2 wins hand 10! (hand took 121ms)
0: -32, hand: 10,11,12,13,14,16,17,22,22,22,24,24,25, [], (39,38,37)
1: -44, hand: 7,8,18,18,23,25,26,27,31,31, [[33,33,33]], ()
2: 176, hand: 23,23, [[4,4,4],[10,10,10],[13,14,15],[28,28,28]!], (41)
3: -100, hand: 20,21,23,24,26,26,27, [[29,29,29],[1,2,3]], (34)

Starting hand 11.
this.hand=11; this.draws=0; config.PRNG.seed(1208150098); this.wind=0; this.windOfTheRound=1;
wall: 27,23,8,18,13,26,32,31,7,19,5,15,14,2,20,2,20,28,4,16,36,5,11,5,30,4,10,20,4,21,12,12,1,28,41,32,12,0,30,22,23,11,2,25,33,15,9,12,10,1,0,28,11,9,37,0,35,10,17,0,24,33,29,21,10,17,3,20,31,24,24,8,25,15,19,32,22,17,4,22,18,14,24,16,2,5,18,3,25,6,32,1,9,29,31,7,8,13,29,8,6,21,13,40,13,1,27,7,38,18,9,19,6,33,33,29,7,16,23,23,19,26,26,3,3,21,22,30,39,16,15,6,34,31,14,11,14,17,28,30,27,25,27,26
initial deal
tiles for 0: 5,7,8,13,14,15,18,19,23,26,27,31,32
tiles for 1: 2,2,4,4,5,5,10,11,16,20,20,28,30
tiles for 2: 0,1,4,12,12,12,20,21,22,23,28,30,32
tiles for 3: 0,1,2,9,9,10,11,11,12,15,25,28,33
prepare play
tiles for 0: 5,7,8,13,14,15,18,19,23,26,27,31,32 []
tiles for 1: 2,2,4,4,5,5,10,11,16,20,20,28,30 []
tiles for 2: 0,1,4,12,12,12,20,21,22,23,28,30,32 []
tiles for 3: 0,1,2,9,9,10,11,11,12,15,25,28,33 []
0 <  37
0 <  0
0  > 0
1 <  35
1 <  10
1  > 20
2 <  17
2  > 30
3 <  0
3  > 15
0 <  24
0  > 32
1 <  33
1  > 20
2 <  29
2  > 17
3 <  21
3  > 21
0 <  10
0  > 10
1 <  17
1  > 17
2 <  3
2  > 32
3 <  20
3  > 20
0 <  20 (6)
0 has [5,7,8,13,14,15,23,24,26,27,31], [[18,19,20]]
0  > 27
1 <  31
1  > 11
3 <  11 (8)
3 has [0,0,1,2,9,9,10,12,25,28,33], [[11,11,11]]
3  > 25
0 <  25 (6)
0 has [5,7,8,13,14,15,26,31], [[18,19,20],[23,24,25]]
0  > 26
1 <  24
1  > 24
2 <  24 (6)
2 has [0,1,3,4,12,12,12,20,21,28,29], [[22,23,24]]
2  > 29
3 <  24
3  > 24
0 <  8
0  > 31
1 <  25
1  > 25
2 <  15
2  > 15
3 <  19
3  > 19
0 <  32
0  > 32
1 <  22
1  > 22
2 <  22 (6)
2 has [0,1,3,4,12,12,12,28], [[22,23,24],[20,21,22]]
2  > 28
3 <  17
3  > 17
0 <  4
0  > 4
1 <  4 (8)
1 has [2,2,5,5,10,10,16,28,30,31,33], [[4,4,4]]
1  > 10
2 <  22
2  > 22
3 <  18
3  > 18
0 <  14
0  > 14
1 <  24
1  > 24
2 <  16
2  > 16
3 <  2
3  > 33
0 <  5
0  > 5
1 <  5 (8)
1 has [2,2,10,16,28,30,31,33], [[4,4,4],[5,5,5]]
1  > 16
2 <  18
2  > 18
3 <  3
3  > 28
0 <  25
0  > 25
1 <  6
1  > 10
2 <  32
2  > 32
3 <  1
3  > 12
2 <  12 (16)
2 has [0,1,3,4], [[22,23,24],[20,21,22],[12,12,12,12]]
2 <  9
2  > 9
3 <  9 (8)
3 has [0,0,1,1,2,2,3,10], [[11,11,11],[9,9,9]]
3  > 10
0 <  29
0  > 29
1 <  31
1  > 6
2 <  7
2  > 7
3 <  8
3  > 8
0 <  13
0  > 13
1 <  29
1  > 29
2 <  8
2  > 8
3 <  6
3  > 6
0 <  6 (5)
0 has [8,8,13,14,15], [[18,19,20],[23,24,25],[5,6,7]]
Player 0 wins hand 11! (hand took 188ms)
0: 192, hand: 8,8,13,14,15, [[18,19,20],[23,24,25],[5,6,7]], (37)
1: -54, hand: 2,2,28,30,31,31,33, [[4,4,4],[5,5,5]], (36,35)
2: -60, hand: 0,1,3,4, [[22,23,24],[20,21,22],[12,12,12,12]], (41)
3: -78, hand: 0,0,1,1,2,2,3, [[11,11,11],[9,9,9]], ()

Starting hand 12.
this.hand=12; this.draws=0; config.PRNG.seed(1617737322); this.wind=0; this.windOfTheRound=1;
wall: 1,19,27,23,28,1,32,10,28,20,16,7,31,5,9,33,4,21,9,14,11,11,34,6,30,14,13,25,9,3,6,18,17,10,9,38,24,24,11,15,31,8,1,41,18,26,16,32,12,30,5,22,20,27,10,4,7,8,8,5,33,29,28,23,7,7,22,23,25,29,33,18,19,19,0,12,21,6,26,26,25,40,16,0,13,35,24,5,23,3,18,10,13,12,39,2,27,2,17,36,13,0,4,25,4,19,31,14,12,21,15,20,31,2,29,14,6,27,28,17,15,22,24,1,3,32,26,29,3,0,21,33,11,16,22,17,32,20,15,37,30,2,30,8
initial deal
tiles for 0: 1,1,7,10,16,19,20,23,27,28,28,31,32
tiles for 1: 4,5,6,9,9,11,11,13,14,14,21,30,33
tiles for 2: 3,6,9,9,10,11,15,17,18,24,24,25,31
tiles for 3: 1,5,8,10,12,16,18,20,22,26,27,30,32
prepare play
tiles for 0: 1,1,7,10,16,19,20,23,27,28,28,31,32 []
tiles for 1: 4,5,6,9,9,11,11,13,14,14,21,30,33 []
tiles for 2: 3,6,9,9,10,11,15,17,18,24,24,25,31 []
tiles for 3: 1,5,8,10,12,16,18,20,22,26,27,30,32 []
0 <  4
0  > 10
1 <  7
1  > 21
2 <  8
2  > 3
3 <  8
3  > 30
0 <  5
0  > 23
1 <  33
1  > 14
2 <  29
2  > 18
3 <  28
3  > 27
0 <  23
0  > 23
1 <  7
1  > 13
2 <  7
2  > 29
3 <  22
3  > 26
0 <  23
0  > 23
1 <  25
1  > 25
2 <  29
2  > 29
3 <  33
3  > 16
0 <  18
0  > 16
1 <  19
1  > 19
2 <  19
2  > 19
3 <  19 (5)
3 has [1,5,8,8,10,12,22,22,28,32,33], [[18,19,20]]
3  > 1
0 <  1 (8)
0 has [4,5,7,18,19,20,27,28,28,31,32], [[1,1,1]]
0  > 32
1 <  0
1  > 0
2 <  12
2  > 31
3 <  21
3  > 5
0 <  6
0  > 27
1 <  26
1  > 26
2 <  26 (6)
2 has [6,7,8,9,9,10,11,12,15,17,24], [[24,25,26]]
2  > 24
3 <  26
3  > 26
0 <  25
0  > 25
1 <  40
1 <  16
1  > 9
2 <  0
2  > 0
3 <  13
3  > 33
1 <  33 (8)
1 has [4,5,6,7,7,9,11,11,14,16,30], [[33,33,33]]
1  > 9
2 <  35
2 <  24
2  > 24
3 <  5
3  > 5
0 <  23
0  > 23
1 <  3
1  > 16
2 <  16 (32)
2 has [6,7,8,9,9,10,11,12], [[24,25,26],[15,16,17]!]
Player 2 wins hand 12! (hand took 142ms)
0: -112, hand: 4,5,6,7,18,19,20,28,28,31, [[1,1,1]], ()
1: 24, hand: 3,4,5,6,7,7,11,11,14,30, [[33,33,33]], (34,40)
2: 144, hand: 6,7,8,9,9,10,11,12, [[24,25,26],[15,16,17]!], (38,35)
3: -56, hand: 8,8,10,12,13,21,22,22,28,32, [[18,19,20]], (41)

Starting hand 13.
this.hand=13; this.draws=0; config.PRNG.seed(2017218083); this.wind=1; this.windOfTheRound=1;
wall: 3,19,10,25,13,13,8,9,14,4,15,12,5,4,36,12,35,23,1,30,10,4,27,0,10,21,26,16,21,6,19,31,8,14,19,21,18,26,4,0,33,18,9,3,25,0,28,32,19,15,1,26,8,29,24,30,5,22,23,3,2,18,22,40,17,9,31,2,28,14,30,24,2,13,39,32,24,27,17,7,2,33,34,28,1,20,16,27,7,17,25,31,12,29,15,33,3,37,7,11,32,8,11,7,20,23,6,6,5,24,16,20,29,17,28,41,30,29,26,23,15,12,32,10,14,5,31,0,18,20,16,6,13,27,9,22,11,25,11,38,1,21,22,33
initial deal
tiles for 0: 3,4,5,8,9,10,12,13,13,14,15,19,25
tiles for 1: 0,1,4,4,10,10,12,16,21,23,26,27,30
tiles for 2: 0,4,6,8,14,18,19,19,21,21,26,31,33
tiles for 3: 0,1,3,8,9,15,18,19,25,26,28,29,32
prepare play
tiles for 0: 3,4,5,8,9,10,12,13,13,14,15,19,25 []
tiles for 1: 0,1,4,4,10,10,12,16,21,23,26,27,30 []
tiles for 2: 0,4,6,8,14,18,19,19,21,21,26,31,33 []
tiles for 3: 0,1,3,8,9,15,18,19,25,26,28,29,32 []
1 <  24
1  > 30
2 <  30
2  > 0
3 <  5
3  > 9
0 <  22
0  > 25
1 <  23
1  > 12
2 <  3
2  > 26
3 <  2
3  > 8
0 <  18
0  > 8
1 <  22
1  > 16
2 <  40
2 <  17
2  > 17
3 <  9
3  > 9
0 <  31
0  > 22
1 <  2
1  > 10
2 <  28
2  > 14
3 <  14
3  > 28
0 <  30
0  > 30
1 <  24
1  > 10
2 <  2
2  > 30
3 <  13
3  > 29
0 <  39
0 <  32
0  > 32
1 <  24
1  > 26
2 <  27
2  > 27
3 <  17
3  > 32
0 <  7
0  > 31
1 <  2
1  > 21
2 <  21 (8)
2 has [2,3,4,6,8,18,19,19,28,31,33], [[21,21,21]]
2  > 28
3 <  33
3  > 33
0 <  34
0 <  28
0  > 28
1 <  1
1  > 22
2 <  20
2  > 31
3 <  16
3  > 5
0 <  27
0  > 27
1 <  7
1  > 24
2 <  17
2  > 17
3 <  25
3  > 26
0 <  31
0  > 31
1 <  12
1  > 12
2 <  29
2  > 29
3 <  15
3  > 18
0 <  33
0  > 33
1 <  3
1  > 23
2 <  37
2 <  7
2  > 33
3 <  11
3  > 19
2 <  19 (32)
2 has [2,3,4,6,7,8,19,19], [[21,21,21],[18,19,20]!]
Player 2 wins hand 13! (hand took 173ms)
0: -12, hand: 3,4,5,7,9,10,12,13,13,14,15,18,19, [], (39,34)
1: -24, hand: 0,1,1,2,2,3,4,4,7,23,24,24,27, [], (36,35)
2: 80, hand: 2,3,4,6,7,8,19,19, [[21,21,21],[18,19,20]!], (40,37)
3: -44, hand: 0,1,2,3,11,13,14,15,15,16,17,25,25, [], ()

Starting hand 14.
this.hand=14; this.draws=0; config.PRNG.seed(2034402404); this.wind=2; this.windOfTheRound=1;
wall: 39,25,33,38,11,6,11,40,9,4,20,1,7,6,19,32,23,7,20,30,12,4,20,23,0,21,17,28,21,0,34,3,1,9,6,31,17,7,13,41,2,10,16,4,33,2,31,29,36,10,1,26,30,8,5,12,8,8,26,1,16,29,3,22,3,21,4,26,0,24,7,16,14,5,28,13,22,22,19,27,25,28,12,11,15,3,14,29,24,33,30,32,12,29,32,10,23,26,13,24,2,33,8,9,30,9,5,5,22,19,15,27,14,13,14,35,32,21,15,16,18,25,31,18,15,17,31,37,28,2,25,19,17,18,0,23,27,6,18,11,20,10,24,27
initial deal
tiles for 0: 1,4,6,6,7,9,11,11,19,20,25,32,33
tiles for 1: 0,4,7,12,17,20,20,21,21,23,23,28,30
tiles for 2: 0,1,2,3,4,6,7,9,10,13,16,17,31
tiles for 3: 1,2,5,8,8,8,10,12,26,29,30,31,33
prepare play
tiles for 0: 1,4,6,6,7,9,11,11,19,20,25,32,33 []
tiles for 1: 0,4,7,12,17,20,20,21,21,23,23,28,30 []
tiles for 2: 0,1,2,3,4,6,7,9,10,13,16,17,31 []
tiles for 3: 1,2,5,8,8,8,10,12,26,29,30,31,33 []
2 <  26
2  > 26
3 <  1
3  > 29
0 <  16
0  > 25
1 <  29
1  > 29
2 <  3
2  > 13
3 <  22
3  > 26
0 <  3
0  > 16
1 <  21
1  > 30
2 <  4
2  > 31
3 <  26
3  > 26
0 <  0
0  > 32
1 <  24
1  > 17
2 <  7
2  > 10
3 <  16
3  > 22
0 <  14
0  > 14
1 <  5
1  > 12
2 <  28
2  > 9
3 <  13
3  > 16
0 <  22
0  > 33
1 <  22
1  > 0
2 <  19
2  > 19
3 <  27
3  > 27
0 <  25
0  > 25
1 <  28
1  > 20
2 <  12
2  > 12
3 <  11
3  > 5
0 <  5 (6)
0 has [0,1,6,6,7,9,11,11,19,20,22], [[3,4,5]]
0  > 22
1 <  15
1  > 15
2 <  15 (4)
2 has [0,1,2,3,3,4,4,6,7,7,28], [[15,16,17]]
2  > 28
3 <  3
3  > 30
0 <  14
0  > 14
1 <  29
1  > 29
2 <  24
2  > 24
3 <  33
3  > 31
0 <  30
0  > 30
1 <  32
1  > 21
2 <  12
2  > 12
3 <  29
3  > 29
0 <  32
0  > 32
1 <  10
1  > 10
2 <  23
2  > 23
3 <  26
3  > 26
0 <  13
0  > 9
1 <  24
1  > 22
2 <  2
2  > 6
3 <  33
3  > 12
0 <  12 (5)
0 has [0,1,6,6,7,11,19,20], [[3,4,5],[11,12,13]]
0  > 11
1 <  8
1  > 23
2 <  9
2  > 9
3 <  9 (4)
3 has [1,1,2,3,8,8,8,13,33,33,33], [[9,10,11]]
3  > 13
0 <  30
0  > 30
1 <  9
1  > 9
2 <  5
Player 2 wins hand 14! (hand took 212ms)
0: -98, hand: 0,1,6,6,7,19,20, [[3,4,5],[11,12,13]], (39,38,40)
1: -128, hand: 4,5,7,8,20,21,21,23,24,24,28,28,32, [], ()
2: 240, hand: 0,1,2,2,3,3,4,4,5,7,7, [[15,16,17]], (34,41)
3: -14, hand: 1,1,2,3,8,8,8,33,33,33, [[9,10,11]], (36)

Starting hand 15.
this.hand=15; this.draws=0; config.PRNG.seed(1868448494); this.wind=2; this.windOfTheRound=1;
wall: 24,22,12,5,25,33,13,22,1,9,17,20,8,20,4,7,31,28,32,3,1,18,19,17,3,32,27,11,15,28,11,24,6,21,1,9,30,15,11,13,8,18,12,14,18,15,14,1,0,29,22,25,10,7,13,26,21,4,31,20,39,27,35,27,6,12,32,13,0,2,23,37,29,30,36,16,22,34,8,26,38,27,6,30,2,6,0,4,16,20,21,41,16,30,7,28,14,29,28,17,24,31,40,3,19,7,19,3,31,24,11,14,5,33,4,12,19,16,33,2,10,25,10,5,9,33,32,26,2,25,21,17,18,23,10,26,9,5,23,29,0,23,8,15
initial deal
tiles for 0: 1,5,8,9,12,13,17,20,22,22,24,25,33
tiles for 1: 1,3,3,4,7,17,18,19,20,28,31,32,32
tiles for 2: 1,6,9,11,11,11,15,15,21,24,27,28,30
tiles for 3: 0,1,8,12,13,14,14,15,18,18,22,25,29
prepare play
tiles for 0: 1,5,8,9,12,13,17,20,22,22,24,25,33 []
tiles for 1: 1,3,3,4,7,17,18,19,20,28,31,32,32 []
tiles for 2: 1,6,9,11,11,11,15,15,21,24,27,28,30 []
tiles for 3: 0,1,8,12,13,14,14,15,18,18,22,25,29 []
2 <  10
2  > 30
3 <  7
3  > 29
0 <  13
0  > 1
1 <  26
1  > 17
2 <  21
2  > 1
3 <  4
3  > 25
0 <  31
0  > 8
1 <  20
1  > 18
3 <  18 (8)
3 has [0,1,4,7,8,12,13,14,14,15,22], [[18,18,18]]
3  > 22
0 <  39
0 <  27
0  > 27
1 <  35
1 <  27
1  > 27
2 <  6
2  > 24
3 <  12
3  > 4
0 <  32
0  > 5
1 <  5 (6)
1 has [1,3,7,19,20,20,26,28,31,32,32], [[3,4,5]]
1  > 19
2 <  13
2  > 28
3 <  0
3  > 1
0 <  2
0  > 2
1 <  2 (5)
1 has [7,20,20,26,28,31,32,32], [[3,4,5],[1,2,3]]
1  > 7
2 <  23
2  > 27
3 <  37
3 <  29
3  > 29
0 <  30
0  > 30
1 <  36
1 <  16
1  > 16
2 <  22
2  > 13
3 <  13 (5)
3 has [0,0,7,8,12,13,14,15], [[18,18,18],[12,13,14]]
3  > 7
0 <  34
0 <  8
0  > 8
1 <  26
1  > 20
2 <  38
2 <  27
2  > 27
3 <  6
3  > 6
2 <  6 (8)
2 has [9,10,11,11,11,15,15,21,21,22,23], [[6,6,6]]
2  > 10
3 <  30
3  > 8
0 <  2
0  > 2
1 <  6
1  > 6
2 <  0
2  > 0
3 <  0 (8)
3 has [12,13,14,15,30], [[18,18,18],[12,13,14],[0,0,0]]
3  > 30
0 <  4
0  > 4
1 <  16
1  > 16
2 <  20
2  > 9
3 <  21
3  > 21
0 <  21 (5)
0 has [9,12,13,13,17,22,24,25,31,32,33], [[20,21,22]]
0  > 17
1 <  41
1 <  16
1  > 16
2 <  30
2  > 30
3 <  7
3  > 7
0 <  28
0  > 9
1 <  14
1  > 14
2 <  29
2  > 29
3 <  28
3  > 28
0 <  17
0  > 17
1 <  24
1  > 26
2 <  31
2  > 31
3 <  40
3 <  3
3  > 3
0 <  19
0  > 19
2 <  19 (32)
2 has [11,11,11,15,15,21,22,23], [[6,6,6],[19,20,21]!]
Player 2 wins hand 15! (hand took 190ms)
0: -54, hand: 12,13,13,22,24,25,28,31,32,33, [[20,21,22]], (39,34)
1: -36, hand: 20,24,26,28,31,32,32, [[3,4,5],[1,2,3]], (35,36,41)
2: 120, hand: 11,11,11,15,15,21,22,23, [[6,6,6],[19,20,21]!], (38)
3: -30, hand: 12,13,14,15, [[18,18,18],[12,13,14],[0,0,0]], (37,40)

Starting hand 16.
this.hand=16; this.draws=0; config.PRNG.seed(1255112279); this.wind=2; this.windOfTheRound=1;
wall: 37,7,35,15,7,18,0,29,6,10,1,3,11,27,19,18,41,5,31,11,19,24,5,17,19,26,23,9,16,0,27,26,1,36,32,18,2,23,9,21,33,34,11,31,23,29,6,21,22,28,32,8,10,13,30,5,13,12,4,21,23,32,16,15,4,17,2,29,30,14,12,20,7,25,13,8,6,32,14,39,4,1,24,12,2,33,3,10,0,19,12,2,25,22,27,21,10,28,14,17,5,31,20,11,29,24,22,40,17,33,20,25,16,30,13,15,20,25,26,24,3,27,38,1,33,0,6,9,7,3,9,16,18,8,4,31,28,26,15,22,8,14,30,28
initial deal
tiles for 0: 0,1,3,6,7,7,10,11,15,18,19,27,29
tiles for 1: 5,5,9,11,16,17,18,19,19,23,24,26,31
tiles for 2: 0,1,2,9,11,18,21,23,26,27,31,32,33
tiles for 3: 5,6,8,10,13,13,21,22,23,28,29,30,32
prepare play
tiles for 0: 0,1,3,6,7,7,10,11,15,18,19,27,29 []
tiles for 1: 5,5,9,11,16,17,18,19,19,23,24,26,31 []
tiles for 2: 0,1,2,9,11,18,21,23,26,27,31,32,33 []
tiles for 3: 5,6,8,10,13,13,21,22,23,28,29,30,32 []
2 <  12
2  > 18
3 <  4
3  > 29
0 <  21
0  > 27
1 <  23
1  > 16
2 <  32
2  > 26
3 <  16
3  > 10
0 <  15
0  > 29
1 <  4
1  > 11
2 <  17
2  > 17
3 <  2
3  > 16
0 <  29
0  > 29
1 <  30
1  > 30
2 <  14
2  > 31
3 <  12
3  > 32
2 <  32 (8)
2 has [0,1,2,9,11,12,14,21,23,27,33], [[32,32,32]]
2  > 33
3 <  20
3  > 28
0 <  7
0  > 3
1 <  3 (4)
1 has [5,9,17,18,19,19,23,23,24,26,31], [[3,4,5]]
1  > 9
2 <  25
2  > 27
3 <  13
3  > 30
0 <  8
0  > 21
1 <  6
1  > 17
2 <  32
2  > 32
3 <  14
3  > 2
0 <  2 (6)
0 has [6,7,7,7,8,10,11,15,15,18,19], [[0,1,2]]
0  > 7
1 <  7 (6)
1 has [18,19,19,23,23,24,26,31], [[3,4,5],[5,6,7]]
1  > 18
2 <  39
2 <  4
2  > 23
3 <  1
3  > 1
0 <  24
0  > 24
1 <  12
1  > 12
2 <  2
2  > 21
3 <  21 (4)
3 has [4,5,6,8,12,13,13,13,14,20,21], [[21,22,23]]
3  > 8
0 <  33
0  > 33
1 <  3
1  > 3
2 <  3 (6)
2 has [0,2,4,9,11,12,14,25], [[32,32,32],[1,2,3]]
2  > 25
3 <  10
3  > 10
0 <  0
0  > 0
1 <  19
1  > 26
2 <  12
2  > 2
3 <  2
3  > 2
0 <  25
0  > 25
1 <  22
1  > 24
2 <  27
2  > 0
3 <  21
3  > 21
0 <  10
0  > 10
1 <  28
1  > 19
3 <  19 (32)
3 has [4,5,6,12,13,13,13,14], [[21,22,23],[19,20,21]!]
Player 3 wins hand 16! (hand took 166ms)
0: -40, hand: 6,7,7,8,10,11,15,15,18,19, [[0,1,2]], (37,35)
1: -52, hand: 19,19,22,23,23,28,31, [[3,4,5],[5,6,7]], (41)
2: 12, hand: 4,9,11,12,12,14,27, [[32,32,32],[1,2,3]], (36,34,39)
3: 80, hand: 4,5,6,12,13,13,13,14, [[21,22,23],[19,20,21]!], ()

Starting hand 17.
this.hand=17; this.draws=0; config.PRNG.seed(562565309); this.wind=3; this.windOfTheRound=1;
wall: 19,27,12,26,9,10,7,31,32,17,3,22,32,5,1,34,23,4,6,0,33,21,14,25,3,19,29,15,6,31,14,4,5,20,24,23,29,9,3,30,2,23,29,17,18,2,24,27,7,12,18,41,11,17,16,30,31,6,27,26,33,28,10,22,25,1,36,9,24,17,11,7,28,31,9,4,13,16,11,27,22,16,19,15,38,6,2,12,21,35,26,22,10,32,4,14,1,30,14,20,11,40,16,25,0,21,12,24,13,0,23,3,37,8,5,18,8,2,21,28,15,32,28,0,13,15,8,18,29,30,39,5,8,25,19,20,7,1,13,26,10,33,20,33
initial deal
tiles for 0: 3,7,9,10,12,17,19,22,26,27,31,32,32
tiles for 1: 0,1,3,4,5,6,14,19,21,23,25,29,33
tiles for 2: 3,4,5,6,9,14,15,20,23,24,29,30,31
tiles for 3: 2,2,7,11,12,17,17,18,18,23,24,27,29
prepare play
tiles for 0: 3,7,9,10,12,17,19,22,26,27,31,32,32 []
tiles for 1: 0,1,3,4,5,6,14,19,21,23,25,29,33 []
tiles for 2: 3,4,5,6,9,14,15,20,23,24,29,30,31 []
tiles for 3: 2,2,7,11,12,17,17,18,18,23,24,27,29 []
3 <  16
3  > 29
0 <  30
0  > 27
1 <  31
1  > 14
2 <  6
2  > 30
3 <  27
3  > 7
0 <  26
0  > 17
3 <  17 (8)
3 has [2,2,11,12,16,18,18,23,24,27,27], [[17,17,17]]
3  > 16
0 <  33
0  > 3
1 <  28
1  > 21
2 <  10
2  > 29
3 <  22
3  > 11
0 <  11 (6)
0 has [7,12,19,22,26,26,30,31,32,32,33], [[9,10,11]]
0  > 7
1 <  7 (6)
1 has [0,1,3,4,19,23,25,28,29,31,33], [[5,6,7]]
1  > 25
2 <  25 (6)
2 has [3,4,5,6,6,9,10,14,15,20,31], [[23,24,25]]
2  > 20
3 <  25
3  > 12
0 <  1
0  > 1
1 <  36
1 <  9
1  > 9
2 <  24
2  > 24
3 <  17
3  > 17
0 <  11
0  > 19
1 <  7
1  > 23
2 <  28
2  > 31
3 <  31
3  > 31
0 <  9
0  > 22
1 <  4
1  > 19
2 <  13
2  > 28
3 <  16
3  > 16
0 <  11
0  > 31
1 <  27
1  > 31
2 <  22
2  > 22
3 <  16
3  > 16
0 <  19
0  > 19
1 <  15
1  > 27
3 <  27 (8)
3 has [2,2,18,18,22,23,24,25], [[17,17,17],[27,27,27]]
3  > 25
0 <  38
0 <  6
0  > 6
1 <  2
1  > 15
2 <  12
2  > 12
3 <  21
3  > 21
0 <  35
0 <  26
0  > 26
1 <  22
1  > 22
2 <  10
2  > 10
3 <  32
3  > 32
0 <  32 (8)
0 has [9,11,11,12,26,26,30,33], [[9,10,11],[32,32,32]]
0  > 30
1 <  4
1  > 4
2 <  14
2  > 14
3 <  1
3  > 1
0 <  30
0  > 33
1 <  14
1  > 14
2 <  20
2  > 20
3 <  11
3  > 11
2 <  11 (32)
2 has [3,4,5,6,6,13,14,15], [[23,24,25],[9,10,11]!]
Player 2 wins hand 17! (hand took 195ms)
0: -4, hand: 9,11,11,12,26,26,30, [[9,10,11],[32,32,32]], (38,35)
1: -52, hand: 0,1,2,3,4,4,7,28,29,33, [[5,6,7]], (34,36)
2: 80, hand: 3,4,5,6,6,13,14,15, [[23,24,25],[9,10,11]!], ()
3: -24, hand: 2,2,18,18,22,23,24, [[17,17,17],[27,27,27]], (41)

Starting hand 18.
this.hand=18; this.draws=0; config.PRNG.seed(765839115); this.wind=0; this.windOfTheRound=2;
wall: 4,3,33,17,19,1,2,38,6,31,23,0,5,9,7,10,17,14,29,3,28,1,31,1,16,2,12,23,12,14,24,21,29,23,7,9,35,18,15,13,14,31,16,34,6,11,11,30,25,5,24,13,24,16,19,0,5,9,30,1,27,32,15,25,28,18,26,32,2,8,27,7,10,6,25,20,11,15,28,5,26,20,21,24,41,2,7,29,17,12,22,8,33,23,27,8,32,31,0,14,19,32,33,39,27,4,20,4,26,29,36,21,22,6,0,8,15,21,20,18,25,12,11,22,13,17,3,28,33,18,30,40,37,30,26,10,16,13,9,10,3,4,22,19
initial deal
tiles for 0: 0,1,2,3,4,5,6,9,17,19,23,31,33
tiles for 1: 1,1,2,3,7,10,12,14,16,17,28,29,31
tiles for 2: 7,9,12,13,14,14,15,18,21,23,23,24,29
tiles for 3: 5,6,11,11,13,16,16,19,24,24,25,30,31
prepare play
tiles for 0: 0,1,2,3,4,5,6,9,17,19,23,31,33 []
tiles for 1: 1,1,2,3,7,10,12,14,16,17,28,29,31 []
tiles for 2: 7,9,12,13,14,14,15,18,21,23,23,24,29 []
tiles for 3: 5,6,11,11,13,16,16,19,24,24,25,30,31 []
0 <  0
0  > 17
1 <  5
1  > 28
2 <  9
2  > 7
3 <  7 (6)
3 has [11,11,13,16,16,19,24,24,25,30,31], [[5,6,7]]
3  > 30
0 <  30
0  > 30
1 <  1
1  > 10
2 <  27
2  > 27
3 <  32
3  > 19
0 <  15
0  > 23
2 <  23 (8)
2 has [9,9,12,13,14,14,15,18,21,24,29], [[23,23,23]]
2  > 24
3 <  24 (8)
3 has [11,11,13,16,16,25,31,32], [[5,6,7],[24,24,24]]
3  > 25
0 <  25
0  > 25
1 <  28
1  > 28
2 <  18
2  > 21
3 <  26
3  > 26
0 <  32
0  > 19
1 <  2
1  > 17
2 <  8
2  > 8
3 <  27
3  > 27
0 <  7
0  > 9
2 <  9 (8)
2 has [12,13,14,14,15,18,18,29], [[23,23,23],[9,9,9]]
2  > 29
3 <  10
3  > 31
0 <  6
0  > 15
1 <  25
1  > 25
2 <  20
2  > 20
3 <  11
3  > 32
0 <  15
0  > 15
1 <  28
1  > 28
2 <  5
2  > 5
3 <  26
3  > 26
0 <  20
0  > 20
1 <  21
1  > 21
2 <  24
2  > 24
3 <  41
3 <  2
3  > 2
0 <  7
0  > 32
1 <  29
1  > 14
2 <  17
2  > 17
3 <  12
3  > 10
0 <  22
0  > 22
1 <  8
1  > 16
2 <  16 (32)
2 has [12,13,14,18,18], [[23,23,23],[9,9,9],[14,15,16]!]
Player 2 wins hand 18! (hand took 147ms)
0: -64, hand: 0,0,1,2,3,4,5,6,6,7,7,31,33, [], (38)
1: -24, hand: 1,1,1,2,2,3,5,7,8,12,29,29,31, [], ()
2: 80, hand: 12,13,14,18,18, [[23,23,23],[9,9,9],[14,15,16]!], (35)
3: 8, hand: 11,11,11,12,13,16,16, [[5,6,7],[24,24,24]], (34,41)

Starting hand 19.
this.hand=19; this.draws=0; config.PRNG.seed(1118354736); this.wind=1; this.windOfTheRound=2;
wall: 26,13,21,28,20,2,17,32,22,25,23,29,6,9,8,26,1,0,24,28,5,27,33,26,30,35,16,31,29,18,8,33,29,33,1,9,13,11,28,25,32,36,4,34,20,23,20,26,21,12,37,30,1,12,11,22,25,15,2,8,33,7,31,27,0,14,13,30,7,5,15,4,15,9,16,38,18,10,17,1,0,0,20,12,16,31,3,3,14,16,3,3,6,11,28,31,5,5,27,18,9,17,23,27,8,10,41,6,40,22,21,7,24,13,29,6,24,23,30,4,32,32,19,19,21,19,19,2,7,11,14,10,17,12,25,15,22,39,10,18,24,14,2,4
initial deal
tiles for 0: 2,6,13,17,20,21,22,23,25,26,28,29,32
tiles for 1: 0,1,5,8,9,16,24,26,26,27,28,30,33
tiles for 2: 1,8,9,11,13,18,25,28,29,29,31,33,33
tiles for 3: 1,4,11,12,12,20,20,21,22,23,26,30,32
prepare play
tiles for 0: 2,6,13,17,20,21,22,23,25,26,28,29,32 []
tiles for 1: 0,1,5,8,9,16,24,26,26,27,28,30,33 []
tiles for 2: 1,8,9,11,13,18,25,28,29,29,31,33,33 []
tiles for 3: 1,4,11,12,12,20,20,21,22,23,26,30,32 []
1 <  25
1  > 28
2 <  15
2  > 28
3 <  2
3  > 30
0 <  8
0  > 17
1 <  33
1  > 30
2 <  7
2  > 1
3 <  31
3  > 26
0 <  27
0  > 27
1 <  0
1  > 16
2 <  14
2  > 25
3 <  13
3  > 32
0 <  30
0  > 30
1 <  7
1  > 9
2 <  5
2  > 18
3 <  15
3  > 31
0 <  4
0  > 13
1 <  15
1  > 15
2 <  9
2  > 31
3 <  16
3  > 4
0 <  38
0 <  18
0  > 21
1 <  10
1  > 10
2 <  10 (5)
2 has [5,7,8,9,13,14,15,29,29,33,33], [[9,10,11]]
2  > 9
3 <  17
3  > 2
0 <  1
0  > 26
1 <  0
1  > 26
2 <  0
2  > 0
3 <  20
3  > 1
0 <  12
0  > 12
3 <  12 (32)
3 has [12,12,15,16,17,20,20,20,21,22,23], [[11,12,13]!]
Player 3 wins hand 19! (hand took 111ms)
0: -36, hand: 1,2,4,6,8,18,20,22,23,25,28,29,32, [], (38)
1: -22, hand: 0,0,0,1,5,7,8,24,25,26,27,33,33, [], (35)
2: -46, hand: 5,7,8,13,14,15,29,29,33,33, [[9,10,11]], ()
3: 104, hand: 12,12,15,16,17,20,20,20,21,22,23, [[11,12,13]!], (36,34,37)

Starting hand 20.
this.hand=20; this.draws=0; config.PRNG.seed(616580634); this.wind=2; this.windOfTheRound=2;
wall: 16,14,20,17,2,31,8,7,15,19,11,41,32,16,15,5,3,5,4,28,13,23,22,11,12,2,22,14,27,4,9,6,32,35,12,2,7,40,33,31,30,25,10,18,25,7,33,0,26,24,15,11,9,24,31,30,0,11,1,1,1,15,10,19,36,21,39,19,18,12,30,23,13,33,20,3,4,29,17,0,10,4,16,8,34,28,6,27,23,17,38,32,22,24,28,14,26,2,24,21,23,19,7,25,28,10,18,29,21,27,3,14,9,37,25,16,9,8,0,13,20,33,18,26,13,27,17,6,21,3,8,29,6,22,30,20,31,32,5,29,5,26,12,1
initial deal
tiles for 0: 2,7,8,11,14,15,16,16,17,19,20,31,32
tiles for 1: 2,3,4,5,5,11,12,13,15,22,22,23,28
tiles for 2: 2,4,6,7,9,12,14,25,27,30,31,32,33
tiles for 3: 0,7,9,10,11,15,18,24,24,25,26,31,33
prepare play
tiles for 0: 2,7,8,11,14,15,16,16,17,19,20,31,32 []
tiles for 1: 2,3,4,5,5,11,12,13,15,22,22,23,28 []
tiles for 2: 2,4,6,7,9,12,14,25,27,30,31,32,33 []
tiles for 3: 0,7,9,10,11,15,18,24,24,25,26,31,33 []
2 <  30
2  > 25
3 <  0
3  > 7
0 <  11
0  > 20
1 <  1
1  > 23
2 <  1
2  > 9
3 <  9 (4)
3 has [0,0,9,15,18,24,24,25,26,31,33], [[9,10,11]]
3  > 9
0 <  1
0  > 19
1 <  15
1  > 22
2 <  10
2  > 31
3 <  19
3  > 15
0 <  36
0 <  21
0  > 21
1 <  39
1 <  19
1  > 19
2 <  18
2  > 18
3 <  12
3  > 12
0 <  30
0  > 30
2 <  30 (8)
2 has [1,2,4,6,7,10,12,14,27,32,33], [[30,30,30]]
2  > 33
3 <  23
3  > 31
0 <  13
0  > 13
1 <  33
1  > 22
2 <  20
2  > 20
3 <  20 (6)
3 has [0,0,23,24,24,25,26,33], [[9,10,11],[18,19,20]]
3  > 33
0 <  3
0  > 16
1 <  4
1  > 12
2 <  29
2  > 27
3 <  17
3  > 17
0 <  0
0  > 15
1 <  10
1  > 13
2 <  13 (5)
2 has [1,2,4,6,7,10,29,32], [[30,30,30],[12,13,14]]
2  > 10
3 <  4
3  > 4
0 <  4 (6)
0 has [0,1,7,8,11,11,14,16,17,31,32], [[2,3,4]]
0  > 11
1 <  16
1  > 10
2 <  8
2  > 29
3 <  34
3 <  28
3  > 28
0 <  6
0  > 11
1 <  27
1  > 27
2 <  23
2  > 23
3 <  17
3  > 17
0 <  38
0 <  32
0  > 17
1 <  22
1  > 22
3 <  22 (32)
3 has [0,0,24,25,26], [[9,10,11],[18,19,20],[22,23,24]!]
Player 3 wins hand 20! (hand took 147ms)
0: -16, hand: 0,1,6,7,8,14,16,31,32,32, [[2,3,4]], (41,36,38)
1: -46, hand: 1,2,3,4,4,5,5,11,15,15,16,28,33, [], (39)
2: -50, hand: 1,2,4,6,7,8,32, [[30,30,30],[12,13,14]], (35,40)
3: 112, hand: 0,0,24,25,26, [[9,10,11],[18,19,20],[22,23,24]!], (34)

Starting hand 21.
this.hand=21; this.draws=0; config.PRNG.seed(667347163); this.wind=3; this.windOfTheRound=2;
wall: 28,4,16,16,27,14,23,22,4,21,26,10,5,25,2,1,28,2,10,16,25,29,30,13,15,18,35,11,18,32,22,25,3,10,22,17,0,23,26,24,30,1,32,24,5,9,20,12,24,32,1,5,7,38,33,17,2,19,25,18,29,3,27,22,15,8,24,41,20,10,26,31,14,29,6,28,23,4,6,21,20,11,31,8,14,34,37,15,6,30,14,36,33,2,9,9,28,26,19,0,8,23,13,17,27,31,12,30,7,3,19,5,13,12,29,15,31,21,19,11,0,9,33,39,11,21,27,40,13,6,16,7,8,0,12,20,17,4,3,7,1,32,33,18
initial deal
tiles for 0: 4,4,5,10,14,16,16,21,22,23,26,27,28
tiles for 1: 1,2,2,10,13,15,16,18,25,25,28,29,30
tiles for 2: 0,3,10,11,17,18,22,22,23,24,25,26,32
tiles for 3: 1,1,5,5,7,9,12,20,24,24,30,32,32
prepare play
tiles for 0: 4,4,5,10,14,16,16,21,22,23,26,27,28 []
tiles for 1: 1,2,2,10,13,15,16,18,25,25,28,29,30 []
tiles for 2: 0,3,10,11,17,18,22,22,23,24,25,26,32 []
tiles for 3: 1,1,5,5,7,9,12,20,24,24,30,32,32 []
3 <  38
3 <  33
3  > 30
0 <  17
0  > 27
1 <  2
1  > 28
2 <  19
2  > 17
3 <  25
3  > 20
0 <  18
0  > 28
1 <  29
1  > 30
2 <  3
2  > 0
3 <  27
3  > 12
0 <  22
0  > 14
1 <  15
1  > 18
2 <  8
2  > 8
3 <  24
3  > 9
0 <  41
0 <  20
0  > 17
1 <  10
1  > 25
2 <  26
2  > 32
3 <  32 (8)
3 has [1,1,5,5,7,24,24,24,25,27,33], [[32,32,32]]
3  > 27
0 <  31
0  > 10
1 <  14
1  > 25
2 <  29
2  > 29
3 <  6
3  > 33
0 <  28
0  > 28
1 <  23
1  > 23
2 <  4
2  > 19
3 <  6
3  > 25
0 <  21
0  > 16
1 <  20
1  > 20
2 <  11
2  > 18
3 <  31
3  > 31
0 <  8
0  > 16
1 <  14
1  > 14
2 <  34
2 <  37
2 <  15
2  > 15
3 <  6
3  > 6
0 <  6 (6)
0 has [4,8,18,20,21,21,22,22,23,26,31], [[4,5,6]]
0  > 4
3 <  4 (32)
3 has [1,1,5,6,7,24,24,24], [[32,32,32],[4,5,6]!]
Player 3 wins hand 21! (hand took 120ms)
0: -98, hand: 8,18,20,21,21,22,22,23,26,31, [[4,5,6]], (41)
1: -92, hand: 1,2,2,2,10,10,13,14,15,15,16,29,29, [], ()
2: -74, hand: 3,3,4,10,11,11,22,22,23,24,25,26,26, [], (35,34,37)
3: 264, hand: 1,1,5,6,7,24,24,24, [[32,32,32],[4,5,6]!], (38)

Starting hand 22.
this.hand=22; this.draws=0; config.PRNG.seed(892578462); this.wind=3; this.windOfTheRound=2;
wall: 25,22,17,15,20,10,25,26,22,4,3,7,20,33,39,25,1,29,21,13,40,13,5,30,3,23,5,24,17,16,13,0,27,26,29,4,32,26,14,16,11,6,10,8,24,19,31,18,0,2,36,8,10,1,31,22,32,28,2,11,15,28,20,34,28,2,31,6,9,15,10,21,19,29,27,14,37,21,30,32,17,16,18,18,26,23,15,17,21,11,33,12,27,18,5,33,8,0,5,9,13,12,8,14,16,14,6,30,28,41,29,19,3,20,22,1,33,24,27,7,2,31,11,30,32,12,3,7,6,24,4,23,23,12,35,4,9,25,7,19,9,38,0,1
initial deal
tiles for 0: 3,4,7,10,15,17,20,20,22,22,25,25,26
tiles for 1: 1,3,5,5,13,13,21,23,24,25,29,30,33
tiles for 2: 0,4,11,13,14,16,16,17,26,26,27,29,32
tiles for 3: 0,1,2,6,8,8,10,10,18,19,24,31,31
prepare play
tiles for 0: 3,4,7,10,15,17,20,20,22,22,25,25,26 []
tiles for 1: 1,3,5,5,13,13,21,23,24,25,29,30,33 []
tiles for 2: 0,4,11,13,14,16,16,17,26,26,27,29,32 []
tiles for 3: 0,1,2,6,8,8,10,10,18,19,24,31,31 []
3 <  22
3  > 6
0 <  32
0  > 17
1 <  28
1  > 28
2 <  2
2  > 27
3 <  11
3  > 22
0 <  15
0  > 10
3 <  10 (8)
3 has [0,1,2,8,8,11,18,19,24,31,31], [[10,10,10]]
3  > 24
0 <  28
0  > 28
1 <  20
1  > 30
2 <  34
2 <  28
2  > 32
3 <  2
3  > 11
0 <  31
0  > 15
1 <  6
1  > 13
2 <  9
2  > 29
3 <  15
3  > 15
0 <  10
0  > 15
1 <  21
1  > 13
2 <  19
2  > 19
3 <  29
3  > 29
0 <  27
0  > 27
1 <  14
1  > 14
2 <  37
2 <  21
2  > 21
3 <  30
3  > 30
0 <  32
0  > 10
1 <  17
1  > 17
2 <  16
2  > 9
3 <  18
3  > 19
0 <  18
0  > 7
1 <  7 (6)
1 has [1,3,5,20,21,21,23,24,25,29,33], [[5,6,7]]
1  > 25
2 <  26
2  > 28
3 <  23
3  > 23
0 <  15
0  > 15
1 <  17
1  > 17
2 <  21
2  > 21
3 <  11
3  > 11
0 <  33
0  > 20
1 <  12
1  > 12
2 <  12 (5)
2 has [0,2,4,14,16,16,16,17,26,26,26], [[11,12,13]]
2  > 14
3 <  27
3  > 27
0 <  18
0  > 20
1 <  5
1  > 23
2 <  33
2  > 17
3 <  8
3  > 1
0 <  0
0  > 0
1 <  5
1  > 5
2 <  9
2  > 9
3 <  13
3  > 13
0 <  12
0  > 12
1 <  8
1  > 21
2 <  14
2  > 14
3 <  16
3  > 16
2 <  16 (16)
2 has [0,2,4,26,26,26,33], [[11,12,13],[16,16,16,16]]
2 <  14
2  > 14
3 <  6
3  > 6
0 <  30
0  > 25
1 <  28
1  > 28
2 <  41
2 <  29
2  > 29
3 <  19
3  > 0
0 <  3
0  > 31
3 <  31 (8)
3 has [2,2,8,8,8,18,18,19], [[10,10,10],[31,31,31]]
3  > 19
0 <  20
0  > 33
1 <  22
1  > 29
2 <  1
2  > 33
3 <  33
3  > 33
0 <  24
0  > 30
1 <  27
1  > 27
2 <  7
2  > 7
3 <  2
Player 3 wins hand 22! (hand took 251ms)
0: -304, hand: 3,3,4,18,18,20,22,22,24,25,26,32,32, [], ()
1: -286, hand: 1,3,5,5,8,20,21,22,24,33, [[5,6,7]], (39,40)
2: -226, hand: 0,1,2,4,26,26,26, [[11,12,13],[16,16,16,16]], (34,37,41)
3: 816, hand: 2,2,2,8,8,8,18,18, [[10,10,10],[31,31,31]], (36)

Starting hand 23.
this.hand=23; this.draws=0; config.PRNG.seed(233493205); this.wind=3; this.windOfTheRound=2;
wall: 24,3,22,4,11,25,31,5,34,37,27,31,27,24,6,16,33,21,17,5,32,0,1,29,1,11,12,16,15,2,13,19,28,0,27,4,18,29,32,20,24,30,13,2,22,13,6,33,30,17,17,35,20,6,9,26,5,21,31,36,32,32,15,30,28,25,40,33,12,29,18,14,19,11,9,28,7,20,2,10,18,23,7,8,14,19,8,11,1,3,21,8,3,12,25,19,15,33,4,14,20,2,18,23,16,38,23,6,3,26,7,10,8,12,1,22,31,7,0,15,29,30,17,21,26,4,16,5,23,26,24,13,39,0,10,25,10,14,22,27,28,41,9,9
initial deal
tiles for 0: 3,4,5,6,11,22,24,24,25,27,27,31,31
tiles for 1: 0,1,1,5,11,12,16,16,17,21,29,32,33
tiles for 2: 0,2,4,13,15,18,19,20,24,27,28,29,32
tiles for 3: 2,6,6,9,13,13,17,17,20,22,30,30,33
prepare play
tiles for 0: 3,4,5,6,11,22,24,24,25,27,27,31,31 []
tiles for 1: 0,1,1,5,11,12,16,16,17,21,29,32,33 []
tiles for 2: 0,2,4,13,15,18,19,20,24,27,28,29,32 []
tiles for 3: 2,6,6,9,13,13,17,17,20,22,30,30,33 []
3 <  26
3  > 26
0 <  5
0  > 11
1 <  21
1  > 21
2 <  21 (6)
2 has [0,2,4,13,15,18,24,27,28,29,32], [[19,20,21]]
2  > 27
0 <  27 (8)
0 has [3,4,5,5,6,22,24,24,25,31,31], [[27,27,27]]
0  > 25
1 <  31
1  > 21
2 <  36
2 <  32
2  > 24
3 <  32
3  > 2
0 <  15
0  > 15
1 <  30
1  > 30
3 <  30 (8)
3 has [6,6,9,13,13,17,17,20,22,32,33], [[30,30,30]]
3  > 9
0 <  28
0  > 28
1 <  25
1  > 25
2 <  40
2 <  33
2  > 18
3 <  12
3  > 32
2 <  32 (8)
2 has [0,2,4,13,15,28,29,33], [[19,20,21],[32,32,32]]
2  > 29
3 <  29
3  > 29
0 <  18
0  > 22
1 <  14
1  > 32
2 <  19
2  > 19
3 <  11
3  > 33
0 <  9
0  > 9
1 <  28
1  > 28
2 <  7
2  > 7
3 <  20
3  > 22
0 <  2
0  > 24
1 <  10
1  > 5
0 <  5 (8)
0 has [2,3,4,6,18,24,31,31], [[27,27,27],[5,5,5]]
0  > 24
1 <  18
1  > 18
2 <  23
2  > 23
3 <  7
3  > 7
0 <  8
0  > 18
1 <  14
1  > 17
3 <  17 (8)
3 has [6,6,11,12,13,13,20,20], [[30,30,30],[17,17,17]]
3  > 12
0 <  19
0  > 19
1 <  8
1  > 8
2 <  11
2  > 28
3 <  1
3  > 1
0 <  3
0  > 3
1 <  21
1  > 21
2 <  8
2  > 8
3 <  3
3  > 3
0 <  12
0  > 12
1 <  25
1  > 25
2 <  19
2  > 19
3 <  15
3  > 15
0 <  33
0  > 33
1 <  4
1  > 4
2 <  14
2  > 33
3 <  20
3  > 11
0 <  2
0  > 2
1 <  2 (6)
1 has [1,10,11,12,14,14,16,16,29,31,33], [[0,1,2]]
1  > 1
2 <  1 (5)
2 has [4,11,13,14,15], [[19,20,21],[32,32,32],[0,1,2]]
2  > 4
3 <  18
3  > 18
0 <  23
0  > 23
1 <  16
1  > 33
2 <  38
2 <  23
2  > 23
3 <  6
Player 3 wins hand 23! (hand took 203ms)
0: -132, hand: 2,3,4,6,8,31,31, [[27,27,27],[5,5,5]], (34,37)
1: -168, hand: 10,11,12,14,14,16,16,16,29,31, [[0,1,2]], ()
2: -84, hand: 11,13,14,15, [[19,20,21],[32,32,32],[0,1,2]], (36,40,38)
3: 384, hand: 6,6,6,13,13,20,20,20, [[30,30,30],[17,17,17]], (35)

Starting hand 24.
this.hand=24; this.draws=0; config.PRNG.seed(523222549); this.wind=3; this.windOfTheRound=2;
wall: 32,12,33,17,39,16,1,14,40,7,5,26,4,11,35,15,33,19,15,24,1,20,17,27,10,21,12,6,22,23,13,24,14,19,29,31,10,11,2,13,26,4,34,5,24,33,33,28,31,9,1,13,3,0,32,14,2,21,9,16,27,3,0,29,8,1,0,15,32,13,29,20,10,11,25,22,41,22,16,25,30,19,11,18,30,9,0,23,7,21,31,31,7,6,20,7,18,4,26,20,28,29,12,17,28,8,15,17,22,3,5,27,2,6,37,28,25,26,8,32,25,23,18,30,18,30,27,5,2,24,14,21,4,10,3,16,36,6,8,38,19,12,9,23
initial deal
tiles for 0: 1,4,5,7,11,12,14,15,16,17,26,32,33
tiles for 1: 1,6,10,12,15,17,19,20,21,22,24,27,33
tiles for 2: 2,4,10,11,13,13,14,19,23,24,26,29,31
tiles for 3: 0,1,3,5,9,13,14,24,28,31,32,33,33
prepare play
tiles for 0: 1,4,5,7,11,12,14,15,16,17,26,32,33 []
tiles for 1: 1,6,10,12,15,17,19,20,21,22,24,27,33 []
tiles for 2: 2,4,10,11,13,13,14,19,23,24,26,29,31 []
tiles for 3: 0,1,3,5,9,13,14,24,28,31,32,33,33 []
3 <  2
3  > 28
0 <  21
0  > 21
1 <  9
1  > 27
2 <  16
2  > 19
3 <  27
3  > 9
0 <  3
0  > 26
1 <  0
1  > 6
2 <  29
2  > 31
3 <  8
3  > 24
0 <  1
0  > 11
1 <  0
1  > 10
2 <  15
2  > 2
3 <  32
3  > 8
0 <  13
0  > 16
1 <  29
1  > 15
2 <  20
2  > 4
3 <  4 (6)
3 has [0,1,5,13,14,27,31,32,32,33,33], [[2,3,4]]
3  > 5
0 <  10
0  > 13
2 <  13 (8)
2 has [10,11,14,15,16,20,23,24,26,29,29], [[13,13,13]]
2  > 20
3 <  11
3  > 27
0 <  25
0  > 25
1 <  22
1  > 12
2 <  12 (6)
2 has [14,15,16,23,24,26,29,29], [[13,13,13],[10,11,12]]
2  > 26
3 <  41
3 <  22
3  > 22
2 <  22 (32)
2 has [14,15,16,29,29], [[13,13,13],[10,11,12],[22,23,24]!]
Player 2 wins hand 24! (hand took 94ms)
0: -2, hand: 1,1,3,4,5,7,10,12,14,15,17,32,33, [], (39,40,35)
1: -38, hand: 0,0,1,9,17,19,20,21,22,22,24,29,33, [], ()
2: 56, hand: 14,15,16,29,29, [[13,13,13],[10,11,12],[22,23,24]!], ()
3: -16, hand: 0,1,11,13,14,31,32,32,33,33, [[2,3,4]], (34,41)

Starting hand 25.
this.hand=25; this.draws=0; config.PRNG.seed(935328274); this.wind=0; this.windOfTheRound=3;
wall: 32,17,18,3,20,16,30,29,12,10,29,7,33,32,17,11,0,31,20,23,28,26,8,25,27,8,5,14,25,28,22,30,10,28,18,25,5,2,6,11,33,12,16,22,1,29,31,12,4,14,19,23,27,27,2,19,15,18,24,37,26,10,33,26,2,19,16,39,9,1,10,8,4,11,31,23,12,6,7,21,32,23,33,21,21,6,5,3,34,35,20,22,13,3,31,8,26,38,30,19,14,1,4,13,24,14,3,7,0,15,0,24,15,5,30,20,24,0,17,21,9,13,6,36,13,9,4,41,17,29,16,9,27,28,40,22,18,1,25,11,15,2,32,7
initial deal
tiles for 0: 3,7,10,12,16,17,18,20,29,29,30,32,33
tiles for 1: 0,8,8,11,17,20,23,25,26,27,28,31,32
tiles for 2: 2,5,5,6,10,14,18,22,25,25,28,28,30
tiles for 3: 1,4,11,12,12,14,16,19,22,23,29,31,33
prepare play
tiles for 0: 3,7,10,12,16,17,18,20,29,29,30,32,33 []
tiles for 1: 0,8,8,11,17,20,23,25,26,27,28,31,32 []
tiles for 2: 2,5,5,6,10,14,18,22,25,25,28,28,30 []
tiles for 3: 1,4,11,12,12,14,16,19,22,23,29,31,33 []
0 <  27
0  > 18
1 <  27
1  > 0
2 <  2
2  > 10
3 <  10 (4)
3 has [1,4,12,14,16,19,22,23,29,31,33], [[10,11,12]]
3  > 29
0 <  29 (8)
0 has [3,7,10,12,16,17,20,27,30,32,33], [[29,29,29]]
0  > 20
1 <  19
1  > 28
2 <  28 (8)
2 has [2,2,5,5,6,14,18,22,25,25,30], [[28,28,28]]
2  > 14
3 <  15
3  > 1
0 <  18
0  > 18
1 <  24
1  > 11
2 <  37
2 <  26
2  > 18
3 <  10
3  > 4
0 <  33
0  > 17
1 <  26
1  > 17
2 <  2
2  > 22
3 <  19
3  > 31
0 <  16
0  > 3
1 <  39
1 <  9
1  > 9
2 <  1
2  > 30
3 <  10
3  > 33
0 <  33 (8)
0 has [7,10,12,16,16,27,30,32], [[29,29,29],[33,33,33]]
0  > 12
1 <  8
1  > 24
2 <  24 (4)
2 has [1,2,2,2,5,5,6,25], [[28,28,28],[24,25,26]]
2  > 25
3 <  4
3  > 4
0 <  11
0  > 11
1 <  31
1  > 20
2 <  23
2  > 23
3 <  12
3  > 12
0 <  6
0  > 10
3 <  10 (8)
3 has [12,14,15,16,19,19,22,23], [[10,11,12],[10,10,10]]
3  > 12
0 <  7
0  > 16
1 <  21
1  > 21
3 <  21 (32)
3 has [14,15,16,19,19], [[10,11,12],[10,10,10],[21,22,23]!]
Player 3 wins hand 25! (hand took 114ms)
0: -12, hand: 6,7,7,16,27,30,32, [[29,29,29],[33,33,33]], ()
1: -14, hand: 8,8,8,19,23,25,26,26,27,27,31,31,32, [], (39)
2: -22, hand: 1,2,2,2,5,5,6, [[28,28,28],[24,25,26]], (37)
3: 48, hand: 14,15,16,19,19, [[10,11,12],[10,10,10],[21,22,23]!], ()

Starting hand 26.
this.hand=26; this.draws=0; config.PRNG.seed(537424479); this.wind=1; this.windOfTheRound=3;
wall: 11,4,20,28,41,24,18,10,40,21,26,19,30,2,19,29,8,2,16,31,11,18,31,30,7,11,8,25,23,28,5,22,23,14,12,36,8,10,18,14,24,30,20,14,19,15,3,29,19,6,32,30,16,28,9,33,9,15,14,24,22,24,15,25,0,16,20,13,0,17,13,16,22,1,6,9,3,27,27,2,8,4,10,22,1,26,2,21,33,38,4,10,21,1,23,32,6,39,12,26,21,37,17,0,33,29,17,6,4,5,5,7,7,25,23,12,12,3,13,15,25,13,35,33,28,31,11,27,26,34,7,0,27,32,31,32,29,3,1,17,9,20,18,5
initial deal
tiles for 0: 2,4,10,11,18,19,19,20,21,24,26,28,30
tiles for 1: 2,7,8,8,11,11,16,18,25,29,30,31,31
tiles for 2: 5,8,10,12,14,14,18,22,23,23,24,28,30
tiles for 3: 3,6,9,14,15,16,19,19,20,28,29,30,32
prepare play
tiles for 0: 2,4,10,11,18,19,19,20,21,24,26,28,30 []
tiles for 1: 2,7,8,8,11,11,16,18,25,29,30,31,31 []
tiles for 2: 5,8,10,12,14,14,18,22,23,23,24,28,30 []
tiles for 3: 3,6,9,14,15,16,19,19,20,28,29,30,32 []
1 <  33
1  > 29
2 <  9
2  > 28
3 <  15
3  > 28
0 <  14
0  > 10
1 <  24
1  > 24
2 <  22
2  > 18
3 <  18 (4)
3 has [3,6,9,14,15,15,16,19,29,30,32], [[18,19,20]]
3  > 3
0 <  3 (5)
0 has [11,14,18,19,19,20,21,24,26,28,30], [[2,3,4]]
0  > 11
1 <  24
1  > 11
2 <  11 (6)
2 has [5,8,12,14,14,22,22,23,23,24,30], [[9,10,11]]
2  > 8
1 <  8 (8)
1 has [2,7,11,16,18,24,25,30,31,31,33], [[8,8,8]]
1  > 16
2 <  15
2  > 5
3 <  25
3  > 25
0 <  0
0  > 0
1 <  16
1  > 11
2 <  20
2  > 30
3 <  13
3  > 19
0 <  0
0  > 0
1 <  17
1  > 17
2 <  13
2  > 20
3 <  16
3  > 6
0 <  22
0  > 14
2 <  14 (8)
2 has [12,13,15,22,22,23,23,24], [[9,10,11],[14,14,14]]
2  > 15
3 <  15 (8)
3 has [9,13,14,16,16,29,30,32], [[18,19,20],[15,15,15]]
3  > 9
0 <  1
0  > 1
1 <  6
1  > 16
3 <  16 (8)
3 has [13,14,29,30,32], [[18,19,20],[15,15,15],[16,16,16]]
3  > 29
0 <  9
0  > 9
1 <  3
1  > 18
2 <  27
2  > 27
3 <  27
3  > 27
0 <  2
0  > 2
1 <  8
1  > 25
2 <  25 (6)
2 has [12,13,22,22,23], [[9,10,11],[14,14,14],[23,24,25]]
2  > 23
3 <  4
3  > 4
0 <  10
0  > 10
1 <  22
1  > 22
2 <  1
2  > 1
3 <  26
3  > 26
0 <  2
0  > 2
1 <  21
1  > 21
2 <  33
2  > 33
3 <  38
3 <  4
3  > 4
0 <  10
0  > 10
1 <  21
1  > 21
2 <  1
2  > 1
3 <  23
3  > 23
0 <  32
0  > 18
1 <  6
1  > 24
2 <  39
2 <  12
2  > 12
3 <  12 (4)
3 has [30,32], [[18,19,20],[15,15,15],[16,16,16],[12,13,14]]
3  > 30
0 <  26
0  > 22
1 <  21
1  > 21
2 <  37
2 <  17
2  > 17
3 <  0
3  > 0
0 <  33
0  > 19
1 <  29
1  > 29
2 <  17
2  > 17
3 <  6
3  > 6
1 <  6 (8)
1 has [2,3,7,8,30,31,31,33], [[8,8,8],[6,6,6]]
1  > 8
2 <  4
2  > 4
3 <  5
3  > 5
0 <  5
0  > 5
1 <  7
1  > 30
2 <  7
2  > 7
1 <  7 (8)
1 has [2,3,31,31,33], [[8,8,8],[6,6,6],[7,7,7]]
1  > 33
2 <  25
2  > 25
3 <  23
3  > 23
0 <  12
0  > 30
1 <  12
1  > 12
2 <  3
2  > 3
3 <  13
3  > 13
0 <  15
0  > 12
1 <  25
1  > 25
2 <  13
2  > 13
3 <  35
3 <  33
3  > 33
0 <  28
0  > 33
1 <  31
1  > 31
2 <  11
Player 2 wins hand 26! (hand took 271ms)
0: -28, hand: 15,19,20,21,24,26,26,28,28,32, [[2,3,4]], (41,40)
1: -56, hand: 2,3,31,31, [[8,8,8],[6,6,6],[7,7,7]], ()
2: 104, hand: 11,12,13,22,22, [[9,10,11],[14,14,14],[23,24,25]], (36,39,37)
3: -20, hand: 32, [[18,19,20],[15,15,15],[16,16,16],[12,13,14]], (38,35)

Starting hand 27.
this.hand=27; this.draws=0; config.PRNG.seed(759090131); this.wind=2; this.windOfTheRound=3;
wall: 30,17,1,1,6,28,25,20,29,14,0,29,26,28,8,21,22,25,10,13,7,28,39,24,3,8,37,33,6,27,30,6,13,32,26,26,17,19,7,22,4,32,5,31,1,21,26,16,20,12,14,11,0,29,31,15,2,23,40,16,24,7,12,17,10,12,18,13,27,30,33,6,15,4,9,20,3,9,8,19,31,1,7,10,41,18,3,33,15,18,15,24,21,21,2,11,22,16,5,32,4,19,31,29,17,10,4,5,35,23,0,33,5,2,11,11,25,9,9,23,23,19,20,22,2,12,34,8,24,13,36,27,14,0,38,27,32,30,28,3,18,25,14,16
initial deal
tiles for 0: 0,1,1,6,14,17,20,25,26,28,29,29,30
tiles for 1: 3,7,8,8,10,13,21,22,24,25,28,28,33
tiles for 2: 4,6,6,7,13,17,19,22,26,26,27,30,32
tiles for 3: 0,1,5,11,12,14,16,20,21,26,29,31,32
prepare play
tiles for 0: 0,1,1,6,14,17,20,25,26,28,29,29,30 []
tiles for 1: 3,7,8,8,10,13,21,22,24,25,28,28,33 []
tiles for 2: 4,6,6,7,13,17,19,22,26,26,27,30,32 []
tiles for 3: 0,1,5,11,12,14,16,20,21,26,29,31,32 []
2 <  31
2  > 17
3 <  15
3  > 29
0 <  29 (8)
0 has [0,1,1,6,14,17,20,25,26,28,30], [[29,29,29]]
0  > 28
1 <  2
1  > 13
2 <  23
2  > 13
3 <  13 (6)
3 has [0,1,5,14,15,16,20,21,26,31,32], [[11,12,13]]
3  > 26
2 <  26 (8)
2 has [4,6,6,7,19,22,23,27,30,31,32], [[26,26,26]]
2  > 19
3 <  19 (4)
3 has [0,1,5,14,15,16,31,32], [[11,12,13],[19,20,21]]
3  > 5
0 <  40
0 <  16
0  > 6
2 <  6 (8)
2 has [4,7,22,23,27,30,31,32], [[26,26,26],[6,6,6]]
2  > 7
3 <  24
3  > 24
0 <  7
0  > 7
1 <  12
1  > 10
2 <  17
2  > 4
3 <  10
3  > 10
0 <  12
0  > 25
1 <  18
1  > 12
2 <  13
2  > 17
3 <  17 (6)
3 has [0,1,14,31,32], [[11,12,13],[19,20,21],[15,16,17]]
3  > 14
0 <  27
0  > 27
1 <  30
1  > 18
2 <  33
2  > 13
3 <  6
3  > 6
0 <  15
0  > 26
1 <  4
1  > 21
2 <  21 (4)
2 has [27,30,31,32,33], [[26,26,26],[6,6,6],[21,22,23]]
2  > 33
3 <  9
3  > 9
0 <  20
0  > 20
1 <  3
1  > 25
2 <  9
2  > 9
3 <  8
3  > 8
1 <  8 (8)
1 has [2,3,3,4,7,22,24,28,28,30,33], [[8,8,8]]
1  > 22
2 <  19
2  > 19
3 <  31
3  > 32
0 <  1
0  > 20
1 <  7
1  > 24
2 <  10
2  > 10
3 <  41
3 <  18
3  > 18
0 <  3
0  > 16
1 <  33
1  > 30
2 <  15
2  > 15
3 <  18
3  > 18
0 <  15
0  > 14
1 <  24
1  > 24
2 <  21
2  > 21
3 <  21
3  > 21
0 <  2
0  > 17
1 <  11
1  > 11
2 <  22
2  > 22
3 <  16
3  > 16
0 <  5
0  > 15
1 <  32
1  > 32
2 <  4
2  > 4
3 <  19
3  > 19
0 <  31
0  > 12
1 <  29
1  > 29
2 <  17
2  > 17
3 <  10
3  > 10
0 <  4
0  > 15
1 <  5
1  > 7
2 <  35
2 <  23
2  > 23
3 <  0
3  > 0
0 <  33
0  > 31
1 <  5
1  > 7
2 <  2
2  > 2
3 <  2 (32)
3 has [31,31], [[11,12,13],[19,20,21],[15,16,17],[0,1,2]!]
Player 3 wins hand 27! (hand took 231ms)
0: -10, hand: 0,1,1,1,2,3,4,5,30,33, [[29,29,29]], (40)
1: -34, hand: 2,3,3,4,5,5,28,28,33,33, [[8,8,8]], (39,37)
2: -84, hand: 27,30,31,32, [[26,26,26],[6,6,6],[21,22,23]], (35)
3: 128, hand: 31,31, [[11,12,13],[19,20,21],[15,16,17],[0,1,2]!], (41)

Starting hand 28.
this.hand=28; this.draws=0; config.PRNG.seed(2119213653); this.wind=3; this.windOfTheRound=3;
wall: 5,6,10,7,22,17,39,9,30,28,15,4,26,25,27,1,33,9,20,13,0,8,18,24,11,19,13,21,28,15,13,41,25,31,4,18,32,14,7,36,27,7,13,8,12,3,8,9,25,26,32,22,28,3,29,29,5,23,26,16,10,10,6,31,23,9,19,22,14,12,33,11,24,24,17,11,16,6,27,16,30,24,30,14,17,20,1,21,8,28,31,0,3,18,23,30,18,5,21,6,29,23,40,32,22,35,31,17,33,1,4,10,37,3,12,0,19,34,20,20,2,33,0,26,12,11,38,19,29,1,15,7,32,16,21,2,5,15,27,25,2,2,4,14
initial deal
tiles for 0: 4,5,6,7,9,10,15,17,22,25,26,28,30
tiles for 1: 0,1,8,9,11,13,13,18,19,20,24,27,33
tiles for 2: 4,7,7,13,14,15,18,21,25,27,28,31,32
tiles for 3: 3,3,8,8,9,12,13,22,25,26,28,29,32
prepare play
tiles for 0: 4,5,6,7,9,10,15,17,22,25,26,28,30 []
tiles for 1: 0,1,8,9,11,13,13,18,19,20,24,27,33 []
tiles for 2: 4,7,7,13,14,15,18,21,25,27,28,31,32 []
tiles for 3: 3,3,8,8,9,12,13,22,25,26,28,29,32 []
3 <  29
3  > 28
0 <  5
0  > 28
1 <  23
1  > 27
2 <  26
2  > 27
3 <  16
3  > 9
0 <  10
0  > 25
1 <  10
1  > 20
2 <  6
2  > 18
3 <  31
3  > 22
0 <  23
0  > 22
1 <  9
1  > 23
2 <  19
2  > 32
3 <  22
3  > 16
0 <  14
0  > 26
1 <  12
1  > 24
2 <  24 (4)
2 has [4,6,7,7,13,14,15,19,21,28,31], [[24,25,26]]
2  > 28
3 <  33
3  > 22
0 <  11
0  > 23
1 <  24
1  > 24
2 <  24
2  > 24
3 <  24 (4)
3 has [3,3,8,8,12,13,29,29,31,32,33], [[24,25,26]]
3  > 33
0 <  17
0  > 14
1 <  11
1  > 19
2 <  16
2  > 31
3 <  6
3  > 31
0 <  27
0  > 27
1 <  16
1  > 18
2 <  30
2  > 30
3 <  24
3  > 24
0 <  30
0  > 17
1 <  14
1  > 8
3 <  8 (8)
3 has [3,3,6,12,13,29,29,32], [[24,25,26],[8,8,8]]
3  > 6
0 <  6 (5)
0 has [4,5,6,9,10,10,11,15,17,30,30], [[5,6,7]]
0  > 17
1 <  17
1  > 17
2 <  17 (6)
2 has [4,6,7,7,13,14,19,21], [[24,25,26],[15,16,17]]
2  > 19
3 <  20
3  > 20
0 <  1
0  > 10
1 <  21
1  > 21
2 <  8
2  > 21
3 <  28
3  > 28
0 <  31
0  > 15
1 <  0
1  > 12
2 <  12 (4)
2 has [4,6,7,7,8], [[24,25,26],[15,16,17],[12,13,14]]
2  > 4
3 <  3
3  > 32
0 <  18
0  > 18
1 <  23
1  > 23
2 <  30
2  > 30
3 <  18
3  > 18
0 <  5
0  > 11
3 <  11 (32)
3 has [3,3,3,29,29], [[24,25,26],[8,8,8],[11,12,13]!]
Player 3 wins hand 28! (hand took 174ms)
0: -32, hand: 1,4,5,5,6,9,10,30,30,31, [[5,6,7]], (39)
1: -50, hand: 0,0,1,9,9,10,11,11,13,13,14,16,33, [], ()
2: -26, hand: 6,7,7,8, [[24,25,26],[15,16,17],[12,13,14]], (41,36)
3: 108, hand: 3,3,3,29,29, [[24,25,26],[8,8,8],[11,12,13]!], ()

Starting hand 29.
this.hand=29; this.draws=0; config.PRNG.seed(1717072712); this.wind=3; this.windOfTheRound=3;
wall: 30,21,11,25,29,26,4,32,15,33,0,22,24,13,27,3,9,31,2,6,18,6,28,12,2,21,19,2,23,24,26,12,19,5,19,20,1,6,3,18,4,26,28,0,10,22,25,20,32,27,40,16,1,21,14,24,8,26,29,17,32,16,30,10,5,20,17,31,1,18,27,33,11,27,38,6,10,9,0,30,13,8,24,13,33,32,4,11,14,2,20,9,34,35,1,3,7,18,3,14,12,36,25,25,37,23,8,28,15,16,4,7,21,7,15,8,13,17,16,17,11,29,39,23,15,33,9,31,10,19,12,29,23,0,5,22,41,7,31,22,14,28,5,30
initial deal
tiles for 0: 0,4,11,15,21,22,24,25,26,29,30,32,33
tiles for 1: 2,2,3,6,6,9,12,13,18,21,27,28,31
tiles for 2: 1,2,3,5,6,12,19,19,19,20,23,24,26
tiles for 3: 0,1,4,10,16,18,20,22,25,26,27,28,32
prepare play
tiles for 0: 0,4,11,15,21,22,24,25,26,29,30,32,33 []
tiles for 1: 2,2,3,6,6,9,12,13,18,21,27,28,31 []
tiles for 2: 1,2,3,5,6,12,19,19,19,20,23,24,26 []
tiles for 3: 0,1,4,10,16,18,20,22,25,26,27,28,32 []
3 <  21
3  > 28
0 <  14
0  > 29
1 <  24
1  > 28
2 <  8
2  > 12
3 <  26
3  > 10
0 <  29
0  > 29
1 <  17
1  > 27
2 <  32
2  > 32
3 <  16
3  > 4
0 <  30
0  > 11
1 <  10
1  > 21
2 <  21 (6)
2 has [1,2,3,5,6,8,19,19,23,24,26], [[19,20,21]]
2  > 8
3 <  5
3  > 5
0 <  20
0  > 14
1 <  17
1  > 24
2 <  31
2  > 31
3 <  1
3  > 27
0 <  18
0  > 15
1 <  27
1  > 27
2 <  33
2  > 33
3 <  11
3  > 11
0 <  27
0  > 27
1 <  38
1 <  6
1  > 18
2 <  10
2  > 10
3 <  9
3  > 9
0 <  0
0  > 4
1 <  4 (6)
1 has [2,6,6,6,9,10,12,13,17,17,31], [[2,3,4]]
1  > 6
2 <  30
2  > 30
0 <  30 (8)
0 has [0,0,18,20,21,22,24,25,26,32,33], [[30,30,30]]
0  > 25
1 <  13
1  > 2
2 <  8
2  > 8
3 <  24
3  > 32
0 <  13
0  > 13
1 <  33
1  > 12
2 <  32
2  > 32
3 <  4
3  > 4
0 <  11
0  > 32
1 <  14
1  > 10
2 <  2
2  > 2
3 <  2 (6)
3 has [1,16,16,18,20,21,22,24,25,26,26], [[0,1,2]]
3  > 1
0 <  20
0  > 11
1 <  9
1  > 14
2 <  34
2 <  35
2 <  1
2  > 1
3 <  3
3  > 3
0 <  7
0  > 7
1 <  18
1  > 18
2 <  3
2  > 3
3 <  14
3  > 18
0 <  12
0  > 12
1 <  36
1 <  25
1  > 25
2 <  25 (6)
2 has [1,2,3,5,6,19,19,26], [[19,20,21],[23,24,25]]
2  > 26
3 <  26 (8)
3 has [14,16,16,20,21,22,24,25], [[0,1,2],[26,26,26]]
3  > 14
0 <  25
0  > 20
1 <  37
1 <  23
1  > 23
3 <  23 (32)
3 has [16,16,20,21,22], [[0,1,2],[26,26,26],[23,24,25]!]
Player 3 wins hand 29! (hand took 208ms)
0: -24, hand: 0,0,18,20,21,22,24,25,26,33, [[30,30,30]], ()
1: -36, hand: 6,6,9,9,13,13,17,17,31,33, [[2,3,4]], (38,36,37)
2: -48, hand: 1,2,3,5,6,19,19, [[19,20,21],[23,24,25]], (34,35)
3: 108, hand: 16,16,20,21,22, [[0,1,2],[26,26,26],[23,24,25]!], (40)

Starting hand 30.
this.hand=30; this.draws=0; config.PRNG.seed(1153531147); this.wind=3; this.windOfTheRound=3;
wall: 36,22,40,4,29,14,14,4,25,15,11,30,16,8,27,17,17,14,22,29,37,20,20,35,6,24,27,21,0,28,1,33,12,30,13,10,15,27,5,21,7,19,41,23,10,25,13,2,31,3,33,11,22,7,15,20,14,8,6,21,28,25,0,2,16,2,23,4,9,5,17,11,24,39,16,18,26,17,2,29,19,1,18,26,33,28,24,9,0,3,7,13,25,28,22,12,26,10,34,7,19,30,32,9,31,8,6,12,23,21,20,23,5,3,29,3,33,32,0,38,1,4,8,15,10,9,32,32,30,5,18,31,12,16,24,26,31,13,27,6,19,11,1,18
initial deal
tiles for 0: 4,4,8,11,14,14,15,16,22,25,27,29,30
tiles for 1: 0,6,14,17,17,20,20,21,22,24,27,28,29
tiles for 2: 1,5,7,10,12,13,15,19,21,23,27,30,33
tiles for 3: 2,3,7,10,11,13,14,15,20,22,25,31,33
prepare play
tiles for 0: 4,4,8,11,14,14,15,16,22,25,27,29,30 []
tiles for 1: 0,6,14,17,17,20,20,21,22,24,27,28,29 []
tiles for 2: 1,5,7,10,12,13,15,19,21,23,27,30,33 []
tiles for 3: 2,3,7,10,11,13,14,15,20,22,25,31,33 []
3 <  8
3  > 25
0 <  6
0  > 29
1 <  21
1  > 28
2 <  28
2  > 27
3 <  25
3  > 25
0 <  0
0  > 27
1 <  2
1  > 27
2 <  16
2  > 1
3 <  1 (4)
3 has [7,8,10,11,13,14,15,20,22,31,33], [[1,2,3]]
3  > 31
0 <  2
0  > 22
1 <  23
1  > 17
2 <  17 (6)
2 has [5,7,10,12,13,19,21,23,28,30,33], [[15,16,17]]
2  > 33
3 <  4
3  > 4
0 <  9
0  > 25
1 <  5
1  > 17
2 <  17
2  > 17
3 <  11
3  > 33
0 <  24
0  > 24
1 <  39
1 <  16
1  > 16
2 <  18
2  > 30
3 <  26
3  > 26
0 <  17
0  > 15
1 <  2
1  > 14
2 <  14 (6)
2 has [5,7,10,18,19,21,23,28], [[15,16,17],[12,13,14]]
2  > 10
3 <  29
3  > 29
0 <  19
0  > 19
1 <  1
1  > 20
2 <  20 (6)
2 has [5,7,21,23,28], [[15,16,17],[12,13,14],[18,19,20]]
2  > 28
3 <  18
3  > 18
0 <  26
0  > 26
1 <  33
1  > 23
2 <  28
2  > 28
3 <  24
3  > 24
0 <  9
0  > 14
1 <  0
1  > 20
2 <  3
2  > 21
3 <  21 (5)
3 has [7,8,10,11,11,13,14,15], [[1,2,3],[20,21,22]]
3  > 8
0 <  7
0  > 9
1 <  13
1  > 13
2 <  25
2  > 23
3 <  28
3  > 28
0 <  22
0  > 22
1 <  12
1  > 12
2 <  26
2  > 7
3 <  10
3  > 7
0 <  34
0 <  7
0  > 17
1 <  19
1  > 21
2 <  30
2  > 30
3 <  32
3  > 32
0 <  9
0  > 14
1 <  31
1  > 19
2 <  8
2  > 8
3 <  6
3  > 6
0 <  6 (4)
0 has [0,2,4,4,6,7,9,9,11,16,30], [[6,7,8]]
0  > 9
1 <  12
1  > 12
2 <  23
2  > 3
3 <  21
3  > 21
0 <  20
0  > 20
1 <  23
1  > 23
2 <  5
2  > 23
3 <  3
3  > 3
0 <  3 (5)
0 has [0,4,6,7,9,11,16,30], [[6,7,8],[2,3,4]]
0  > 16
1 <  29
1  > 22
2 <  3
2  > 3
3 <  33
3  > 33
0 <  32
0  > 0
1 <  0 (8)
1 has [1,2,2,5,6,21,24,29,29,31,33], [[0,0,0]]
1  > 33
2 <  0
2  > 0
3 <  38
3 <  1
3  > 1
0 <  4
0  > 32
1 <  8
1  > 1
2 <  15
2  > 15
3 <  10
Player 3 wins hand 30! (hand took 280ms)
0: -38, hand: 4,4,6,7,9,11,30, [[6,7,8],[2,3,4]], (36,40,34)
1: -20, hand: 2,2,5,6,8,21,24,29,29,31, [[0,0,0]], (37,35,39)
2: -62, hand: 5,5,25,26, [[15,16,17],[12,13,14],[18,19,20]], (41)
3: 120, hand: 10,10,10,11,11,13,14,15, [[1,2,3],[20,21,22]], (38)

Starting hand 31.
this.hand=31; this.draws=0; config.PRNG.seed(1788504520); this.wind=3; this.windOfTheRound=3;
wall: 3,25,11,6,32,30,6,17,4,29,2,31,5,34,31,4,3,18,27,32,18,8,29,24,17,32,13,10,9,13,39,18,1,11,30,10,28,17,11,28,10,5,1,8,16,0,16,21,2,23,14,14,28,8,26,21,24,27,33,22,1,3,28,12,38,23,23,26,36,20,33,13,5,4,16,6,0,9,37,27,10,26,7,41,31,2,20,15,22,12,21,16,8,9,30,19,12,19,11,27,30,19,33,15,20,7,2,24,32,1,31,0,15,4,25,0,13,35,17,25,29,6,24,12,5,7,14,19,7,23,18,26,9,40,14,33,22,25,15,22,3,29,21,20
initial deal
tiles for 0: 2,3,4,5,6,6,11,17,25,29,30,31,32
tiles for 1: 3,4,8,13,17,18,18,24,27,29,31,32,32
tiles for 2: 1,9,10,10,10,11,11,13,17,18,28,28,30
tiles for 3: 0,1,2,5,8,8,14,14,16,16,21,23,28
prepare play
tiles for 0: 2,3,4,5,6,6,11,17,25,29,30,31,32 []
tiles for 1: 3,4,8,13,17,18,18,24,27,29,31,32,32 []
tiles for 2: 1,9,10,10,10,11,11,13,17,18,28,28,30 []
tiles for 3: 0,1,2,5,8,8,14,14,16,16,21,23,28 []
3 <  26
3  > 28
2 <  28 (8)
2 has [1,9,10,10,10,11,11,13,17,18,30], [[28,28,28]]
2  > 1
3 <  21
3  > 5
0 <  24
0  > 29
1 <  27
1  > 17
2 <  33
2  > 18
3 <  22
3  > 26
0 <  1
0  > 17
1 <  3
1  > 13
2 <  28
2  > 28
3 <  12
3  > 12
0 <  38
0 <  23
0  > 11
2 <  11 (8)
2 has [9,10,10,10,13,17,30,33], [[28,28,28],[11,11,11]]
2  > 17
3 <  23
3  > 8
0 <  26
0  > 23
3 <  23 (8)
3 has [0,1,2,8,14,14,16,16,21,21,22], [[23,23,23]]
3  > 8
0 <  36
0 <  20
0  > 26
1 <  33
1  > 18
2 <  13
2  > 30
3 <  5
3  > 5
0 <  4
0  > 20
1 <  16
1  > 16
3 <  16 (8)
3 has [0,1,2,14,14,21,21,22], [[23,23,23],[16,16,16]]
3  > 22
0 <  6
0  > 25
1 <  0
1  > 24
2 <  9
2  > 33
3 <  37
3 <  27
3  > 27
1 <  27 (8)
1 has [0,3,3,4,8,18,29,31,32,32,33], [[27,27,27]]
1  > 18
2 <  10
2 locks [10,10,10,10]
2 <  26 (supplement)
2  > 26
3 <  7
3  > 7
0 <  7 (6)
0 has [1,2,3,4,4,6,6,24,30,31,32], [[5,6,7]]
0  > 24
1 <  41
1 <  31
1  > 8
2 <  2
2  > 2
3 <  20
3  > 20
0 <  15
0  > 15
1 <  22
1  > 22
2 <  12
2  > 12
3 <  21
Player 3 wins hand 31! (hand took 134ms)
0: -84, hand: 1,2,3,4,4,6,6,30,31,32, [[5,6,7]], (38,36)
1: -60, hand: 0,3,3,4,29,31,31,32,32,33, [[27,27,27]], (34,41)
2: 0, hand: 9,9,13,13, [[28,28,28],[11,11,11],[10,10,10,10]], (39)
3: 144, hand: 0,1,2,14,14,21,21,21, [[23,23,23],[16,16,16]], (37)

Starting hand 32.
this.hand=32; this.draws=0; config.PRNG.seed(924486851); this.wind=3; this.windOfTheRound=3;
wall: 20,11,29,24,23,28,13,16,18,2,38,26,17,18,25,2,24,31,15,31,22,30,21,9,4,9,5,6,30,20,39,8,27,15,9,15,29,33,11,3,27,7,7,14,10,5,5,19,26,23,6,8,33,20,25,23,24,1,18,2,26,0,5,22,32,37,28,10,34,14,17,14,1,18,23,27,32,1,2,10,19,21,31,17,13,40,27,16,12,8,24,3,22,9,21,29,33,28,35,12,7,30,28,13,32,32,16,13,4,19,22,4,12,29,12,19,20,0,0,3,25,11,6,11,3,25,30,31,14,4,21,15,26,7,0,41,16,10,1,17,33,8,6,36
initial deal
tiles for 0: 2,11,13,16,17,18,18,20,23,24,26,28,29
tiles for 1: 2,4,5,9,9,15,21,22,24,25,30,31,31
tiles for 2: 3,6,8,9,11,15,15,20,27,27,29,30,33
tiles for 3: 5,5,6,7,7,8,10,14,19,20,23,26,33
prepare play
tiles for 0: 2,11,13,16,17,18,18,20,23,24,26,28,29 []
tiles for 1: 2,4,5,9,9,15,21,22,24,25,30,31,31 []
tiles for 2: 3,6,8,9,11,15,15,20,27,27,29,30,33 []
tiles for 3: 5,5,6,7,7,8,10,14,19,20,23,26,33 []
3 <  25
3  > 14
0 <  23
0  > 28
1 <  24
1  > 15
2 <  15 (8)
2 has [3,6,8,9,11,20,27,27,29,30,33], [[15,15,15]]
2  > 29
3 <  1
3  > 1
0 <  18
0  > 2
1 <  2
1  > 9
2 <  26
2  > 20
3 <  0
3  > 0
0 <  5
0  > 29
1 <  22
1  > 9
2 <  32
2  > 26
3 <  37
3 <  28
3  > 28
0 <  10
0  > 5
3 <  5 (8)
3 has [6,7,7,8,10,19,20,23,25,26,33], [[5,5,5]]
3  > 10
0 <  34
0 <  14
0  > 10
1 <  17
1  > 17
2 <  14
2  > 3
3 <  1
3  > 1
0 <  18
0 locks [18,18,18,18]
0 <  23 (supplement)
0  > 17
1 <  27
1  > 27
2 <  27 (8)
2 has [6,8,9,11,14,30,32,33], [[15,15,15],[27,27,27]]
2  > 14
3 <  32
3  > 32
0 <  1
0  > 1
1 <  2
1  > 24
2 <  10
2  > 30
3 <  19
3  > 33
0 <  21
0  > 14
1 <  31
1  > 25
2 <  17
2  > 17
3 <  13
3  > 13
0 <  40
0 <  27
0  > 27
1 <  16
1  > 16
2 <  12
2  > 32
3 <  8
3  > 23
0 <  24
0  > 11
1 <  3
1  > 24
2 <  22
2  > 22
3 <  9
3  > 9
0 <  21
0  > 16
1 <  29
1  > 21
2 <  33
2  > 8
3 <  8 (8)
3 has [6,7,7,19,19,20,25,26], [[5,5,5],[8,8,8]]
3  > 26
0 <  28
0  > 28
1 <  35
1 <  12
1  > 12
2 <  7
2  > 7
3 <  7 (8)
3 has [6,19,19,20,25], [[5,5,5],[8,8,8],[7,7,7]]
3  > 6
0 <  30
0  > 13
1 <  28
1  > 28
2 <  13
2  > 6
3 <  32
3  > 25
0 <  32
0  > 21
1 <  16
1  > 16
2 <  13
2  > 13
3 <  4
3  > 4
0 <  19
0  > 23
1 <  22
1  > 22
2 <  4
2  > 4
3 <  12
3  > 12
0 <  29
0  > 29
1 <  12
1  > 29
2 <  19
2  > 19
3 <  19 (8)
3 has [20,32], [[5,5,5],[8,8,8],[7,7,7],[19,19,19]]
3  > 20
0 <  20
0  > 32
3 <  32 (32)
3 has [], [[5,5,5],[8,8,8],[7,7,7],[19,19,19],[32,32]!]
Player 3 wins hand 32! (hand took 247ms)
0: -100, hand: 19,20,20,21,23,23,24,24,26,30, [[18,18,18,18]], (38,34,40)
1: -88, hand: 2,2,2,3,4,5,12,22,22,30,31,31,31, [], (35)
2: -148, hand: 9,10,11,12,13,33,33, [[15,15,15],[27,27,27]], (39)
3: 336, hand: , [[5,5,5],[8,8,8],[7,7,7],[19,19,19],[32,32]!], (37)

Starting hand 33.
this.hand=33; this.draws=0; config.PRNG.seed(124905987); this.wind=3; this.windOfTheRound=3;
wall: 12,2,11,25,24,6,30,4,4,2,5,23,4,18,7,31,33,13,8,30,3,0,29,6,25,6,28,21,0,3,20,27,26,34,10,40,9,12,16,29,21,1,22,15,26,36,27,11,14,17,11,21,11,24,22,22,31,30,13,12,22,14,9,26,18,24,19,14,8,2,26,18,8,10,7,21,28,1,16,13,37,39,25,24,35,38,19,27,13,16,32,28,0,18,33,1,14,41,32,29,15,5,0,17,23,32,27,12,23,23,17,10,32,25,2,15,5,30,19,33,29,7,9,33,6,20,31,15,1,19,16,8,10,28,31,7,9,20,20,17,4,5,3,3
initial deal
tiles for 0: 2,2,4,4,4,5,6,11,12,23,24,25,30
tiles for 1: 0,3,6,6,7,8,13,18,25,29,30,31,33
tiles for 2: 0,3,9,10,12,16,20,21,21,26,27,28,29
tiles for 3: 1,11,11,11,14,15,17,21,22,22,24,26,27
prepare play
tiles for 0: 2,2,4,4,4,5,6,11,12,23,24,25,30 []
tiles for 1: 0,3,6,6,7,8,13,18,25,29,30,31,33 []
tiles for 2: 0,3,9,10,12,16,20,21,21,26,27,28,29 []
tiles for 3: 1,11,11,11,14,15,17,21,22,22,24,26,27 []
3 <  22
3  > 1
0 <  31
0  > 11
3 <  11 (16)
3 has [14,15,17,21,22,22,22,24,26,27], [[11,11,11,11]]
3 <  30
3  > 30
0 <  13
0  > 12
1 <  12
1  > 18
2 <  22
2  > 29
3 <  14
3  > 27
0 <  9
0  > 9
1 <  26
1  > 12
2 <  18
2  > 27
3 <  24
3  > 26
0 <  19
0  > 13
1 <  14
1  > 14
3 <  14 (8)
3 has [15,17,21,22,22,22,24,24], [[11,11,11,11],[14,14,14]]
3  > 15
0 <  8
0  > 24
3 <  24 (8)
3 has [17,21,22,22,22], [[11,11,11,11],[14,14,14],[24,24,24]]
3  > 17
0 <  2
0  > 23
3 <  23 (32)
3 has [22,22], [[11,11,11,11],[14,14,14],[24,24,24],[21,22,23]!]
Player 3 wins hand 33! (hand took 62ms)
0: -44, hand: 2,2,2,4,4,4,5,6,8,19,25,30,31, [], ()
1: -68, hand: 0,3,6,6,7,8,13,25,26,29,30,31,33, [], ()
2: -44, hand: 0,3,9,10,12,16,18,20,21,21,22,26,28, [], (34,40)
3: 156, hand: 22,22, [[11,11,11,11],[14,14,14],[24,24,24],[21,22,23]!], (36)

Starting hand 34.
this.hand=34; this.draws=0; config.PRNG.seed(946364808); this.wind=3; this.windOfTheRound=3;
wall: 18,21,28,5,14,12,27,29,33,0,32,32,0,7,39,9,1,6,1,6,10,12,10,32,24,28,26,30,2,9,36,3,35,24,21,23,18,10,13,38,13,34,30,19,26,27,3,21,15,17,7,8,5,21,24,8,11,8,14,31,4,33,7,18,28,26,8,29,1,31,25,25,10,6,15,33,19,30,12,2,32,24,15,30,28,17,23,31,14,25,22,25,19,2,9,5,16,12,22,19,0,16,20,4,11,11,16,31,3,22,29,29,14,7,20,2,22,4,20,4,0,15,23,9,13,23,5,17,3,18,6,16,37,27,11,1,13,17,41,27,33,26,40,20
initial deal
tiles for 0: 0,0,5,12,14,18,21,27,28,29,32,32,33
tiles for 1: 1,1,6,6,7,9,10,10,12,24,26,28,32
tiles for 2: 2,3,9,10,13,13,18,19,21,23,24,30,30
tiles for 3: 3,5,7,8,8,11,15,17,21,21,24,26,27
prepare play
tiles for 0: 0,0,5,12,14,18,21,27,28,29,32,32,33 []
tiles for 1: 1,1,6,6,7,9,10,10,12,24,26,28,32 []
tiles for 2: 2,3,9,10,13,13,18,19,21,23,24,30,30 []
tiles for 3: 3,5,7,8,8,11,15,17,21,21,24,26,27 []
3 <  8
3  > 11
0 <  14
0  > 28
1 <  31
1  > 28
2 <  4
2  > 21
3 <  21 (8)
3 has [3,5,7,8,8,8,15,17,24,26,27], [[21,21,21]]
3  > 27
0 <  33
0  > 29
1 <  7
1  > 24
2 <  18
2  > 10
3 <  28
3  > 28
0 <  26
0  > 27
1 <  8
1  > 26
2 <  29
2  > 29
3 <  1
3  > 26
0 <  31
0  > 5
1 <  5 (4)
1 has [1,1,6,7,8,9,10,10,12,31,32], [[5,6,7]]
1  > 10
2 <  25
2  > 9
3 <  25
3  > 1
0 <  10
0  > 26
1 <  6
1  > 10
2 <  15
2  > 15
3 <  33
3  > 33
0 <  33 (8)
0 has [0,0,10,12,14,14,18,21,31,32,32], [[33,33,33]]
0  > 21
1 <  19
1  > 19
2 <  30
2  > 19
3 <  12
3  > 12
0 <  2
0  > 18
2 <  18 (32)
2 has [2,3,4,13,13,23,24,25,30,30,30], [[18,18,18]!]
Player 2 wins hand 34! (hand took 95ms)
0: -66, hand: 0,0,2,10,12,14,14,31,32,32, [[33,33,33]], ()
1: -90, hand: 1,1,6,6,7,8,9,12,31,32, [[5,6,7]], (39)
2: 304, hand: 2,3,4,13,13,23,24,25,30,30,30, [[18,18,18]!], (36,35,38,34)
3: -148, hand: 3,5,7,8,8,8,15,17,24,25, [[21,21,21]], ()
hand 1
  0 (E): -36 for c2,c3,d1,d1,P,P,b5,b5,b6,b8 [d7,d9,d8] (s1)
  1 (N): -42 for c5,c5,c8,d4,d5,d6,W,W,b9,b9 [d4,d6,d5] 
  2 (W): 6 for c2,c3,c4,c8,c8,b3,d8,d9,d9,d9,b4,P,c1 (s3)
  3 (S): 72 for b4,b4 [b2,b2,b2, d3,d4,d2, c9,c9,c9, c7,c7,c7] 
hand 2
  0 (S): -328 for d3,d4,d4,d5,b8,b9,b9 [c5,c4,c3, c8,c7,c6] 
  1 (E): 144 for c5,c6,c7,c8,c8,d1,d2,d3,d6,d7,d8 [b6,b5,b4] 
  2 (N): -160 for b1,b1,b1,c9,c9,b4,b4,P,P,P [c2,c4,c3] (s3,s2,f2)
  3 (W): 344 for b5,b5,b8,b8 [E,E,E, F,F,F, C,C,C,C] (f4)
hand 3
  0 (S): -300 for c7,c7,b3,b3,d4,d5,d6 [b8,b9,b7, d3,d2,d1] (f1)
  1 (E): 864 for b1,b1,b1,b6,b6,b7,b8,b9 [b2,b4,b3, P,P,P] (s2,s4,f4)
  2 (N): -276 for c7,c7,b7,b8 [C,C,C, d7,d9,d8, c6,c6,c6] 
  3 (W): -288 for b1,b2,c8,c8,d7,d8,d9 [b4,b3,b2, c4,c5,c3] (f2,s3)
hand 4
  0 (S): -182 for d2,d2,d3,S,b6,b7,b8 [c3,c5,c4, b3,b5,b4] (f1)
  1 (E): -354 for b1,b1,b2,d4,d9,E,E,b4,F,C,b5,b6,b8 (f4)
  2 (N): -168 for c2,c2,d4,d5,d6,b6,b7,b8,b8,b9 [d2,d3,d1] (s2,s4)
  3 (W): 704 for d2,d3,d4,d4,d5,d6,d6,d7,d7,d7,d8 [d1,d1,d1] (f3,f2)
hand 5
  0 (W): -52 for c2,c4,c4,c5,c6,P,c1 [d2,d3,d1, d7,d6,d5] (s1)
  1 (S): -58 for b2,b3,d4,d7,C,C,P [b7,b8,b6, b3,b5,b4] 
  2 (E): 132 for b2,b2,c2,c3,c4,c5,c6,c1 [c9,c9,c9, d8,d8,d8] (f4)
  3 (N): -22 for c3,c5,c5,c7,c8,c8,F,F,P,c1 [d6,d7,d5] (s2,f3,f1)
hand 6
  0 (W): -18 for c3,c3,c4,b4,b4,F,F [c8,c7,c6, d9,d8,d7] (f2)
  1 (S): -36 for c4,c4,c5,c8,b3,b4,C,P,b7,b8,b9,c1,c1 
  2 (E): -18 for b2,b2,c4,c5,c6,d3,d3,b5,b6,b7 [d6,d5,d4] (f3,f4,s3)
  3 (N): 72 for c5,c6,c7,b3,b3,b5,b6,b7,b9,b9,b9 [b6,b7,b5] 
hand 7
  0 (N): -166 for c7,c7,c9,c9,d4,d5,d6 [d2,d3,d1, b5,b7,b6] 
  1 (W): -166 for b1,b2,b2,d3,E,b4,b5,b5,b6,b7,b8,b9,b9 
  2 (S): -148 for b2,b3,b3,b4 [c7,c6,c5, c4,c4,c4, d3,d4,d2] (f2)
  3 (E): 480 for C,C [b6,b8,b7, c6,c6,c6, c1,c3,c2, d6,d6,d6] (s1,f4,f3,f1,s4,s3)
hand 8
  0 (N): -524 for c2,c2,c4,W,W,c1,c1 [d3,d4,d2, c9,c8,c7] 
  1 (W): -488 for b1,b1,b3,E,b4,b6,b7 [b2,b2,b2, F,F,F] 
  2 (S): -524 for c3,c3,d9,d9 [c4,c6,c5, d5,d7,d6, d7,d6,d5] 
  3 (E): 1536 for c2,c2,c7,c8,c9 [b9,b8,b7, d3,d2,d1, b6,b6,b6] (f3,s1,f1,f2,f4)
hand 9
  0 (N): -48 for c2,c4,d7,d8,d8,W,W,b6,b6,b6 [d9,d9,d9] 
  1 (W): -66 for d1,d2,d4,d8,E,W,P,P,b5,b7,b8,b8,b9 
  2 (S): -30 for C [b3,b3,b3, c8,c8,c8, c7,c7,c7, d6,d5,d4] (f3,s2)
  3 (E): 144 for c2,c3,c4,d4,d5,d6,b4,b4 [c4,c6,c5, b1,b1,b1] (f1,s3)
hand 10
  0 (N): -32 for c2,c3,c4,c5,c6,c8,c9,d5,d5,d5,d7,d7,d8 (s2,s1,f4)
  1 (W): -44 for d1,d1,d6,d8,d9,E,F,F,b8,b9 [P,P,P] 
  2 (S): 176 for d6,d6 [b5,b5,b5, c2,c2,c2, c6,c7,c5, S,S,S] (s4)
  3 (E): -100 for d3,d4,d6,d7,d9,d9,E [W,W,W, b2,b4,b3] (f1)
hand 11
  0 (E): 192 for c5,c6,c7,b9,b9 [d3,d2,d1, d8,d7,d6, b7,b8,b6] (f4)
  1 (N): -54 for b3,b3,S,N,F,F,P [b5,b5,b5, b6,b6,b6] (f3,f2)
  2 (W): -60 for b1,b2,b4,b5 [d7,d6,d5, d5,d4,d3, c4,c4,c4,c4] (s4)
  3 (S): -78 for b1,b1,b2,b2,b3,b3,b4 [c3,c3,c3, c1,c1,c1] 
hand 12
  0 (E): -112 for d1,d2,d3,S,S,F,b5,b6,b7,b8 [b2,b2,b2] 
  1 (N): 24 for c3,c3,c6,b4,N,b5,b6,b7,b8,b8 [P,P,P] (f1,s3)
  2 (W): 144 for c2,c3,c4,b7,b8,b9,c1,c1 [d9,d8,d7, c8,c9,c7] (s1,f2)
  3 (S): -56 for c2,c4,c5,d4,d5,d5,S,C,b9,b9 [d2,d3,d1] (s4)
hand 13
  0 (S): -12 for c2,c4,c5,c5,c6,c7,d1,d2,b4,b5,b6,b8,c1 (s2,f1)
  1 (E): -24 for b1,b2,b2,b3,b3,d6,d7,d7,E,b4,b5,b5,b8 (f3,f2)
  2 (N): 80 for d2,d2,b3,b4,b5,b7,b8,b9 [d4,d4,d4, d2,d3,d1] (s3,f4)
  3 (W): -44 for b1,b2,c3,c5,c6,c7,c7,c8,c9,b3,d8,d8,b4 
hand 14
  0 (W): -98 for b1,b2,d2,d3,b7,b7,b8 [b6,b5,b4, c4,c5,c3] (s2,s1,s3)
  1 (S): -128 for d3,d4,d4,d6,d7,d7,S,S,C,b5,b6,b8,b9 
  2 (E): 240 for b1,b2,b3,b3,b4,b4,b5,b5,b6,b8,b8 [c7,c9,c8] (f1,s4)
  3 (N): -14 for b2,b2,b3,b4,P,P,P,b9,b9,b9 [c1,c3,c2] (f3)
hand 15
  0 (W): -54 for c4,c5,c5,d5,d7,d8,S,F,C,P [d4,d5,d3] (s2,f1)
  1 (S): -36 for d3,d7,d9,S,F,C,C [b6,b5,b4, b3,b4,b2] (f2,f3,s4)
  2 (E): 120 for c3,c3,c3,c7,c7,d4,d5,d6 [b7,b7,b7, d2,d4,d3] (s1)
  3 (N): -30 for c4,c5,c6,c7 [d1,d1,d1, c5,c6,c4, b1,b1,b1] (f4,s3)
hand 16
  0 (W): -40 for c2,c3,c7,c7,d1,d2,b7,b8,b8,b9 [b3,b2,b1] (f4,f2)
  1 (S): -52 for d2,d2,d5,d6,d6,S,F [b4,b6,b5, b8,b7,b6] (s4)
  2 (E): 12 for c3,c4,c4,c6,E,b5,c1 [C,C,C, b4,b3,b2] (f3,f1,s2)
  3 (N): 80 for c4,c5,c5,c5,c6,b5,b6,b7 [d4,d6,d5, d2,d4,d3] 
hand 17
  0 (N): -4 for c3,c3,c4,d9,d9,N,c1 [c3,c2,c1, C,C,C] (s1,f2)
  1 (W): -52 for b1,b2,b3,S,W,b4,P,b5,b5,b8 [b8,b7,b6] (f1,f3)
  2 (S): 80 for c5,c6,c7,b4,b5,b6,b7,b7 [d8,d7,d6, c3,c2,c1] 
  3 (E): -24 for d1,d1,b3,b3,d5,d6,d7 [c9,c9,c9, E,E,E] (s4)
hand 18
  0 (E): -64 for b1,b1,b2,b3,b4,F,P,b5,b6,b7,b7,b8,b8 (s1)
  1 (N): -24 for b2,b2,b2,c4,b3,b3,W,W,b4,F,b6,b8,b9 
  2 (W): 80 for c4,c5,c6,d1,d1 [d6,d6,d6, c1,c1,c1, c8,c7,c6] (f2)
  3 (S): 8 for c3,c3,c3,c4,c5,c8,c8 [b8,b7,b6, d7,d7,d7] (f1,s4)
hand 19
  0 (S): -36 for b2,d1,b3,d3,d5,d6,d8,S,W,C,b5,b7,b9 (s1)
  1 (E): -22 for b1,b1,b1,b2,d7,d8,d9,E,P,P,b6,b8,b9 (f2)
  2 (N): -46 for c5,c6,c7,W,W,P,P,b6,b8,b9 [c2,c3,c1] 
  3 (W): 104 for c4,c4,c7,c8,c9,d3,d3,d3,d4,d5,d6 [c4,c5,c3] (f3,f1,f4)
hand 20
  0 (W): -16 for b1,b2,c6,c8,F,C,C,b7,b8,b9 [b5,b4,b3] (s4,f3,s1)
  1 (S): -46 for b2,c3,c7,c7,c8,b3,S,b4,P,b5,b5,b6,b6 (s2)
  2 (E): -50 for b2,b3,C,b5,b7,b8,b9 [N,N,N, c5,c6,c4] (f2,s3)
  3 (N): 112 for b1,b1,d7,d8,d9 [c1,c3,c2, d3,d2,d1, d5,d7,d6] (f1)
hand 21
  0 (N): -98 for d1,d3,d4,d4,d5,d5,d6,d9,F,b9 [b7,b6,b5] (s4)
  1 (W): -92 for b2,c2,c2,c5,c6,c7,c7,c8,b3,b3,b3,W,W 
  2 (S): -74 for c2,c3,c3,d5,d5,d6,d7,d8,d9,d9,b4,b4,b5 (f2,f1,f4)
  3 (E): 264 for b2,b2,d7,d7,d7,b6,b7,b8 [C,C,C, b5,b7,b6] (s1)
hand 22
  0 (N): -304 for d1,d1,d3,d5,d5,d7,d8,d9,b4,b4,C,C,b5 
  1 (W): -286 for b2,d3,d4,d5,d7,b4,P,b6,b6,b9 [b8,b7,b6] (s2,s3)
  2 (S): -226 for b1,b2,b3,d9,d9,d9,b5 [c4,c5,c3, c8,c8,c8,c8] (f1,f4,s4)
  3 (E): 816 for d1,d1,b3,b3,b3,b9,b9,b9 [c2,c2,c2, F,F,F] (f3)
hand 23
  0 (N): -132 for b3,b4,F,F,b5,b7,b9 [E,E,E, b6,b6,b6] (f1,f4)
  1 (W): -168 for c2,c3,c4,c6,c6,c8,c8,c8,W,F [b3,b2,b1] 
  2 (S): -84 for c3,c5,c6,c7 [d4,d3,d2, C,C,C, b2,b3,b1] (f3,s3,s1)
  3 (E): 384 for c5,c5,d3,d3,d3,b7,b7,b7 [N,N,N, c9,c9,c9] (f2)
hand 24
  0 (N): -2 for b2,b2,c2,c4,c6,c7,c9,b4,C,P,b5,b6,b8 (s2,s3,f2)
  1 (W): -38 for b1,b1,b2,c9,d2,d3,d4,d5,d5,d7,W,P,c1 
  2 (S): 56 for c6,c7,c8,W,W [c5,c5,c5, c4,c3,c2, d5,d7,d6] 
  3 (E): -16 for b1,b2,c3,c5,c6,F,C,C,P,P [b5,b4,b3] (f1,s4)
hand 25
  0 (E): -12 for c8,E,N,C,b7,b8,b8 [W,W,W, P,P,P] 
  1 (N): -14 for d2,d6,d8,d9,d9,E,E,F,F,C,b9,b9,b9 (s2)
  2 (W): -22 for b2,b3,b3,b3,b6,b6,b7 [S,S,S, d7,d9,d8] (f4)
  3 (S): 48 for c6,c7,c8,d2,d2 [c2,c4,c3, c2,c2,c2, d4,d6,d5] 
hand 26
  0 (S): -28 for c7,d2,d3,d4,d7,d9,d9,S,S,C [b4,b5,b3] (s4,s3)
  1 (E): -56 for b3,b4,F,F [b9,b9,b9, b7,b7,b7, b8,b8,b8] 
  2 (N): 104 for c3,c4,c5,d5,d5 [c3,c2,c1, c6,c6,c6, d8,d7,d6] (f3,s2,f4)
  3 (W): -20 for C [d1,d3,d2, c7,c7,c7, c8,c8,c8, c4,c6,c5] (s1,f2)
hand 27
  0 (W): -10 for b1,b2,b2,b2,b3,b4,N,P,b5,b6 [W,W,W] (s3)
  1 (S): -34 for b3,S,S,b4,b4,P,P,b5,b6,b6 [b9,b9,b9] (s2,f4)
  2 (E): -84 for E,N,F,C [d9,d9,d9, b7,b7,b7, d4,d6,d5] (f2)
  3 (N): 128 for F,F [c5,c4,c3, d2,d4,d3, c9,c8,c7, b3,b2,b1] (s4)
hand 28
  0 (N): -32 for b2,c2,N,N,F,b5,b6,b6,b7,c1 [b7,b8,b6] (s2)
  1 (W): -50 for b1,b1,b2,c2,c3,c3,c5,c5,c6,c8,P,c1,c1 
  2 (S): -26 for b7,b8,b8,b9 [d7,d9,d8, c9,c8,c7, c4,c6,c5] (s4,f3)
  3 (E): 108 for W,W,b4,b4,b4 [d7,d9,d8, b9,b9,b9, c3,c5,c4] 
hand 29
  0 (N): -24 for b1,b1,d1,d3,d4,d5,d7,d8,d9,P [N,N,N] 
  1 (W): -36 for c5,c5,c9,c9,F,P,b7,b7,c1,c1 [b5,b4,b3] (s1,f3,f4)
  2 (S): -48 for b2,d2,d2,b3,b4,b6,b7 [d4,d3,d2, d8,d7,d6] (f1,f2)
  3 (E): 108 for c8,c8,d3,d4,d5 [b3,b2,b1, d9,d9,d9, d6,d8,d7] (s3)
hand 30
  0 (N): -38 for c3,N,b5,b5,b7,b8,c1 [b7,b9,b8, b4,b5,b3] (f3,s3,f1)
  1 (W): -20 for b3,b3,d4,d7,W,W,F,b6,b7,b9 [b1,b1,b1] (f4,f2,s2)
  2 (S): -62 for d8,d9,b6,b6 [c9,c8,c7, c6,c5,c4, d3,d2,d1] (s4)
  3 (E): 120 for c2,c2,c2,c3,c3,c5,c6,c7 [b2,b4,b3, d4,d5,d3] (s1)
hand 31
  0 (N): -84 for b2,b3,b4,N,F,C,b5,b5,b7,b7 [b8,b7,b6] (s1,f3)
  1 (W): -60 for b1,W,b4,b4,F,F,C,C,P,b5 [E,E,E] (f1,s4)
  2 (S): 0 for c5,c5,c1,c1 [S,S,S, c3,c3,c3, c2,c2,c2,c2] (s2)
  3 (E): 144 for b1,b2,c6,c6,b3,d4,d4,d4 [d6,d6,d6, c8,c8,c8] (f4)
hand 32
  0 (N): -100 for d2,d3,d3,d4,d6,d6,d7,d7,d9,N [d1,d1,d1,d1] (s1,f1,s3)
  1 (W): -88 for c4,b3,b3,b3,d5,d5,b4,N,F,F,F,b5,b6 (f2)
  2 (S): -148 for c2,c3,c4,c5,P,P,c1 [c7,c7,c7, E,E,E] (s2)
  3 (E): 336 for [b6,b6,b6, b9,b9,b9, b8,b8,b8, d2,d2,d2, C,C] (f4)
hand 33
  0 (N): -44 for d2,b3,b3,b3,d8,N,F,b5,b5,b5,b6,b7,b9 
  1 (W): -68 for b1,c5,d8,d9,W,b4,N,F,P,b7,b7,b8,b9 
  2 (S): -44 for b1,c2,c4,c8,d1,d3,d4,d4,d5,d9,S,b4,c1 (f1,s3)
  3 (E): 156 for d5,d5 [c3,c3,c3,c3, c6,c6,c6, d7,d7,d7, d6,d5,d4] (f3)
hand 34
  0 (N): -66 for b1,b1,c2,c4,c6,c6,b3,F,C,C [P,P,P] 
  1 (W): -90 for b2,b2,c4,F,C,b7,b7,b8,b9,c1 [b6,b8,b7] (s2)
  2 (S): 304 for c5,c5,b3,d6,d7,d8,b4,N,N,N,b5 [d1,d1,d1] (f3,f2,s1,f1)
  3 (E): -148 for c7,c9,d7,d8,b4,b6,b8,b9,b9,b9 [d4,d4,d4] 
final scores:
  player 0: -904 (not set to chicken)
  player 1: 240 (not set to chicken)
  player 2: 1236 (set to chicken)
  player 3: 7428 (set to chicken)
Game took 5.89s