Initial seed: 8
starting game.

Starting hand 1.
this.hand=1; this.draws=0; config.PRNG.seed(1114950844); this.wind=0; this.windOfTheRound=0;
wall: 2,28,0,30,1,17,10,6,3,32,38,27,39,14,18,21,1,33,25,22,15,9,10,15,6,13,16,30,5,16,10,27,15,23,1,33,2,5,31,8,0,26,11,11,17,11,12,1,22,14,7,20,6,26,29,28,19,15,12,23,21,16,24,7,5,23,36,4,23,29,34,27,20,0,3,3,7,32,18,29,14,14,33,24,20,21,18,31,8,9,2,25,9,4,12,28,35,33,41,3,8,27,4,13,4,16,12,19,30,26,31,2,32,19,13,13,28,17,10,9,8,29,0,32,30,31,24,7,6,17,22,11,20,19,22,37,40,25,26,5,25,18,24,21
initial deal
tiles for 0: 0,1,2,3,6,10,14,17,18,27,28,30,32
tiles for 1: 1,6,9,10,13,15,15,16,21,22,25,30,33
tiles for 2: 0,1,2,5,5,8,10,15,16,23,27,31,33
tiles for 3: 1,6,7,11,11,11,12,14,17,20,22,26,26
prepare play
tiles for 0: 0,1,2,3,6,10,14,17,18,27,28,30,32 []
tiles for 1: 1,6,9,10,13,15,15,16,21,22,25,30,33 []
tiles for 2: 0,1,2,5,5,8,10,15,16,23,27,31,33 []
tiles for 3: 1,6,7,11,11,11,12,14,17,20,22,26,26 []
0 <  29
0  > 30
1 <  28
1  > 28
2 <  19
2  > 10
3 <  10 (4)
3 has [1,6,7,11,11,14,17,20,22,26,26], [[10,11,12]]
3  > 1
0 <  1 (4)
0 has [0,1,6,10,14,17,18,27,28,29,32], [[1,2,3]]
0  > 29
1 <  15
1  > 1
2 <  12
2  > 23
3 <  23
3  > 14
0 <  21
0  > 28
1 <  16
1  > 6
2 <  24
2  > 12
3 <  7
3  > 17
0 <  5
0  > 10
1 <  23
1  > 33
2 <  36
2 <  4
2  > 24
3 <  24 (6)
3 has [6,7,7,11,11,20,26,26], [[10,11,12],[22,23,24]]
3  > 20
0 <  23
0  > 17
1 <  17 (6)
1 has [9,10,13,15,15,16,21,22,23,25,30], [[15,16,17]]
1  > 30
2 <  29
2  > 19
3 <  34
3 <  27
3  > 27
0 <  20
0  > 14
1 <  14 (5)
1 has [9,10,15,16,21,22,23,25], [[15,16,17],[13,14,15]]
1  > 25
2 <  0
2  > 16
3 <  3
3  > 3
0 <  3
0  > 32
1 <  7
1  > 7
2 <  32
2  > 15
3 <  18
3  > 18
0 <  29
0  > 29
1 <  14
1  > 9
2 <  14
2  > 14
3 <  33
3  > 33
0 <  24
0  > 27
1 <  20
1  > 20
2 <  21
2  > 21
3 <  18
3  > 18
0 <  31
0  > 31
1 <  8
1  > 8
2 <  9
2  > 9
3 <  2
3  > 2
0 <  2 (6)
0 has [3,5,6,18,20,21,23,24], [[1,2,3],[0,1,2]]
0  > 3
1 <  25
1  > 25
2 <  9
2  > 9
3 <  4
3  > 4
0 <  4 (4)
0 has [18,20,21,23,24], [[1,2,3],[0,1,2],[4,5,6]]
0  > 18
1 <  12
1  > 12
2 <  28
2  > 28
3 <  35
3 <  33
3  > 33
0 <  41
0 <  3
0  > 3
1 <  8
1  > 8
2 <  27
2  > 33
3 <  4
3  > 4
0 <  13
0  > 13
1 <  4
1  > 4
2 <  16
2  > 16
3 <  12
3  > 6
0 <  19
0  > 23
1 <  30
1  > 10
2 <  26
2  > 26
3 <  31
3  > 31
0 <  2
0  > 2
1 <  32
1  > 32
2 <  19
2  > 19
3 <  13
3  > 13
0 <  13
0  > 13
1 <  28
1  > 28
2 <  17
2  > 17
3 <  10
3  > 11
0 <  9
0  > 9
1 <  8
1  > 8
2 <  29
2  > 8
3 <  0
3  > 0
2 <  0 (8)
2 has [1,2,4,5,5,27,27,29,29,31,32], [[0,0,0]]
2  > 1
3 <  32
3  > 32
0 <  30
0  > 24
1 <  31
1  > 31
2 <  24
2  > 31
3 <  7
Player 3 wins hand 1! (hand took 272ms)
0: -72, hand: 19,20,21,30, [[1,2,3],[0,1,2],[4,5,6]], (38,39,41)
1: -84, hand: 14,15,16,21,22,23,30, [[15,16,17],[13,14,15]], ()
2: -36, hand: 2,4,5,5,24,27,27,29,29,32, [[0,0,0]], (36)
3: 192, hand: 7,7,7,10,11,12,26,26, [[10,11,12],[22,23,24]], (34,35)

Starting hand 2.
this.hand=2; this.draws=0; config.PRNG.seed(624582677); this.wind=1; this.windOfTheRound=0;
wall: 30,19,26,28,18,5,14,24,23,16,27,20,22,17,18,9,38,6,12,25,9,25,8,28,29,3,27,1,33,14,1,4,23,5,37,24,11,2,6,39,5,8,0,21,11,21,15,8,12,2,12,1,19,7,15,36,7,4,11,21,31,3,14,0,20,15,17,28,31,22,33,23,21,33,16,4,19,31,1,3,2,30,24,0,25,0,6,32,30,31,32,10,9,40,16,10,18,28,23,3,29,26,20,2,12,10,7,26,8,26,35,14,16,22,19,20,34,7,27,25,13,30,13,33,32,6,9,10,41,11,32,17,29,22,13,17,24,4,15,18,5,27,29,13
initial deal
tiles for 0: 5,14,16,18,19,20,22,23,24,26,27,28,30
tiles for 1: 3,6,8,9,9,12,17,18,25,25,27,28,29
tiles for 2: 1,1,2,4,5,5,6,8,11,14,23,24,33
tiles for 3: 0,1,2,7,8,11,12,12,15,15,19,21,21
prepare play
tiles for 0: 5,14,16,18,19,20,22,23,24,26,27,28,30 []
tiles for 1: 3,6,8,9,9,12,17,18,25,25,27,28,29 []
tiles for 2: 1,1,2,4,5,5,6,8,11,14,23,24,33 []
tiles for 3: 0,1,2,7,8,11,12,12,15,15,19,21,21 []
1 <  36
1 <  7
1  > 29
2 <  4
2  > 24
3 <  11
3  > 19
0 <  21
0  > 30
1 <  31
1  > 28
2 <  3
2  > 23
3 <  14
3  > 14
0 <  0
0  > 16
1 <  20
1  > 3
2 <  3 (4)
2 has [1,1,2,3,4,5,6,8,11,14,33], [[3,4,5]]
2  > 11
3 <  15
3  > 8
0 <  17
0  > 5
1 <  28
1  > 28
2 <  31
2  > 14
3 <  22
3  > 7
0 <  33
0  > 0
1 <  23
1  > 17
2 <  21
2  > 21
3 <  33
3  > 33
0 <  16
0  > 14
1 <  4
1  > 12
2 <  19
2  > 19
3 <  31
3  > 31
0 <  1
0  > 1
1 <  3
1  > 31
2 <  2
2  > 31
3 <  30
3  > 30
0 <  24
0  > 17
1 <  0
1  > 0
2 <  0 (4)
2 has [1,2,3,4,5,6,8,33], [[3,4,5],[0,1,2]]
2  > 33
3 <  25
3  > 25
0 <  25 (6)
0 has [16,18,19,20,21,22,24,26,27,28,33], [[23,24,25]]
0  > 16
1 <  0
1  > 0
2 <  6
2  > 6
3 <  32
3  > 32
0 <  30
0  > 30
1 <  31
1  > 31
2 <  32
2  > 8
3 <  10
3  > 22
0 <  9
0  > 9
1 <  40
1 <  16
1  > 16
2 <  10
2  > 10
3 <  10 (4)
3 has [0,1,2,10,11,12,15,15,15,21,21], [[10,11,12]]
3  > 15
0 <  18
0  > 28
1 <  28
1  > 28
2 <  23
2  > 23
3 <  3
3  > 3
0 <  29
0  > 29
1 <  26
1  > 27
2 <  20
2  > 20
3 <  2
3  > 2
0 <  12
0  > 12
1 <  10
1  > 23
2 <  7
2  > 7
3 <  26
3  > 26
0 <  8
0  > 8
1 <  26
1  > 20
2 <  35
2 <  14
2  > 14
3 <  16
3  > 16
0 <  22
0  > 27
1 <  19
1  > 18
0 <  18 (8)
0 has [19,20,21,22,22,24,26,33], [[23,24,25],[18,18,18]]
0  > 33
1 <  20
1  > 19
2 <  34
2 <  7
2  > 7
3 <  27
3  > 27
0 <  25
Player 0 wins hand 2! (hand took 229ms)
0: 512, hand: 19,20,21,22,22,24,25,26, [[23,24,25],[18,18,18]], ()
1: -240, hand: 3,4,6,7,8,9,9,10,20,25,25,26,26, [], (38,36,40)
2: -104, hand: 1,2,3,4,5,6,32, [[3,4,5],[0,1,2]], (37,39,35,34)
3: -168, hand: 0,1,2,10,11,12,15,15,21,21, [[10,11,12]], ()

Starting hand 3.
this.hand=3; this.draws=0; config.PRNG.seed(1318999236); this.wind=2; this.windOfTheRound=0;
wall: 38,9,31,17,16,0,19,26,10,23,30,30,26,18,9,11,17,1,24,29,15,28,34,28,14,7,21,27,21,16,32,2,19,9,25,2,33,10,19,11,20,18,5,8,8,11,16,29,13,19,26,6,14,7,31,21,4,23,31,10,24,4,14,25,37,13,2,3,13,24,33,11,29,16,6,0,25,33,1,5,10,20,25,3,27,28,33,3,15,36,29,22,41,15,0,23,1,32,5,9,1,8,7,26,6,12,27,7,17,20,28,23,12,17,31,15,24,3,12,14,30,5,13,20,0,32,4,27,18,8,6,30,22,21,22,2,4,35,12,40,39,18,22,32
initial deal
tiles for 0: 0,9,10,16,17,18,19,23,26,26,30,30,31
tiles for 1: 1,7,9,11,14,15,17,21,24,27,28,28,29
tiles for 2: 2,2,9,10,11,16,19,19,20,21,25,32,33
tiles for 3: 5,6,7,8,8,11,13,14,16,18,19,26,29
prepare play
tiles for 0: 0,9,10,16,17,18,19,23,26,26,30,30,31 []
tiles for 1: 1,7,9,11,14,15,17,21,24,27,28,28,29 []
tiles for 2: 2,2,9,10,11,16,19,19,20,21,25,32,33 []
tiles for 3: 5,6,7,8,8,11,13,14,16,18,19,26,29 []
2 <  31
2  > 16
3 <  21
3  > 29
0 <  4
0  > 0
1 <  23
1  > 29
2 <  31
2  > 10
3 <  10
3  > 26
0 <  26 (8)
0 has [4,9,10,16,17,18,19,23,30,30,31], [[26,26,26]]
0  > 4
1 <  24
1  > 1
2 <  4
2  > 11
3 <  14
3  > 16
0 <  25
0  > 17
1 <  37
1 <  13
1  > 7
2 <  2
2  > 9
3 <  9 (4)
3 has [5,6,7,8,8,13,14,14,18,19,21], [[9,10,11]]
3  > 21
0 <  3
0  > 3
1 <  13
1  > 27
2 <  24
2  > 25
3 <  33
3  > 33
0 <  11
0  > 10
1 <  10 (5)
1 has [13,13,14,15,17,21,23,24,24,28,28], [[9,10,11]]
1  > 17
2 <  29
2  > 29
3 <  16
3  > 16
0 <  6
0  > 6
1 <  0
1  > 0
2 <  25
2  > 19
3 <  33
3  > 33
0 <  1
0  > 1
1 <  5
1  > 5
2 <  10
2  > 10
3 <  20
3  > 13
0 <  25
0  > 9
1 <  3
1  > 3
2 <  3 (5)
2 has [2,2,19,20,21,24,25,31,31,32,33], [[2,3,4]]
2  > 20
3 <  27
3  > 27
0 <  28
0  > 28
1 <  33
1  > 33
2 <  3
2  > 33
3 <  15
3  > 15
0 <  36
0 <  29
0  > 29
1 <  22
1  > 23
2 <  41
2 <  15
2  > 15
3 <  0
3  > 0
0 <  23
0  > 11
1 <  1
1  > 1
2 <  1 (4)
2 has [2,19,21,24,25,31,31,32], [[2,3,4],[1,2,3]]
2  > 2
3 <  32
3  > 32
0 <  5
0  > 16
1 <  16 (6)
1 has [13,13,21,22,24,24,28,28], [[9,10,11],[14,15,16]]
1  > 21
2 <  9
2  > 9
3 <  1
3  > 1
0 <  8
0  > 8
3 <  8 (8)
3 has [5,6,7,14,14,18,19,20], [[9,10,11],[8,8,8]]
3  > 7
0 <  7
0  > 7
1 <  26
1  > 22
2 <  6
2  > 6
3 <  12
3  > 12
0 <  27
0  > 5
1 <  7
1  > 7
2 <  17
2  > 17
3 <  20
3  > 20
0 <  28
0  > 28
1 <  23
1  > 28
2 <  12
2  > 12
3 <  17
3  > 17
0 <  31
0  > 27
1 <  15
1  > 28
2 <  24
2  > 32
3 <  3
3  > 3
0 <  12
0  > 12
1 <  14
1  > 26
2 <  26 (6)
2 has [19,21,24,31,31], [[2,3,4],[1,2,3],[24,25,26]]
2  > 24
1 <  24 (8)
1 has [13,13,14,15,23], [[9,10,11],[14,15,16],[24,24,24]]
1  > 23
0 <  23 (8)
0 has [18,19,25,25,30,30,31,31], [[26,26,26],[23,23,23]]
0  > 25
1 <  30
1  > 30
0 <  30 (8)
0 has [18,19,25,31,31], [[26,26,26],[23,23,23],[30,30,30]]
0  > 25
1 <  5
1  > 5
2 <  13
2  > 13
1 <  13 (32)
1 has [13,13], [[9,10,11],[14,15,16],[24,24,24],[13,14,15]!]
Player 1 wins hand 3! (hand took 299ms)
0: 10, hand: 18,19,31,31, [[26,26,26],[23,23,23],[30,30,30]], (38,36)
1: 80, hand: 13,13, [[9,10,11],[14,15,16],[24,24,24],[13,14,15]!], (34,37)
2: -50, hand: 19,21,31,31, [[2,3,4],[1,2,3],[24,25,26]], (41)
3: -40, hand: 5,6,14,14,18,19,20, [[9,10,11],[8,8,8]], ()

Starting hand 4.
this.hand=4; this.draws=0; config.PRNG.seed(117165900); this.wind=3; this.windOfTheRound=0;
wall: 39,13,21,2,21,17,12,7,5,18,8,33,24,28,15,25,19,30,11,29,32,33,23,4,1,27,24,2,5,10,19,6,28,32,0,6,23,15,29,20,20,17,0,30,22,26,31,36,32,13,8,30,11,17,28,41,4,3,10,34,8,2,18,31,3,22,4,8,12,10,24,4,5,1,19,12,26,6,24,27,7,14,13,38,25,27,16,30,23,25,14,9,33,10,20,18,22,31,22,40,17,20,37,19,26,16,32,13,23,1,5,15,26,14,3,11,1,29,9,25,27,11,31,15,7,9,21,7,35,29,33,6,21,2,28,0,0,16,3,18,12,14,9,16
initial deal
tiles for 0: 2,5,7,8,12,13,17,18,21,21,24,28,33
tiles for 1: 1,4,11,15,19,23,24,25,27,29,30,32,33
tiles for 2: 0,2,5,6,6,10,15,19,20,23,28,29,32
tiles for 3: 0,8,11,13,17,17,20,22,26,30,30,31,32
prepare play
tiles for 0: 2,5,7,8,12,13,17,18,21,21,24,28,33 []
tiles for 1: 1,4,11,15,19,23,24,25,27,29,30,32,33 []
tiles for 2: 0,2,5,6,6,10,15,19,20,23,28,29,32 []
tiles for 3: 0,8,11,13,17,17,20,22,26,30,30,31,32 []
3 <  28
3  > 28
0 <  41
0 <  4
0  > 28
1 <  3
1  > 30
3 <  30 (8)
3 has [0,8,11,13,17,17,20,22,26,31,32], [[30,30,30]]
3  > 0
0 <  10
0  > 12
1 <  34
1 <  8
1  > 19
2 <  2
2  > 29
3 <  18
3  > 26
0 <  31
0  > 17
3 <  17 (8)
3 has [8,11,13,18,20,22,31,32], [[30,30,30],[17,17,17]]
3  > 8
0 <  3
0  > 10
1 <  22
1  > 15
2 <  4
2  > 10
3 <  8
3  > 8
0 <  12
0  > 12
1 <  10
1  > 8
2 <  24
2  > 15
3 <  4
3  > 4
0 <  5
0  > 13
1 <  1
1  > 29
2 <  19
2  > 23
3 <  12
3  > 31
0 <  26
0  > 18
1 <  6
1  > 27
2 <  24
2  > 19
3 <  27
3  > 32
0 <  7
0  > 4
1 <  14
1  > 14
2 <  13
2  > 13
3 <  38
3 <  25
3  > 25
0 <  25 (5)
0 has [2,3,5,5,7,7,8,21,21,31,33], [[24,25,26]]
0  > 5
1 <  5 (6)
1 has [1,1,6,10,11,22,23,24,25,32,33], [[3,4,5]]
1  > 6
2 <  27
2  > 24
3 <  16
3  > 16
0 <  30
0  > 30
1 <  23
1  > 33
2 <  25
2  > 25
3 <  14
3  > 27
0 <  9
0  > 9
1 <  9 (4)
1 has [1,1,22,23,23,24,25,32], [[3,4,5],[9,10,11]]
1  > 32
2 <  33
2  > 20
3 <  10
3  > 20
0 <  20
0  > 3
1 <  18
1  > 18
2 <  22
2  > 24
3 <  31
3  > 18
0 <  22
0  > 5
1 <  40
1 <  17
1  > 17
2 <  20
2  > 22
3 <  37
3 <  19
3  > 19
0 <  26
0  > 8
1 <  16
1  > 16
2 <  32
2  > 20
3 <  13
3  > 22
0 <  23
0  > 2
2 <  2 (8)
2 has [0,4,5,6,6,19,27,28,32,32,33], [[2,2,2]]
2  > 19
3 <  1
3  > 1
0 <  5
0  > 5
1 <  15
1  > 15
2 <  26
2  > 26
3 <  14
3  > 31
0 <  3
0  > 3
1 <  11
1  > 11
2 <  1
2  > 33
3 <  29
3  > 29
0 <  9
0  > 9
1 <  25
1  > 25
2 <  27
2  > 28
3 <  11
3  > 11
0 <  31
0  > 26
1 <  15
1  > 15
2 <  7
2  > 32
3 <  9
3  > 9
0 <  21
0  > 33
1 <  7
1  > 7
0 <  7 (8)
0 has [20,21,21,21,22,23,31,31], [[24,25,26],[7,7,7]]
0  > 31
Hand was a draw.

Restarting hand 4.
this.hand=4; this.draws=1; config.PRNG.seed(577133037); this.wind=3; this.windOfTheRound=0;
wall: 21,21,19,12,4,26,33,7,1,31,27,6,20,18,13,5,12,15,36,7,15,29,19,33,13,30,32,24,27,7,8,28,8,34,5,11,0,39,10,11,9,29,17,40,33,18,14,37,14,28,1,24,4,20,14,32,15,19,35,2,16,31,31,28,3,23,3,19,29,5,31,1,24,4,16,29,33,18,18,17,9,32,17,10,3,25,16,0,7,30,17,23,12,2,9,5,10,2,1,8,0,30,3,21,25,15,23,2,27,41,14,4,21,9,24,22,32,23,11,28,20,13,8,10,22,25,12,26,20,11,22,6,30,6,26,16,26,13,6,27,0,25,38,22
initial deal
tiles for 0: 1,4,6,7,12,19,20,21,21,26,27,31,33
tiles for 1: 5,7,12,13,13,15,15,18,19,29,30,32,33
tiles for 2: 0,5,7,8,8,9,10,11,11,24,27,28,29
tiles for 3: 1,4,14,14,14,15,17,18,20,24,28,32,33
prepare play
tiles for 0: 1,4,6,7,12,19,20,21,21,26,27,31,33 []
tiles for 1: 5,7,12,13,13,15,15,18,19,29,30,32,33 []
tiles for 2: 0,5,7,8,8,9,10,11,11,24,27,28,29 []
tiles for 3: 1,4,14,14,14,15,17,18,20,24,28,32,33 []
3 <  19
3  > 28
0 <  35
0 <  2
0  > 12
1 <  16
1  > 30
2 <  31
2  > 29
3 <  31
3  > 4
0 <  28
0  > 28
1 <  3
1  > 29
2 <  23
2  > 23
3 <  3
3  > 3
0 <  19
0  > 26
1 <  29
1  > 33
2 <  5
2  > 24
3 <  31
3  > 1
0 <  1
0  > 6
1 <  6 (5)
1 has [3,12,13,13,15,15,16,18,19,29,32], [[5,6,7]]
1  > 3
2 <  24
2  > 24
3 <  4
3  > 4
0 <  16
0  > 16
1 <  29
1  > 32
2 <  33
2  > 0
3 <  18
3  > 20
0 <  20 (5)
0 has [1,1,2,4,7,19,20,21,27,31,33], [[19,20,21]]
0  > 7
1 <  18
1  > 29
2 <  17
2  > 11
3 <  9
3  > 9
0 <  32
0  > 1
1 <  17
1  > 29
2 <  10
2  > 9
3 <  3
3  > 3
0 <  25
0  > 4
1 <  16
1  > 12
2 <  0
2  > 0
3 <  7
3  > 7
0 <  30
0  > 1
1 <  17
1  > 19
2 <  23
2  > 23
3 <  12
3  > 18
1 <  18 (8)
1 has [13,13,15,15,16,16,17,17], [[5,6,7],[18,18,18]]
1  > 15
2 <  2
2  > 10
3 <  9
3  > 18
0 <  5
0  > 5
2 <  5 (8)
2 has [2,7,8,8,10,11,17,27,28,31,33], [[5,5,5]]
2  > 11
3 <  10
3  > 24
0 <  2
0  > 25
1 <  1
1  > 1
2 <  8
2  > 17
3 <  0
3  > 0
0 <  30
0  > 33
1 <  3
1  > 3
2 <  21
2  > 21
3 <  25
3  > 25
0 <  15
0  > 15
1 <  15 (32)
1 has [13,13,15,16,17], [[5,6,7],[18,18,18],[15,16,17]!]
Player 1 wins hand 4! (hand took 186ms)
0: -38, hand: 2,2,19,20,21,27,30,30,31,32, [[19,20,21]], (35)
1: 72, hand: 13,13,15,16,17, [[5,6,7],[18,18,18],[15,16,17]!], (36)
2: -2, hand: 2,7,8,8,8,10,27,28,31,33, [[5,5,5]], (34,39)
3: -32, hand: 9,10,12,14,14,14,15,17,19,31,31,32,33, [], (40,37)

Starting hand 5.
this.hand=5; this.draws=0; config.PRNG.seed(1235082428); this.wind=0; this.windOfTheRound=1;
wall: 30,6,34,8,19,1,15,11,2,16,1,36,4,29,3,26,18,6,22,0,40,11,15,2,21,4,14,28,32,23,15,32,24,16,0,35,31,10,18,33,23,21,23,13,28,9,3,26,27,3,11,5,21,8,32,17,27,28,0,31,4,12,6,11,6,27,24,16,5,24,14,20,20,41,32,22,12,31,29,22,20,0,7,37,13,18,26,19,17,17,19,25,3,22,30,10,12,1,30,20,29,7,23,4,2,5,29,27,24,2,8,25,19,1,31,13,18,28,8,9,38,7,25,16,9,26,10,12,13,14,25,9,21,10,14,30,33,39,15,17,7,33,5,33
initial deal
tiles for 0: 1,1,2,3,4,6,8,11,15,16,19,29,30
tiles for 1: 0,2,4,6,11,14,15,18,21,22,26,28,32
tiles for 2: 0,10,15,16,18,21,23,23,23,24,31,32,33
tiles for 3: 3,3,5,8,9,11,13,17,21,26,27,28,32
prepare play
tiles for 0: 1,1,2,3,4,6,8,11,15,16,19,29,30 []
tiles for 1: 0,2,4,6,11,14,15,18,21,22,26,28,32 []
tiles for 2: 0,10,15,16,18,21,23,23,23,24,31,32,33 []
tiles for 3: 3,3,5,8,9,11,13,17,21,26,27,28,32 []
0 <  27
0  > 30
1 <  28
1  > 26
2 <  0
2  > 15
3 <  31
3  > 27
0 <  4
0  > 29
1 <  12
1  > 18
2 <  6
2  > 16
3 <  11
3  > 26
0 <  6
0  > 16
1 <  16 (6)
1 has [0,2,4,6,11,12,21,22,28,28,32], [[14,15,16]]
1  > 32
2 <  27
2  > 27
3 <  24
3  > 24
0 <  16
0  > 16
1 <  5
1  > 0
2 <  0 (8)
2 has [6,10,18,21,23,23,23,24,31,32,33], [[0,0,0]]
2  > 10
3 <  10 (5)
3 has [3,3,5,8,11,13,17,21,28,31,32], [[9,10,11]]
3  > 21
0 <  24
0  > 15
1 <  14
1  > 2
2 <  20
2  > 6
3 <  20
3  > 20
0 <  41
0 <  32
0  > 11
1 <  22
1  > 14
2 <  12
2  > 12
3 <  12 (5)
3 has [3,3,5,8,17,28,31,32], [[9,10,11],[11,12,13]]
3  > 17
0 <  31
0  > 19
1 <  29
1  > 29
2 <  22
2  > 24
3 <  20
3  > 20
0 <  0
0  > 24
1 <  7
1  > 12
2 <  37
2 <  13
2  > 13
3 <  18
3  > 18
0 <  26
0  > 26
1 <  19
1  > 11
2 <  17
2  > 17
3 <  17
3  > 17
0 <  19
0  > 19
1 <  25
1  > 25
2 <  3
2  > 3
3 <  22
3  > 22
0 <  30
0  > 30
1 <  10
1  > 10
2 <  12
2  > 12
3 <  1
3  > 8
0 <  30
0  > 30
1 <  20
1  > 6
2 <  29
2  > 23
3 <  7
3  > 5
0 <  23
0  > 23
1 <  23 (6)
1 has [4,5,7,19,20,22,28,28], [[14,15,16],[21,22,23]]
1  > 7
2 <  4
2  > 4
3 <  2
3  > 2
0 <  5
0  > 4
1 <  29
1  > 29
2 <  27
2  > 29
3 <  24
3  > 24
0 <  2
0  > 0
1 <  8
1  > 8
2 <  25
2  > 27
3 <  19
3  > 19
0 <  1
0  > 27
1 <  31
1  > 31
2 <  13
2  > 13
3 <  18
3  > 18
0 <  28
0  > 32
1 <  8
1  > 8
2 <  9
2  > 9
3 <  38
3 <  7
3  > 31
0 <  25
0  > 25
1 <  16
1  > 16
2 <  9
2  > 9
3 <  26
3  > 26
0 <  10
0  > 10
1 <  12
1  > 12
Hand was a draw.

Restarting hand 5.
this.hand=5; this.draws=1; config.PRNG.seed(38434153); this.wind=0; this.windOfTheRound=1;
wall: 13,33,12,14,6,23,38,21,41,7,4,7,33,9,25,2,14,1,10,8,16,1,22,17,1,31,28,27,31,14,8,9,3,17,6,29,5,11,2,13,6,3,23,25,20,10,19,17,22,5,18,12,36,15,21,25,11,6,0,29,15,15,8,27,29,7,3,37,22,28,10,11,9,24,26,28,16,10,33,20,18,1,32,18,13,4,31,15,5,31,0,19,19,0,30,14,28,2,30,27,26,20,32,4,18,19,21,7,39,24,4,5,23,11,12,30,9,16,3,8,30,34,16,24,26,32,32,17,2,20,33,0,25,21,13,40,29,12,22,24,26,23,35,27
initial deal
tiles for 0: 4,6,7,7,9,12,13,14,21,23,25,33,33
tiles for 1: 1,1,1,2,8,10,14,16,17,22,27,28,31
tiles for 2: 2,3,5,6,6,8,9,11,13,14,17,29,31
tiles for 3: 3,5,10,12,15,17,18,19,20,21,22,23,25
prepare play
tiles for 0: 4,6,7,7,9,12,13,14,21,23,25,33,33 []
tiles for 1: 1,1,1,2,8,10,14,16,17,22,27,28,31 []
tiles for 2: 2,3,5,6,6,8,9,11,13,14,17,29,31 []
tiles for 3: 3,5,10,12,15,17,18,19,20,21,22,23,25 []
0 <  25
0  > 9
1 <  11
1  > 27
2 <  6
2  > 14
3 <  0
3  > 0
0 <  29
0  > 29
1 <  15
1  > 22
2 <  15
2  > 11
3 <  11 (5)
3 has [3,5,15,17,18,19,20,21,22,23,25], [[10,11,12]]
3  > 5
0 <  8
0  > 12
1 <  12 (6)
1 has [1,1,1,2,8,14,15,16,17,28,31], [[10,11,12]]
1  > 1
2 <  1 (4)
2 has [5,6,6,6,8,9,13,15,17,29,31], [[1,2,3]]
2  > 6
3 <  27
3  > 27
0 <  29
0  > 29
1 <  7
1  > 31
2 <  3
2  > 13
3 <  37
3 <  22
3  > 3
0 <  28
0  > 13
1 <  10
1  > 10
2 <  11
2  > 11
3 <  9
3  > 9
0 <  24
0  > 14
1 <  26
1  > 26
2 <  28
2  > 17
3 <  16
3  > 18
0 <  10
0  > 10
1 <  33
1  > 33
0 <  33 (8)
0 has [4,6,7,7,8,21,23,24,25,25,28], [[33,33,33]]
0  > 4
1 <  20
1  > 20
2 <  18
2  > 18
3 <  1
3  > 1
0 <  32
0  > 8
1 <  18
1  > 18
2 <  13
2  > 9
3 <  4
3  > 4
0 <  31
0  > 6
1 <  6 (4)
1 has [1,1,2,14,15,16,17,28], [[10,11,12],[6,7,8]]
1  > 28
2 <  15
2  > 15
3 <  5
3  > 5
0 <  31
0  > 7
1 <  0
1  > 1
2 <  19
2  > 19
3 <  19
3  > 19
0 <  0
0  > 0
1 <  30
1  > 30
2 <  14
2  > 14
3 <  28
3  > 28
0 <  2
0  > 2
1 <  30
1  > 30
2 <  27
2  > 27
3 <  26
3  > 26
0 <  26 (6)
0 has [7,21,23,25,28,31,31,32], [[33,33,33],[24,25,26]]
0  > 7
1 <  20
1  > 20
2 <  32
2  > 32
3 <  4
3  > 4
0 <  18
0  > 18
1 <  19
1  > 19
2 <  21
2  > 21
3 <  7
3  > 7
0 <  39
0 <  24
0  > 28
1 <  4
1  > 4
2 <  4 (5)
2 has [6,6,8,13,15,28,29,31], [[1,2,3],[3,4,5]]
2  > 28
3 <  5
3  > 5
0 <  23
0  > 32
1 <  11
1  > 11
2 <  12
2  > 8
3 <  30
3  > 30
0 <  9
0  > 9
1 <  16
1  > 16
2 <  3
2  > 3
3 <  8
3  > 8
0 <  30
0  > 30
1 <  34
1 <  16
1  > 16
2 <  24
2  > 24
3 <  24 (32)
3 has [15,16,17,19,20,21,22,22], [[10,11,12],[23,24,25]!]
Player 3 wins hand 5! (hand took 260ms)
0: 64, hand: 21,23,23,24,25,31,31, [[33,33,33],[24,25,26]], (38,41,39)
1: -96, hand: 0,1,2,14,15,16,17, [[10,11,12],[6,7,8]], (34)
2: -112, hand: 6,6,12,13,15,29,31, [[1,2,3],[3,4,5]], ()
3: 144, hand: 15,16,17,19,20,21,22,22, [[10,11,12],[23,24,25]!], (36,37)

Starting hand 6.
this.hand=6; this.draws=0; config.PRNG.seed(555576584); this.wind=1; this.windOfTheRound=1;
wall: 21,0,7,10,17,9,25,23,29,32,24,27,26,9,15,36,23,41,3,39,12,5,8,18,7,4,21,7,23,28,16,31,33,22,38,13,32,25,5,32,22,24,22,15,20,14,2,17,10,35,19,8,25,3,32,22,3,10,2,29,8,30,8,28,33,30,18,16,33,11,14,27,10,19,29,27,25,21,4,6,24,15,9,11,18,30,11,11,6,12,37,17,2,17,31,20,23,9,14,26,21,26,1,1,15,3,20,34,5,12,19,26,33,19,13,13,0,28,31,0,28,16,4,40,14,2,5,24,7,30,27,1,18,29,0,13,31,1,6,16,6,12,4,20
initial deal
tiles for 0: 0,7,9,10,17,21,23,24,25,26,27,29,32
tiles for 1: 3,4,5,7,7,8,9,12,15,18,21,23,23
tiles for 2: 5,13,16,22,22,22,24,25,28,31,32,32,33
tiles for 3: 2,3,3,8,10,14,15,17,19,20,22,25,32
prepare play
tiles for 0: 0,7,9,10,17,21,23,24,25,26,27,29,32 []
tiles for 1: 3,4,5,7,7,8,9,12,15,18,21,23,23 []
tiles for 2: 5,13,16,22,22,22,24,25,28,31,32,32,33 []
tiles for 3: 2,3,3,8,10,14,15,17,19,20,22,25,32 []
1 <  10
1  > 18
2 <  2
2  > 13
3 <  13 (4)
3 has [2,3,3,8,10,17,19,20,22,25,32], [[13,14,15]]
3  > 10
0 <  29
0  > 27
1 <  8
1  > 15
2 <  30
2  > 16
3 <  8
3  > 25
0 <  28
0  > 0
1 <  33
1  > 33
2 <  30
2  > 22
3 <  18
3  > 19
0 <  16
0  > 7
1 <  33
1  > 33
2 <  11
2  > 11
3 <  14
3  > 20
0 <  27
0  > 27
1 <  10
1  > 12
2 <  19
2  > 22
3 <  29
3  > 22
0 <  22 (5)
0 has [9,10,16,17,24,25,26,28,29,29,32], [[21,22,23]]
0  > 16
1 <  27
1  > 27
2 <  25
2  > 19
3 <  21
3  > 21
0 <  4
0  > 4
1 <  6
1  > 21
2 <  24
2  > 24
3 <  15
3  > 18
0 <  9
0  > 10
1 <  11
1  > 10
2 <  18
2  > 18
3 <  30
3  > 30
2 <  30 (8)
2 has [2,5,22,24,25,25,28,31,32,32,33], [[30,30,30]]
2  > 24
3 <  11
3  > 8
0 <  11
0  > 9
1 <  6
Player 1 wins hand 6! (hand took 124ms)
0: -216, hand: 9,11,17,24,25,26,28,29,29,32, [[21,22,23]], ()
1: 576, hand: 3,4,5,6,6,7,7,8,8,9,10,11,23,23, [], (36,41,39)
2: -156, hand: 2,5,22,25,25,28,31,32,32,33, [[30,30,30]], (38)
3: -204, hand: 2,3,3,8,11,14,15,17,29,32, [[13,14,15]], (35)

Starting hand 7.
this.hand=7; this.draws=0; config.PRNG.seed(668924009); this.wind=1; this.windOfTheRound=1;
wall: 1,15,15,38,10,2,5,37,12,19,20,32,27,9,0,25,22,13,30,2,4,2,21,25,30,20,27,17,8,5,25,18,33,14,26,30,9,3,0,6,7,6,31,16,36,31,22,2,7,5,0,4,29,6,3,4,12,29,23,15,9,26,17,1,6,11,12,18,29,10,28,32,31,19,22,29,16,27,32,24,11,28,33,14,4,35,26,8,19,14,39,28,33,25,7,13,11,21,12,23,3,3,40,5,32,26,20,28,24,1,20,34,15,7,41,21,10,13,24,27,11,18,18,17,23,8,10,17,16,21,24,14,16,30,33,31,23,8,13,22,0,9,19,1
initial deal
tiles for 0: 0,1,2,5,9,10,12,15,15,19,20,27,32
tiles for 1: 2,2,4,13,17,20,21,22,25,25,27,30,30
tiles for 2: 0,3,5,6,7,8,9,14,18,25,26,30,33
tiles for 3: 0,2,3,4,5,6,6,7,16,22,29,31,31
prepare play
tiles for 0: 0,1,2,5,9,10,12,15,15,19,20,27,32 []
tiles for 1: 2,2,4,13,17,20,21,22,25,25,27,30,30 []
tiles for 2: 0,3,5,6,7,8,9,14,18,25,26,30,33 []
tiles for 3: 0,2,3,4,5,6,6,7,16,22,29,31,31 []
1 <  4
1  > 13
2 <  12
2  > 14
3 <  29
3  > 22
0 <  23
0  > 27
1 <  15
1  > 27
2 <  9
2  > 25
3 <  26
3  > 16
0 <  17
0  > 2
1 <  1
1  > 15
2 <  6
2  > 26
3 <  11
3  > 26
0 <  12
0  > 5
1 <  18
1  > 17
2 <  29
2  > 29
3 <  29 (8)
3 has [0,2,3,4,5,6,6,7,11,31,31], [[29,29,29]]
3  > 11
0 <  10
0  > 1
1 <  28
1  > 28
2 <  32
2  > 18
3 <  31
3  > 2
0 <  19
0  > 0
1 <  0 (4)
1 has [2,4,4,18,20,21,22,25,25,30,30], [[0,1,2]]
1  > 2
2 <  22
2  > 22
3 <  29
3  > 29
0 <  16
0  > 23
1 <  23 (6)
1 has [4,4,18,20,25,25,30,30], [[0,1,2],[21,22,23]]
1  > 18
2 <  27
2  > 27
3 <  32
3  > 4
0 <  24
0  > 24
1 <  11
1  > 11
2 <  28
2  > 12
3 <  33
3  > 7
0 <  14
0  > 16
1 <  4
1  > 4
2 <  4 (5)
2 has [0,6,6,7,8,9,9,28,30,32,33], [[3,4,5]]
2  > 0
3 <  35
3 <  26
3  > 26
0 <  8
0  > 8
1 <  19
1  > 4
2 <  14
2  > 9
3 <  39
3 <  28
3  > 0
0 <  33
0  > 17
1 <  25
1  > 4
2 <  7
2  > 9
3 <  13
3  > 13
0 <  11
0  > 11
1 <  21
1  > 25
2 <  12
2  > 14
3 <  23
3  > 23
0 <  3
0  > 3
1 <  3
1  > 3
2 <  40
2 <  5
2  > 12
3 <  32
3  > 6
0 <  26
0  > 26
1 <  20
1  > 20
2 <  28
2  > 33
3 <  24
3  > 24
0 <  1
0  > 1
1 <  20
1  > 20
2 <  34
2 <  15
2  > 15
0 <  15 (8)
0 has [9,10,10,12,12,14,19,19,20,32,33], [[15,15,15]]
0  > 32
3 <  32 (8)
3 has [3,5,6,28,31,31,31,33], [[29,29,29],[32,32,32]]
3  > 3
0 <  7
0  > 7
2 <  7 (8)
2 has [5,6,6,8,28,28,30,32], [[3,4,5],[7,7,7]]
2  > 32
3 <  41
3 <  21
3  > 6
2 <  6 (8)
2 has [5,8,28,28,30], [[3,4,5],[7,7,7],[6,6,6]]
2  > 5
3 <  10
3  > 21
0 <  21 (6)
0 has [9,10,10,12,12,14,19,33], [[15,15,15],[19,20,21]]
0  > 19
1 <  13
1  > 13
2 <  24
2  > 8
3 <  27
3  > 27
0 <  11
0  > 33
1 <  18
1  > 18
2 <  18
2  > 18
3 <  17
3  > 17
0 <  23
0  > 23
1 <  8
1  > 8
2 <  10
2  > 10
0 <  10 (8)
0 has [9,11,12,12,14], [[15,15,15],[19,20,21],[10,10,10]]
0  > 12
1 <  17
1  > 17
Hand was a draw.

Restarting hand 7.
this.hand=7; this.draws=1; config.PRNG.seed(885797510); this.wind=1; this.windOfTheRound=1;
wall: 15,29,33,15,10,5,27,16,18,17,11,4,0,26,28,9,2,24,2,12,23,10,31,0,26,17,1,9,32,19,36,30,6,8,6,27,21,41,27,20,5,38,16,9,32,15,5,14,3,29,32,26,8,22,11,4,25,30,2,11,24,29,19,28,9,8,12,14,33,22,13,23,7,0,33,3,6,7,7,3,13,13,5,17,19,0,21,37,18,15,1,26,6,21,1,24,28,10,18,16,10,32,7,13,35,1,40,17,20,31,18,31,24,3,22,14,8,19,21,23,29,27,12,2,33,34,23,25,4,22,30,16,20,28,25,25,30,39,11,31,4,12,14,20
initial deal
tiles for 0: 0,4,5,10,11,15,15,16,17,18,27,29,33
tiles for 1: 0,2,2,9,10,12,17,23,24,26,26,28,31
tiles for 2: 1,5,6,6,8,9,19,20,21,27,27,30,32
tiles for 3: 3,5,8,9,11,14,15,16,22,26,29,32,32
prepare play
tiles for 0: 0,4,5,10,11,15,15,16,17,18,27,29,33 []
tiles for 1: 0,2,2,9,10,12,17,23,24,26,26,28,31 []
tiles for 2: 1,5,6,6,8,9,19,20,21,27,27,30,32 []
tiles for 3: 3,5,8,9,11,14,15,16,22,26,29,32,32 []
1 <  4
1  > 17
2 <  25
2  > 9
3 <  30
3  > 30
0 <  2
0  > 29
1 <  11
1  > 28
2 <  24
2  > 1
3 <  29
3  > 26
0 <  19
0  > 27
2 <  27 (8)
2 has [5,6,6,8,19,20,21,24,25,30,32], [[27,27,27]]
2  > 19
3 <  28
3  > 22
0 <  9
0  > 0
1 <  8
1  > 8
2 <  12
2  > 12
3 <  14
3  > 5
0 <  33
0  > 2
1 <  22
1  > 31
2 <  13
2  > 13
3 <  23
3  > 23
0 <  7
0  > 4
1 <  0
1  > 4
2 <  33
2  > 20
3 <  3
3  > 3
0 <  6
0  > 6
2 <  6 (8)
2 has [5,8,21,24,25,30,32,33], [[27,27,27],[6,6,6]]
2  > 24
3 <  7
3  > 7
0 <  7
0  > 5
1 <  3
1  > 3
2 <  13
2  > 13
3 <  13
3  > 8
0 <  5
0  > 5
1 <  17
1  > 17
2 <  19
2  > 19
3 <  0
3  > 3
0 <  21
0  > 7
1 <  37
1 <  18
1  > 18
2 <  15
2  > 15
3 <  15 (5)
3 has [0,9,11,13,14,15,28,29,29,32,32], [[14,15,16]]
3  > 0
0 <  1
0  > 7
1 <  26
1  > 0
2 <  6
2  > 25
3 <  21
3  > 21
0 <  1
0  > 1
1 <  1 (5)
1 has [2,9,10,11,12,22,23,24,26,26,26], [[0,1,2]]
1  > 2
2 <  24
2  > 24
3 <  28
3  > 9
1 <  9 (32)
1 has [10,11,12,22,23,24,26,26,26], [[0,1,2],[9,9]!]
Player 1 wins hand 7! (hand took 185ms)
0: -68, hand: 1,9,10,11,15,15,16,17,18,19,21,33,33, [], ()
1: 144, hand: 10,11,12,22,23,24,26,26,26, [[0,1,2],[9,9]!], (37)
2: -32, hand: 5,6,8,21,30,32,33, [[27,27,27],[6,6,6]], (36,41)
3: -44, hand: 11,13,14,15,28,28,29,29,32,32, [[14,15,16]], (38)

Starting hand 8.
this.hand=8; this.draws=0; config.PRNG.seed(924198414); this.wind=1; this.windOfTheRound=1;
wall: 17,27,22,6,20,4,31,25,29,0,10,5,37,0,11,13,12,0,13,27,31,9,28,7,24,8,23,19,16,7,8,26,2,4,8,26,9,32,33,7,2,29,3,24,4,5,32,11,11,36,5,12,5,15,12,15,9,18,14,30,20,19,38,0,15,18,1,18,28,17,28,35,20,19,8,14,32,14,19,17,40,6,16,33,14,23,7,3,26,23,17,29,16,21,27,13,24,9,26,30,3,22,25,16,1,20,33,21,27,28,21,22,41,30,4,25,34,1,2,29,21,3,15,25,32,39,11,30,2,6,31,10,6,18,10,12,13,33,31,1,24,10,22,23
initial deal
tiles for 0: 0,0,4,5,6,10,17,20,22,25,27,29,31
tiles for 1: 0,7,8,9,11,12,13,13,23,24,27,28,31
tiles for 2: 2,4,7,7,8,8,9,16,19,26,26,32,33
tiles for 3: 2,3,4,5,5,5,11,11,12,15,24,29,32
prepare play
tiles for 0: 0,0,4,5,6,10,17,20,22,25,27,29,31 []
tiles for 1: 0,7,8,9,11,12,13,13,23,24,27,28,31 []
tiles for 2: 2,4,7,7,8,8,9,16,19,26,26,32,33 []
tiles for 3: 2,3,4,5,5,5,11,11,12,15,24,29,32 []
1 <  12
1  > 0
2 <  15
2  > 26
3 <  9
3  > 24
0 <  18
0  > 29
1 <  14
1  > 27
2 <  30
2  > 26
3 <  20
3  > 20
0 <  19
0  > 27
1 <  38
1 <  0
1  > 0
2 <  15
2  > 19
3 <  18
3  > 18
0 <  18 (4)
0 has [0,0,4,5,6,10,17,18,22,25,31], [[18,19,20]]
0  > 10
1 <  10 (5)
1 has [7,8,12,12,13,13,14,23,24,28,31], [[9,10,11]]
1  > 28
2 <  1
2  > 9
3 <  18
3  > 18
0 <  28
0  > 17
1 <  17
1  > 17
2 <  28
2  > 16
3 <  35
3 <  20
3  > 20
0 <  19
0  > 25
1 <  25 (6)
1 has [7,8,12,12,13,13,14,31], [[9,10,11],[23,24,25]]
1  > 31
2 <  8
2  > 15
3 <  14
3  > 4
0 <  32
0  > 6
1 <  6 (4)
1 has [12,12,13,13,14], [[9,10,11],[23,24,25],[6,7,8]]
1  > 13
2 <  14
2  > 15
3 <  19
3  > 19
0 <  17
0  > 17
1 <  40
1 <  6
1  > 6
2 <  6 (4)
2 has [1,2,4,7,8,8,14,28,30,32,33], [[6,7,8]]
2  > 14
3 <  16
3  > 3
0 <  33
0  > 0
1 <  14
1  > 14
2 <  23
2  > 23
3 <  7
3  > 2
0 <  3
0  > 5
1 <  26
1  > 26
2 <  23
2  > 23
3 <  17
3  > 7
0 <  29
0  > 29
1 <  16
1  > 16
2 <  21
2  > 21
3 <  27
3  > 27
0 <  13
0  > 13
1 <  24
1  > 24
2 <  9
2  > 9
3 <  26
3  > 26
0 <  30
0  > 30
1 <  3
1  > 3
2 <  3 (6)
2 has [4,7,8,8,28,30,32,33], [[6,7,8],[1,2,3]]
2  > 4
3 <  22
3  > 22
0 <  25
0  > 0
1 <  16
1  > 16
2 <  1
2  > 1
3 <  20
3  > 20
0 <  20 (6)
0 has [3,4,22,25,28,31,32,33], [[18,19,20],[18,19,20]]
0  > 4
1 <  33
1  > 33
2 <  21
2  > 21
3 <  27
3  > 27
0 <  28
0  > 3
1 <  21
1  > 21
2 <  22
2  > 22
3 <  41
3 <  30
3  > 30
0 <  4
0  > 4
1 <  25
1  > 25
2 <  34
2 <  1
2  > 1
3 <  2
3  > 2
0 <  29
0  > 29
1 <  21
1  > 21
2 <  3
2  > 3
3 <  15
3  > 29
0 <  25
0  > 22
1 <  32
1  > 32
2 <  39
2 <  11
2  > 11
3 <  11 (8)
3 has [5,5,5,9,12,14,15,15,16,17,32], [[11,11,11]]
3  > 9
0 <  30
0  > 30
Hand was a draw.

Restarting hand 8.
this.hand=8; this.draws=1; config.PRNG.seed(1201354468); this.wind=1; this.windOfTheRound=1;
wall: 1,4,22,33,9,13,26,8,2,3,7,15,11,31,17,37,3,25,19,31,5,5,32,16,18,6,27,7,4,15,2,6,20,25,24,18,25,34,11,28,40,22,16,20,11,0,7,15,5,12,20,30,12,28,14,29,21,22,9,12,9,18,18,17,26,24,30,32,13,1,10,27,12,25,19,36,17,21,14,11,23,15,16,21,8,31,1,7,13,0,24,2,23,14,3,22,32,28,10,33,6,5,10,33,4,26,8,17,29,30,27,19,41,6,39,9,10,35,3,19,1,31,13,29,23,29,32,26,0,38,27,14,33,21,24,28,16,4,30,2,0,20,8,23
initial deal
tiles for 0: 1,2,3,4,7,8,9,11,13,15,22,26,33
tiles for 1: 3,5,5,6,16,17,18,19,25,27,31,31,32
tiles for 2: 2,4,6,7,11,15,18,20,22,24,25,25,28
tiles for 3: 0,5,7,11,12,12,14,15,16,20,20,28,30
prepare play
tiles for 0: 1,2,3,4,7,8,9,11,13,15,22,26,33 []
tiles for 1: 3,5,5,6,16,17,18,19,25,27,31,31,32 []
tiles for 2: 2,4,6,7,11,15,18,20,22,24,25,25,28 []
tiles for 3: 0,5,7,11,12,12,14,15,16,20,20,28,30 []
1 <  29
1  > 29
2 <  21
2  > 15
3 <  22
3  > 30
0 <  9
0  > 22
1 <  12
1  > 25
2 <  9
2  > 11
3 <  18
3  > 7
0 <  18
0  > 26
1 <  17
1  > 12
2 <  26
2  > 9
3 <  24
3  > 0
0 <  30
0  > 30
1 <  32
1  > 27
2 <  13
2  > 13
3 <  13 (6)
3 has [5,12,14,15,16,18,20,20,22,24,28], [[11,12,13]]
3  > 5
1 <  5 (8)
1 has [3,6,16,17,17,18,19,31,31,32,32], [[5,5,5]]
1  > 6
2 <  1
2  > 24
3 <  10
3  > 20
0 <  27
0  > 27
1 <  12
1  > 3
2 <  3 (6)
2 has [4,6,7,18,20,21,22,25,25,26,28], [[1,2,3]]
2  > 26
3 <  25
3  > 24
0 <  19
0  > 15
1 <  36
1 <  17
1  > 12
2 <  21
2  > 22
3 <  14
3  > 22
0 <  11
0  > 11
1 <  23
1  > 23
2 <  15
2  > 15
3 <  16
3  > 18
0 <  21
0  > 11
1 <  8
1  > 8
2 <  8 (6)
2 has [4,18,20,21,21,25,25,28], [[1,2,3],[6,7,8]]
2  > 4
3 <  31
3  > 20
0 <  20 (6)
0 has [1,2,3,4,7,8,9,9,13,21,33], [[18,19,20]]
0  > 21
1 <  1
1  > 1
2 <  7
2  > 7
3 <  13
3  > 25
0 <  0
0  > 9
1 <  24
1  > 24
2 <  2
2  > 2
3 <  23
3  > 23
0 <  14
0  > 9
1 <  3
1  > 3
2 <  22
2  > 18
3 <  32
3  > 10
0 <  28
0  > 33
1 <  10
1  > 10
2 <  33
2  > 28
3 <  6
3  > 6
0 <  6 (4)
0 has [0,1,2,3,4,13,14,28], [[18,19,20],[6,7,8]]
0  > 28
1 <  5
1  > 5
2 <  10
2  > 10
3 <  33
3  > 31
1 <  31 (8)
1 has [16,17,17,17,18,19,32,32], [[5,5,5],[31,31,31]]
1  > 18
2 <  4
2  > 4
3 <  26
3  > 26
0 <  8
0  > 8
1 <  17
1 locks [17,17,17,17]
1 <  29 (supplement)
1  > 29
2 <  30
2  > 33
3 <  27
3  > 27
0 <  19
0  > 19
1 <  41
1 <  6
1  > 6
2 <  39
2 <  9
2  > 9
3 <  10
3  > 10
0 <  35
0 <  3
0  > 3
1 <  19
1  > 16
3 <  16 (8)
3 has [12,13,14,14,15,28,32,33], [[11,12,13],[16,16,16]]
3  > 33
0 <  1
0  > 1
1 <  31
1  > 31
2 <  13
2  > 13
3 <  13 (4)
3 has [12,13,14,28,32], [[11,12,13],[16,16,16],[13,14,15]]
3  > 28
0 <  29
0  > 29
1 <  23
1  > 23
2 <  23 (6)
2 has [20,21,25,25,30], [[1,2,3],[6,7,8],[21,22,23]]
2  > 30
3 <  29
3  > 29
0 <  32
0  > 32
1 <  32 (32)
1 has [19,19], [[5,5,5],[31,31,31],[17,17,17,17],[32,32,32]!]
Player 1 wins hand 8! (hand took 281ms)
0: -774, hand: 0,1,2,3,4,13,14, [[18,19,20],[6,7,8]], (35)
1: 2304, hand: 19,19, [[5,5,5],[31,31,31],[17,17,17,17],[32,32,32]!], (37,36,41)
2: -750, hand: 20,21,25,25, [[1,2,3],[6,7,8],[21,22,23]], (34,40,39)
3: -780, hand: 12,13,14,32, [[11,12,13],[16,16,16],[13,14,15]], ()

Starting hand 9.
this.hand=9; this.draws=0; config.PRNG.seed(1725406880); this.wind=1; this.windOfTheRound=1;
wall: 28,23,0,18,23,7,33,10,27,15,41,34,32,18,29,28,10,29,33,2,21,26,3,21,4,14,31,6,17,18,32,16,33,1,24,1,14,11,8,0,15,7,16,5,6,3,33,23,25,12,26,16,2,19,5,21,22,29,31,22,5,30,19,18,22,14,16,8,28,4,29,11,8,25,0,6,2,9,25,39,1,13,36,3,25,27,28,37,26,11,17,20,30,17,15,23,12,21,14,15,7,17,1,4,4,9,35,30,27,19,12,20,10,10,7,22,32,19,24,40,9,9,6,32,3,13,24,5,24,2,38,13,11,31,12,20,20,8,26,13,31,30,27,0
initial deal
tiles for 0: 0,7,10,15,18,18,23,23,27,28,29,32,33
tiles for 1: 2,3,4,6,10,14,21,21,26,28,29,31,33
tiles for 2: 0,1,1,8,11,14,15,16,17,18,24,32,33
tiles for 3: 2,3,5,6,7,12,16,16,19,23,25,26,33
prepare play
tiles for 0: 0,7,10,15,18,18,23,23,27,28,29,32,33 []
tiles for 1: 2,3,4,6,10,14,21,21,26,28,29,31,33 []
tiles for 2: 0,1,1,8,11,14,15,16,17,18,24,32,33 []
tiles for 3: 2,3,5,6,7,12,16,16,19,23,25,26,33 []
1 <  5
1  > 29
2 <  21
2  > 21
3 <  22
3  > 12
0 <  29
0  > 27
1 <  31
1  > 26
2 <  22
2  > 22
3 <  5
3  > 25
0 <  30
0  > 30
1 <  19
1  > 14
2 <  18
2  > 18
0 <  18 (8)
0 has [0,7,10,15,23,23,28,29,29,32,33], [[18,18,18]]
0  > 15
1 <  22
1  > 10
2 <  14
2  > 24
3 <  16
3  > 22
0 <  8
0  > 10
1 <  28
1  > 33
2 <  4
2  > 18
3 <  29
3  > 26
0 <  11
0  > 11
1 <  8
1  > 19
2 <  25
2  > 25
3 <  0
3  > 23
0 <  23 (8)
0 has [0,7,8,28,29,29,32,33], [[18,18,18],[23,23,23]]
0  > 8
1 <  6
1  > 22
2 <  2
2  > 8
3 <  9
3  > 19
0 <  25
0  > 7
1 <  7 (6)
1 has [2,3,4,6,8,21,21,28,28,31,31], [[5,6,7]]
1  > 21
2 <  39
2 <  1
2  > 14
3 <  13
3  > 13
0 <  36
0 <  3
0  > 0
1 <  25
1  > 25
2 <  27
2  > 27
3 <  28
3  > 9
0 <  37
0 <  26
0  > 3
1 <  11
1  > 21
2 <  17
2  > 11
3 <  20
3  > 20
0 <  30
0  > 30
1 <  17
1  > 11
2 <  15
2  > 17
3 <  23
3  > 23
0 <  12
0  > 12
1 <  21
1  > 17
2 <  14
2  > 17
3 <  15
3  > 5
0 <  7
0  > 7
1 <  7 (5)
1 has [2,3,4,21,28,28,31,31], [[5,6,7],[6,7,8]]
1  > 21
2 <  17
2  > 17
3 <  17 (6)
3 has [0,2,3,5,6,7,16,16,28,29,33], [[15,16,17]]
3  > 3
0 <  1
0  > 1
1 <  4
1  > 4
2 <  4
2  > 15
3 <  9
3  > 2
0 <  35
0 <  30
0  > 30
1 <  27
1  > 27
2 <  19
2  > 19
3 <  12
3  > 0
0 <  20
0  > 20
1 <  10
1  > 10
2 <  10
2  > 10
3 <  7
3  > 12
0 <  22
0  > 22
1 <  32
1  > 32
2 <  19
2  > 19
3 <  24
3  > 24
0 <  24 (4)
0 has [28,29,29,32,33], [[18,18,18],[23,23,23],[24,25,26]]
0  > 33
1 <  40
1 <  9
1  > 9
2 <  9
2  > 9
3 <  6
3  > 9
0 <  32
0  > 28
1 <  28 (32)
1 has [2,3,4,31,31], [[5,6,7],[6,7,8],[28,28,28]!]
Player 1 wins hand 9! (hand took 279ms)
0: 56, hand: 29,29,32,32, [[18,18,18],[23,23,23],[24,25,26]], (41,34,36,37,35)
1: 480, hand: 2,3,4,31,31, [[5,6,7],[6,7,8],[28,28,28]!], (40)
2: -256, hand: 0,1,1,1,2,4,4,14,14,15,16,32,33, [], (39)
3: -280, hand: 5,6,6,7,7,16,16,28,29,33, [[15,16,17]], ()

Starting hand 10.
this.hand=10; this.draws=0; config.PRNG.seed(810999689); this.wind=1; this.windOfTheRound=1;
wall: 26,6,11,18,21,2,17,3,24,31,16,30,7,26,26,8,7,23,8,17,32,19,27,20,6,4,12,9,4,3,30,23,5,22,5,16,14,25,2,20,27,15,10,28,10,4,36,20,1,8,7,18,6,41,6,3,14,32,29,11,14,0,35,11,0,29,19,11,38,12,24,20,19,2,12,21,30,31,8,23,10,24,5,22,10,18,25,21,5,33,16,31,40,15,9,29,30,13,7,13,16,22,37,28,17,33,14,0,34,33,12,4,29,23,32,2,28,24,3,32,26,25,21,25,31,15,0,33,1,19,13,18,22,13,9,27,39,27,1,28,1,9,15,17
initial deal
tiles for 0: 2,3,6,7,11,16,17,18,21,24,26,30,31
tiles for 1: 4,6,7,8,8,17,19,20,23,26,26,27,32
tiles for 2: 2,3,4,5,5,9,12,14,16,22,23,25,30
tiles for 3: 1,4,6,7,8,10,10,15,18,20,20,27,28
prepare play
tiles for 0: 2,3,6,7,11,16,17,18,21,24,26,30,31 []
tiles for 1: 4,6,7,8,8,17,19,20,23,26,26,27,32 []
tiles for 2: 2,3,4,5,5,9,12,14,16,22,23,25,30 []
tiles for 3: 1,4,6,7,8,10,10,15,18,20,20,27,28 []
1 <  41
1 <  6
1  > 17
2 <  3
2  > 23
3 <  14
3  > 27
0 <  32
0  > 30
1 <  29
1  > 29
2 <  11
2  > 25
3 <  14
3  > 18
0 <  0
0  > 11
1 <  35
1 <  11
1  > 11
2 <  0
2  > 22
3 <  29
3  > 20
0 <  19
0  > 16
1 <  11
1  > 11
2 <  38
2 <  12
2  > 16
3 <  16 (6)
3 has [1,4,6,7,8,10,10,14,20,28,29], [[14,15,16]]
3  > 20
0 <  20 (6)
0 has [0,2,3,6,7,17,21,24,26,31,32], [[18,19,20]]
0  > 17
1 <  24
1  > 26
2 <  20
2  > 20
3 <  19
3  > 19
0 <  2
0  > 21
1 <  12
1  > 12
2 <  21
2  > 21
3 <  30
3  > 30
0 <  31
0  > 7
1 <  7 (5)
1 has [4,6,7,8,19,20,23,24,26,27,32], [[6,7,8]]
1  > 26
2 <  8
2  > 9
3 <  23
3  > 23
0 <  10
0  > 10
1 <  24
1  > 19
2 <  5
2  > 11
3 <  22
3  > 22
0 <  10
0  > 10
1 <  18
1  > 18
2 <  25
2  > 25
3 <  21
3  > 21
0 <  5
0  > 6
1 <  6 (4)
1 has [4,6,20,23,24,24,27,32], [[6,7,8],[6,7,8]]
1  > 23
2 <  33
2  > 14
3 <  16
3  > 6
0 <  31
0  > 31
1 <  40
1 <  15
1  > 15
2 <  9
2  > 12
3 <  29
3  > 8
0 <  30
0  > 30
1 <  13
1  > 13
2 <  7
2  > 30
3 <  13
3  > 7
0 <  16
0  > 16
1 <  22
1  > 20
2 <  37
2 <  28
2  > 9
3 <  17
3  > 4
0 <  33
0  > 2
1 <  14
1  > 14
2 <  0
2  > 12
3 <  12 (4)
3 has [1,10,10,16,17,28,29,29], [[14,15,16],[12,13,14]]
3  > 1
0 <  34
0 <  33
0  > 2
1 <  12
1  > 12
2 <  4
2  > 33
0 <  33 (8)
0 has [0,3,5,24,26,31,31,32], [[18,19,20],[33,33,33]]
0  > 0
1 <  29
1  > 29
3 <  29 (8)
3 has [10,10,16,17,28], [[14,15,16],[12,13,14],[29,29,29]]
3  > 28
0 <  23
0  > 32
1 <  32
1  > 27
2 <  2
2  > 28
3 <  28
3  > 28
0 <  24
0  > 5
2 <  5 (16)
2 has [0,0,2,2,3,3,4,4,7,8], [[5,5,5,5]]
2 <  3
2  > 3
3 <  32
3  > 32
1 <  32 (8)
1 has [4,6,22,24,24], [[6,7,8],[6,7,8],[32,32,32]]
1  > 4
2 <  26
2  > 26
3 <  25
3  > 25
0 <  25 (6)
0 has [3,24,26,31,31], [[18,19,20],[33,33,33],[23,24,25]]
0  > 3
1 <  21
1  > 6
2 <  6 (32)
2 has [0,0,2,2,3,3,4,4], [[5,5,5,5],[6,7,8]!]
Player 2 wins hand 10! (hand took 279ms)
0: -216, hand: 24,26,31,31, [[18,19,20],[33,33,33],[23,24,25]], (34)
1: -372, hand: 21,22,24,24, [[6,7,8],[6,7,8],[32,32,32]], (41,35,40)
2: 832, hand: 0,0,2,2,3,3,4,4, [[5,5,5,5],[6,7,8]!], (38,37)
3: -244, hand: 10,10,16,17, [[14,15,16],[12,13,14],[29,29,29]], (36)

Starting hand 11.
this.hand=11; this.draws=0; config.PRNG.seed(1007987208); this.wind=2; this.windOfTheRound=1;
wall: 24,14,9,31,22,26,16,12,6,4,15,28,24,23,1,36,12,32,10,21,7,21,11,9,31,12,33,7,0,16,9,38,11,26,33,20,1,18,3,29,13,2,32,4,14,28,39,26,41,8,11,37,7,24,27,5,11,2,22,28,6,4,32,20,10,2,5,18,19,23,3,31,33,34,7,17,32,27,40,24,25,28,23,17,18,12,21,30,29,30,22,30,9,6,19,0,14,33,4,27,16,13,25,19,1,22,20,10,15,29,3,25,3,16,14,1,35,13,8,0,2,5,29,25,26,15,13,21,8,19,0,30,20,18,10,17,27,6,15,5,8,23,17,31
initial deal
tiles for 0: 4,6,9,12,14,15,16,22,24,24,26,28,31
tiles for 1: 1,7,9,10,11,12,12,21,21,23,31,32,33
tiles for 2: 0,1,3,7,9,11,13,16,18,20,26,29,33
tiles for 3: 2,4,5,7,8,11,11,14,24,26,27,28,32
prepare play
tiles for 0: 4,6,9,12,14,15,16,22,24,24,26,28,31 []
tiles for 1: 1,7,9,10,11,12,12,21,21,23,31,32,33 []
tiles for 2: 0,1,3,7,9,11,13,16,18,20,26,29,33 []
tiles for 3: 2,4,5,7,8,11,11,14,24,26,27,28,32 []
2 <  2
2  > 29
3 <  22
3  > 27
0 <  28
0  > 4
1 <  6
1  > 23
2 <  4
2  > 20
3 <  32
3  > 24
0 <  20
0  > 6
1 <  10
1  > 21
2 <  2
2  > 18
3 <  5
3  > 26
0 <  18
0  > 14
1 <  19
1  > 19
2 <  23
2  > 23
3 <  3
3  > 22
0 <  31
0  > 9
1 <  33
1  > 21
2 <  34
2 <  7
2  > 26
3 <  17
3  > 17
0 <  32
0  > 16
1 <  27
1  > 27
2 <  40
2 <  24
2  > 24
0 <  24 (8)
0 has [12,15,18,20,22,26,28,28,31,31,32], [[24,24,24]]
0  > 15
1 <  25
1  > 25
2 <  28
2  > 13
3 <  23
3  > 23
0 <  17
0  > 12
1 <  18
1  > 18
2 <  12
2  > 16
3 <  21
3  > 21
0 <  30
0  > 30
1 <  29
1  > 29
2 <  30
2  > 30
3 <  22
3  > 22
0 <  30
0  > 30
1 <  9
1  > 1
2 <  6
2  > 9
3 <  19
3  > 19
0 <  0
0  > 17
1 <  14
1  > 12
2 <  33
2  > 12
3 <  4
3  > 14
0 <  27
0  > 27
1 <  16
1  > 10
2 <  13
2  > 11
3 <  25
3  > 25
0 <  19
0  > 0
1 <  1
1  > 1
2 <  22
2  > 22
3 <  20
3  > 20
0 <  10
0  > 10
1 <  15
1  > 14
2 <  29
2  > 29
3 <  3
3  > 2
0 <  25
0  > 26
1 <  3
1  > 3
3 <  3 (8)
3 has [4,4,5,5,7,8,11,11,28,32,32], [[3,3,3]]
3  > 28
0 <  28 (8)
0 has [18,19,20,22,25,31,31,32], [[24,24,24],[28,28,28]]
0  > 25
1 <  16
1  > 31
0 <  31 (8)
0 has [18,19,20,22,32], [[24,24,24],[28,28,28],[31,31,31]]
0  > 32
3 <  32 (8)
3 has [4,4,5,5,7,8,11,11], [[3,3,3],[32,32,32]]
3  > 7
2 <  7 (8)
2 has [0,1,2,2,3,4,6,13,28,33,33], [[7,7,7]]
2  > 28
3 <  14
3  > 14
0 <  1
0  > 22
1 <  35
1 <  13
1  > 32
2 <  8
2  > 13
3 <  0
3  > 0
0 <  2
0  > 2
1 <  5
1  > 16
2 <  29
2  > 29
3 <  25
3  > 25
0 <  26
0  > 26
1 <  15
1  > 9
2 <  13
2  > 13
3 <  21
3  > 21
Hand was a draw.

Restarting hand 11.
this.hand=11; this.draws=1; config.PRNG.seed(1394499267); this.wind=2; this.windOfTheRound=1;
wall: 22,21,33,8,7,17,15,9,2,5,35,18,10,9,24,16,24,4,31,2,22,39,0,23,12,17,1,16,32,38,16,21,10,10,2,32,30,33,27,6,25,28,26,24,30,32,23,11,2,8,26,16,31,9,13,29,41,15,7,20,20,20,12,13,0,15,1,27,13,17,23,10,25,3,29,0,18,11,29,19,26,19,4,14,3,31,7,13,19,14,6,34,12,4,5,28,30,21,28,36,11,14,1,18,6,25,22,31,30,18,33,25,11,7,29,15,8,3,14,19,5,6,4,40,33,37,24,3,28,32,23,17,12,20,8,0,21,27,9,5,1,27,26,22
initial deal
tiles for 0: 2,5,7,8,9,9,10,15,17,18,21,22,33
tiles for 1: 0,1,2,4,12,16,16,17,22,23,24,24,31
tiles for 2: 2,6,10,10,16,21,25,27,28,30,32,32,33
tiles for 3: 2,8,9,11,13,16,23,24,26,26,30,31,32
prepare play
tiles for 0: 2,5,7,8,9,9,10,15,17,18,21,22,33 []
tiles for 1: 0,1,2,4,12,16,16,17,22,23,24,24,31 []
tiles for 2: 2,6,10,10,16,21,25,27,28,30,32,32,33 []
tiles for 3: 2,8,9,11,13,16,23,24,26,26,30,31,32 []
2 <  29
2  > 29
3 <  41
3 <  15
3  > 8
0 <  7
0  > 7
1 <  20
1  > 12
2 <  20
2  > 30
3 <  20
3  > 2
0 <  12
0  > 2
1 <  13
1  > 13
2 <  0
2  > 21
3 <  15
3  > 20
0 <  20 (4)
0 has [5,7,8,9,9,10,12,15,17,18,33], [[20,21,22]]
0  > 5
1 <  1
1  > 16
2 <  27
2  > 25
3 <  13
3  > 23
0 <  17
0  > 7
1 <  23
1  > 16
2 <  10
2  > 20
3 <  25
3  > 24
0 <  3
0  > 3
1 <  3 (6)
1 has [0,1,4,17,20,22,23,23,24,24,31], [[1,2,3]]
1  > 17
2 <  29
2  > 29
3 <  0
3  > 0
0 <  18
0  > 8
1 <  11
1  > 11
2 <  29
2  > 29
3 <  19
3  > 19
0 <  26
0  > 26
1 <  19
1  > 4
2 <  4
2  > 10
3 <  10 (5)
3 has [13,13,15,15,16,25,26,26,30,31,32], [[9,10,11]]
3  > 26
0 <  14
0  > 12
1 <  3
1  > 24
2 <  31
2  > 16
3 <  7
3  > 7
0 <  13
0  > 15
1 <  19
1  > 24
2 <  14
2  > 14
3 <  14 (5)
3 has [13,15,16,25,26,30,31,32], [[9,10,11],[13,14,15]]
3  > 25
0 <  6
0  > 6
1 <  34
1 <  12
1  > 12
2 <  4
2  > 10
3 <  5
3  > 26
0 <  28
0  > 13
1 <  30
1  > 30
2 <  21
2  > 21
3 <  28
3  > 5
0 <  36
0 <  11
0  > 14
1 <  14
1  > 14
2 <  1
2  > 10
3 <  18
3  > 18
0 <  18 (8)
0 has [9,9,10,11,17,17,28,33], [[20,21,22],[18,18,18]]
0  > 33
1 <  6
1  > 6
2 <  25
2  > 25
3 <  22
3  > 22
0 <  31
0  > 31
1 <  30
1  > 30
2 <  18
2  > 18
3 <  33
3  > 30
0 <  25
0  > 25
1 <  11
1  > 11
2 <  7
2  > 31
3 <  29
3  > 29
0 <  15
0  > 28
1 <  8
1  > 8
2 <  8 (6)
2 has [0,1,2,4,4,27,27,28,32,32,33], [[6,7,8]]
2  > 33
3 <  3
3  > 3
0 <  14
0  > 15
1 <  19
1  > 31
2 <  5
2  > 28
3 <  6
3  > 31
0 <  4
0  > 4
2 <  4 (8)
2 has [0,1,2,5,27,27,32,32], [[6,7,8],[4,4,4]]
2  > 5
3 <  40
3 <  33
3  > 6
0 <  37
0 <  24
0  > 24
1 <  24 (6)
1 has [0,1,3,19,19,19,20,23], [[1,2,3],[22,23,24]]
1  > 23
2 <  3
2  > 3
Hand was a draw.

Restarting hand 11.
this.hand=11; this.draws=2; config.PRNG.seed(1385079262); this.wind=2; this.windOfTheRound=1;
wall: 20,8,4,1,1,31,13,7,3,9,1,11,18,17,2,24,22,13,21,3,28,25,19,2,3,25,6,5,28,15,16,16,14,29,10,4,9,32,19,32,21,12,24,36,6,21,32,12,12,1,7,13,22,7,27,6,23,33,31,17,14,11,40,7,22,8,33,12,30,2,15,29,0,24,18,5,0,33,9,0,20,34,39,17,16,3,35,4,33,31,19,16,10,8,30,37,18,29,0,23,32,23,11,15,14,30,23,17,20,10,2,15,26,4,30,9,27,14,18,13,24,8,10,26,5,27,19,28,38,28,22,31,26,41,11,25,6,5,21,29,25,27,20,26
initial deal
tiles for 0: 1,1,1,3,4,7,8,9,11,13,18,20,31
tiles for 1: 2,2,3,3,13,17,19,21,22,24,25,25,28
tiles for 2: 4,5,6,9,10,14,15,16,16,19,28,29,32
tiles for 3: 1,6,7,12,12,12,13,21,21,22,24,32,32
prepare play
tiles for 0: 1,1,1,3,4,7,8,9,11,13,18,20,31 []
tiles for 1: 2,2,3,3,13,17,19,21,22,24,25,25,28 []
tiles for 2: 4,5,6,9,10,14,15,16,16,19,28,29,32 []
tiles for 3: 1,6,7,12,12,12,13,21,21,22,24,32,32 []
2 <  7
2  > 29
3 <  27
3  > 27
0 <  6
0  > 11
1 <  23
1  > 17
2 <  33
2  > 19
3 <  31
3  > 6
0 <  17
0  > 9
1 <  14
1  > 13
2 <  11
2  > 15
3 <  40
3 <  7
3  > 1
0 <  22
0  > 17
1 <  8
1  > 14
2 <  33
2  > 11
3 <  11 (4)
3 has [7,7,12,12,21,21,22,24,31,32,32], [[11,12,13]]
3  > 7
0 <  12
0  > 13
1 <  30
1  > 30
2 <  2
2  > 14
3 <  15
3  > 7
0 <  29
0  > 12
1 <  0
1  > 8
2 <  8 (6)
2 has [2,4,5,9,10,16,16,28,32,33,33], [[6,7,8]]
2  > 9
3 <  24
3  > 22
0 <  18
0  > 1
1 <  1 (5)
1 has [2,3,3,19,21,22,23,24,25,25,28], [[0,1,2]]
1  > 22
2 <  5
2  > 10
3 <  0
3  > 0
0 <  33
0  > 4
1 <  4 (6)
1 has [3,19,21,23,24,25,25,28], [[0,1,2],[2,3,4]]
1  > 3
2 <  3 (5)
2 has [5,5,16,16,28,32,33,33], [[6,7,8],[2,3,4]]
2  > 16
3 <  9
3  > 24
0 <  0
0  > 3
1 <  20
1  > 28
2 <  34
2 <  39
2 <  17
2  > 28
3 <  16
3  > 9
0 <  3
0  > 29
1 <  35
1 <  4
1  > 4
2 <  33
2  > 32
3 <  32 (8)
3 has [12,12,15,16,21,21,24,31], [[11,12,13],[32,32,32]]
3  > 24
0 <  31
0  > 33
2 <  33 (16)
2 has [5,5,16,17], [[6,7,8],[2,3,4],[33,33,33,33]]
2 <  19
2  > 19
3 <  16
3  > 31
0 <  31 (8)
0 has [0,1,1,3,6,7,8,18,18,20,22], [[31,31,31]]
0  > 1
1 <  10
1  > 10
2 <  8
2  > 8
3 <  30
3  > 30
0 <  37
0 <  18
0  > 3
1 <  29
1  > 29
2 <  0
2  > 0
3 <  23
3  > 12
0 <  32
0  > 32
1 <  23
1  > 23
2 <  11
2  > 11
3 <  15
3  > 12
0 <  14
0  > 14
1 <  30
1  > 30
2 <  23
2  > 23
3 <  17
3  > 23
0 <  20
0  > 22
1 <  22 (32)
1 has [19,20,21,25,25], [[0,1,2],[2,3,4],[22,23,24]!]
Player 1 wins hand 11! (hand took 238ms)
0: -36, hand: 0,1,6,7,8,18,18,18,20,20, [[31,31,31]], (37)
1: 112, hand: 19,20,21,25,25, [[0,1,2],[2,3,4],[22,23,24]!], (35)
2: 8, hand: 5,5,16,17, [[6,7,8],[2,3,4],[33,33,33,33]], (34,39)
3: -84, hand: 15,15,16,16,17,21,21, [[11,12,13],[32,32,32]], (36,40)

Starting hand 12.
this.hand=12; this.draws=0; config.PRNG.seed(354201086); this.wind=3; this.windOfTheRound=1;
wall: 15,25,0,16,10,16,23,36,27,15,13,9,2,16,30,4,33,30,25,19,9,11,6,26,10,5,28,19,38,6,8,23,20,10,28,17,11,15,33,32,12,27,6,24,32,26,14,2,19,17,1,40,18,15,14,29,24,4,0,13,5,32,27,0,7,6,33,29,20,1,3,1,8,12,20,17,3,22,29,31,10,22,4,11,41,4,32,24,18,8,26,2,7,13,27,16,30,21,9,35,28,12,23,28,19,18,33,25,21,2,30,14,7,31,21,25,39,22,9,20,5,17,34,7,14,5,37,31,3,23,12,0,1,21,3,18,8,22,26,31,24,29,11,13
initial deal
tiles for 0: 0,2,9,10,13,15,15,16,16,16,23,25,27
tiles for 1: 4,5,6,9,10,11,19,25,26,28,30,30,33
tiles for 2: 6,8,10,11,12,15,17,19,20,23,28,32,33
tiles for 3: 1,2,6,14,14,15,17,18,19,24,26,27,32
prepare play
tiles for 0: 0,2,9,10,13,15,15,16,16,16,23,25,27 []
tiles for 1: 4,5,6,9,10,11,19,25,26,28,30,30,33 []
tiles for 2: 6,8,10,11,12,15,17,19,20,23,28,32,33 []
tiles for 3: 1,2,6,14,14,15,17,18,19,24,26,27,32 []
3 <  29
3  > 29
0 <  24
0  > 27
1 <  4
1  > 9
2 <  0
2  > 0
3 <  13
3  > 1
0 <  5
0  > 5
1 <  32
1  > 10
2 <  27
2  > 27
3 <  0
3  > 2
0 <  7
0  > 7
1 <  7 (6)
1 has [4,4,11,19,25,26,28,30,30,32,33], [[5,6,7]]
1  > 11
2 <  6
2  > 20
3 <  33
3  > 0
0 <  29
0  > 29
1 <  20
1  > 19
2 <  1
2  > 19
3 <  3
3  > 6
0 <  1
0  > 0
1 <  8
1  > 26
2 <  12
2  > 23
3 <  20
3  > 3
0 <  17
0  > 2
1 <  3
1  > 25
2 <  22
2  > 22
3 <  29
3  > 29
0 <  31
0  > 1
1 <  10
1  > 10
2 <  22
2  > 22
3 <  4
3  > 4
0 <  11
0  > 10
1 <  41
1 <  4
1  > 4
2 <  32
2  > 1
3 <  24
3  > 26
0 <  26 (6)
0 has [9,11,13,15,15,16,16,16,17,23,31], [[24,25,26]]
0  > 23
1 <  18
1  > 20
2 <  8
2  > 12
3 <  26
3  > 24
0 <  2
0  > 2
1 <  2 (4)
1 has [4,8,18,28,30,30,32,33], [[5,6,7],[2,3,4]]
1  > 18
2 <  7
2  > 11
3 <  13
3  > 20
0 <  27
0  > 27
1 <  16
1  > 16
2 <  30
2  > 30
3 <  21
3  > 27
0 <  9
0  > 16
1 <  35
1 <  28
1  > 8
2 <  8 (8)
2 has [6,6,7,10,12,15,17,28,32,32,33], [[8,8,8]]
2  > 12
3 <  12 (4)
3 has [13,14,15,17,18,19,21,24,26,32,33], [[12,13,14]]
3  > 18
0 <  12
0  > 9
1 <  23
1  > 4
2 <  28
2  > 17
3 <  19
3  > 19
0 <  18
0  > 18
1 <  33
1  > 23
2 <  25
2  > 25
3 <  21
3  > 24
0 <  2
0  > 2
1 <  30
1  > 30
2 <  14
2  > 10
3 <  7
3  > 7
0 <  31
0  > 9
1 <  21
1  > 21
3 <  21 (8)
3 has [13,14,15,17,19,26,32,33], [[12,13,14],[21,21,21]]
3  > 26
0 <  25
0  > 25
1 <  39
1 <  22
1  > 22
2 <  9
2  > 9
3 <  20
3  > 32
2 <  32 (8)
2 has [6,6,7,14,15,28,28,33], [[8,8,8],[32,32,32]]
2  > 33
1 <  33 (8)
1 has [28,28,30,30,32], [[5,6,7],[2,3,4],[33,33,33]]
1  > 32
2 <  5
2  > 6
3 <  17
3  > 33
0 <  34
0 <  7
0  > 7
1 <  14
1  > 14
0 <  14 (32)
0 has [11,12,13,15,16,17,31,31], [[24,25,26],[14,15,16]!]
Player 0 wins hand 12! (hand took 268ms)
0: 160, hand: 11,12,13,15,16,17,31,31, [[24,25,26],[14,15,16]!], (36,34)
1: -2, hand: 28,28,30,30, [[5,6,7],[2,3,4],[33,33,33]], (41,35,39)
2: -26, hand: 5,6,7,14,15,28,28, [[8,8,8],[32,32,32]], (38)
3: -132, hand: 13,14,15,17,17,19,20, [[12,13,14],[21,21,21]], (40)

Starting hand 13.
this.hand=13; this.draws=0; config.PRNG.seed(2089495059); this.wind=0; this.windOfTheRound=2;
wall: 23,23,6,0,24,35,18,23,18,7,4,41,27,17,7,2,23,7,12,3,17,21,19,32,13,0,19,32,28,5,26,28,1,22,20,27,0,37,15,13,15,3,3,21,6,4,9,10,12,5,15,33,12,2,16,10,32,24,39,25,7,26,2,31,9,8,14,6,19,2,14,33,21,24,20,21,20,31,28,26,19,29,20,27,8,11,36,30,11,40,5,4,17,31,0,16,34,30,17,33,13,28,14,8,13,25,25,22,11,30,27,1,22,22,30,9,33,5,10,1,4,1,16,12,29,8,31,32,11,3,38,18,29,26,9,10,14,15,24,29,18,6,16,25
initial deal
tiles for 0: 0,4,6,7,7,17,18,18,23,23,23,24,27
tiles for 1: 0,2,3,7,12,13,17,19,19,21,23,32,32
tiles for 2: 0,1,3,5,13,15,15,20,22,26,27,28,28
tiles for 3: 2,3,4,5,6,9,10,12,12,15,16,21,33
prepare play
tiles for 0: 0,4,6,7,7,17,18,18,23,23,23,24,27 []
tiles for 1: 0,2,3,7,12,13,17,19,19,21,23,32,32 []
tiles for 2: 0,1,3,5,13,15,15,20,22,26,27,28,28 []
tiles for 3: 2,3,4,5,6,9,10,12,12,15,16,21,33 []
0 <  10
0  > 17
1 <  32
1  > 13
2 <  24
2  > 27
3 <  39
3 <  25
3  > 21
0 <  7
0  > 10
1 <  26
1  > 12
2 <  2
2  > 15
3 <  31
3  > 25
0 <  25 (6)
0 has [0,4,6,7,7,7,18,18,23,23,27], [[23,24,25]]
0  > 6
1 <  9
1  > 9
2 <  8
2  > 13
3 <  14
3  > 2
0 <  6
0  > 7
1 <  19
1  > 17
2 <  2
2  > 15
3 <  14
3  > 6
0 <  33
0  > 4
1 <  4 (6)
1 has [0,7,19,19,19,21,23,26,32,32,32], [[2,3,4]]
1  > 0
2 <  21
2  > 8
3 <  24
3  > 24
0 <  20
0  > 0
1 <  21
1  > 7
2 <  20
2  > 21
3 <  31
3  > 5
0 <  28
0  > 28
1 <  26
1  > 32
2 <  19
2  > 20
3 <  29
3  > 3
0 <  20
0  > 6
1 <  27
1  > 27
2 <  8
2  > 19
3 <  11
3  > 4
0 <  36
0 <  30
0  > 30
1 <  11
1  > 11
2 <  40
2 <  5
2  > 24
3 <  4
3  > 4
0 <  17
0  > 17
1 <  31
1  > 26
2 <  0
2  > 22
3 <  16
3  > 29
0 <  34
0 <  30
0  > 30
1 <  17
1  > 17
2 <  33
2  > 20
3 <  13
3  > 33
0 <  28
0  > 28
1 <  14
1  > 14
2 <  8
2  > 26
3 <  13
3  > 13
0 <  25
0  > 7
1 <  25
1  > 19
2 <  22
2  > 22
3 <  11
3  > 12
0 <  30
0  > 30
1 <  27
1  > 27
2 <  1
2  > 33
3 <  22
3  > 22
0 <  22
0  > 7
1 <  30
1  > 30
2 <  9
2  > 9
3 <  33
3  > 33
0 <  5
0  > 5
2 <  5 (8)
2 has [0,0,1,1,2,2,3,8,8,28,28], [[5,5,5]]
2  > 2
3 <  10
3  > 10
0 <  1
0  > 33
1 <  4
1  > 4
2 <  4 (6)
2 has [0,0,1,1,8,8,28,28], [[5,5,5],[2,3,4]]
2  > 0
3 <  1
3  > 1
2 <  1 (8)
2 has [0,8,8,28,28], [[5,5,5],[2,3,4],[1,1,1]]
2  > 0
3 <  16
3  > 16
0 <  12
0  > 27
1 <  29
1  > 31
2 <  8
Player 2 wins hand 13! (hand took 269ms)
0: -80, hand: 1,12,18,18,20,20,22,23,23,25, [[23,24,25]], (35,41,36,34)
1: -96, hand: 19,19,21,21,23,25,26,29,32,32, [[2,3,4]], ()
2: 256, hand: 8,8,8,28,28, [[5,5,5],[2,3,4],[1,1,1]], (37,40)
3: -80, hand: 9,10,11,11,12,13,14,14,15,16,16,31,31, [], (39)

Starting hand 14.
this.hand=14; this.draws=0; config.PRNG.seed(1866558980); this.wind=1; this.windOfTheRound=2;
wall: 20,28,1,26,33,4,22,0,21,32,18,26,21,14,39,15,9,19,40,31,24,29,4,9,6,21,33,32,24,8,18,2,17,3,32,7,38,13,30,13,6,3,10,31,10,7,18,3,17,23,13,0,18,24,8,21,25,27,19,28,1,17,5,30,29,2,33,7,3,23,14,41,11,23,24,4,20,16,33,19,22,29,5,14,0,36,27,29,15,12,19,20,9,10,2,32,11,25,35,30,6,7,16,12,17,14,11,4,12,8,30,26,9,5,28,28,34,31,0,26,37,1,11,27,23,27,22,2,8,25,25,10,16,6,15,1,12,22,13,15,20,5,31,16
initial deal
tiles for 0: 0,1,4,18,20,21,21,22,26,26,28,32,33
tiles for 1: 4,6,9,9,14,15,19,21,24,29,31,32,33
tiles for 2: 2,3,3,6,7,8,13,13,17,18,24,30,32
tiles for 3: 0,3,7,8,10,10,13,17,18,18,23,24,31
prepare play
tiles for 0: 0,1,4,18,20,21,21,22,26,26,28,32,33 []
tiles for 1: 4,6,9,9,14,15,19,21,24,29,31,32,33 []
tiles for 2: 2,3,3,6,7,8,13,13,17,18,24,30,32 []
tiles for 3: 0,3,7,8,10,10,13,17,18,18,23,24,31 []
1 <  21
1  > 9
2 <  25
2  > 24
3 <  27
3  > 27
0 <  19
0  > 0
1 <  28
1  > 28
2 <  1
2  > 25
3 <  17
3  > 3
0 <  5
0  > 4
1 <  30
1  > 30
2 <  29
2  > 18
3 <  2
3  > 18
0 <  33
0  > 5
1 <  5 (5)
1 has [9,14,15,19,21,21,24,29,31,32,33], [[4,5,6]]
1  > 15
2 <  7
2  > 17
3 <  17 (8)
3 has [0,2,7,8,10,10,13,18,23,24,31], [[17,17,17]]
3  > 18
0 <  3
0  > 1
1 <  23
1  > 14
2 <  14
2  > 13
3 <  41
3 <  11
3  > 24
0 <  23
0  > 3
1 <  24
1  > 9
2 <  4
2  > 14
3 <  20
3  > 20
0 <  16
0  > 16
1 <  33
1  > 24
2 <  19
2  > 13
3 <  22
3  > 22
0 <  22 (5)
0 has [18,19,20,21,22,26,26,28,32,33,33], [[21,22,23]]
0  > 28
1 <  29
1  > 23
2 <  5
2  > 19
3 <  14
3  > 23
0 <  23 (6)
0 has [18,19,20,26,26,32,33,33], [[21,22,23],[21,22,23]]
0  > 32
1 <  0
1  > 0
2 <  36
2 <  27
2  > 27
3 <  29
3  > 8
0 <  15
0  > 15
1 <  12
1  > 12
2 <  19
2  > 19
3 <  20
3  > 20
0 <  9
0  > 9
1 <  10
1  > 10
3 <  10 (8)
3 has [0,2,7,11,13,14,29,31], [[17,17,17],[10,10,10]]
3  > 2
0 <  2
0  > 2
1 <  32
1  > 24
2 <  11
2  > 11
3 <  25
3  > 25
0 <  35
0 <  30
0  > 30
1 <  6
1  > 6
2 <  6 (4)
2 has [1,2,3,3,4,5,6,7,29,30,32], [[6,7,8]]
2  > 32
1 <  32 (8)
1 has [19,21,21,29,29,31,33,33], [[4,5,6],[32,32,32]]
1  > 19
2 <  7
2  > 29
1 <  29 (8)
1 has [21,21,31,33,33], [[4,5,6],[32,32,32],[29,29,29]]
1  > 21
2 <  16
2  > 16
3 <  12
3  > 29
0 <  17
0  > 17
1 <  14
1  > 14
2 <  11
2  > 11
3 <  4
3  > 7
0 <  12
0  > 12
1 <  8
1  > 8
2 <  8 (6)
2 has [1,2,3,3,4,5,7,30], [[6,7,8],[6,7,8]]
2  > 30
3 <  30
3  > 30
0 <  26
0  > 26
1 <  9
1  > 9
2 <  5
2  > 7
3 <  28
3  > 28
0 <  28
0  > 28
1 <  34
1 <  31
1  > 21
2 <  0
2  > 0
3 <  26
3  > 26
0 <  26 (32)
0 has [18,19,20,33,33], [[21,22,23],[21,22,23],[26,26,26]!]
Player 0 wins hand 14! (hand took 256ms)
0: 160, hand: 18,19,20,33,33, [[21,22,23],[21,22,23],[26,26,26]!], (35)
1: 268, hand: 31,31,33,33, [[4,5,6],[32,32,32],[29,29,29]], (39,40,34)
2: -218, hand: 1,2,3,3,4,5,5, [[6,7,8],[6,7,8]], (38,36)
3: -210, hand: 0,4,11,12,13,14,31, [[17,17,17],[10,10,10]], (41)

Starting hand 15.
this.hand=15; this.draws=0; config.PRNG.seed(1905862339); this.wind=2; this.windOfTheRound=2;
wall: 39,14,1,29,0,0,9,22,27,28,26,10,24,29,14,30,35,25,34,18,7,31,23,17,16,9,11,1,8,27,4,30,22,14,6,33,2,41,21,7,16,26,33,5,9,22,33,23,15,17,30,8,15,25,12,0,12,26,2,36,10,5,32,2,20,1,5,10,3,38,17,0,40,28,15,11,3,19,24,37,12,30,32,19,21,21,16,9,32,4,1,6,20,24,2,19,26,16,25,22,17,14,11,20,6,13,27,15,7,13,8,23,20,23,18,18,21,29,31,12,6,3,24,4,13,33,28,31,25,32,3,27,13,5,11,29,4,18,7,10,8,31,28,19
initial deal
tiles for 0: 0,0,1,9,10,14,22,24,26,27,28,29,29
tiles for 1: 1,7,8,9,11,14,16,17,18,23,25,30,31
tiles for 2: 2,4,6,7,14,16,21,22,26,27,30,33,33
tiles for 3: 0,5,8,9,12,15,15,17,22,23,25,30,33
prepare play
tiles for 0: 0,0,1,9,10,14,22,24,26,27,28,29,29 []
tiles for 1: 1,7,8,9,11,14,16,17,18,23,25,30,31 []
tiles for 2: 2,4,6,7,14,16,21,22,26,27,30,33,33 []
tiles for 3: 0,5,8,9,12,15,15,17,22,23,25,30,33 []
2 <  12
2  > 30
3 <  26
3  > 8
0 <  2
0  > 27
1 <  36
1 <  10
1  > 30
2 <  5
2  > 26
3 <  32
3  > 5
0 <  2
0  > 28
1 <  20
1  > 1
2 <  1
2  > 22
3 <  5
3  > 0
0 <  10
0  > 9
1 <  3
1  > 18
2 <  38
2 <  17
2  > 21
3 <  0
3  > 0
0 <  40
0 <  28
0  > 28
1 <  15
1  > 20
2 <  11
2  > 11
3 <  3
3  > 5
0 <  19
0  > 10
1 <  24
1  > 23
2 <  37
2 <  12
2  > 16
3 <  16 (5)
3 has [3,9,12,15,22,23,25,26,30,32,33], [[15,16,17]]
3  > 3
0 <  30
0  > 30
1 <  32
1  > 24
2 <  19
2  > 19
3 <  21
3  > 30
0 <  21
0  > 10
1 <  16
1  > 25
2 <  9
2  > 17
3 <  32
3  > 23
0 <  23 (6)
0 has [0,0,1,2,2,14,19,24,26,29,29], [[21,22,23]]
0  > 14
1 <  4
1  > 17
2 <  1
2  > 14
3 <  6
3  > 6
0 <  20
0  > 0
1 <  24
1  > 24
2 <  2
2  > 12
3 <  19
3  > 19
0 <  26
0  > 2
1 <  2 (4)
1 has [7,8,9,10,11,14,15,16,16,31,32], [[2,3,4]]
1  > 15
2 <  16
2  > 16
3 <  25
3  > 26
0 <  22
0  > 0
1 <  17
1  > 10
2 <  14
2  > 14
3 <  11
3  > 22
0 <  20
0  > 2
1 <  6
1  > 16
2 <  13
2  > 12
3 <  27
3  > 27
0 <  15
0  > 1
1 <  7
1  > 14
2 <  13
2  > 9
3 <  8
3  > 8
0 <  23
0  > 15
1 <  20
1  > 20
0 <  20 (8)
0 has [19,22,23,24,26,26,29,29], [[21,22,23],[20,20,20]]
0  > 19
1 <  23
1  > 23
2 <  18
2  > 18
3 <  18
3  > 21
0 <  21
0  > 21
1 <  29
1  > 29
0 <  29 (32)
0 has [22,23,24,26,26], [[21,22,23],[20,20,20],[29,29,29]!]
Player 0 wins hand 15! (hand took 240ms)
0: 768, hand: 22,23,24,26,26, [[21,22,23],[20,20,20],[29,29,29]!], (39,40)
1: -184, hand: 6,7,7,8,9,11,16,17,31,32, [[2,3,4]], (35,34,36)
2: -358, hand: 1,1,2,2,4,5,6,7,13,13,27,33,33, [], (41,38,37)
3: -226, hand: 9,11,12,15,18,25,25,32,32,33, [[15,16,17]], ()

Starting hand 16.
this.hand=16; this.draws=0; config.PRNG.seed(577736341); this.wind=3; this.windOfTheRound=2;
wall: 15,26,12,2,16,21,31,14,36,29,1,3,16,26,25,8,27,32,22,6,9,33,18,41,28,29,2,19,6,19,7,12,33,0,33,14,18,29,27,20,19,26,3,13,32,7,24,8,12,30,14,26,2,4,21,2,0,30,21,40,23,18,35,10,27,5,10,31,25,17,16,3,21,31,23,33,24,1,17,24,9,10,25,22,39,5,6,28,38,11,11,15,5,11,29,14,6,4,7,27,18,1,9,17,13,1,32,16,20,8,13,20,32,0,30,8,30,23,7,11,23,12,22,0,34,13,37,28,20,31,10,4,24,3,25,17,4,15,15,9,19,22,5,28
initial deal
tiles for 0: 1,2,3,12,14,15,16,16,21,26,26,29,31
tiles for 1: 2,6,8,9,18,19,22,25,27,28,29,32,33
tiles for 2: 0,6,7,12,14,18,19,19,20,27,29,33,33
tiles for 3: 2,3,4,7,8,12,13,14,24,26,26,30,32
prepare play
tiles for 0: 1,2,3,12,14,15,16,16,21,26,26,29,31 []
tiles for 1: 2,6,8,9,18,19,22,25,27,28,29,32,33 []
tiles for 2: 0,6,7,12,14,18,19,19,20,27,29,33,33 []
tiles for 3: 2,3,4,7,8,12,13,14,24,26,26,30,32 []
3 <  21
3  > 30
0 <  2
0  > 21
1 <  0
1  > 28
2 <  30
2  > 30
3 <  21
3  > 8
0 <  40
0 <  23
0  > 1
1 <  1 (5)
1 has [6,8,9,18,19,22,25,27,29,32,33], [[0,1,2]]
1  > 27
2 <  18
2  > 27
3 <  35
3 <  10
3  > 4
0 <  27
0  > 27
1 <  5
1  > 9
2 <  10
2  > 0
3 <  31
3  > 2
0 <  25
0  > 3
1 <  17
1  > 17
2 <  16
2  > 10
3 <  3
3  > 7
0 <  21
0  > 2
1 <  31
1  > 25
2 <  23
2  > 16
3 <  33
3  > 3
0 <  24
0  > 2
1 <  1
1  > 22
2 <  17
2  > 14
3 <  24
3  > 3
0 <  9
0  > 16
1 <  10
1  > 10
2 <  25
2  > 12
3 <  12 (4)
3 has [10,12,21,21,24,24,26,26,31,32,33], [[12,13,14]]
3  > 26
0 <  22
0  > 16
1 <  39
1 <  5
1  > 18
2 <  6
2  > 17
3 <  28
3  > 28
0 <  38
0 <  11
0  > 9
1 <  11
1  > 11
2 <  15
2  > 15
3 <  5
3  > 5
0 <  11
0  > 15
1 <  29
1  > 19
2 <  14
2  > 14
3 <  6
3  > 6
0 <  4
0  > 4
1 <  4 (4)
1 has [1,5,8,29,29,31,32,33], [[0,1,2],[4,5,6]]
1  > 1
2 <  7
2  > 19
3 <  27
3  > 27
0 <  18
0  > 14
1 <  1
1  > 1
2 <  9
2  > 9
3 <  17
3  > 17
0 <  13
0  > 13
1 <  1
1  > 1
2 <  32
2  > 25
3 <  16
3  > 16
0 <  20
0  > 11
1 <  8
1  > 5
2 <  5 (4)
2 has [6,7,18,18,19,20,23,29,32,33,33], [[5,6,7]]
2  > 20
3 <  13
3  > 26
0 <  20
0  > 12
1 <  32
1  > 31
2 <  0
2  > 0
3 <  30
3  > 30
0 <  8
0  > 11
1 <  30
1  > 30
2 <  23
2  > 32
1 <  32 (8)
1 has [8,8,29,29,33], [[0,1,2],[4,5,6],[32,32,32]]
1  > 33
2 <  33 (8)
2 has [6,7,18,18,19,23,23,29], [[5,6,7],[33,33,33]]
2  > 29
1 <  29 (32)
1 has [8,8], [[0,1,2],[4,5,6],[32,32,32],[29,29,29]!]
Player 1 wins hand 16! (hand took 232ms)
0: -404, hand: 8,18,20,20,21,22,23,24,25,26,26,29,31, [], (36,40,38)
1: 1664, hand: 8,8, [[0,1,2],[4,5,6],[32,32,32],[29,29,29]!], (41,39)
2: -416, hand: 6,7,18,18,19,23,23, [[5,6,7],[33,33,33]], ()
3: -844, hand: 10,12,13,21,21,24,24,31,32,33, [[12,13,14]], (35)

Starting hand 17.
this.hand=17; this.draws=0; config.PRNG.seed(2011059277); this.wind=0; this.windOfTheRound=3;
wall: 8,17,35,32,6,33,22,28,10,6,27,25,22,15,15,17,12,12,22,21,34,19,8,18,5,33,0,5,15,27,28,18,26,16,17,30,32,41,3,1,23,29,14,14,25,30,0,12,11,29,11,30,22,28,1,10,32,14,31,5,8,31,18,40,20,36,0,38,2,16,4,21,26,23,2,23,9,9,27,20,5,10,6,31,6,3,16,16,25,3,13,24,24,26,18,12,15,20,1,33,19,33,19,4,37,29,25,10,11,4,26,24,13,1,7,11,13,21,19,39,20,9,3,23,28,21,30,4,17,29,24,9,8,0,13,27,14,7,2,32,7,31,2,7
initial deal
tiles for 0: 6,6,8,10,15,17,22,22,25,27,28,32,33
tiles for 1: 0,5,5,8,12,12,15,17,18,19,21,22,33
tiles for 2: 1,3,15,16,17,18,23,26,27,28,29,30,32
tiles for 3: 0,1,11,11,12,14,14,22,25,28,29,30,30
prepare play
tiles for 0: 6,6,8,10,15,17,22,22,25,27,28,32,33 []
tiles for 1: 0,5,5,8,12,12,15,17,18,19,21,22,33 []
tiles for 2: 1,3,15,16,17,18,23,26,27,28,29,30,32 []
tiles for 3: 0,1,11,11,12,14,14,22,25,28,29,30,30 []
0 <  10
0  > 28
1 <  32
1  > 0
2 <  14
2  > 27
3 <  31
3  > 29
0 <  5
0  > 15
1 <  8
1  > 17
2 <  31
2  > 28
3 <  18
3  > 1
0 <  40
0 <  20
0  > 17
1 <  36
1 <  0
1  > 15
2 <  38
2 <  2
2  > 23
3 <  16
3  > 0
0 <  4
0  > 10
1 <  21
1  > 12
2 <  26
2  > 26
3 <  23
3  > 22
0 <  2
0  > 10
1 <  23
1  > 12
2 <  9
2  > 26
3 <  9
3  > 18
0 <  27
0  > 25
1 <  20
1  > 0
2 <  5
2  > 18
3 <  10
3  > 23
0 <  6
0  > 8
1 <  31
1  > 21
2 <  6
2  > 14
3 <  14 (8)
3 has [9,10,11,11,12,16,25,28,30,30,31], [[14,14,14]]
3  > 25
0 <  3
0  > 5
1 <  16
1  > 16
2 <  16
2  > 17
3 <  25
3  > 25
0 <  3
0  > 4
1 <  13
1  > 13
2 <  24
2  > 24
3 <  24
3  > 24
0 <  26
0  > 26
1 <  18
1  > 20
2 <  12
2  > 12
3 <  15
3  > 31
0 <  20
0  > 3
1 <  1
1  > 1
2 <  1 (4)
2 has [1,5,6,9,15,16,16,29,30,31,32], [[1,2,3]]
2  > 9
3 <  33
3  > 28
0 <  19
0  > 3
1 <  33
1  > 19
2 <  19
2  > 19
3 <  4
3  > 4
0 <  37
0 <  29
0  > 29
1 <  25
1  > 23
2 <  10
2  > 10
3 <  11
3  > 33
1 <  33 (8)
1 has [5,5,8,8,18,18,21,22,25,31,32], [[33,33,33]]
1  > 25
2 <  4
2  > 15
3 <  26
3  > 26
0 <  24
0  > 33
1 <  13
1  > 13
2 <  1
2  > 30
3 <  30 (8)
3 has [9,10,11,11,11,12,15,16], [[14,14,14],[30,30,30]]
3  > 15
0 <  7
0  > 2
1 <  11
1  > 11
3 <  11 (16)
3 has [9,10,12,16], [[14,14,14],[30,30,30],[11,11,11,11]]
3 <  13
3  > 9
0 <  21
0  > 32
1 <  19
1  > 32
2 <  39
2 <  20
2  > 20
0 <  20 (8)
0 has [6,6,6,7,19,21,22,22,24,27,27], [[20,20,20]]
0  > 19
1 <  9
1  > 9
2 <  3
2  > 29
3 <  23
3  > 23
0 <  23 (6)
0 has [6,6,6,7,22,24,27,27], [[20,20,20],[21,22,23]]
0  > 22
1 <  28
1  > 28
2 <  21
2  > 21
3 <  30
3  > 30
0 <  4
0  > 24
Hand was a draw.

Restarting hand 17.
this.hand=17; this.draws=1; config.PRNG.seed(88794589); this.wind=0; this.windOfTheRound=3;
wall: 33,17,4,36,23,35,16,5,23,8,15,4,21,14,27,34,32,3,16,1,6,1,29,19,5,33,27,3,26,23,0,26,31,40,25,28,19,30,13,14,11,15,6,4,10,15,27,20,29,27,8,2,17,24,26,31,8,5,33,15,10,12,3,22,14,30,22,20,7,13,28,31,14,0,18,29,17,9,32,2,37,2,3,11,10,11,8,22,20,12,33,24,5,4,24,31,29,30,9,7,6,1,13,9,12,41,12,17,39,23,6,32,21,21,9,26,18,24,19,25,25,11,28,13,18,21,0,7,30,10,2,32,25,1,19,38,7,22,28,20,0,16,18,16
initial deal
tiles for 0: 4,4,5,8,14,15,16,17,21,23,23,27,33
tiles for 1: 1,1,3,3,5,6,16,19,26,27,29,32,33
tiles for 2: 0,6,11,13,14,15,19,23,25,26,28,30,31
tiles for 3: 2,4,8,10,15,17,20,24,26,27,27,29,31
prepare play
tiles for 0: 4,4,5,8,14,15,16,17,21,23,23,27,33 []
tiles for 1: 1,1,3,3,5,6,16,19,26,27,29,32,33 []
tiles for 2: 0,6,11,13,14,15,19,23,25,26,28,30,31 []
tiles for 3: 2,4,8,10,15,17,20,24,26,27,27,29,31 []
0 <  8
0  > 17
1 <  5
1  > 29
2 <  33
2  > 28
3 <  15
3  > 29
0 <  10
0  > 15
3 <  15 (8)
3 has [2,4,8,10,17,20,24,26,27,27,31], [[15,15,15]]
3  > 10
0 <  12
0  > 10
1 <  3
1  > 27
3 <  27 (8)
3 has [2,4,8,17,20,24,26,31], [[15,15,15],[27,27,27]]
3  > 20
0 <  22
0  > 27
1 <  14
1  > 19
2 <  30
2  > 0
3 <  22
3  > 2
0 <  20
0  > 12
1 <  7
1  > 26
2 <  13
2  > 6
3 <  28
3  > 4
0 <  31
0  > 14
1 <  14
1  > 16
2 <  0
2  > 0
3 <  18
3  > 8
0 <  29
0  > 29
1 <  17
1  > 17
2 <  9
2  > 19
3 <  32
3  > 17
0 <  2
0  > 16
1 <  37
1 <  2
1  > 14
2 <  3
2  > 3
3 <  11
3  > 11
0 <  10
0  > 10
1 <  11
1  > 11
2 <  8
2  > 26
3 <  22
3  > 24
0 <  24 (6)
0 has [2,4,4,5,8,8,20,21,23,31,33], [[22,23,24]]
0  > 8
1 <  8 (6)
1 has [1,1,2,3,3,3,5,5,14,32,33], [[6,7,8]]
1  > 3
2 <  20
2  > 20
3 <  12
3  > 12
0 <  33
0  > 5
1 <  24
1  > 14
2 <  5
2  > 23
3 <  4
3  > 4
0 <  24
0  > 8
1 <  31
1  > 24
2 <  29
2  > 29
3 <  30
3  > 18
0 <  9
0  > 9
1 <  7
1  > 33
0 <  33 (8)
0 has [2,4,4,20,21,23,24,31], [[22,23,24],[33,33,33]]
0  > 31
1 <  6
1  > 31
2 <  1
2  > 33
3 <  13
3  > 13
2 <  13 (8)
2 has [1,5,8,9,11,14,15,25,30,30,31], [[13,13,13]]
2  > 25
3 <  9
3  > 9
0 <  12
0  > 12
1 <  41
1 <  12
1  > 12
2 <  17
2  > 1
1 <  1 (8)
1 has [2,3,3,5,5,6,7,32], [[6,7,8],[1,1,1]]
1  > 32
2 <  39
2 <  23
2  > 23
3 <  6
3  > 6
0 <  32
0  > 32
1 <  21
1  > 21
2 <  21
2  > 21
3 <  9
3  > 9
0 <  26
0  > 4
1 <  4 (6)
1 has [3,5,5,6,7], [[6,7,8],[1,1,1],[2,3,4]]
1  > 3
2 <  18
2  > 18
3 <  24
3  > 28
0 <  19
0  > 4
1 <  25
1  > 25
2 <  25
2  > 25
3 <  25 (5)
3 has [22,22,30,31,32], [[15,15,15],[27,27,27],[24,25,26]]
3  > 31
0 <  11
0  > 2
1 <  28
1  > 28
2 <  13
2  > 31
3 <  18
3  > 18
0 <  21
0  > 11
1 <  0
1  > 0
2 <  7
2  > 9
Hand was a draw.

Restarting hand 17.
this.hand=17; this.draws=2; config.PRNG.seed(622274603); this.wind=0; this.windOfTheRound=3;
wall: 21,27,25,5,22,3,23,26,4,4,2,32,20,17,31,4,6,8,21,13,1,34,15,18,19,24,26,20,16,6,19,3,24,22,32,0,22,16,14,1,26,33,41,15,25,36,21,24,5,23,12,16,7,30,12,5,13,10,1,22,28,4,28,10,8,5,10,14,11,33,21,24,30,33,11,6,20,9,19,13,18,8,2,29,28,29,15,14,29,7,27,15,12,0,32,0,35,8,29,11,7,1,30,17,2,9,27,31,33,18,26,2,40,23,7,19,27,20,9,25,18,30,23,38,10,31,9,14,17,0,13,39,28,17,3,16,31,3,12,11,6,25,37,32
initial deal
tiles for 0: 2,3,4,4,5,20,21,22,23,25,26,27,32
tiles for 1: 1,4,6,8,13,15,17,18,19,21,24,26,31
tiles for 2: 0,1,3,6,14,16,16,19,20,22,22,24,32
tiles for 3: 5,7,12,12,15,16,21,23,24,25,26,30,33
prepare play
tiles for 0: 2,3,4,4,5,20,21,22,23,25,26,27,32 []
tiles for 1: 1,4,6,8,13,15,17,18,19,21,24,26,31 []
tiles for 2: 0,1,3,6,14,16,16,19,20,22,22,24,32 []
tiles for 3: 5,7,12,12,15,16,21,23,24,25,26,30,33 []
0 <  5
0  > 5
1 <  5 (5)
1 has [1,8,13,15,17,18,19,21,24,26,31], [[4,5,6]]
1  > 1
2 <  13
2  > 16
3 <  10
3  > 5
0 <  1
0  > 3
1 <  22
1  > 8
2 <  28
2  > 28
3 <  4
3  > 4
0 <  28
0  > 28
1 <  10
1  > 17
2 <  8
2  > 13
3 <  5
3  > 5
0 <  10
0  > 10
1 <  14
1  > 13
2 <  11
2  > 16
3 <  33
3  > 7
0 <  21
0  > 5
1 <  24
1  > 10
2 <  30
2  > 11
3 <  11 (5)
3 has [12,15,16,21,23,24,25,26,30,33,33], [[10,11,12]]
3  > 21
0 <  21 (4)
0 has [1,2,4,4,20,21,21,25,26,27,32], [[21,22,23]]
0  > 4
1 <  33
1  > 15
2 <  11
2  > 11
3 <  6
3  > 6
0 <  20
0  > 4
1 <  9
1  > 9
2 <  19
2  > 14
3 <  14 (4)
3 has [12,23,24,25,26,30,33,33], [[10,11,12],[14,15,16]]
3  > 12
0 <  13
0  > 13
1 <  18
1  > 14
2 <  8
2  > 32
3 <  2
3  > 2
0 <  29
0  > 29
1 <  28
1  > 28
2 <  29
2  > 29
3 <  15
3  > 15
0 <  14
0  > 14
1 <  29
1  > 29
2 <  7
2  > 30
3 <  27
3  > 27
0 <  15
0  > 15
1 <  12
1  > 12
2 <  0
2  > 24
1 <  24 (8)
1 has [18,18,19,21,22,26,31,33], [[4,5,6],[24,24,24]]
1  > 26
2 <  32
2  > 32
3 <  0
3  > 0
2 <  0 (8)
2 has [1,3,6,7,8,8,19,19,20,22,22], [[0,0,0]]
2  > 1
3 <  35
3 <  8
3  > 8
2 <  8 (8)
2 has [3,6,7,19,19,20,22,22], [[0,0,0],[8,8,8]]
2  > 7
3 <  29
3  > 29
0 <  11
0  > 11
1 <  7
1  > 7
2 <  1
2  > 6
3 <  30
3  > 24
0 <  24 (4)
0 has [1,2,20,20,21,21,27,32], [[21,22,23],[24,25,26]]
0  > 32
1 <  17
1  > 17
2 <  2
2  > 20
0 <  20 (8)
0 has [1,2,21,21,27], [[21,22,23],[24,25,26],[20,20,20]]
0  > 27
1 <  9
1  > 9
2 <  27
2  > 27
3 <  31
3  > 25
0 <  33
0  > 33
3 <  33 (8)
3 has [23,26,30,30,31], [[10,11,12],[14,15,16],[33,33,33]]
3  > 26
0 <  18
0  > 18
1 <  18 (8)
1 has [19,21,22,31,33], [[4,5,6],[24,24,24],[18,18,18]]
1  > 33
2 <  26
2  > 26
3 <  2
3  > 2
0 <  40
0 <  23
0  > 23
1 <  23 (6)
1 has [19,31], [[4,5,6],[24,24,24],[18,18,18],[21,22,23]]
1  > 19
2 <  19 (32)
2 has [1,2,3,22,22], [[0,0,0],[8,8,8],[19,19,19]!]
Player 2 wins hand 17! (hand took 250ms)
0: -108, hand: 1,2,21,21, [[21,22,23],[24,25,26],[20,20,20]], (40)
1: -38, hand: 31, [[4,5,6],[24,24,24],[18,18,18],[21,22,23]], (34)
2: 80, hand: 1,2,3,22,22, [[0,0,0],[8,8,8],[19,19,19]!], ()
3: 66, hand: 23,30,30,31, [[10,11,12],[14,15,16],[33,33,33]], (41,36,35)

Starting hand 18.
this.hand=18; this.draws=0; config.PRNG.seed(1387042230); this.wind=1; this.windOfTheRound=3;
wall: 4,41,13,8,7,12,21,6,16,5,10,1,0,6,1,22,16,18,0,27,0,0,20,11,12,2,24,33,21,14,7,27,18,34,25,38,39,32,1,8,15,10,20,13,18,25,32,3,27,7,37,24,31,17,8,10,24,29,21,30,6,2,9,21,3,28,11,22,3,29,9,13,19,32,4,1,31,23,15,11,23,17,9,30,23,31,15,40,5,30,29,23,20,7,22,20,31,28,26,29,24,33,28,14,13,5,35,18,26,27,33,22,2,25,19,16,19,30,11,9,17,32,16,26,8,36,12,14,17,19,3,4,26,33,4,2,5,25,10,12,14,6,28,15
initial deal
tiles for 0: 0,1,4,5,6,6,7,8,10,12,13,16,21
tiles for 1: 0,0,0,1,2,11,12,16,18,20,22,24,27
tiles for 2: 1,7,8,10,14,15,18,20,21,25,27,32,33
tiles for 3: 3,7,8,10,13,17,18,24,24,25,27,31,32
prepare play
tiles for 0: 0,1,4,5,6,6,7,8,10,12,13,16,21 []
tiles for 1: 0,0,0,1,2,11,12,16,18,20,22,24,27 []
tiles for 2: 1,7,8,10,14,15,18,20,21,25,27,32,33 []
tiles for 3: 3,7,8,10,13,17,18,24,24,25,27,31,32 []
1 <  29
1  > 29
2 <  21
2  > 27
3 <  30
3  > 27
0 <  6
0  > 21
1 <  2
1  > 11
2 <  9
2  > 1
3 <  21
3  > 3
0 <  3
0  > 12
1 <  28
1  > 28
2 <  11
2  > 11
3 <  22
3  > 8
0 <  3
0  > 10
1 <  29
1  > 29
2 <  9
2  > 25
3 <  13
3  > 7
0 <  19
0  > 13
3 <  13 (8)
3 has [10,17,18,21,22,24,24,25,30,31,32], [[13,13,13]]
3  > 10
0 <  32
0  > 16
1 <  4
1  > 12
2 <  1
2  > 1
3 <  31
3  > 17
0 <  23
0  > 23
1 <  15
1  > 16
2 <  11
2  > 18
3 <  23
3  > 22
0 <  17
0  > 19
1 <  9
1  > 9
2 <  30
2  > 21
3 <  23
3  > 21
0 <  31
0  > 17
1 <  15
1  > 15
2 <  40
2 <  5
2  > 20
3 <  30
3  > 25
0 <  29
0  > 29
1 <  23
1  > 15
2 <  20
2  > 21
3 <  7
3  > 7
0 <  22
0  > 22
1 <  20
1  > 24
2 <  31
2  > 20
3 <  28
3  > 28
0 <  26
0  > 26
1 <  29
1  > 29
2 <  24
2  > 24
3 <  33
3  > 24
0 <  28
0  > 5
1 <  14
1  > 14
2 <  13
2  > 11
3 <  5
3  > 5
0 <  35
0 <  18
0  > 18
1 <  26
1  > 20
2 <  27
2  > 27
3 <  33
3  > 24
0 <  22
0  > 22
1 <  2
1  > 27
2 <  25
2  > 25
3 <  19
3  > 32
0 <  16
0  > 16
1 <  19
1  > 23
3 <  23 (8)
3 has [18,19,30,30,31,31,33,33], [[13,13,13],[23,23,23]]
3  > 19
0 <  30
0  > 28
1 <  11
1  > 11
2 <  11 (6)
2 has [5,7,8,9,13,14,15,30,31,32,33], [[9,10,11]]
2  > 9
3 <  9
3  > 18
0 <  17
0  > 17
1 <  32
1  > 26
2 <  16
2  > 31
3 <  31 (8)
3 has [9,30,30,33,33], [[13,13,13],[23,23,23],[31,31,31]]
3  > 9
0 <  26
0  > 31
1 <  8
1  > 8
2 <  36
2 <  12
2  > 32
3 <  14
3  > 14
Hand was a draw.

Restarting hand 18.
this.hand=18; this.draws=1; config.PRNG.seed(922380349); this.wind=1; this.windOfTheRound=3;
wall: 26,32,10,4,19,30,5,31,25,11,10,8,35,15,15,26,15,28,6,16,16,14,20,1,9,7,3,23,36,30,9,20,24,29,12,6,5,2,4,16,0,29,24,41,12,13,32,1,7,20,0,21,20,6,40,18,2,21,18,9,7,2,14,13,17,17,25,0,25,5,19,33,21,11,27,22,32,17,31,19,8,28,15,39,18,27,23,2,31,32,11,28,38,7,1,27,33,1,30,22,26,31,14,13,12,30,24,21,37,23,24,29,13,22,4,33,19,3,5,29,6,26,34,12,3,14,27,17,10,10,33,16,8,25,0,11,23,4,28,18,22,3,8,9
initial deal
tiles for 0: 4,5,8,10,10,11,15,19,25,26,30,31,32
tiles for 1: 1,3,6,7,9,14,15,15,16,16,20,26,28
tiles for 2: 0,2,4,5,6,9,12,16,20,23,24,29,30
tiles for 3: 0,1,6,7,12,13,18,20,20,21,24,29,32
prepare play
tiles for 0: 4,5,8,10,10,11,15,19,25,26,30,31,32 []
tiles for 1: 1,3,6,7,9,14,15,15,16,16,20,26,28 []
tiles for 2: 0,2,4,5,6,9,12,16,20,23,24,29,30 []
tiles for 3: 0,1,6,7,12,13,18,20,20,21,24,29,32 []
1 <  2
1  > 28
2 <  21
2  > 29
3 <  18
3  > 1
0 <  9
0  > 4
1 <  4 (6)
1 has [1,6,7,9,14,15,15,16,16,20,26], [[2,3,4]]
1  > 26
2 <  7
2  > 12
3 <  2
3  > 7
0 <  14
0  > 5
1 <  5 (4)
1 has [1,9,14,15,15,16,16,20], [[2,3,4],[5,6,7]]
1  > 1
2 <  1 (5)
2 has [4,5,6,7,9,16,20,21,23,24,30], [[0,1,2]]
2  > 9
3 <  13
3  > 2
0 <  17
0  > 8
1 <  17
1  > 20
2 <  25
2  > 16
3 <  0
3  > 6
0 <  25
0  > 19
1 <  5
1  > 5
2 <  5 (4)
2 has [4,5,20,21,23,24,25,30], [[0,1,2],[5,6,7]]
2  > 23
3 <  19
3  > 0
0 <  33
0  > 15
1 <  21
1  > 21
2 <  11
2  > 11
3 <  11 (4)
3 has [0,13,18,18,19,20,20,21,24,29,32], [[11,12,13]]
3  > 0
0 <  27
0  > 27
1 <  22
1  > 22
2 <  32
2  > 24
3 <  17
3  > 13
0 <  31
0  > 17
1 <  19
1  > 19
2 <  8
2  > 25
0 <  25 (8)
0 has [9,10,10,11,14,26,30,31,31,32,33], [[25,25,25]]
0  > 26
1 <  28
1  > 9
2 <  15
2  > 15
3 <  39
3 <  18
3  > 17
0 <  27
0  > 27
1 <  23
1  > 23
2 <  2
2  > 21
3 <  31
3  > 24
0 <  32
0  > 10
1 <  11
1  > 11
2 <  28
2  > 28
3 <  38
3 <  7
3  > 7
0 <  1
0  > 1
1 <  27
1  > 28
2 <  33
2  > 20
3 <  20 (8)
3 has [18,18,18,19,21,29,31,32], [[11,12,13],[20,20,20]]
3  > 19
0 <  1
0  > 1
1 <  30
1  > 30
2 <  22
2  > 22
3 <  26
3  > 26
0 <  31
0  > 14
1 <  14
1  > 14
2 <  13
2  > 13
3 <  12
3  > 12
0 <  12 (6)
0 has [9,30,31,31,31,32,32,33], [[25,25,25],[10,11,12]]
0  > 9
1 <  30
1  > 30
2 <  24
2  > 24
3 <  21
3  > 29
0 <  37
0 <  23
0  > 23
1 <  24
1  > 24
2 <  29
2  > 29
3 <  13
3  > 13
0 <  22
0  > 22
1 <  4
1  > 4
2 <  33
2  > 8
3 <  19
3  > 19
0 <  3
0  > 3
1 <  5
1  > 5
2 <  29
2  > 29
3 <  6
3  > 6
0 <  26
0  > 26
1 <  34
1 <  12
1  > 12
2 <  3
2  > 32
0 <  32 (8)
0 has [30,31,31,31,33], [[25,25,25],[10,11,12],[32,32,32]]
0  > 33
2 <  33 (8)
2 has [2,3,4,5,30], [[0,1,2],[5,6,7],[33,33,33]]
2  > 30
0 <  30 (32)
0 has [31,31,31], [[25,25,25],[10,11,12],[32,32,32],[30,30]!]
Player 0 wins hand 18! (hand took 253ms)
0: 576, hand: 31,31,31, [[25,25,25],[10,11,12],[32,32,32],[30,30]!], (35,37)
1: -512, hand: 14,15,15,16,16,17,27, [[2,3,4],[5,6,7]], (34)
2: -208, hand: 2,3,4,5, [[0,1,2],[5,6,7],[33,33,33]], (36)
3: 144, hand: 18,18,18,21,21,31,32, [[11,12,13],[20,20,20]], (41,40,39,38)

Starting hand 19.
this.hand=19; this.draws=0; config.PRNG.seed(91587707); this.wind=2; this.windOfTheRound=3;
wall: 13,23,21,27,22,11,5,8,25,11,29,0,23,11,11,14,20,32,6,4,15,36,28,7,2,4,1,15,31,2,7,5,26,39,38,18,10,34,29,17,8,33,4,33,16,19,6,8,13,33,21,28,26,22,27,30,10,35,0,22,21,5,12,14,28,23,24,9,28,31,32,2,4,19,9,27,14,7,23,25,24,17,29,31,30,10,13,20,30,19,3,29,6,12,26,12,24,25,3,22,3,19,18,16,5,20,1,25,9,6,27,2,0,21,20,26,16,15,33,32,32,18,7,1,31,37,30,0,24,1,40,17,8,17,9,14,18,12,3,16,13,15,41,10
initial deal
tiles for 0: 0,5,8,11,11,13,21,22,23,23,25,27,29
tiles for 1: 1,2,4,4,6,7,11,11,14,15,20,28,32
tiles for 2: 2,4,5,7,8,10,15,17,18,26,29,31,33
tiles for 3: 6,8,13,16,19,21,22,26,27,28,30,33,33
prepare play
tiles for 0: 0,5,8,11,11,13,21,22,23,23,25,27,29 []
tiles for 1: 1,2,4,4,6,7,11,11,14,15,20,28,32 []
tiles for 2: 2,4,5,7,8,10,15,17,18,26,29,31,33 []
tiles for 3: 6,8,13,16,19,21,22,26,27,28,30,33,33 []
2 <  10
2  > 29
3 <  35
3 <  0
3  > 27
0 <  22
0  > 27
1 <  21
1  > 21
2 <  5
2  > 18
3 <  12
3  > 28
0 <  14
0  > 0
1 <  0 (4)
1 has [4,4,6,7,11,11,14,15,20,28,32], [[0,1,2]]
1  > 20
2 <  28
2  > 28
3 <  23
3  > 8
0 <  24
0  > 8
1 <  8 (6)
1 has [4,4,11,11,14,15,28,32], [[0,1,2],[6,7,8]]
1  > 11
2 <  9
2  > 26
3 <  28
3  > 28
0 <  31
0  > 5
1 <  32
1  > 28
2 <  2
2  > 10
3 <  4
3  > 4
0 <  19
0  > 11
1 <  9
1  > 9
2 <  27
2  > 17
3 <  14
3  > 0
0 <  7
0  > 7
1 <  23
1  > 23
2 <  25
2  > 25
3 <  24
3  > 6
0 <  17
0  > 17
1 <  29
1  > 29
2 <  31
2  > 10
3 <  30
3  > 22
0 <  10
0  > 14
1 <  13
1  > 15
2 <  20
2  > 20
3 <  30
3  > 21
0 <  21 (4)
0 has [10,11,13,19,21,22,23,24,25,29,31], [[21,22,23]]
0  > 13
1 <  19
1  > 19
2 <  3
2  > 15
3 <  15 (6)
3 has [12,16,19,23,24,26,30,30,30,33,33], [[13,14,15]]
3  > 30
0 <  29
0  > 11
1 <  6
1  > 14
2 <  12
2  > 12
3 <  26
3  > 12
0 <  12
0  > 12
1 <  24
1  > 24
2 <  25
2  > 25
3 <  3
3  > 3
0 <  22
0  > 10
1 <  3
1  > 11
2 <  19
2  > 19
3 <  18
3  > 16
0 <  16
0  > 16
1 <  5
1  > 13
2 <  20
2  > 9
3 <  1
3  > 1
0 <  25
0  > 31
2 <  31 (8)
2 has [2,2,3,4,5,5,7,8,20,27,33], [[31,31,31]]
2  > 20
3 <  9
3  > 9
0 <  6
0  > 6
1 <  27
1  > 27
2 <  2
2  > 27
3 <  0
3  > 0
0 <  21
0  > 29
1 <  20
1  > 20
2 <  26
2  > 26
3 <  26 (8)
3 has [18,19,23,24,30,30,33,33], [[13,14,15],[26,26,26]]
3  > 18
0 <  16
0  > 29
1 <  15
1  > 15
2 <  33
2  > 7
3 <  32
3  > 19
0 <  32
0  > 19
1 <  18
1  > 18
2 <  7
2  > 7
3 <  1
3  > 1
0 <  31
0  > 31
1 <  37
1 <  30
1  > 30
3 <  30 (8)
3 has [23,24,32,33,33], [[13,14,15],[26,26,26],[30,30,30]]
3  > 32
0 <  0
0  > 0
Hand was a draw.

Restarting hand 19.
this.hand=19; this.draws=1; config.PRNG.seed(1015502297); this.wind=2; this.windOfTheRound=3;
wall: 32,0,11,2,18,28,18,13,0,16,17,33,33,24,25,7,22,11,6,5,4,31,31,16,36,41,13,3,26,6,19,11,29,29,11,13,21,35,23,7,7,8,30,23,27,14,15,33,22,22,7,30,6,8,27,29,39,26,19,0,31,28,1,4,10,0,20,21,17,2,24,23,15,14,17,9,1,31,24,16,27,20,13,3,20,32,12,25,15,2,21,18,14,9,14,27,8,4,3,32,10,32,40,37,9,22,25,21,30,19,23,6,1,1,10,12,16,3,28,5,12,2,33,15,12,19,10,5,34,18,26,29,28,24,4,17,9,5,25,8,38,30,20,26
initial deal
tiles for 0: 0,0,2,11,13,16,17,18,18,28,32,33,33
tiles for 1: 3,4,5,6,7,11,13,16,22,24,25,31,31
tiles for 2: 6,7,7,8,11,11,13,19,21,23,26,29,29
tiles for 3: 6,7,8,14,15,22,22,23,27,27,30,30,33
prepare play
tiles for 0: 0,0,2,11,13,16,17,18,18,28,32,33,33 []
tiles for 1: 3,4,5,6,7,11,13,16,22,24,25,31,31 []
tiles for 2: 6,7,7,8,11,11,13,19,21,23,26,29,29 []
tiles for 3: 6,7,8,14,15,22,22,23,27,27,30,30,33 []
2 <  29
2  > 13
3 <  13 (4)
3 has [6,7,8,22,22,23,27,27,30,30,33], [[13,14,15]]
3  > 7
0 <  39
0 <  26
0  > 28
1 <  19
1  > 16
2 <  0
2  > 11
3 <  31
3  > 8
0 <  28
0  > 28
1 <  1
1  > 11
2 <  4
2  > 11
3 <  10
3  > 6
0 <  0
0  > 26
1 <  20
1  > 13
2 <  21
2  > 0
3 <  17
3  > 10
0 <  2
0  > 11
1 <  24
1  > 25
2 <  23
2  > 26
3 <  15
3  > 22
0 <  14
0  > 16
1 <  17
1  > 17
2 <  9
2  > 9
3 <  1
3  > 1
0 <  31
0  > 14
1 <  24
1  > 20
2 <  16
2  > 16
3 <  16 (5)
3 has [22,23,27,27,30,30,31,33], [[13,14,15],[15,16,17]]
3  > 22
0 <  27
0  > 27
1 <  20
1  > 19
2 <  13
2  > 13
3 <  3
3  > 3
0 <  20
0  > 17
1 <  32
1  > 24
2 <  12
2  > 12
3 <  25
3  > 25
0 <  15
0  > 15
1 <  2
1  > 24
2 <  21
2  > 23
3 <  18
3  > 23
0 <  14
0  > 13
1 <  9
1  > 9
2 <  14
2  > 14
3 <  27
3  > 18
0 <  18 (8)
0 has [0,0,0,2,2,14,20,31,32,33,33], [[18,18,18]]
0  > 14
1 <  8
1  > 32
2 <  4
2  > 19
3 <  3
3  > 3
0 <  32
0  > 20
1 <  10
1  > 10
2 <  32
2  > 32
0 <  32 (8)
0 has [0,0,0,2,2,31,33,33], [[18,18,18],[32,32,32]]
0  > 31
1 <  31 (8)
1 has [1,2,3,4,5,6,7,8,20,22,24], [[31,31,31]]
1  > 20
2 <  40
2 <  37
2 <  9
2  > 9
3 <  22
3  > 31
0 <  25
0  > 25
1 <  21
1  > 24
2 <  30
2  > 30
3 <  30 (8)
3 has [22,27,27,27,33], [[13,14,15],[15,16,17],[30,30,30]]
3  > 22
0 <  19
0  > 19
1 <  23
1  > 22
2 <  22 (5)
2 has [4,4,6,7,7,8,21,21,29,29,29], [[21,22,23]]
2  > 8
3 <  6
3  > 6
0 <  1
0  > 1
1 <  1
1  > 23
2 <  10
2  > 10
3 <  12
3  > 12
0 <  16
0  > 16
1 <  3
1  > 21
2 <  21 (8)
2 has [4,4,6,7,7,29,29,29], [[21,22,23],[21,21,21]]
2  > 6
3 <  28
3  > 28
0 <  5
0  > 5
1 <  12
1  > 12
2 <  2
2  > 2
0 <  2 (32)
0 has [0,0,0,33,33], [[18,18,18],[32,32,32],[2,2,2]!]
Player 0 wins hand 19! (hand took 277ms)
0: 544, hand: 0,0,0,33,33, [[18,18,18],[32,32,32],[2,2,2]!], (39)
1: -158, hand: 1,1,2,3,3,4,5,6,7,8, [[31,31,31]], (36,41)
2: -326, hand: 4,4,7,7,29,29,29, [[21,22,23],[21,21,21]], (35,40,37)
3: -60, hand: 27,27,27,33, [[13,14,15],[15,16,17],[30,30,30]], ()

Starting hand 20.
this.hand=20; this.draws=0; config.PRNG.seed(1764904659); this.wind=3; this.windOfTheRound=3;
wall: 12,18,5,30,32,11,14,23,4,11,7,3,18,34,7,13,20,33,16,24,21,1,2,30,15,9,24,25,7,39,30,11,6,23,10,33,31,8,38,12,22,17,30,6,0,1,5,15,26,16,16,14,9,3,10,3,36,12,15,21,29,3,8,0,5,2,0,27,22,28,20,32,1,16,31,10,12,28,32,35,4,6,28,18,41,8,25,29,17,28,27,22,21,31,13,23,6,21,8,13,31,22,13,0,26,40,37,10,14,33,29,24,7,27,17,20,25,24,4,14,9,2,19,2,19,18,33,5,27,19,19,15,1,23,26,32,17,29,25,20,4,9,26,11
initial deal
tiles for 0: 3,4,5,7,11,11,12,14,18,18,23,30,32
tiles for 1: 1,2,7,9,13,15,16,20,21,24,24,30,33
tiles for 2: 6,7,8,10,11,12,17,22,23,25,30,31,33
tiles for 3: 0,1,3,5,6,9,10,14,15,16,16,26,30
prepare play
tiles for 0: 3,4,5,7,11,11,12,14,18,18,23,30,32 []
tiles for 1: 1,2,7,9,13,15,16,20,21,24,24,30,33 []
tiles for 2: 6,7,8,10,11,12,17,22,23,25,30,31,33 []
tiles for 3: 0,1,3,5,6,9,10,14,15,16,16,26,30 []
3 <  3
3  > 26
0 <  36
0 <  12
0  > 23
1 <  15
1  > 7
2 <  21
2  > 17
3 <  17 (6)
3 has [0,1,3,3,5,6,9,10,14,16,30], [[15,16,17]]
3  > 3
0 <  29
0  > 29
1 <  3
1  > 24
2 <  8
2  > 12
3 <  0
3  > 5
0 <  5
0  > 12
1 <  2
1  > 24
2 <  0
2  > 11
3 <  11 (6)
3 has [0,0,1,3,6,14,16,30], [[15,16,17],[9,10,11]]
3  > 3
0 <  27
0  > 27
1 <  22
1  > 21
2 <  28
2  > 10
3 <  20
3  > 20
0 <  32
0  > 14
1 <  1
1  > 22
2 <  16
2  > 16
3 <  31
3  > 6
0 <  10
0  > 10
1 <  12
1  > 20
2 <  28
2  > 0
3 <  32
3  > 1
0 <  35
0 <  4
0  > 11
1 <  6
1  > 6
2 <  6 (4)
2 has [6,8,21,22,23,25,28,28,30,31,33], [[6,7,8]]
2  > 22
3 <  28
3  > 28
0 <  18
0  > 11
1 <  41
1 <  8
1  > 8
2 <  25
2  > 21
3 <  29
3  > 29
0 <  17
0  > 17
1 <  28
1  > 28
2 <  27
2  > 27
3 <  22
3  > 22
0 <  21
0  > 12
1 <  31
1  > 13
2 <  13
2  > 13
3 <  23
3  > 23
0 <  6
0  > 21
1 <  21
1  > 21
2 <  8
2  > 25
3 <  13
3  > 0
0 <  31
0  > 3
1 <  3 (6)
1 has [1,2,3,9,12,15,15,16,30,31,33], [[1,2,3]]
1  > 12
2 <  22
2  > 22
3 <  13
3  > 0
0 <  0
0  > 4
1 <  4 (6)
1 has [1,9,15,15,16,30,31,33], [[1,2,3],[2,3,4]]
1  > 1
2 <  26
2  > 25
3 <  40
3 <  37
3 <  10
3  > 10
0 <  14
0  > 14
1 <  33
1  > 15
2 <  29
2  > 29
3 <  24
3  > 24
0 <  7
0  > 0
1 <  27
1  > 27
2 <  17
2  > 17
3 <  20
3  > 20
0 <  25
0  > 25
1 <  24
1  > 24
2 <  4
2  > 23
3 <  14
3  > 31
0 <  9
0  > 9
1 <  2
1  > 2
2 <  19
2  > 19
3 <  2
3  > 2
0 <  19
0  > 31
1 <  18
1  > 9
2 <  33
2  > 26
3 <  5
3  > 5
0 <  5 (8)
0 has [4,6,7,7,18,18,18,19,30,32,32], [[5,5,5]]
0  > 4
Hand was a draw.

Restarting hand 20.
this.hand=20; this.draws=1; config.PRNG.seed(582579193); this.wind=3; this.windOfTheRound=3;
wall: 1,32,17,2,31,9,11,29,31,2,14,22,3,1,28,23,12,16,23,10,12,9,9,2,32,1,20,18,20,26,12,24,4,14,13,16,17,3,11,38,22,16,13,25,6,5,19,0,22,13,21,20,0,27,5,0,27,4,22,11,10,28,18,30,29,15,6,4,33,8,0,27,28,32,18,30,24,19,16,14,7,21,25,15,20,24,33,31,23,25,10,29,37,7,34,24,13,3,17,36,8,39,29,23,30,28,27,17,19,5,21,1,11,7,26,40,12,18,33,41,21,4,8,35,33,7,32,3,2,25,26,6,19,15,30,15,26,5,8,31,9,10,6,14
initial deal
tiles for 0: 1,2,2,3,9,11,14,17,22,29,31,31,32
tiles for 1: 1,1,2,9,9,10,12,12,16,23,23,28,32
tiles for 2: 3,4,11,12,13,14,16,17,18,20,20,24,26
tiles for 3: 0,0,5,6,13,13,16,19,20,21,22,22,25
prepare play
tiles for 0: 1,2,2,3,9,11,14,17,22,29,31,31,32 []
tiles for 1: 1,1,2,9,9,10,12,12,16,23,23,28,32 []
tiles for 2: 3,4,11,12,13,14,16,17,18,20,20,24,26 []
tiles for 3: 0,0,5,6,13,13,16,19,20,21,22,22,25 []
3 <  27
3  > 6
0 <  5
0  > 29
1 <  0
1  > 28
2 <  27
2  > 27
3 <  4
3  > 4
0 <  22
0  > 17
1 <  11
1  > 23
2 <  10
2  > 24
3 <  28
3  > 28
0 <  18
0  > 9
1 <  30
1  > 23
2 <  29
2  > 29
3 <  15
3  > 0
0 <  6
0  > 11
1 <  4
1  > 9
2 <  33
2  > 26
3 <  8
3  > 5
0 <  0
0  > 14
1 <  27
1  > 27
2 <  28
2  > 20
3 <  32
3  > 0
0 <  18
0  > 2
1 <  30
1  > 12
2 <  24
2  > 18
3 <  19
3  > 8
0 <  16
0  > 16
1 <  14
1  > 14
2 <  7
2  > 20
3 <  21
3  > 25
0 <  25
0  > 25
1 <  15
1  > 11
2 <  20
2  > 24
3 <  24
3  > 22
0 <  33
0  > 5
1 <  31
1  > 9
2 <  23
2  > 20
3 <  25
3  > 19
0 <  10
0  > 10
1 <  29
1  > 15
2 <  37
2 <  7
2  > 23
3 <  34
3 <  24
3  > 25
0 <  13
0  > 13
3 <  13 (8)
3 has [15,16,19,20,21,21,22,24,24,27,32], [[13,13,13]]
3  > 27
0 <  3
0  > 6
1 <  17
1  > 32
2 <  36
2 <  8
2  > 28
3 <  39
3 <  29
3  > 29
0 <  23
0  > 32
1 <  30
1  > 29
2 <  28
2  > 28
3 <  27
3  > 27
0 <  17
0  > 17
1 <  19
1  > 19
2 <  5
2  > 33
3 <  21
3  > 32
0 <  1
0  > 33
1 <  11
1  > 31
0 <  31 (8)
0 has [0,1,1,2,3,3,18,18,22,22,23], [[31,31,31]]
0  > 23
1 <  7
1  > 7
2 <  7 (8)
2 has [3,4,5,8,10,11,12,13,14,16,17], [[7,7,7]]
2  > 8
3 <  26
3  > 24
0 <  40
0 <  12
0  > 12
1 <  18
1  > 18
0 <  18 (8)
0 has [0,1,1,2,3,3,22,22], [[31,31,31],[18,18,18]]
0  > 3
1 <  3 (6)
1 has [0,1,4,10,11,12,16,17,30,30,30], [[1,2,3]]
1  > 4
2 <  33
2  > 33
3 <  41
3 <  21
3 locks [21,21,21,21]
3 <  4 (supplement)
3  > 4
0 <  8
0  > 8
1 <  35
1 <  33
1  > 33
2 <  7
2  > 7
3 <  32
3  > 32
0 <  3
0  > 3
Hand was a draw.

Restarting hand 20.
this.hand=20; this.draws=2; config.PRNG.seed(1535949872); this.wind=3; this.windOfTheRound=3;
wall: 29,21,27,25,15,30,2,39,16,22,14,26,41,0,2,20,11,16,30,23,3,23,32,37,25,0,29,29,26,8,8,3,2,4,24,19,18,11,32,10,1,15,10,12,6,22,27,25,13,27,35,9,36,27,38,22,24,28,16,19,21,24,4,18,32,7,13,8,30,28,28,12,3,5,15,23,31,20,14,0,22,29,11,12,28,21,9,0,13,19,5,7,10,6,5,34,16,32,18,25,7,3,1,4,14,18,6,17,13,6,40,31,9,12,9,17,20,33,33,5,30,1,2,7,26,15,24,23,31,19,10,4,8,21,20,33,26,11,17,17,1,14,31,33
initial deal
tiles for 0: 0,2,2,14,15,16,21,22,25,26,27,29,30
tiles for 1: 0,3,11,16,20,23,23,25,26,29,29,30,32
tiles for 2: 1,2,3,4,8,8,10,11,15,18,19,24,32
tiles for 3: 6,9,10,12,13,22,22,24,25,27,27,27,28
prepare play
tiles for 0: 0,2,2,14,15,16,21,22,25,26,27,29,30 []
tiles for 1: 0,3,11,16,20,23,23,25,26,29,29,30,32 []
tiles for 2: 1,2,3,4,8,8,10,11,15,18,19,24,32 []
tiles for 3: 6,9,10,12,13,22,22,24,25,27,27,27,28 []
3 <  16
3  > 28
0 <  19
0  > 29
1 <  29 (8)
1 has [0,3,11,16,20,23,23,25,26,30,32], [[29,29,29]]
1  > 16
2 <  21
2  > 10
3 <  24
3  > 6
0 <  4
0  > 27
1 <  18
1  > 11
2 <  32
2  > 11
3 <  11 (6)
3 has [12,13,16,22,22,24,24,25,27,27,27], [[9,10,11]]
3  > 27
0 <  7
0  > 16
1 <  13
1  > 13
2 <  8
2  > 15
3 <  30
3  > 16
0 <  28
0  > 28
1 <  28
1  > 28
2 <  12
2  > 12
3 <  3
3  > 3
0 <  5
0  > 15
1 <  15
1  > 15
2 <  23
2  > 21
3 <  31
3  > 22
0 <  20
0  > 14
1 <  14
1  > 14
2 <  0
2  > 18
3 <  22
3  > 31
0 <  29
0  > 29
1 <  11
1  > 11
2 <  12
2  > 12
3 <  28
3  > 28
0 <  21
0  > 30
1 <  9
1  > 9
2 <  0
2  > 19
3 <  13
3  > 30
0 <  19
0  > 7
1 <  5
1  > 0
2 <  0 (8)
2 has [1,2,3,4,8,8,8,23,24,32,32], [[0,0,0]]
2  > 24
3 <  24 (8)
3 has [12,13,13,22,22,25,27,27], [[9,10,11],[24,24,24]]
3  > 25
0 <  7
0  > 0
1 <  10
1  > 10
2 <  6
2  > 23
1 <  23 (8)
1 has [3,5,18,20,25,26,30,32], [[29,29,29],[23,23,23]]
1  > 32
2 <  5
Player 2 wins hand 20! (hand took 162ms)
0: -72, hand: 2,2,4,5,7,19,19,20,21,21,22,25,26, [], (39,41)
1: -36, hand: 3,5,18,20,25,26,30, [[29,29,29],[23,23,23]], (37)
2: 208, hand: 1,2,3,4,5,6,8,8,8,32,32, [[0,0,0]], ()
3: -100, hand: 12,13,13,22,22,27,27, [[9,10,11],[24,24,24]], (35,36,38)
hand 1
  0 (E): -72 for d2,d3,d4,N [b2,b4,b3, b3,b2,b1, b5,b7,b6] (s1,s2,s4)
  1 (N): -84 for c6,c7,c8,d4,d5,d6,N [c9,c8,c7, c6,c7,c5] 
  2 (W): -36 for b3,d7,E,E,W,W,C,b5,b6,b6 [b1,b1,b1] (f3)
  3 (S): 192 for c2,c3,c4,d9,d9,b8,b8,b8 [c2,c4,c3, d7,d6,d5] (f1,f2)
hand 2
  0 (S): 512 for d2,d3,d4,d5,d5,d7,d8,d9 [d8,d7,d6, d1,d1,d1] 
  1 (E): -240 for c2,d3,d8,d8,d9,d9,b4,b5,b7,b8,b9,c1,c1 (s1,f3,s3)
  2 (N): -104 for b2,b3,b4,C,b5,b6,b7 [b4,b6,b5, b1,b3,b2] (f4,s2,f2,f1)
  3 (W): -168 for b1,b2,c2,c3,c4,c7,c7,b3,d4,d4 [c2,c4,c3] 
hand 3
  0 (W): 10 for d1,d2,F,F [d9,d9,d9, d6,d6,d6, N,N,N] (s1,f3)
  1 (S): 80 for c5,c5 [c2,c3,c1, c8,c7,c6, d7,d7,d7, c5,c7,c6] (f1,f4)
  2 (E): -50 for d2,d4,F,F [b4,b5,b3, b2,b4,b3, d9,d8,d7] (s4)
  3 (N): -40 for c6,c6,d1,d2,d3,b6,b7 [c1,c3,c2, b9,b9,b9] 
hand 4
  0 (N): -38 for d2,b3,b3,d3,d4,E,N,N,F,C [d3,d4,d2] (f2)
  1 (W): 72 for c5,c5,c7,c8,c9 [b7,b8,b6, d1,d1,d1, c7,c9,c8] (f3)
  2 (S): -2 for c2,b3,E,S,F,P,b8,b9,b9,b9 [b6,b6,b6] (f1,s2)
  3 (E): -32 for c2,c4,c6,c6,c6,c7,c9,d2,F,F,C,P,c1 (s3,f4)
hand 5
  0 (E): 64 for d4,d6,d6,d7,d8,F,F [P,P,P, d9,d8,d7] (s1,s4,s2)
  1 (N): -96 for b1,b2,c6,c7,c8,c9,b3 [c4,c3,c2, b7,b9,b8] (f1)
  2 (W): -112 for c4,c5,c7,W,F,b7,b7 [b2,b4,b3, b5,b6,b4] 
  3 (S): 144 for c7,c8,c9,d2,d3,d4,d5,d5 [c3,c4,c2, d7,d8,d6] (f3,f4)
hand 6
  0 (S): -216 for c3,c9,d7,d8,d9,S,W,W,C,c1 [d5,d6,d4] 
  1 (E): 576 for c2,c3,d6,d6,b4,b5,b6,b7,b7,b8,b8,b9,b9,c1 (f3,s4,s2)
  2 (N): -156 for b3,d5,d8,d8,S,F,C,C,P,b6 [N,N,N] (s1)
  3 (W): -204 for c3,c6,c7,c9,b3,W,b4,b4,C,b9 [c5,c7,c6] (f2)
hand 7
  0 (S): -68 for b2,c2,c3,c7,c7,c8,c9,d1,d2,d4,P,P,c1 
  1 (E): 144 for c2,c3,c4,d5,d6,d7,d9,d9,d9 [b2,b3,b1, c1,c1] (f4)
  2 (N): -32 for d4,N,C,P,b6,b7,b9 [E,E,E, b7,b7,b7] (f3,s4)
  3 (W): -44 for c3,c5,c6,c7,S,S,W,W,C,C [c7,c8,c6] (s1)
hand 8
  0 (S): -774 for b1,b2,c5,c6,b3,b4,b5 [d3,d2,d1, b7,b9,b8] (f2)
  1 (E): 2304 for d2,d2 [b6,b6,b6, F,F,F, c9,c9,c9,c9, C,C,C] (f4,f3,s4)
  2 (N): -750 for d3,d4,d8,d8 [b4,b3,b2, b9,b8,b7, d6,d5,d4] (f1,s3,s2)
  3 (W): -780 for c4,c5,c6,C [c5,c4,c3, c8,c8,c8, c5,c7,c6] 
hand 9
  0 (S): 56 for W,W,C,C [d1,d1,d1, d6,d6,d6, d7,d9,d8] (s4,f1,f3,f4,f2)
  1 (E): 480 for b3,b4,F,F,b5 [b8,b7,b6, b8,b9,b7, S,S,S] (s3)
  2 (N): -256 for b1,b2,b2,b2,c6,c6,c7,c8,b3,C,P,b5,b5 (s2)
  3 (W): -280 for c8,c8,S,W,P,b6,b7,b7,b8,b8 [c9,c8,c7] 
hand 10
  0 (S): -216 for d7,d9,F,F [d3,d2,d1, P,P,P, d8,d7,d6] (f1)
  1 (E): -372 for d4,d5,d7,d7 [b8,b9,b7, b7,b9,b8, C,C,C] (s4,f2,s3)
  2 (N): 832 for b1,b1,b3,b3,b4,b4,b5,b5 [b6,b6,b6,b6, b7,b9,b8] (s1,f4)
  3 (W): -244 for c2,c2,c8,c9 [c8,c7,c6, c4,c6,c5, W,W,W] (f3)
hand 11
  0 (W): -36 for b1,b2,d1,d1,d1,d3,d3,b7,b8,b9 [F,F,F] (f4)
  1 (S): 112 for d2,d3,d4,d8,d8 [b2,b3,b1, b5,b4,b3, d5,d7,d6] (f2)
  2 (E): 8 for c8,c9,b6,b6 [b9,b8,b7, b4,b5,b3, P,P,P,P] (f1,s2)
  3 (N): -84 for c7,c7,c8,c8,c9,d4,d4 [c3,c5,c4, C,C,C] (f3,s3)
hand 12
  0 (N): 160 for c3,c4,c5,c7,c8,c9,F,F [d9,d8,d7, c6,c8,c7] (f3,f1)
  1 (W): -2 for S,S,N,N [b8,b7,b6, b3,b5,b4, P,P,P] (s4,f2,s2)
  2 (S): -26 for c6,c7,S,S,b6,b7,b8 [b9,b9,b9, C,C,C] (s1)
  3 (E): -132 for c5,c6,c7,c9,c9,d2,d3 [c4,c6,c5, d4,d4,d4] (s3)
hand 13
  0 (E): -80 for b2,c4,d1,d1,d3,d3,d5,d6,d6,d8 [d8,d7,d6] (f2,s4,f3,f1)
  1 (N): -96 for d2,d2,d4,d4,d6,d8,d9,W,C,C [b5,b4,b3] 
  2 (W): 256 for S,S,b9,b9,b9 [b6,b6,b6, b5,b4,b3, b2,b2,b2] (f4,s3)
  3 (S): -80 for c2,c3,c3,c4,c5,c6,c6,c7,c8,c8,F,F,c1 (s2)
hand 14
  0 (S): 160 for d1,d2,d3,P,P [d5,d6,d4, d6,d5,d4, d9,d9,d9] (f2)
  1 (E): 268 for F,F,P,P [b6,b7,b5, C,C,C, W,W,W] (s2,s3,f1)
  2 (N): -218 for b2,b3,b4,b4,b5,b6,b6 [b7,b9,b8, b9,b8,b7] (s1,f3)
  3 (W): -210 for b1,c3,c4,c5,c6,F,b5 [c9,c9,c9, c2,c2,c2] (s4)
hand 15
  0 (W): 768 for d5,d6,d7,d9,d9 [d6,d5,d4, d3,d3,d3, W,W,W] (s2,s3)
  1 (S): -184 for c3,c8,c9,F,C,b7,b8,b8,b9,c1 [b3,b5,b4] (f2,f1,f3)
  2 (E): -358 for b2,b2,c5,c5,b3,b3,E,P,P,b5,b6,b7,b8 (s4,s1,f4)
  3 (N): -226 for c3,c4,c7,d1,d8,d8,C,C,P,c1 [c8,c9,c7] 
hand 16
  0 (N): -404 for d1,d3,d3,d4,d5,d6,d7,d8,d9,d9,W,F,b9 (f3,s3,s1)
  1 (W): 1664 for b9,b9 [b2,b3,b1, b5,b7,b6, C,C,C, W,W,W] (s4,s2)
  2 (S): -416 for d1,d1,d2,d6,d6,b7,b8 [b6,b8,b7, P,P,P] 
  3 (E): -844 for c2,c4,c5,d4,d4,d7,d7,F,C,P [c4,c6,c5] (f2)
hand 17
  0 (E): -108 for b2,b3,d4,d4 [d4,d6,d5, d7,d9,d8, d3,d3,d3] (s3)
  1 (N): -38 for F [b6,b7,b5, d7,d7,d7, d1,d1,d1, d6,d5,d4] (f1)
  2 (W): 80 for b2,b3,d5,d5,b4 [b1,b1,b1, b9,b9,b9, d2,d2,d2] 
  3 (S): 66 for d6,N,N,F [c3,c4,c2, c6,c8,c7, P,P,P] (s4,f3,f2)
hand 18
  0 (S): 576 for F,F,F [d8,d8,d8, c4,c3,c2, C,C,C, N,N] (f2,f4)
  1 (E): -512 for c6,c7,c7,c8,c8,c9,E [b5,b4,b3, b6,b8,b7] (f1)
  2 (N): -208 for b3,b4,b5,b6 [b2,b3,b1, b6,b8,b7, P,P,P] (f3)
  3 (W): 144 for d1,d1,d1,d4,d4,F,C [c3,c5,c4, d3,d3,d3] (s4,s3,s2,s1)
hand 19
  0 (W): 544 for b1,b1,b1,P,P [d1,d1,d1, C,C,C, b3,b3,b3] (s2)
  1 (S): -158 for b2,b2,b3,b4,b4,b5,b6,b7,b8,b9 [F,F,F] (f3,s4)
  2 (E): -326 for W,W,W,b5,b5,b8,b8 [d5,d6,d4, d4,d4,d4] (f2,s3,f4)
  3 (N): -60 for E,E,E,P [c5,c7,c6, c8,c9,c7, N,N,N] 
hand 20
  0 (N): -72 for d2,d2,b3,b3,d3,d4,d4,d5,d8,d9,b5,b6,b8 (s2,s4)
  1 (W): -36 for d1,d3,d8,d9,b4,N,b6 [W,W,W, d6,d6,d6] (f4)
  2 (S): 208 for b2,b3,b4,C,C,b5,b6,b7,b9,b9,b9 [b1,b1,b1] 
  3 (E): -100 for c4,c5,c5,d5,d5,E,E [c3,c2,c1, d7,d7,d7] (f2,f3,s1)
final scores:
  player 0: 2766 (not set to chicken)
  player 1: 5882 (not set to chicken)
  player 2: 334 (not set to chicken)
  player 3: -982 (not set to chicken)
Game took 8.27s