Initial seed: 2
starting game.

Starting hand 1.
this.hand=1; this.draws=0; config.PRNG.seed(278737711); this.wind=0; this.windOfTheRound=0;
wall: 4,38,30,29,1,22,23,2,0,9,32,19,3,34,9,24,7,13,19,6,24,12,3,5,23,13,17,0,5,5,13,27,30,26,17,20,8,27,17,11,1,32,35,1,24,20,2,31,23,30,18,21,16,20,39,22,26,9,8,3,22,8,16,1,17,28,29,23,11,18,30,4,3,6,32,14,25,40,10,12,19,10,28,2,11,29,25,37,26,16,14,2,27,14,28,8,22,11,41,27,25,21,0,5,0,29,15,4,7,4,15,18,21,16,18,15,6,26,32,31,13,6,21,15,31,7,31,10,33,12,7,14,20,9,28,36,33,25,12,33,10,24,33,19
initial deal
tiles for 0: 0,1,2,3,4,9,9,19,22,23,29,30,32
tiles for 1: 0,3,5,6,7,12,13,13,17,19,23,24,24
tiles for 2: 1,5,5,8,11,13,17,17,20,26,27,27,30
tiles for 3: 1,2,16,18,20,20,21,22,23,24,30,31,32
prepare play
tiles for 0: 0,1,2,3,4,9,9,19,22,23,29,30,32 []
tiles for 1: 0,3,5,6,7,12,13,13,17,19,23,24,24 []
tiles for 2: 1,5,5,8,11,13,17,17,20,26,27,27,30 []
tiles for 3: 1,2,16,18,20,20,21,22,23,24,30,31,32 []
0 <  26
0  > 30
1 <  9
1  > 19
2 <  8
2  > 30
3 <  3
3  > 30
0 <  22
0  > 29
1 <  8
1  > 17
2 <  17 (8)
2 has [1,5,5,8,8,11,13,20,26,27,27], [[17,17,17]]
2  > 20
3 <  20 (8)
3 has [1,2,3,16,18,21,22,23,24,31,32], [[20,20,20]]
3  > 16
0 <  16
0  > 19
1 <  1
1  > 9
2 <  17
2  > 26
3 <  28
3  > 18
0 <  29
0  > 29
1 <  23
1  > 3
2 <  11
2  > 1
3 <  1 (4)
3 has [1,21,22,23,24,28,31,32], [[20,20,20],[1,2,3]]
3  > 1
0 <  18
0  > 16
1 <  30
1  > 30
2 <  4
2  > 17
3 <  3
3  > 3
0 <  6
0  > 18
1 <  32
1  > 32
2 <  14
2  > 13
3 <  25
3  > 31
0 <  40
0 <  10
0  > 26
1 <  12
1  > 0
2 <  19
2  > 19
3 <  10
3  > 10
0 <  28
0  > 28
1 <  2
1  > 1
2 <  11
2  > 14
3 <  29
3  > 29
0 <  25
0  > 32
1 <  37
1 <  26
1  > 2
2 <  16
2  > 16
3 <  14
3  > 14
0 <  2
0  > 2
1 <  27
1  > 27
2 <  27 (8)
2 has [4,5,5,8,8,11,11,11], [[17,17,17],[27,27,27]]
2  > 4
3 <  14
3  > 14
0 <  28
0  > 28
1 <  8
1  > 26
2 <  22
2  > 22
3 <  11
3  > 11
2 <  11 (16)
2 has [5,5,8,8], [[17,17,17],[27,27,27],[11,11,11,11]]
2 <  41
2 <  27
2  > 27
3 <  25
3  > 32
0 <  21
0  > 10
1 <  0
1  > 0
2 <  5
Player 2 wins hand 1! (hand took 179ms)
0: -240, hand: 0,1,2,3,4,6,9,9,21,22,22,23,25, [], (38,34,40)
1: -200, hand: 5,6,7,8,8,12,12,13,13,23,23,24,24, [], (37)
2: 576, hand: 5,5,5,8,8, [[17,17,17],[27,27,27],[11,11,11,11]], (41)
3: -136, hand: 21,22,23,24,25,25,28, [[20,20,20],[1,2,3]], (35,39)

Starting hand 2.
this.hand=2; this.draws=0; config.PRNG.seed(336137920); this.wind=1; this.windOfTheRound=0;
wall: 4,4,14,16,3,32,29,26,31,23,24,30,5,10,12,29,38,7,13,29,12,7,26,4,11,6,15,17,9,34,3,31,22,28,21,8,11,26,27,21,24,6,40,21,14,7,12,0,41,23,9,13,17,2,20,2,25,10,21,17,9,31,8,2,17,33,16,20,30,6,23,27,6,32,11,19,5,22,28,19,10,32,20,36,29,13,25,18,25,2,30,31,25,3,26,37,19,1,10,18,15,39,1,15,0,27,30,20,33,12,7,8,5,24,0,27,11,5,32,22,23,19,33,16,13,16,1,24,18,4,3,8,33,14,9,0,28,35,15,1,22,18,28,14
initial deal
tiles for 0: 3,4,4,5,14,16,23,24,26,29,30,31,32
tiles for 1: 4,6,7,7,10,11,12,12,13,15,26,29,29
tiles for 2: 3,8,9,11,17,21,21,22,24,26,27,28,31
tiles for 3: 0,2,2,6,7,9,12,13,14,17,20,21,23
prepare play
tiles for 0: 3,4,4,5,14,16,23,24,26,29,30,31,32 []
tiles for 1: 4,6,7,7,10,11,12,12,13,15,26,29,29 []
tiles for 2: 3,8,9,11,17,21,21,22,24,26,27,28,31 []
tiles for 3: 0,2,2,6,7,9,12,13,14,17,20,21,23 []
1 <  25
1  > 4
0 <  4 (8)
0 has [3,5,14,16,23,24,26,29,30,31,32], [[4,4,4]]
0  > 29
1 <  10
1  > 15
2 <  21
2  > 28
3 <  17
3  > 9
0 <  9
0  > 30
1 <  31
1  > 31
2 <  8
2  > 3
3 <  2
3  > 23
0 <  17
0  > 9
1 <  33
1  > 33
2 <  16
2  > 27
3 <  20
3  > 0
0 <  30
0  > 30
1 <  6
1  > 25
2 <  25 (5)
2 has [8,8,9,11,16,17,21,21,21,22,31], [[24,25,26]]
2  > 21
3 <  23
3  > 23
0 <  27
0  > 27
1 <  6
1  > 26
2 <  32
2  > 32
3 <  11
3  > 7
0 <  19
0  > 19
1 <  5
1  > 10
2 <  10 (5)
2 has [8,8,16,17,21,21,22,31], [[24,25,26],[9,10,11]]
2  > 31
3 <  22
3  > 6
0 <  28
0  > 28
1 <  19
1  > 19
2 <  10
2  > 10
3 <  32
3  > 32
0 <  20
0  > 20
3 <  20 (8)
3 has [2,2,2,11,12,13,14,17,17,21,22], [[20,20,20]]
3  > 22
0 <  36
0 <  29
0  > 29
1 <  13
1  > 29
2 <  25
2  > 25
3 <  18
3  > 18
0 <  25
0  > 31
1 <  2
1  > 29
2 <  30
2  > 30
3 <  31
3  > 31
0 <  25
0  > 32
1 <  3
1  > 3
2 <  26
2  > 26
3 <  37
3 <  19
3  > 21
0 <  1
0  > 25
1 <  10
1  > 2
3 <  2 (16)
3 has [11,12,13,14,17,17,19], [[20,20,20],[2,2,2,2]]
3 <  18
3  > 19
0 <  15
0  > 1
1 <  39
1 <  1
1  > 1
2 <  15
2  > 21
3 <  0
3  > 0
0 <  27
0  > 27
1 <  30
1  > 30
2 <  20
Player 2 wins hand 2! (hand took 195ms)
0: -54, hand: 3,5,14,15,16,17,23,24,25,26, [[4,4,4]], (36)
1: -78, hand: 5,6,6,6,7,7,10,10,11,12,12,13,13, [], (38,39)
2: 128, hand: 8,8,15,16,17,20,21,22, [[24,25,26],[9,10,11]], (34)
3: 4, hand: 11,12,13,14,17,17,18, [[20,20,20],[2,2,2,2]], (40,41,37)

Starting hand 3.
this.hand=3; this.draws=0; config.PRNG.seed(1888606225); this.wind=2; this.windOfTheRound=0;
wall: 31,4,19,1,7,13,4,31,31,5,20,26,28,23,6,7,29,23,12,24,30,2,11,30,14,0,24,19,35,13,29,26,17,8,15,1,1,25,8,9,21,32,31,16,40,0,9,10,21,17,33,3,18,26,11,27,16,30,15,2,24,27,29,25,19,2,13,12,9,10,18,5,23,30,22,28,24,27,41,12,32,11,19,3,27,36,4,37,22,9,6,14,6,32,32,33,33,15,18,15,38,29,28,3,14,5,39,4,25,13,8,11,10,22,7,16,20,6,17,23,33,26,1,3,0,7,20,20,5,21,25,2,21,10,14,18,28,0,17,12,22,16,8,34
initial deal
tiles for 0: 1,4,4,5,7,13,19,20,26,28,31,31,31
tiles for 1: 0,2,6,7,11,12,14,23,23,24,29,30,30
tiles for 2: 1,1,8,8,9,13,15,17,19,24,25,26,29
tiles for 3: 0,3,9,10,16,17,18,21,21,26,31,32,33
prepare play
tiles for 0: 1,4,4,5,7,13,19,20,26,28,31,31,31 []
tiles for 1: 0,2,6,7,11,12,14,23,23,24,29,30,30 []
tiles for 2: 1,1,8,8,9,13,15,17,19,24,25,26,29 []
tiles for 3: 0,3,9,10,16,17,18,21,21,26,31,32,33 []
2 <  11
2  > 29
3 <  27
3  > 26
0 <  16
0  > 28
1 <  30
1  > 29
2 <  15
2  > 19
3 <  2
3  > 18
0 <  18 (4)
0 has [1,4,4,5,7,13,16,26,31,31,31], [[18,19,20]]
0  > 31
1 <  24
1  > 2
2 <  27
2  > 27
3 <  29
3  > 29
0 <  25
0  > 13
1 <  13 (6)
1 has [0,6,7,14,23,23,24,24,30,30,30], [[11,12,13]]
1  > 14
2 <  14 (5)
2 has [1,1,8,8,9,11,15,17,24,25,26], [[13,14,15]]
2  > 17
3 <  19
3  > 31
0 <  31 (8)
0 has [1,4,4,5,7,16,25,26], [[18,19,20],[31,31,31]]
0  > 16
1 <  2
1  > 30
2 <  13
2  > 13
3 <  12
3  > 27
0 <  9
0  > 9
1 <  10
1  > 10
2 <  10 (5)
2 has [1,1,8,8,15,24,25,26], [[13,14,15],[9,10,11]]
2  > 15
3 <  15 (4)
3 has [0,2,3,9,10,12,19,21,21,32,33], [[15,16,17]]
3  > 32
0 <  18
0  > 18
1 <  5
1  > 0
2 <  23
2  > 23
3 <  30
3  > 33
0 <  22
0  > 1
2 <  1 (8)
2 has [8,8,24,25,26], [[13,14,15],[9,10,11],[1,1,1]]
2  > 8
3 <  28
3  > 28
0 <  24
0  > 7
1 <  27
1  > 2
2 <  41
2 <  12
2  > 8
3 <  32
3  > 30
0 <  11
0  > 11
1 <  19
1  > 19
2 <  3
2  > 12
3 <  27
3  > 27
0 <  36
0 <  4
0  > 4
1 <  37
1 <  22
1  > 27
2 <  9
2  > 3
3 <  6
3  > 6
0 <  6 (6)
0 has [4,22,24,25,26], [[18,19,20],[31,31,31],[4,5,6]]
0  > 4
1 <  14
1  > 14
2 <  6
2  > 9
3 <  32
3  > 19
0 <  32
0  > 22
1 <  22 (4)
1 has [5,6,7,22,23,24,30,30], [[11,12,13],[22,23,24]]
Player 1 wins hand 3! (hand took 162ms)
0: 0, hand: 24,25,26,32, [[18,19,20],[31,31,31],[4,5,6]], (36)
1: 64, hand: 5,6,7,22,23,24,30,30, [[11,12,13],[22,23,24]], (37)
2: -30, hand: 6,24,25,26, [[13,14,15],[9,10,11],[1,1,1]], (35,41)
3: -34, hand: 0,2,3,9,10,12,21,21,32,32, [[15,16,17]], (40)

Starting hand 4.
this.hand=4; this.draws=0; config.PRNG.seed(1644837246); this.wind=3; this.windOfTheRound=0;
wall: 14,28,33,23,11,3,38,11,24,15,37,34,27,9,12,31,14,25,8,22,1,14,27,16,17,18,25,7,33,8,11,5,9,1,24,15,1,13,28,2,2,16,23,25,30,8,26,26,31,20,4,29,27,17,21,39,21,0,33,2,40,0,19,12,10,16,7,31,5,6,13,10,5,17,15,21,8,18,4,0,13,19,6,9,5,30,3,33,23,7,10,10,27,19,22,29,32,22,16,26,20,3,20,19,9,26,24,4,29,25,14,13,18,12,32,1,21,28,41,29,24,23,15,32,12,6,36,28,30,20,35,18,17,7,6,2,22,32,0,30,31,3,11,4
initial deal
tiles for 0: 3,9,11,11,12,14,15,23,24,27,28,31,33
tiles for 1: 1,7,8,14,14,16,17,18,22,25,25,27,33
tiles for 2: 1,1,2,2,5,8,9,11,13,15,16,24,28
tiles for 3: 4,8,17,20,21,23,25,26,26,27,29,30,31
prepare play
tiles for 0: 3,9,11,11,12,14,15,23,24,27,28,31,33 []
tiles for 1: 1,7,8,14,14,16,17,18,22,25,25,27,33 []
tiles for 2: 1,1,2,2,5,8,9,11,13,15,16,24,28 []
tiles for 3: 4,8,17,20,21,23,25,26,26,27,29,30,31 []
3 <  39
3 <  21
3  > 30
0 <  0
0  > 28
1 <  33
1  > 1
2 <  2
2  > 24
3 <  24 (5)
3 has [4,8,17,20,21,21,26,26,27,29,31], [[23,24,25]]
3  > 29
0 <  40
0 <  0
0  > 3
1 <  19
1  > 22
2 <  12
2  > 5
3 <  10
3  > 10
0 <  10 (5)
0 has [0,0,11,12,14,15,23,24,27,31,33], [[9,10,11]]
0  > 33
1 <  33 (8)
1 has [7,8,14,14,16,17,18,19,25,25,27], [[33,33,33]]
1  > 27
2 <  16
2  > 8
3 <  7
3  > 4
0 <  31
0  > 27
1 <  5
1  > 5
2 <  6
2  > 6
3 <  6 (4)
3 has [17,20,21,21,26,26,27,31], [[23,24,25],[6,7,8]]
3  > 17
0 <  13
0  > 24
1 <  10
1  > 10
2 <  10 (5)
2 has [1,1,2,2,2,12,13,15,16,16,28], [[9,10,11]]
2  > 2
3 <  5
3  > 5
0 <  17
0  > 23
1 <  15
1  > 8
2 <  21
2  > 21
3 <  21 (8)
3 has [20,26,26,27,31], [[23,24,25],[6,7,8],[21,21,21]]
3  > 20
0 <  8
0  > 8
1 <  18
1  > 7
2 <  4
2  > 28
3 <  0
3  > 0
0 <  13
0  > 17
1 <  19
1  > 19
2 <  6
2  > 4
3 <  9
3  > 9
0 <  5
0  > 5
1 <  30
1  > 30
2 <  3
2  > 6
3 <  33
3  > 33
0 <  23
0  > 23
1 <  7
1  > 7
2 <  10
2  > 10
3 <  10
3  > 10
0 <  27
0  > 27
1 <  19
1  > 19
2 <  22
2  > 22
3 <  29
3  > 27
0 <  32
0  > 32
1 <  22
1  > 22
2 <  16
2  > 16
3 <  26
3  > 29
0 <  20
0  > 20
1 <  20 (6)
1 has [14,14,15,16,17,18,25,25], [[33,33,33],[18,19,20]]
1  > 18
2 <  3
2  > 13
3 <  20
3  > 20
0 <  19
0  > 19
1 <  9
1  > 9
2 <  26
2  > 26
3 <  26 (16)
3 has [31], [[23,24,25],[6,7,8],[21,21,21],[26,26,26,26]]
3 <  24
3  > 24
0 <  4
0  > 4
1 <  29
1  > 29
2 <  25
2  > 25
1 <  25 (8)
1 has [14,14,15,16,17], [[33,33,33],[18,19,20],[25,25,25]]
Player 1 wins hand 4! (hand took 203ms)
0: -22, hand: 0,0,11,12,13,13,14,15,31,31, [[9,10,11]], (38,37,34,40)
1: 144, hand: 14,14,15,16,17, [[33,33,33],[18,19,20],[25,25,25]], ()
2: -76, hand: 1,1,2,2,3,3,12,15,16,16, [[9,10,11]], ()
3: -46, hand: 31, [[23,24,25],[6,7,8],[21,21,21],[26,26,26,26]], (39)

Starting hand 5.
this.hand=5; this.draws=0; config.PRNG.seed(439157809); this.wind=0; this.windOfTheRound=1;
wall: 1,19,7,5,30,7,15,27,1,5,15,30,6,11,4,14,3,17,19,16,20,24,6,29,33,32,33,8,16,23,24,21,29,22,31,13,18,3,26,27,5,34,3,27,15,13,28,29,0,1,4,31,15,23,24,13,38,7,18,23,35,8,9,28,28,26,25,12,33,8,0,11,17,21,10,29,17,8,31,33,16,20,36,18,9,12,12,23,10,30,24,26,2,1,9,21,9,22,25,0,28,19,12,4,16,30,0,25,6,37,18,10,2,11,13,22,20,17,5,10,39,27,32,21,41,22,4,2,40,7,14,25,31,3,32,6,32,26,19,14,14,11,20,2
initial deal
tiles for 0: 1,1,5,5,6,7,7,15,15,19,27,30,30
tiles for 1: 3,4,6,11,14,16,17,19,20,24,29,32,33
tiles for 2: 3,8,13,16,18,21,22,23,24,26,29,31,33
tiles for 3: 0,1,3,4,5,13,15,15,27,27,28,29,31
prepare play
tiles for 0: 1,1,5,5,6,7,7,15,15,19,27,30,30 []
tiles for 1: 3,4,6,11,14,16,17,19,20,24,29,32,33 []
tiles for 2: 3,8,13,16,18,21,22,23,24,26,29,31,33 []
tiles for 3: 0,1,3,4,5,13,15,15,27,27,28,29,31 []
0 <  23
0  > 15
3 <  15 (8)
3 has [0,1,3,4,5,13,27,27,28,29,31], [[15,15,15]]
3  > 29
0 <  24
0  > 15
1 <  15 (5)
1 has [3,4,6,11,17,19,20,24,29,32,33], [[14,15,16]]
1  > 29
2 <  13
2  > 3
3 <  3 (4)
3 has [0,1,3,13,27,27,28,31], [[15,15,15],[3,4,5]]
3  > 13
0 <  38
0 <  7
0  > 19
1 <  18
1  > 11
2 <  23
2  > 8
3 <  35
3 <  8
3  > 8
0 <  8 (6)
0 has [1,1,5,5,7,7,23,24,27,30,30], [[6,7,8]]
0  > 23
1 <  9
1  > 24
2 <  28
2  > 13
3 <  28
3  > 31
0 <  26
0  > 26
1 <  25
1  > 25
2 <  25 (6)
2 has [13,16,18,21,22,23,26,28,29,31,33], [[23,24,25]]
2  > 16
3 <  12
3  > 12
0 <  33
0  > 24
1 <  8
1  > 17
2 <  0
2  > 0
3 <  11
3  > 11
0 <  17
0  > 17
1 <  21
1  > 9
2 <  10
2  > 10
3 <  29
3  > 29
0 <  17
0  > 17
1 <  8
1  > 32
2 <  31
2  > 29
3 <  33
3  > 33
0 <  16
0  > 16
1 <  20
1  > 33
2 <  36
2 <  18
2  > 13
3 <  9
3  > 9
0 <  12
0  > 12
1 <  12
1  > 12
2 <  23
2  > 26
3 <  10
3  > 10
0 <  30
0  > 30
1 <  24
1  > 24
2 <  24 (6)
2 has [18,18,21,23,28,31,31,33], [[23,24,25],[22,23,24]]
2  > 33
3 <  26
3  > 26
0 <  2
0  > 33
1 <  1
1  > 8
2 <  9
2  > 9
3 <  21
3  > 21
0 <  9
0  > 9
1 <  22
1  > 6
2 <  25
2  > 25
3 <  0
3  > 3
0 <  3 (6)
0 has [1,5,5,7,7,27,30,30], [[6,7,8],[1,2,3]]
0  > 1
1 <  28
1  > 8
2 <  19
2  > 28
3 <  28 (8)
3 has [0,0,1,27,27], [[15,15,15],[3,4,5],[28,28,28]]
3  > 1
0 <  12
0  > 12
1 <  4
1  > 28
2 <  16
2  > 16
3 <  30
3  > 30
0 <  0
0  > 0
3 <  0 (32)
3 has [27,27], [[15,15,15],[3,4,5],[28,28,28],[0,0,0]!]
Player 3 wins hand 5! (hand took 208ms)
0: -220, hand: 5,5,7,7,27,30,30, [[6,7,8],[1,2,3]], (38)
1: -126, hand: 1,3,4,4,18,19,20,20,21,22, [[14,15,16]], ()
2: -102, hand: 18,18,19,21,23,31,31, [[23,24,25],[22,23,24]], (36)
3: 448, hand: 27,27, [[15,15,15],[3,4,5],[28,28,28],[0,0,0]!], (34,35)

Starting hand 6.
this.hand=6; this.draws=0; config.PRNG.seed(706949804); this.wind=1; this.windOfTheRound=1;
wall: 20,10,26,23,9,21,30,7,37,16,4,24,13,6,22,19,5,31,20,0,14,18,29,17,19,4,1,32,11,8,31,8,27,27,3,18,14,12,29,26,5,0,30,29,1,29,18,16,8,28,40,20,3,27,32,25,2,22,27,25,5,0,30,24,2,18,22,28,9,33,32,26,15,31,12,34,35,21,13,10,14,4,4,23,22,31,7,10,24,6,19,28,24,19,9,8,39,23,26,2,25,36,10,14,33,33,20,15,3,23,0,32,25,28,5,1,15,7,12,1,21,2,11,12,11,6,41,6,7,13,17,16,33,17,17,11,38,16,21,13,9,3,30,15
initial deal
tiles for 0: 4,6,7,9,10,13,16,20,21,23,24,26,30
tiles for 1: 0,1,4,5,14,17,18,19,19,20,22,29,31
tiles for 2: 3,8,8,11,12,14,18,26,27,27,29,31,32
tiles for 3: 0,1,3,5,8,16,18,20,27,28,29,29,30
prepare play
tiles for 0: 4,6,7,9,10,13,16,20,21,23,24,26,30 []
tiles for 1: 0,1,4,5,14,17,18,19,19,20,22,29,31 []
tiles for 2: 3,8,8,11,12,14,18,26,27,27,29,31,32 []
tiles for 3: 0,1,3,5,8,16,18,20,27,28,29,29,30 []
1 <  32
1  > 29
3 <  29 (8)
3 has [0,1,3,5,8,16,18,20,27,28,30], [[29,29,29]]
3  > 30
0 <  25
0  > 30
1 <  2
1  > 17
2 <  22
2  > 29
3 <  27
3  > 16
0 <  25
0  > 10
1 <  5
1  > 14
2 <  0
2  > 12
3 <  30
3  > 30
0 <  24
0  > 13
1 <  2
1  > 32
2 <  18
2  > 14
3 <  22
3  > 8
0 <  8 (6)
0 has [4,9,16,20,21,23,24,24,25,25,26], [[6,7,8]]
0  > 16
1 <  28
1  > 28
2 <  9
2  > 9
3 <  33
3  > 33
0 <  32
0  > 9
1 <  26
1  > 26
2 <  15
2  > 15
3 <  31
3  > 28
0 <  12
0  > 4
1 <  34
1 <  35
1 <  21
1  > 31
2 <  13
2  > 11
3 <  10
3  > 10
0 <  14
0  > 14
1 <  4
1  > 4
2 <  4
2  > 13
3 <  23
3  > 31
0 <  22
0  > 12
1 <  31
1  > 31
2 <  7
2  > 31
3 <  10
3  > 10
0 <  24
0  > 24
1 <  6
1  > 1
2 <  19
2  > 26
3 <  28
3  > 28
0 <  24
0  > 24
1 <  19
1  > 0
2 <  9
2  > 9
3 <  8
3  > 8
0 <  39
0 <  23
0  > 23
1 <  23 (6)
1 has [2,2,4,5,5,6,18,19,19,19,20], [[21,22,23]]
1  > 19
2 <  26
2  > 26
3 <  2
3  > 5
0 <  25
0  > 25
1 <  36
1 <  10
1  > 10
2 <  14
2  > 14
3 <  33
3  > 33
0 <  33
0  > 33
1 <  20
1  > 19
2 <  15
2  > 15
3 <  3
3  > 20
0 <  23
0  > 23
1 <  0
1  > 0
2 <  32
2  > 22
3 <  25
3  > 18
2 <  18 (8)
2 has [0,3,4,7,8,8,19,27,27,32,32], [[18,18,18]]
2  > 19
3 <  28
3  > 28
0 <  5
0  > 5
1 <  5 (8)
1 has [2,2,4,6,18,19,20,20], [[21,22,23],[5,5,5]]
1  > 6
2 <  6 (4)
2 has [0,3,4,8,27,27,32,32], [[18,18,18],[6,7,8]]
2  > 8
3 <  1
3  > 25
0 <  15
0  > 15
1 <  7
1  > 7
2 <  12
2  > 12
3 <  1
3  > 22
0 <  21
0  > 21
1 <  21 (6)
1 has [2,2,4,18,20], [[21,22,23],[5,5,5],[19,20,21]]
1  > 18
2 <  2
2  > 0
3 <  11
3  > 11
0 <  12
0  > 12
1 <  11
1  > 20
2 <  6
2  > 6
3 <  41
3 <  6
3  > 23
Hand was a draw.

Restarting hand 6.
this.hand=6; this.draws=1; config.PRNG.seed(324802911); this.wind=1; this.windOfTheRound=1;
wall: 3,3,31,39,18,16,9,32,7,5,22,30,20,21,0,9,29,10,4,15,16,25,15,40,2,22,1,9,11,5,1,6,22,3,23,20,2,10,6,11,28,27,21,6,27,26,18,8,9,35,19,34,8,38,13,31,14,32,23,26,18,24,32,41,12,13,28,29,23,21,31,27,19,16,16,30,33,31,17,15,20,28,13,25,12,25,30,33,8,17,18,33,25,20,12,27,13,11,0,24,28,1,17,32,2,24,33,22,24,3,19,0,4,17,2,7,7,0,1,6,26,4,8,36,14,4,10,7,5,14,14,11,37,19,26,29,5,29,15,21,10,30,23,12
initial deal
tiles for 0: 3,3,5,7,9,16,18,20,21,22,30,31,32
tiles for 1: 0,1,2,4,9,9,10,15,15,16,22,25,29
tiles for 2: 1,2,3,5,6,6,10,11,11,20,22,23,28
tiles for 3: 6,8,8,9,13,14,18,19,21,26,27,27,31
prepare play
tiles for 0: 3,3,5,7,9,16,18,20,21,22,30,31,32 []
tiles for 1: 0,1,2,4,9,9,10,15,15,16,22,25,29 []
tiles for 2: 1,2,3,5,6,6,10,11,11,20,22,23,28 []
tiles for 3: 6,8,8,9,13,14,18,19,21,26,27,27,31 []
1 <  32
1  > 29
2 <  23
2  > 10
3 <  26
3  > 9
0 <  18
0  > 30
1 <  24
1  > 32
2 <  32
2  > 11
3 <  41
3 <  12
3  > 31
0 <  13
0  > 13
1 <  28
1  > 28
2 <  29
2  > 29
3 <  23
3  > 21
0 <  21
0  > 16
1 <  31
1  > 31
2 <  27
2  > 27
3 <  27 (8)
3 has [6,8,8,12,13,14,18,19,23,26,26], [[27,27,27]]
3  > 23
0 <  19
0  > 9
1 <  16
1  > 9
2 <  16
2  > 16
3 <  30
3  > 30
0 <  33
0  > 19
1 <  31
1  > 31
2 <  17
2  > 11
3 <  15
3  > 6
0 <  6 (5)
0 has [3,3,18,18,20,21,21,22,31,32,33], [[5,6,7]]
0  > 31
1 <  20
1  > 16
2 <  28
2  > 17
3 <  13
3  > 19
0 <  25
0  > 18
1 <  12
1  > 12
2 <  25
2  > 6
3 <  30
3  > 30
0 <  33
0  > 18
1 <  8
1  > 8
3 <  8 (8)
3 has [12,13,13,14,15,18,26,26], [[27,27,27],[8,8,8]]
3  > 18
0 <  17
0  > 17
1 <  17 (6)
1 has [0,1,2,4,9,10,15,20,22,24,25], [[15,16,17]]
1  > 15
2 <  18
2  > 5
3 <  33
3  > 33
0 <  33 (8)
0 has [3,3,20,21,21,22,25,32], [[5,6,7],[33,33,33]]
0  > 22
1 <  25
1  > 22
2 <  20
2  > 2
3 <  12
3  > 12
0 <  27
0  > 27
1 <  13
1  > 20
2 <  20 (8)
2 has [1,3,6,18,22,23,23,25,28,28,32], [[20,20,20]]
2  > 18
3 <  11
Player 3 wins hand 6! (hand took 196ms)
0: -12, hand: 3,3,20,21,21,25,32, [[5,6,7],[33,33,33]], (39)
1: -84, hand: 0,1,2,4,9,10,13,24,25,25, [[15,16,17]], (40)
2: -48, hand: 1,3,6,22,23,23,25,28,28,32, [[20,20,20]], ()
3: 144, hand: 11,12,13,13,14,15,26,26, [[27,27,27],[8,8,8]], (35,34,38,41)

Starting hand 7.
this.hand=7; this.draws=0; config.PRNG.seed(607204243); this.wind=2; this.windOfTheRound=1;
wall: 29,10,29,23,13,39,15,5,24,12,26,0,33,31,23,28,33,15,37,1,12,29,12,29,30,4,21,0,13,15,8,0,16,17,6,13,1,3,30,41,7,6,18,31,38,2,19,4,30,26,14,2,1,18,10,11,0,32,9,24,16,18,31,33,3,7,4,4,27,17,24,27,11,18,24,10,8,21,14,7,22,40,9,36,13,28,20,11,14,8,21,14,34,9,19,5,6,32,20,8,28,27,17,23,2,25,3,23,25,5,5,22,12,11,26,26,16,25,22,15,10,7,9,32,16,1,27,19,33,25,22,31,2,35,19,30,21,32,6,28,17,20,3,20
initial deal
tiles for 0: 0,5,10,12,13,15,23,24,26,29,29,31,33
tiles for 1: 0,1,4,12,12,15,21,23,28,29,29,30,33
tiles for 2: 0,1,3,6,6,7,8,13,13,15,16,17,30
tiles for 3: 1,2,2,4,10,11,14,18,18,19,26,30,31
prepare play
tiles for 0: 0,5,10,12,13,15,23,24,26,29,29,31,33 []
tiles for 1: 0,1,4,12,12,15,21,23,28,29,29,30,33 []
tiles for 2: 0,1,3,6,6,7,8,13,13,15,16,17,30 []
tiles for 3: 1,2,2,4,10,11,14,18,18,19,26,30,31 []
2 <  0
2  > 30
3 <  32
3  > 26
0 <  9
0  > 26
1 <  24
1  > 30
2 <  16
2  > 17
3 <  18
3  > 14
0 <  31
0  > 24
1 <  33
1  > 4
2 <  3
2  > 13
3 <  7
3  > 7
0 <  4
0  > 23
1 <  4
1  > 15
2 <  27
2  > 15
3 <  17
3  > 17
0 <  24
0  > 24
1 <  27
1  > 27
2 <  11
2  > 11
3 <  18
3 locks [18,18,18,18]
3 <  24 (supplement)
3  > 19
0 <  10
0  > 0
1 <  8
1  > 8
2 <  21
2  > 16
3 <  14
3  > 24
0 <  7
0  > 15
1 <  22
1  > 4
2 <  40
2 <  9
2  > 9
3 <  9 (4)
3 has [1,2,2,4,14,30,31,32], [[18,18,18,18],[9,10,11]]
3  > 14
0 <  36
0 <  13
0  > 13
1 <  28
1  > 1
2 <  20
2  > 13
3 <  11
3  > 11
0 <  14
0  > 10
1 <  8
1  > 0
2 <  21
2  > 16
3 <  14
3  > 14
0 <  34
0 <  9
0  > 14
1 <  19
1  > 8
2 <  5
2  > 6
3 <  6
3  > 32
0 <  32
0  > 12
1 <  20
1  > 12
2 <  8
2  > 6
3 <  28
3  > 28
1 <  28 (8)
1 has [12,19,20,21,22,23,24,29,29,33,33], [[28,28,28]]
1  > 12
2 <  27
2  > 1
3 <  17
3  > 17
0 <  23
0  > 23
1 <  2
1  > 2
3 <  2 (8)
3 has [1,4,6,30,31], [[18,18,18,18],[9,10,11],[2,2,2]]
3  > 1
0 <  25
0  > 25
1 <  3
1  > 3
2 <  23
2  > 5
3 <  5 (5)
3 has [30,31], [[18,18,18,18],[9,10,11],[2,2,2],[4,5,6]]
3  > 30
0 <  25
0  > 25
1 <  5
1  > 5
2 <  5
2  > 7
3 <  22
3  > 22
0 <  12
0  > 33
1 <  33 (32)
1 has [19,20,21,22,23,24,29,29], [[28,28,28],[33,33,33]!]
Player 1 wins hand 7! (hand took 214ms)
0: -352, hand: 4,5,7,9,9,10,12,13,29,29,31,31,32, [], (39,36,34)
1: 1408, hand: 19,20,21,22,23,24,29,29, [[28,28,28],[33,33,33]!], (37)
2: -734, hand: 0,0,3,3,5,8,8,20,21,21,23,27,27, [], (41,40)
3: -322, hand: 31, [[18,18,18,18],[9,10,11],[2,2,2],[4,5,6]], (38)

Starting hand 8.
this.hand=8; this.draws=0; config.PRNG.seed(1135434462); this.wind=3; this.windOfTheRound=1;
wall: 13,0,2,11,15,32,3,12,13,27,4,38,32,1,17,6,18,29,20,41,10,25,17,13,12,14,3,23,31,17,24,19,25,14,19,35,36,26,24,5,28,18,18,31,23,22,12,10,21,16,5,11,27,10,1,6,3,14,6,29,30,9,37,26,26,5,15,31,1,4,15,21,21,20,33,14,22,10,8,22,30,12,22,30,27,0,6,24,15,11,9,31,5,39,7,13,1,29,16,20,26,23,33,27,29,30,28,16,19,7,25,20,4,34,25,8,2,4,28,23,24,3,32,19,33,16,7,28,9,2,11,17,0,0,2,32,9,8,21,40,7,8,33,18
initial deal
tiles for 0: 0,1,2,3,4,11,12,13,13,15,27,32,32
tiles for 1: 3,6,10,12,13,14,17,17,18,20,23,25,29
tiles for 2: 5,14,17,18,18,19,19,24,24,25,26,28,31
tiles for 3: 1,5,6,10,10,11,12,16,21,22,23,27,31
prepare play
tiles for 0: 0,1,2,3,4,11,12,13,13,15,27,32,32 []
tiles for 1: 3,6,10,12,13,14,17,17,18,20,23,25,29 []
tiles for 2: 5,14,17,18,18,19,19,24,24,25,26,28,31 []
tiles for 3: 1,5,6,10,10,11,12,16,21,22,23,27,31 []
3 <  3
3  > 16
0 <  14
0  > 27
1 <  6
1  > 6
2 <  29
2  > 29
3 <  30
3  > 30
0 <  9
0  > 9
1 <  37
1 <  26
1  > 3
2 <  26
2  > 5
3 <  5
3  > 27
0 <  15
0  > 15
1 <  31
1  > 6
2 <  1
2  > 1
3 <  4
3  > 31
0 <  15
0  > 15
1 <  21
1  > 10
3 <  10 (8)
3 has [1,3,4,5,5,6,11,12,21,22,23], [[10,10,10]]
3  > 1
0 <  21
0  > 21
1 <  20
1  > 14
2 <  33
2  > 17
3 <  14
3  > 14
0 <  22
0  > 22
1 <  22 (6)
1 has [12,13,17,17,18,20,23,25,26,29,31], [[20,21,22]]
1  > 13
2 <  10
2  > 14
3 <  8
3  > 8
0 <  22
0  > 22
1 <  30
1  > 30
2 <  12
2  > 12
3 <  22
3  > 22
0 <  30
0  > 30
1 <  27
1  > 27
2 <  0
2  > 0
3 <  6
3  > 6
0 <  24
0  > 24
2 <  24 (8)
2 has [10,18,18,19,19,25,26,26,28,31,33], [[24,24,24]]
2  > 10
3 <  10 (4)
3 has [3,4,5,5,6,21,22,23], [[10,10,10],[10,11,12]]
3  > 21
0 <  15
0  > 15
1 <  11
1  > 17
2 <  9
2  > 9
3 <  31
3  > 31
0 <  5
0  > 15
1 <  39
1 <  7
1  > 7
2 <  13
2  > 13
3 <  1
3  > 1
0 <  29
0  > 29
1 <  16
1  > 17
2 <  20
2  > 31
3 <  26
3  > 26
2 <  26 (8)
2 has [18,18,19,19,20,25,28,33], [[24,24,24],[26,26,26]]
2  > 25
3 <  23
3  > 22
0 <  33
0  > 33
1 <  27
1  > 27
2 <  29
2  > 29
3 <  30
3  > 30
0 <  28
0  > 28
1 <  16
1  > 29
2 <  19
2  > 33
3 <  7
Player 3 wins hand 8! (hand took 224ms)
0: -46, hand: 0,1,2,3,4,5,11,12,13,13,14,32,32, [], (38)
1: -28, hand: 11,12,16,16,18,20,23,25,26,31, [[20,21,22]], (41,37,39)
2: -10, hand: 18,18,19,19,19,20,28, [[24,24,24],[26,26,26]], (35,36)
3: 84, hand: 3,4,5,5,6,7,23,23, [[10,10,10],[10,11,12]], ()

Starting hand 9.
this.hand=9; this.draws=0; config.PRNG.seed(559108834); this.wind=3; this.windOfTheRound=1;
wall: 12,16,26,33,28,17,6,6,24,26,21,19,8,26,30,2,17,31,28,4,19,29,4,33,11,31,21,14,11,32,12,31,0,32,28,1,3,19,10,27,5,25,7,9,31,3,10,13,18,21,16,14,20,36,2,3,9,5,21,19,27,22,18,13,23,12,15,6,4,32,37,3,2,5,24,29,20,11,24,9,8,40,38,1,23,7,14,22,8,33,15,24,2,22,30,28,17,15,5,23,4,10,18,30,20,16,27,8,13,25,23,20,22,0,17,39,32,18,15,9,0,29,0,25,7,35,10,13,26,1,34,25,33,16,30,1,41,12,14,11,29,27,7,6
initial deal
tiles for 0: 6,6,8,12,16,17,19,21,24,26,26,28,33
tiles for 1: 2,4,4,11,17,19,26,28,29,30,31,31,33
tiles for 2: 0,1,3,10,11,12,14,19,21,28,31,32,32
tiles for 3: 3,5,7,9,10,13,14,16,18,21,25,27,31
prepare play
tiles for 0: 6,6,8,12,16,17,19,21,24,26,26,28,33 []
tiles for 1: 2,4,4,11,17,19,26,28,29,30,31,31,33 []
tiles for 2: 0,1,3,10,11,12,14,19,21,28,31,32,32 []
tiles for 3: 3,5,7,9,10,13,14,16,18,21,25,27,31 []
3 <  20
3  > 25
0 <  36
0 <  2
0  > 16
1 <  3
1  > 30
2 <  9
2  > 3
3 <  5
3  > 27
0 <  21
0  > 12
1 <  19
1  > 17
2 <  27
2  > 27
3 <  22
3  > 31
1 <  31 (8)
1 has [2,3,4,4,11,19,19,26,28,29,33], [[31,31,31]]
1  > 11
2 <  18
2  > 31
3 <  13
3  > 7
0 <  7 (5)
0 has [2,6,17,19,21,21,24,26,26,28,33], [[6,7,8]]
0  > 17
1 <  23
1  > 2
2 <  12
2  > 0
3 <  15
3  > 3
0 <  6
0  > 2
1 <  4
1  > 4
2 <  32
2  > 1
3 <  37
3 <  3
3  > 18
0 <  2
0  > 2
1 <  5
1  > 4
2 <  24
2  > 24
3 <  29
3  > 29
0 <  20
0  > 26
1 <  11
1  > 11
2 <  24
2  > 24
3 <  9
3  > 3
0 <  8
0  > 24
1 <  40
1 <  38
1 <  1
1  > 3
2 <  23
2  > 9
3 <  9 (8)
3 has [5,5,10,13,13,14,15,16,20,21,22], [[9,9,9]]
3  > 10
0 <  7
0  > 20
1 <  14
1  > 14
2 <  22
2  > 10
3 <  8
3  > 8
0 <  33
0  > 26
1 <  15
1  > 15
2 <  24
2  > 11
3 <  2
3  > 2
0 <  22
0  > 22
1 <  30
1  > 30
2 <  28
2  > 12
3 <  17
3  > 17
0 <  15
0  > 15
1 <  5
1  > 1
2 <  23
2  > 12
3 <  4
3  > 4
0 <  10
0  > 10
1 <  18
1  > 4
2 <  30
2  > 30
3 <  20
3  > 20
0 <  16
0  > 16
1 <  27
1  > 27
2 <  8
2  > 8
3 <  13
Player 3 wins hand 9! (hand took 216ms)
0: -80, hand: 6,6,7,8,19,21,21,28,33,33, [[6,7,8]], (36)
1: -26, hand: 5,5,18,19,19,23,26,28,29,33, [[31,31,31]], (40,38)
2: -38, hand: 14,18,19,21,22,23,23,24,28,28,32,32,32, [], ()
3: 144, hand: 5,5,13,13,13,14,15,16,20,21,22, [[9,9,9]], (37)

Starting hand 10.
this.hand=10; this.draws=0; config.PRNG.seed(948965101); this.wind=3; this.windOfTheRound=1;
wall: 34,24,25,6,2,18,38,18,17,23,31,39,16,13,24,32,6,8,3,27,28,11,16,25,33,22,17,14,29,1,18,32,19,4,33,7,30,26,23,9,2,13,28,5,15,3,10,21,22,25,9,24,0,1,20,4,5,30,0,30,20,13,28,33,4,12,24,14,29,26,16,10,17,17,37,27,31,2,9,3,35,14,8,27,11,19,14,22,12,6,21,26,8,10,15,4,7,40,2,12,33,26,18,28,0,6,21,19,10,12,9,3,5,36,29,32,23,19,7,15,1,15,20,29,13,11,25,21,31,7,5,27,41,1,32,22,0,8,16,31,23,20,30,11
initial deal
tiles for 0: 2,6,13,16,17,18,18,23,24,24,25,31,32
tiles for 1: 3,6,8,11,14,16,17,22,25,27,28,29,33
tiles for 2: 1,2,4,7,9,13,18,19,23,26,30,32,33
tiles for 3: 0,1,3,5,9,10,15,20,21,22,24,25,28
prepare play
tiles for 0: 2,6,13,16,17,18,18,23,24,24,25,31,32 []
tiles for 1: 3,6,8,11,14,16,17,22,25,27,28,29,33 []
tiles for 2: 1,2,4,7,9,13,18,19,23,26,30,32,33 []
tiles for 3: 0,1,3,5,9,10,15,20,21,22,24,25,28 []
3 <  4
3  > 15
0 <  5
0  > 17
1 <  30
1  > 30
2 <  0
2  > 30
3 <  30
3  > 30
0 <  20
0  > 16
1 <  13
1  > 27
2 <  28
2  > 9
3 <  33
3  > 33
0 <  4
0  > 13
1 <  12
1  > 3
2 <  24
2  > 13
3 <  14
3  > 14
0 <  29
0  > 29
1 <  26
1  > 6
2 <  16
2  > 16
3 <  10
3  > 28
0 <  17
0  > 17
1 <  17
1  > 8
2 <  37
2 <  27
2  > 27
3 <  31
3  > 31
0 <  2
0  > 18
1 <  9
1  > 22
2 <  22 (4)
2 has [0,1,2,4,7,18,19,26,28,32,33], [[22,23,24]]
2  > 26
3 <  26 (6)
3 has [0,1,3,4,5,9,10,10,20,21,22], [[24,25,26]]
3  > 9
0 <  3
0  > 20
1 <  35
1 <  14
1  > 9
2 <  8
2  > 8
3 <  27
3  > 27
0 <  11
0  > 11
1 <  19
1  > 19
2 <  14
2  > 14
3 <  22
3  > 22
0 <  12
0  > 12
1 <  6
1  > 6
2 <  21
2  > 1
3 <  26
3  > 26
0 <  8
0  > 25
1 <  10
1  > 17
2 <  15
2  > 15
3 <  4
3  > 4
0 <  4 (4)
0 has [2,2,3,4,8,18,23,24,24,31,32], [[4,5,6]]
0  > 24
1 <  24 (4)
1 has [10,11,12,13,14,14,16,17,28,29,33], [[24,25,26]]
1  > 16
2 <  7
2  > 2
3 <  2 (32)
3 has [3,4,5,10,10,20,21,22], [[24,25,26],[0,1,2]!]
Player 3 wins hand 10! (hand took 177ms)
0: -24, hand: 2,2,3,4,8,18,23,24,31,32, [[4,5,6]], (34,38,39)
1: -48, hand: 10,11,12,13,14,14,17,28,29,33, [[24,25,26]], (35)
2: -48, hand: 0,4,7,7,18,19,21,28,32,33, [[22,23,24]], (37)
3: 120, hand: 3,4,5,10,10,20,21,22, [[24,25,26],[0,1,2]!], ()

Starting hand 11.
this.hand=11; this.draws=0; config.PRNG.seed(841451762); this.wind=3; this.windOfTheRound=1;
wall: 5,19,4,25,26,19,29,24,20,32,19,0,27,11,0,2,15,17,30,9,17,29,28,32,37,14,18,5,12,27,10,32,36,29,3,27,21,26,3,28,10,12,7,5,31,4,29,22,7,0,23,25,21,18,22,23,25,41,17,14,11,7,4,33,22,38,8,7,10,10,20,15,9,1,20,9,30,20,0,35,26,1,2,9,23,8,13,13,22,18,24,13,34,13,16,27,2,16,6,31,39,16,4,33,18,16,14,21,14,3,8,17,12,12,15,28,28,1,30,21,8,11,15,31,19,11,33,6,26,32,2,30,31,6,1,3,24,25,33,6,24,23,5,40
initial deal
tiles for 0: 0,4,5,19,19,19,20,24,25,26,27,29,32
tiles for 1: 0,2,9,11,14,15,17,17,18,28,29,30,32
tiles for 2: 3,3,5,10,10,12,21,26,27,27,28,29,32
tiles for 3: 0,4,5,7,7,12,18,21,22,23,25,29,31
prepare play
tiles for 0: 0,4,5,19,19,19,20,24,25,26,27,29,32 []
tiles for 1: 0,2,9,11,14,15,17,17,18,28,29,30,32 []
tiles for 2: 3,3,5,10,10,12,21,26,27,27,28,29,32 []
tiles for 3: 0,4,5,7,7,12,18,21,22,23,25,29,31 []
3 <  22
3  > 29
0 <  23
0  > 29
1 <  25
1  > 30
2 <  41
2 <  17
2  > 29
3 <  14
3  > 0
0 <  11
0  > 27
2 <  27 (8)
2 has [3,3,5,10,10,12,17,21,26,28,32], [[27,27,27]]
2  > 26
3 <  7
3  > 18
0 <  4
0  > 11
1 <  33
1  > 29
2 <  22
2  > 5
3 <  38
3 <  8
3  > 31
0 <  7
0  > 0
1 <  10
1  > 0
2 <  10
2  > 3
3 <  3 (4)
3 has [7,7,7,8,12,14,21,22,22,23,25], [[3,4,5]]
3  > 14
0 <  20
0  > 20
1 <  15
1  > 2
2 <  9
2  > 3
3 <  1
3  > 1
0 <  20
0  > 23
1 <  9
1  > 18
2 <  30
2  > 30
3 <  20
3  > 12
0 <  0
0  > 0
1 <  35
1 <  26
1  > 15
2 <  1
2  > 1
3 <  2
3  > 2
0 <  9
0  > 9
1 <  23
1  > 11
2 <  8
2  > 8
3 <  13
3  > 13
0 <  13
0  > 13
1 <  22
1  > 9
2 <  18
2  > 18
3 <  24
3  > 8
0 <  13
0  > 13
1 <  34
1 <  13
1  > 13
2 <  16
2  > 9
3 <  27
3  > 27
0 <  2
0  > 25
3 <  25 (32)
3 has [7,7,7,20,21,22,22,23,24], [[3,4,5],[25,25]!]
Player 3 wins hand 11! (hand took 184ms)
0: -60, hand: 2,4,4,5,7,19,19,19,20,20,24,26,32, [], ()
1: -36, hand: 9,10,14,15,17,17,22,23,25,26,28,32,33, [], (37,35,34)
2: -24, hand: 10,10,10,12,16,17,21,22,28,32, [[27,27,27]], (36,41)
3: 120, hand: 7,7,7,20,21,22,22,23,24, [[3,4,5],[25,25]!], (38)

Starting hand 12.
this.hand=12; this.draws=0; config.PRNG.seed(1617899663); this.wind=3; this.windOfTheRound=1;
wall: 6,15,20,24,22,8,0,23,10,17,32,13,30,38,11,7,14,23,21,12,23,25,41,1,40,28,5,33,33,31,19,8,0,1,2,15,7,9,11,0,4,33,20,6,5,4,10,24,12,17,12,17,14,4,34,28,3,2,32,18,30,24,37,39,11,23,14,6,21,28,27,11,15,27,31,25,26,20,22,22,12,29,9,9,17,20,15,10,13,4,31,8,0,21,35,1,3,36,5,1,31,32,9,16,25,2,16,13,14,16,3,27,29,18,13,18,16,28,6,7,8,24,22,27,29,2,33,10,26,5,26,21,19,18,3,29,19,7,30,19,32,26,25,30
initial deal
tiles for 0: 0,6,8,10,13,15,17,20,22,23,24,30,32
tiles for 1: 1,5,7,11,12,14,21,23,23,25,28,33,33
tiles for 2: 0,0,1,2,4,7,8,9,11,15,19,31,33
tiles for 3: 4,4,5,6,10,12,12,14,17,17,20,24,28
prepare play
tiles for 0: 0,6,8,10,13,15,17,20,22,23,24,30,32 []
tiles for 1: 1,5,7,11,12,14,21,23,23,25,28,33,33 []
tiles for 2: 0,0,1,2,4,7,8,9,11,15,19,31,33 []
tiles for 3: 4,4,5,6,10,12,12,14,17,17,20,24,28 []
3 <  3
3  > 24
0 <  2
0  > 23
1 <  32
1  > 7
2 <  18
2  > 9
3 <  30
3  > 30
0 <  24
0  > 22
1 <  22 (5)
1 has [1,5,11,12,14,23,25,28,32,33,33], [[21,22,23]]
1  > 5
2 <  37
2 <  39
2 <  11
2  > 11
3 <  11 (5)
3 has [3,4,4,5,6,12,14,17,17,20,28], [[10,11,12]]
3  > 20
0 <  23
0  > 17
3 <  17 (8)
3 has [3,4,4,5,6,12,14,28], [[10,11,12],[17,17,17]]
3  > 28
0 <  14
0  > 10
1 <  6
1  > 1
2 <  21
2  > 15
3 <  28
3  > 28
0 <  27
0  > 27
1 <  11
1  > 6
2 <  15
2  > 15
3 <  27
3  > 27
0 <  31
0  > 13
1 <  25
1  > 12
2 <  26
2  > 11
3 <  20
3  > 20
0 <  22
0  > 14
1 <  22
1  > 11
2 <  12
2  > 12
3 <  29
3  > 29
0 <  9
0  > 9
1 <  9
1  > 14
2 <  17
2  > 17
3 <  20
3  > 20
0 <  15
0  > 15
1 <  10
1  > 9
2 <  13
2  > 13
3 <  13 (5)
3 has [3,4,4,5,6], [[10,11,12],[17,17,17],[12,13,14]]
3  > 6
0 <  4
0  > 15
1 <  31
1  > 11
2 <  8
2  > 26
3 <  0
3  > 0
0 <  21
0  > 23
1 <  35
1 <  1
1  > 1
2 <  3
2  > 8
3 <  36
3 <  5
3  > 5
0 <  5 (5)
0 has [0,2,8,20,21,22,24,24,30,31,32], [[4,5,6]]
0  > 8
1 <  1
1  > 1
2 <  31
2  > 8
3 <  32
3  > 32
0 <  9
0  > 9
1 <  16
1  > 10
2 <  25
2  > 25
3 <  2
3  > 2
0 <  16
0  > 16
1 <  13
1  > 13
2 <  14
2  > 14
3 <  16
3  > 16
0 <  3
0  > 24
1 <  24 (6)
1 has [16,25,25,28,31,32,33,33], [[21,22,23],[22,23,24]]
1  > 16
2 <  27
2  > 27
3 <  29
3  > 29
0 <  18
0  > 24
1 <  13
1  > 13
2 <  18
2  > 7
3 <  16
3  > 16
0 <  28
0  > 28
1 <  6
1  > 6
2 <  7
2  > 7
3 <  8
3  > 8
0 <  24
0  > 24
1 <  22
1  > 28
2 <  27
2  > 27
3 <  29
3  > 29
0 <  2
0  > 32
1 <  33
1  > 22
2 <  10
2  > 10
Hand was a draw.

Restarting hand 12.
this.hand=12; this.draws=1; config.PRNG.seed(666770648); this.wind=3; this.windOfTheRound=1;
wall: 22,33,11,29,17,12,0,24,1,29,3,40,8,9,5,22,4,20,28,3,2,31,16,5,27,0,13,32,5,4,6,18,24,11,25,25,22,24,0,31,17,7,30,5,7,9,12,25,3,7,33,4,29,9,11,33,6,25,15,34,14,30,21,31,20,18,8,16,14,26,8,38,6,36,37,21,10,10,10,32,28,31,28,13,19,23,29,4,16,8,27,19,21,2,32,1,24,19,23,0,39,12,19,10,12,22,13,6,30,41,35,9,20,15,21,20,1,23,14,23,18,1,15,3,11,26,18,7,15,27,26,33,26,17,13,2,28,16,2,17,27,30,14,32
initial deal
tiles for 0: 0,1,3,8,9,11,12,17,22,24,29,29,33
tiles for 1: 0,2,3,4,5,5,13,16,20,22,27,28,31
tiles for 2: 0,4,5,6,11,18,22,24,24,25,25,31,32
tiles for 3: 3,4,5,7,7,7,9,12,17,25,29,30,33
prepare play
tiles for 0: 0,1,3,8,9,11,12,17,22,24,29,29,33 []
tiles for 1: 0,2,3,4,5,5,13,16,20,22,27,28,31 []
tiles for 2: 0,4,5,6,11,18,22,24,24,25,25,31,32 []
tiles for 3: 3,4,5,7,7,7,9,12,17,25,29,30,33 []
3 <  9
3  > 30
0 <  11
0  > 22
1 <  33
1  > 27
2 <  6
2  > 11
3 <  25
3  > 29
0 <  15
0  > 24
1 <  34
1 <  14
1  > 13
2 <  30
2  > 30
3 <  21
3  > 17
0 <  31
0  > 8
1 <  20
1  > 16
2 <  18
2  > 0
3 <  8
3  > 21
0 <  16
0  > 11
1 <  14
1  > 14
2 <  26
2  > 6
3 <  6 (6)
3 has [3,7,7,7,8,9,9,12,25,25,33], [[4,5,6]]
3  > 3
0 <  8
0  > 8
1 <  38
1 <  6
1  > 14
2 <  36
2 <  37
2 <  21
2  > 5
3 <  10
3  > 33
0 <  10
0  > 10
1 <  10
1  > 10
2 <  32
2  > 6
3 <  6 (4)
3 has [7,7,9,9,10,12,25,25], [[4,5,6],[6,7,8]]
3  > 12
0 <  28
0  > 15
1 <  31
1  > 0
2 <  28
2  > 4
3 <  13
3  > 13
0 <  19
0  > 19
1 <  23
1  > 3
2 <  29
2  > 29
0 <  29 (8)
0 has [0,1,3,9,11,12,16,17,28,31,33], [[29,29,29]]
0  > 11
1 <  4
1  > 2
2 <  16
2  > 16
3 <  8
3  > 10
0 <  27
0  > 27
1 <  19
1  > 6
2 <  21
2  > 31
1 <  31 (8)
1 has [4,4,5,5,19,20,20,22,23,28,33], [[31,31,31]]
1  > 5
2 <  2
2  > 2
3 <  32
3  > 32
2 <  32 (8)
2 has [18,18,21,21,22,24,24,25,25,26,28], [[32,32,32]]
2  > 28
3 <  1
3  > 1
0 <  24
0  > 31
1 <  19
1  > 33
2 <  23
2  > 21
3 <  0
3  > 0
0 <  39
0 <  12
0  > 24
1 <  24 (6)
1 has [4,4,5,19,19,20,20,28], [[31,31,31],[22,23,24]]
1  > 28
2 <  19
2  > 19
1 <  19 (8)
1 has [4,4,5,20,20], [[31,31,31],[22,23,24],[19,19,19]]
1  > 4
2 <  10
2  > 10
3 <  12
3  > 12
0 <  12 (8)
0 has [0,1,3,9,16,17,28,33], [[29,29,29],[12,12,12]]
0  > 9
3 <  9 (8)
3 has [7,7,8,25,25], [[4,5,6],[6,7,8],[9,9,9]]
3  > 8
0 <  22
0  > 22
1 <  13
1  > 13
2 <  6
2  > 6
1 <  6 (32)
1 has [20,20], [[31,31,31],[22,23,24],[19,19,19],[4,5,6]!]
Player 1 wins hand 12! (hand took 214ms)
0: -48, hand: 0,1,3,16,17,28,33, [[29,29,29],[12,12,12]], (40,39)
1: 192, hand: 20,20, [[31,31,31],[22,23,24],[19,19,19],[4,5,6]!], (34,38)
2: -18, hand: 18,18,21,22,23,24,24,25,25,26, [[32,32,32]], (36,37)
3: -126, hand: 7,7,25,25, [[4,5,6],[6,7,8],[9,9,9]], ()

Starting hand 13.
this.hand=13; this.draws=0; config.PRNG.seed(1106648378); this.wind=0; this.windOfTheRound=2;
wall: 5,26,31,13,19,24,0,14,33,32,1,27,32,7,1,11,9,10,0,5,2,28,6,4,29,8,29,38,7,3,10,17,7,17,26,35,4,23,5,25,12,15,22,22,40,3,8,20,26,33,32,24,20,31,22,6,12,9,34,18,11,20,22,23,32,30,3,36,30,0,14,9,17,33,39,10,20,16,13,28,18,14,16,21,11,12,21,1,28,37,28,8,15,10,7,13,18,26,5,17,14,19,15,15,19,25,4,30,8,27,4,33,21,41,2,31,31,9,16,6,11,27,19,13,24,16,6,27,18,2,23,1,3,29,23,12,24,21,2,30,25,29,0,25
initial deal
tiles for 0: 0,1,5,13,14,19,24,26,27,31,32,32,33
tiles for 1: 0,1,2,4,5,6,7,8,9,10,11,28,29
tiles for 2: 3,4,5,7,7,10,12,17,17,23,25,26,29
tiles for 3: 3,8,15,20,20,22,22,22,24,26,31,32,33
prepare play
tiles for 0: 0,1,5,13,14,19,24,26,27,31,32,32,33 []
tiles for 1: 0,1,2,4,5,6,7,8,9,10,11,28,29 []
tiles for 2: 3,4,5,7,7,10,12,17,17,23,25,26,29 []
tiles for 3: 3,8,15,20,20,22,22,22,24,26,31,32,33 []
0 <  6
0  > 14
1 <  12
1  > 28
2 <  9
2  > 3
3 <  34
3 <  18
3  > 8
0 <  11
0  > 13
1 <  20
1  > 20
3 <  20 (8)
3 has [3,15,18,22,22,22,24,26,31,32,33], [[20,20,20]]
3  > 3
0 <  22
0  > 11
1 <  23
1  > 23
2 <  32
2  > 7
3 <  30
3  > 30
0 <  3
0  > 22
3 <  22 (16)
3 has [15,18,24,26,31,32,33], [[20,20,20],[22,22,22,22]]
3 <  36
3 <  30
3  > 30
0 <  0
0  > 26
1 <  14
1  > 11
2 <  9
2  > 4
3 <  17
3  > 18
0 <  33
0  > 19
1 <  39
1 <  10
1  > 10
2 <  20
2  > 5
3 <  16
3  > 32
0 <  32 (8)
0 has [0,0,1,3,5,6,24,27,31,33,33], [[32,32,32]]
0  > 24
1 <  13
1  > 10
2 <  28
2  > 32
3 <  18
3  > 18
0 <  14
0  > 14
1 <  16
1  > 13
2 <  21
2  > 28
3 <  11
3  > 11
0 <  12
0  > 12
1 <  21
1  > 21
2 <  1
2  > 7
3 <  28
3  > 33
0 <  33 (8)
0 has [0,0,1,3,5,6,27,31], [[32,32,32],[33,33,33]]
0  > 27
1 <  37
1 <  28
1  > 28
2 <  8
2  > 1
3 <  15
3  > 28
0 <  10
0  > 10
1 <  7
1  > 9
2 <  13
2  > 8
3 <  18
3  > 18
0 <  26
0  > 26
1 <  5
1  > 12
2 <  17
2  > 9
3 <  14
3  > 31
0 <  19
0  > 19
1 <  15
1  > 15
3 <  15 (8)
3 has [14,16,17,24,26], [[20,20,20],[22,22,22,22],[15,15,15]]
3  > 24
0 <  15
0  > 15
1 <  19
1  > 16
2 <  25
2  > 17
3 <  4
3  > 16
0 <  30
0  > 30
1 <  8
1  > 14
2 <  27
2  > 27
3 <  4
3  > 26
0 <  33
0  > 33
1 <  21
1  > 29
2 <  41
2 <  2
2  > 2
3 <  31
3  > 14
0 <  31
0  > 3
1 <  3 (6)
1 has [0,4,5,5,6,7,7,8,8,19,21], [[1,2,3]]
1  > 0
0 <  0 (8)
0 has [1,5,6,31,31], [[32,32,32],[33,33,33],[0,0,0]]
0  > 1
1 <  9
1  > 9
2 <  16
2  > 16
3 <  6
3  > 17
2 <  17 (8)
2 has [9,10,12,13,20,21,23,25,25,26,29], [[17,17,17]]
2  > 29
3 <  11
3  > 11
0 <  27
0  > 27
1 <  19
1  > 8
2 <  13
2  > 12
3 <  24
3  > 24
0 <  16
0  > 16
1 <  6
1  > 19
2 <  19 (4)
2 has [9,10,13,13,23,25,25,26], [[17,17,17],[19,20,21]]
2  > 9
3 <  27
3  > 27
Hand was a draw.

Restarting hand 13.
this.hand=13; this.draws=1; config.PRNG.seed(1266885114); this.wind=0; this.windOfTheRound=2;
wall: 15,2,6,27,9,3,38,31,9,3,23,5,1,27,19,17,35,4,25,31,15,40,13,29,8,30,14,12,21,25,16,23,15,23,5,39,29,1,20,5,8,19,33,26,20,11,21,29,14,24,5,14,7,0,4,16,2,31,3,0,2,4,0,7,17,25,26,27,22,13,19,41,22,26,8,28,13,31,16,6,11,28,12,33,2,4,32,18,36,32,24,30,10,9,22,6,34,27,19,24,17,28,1,11,25,3,32,28,29,33,11,20,10,22,24,1,8,18,18,15,9,14,7,21,26,12,10,12,30,37,7,23,17,20,13,33,30,6,10,0,32,16,21,18
initial deal
tiles for 0: 1,2,3,3,5,6,9,9,15,23,27,27,31
tiles for 1: 4,8,12,13,14,15,17,19,21,25,29,30,31
tiles for 2: 1,5,5,8,15,16,19,20,23,23,25,29,33
tiles for 3: 0,4,5,7,11,14,14,16,20,21,24,26,29
prepare play
tiles for 0: 1,2,3,3,5,6,9,9,15,23,27,27,31 []
tiles for 1: 4,8,12,13,14,15,17,19,21,25,29,30,31 []
tiles for 2: 1,5,5,8,15,16,19,20,23,23,25,29,33 []
tiles for 3: 0,4,5,7,11,14,14,16,20,21,24,26,29 []
0 <  2
0  > 23
2 <  23 (8)
2 has [1,5,5,8,15,16,19,20,25,29,33], [[23,23,23]]
2  > 15
3 <  15 (5)
3 has [0,4,5,7,11,14,20,21,24,26,29], [[14,15,16]]
3  > 0
0 <  31
0  > 9
1 <  3
1  > 3
0 <  3 (8)
0 has [1,2,2,5,6,9,15,27,27,31,31], [[3,3,3]]
0  > 15
1 <  0
1  > 0
2 <  2
2  > 16
3 <  4
3  > 11
0 <  0
0  > 9
1 <  7
1  > 7
2 <  17
2  > 17
3 <  25
3  > 14
0 <  26
0  > 26
1 <  27
1  > 27
0 <  27 (8)
0 has [0,1,2,2,5,6,31,31], [[3,3,3],[27,27,27]]
0  > 6
1 <  22
1  > 4
3 <  4 (8)
3 has [5,7,20,21,24,25,26,29], [[14,15,16],[4,4,4]]
3  > 29
0 <  13
0  > 13
1 <  19
1  > 8
2 <  41
2 <  22
2  > 25
3 <  26
3  > 7
0 <  8
0  > 8
1 <  28
1  > 28
2 <  13
2  > 13
3 <  31
3  > 5
0 <  16
0  > 16
1 <  6
1  > 6
2 <  11
2  > 11
3 <  28
3  > 28
0 <  12
0  > 12
1 <  33
1  > 13
2 <  2
2  > 8
3 <  4
3  > 4
0 <  32
0  > 5
1 <  18
1  > 15
2 <  36
2 <  32
2  > 5
3 <  24
3  > 31
0 <  31 (8)
0 has [0,1,2,2,32], [[3,3,3],[27,27,27],[31,31,31]]
0  > 32
1 <  30
1  > 31
2 <  10
2  > 10
3 <  9
3  > 9
0 <  22
0  > 22
1 <  6
1  > 6
2 <  34
2 <  27
2  > 27
3 <  19
3  > 25
0 <  24
0  > 24
3 <  24 (32)
3 has [19,20,21,26,26], [[14,15,16],[4,4,4],[24,24,24]!]
Player 3 wins hand 13! (hand took 167ms)
0: 140, hand: 0,1,2,2, [[3,3,3],[27,27,27],[31,31,31]], (38)
1: -114, hand: 12,14,17,18,19,19,21,22,25,29,30,30,33, [], (35,40)
2: -82, hand: 1,2,2,5,19,20,22,29,32,33, [[23,23,23]], (39,41,36,34)
3: 56, hand: 19,20,21,26,26, [[14,15,16],[4,4,4],[24,24,24]!], ()

Starting hand 14.
this.hand=14; this.draws=0; config.PRNG.seed(1675920045); this.wind=1; this.windOfTheRound=2;
wall: 19,16,14,3,2,23,10,20,5,31,37,25,1,4,14,21,36,13,27,32,14,0,11,17,32,22,23,0,22,12,27,38,33,32,20,3,24,20,4,31,6,25,20,18,16,33,28,33,6,10,17,13,9,25,9,12,26,22,18,5,2,30,34,12,7,18,3,8,28,29,17,41,30,0,26,15,8,3,7,24,10,29,21,15,15,5,21,8,6,14,26,35,13,29,13,17,15,2,1,19,30,12,16,23,28,16,11,4,9,1,10,0,31,8,27,11,19,18,4,26,7,40,24,32,33,2,23,1,30,22,25,21,24,19,31,11,5,28,39,9,7,29,27,6
initial deal
tiles for 0: 1,2,3,4,5,10,14,16,19,20,23,25,31
tiles for 1: 0,0,11,13,14,14,17,21,22,23,27,32,32
tiles for 2: 3,4,6,12,20,20,22,24,25,27,31,32,33
tiles for 3: 6,9,9,10,13,16,17,18,20,25,28,33,33
prepare play
tiles for 0: 1,2,3,4,5,10,14,16,19,20,23,25,31 []
tiles for 1: 0,0,11,13,14,14,17,21,22,23,27,32,32 []
tiles for 2: 3,4,6,12,20,20,22,24,25,27,31,32,33 []
tiles for 3: 6,9,9,10,13,16,17,18,20,25,28,33,33 []
1 <  12
1  > 0
2 <  26
2  > 27
3 <  22
3  > 28
0 <  18
0  > 14
1 <  5
1  > 5
2 <  2
2  > 12
3 <  30
3  > 30
0 <  34
0 <  12
0  > 12
1 <  7
1  > 0
2 <  18
2  > 4
3 <  3
3  > 25
0 <  8
0  > 16
1 <  28
1  > 28
2 <  29
2  > 6
3 <  17
3  > 6
0 <  6 (6)
0 has [1,2,3,8,10,18,19,20,23,25,31], [[4,5,6]]
0  > 10
1 <  41
1 <  30
1  > 30
2 <  0
2  > 3
3 <  26
3  > 3
0 <  15
0  > 15
1 <  8
1  > 7
2 <  3
2  > 3
3 <  7
3  > 26
0 <  24
0  > 8
1 <  10
1  > 8
2 <  29
2  > 0
3 <  21
3  > 13
0 <  15
0  > 15
1 <  15
1  > 10
2 <  5
2  > 2
3 <  21
3  > 7
0 <  8
0  > 8
1 <  6
1  > 6
2 <  14
2  > 14
3 <  26
3  > 26
0 <  35
0 <  13
0  > 13
1 <  29
1  > 14
2 <  13
2  > 13
3 <  17
3  > 18
0 <  15
0  > 15
1 <  2
1  > 2
2 <  1
2  > 1
3 <  19
3  > 16
0 <  30
0  > 30
1 <  12
1  > 17
3 <  17 (16)
3 has [9,9,10,19,20,21,21,22,33,33], [[17,17,17,17]]
3 <  16
3  > 16
0 <  23
0  > 23
1 <  28
1  > 28
2 <  16
2  > 5
3 <  11
3  > 22
0 <  4
0  > 4
1 <  9
1  > 15
2 <  1
2  > 16
3 <  10
3  > 10
0 <  0
0  > 0
1 <  31
1  > 27
2 <  8
2  > 1
3 <  27
3  > 27
0 <  11
0  > 11
1 <  19
1  > 29
2 <  29 (8)
2 has [8,18,20,20,22,24,25,26,31,32,33], [[29,29,29]]
2  > 8
3 <  18
3  > 11
0 <  4
0  > 4
1 <  26
1  > 26
2 <  7
2  > 7
3 <  40
3 <  24
3  > 24
0 <  32
0  > 32
1 <  32 (8)
1 has [9,11,12,12,13,14,19,21,22,23,31], [[32,32,32]]
1  > 31
0 <  31 (32)
0 has [1,2,3,18,19,20,23,24,25], [[4,5,6],[31,31]!]
Player 0 wins hand 14! (hand took 261ms)
0: 208, hand: 1,2,3,18,19,20,23,24,25, [[4,5,6],[31,31]!], (37,34,35)
1: -84, hand: 9,11,12,12,13,14,19,21,22,23, [[32,32,32]], (36,41)
2: -74, hand: 18,20,20,22,24,25,26,31,32,33, [[29,29,29]], (38)
3: -50, hand: 9,9,10,18,19,20,21,21,33,33, [[17,17,17,17]], (40)

Starting hand 15.
this.hand=15; this.draws=0; config.PRNG.seed(1942071446); this.wind=2; this.windOfTheRound=2;
wall: 19,27,30,29,19,19,18,11,20,40,25,9,8,29,23,25,14,20,4,22,12,11,31,1,16,3,18,28,2,27,14,8,31,8,37,23,10,30,16,7,10,14,3,13,10,15,9,32,0,22,21,26,29,25,24,28,4,22,31,18,17,5,14,12,21,30,41,7,17,13,17,27,8,34,26,17,9,24,0,16,2,28,5,32,25,32,5,4,31,19,2,23,1,7,38,33,33,13,3,32,3,21,6,12,10,4,29,33,11,1,26,12,2,6,7,28,24,1,5,6,23,16,33,36,39,11,15,13,22,21,6,9,30,15,20,15,18,0,27,20,0,24,35,26
initial deal
tiles for 0: 8,9,11,18,19,19,19,20,25,27,29,29,30
tiles for 1: 1,3,4,11,12,14,16,18,20,22,23,25,31
tiles for 2: 2,7,8,8,10,10,14,16,23,27,28,30,31
tiles for 3: 0,3,9,10,13,14,15,21,22,25,26,29,32
prepare play
tiles for 0: 8,9,11,18,19,19,19,20,25,27,29,29,30 []
tiles for 1: 1,3,4,11,12,14,16,18,20,22,23,25,31 []
tiles for 2: 2,7,8,8,10,10,14,16,23,27,28,30,31 []
tiles for 3: 0,3,9,10,13,14,15,21,22,25,26,29,32 []
2 <  24
2  > 30
3 <  28
3  > 28
0 <  4
0  > 30
1 <  22
1  > 3
2 <  31
2  > 28
3 <  18
3  > 0
0 <  17
0  > 27
1 <  5
1  > 5
2 <  14
2  > 8
3 <  12
3  > 3
0 <  21
0  > 17
1 <  30
1  > 30
2 <  41
2 <  7
2  > 7
3 <  17
3  > 18
0 <  13
0  > 11
1 <  17
1  > 1
2 <  27
2  > 8
3 <  8
3  > 8
0 <  34
0 <  26
0  > 13
1 <  17
1  > 4
2 <  9
2  > 7
3 <  24
3  > 32
0 <  0
0  > 9
1 <  16
1  > 12
2 <  2
2  > 2
3 <  28
3  > 28
0 <  5
0  > 0
1 <  32
1  > 17
2 <  25
2  > 2
3 <  32
3  > 29
0 <  5
0  > 8
1 <  4
1  > 4
2 <  31
2  > 16
3 <  16 (6)
3 has [9,10,12,13,17,21,22,24,25,26,32], [[14,15,16]]
3  > 17
0 <  19
0 locks [19,19,19,19]
0 <  2 (supplement)
0  > 26
1 <  23
1  > 18
2 <  1
2  > 1
3 <  7
3  > 7
0 <  38
0 <  33
0  > 25
1 <  33
1  > 17
2 <  13
2  > 13
3 <  3
3  > 3
0 <  32
0  > 21
1 <  21 (5)
1 has [11,14,16,16,22,23,23,25,31,32,33], [[20,21,22]]
1  > 11
2 <  3
2  > 3
3 <  21
3  > 32
0 <  6
0  > 20
1 <  12
1  > 12
2 <  10
2  > 14
3 <  14 (6)
3 has [9,10,21,21,22,24,25,26], [[14,15,16],[12,13,14]]
3  > 10
0 <  4
0  > 18
1 <  29
1  > 14
2 <  33
2  > 9
3 <  11
3  > 11
0 <  1
0  > 33
1 <  26
1  > 16
2 <  12
2  > 10
3 <  2
3  > 9
0 <  6
0  > 32
1 <  7
1  > 7
2 <  28
2  > 28
3 <  24
3  > 2
0 <  1
0  > 1
1 <  5
1  > 32
2 <  6
2  > 6
3 <  23
Player 3 wins hand 15! (hand took 247ms)
0: -16, hand: 1,2,4,4,5,5,6,6,29,29, [[19,19,19,19]], (40,34,38)
1: -82, hand: 5,16,22,23,23,25,26,29,31,33, [[20,21,22]], ()
2: 2, hand: 10,10,12,14,23,24,25,27,27,31,31,31,33, [], (37,41)
3: 96, hand: 21,21,22,23,24,24,25,26, [[14,15,16],[12,13,14]], ()

Starting hand 16.
this.hand=16; this.draws=0; config.PRNG.seed(2053210593); this.wind=3; this.windOfTheRound=2;
wall: 26,41,26,15,32,13,17,25,1,19,32,9,7,13,24,10,22,2,27,18,28,0,22,13,5,27,24,21,29,3,32,8,7,22,6,14,23,0,4,10,14,16,2,32,7,19,21,20,19,39,33,12,37,21,5,0,7,31,15,26,33,29,17,18,28,14,8,30,30,1,3,14,5,35,20,28,40,21,11,30,33,31,19,4,10,26,22,9,28,1,24,4,17,16,11,2,2,9,6,36,13,31,20,5,8,16,18,29,0,15,3,6,31,12,1,17,8,34,25,3,11,4,29,18,38,24,27,33,25,12,27,23,12,11,23,25,9,15,20,6,16,30,10,23
initial deal
tiles for 0: 1,7,9,13,13,15,17,19,25,26,26,32,32
tiles for 1: 0,2,5,10,13,18,22,22,24,24,27,27,28
tiles for 2: 0,3,4,6,7,8,10,14,21,22,23,29,32
tiles for 3: 2,5,7,12,14,16,19,19,20,21,21,32,33
prepare play
tiles for 0: 1,7,9,13,13,15,17,19,25,26,26,32,32 []
tiles for 1: 0,2,5,10,13,18,22,22,24,24,27,27,28 []
tiles for 2: 0,3,4,6,7,8,10,14,21,22,23,29,32 []
tiles for 3: 2,5,7,12,14,16,19,19,20,21,21,32,33 []
3 <  0
3  > 32
0 <  32 (8)
0 has [1,7,9,13,13,15,17,19,25,26,26], [[32,32,32]]
0  > 1
1 <  7
1  > 28
2 <  31
2  > 32
3 <  15
3  > 33
0 <  26
0  > 7
1 <  33
1  > 13
2 <  29
2  > 14
3 <  14 (4)
3 has [0,2,5,7,12,14,19,19,20,21,21], [[14,15,16]]
3  > 0
0 <  17
0  > 26
1 <  18
1  > 10
2 <  28
2  > 10
3 <  14
3  > 2
0 <  8
0  > 8
1 <  30
1  > 30
2 <  30
2  > 30
3 <  1
3  > 1
0 <  3
0  > 3
1 <  14
1  > 14
3 <  14 (8)
3 has [5,7,12,19,19,20,21,21], [[14,15,16],[14,14,14]]
3  > 12
0 <  5
0  > 26
1 <  35
1 <  20
1  > 5
2 <  28
2  > 4
3 <  40
3 <  21
3  > 7
0 <  11
0  > 25
1 <  30
1  > 30
2 <  33
2  > 6
3 <  31
3  > 5
0 <  19
0  > 19
3 <  19 (8)
3 has [20,21,21,21,31], [[14,15,16],[14,14,14],[19,19,19]]
3  > 31
0 <  4
0  > 26
1 <  10
1  > 10
2 <  26
2  > 3
3 <  22
Player 3 wins hand 16! (hand took 116ms)
0: -32, hand: 4,5,9,11,13,13,15,17,17,19, [[32,32,32]], (41)
1: -68, hand: 0,2,7,18,18,20,22,22,24,24,27,27,33, [], (35)
2: -68, hand: 0,7,8,21,22,23,26,28,28,29,29,31,33, [], ()
3: 168, hand: 20,21,21,21,22, [[14,15,16],[14,14,14],[19,19,19]], (39,37,40)

Starting hand 17.
this.hand=17; this.draws=0; config.PRNG.seed(1073578977); this.wind=3; this.windOfTheRound=2;
wall: 32,4,16,28,1,4,34,3,33,5,3,20,29,9,2,31,25,25,17,38,22,37,2,26,30,41,17,17,33,11,30,0,32,12,23,32,8,29,9,19,14,20,11,22,39,19,3,6,23,27,6,13,7,21,31,22,14,13,24,12,24,31,24,18,8,18,14,0,27,4,16,9,33,7,40,19,30,36,11,16,12,28,1,29,30,10,24,22,1,13,1,8,21,27,2,18,15,29,25,26,25,10,32,28,5,0,12,9,27,5,11,21,23,2,35,8,15,20,26,10,5,6,31,7,3,33,19,6,26,15,14,7,13,16,23,17,0,15,21,18,20,28,4,10
initial deal
tiles for 0: 1,3,3,4,4,5,9,16,20,28,29,32,33
tiles for 1: 2,2,11,17,17,17,22,25,25,26,30,31,33
tiles for 2: 0,8,9,11,12,14,19,20,23,29,30,32,32
tiles for 3: 3,6,6,7,13,14,19,21,22,22,23,27,31
prepare play
tiles for 0: 1,3,3,4,4,5,9,16,20,28,29,32,33 []
tiles for 1: 2,2,11,17,17,17,22,25,25,26,30,31,33 []
tiles for 2: 0,8,9,11,12,14,19,20,23,29,30,32,32 []
tiles for 3: 3,6,6,7,13,14,19,21,22,22,23,27,31 []
3 <  13
3  > 3
0 <  3 (8)
0 has [1,4,4,5,9,16,20,28,29,32,33], [[3,3,3]]
0  > 28
1 <  24
1  > 30
2 <  12
2  > 30
3 <  24
3  > 31
0 <  31
0  > 20
1 <  24
1  > 2
2 <  18
2  > 0
3 <  8
3  > 27
0 <  18
0  > 18
1 <  14
1  > 2
2 <  0
2  > 0
3 <  27
3  > 27
0 <  4
0  > 16
1 <  16
1  > 16
2 <  9
2  > 8
3 <  33
3  > 33
0 <  7
0  > 9
1 <  40
1 <  19
1  > 11
2 <  30
2  > 30
3 <  36
3 <  11
3  > 11
0 <  16
0  > 16
1 <  12
1  > 14
2 <  28
2  > 23
3 <  23 (5)
3 has [6,6,7,8,13,13,14,19,21,22,23], [[22,23,24]]
3  > 19
0 <  1
0  > 33
1 <  29
1  > 12
2 <  30
2  > 30
3 <  10
3  > 10
0 <  24
0  > 24
1 <  24 (8)
1 has [17,17,17,19,22,25,25,26,29,31,33], [[24,24,24]]
1  > 17
2 <  22
2  > 14
3 <  1
3  > 1
0 <  1 (8)
0 has [4,4,4,5,7,29,31,32], [[3,3,3],[1,1,1]]
0  > 31
1 <  13
1  > 17
2 <  1
2  > 1
3 <  8
3  > 14
0 <  21
0  > 21
1 <  27
1  > 27
2 <  2
2  > 2
3 <  18
3  > 18
0 <  15
0  > 15
1 <  29
1  > 13
2 <  25
2  > 25
1 <  25 (8)
1 has [17,19,22,26,29,29,31,33], [[24,24,24],[25,25,25]]
1  > 17
2 <  26
2  > 11
3 <  25
3  > 25
0 <  10
0  > 10
1 <  32
1  > 22
2 <  28
2  > 12
3 <  5
3  > 5
0 <  0
0  > 0
1 <  12
1  > 12
2 <  9
2  > 9
3 <  27
3  > 27
0 <  5
0  > 29
1 <  29 (8)
1 has [19,26,31,32,33], [[24,24,24],[25,25,25],[29,29,29]]
1  > 19
2 <  11
2  > 29
3 <  21
3  > 21
0 <  23
0  > 23
1 <  2
1  > 2
2 <  35
2 <  8
2  > 26
3 <  15
3  > 15
0 <  20
0  > 20
1 <  26
1  > 33
2 <  10
2  > 8
3 <  5
3  > 5
0 <  5 (8)
0 has [4,4,4,7,32], [[3,3,3],[1,1,1],[5,5,5]]
0  > 7
3 <  7 (32)
3 has [6,7,8,13,13,21,22,23], [[22,23,24],[6,7,8]!]
Player 3 wins hand 17! (hand took 260ms)
0: -148, hand: 4,4,4,32, [[3,3,3],[1,1,1],[5,5,5]], (34)
1: 98, hand: 26,26,31,32, [[24,24,24],[25,25,25],[29,29,29]], (38,37,41,40)
2: -166, hand: 9,9,10,11,12,18,19,20,22,28,28,32,32, [], (35)
3: 216, hand: 6,7,8,13,13,21,22,23, [[22,23,24],[6,7,8]!], (39,36)

Starting hand 18.
this.hand=18; this.draws=0; config.PRNG.seed(1533197391); this.wind=3; this.windOfTheRound=2;
wall: 19,18,21,26,24,29,20,5,19,29,27,3,30,28,15,26,23,1,22,23,18,15,25,30,27,5,13,32,14,41,4,24,18,12,0,20,4,15,26,11,25,13,7,32,2,14,22,12,7,6,25,1,16,9,36,2,8,9,10,39,33,30,22,6,40,17,15,0,7,33,20,16,5,23,28,11,28,24,38,16,35,8,27,10,22,13,0,25,32,29,32,0,33,17,2,10,6,21,21,14,1,11,20,21,12,31,13,37,8,34,19,9,1,30,3,3,6,4,16,24,7,3,14,18,29,17,23,31,17,19,4,12,26,11,31,27,33,2,31,9,28,10,8,5
initial deal
tiles for 0: 3,5,18,19,19,20,21,24,26,27,29,29,30
tiles for 1: 1,5,15,15,18,22,23,23,25,26,27,28,30
tiles for 2: 0,4,4,11,12,13,14,15,18,20,24,26,32
tiles for 3: 1,2,6,7,7,12,13,14,16,22,25,25,32
prepare play
tiles for 0: 3,5,18,19,19,20,21,24,26,27,29,29,30 []
tiles for 1: 1,5,15,15,18,22,23,23,25,26,27,28,30 []
tiles for 2: 0,4,4,11,12,13,14,15,18,20,24,26,32 []
tiles for 3: 1,2,6,7,7,12,13,14,16,22,25,25,32 []
3 <  9
3  > 9
0 <  36
0 <  2
0  > 27
1 <  8
1  > 28
2 <  9
2  > 0
3 <  0 (4)
3 has [6,7,7,12,13,14,16,22,25,25,32], [[0,1,2]]
3  > 22
0 <  10
0  > 10
1 <  39
1 <  33
1  > 30
2 <  30
2  > 30
3 <  22
3  > 22
0 <  6
0  > 26
1 <  40
1 <  17
1  > 27
2 <  15
2  > 4
3 <  0
3  > 0
0 <  7
0  > 20
1 <  33
1  > 15
2 <  20
2  > 4
3 <  16
3  > 32
0 <  5
0  > 19
1 <  23
1  > 15
2 <  28
2  > 15
3 <  15 (6)
3 has [6,7,7,12,16,16,25,25], [[0,1,2],[13,14,15]]
3  > 12
0 <  11
0  > 11
1 <  28
1  > 28
2 <  24
2  > 15
3 <  38
3 <  16
3  > 6
0 <  35
0 <  8
0  > 21
1 <  21 (4)
1 has [1,5,8,17,18,23,23,25,26,33,33], [[21,22,23]]
1  > 17
2 <  27
2  > 27
3 <  10
3  > 10
0 <  22
0  > 24
1 <  24 (5)
1 has [1,5,8,18,23,26,33,33], [[21,22,23],[23,24,25]]
1  > 18
2 <  13
2  > 13
3 <  0
3  > 0
0 <  25
0  > 25
3 <  25 (32)
3 has [7,7,16,16,16], [[0,1,2],[13,14,15],[25,25,25]!]
Player 3 wins hand 18! (hand took 139ms)
0: -34, hand: 2,3,5,5,6,7,8,18,19,22,29,29,30, [], (36,35)
1: -34, hand: 1,5,8,23,26,33,33, [[21,22,23],[23,24,25]], (39,40)
2: -52, hand: 9,11,12,13,14,18,20,20,24,24,26,28,32, [], (41)
3: 120, hand: 7,7,16,16,16, [[0,1,2],[13,14,15],[25,25,25]!], (38)

Starting hand 19.
this.hand=19; this.draws=0; config.PRNG.seed(1752355975); this.wind=3; this.windOfTheRound=2;
wall: 16,40,12,16,7,29,11,16,12,39,28,15,5,31,19,4,9,18,4,7,15,36,32,25,25,11,12,1,10,8,30,37,14,24,5,14,24,20,38,6,28,6,22,33,2,1,0,23,29,29,14,20,7,18,8,2,5,30,23,33,26,13,15,28,21,27,28,0,10,22,4,16,8,11,23,22,33,9,20,9,6,41,11,25,7,27,30,21,0,19,21,35,23,31,27,27,32,4,20,31,34,8,3,13,13,21,6,33,3,1,32,22,14,2,19,26,13,12,18,5,10,15,9,26,18,10,24,25,3,17,0,1,29,24,31,3,17,30,32,2,17,17,26,19
initial deal
tiles for 0: 5,7,11,12,12,15,16,16,16,19,28,29,31
tiles for 1: 1,4,4,7,9,10,11,12,15,18,25,25,32
tiles for 2: 5,6,6,8,14,14,20,22,24,24,28,30,33
tiles for 3: 0,1,2,2,5,7,8,14,18,20,23,29,29
prepare play
tiles for 0: 5,7,11,12,12,15,16,16,16,19,28,29,31 []
tiles for 1: 1,4,4,7,9,10,11,12,15,18,25,25,32 []
tiles for 2: 5,6,6,8,14,14,20,22,24,24,28,30,33 []
tiles for 3: 0,1,2,2,5,7,8,14,18,20,23,29,29 []
3 <  30
3  > 30
0 <  23
0  > 28
1 <  33
1  > 7
2 <  26
2  > 30
3 <  13
3  > 23
0 <  15
0  > 19
1 <  28
1  > 28
2 <  21
2  > 14
3 <  27
3  > 27
0 <  28
0  > 28
1 <  0
1  > 1
2 <  10
2  > 28
3 <  22
3  > 20
0 <  4
0  > 23
1 <  16
1  > 4
2 <  8
2  > 14
3 <  11
3  > 18
0 <  23
0  > 23
1 <  22
1  > 0
2 <  33
2  > 10
3 <  9
3  > 22
0 <  20
0  > 20
1 <  9
1  > 4
2 <  6
2  > 5
3 <  41
3 <  11
3  > 5
0 <  25
0  > 25
1 <  7
1  > 7
2 <  27
2  > 27
3 <  30
3  > 30
0 <  21
0  > 21
1 <  0
1  > 0
2 <  19
2  > 6
3 <  6 (4)
3 has [0,1,2,2,9,11,11,13,14,29,29], [[6,7,8]]
3  > 9
0 <  21
0  > 21
1 <  35
1 <  23
1  > 18
2 <  31
2  > 8
3 <  27
3  > 27
0 <  27
0  > 27
1 <  32
1  > 12
2 <  4
2  > 4
3 <  20
3  > 20
0 <  31
0  > 11
3 <  11 (8)
3 has [0,1,2,2,13,14,29,29], [[6,7,8],[11,11,11]]
3  > 14
0 <  34
0 <  8
0  > 15
1 <  3
1  > 3
2 <  13
2  > 13
3 <  13
3  > 1
0 <  21
0  > 21
1 <  21 (4)
1 has [9,9,10,11,15,16,25,25,32,32,33], [[21,22,23]]
1  > 16
2 <  6
2  > 8
3 <  33
3  > 33
2 <  33 (8)
2 has [6,6,6,19,20,21,22,24,24,26,31], [[33,33,33]]
2  > 6
3 <  3
3  > 0
0 <  1
0  > 1
1 <  32
1  > 33
2 <  22
2  > 6
3 <  14
3  > 14
0 <  14 (4)
0 has [4,5,7,8,12,12,16,16,29,31,31], [[14,15,16]]
0  > 29
3 <  29 (8)
3 has [2,2,3,13,13], [[6,7,8],[11,11,11],[29,29,29]]
3  > 3
0 <  3 (4)
0 has [7,8,12,12,16,16,31,31], [[14,15,16],[3,4,5]]
0  > 16
1 <  2
1  > 2
3 <  2 (32)
3 has [13,13], [[6,7,8],[11,11,11],[29,29,29],[2,2,2]!]
Player 3 wins hand 19! (hand took 213ms)
0: -116, hand: 7,8,12,12,16,31,31, [[14,15,16],[3,4,5]], (40,39,34)
1: -62, hand: 9,9,10,11,15,25,25,32,32,32, [[21,22,23]], (36,35)
2: -86, hand: 6,19,20,21,22,22,24,24,26,31, [[33,33,33]], (37,38)
3: 264, hand: 13,13, [[6,7,8],[11,11,11],[29,29,29],[2,2,2]!], (41)

Starting hand 20.
this.hand=20; this.draws=0; config.PRNG.seed(1492287317); this.wind=3; this.windOfTheRound=2;
wall: 27,35,37,13,9,31,15,31,27,24,5,6,19,8,28,14,24,21,3,7,29,12,19,19,6,2,11,8,14,23,33,20,1,12,15,17,13,13,16,32,9,25,6,30,26,32,11,30,10,14,3,18,22,18,5,16,23,27,8,22,40,36,28,7,24,25,7,1,25,1,7,21,11,27,15,0,12,18,22,5,38,41,13,2,28,2,21,21,16,11,24,23,26,1,12,32,26,15,4,10,10,20,0,20,25,32,30,28,33,18,31,8,34,26,2,17,19,3,9,10,22,17,9,29,30,17,23,20,31,3,0,4,16,4,6,29,14,29,4,33,5,0,33,39
initial deal
tiles for 0: 5,6,8,9,13,15,19,24,27,27,28,31,31
tiles for 1: 2,3,6,7,8,11,12,14,19,19,21,24,29
tiles for 2: 1,9,12,13,13,14,15,16,17,20,23,32,33
tiles for 3: 3,6,10,11,14,18,18,22,25,26,30,30,32
prepare play
tiles for 0: 5,6,8,9,13,15,19,24,27,27,28,31,31 []
tiles for 1: 2,3,6,7,8,11,12,14,19,19,21,24,29 []
tiles for 2: 1,9,12,13,13,14,15,16,17,20,23,32,33 []
tiles for 3: 3,6,10,11,14,18,18,22,25,26,30,30,32 []
3 <  5
3  > 14
0 <  16
0  > 28
1 <  23
1  > 11
2 <  27
2  > 27
0 <  27 (8)
0 has [5,6,8,9,13,15,16,19,24,31,31], [[27,27,27]]
0  > 24
1 <  8
1  > 12
2 <  22
2  > 1
3 <  40
3 <  36
3 <  28
3  > 28
0 <  7
0  > 19
1 <  24
1  > 14
2 <  25
2  > 13
3 <  7
3  > 22
0 <  1
0  > 13
1 <  25
1  > 7
2 <  1
2  > 1
3 <  7
3  > 32
0 <  21
0  > 21
1 <  11
1  > 11
2 <  27
2  > 27
3 <  15
3  > 15
0 <  0
0  > 9
1 <  12
1  > 12
2 <  18
2  > 12
3 <  12 (6)
3 has [3,5,6,7,7,18,18,25,26,30,30], [[10,11,12]]
3  > 3
0 <  22
0  > 22
1 <  22 (5)
1 has [2,3,6,8,8,19,19,24,24,25,29], [[21,22,23]]
1  > 8
2 <  5
2  > 5
3 <  5 (4)
3 has [5,7,18,18,25,26,30,30], [[10,11,12],[5,6,7]]
3  > 7
0 <  38
0 <  41
0 <  13
0  > 16
1 <  2
1  > 8
2 <  28
2  > 17
3 <  2
3  > 2
0 <  21
0  > 21
1 <  21
1  > 6
2 <  16
2  > 9
3 <  11
3  > 5
0 <  24
0  > 24
1 <  23
1  > 2
2 <  26
2  > 14
3 <  1
3  > 1
0 <  12
0  > 12
1 <  32
1  > 3
2 <  26
2  > 16
3 <  15
3  > 11
0 <  4
0  > 15
1 <  10
1  > 10
2 <  10
2  > 16
3 <  20
3  > 15
0 <  0
0  > 13
1 <  20
1  > 2
2 <  25
2  > 15
3 <  32
3  > 32
0 <  30
0  > 30
3 <  30 (8)
3 has [18,18,20,25,26], [[10,11,12],[5,6,7],[30,30,30]]
3  > 20
0 <  28
0  > 28
1 <  33
1  > 33
2 <  18
2  > 28
3 <  31
3  > 31
0 <  31 (8)
0 has [0,0,1,4,5,6,7,8], [[27,27,27],[31,31,31]]
0  > 1
1 <  8
1  > 8
2 <  34
2 <  26
2  > 10
3 <  2
3  > 2
0 <  17
0  > 17
1 <  19
1  > 32
2 <  3
2  > 32
3 <  9
3  > 9
0 <  10
0  > 10
1 <  22
1  > 24
3 <  24 (32)
3 has [18,18], [[10,11,12],[5,6,7],[30,30,30],[24,25,26]!]
Player 3 wins hand 20! (hand took 253ms)
0: 132, hand: 0,0,4,5,6,7,8, [[27,27,27],[31,31,31]], (35,37,38,41)
1: -144, hand: 19,19,19,20,21,22,23,24,25,29, [[21,22,23]], ()
2: -120, hand: 3,13,18,18,20,22,23,25,25,26,26,26,33, [], (34)
3: 132, hand: 18,18, [[10,11,12],[5,6,7],[30,30,30],[24,25,26]!], (40,36)

Starting hand 21.
this.hand=21; this.draws=0; config.PRNG.seed(1348353948); this.wind=3; this.windOfTheRound=2;
wall: 1,35,10,18,31,14,0,22,28,26,2,32,11,2,29,33,33,8,25,19,24,13,24,4,1,12,6,0,26,11,5,38,25,29,19,26,25,6,22,5,0,8,30,16,33,0,20,21,15,11,23,24,19,32,31,8,23,30,23,24,22,40,7,10,1,27,10,3,33,7,12,26,17,27,9,3,6,29,25,20,7,27,23,28,36,37,9,9,41,13,39,8,10,15,31,5,18,34,5,21,30,21,2,16,29,17,17,1,9,4,2,20,6,18,16,22,4,28,14,21,15,16,32,32,12,12,31,20,13,17,28,3,15,4,27,14,3,11,13,19,30,7,14,18
initial deal
tiles for 0: 0,1,2,2,10,11,14,18,22,26,28,31,32
tiles for 1: 1,4,6,8,12,13,19,24,24,25,29,33,33
tiles for 2: 0,0,5,5,6,11,19,22,25,25,26,26,29
tiles for 3: 0,8,11,15,16,19,20,21,23,24,30,32,33
prepare play
tiles for 0: 0,1,2,2,10,11,14,18,22,26,28,31,32 []
tiles for 1: 1,4,6,8,12,13,19,24,24,25,29,33,33 []
tiles for 2: 0,0,5,5,6,11,19,22,25,25,26,26,29 []
tiles for 3: 0,8,11,15,16,19,20,21,23,24,30,32,33 []
3 <  31
3  > 30
0 <  8
0  > 28
1 <  23
1  > 13
2 <  30
2  > 30
3 <  23
3  > 0
0 <  0 (4)
0 has [0,2,8,10,11,14,18,22,26,31,32], [[0,1,2]]
0  > 11
1 <  24
1  > 12
2 <  22
2  > 11
3 <  40
3 <  7
3  > 11
0 <  10
0  > 8
1 <  1
1  > 19
2 <  27
2  > 27
3 <  10
3  > 10
0 <  3
0  > 18
1 <  33
1  > 1
2 <  7
2  > 19
3 <  19 (4)
3 has [7,8,15,16,19,23,23,24,31,32,33], [[19,20,21]]
3  > 19
0 <  12
0  > 26
2 <  26 (8)
2 has [0,0,5,5,6,7,22,22,25,25,29], [[26,26,26]]
2  > 6
3 <  6 (4)
3 has [15,16,23,23,24,31,32,33], [[19,20,21],[6,7,8]]
3  > 31
0 <  26
0  > 26
1 <  26 (6)
1 has [1,4,6,8,23,24,24,29,33,33,33], [[24,25,26]]
1  > 33
2 <  17
2  > 17
3 <  17 (6)
3 has [23,23,24,32,33], [[19,20,21],[6,7,8],[15,16,17]]
3  > 32
0 <  27
0  > 27
1 <  9
1  > 9
2 <  3
2  > 3
3 <  6
3  > 6
0 <  29
0  > 22
2 <  22 (8)
2 has [0,0,5,5,7,25,25,29], [[26,26,26],[22,22,22]]
2  > 7
3 <  25
3  > 33
1 <  33 (8)
1 has [1,4,6,8,23,24,24,29], [[24,25,26],[33,33,33]]
1  > 8
2 <  20
2  > 20
3 <  7
3  > 7
0 <  27
0  > 27
1 <  23
1  > 6
2 <  28
2  > 0
3 <  36
3 <  37
3 <  9
3  > 9
0 <  9
0  > 10
1 <  41
1 <  13
1  > 13
2 <  39
2 <  8
2  > 5
3 <  10
3  > 10
0 <  15
0  > 15
1 <  31
1  > 1
2 <  5
2  > 5
3 <  18
3  > 18
0 <  34
0 <  5
0  > 14
1 <  21
1  > 4
2 <  30
2  > 30
3 <  21
3  > 21
0 <  2
0  > 10
1 <  16
1  > 16
2 <  29
2  > 8
3 <  17
3  > 17
0 <  17
0  > 12
1 <  1
1  > 1
2 <  9
2  > 9
3 <  4
3  > 4
0 <  4 (6)
0 has [0,2,5,9,17,29,31,32], [[0,1,2],[2,3,4]]
0  > 17
1 <  2
1  > 2
2 <  20
2  > 0
3 <  6
3  > 6
0 <  18
0  > 18
1 <  16
1  > 16
2 <  22
2  > 5
3 <  4
3  > 4
0 <  28
0  > 28
1 <  14
1  > 14
2 <  21
2  > 28
3 <  15
3  > 15
0 <  16
0  > 16
1 <  32
1  > 32
2 <  32
2  > 32
3 <  12
3  > 12
0 <  12
0  > 32
1 <  31
1  > 29
2 <  29 (32)
2 has [20,21,22,25,25], [[26,26,26],[22,22,22],[29,29,29]!]
Player 2 wins hand 21! (hand took 272ms)
0: -128, hand: 0,2,5,9,12,29,31, [[0,1,2],[2,3,4]], (35,34)
1: -92, hand: 21,23,23,24,24,31,31, [[24,25,26],[33,33,33]], (41)
2: 448, hand: 20,21,22,25,25, [[26,26,26],[22,22,22],[29,29,29]!], (38,39)
3: -228, hand: 23,23,24,25, [[19,20,21],[6,7,8],[15,16,17]], (40,36,37)

Starting hand 22.
this.hand=22; this.draws=0; config.PRNG.seed(186832873); this.wind=0; this.windOfTheRound=3;
wall: 32,22,28,19,18,20,12,27,16,17,33,10,39,1,23,34,20,2,12,6,5,32,12,30,26,21,4,28,0,8,15,11,15,0,4,3,30,5,40,2,2,16,24,6,20,17,9,19,17,0,5,25,15,9,3,24,29,38,8,13,11,29,21,37,23,33,27,25,32,16,4,21,7,11,7,13,29,13,26,7,8,10,27,18,12,33,23,6,36,10,13,3,9,31,26,20,1,1,31,4,24,14,22,31,35,29,0,28,15,10,21,11,27,30,22,41,19,33,23,2,1,9,7,26,25,25,3,30,18,17,28,6,14,32,22,5,14,31,19,16,14,24,18,8
initial deal
tiles for 0: 1,10,12,16,17,18,19,20,22,27,28,32,33
tiles for 1: 2,4,5,6,12,12,20,21,23,26,28,30,32
tiles for 2: 0,0,2,2,3,4,5,8,11,15,15,16,30
tiles for 3: 0,3,5,6,9,9,15,17,17,19,20,24,25
prepare play
tiles for 0: 1,10,12,16,17,18,19,20,22,27,28,32,33 []
tiles for 1: 2,4,5,6,12,12,20,21,23,26,28,30,32 []
tiles for 2: 0,0,2,2,3,4,5,8,11,15,15,16,30 []
tiles for 3: 0,3,5,6,9,9,15,17,17,19,20,24,25 []
0 <  24
0  > 1
1 <  29
1  > 29
2 <  38
2 <  8
2  > 15
3 <  13
3  > 0
0 <  11
0  > 28
1 <  29
1  > 29
2 <  21
2  > 21
3 <  21 (6)
3 has [3,5,6,9,9,13,15,17,17,24,25], [[19,20,21]]
3  > 13
0 <  37
0 <  23
0  > 12
1 <  33
1  > 28
2 <  27
2  > 27
3 <  25
3  > 3
0 <  32
0  > 16
1 <  16
1  > 16
2 <  4
2  > 11
3 <  21
3  > 21
0 <  7
0  > 17
3 <  17 (8)
3 has [5,6,9,9,15,24,25,25], [[19,20,21],[17,17,17]]
3  > 15
0 <  11
0  > 11
1 <  7
1  > 12
2 <  13
2  > 15
3 <  29
3  > 29
0 <  13
0  > 10
1 <  26
1  > 12
2 <  7
2  > 13
3 <  8
3  > 8
0 <  10
0  > 10
1 <  27
1  > 27
2 <  18
2  > 18
3 <  12
3  > 12
0 <  33
0  > 11
1 <  23
1  > 4
2 <  6
2  > 16
3 <  36
3 <  10
3  > 6
0 <  13
0  > 13
1 <  3
1  > 7
2 <  9
2  > 9
3 <  9 (8)
3 has [5,10,24,25,25], [[19,20,21],[17,17,17],[9,9,9]]
3  > 5
0 <  31
0  > 13
1 <  26
1  > 6
2 <  20
2  > 20
3 <  1
3  > 1
0 <  1
0  > 7
1 <  31
1  > 2
2 <  4
2  > 3
3 <  24
3  > 10
0 <  14
0  > 1
1 <  22
1  > 5
2 <  31
2  > 0
3 <  35
3 <  29
3  > 29
0 <  0
0  > 0
1 <  28
1  > 28
2 <  15
2  > 15
3 <  10
3  > 10
0 <  21
0  > 14
1 <  11
1  > 3
2 <  27
2  > 27
3 <  30
3  > 30
0 <  22
0  > 27
1 <  41
1 <  19
1  > 11
2 <  33
2  > 31
3 <  23
3  > 23
1 <  23 (8)
1 has [19,20,21,22,26,26,26,30,31,32,33], [[23,23,23]]
1  > 33
0 <  33 (8)
0 has [18,19,20,21,22,22,23,24,31,32,32], [[33,33,33]]
0  > 31
1 <  2
1  > 2
2 <  2 (8)
2 has [0,4,4,4,5,6,7,8,8,30,33], [[2,2,2]]
2  > 33
3 <  1
3  > 1
0 <  9
0  > 9
1 <  7
1  > 7
2 <  26
2  > 26
1 <  26 (16)
1 has [19,20,21,22,30,31,32], [[23,23,23],[26,26,26,26]]
1 <  25
1  > 25
3 <  25 (32)
3 has [24,24], [[19,20,21],[17,17,17],[9,9,9],[25,25,25]!]
Player 3 wins hand 22! (hand took 265ms)
0: -24, hand: 18,19,20,21,22,22,23,24,32,32, [[33,33,33]], (39,37)
1: -20, hand: 19,20,21,22,30,31,32, [[23,23,23],[26,26,26,26]], (34,41)
2: -68, hand: 0,4,4,4,5,6,7,8,8,30, [[2,2,2]], (40,38)
3: 112, hand: 24,24, [[19,20,21],[17,17,17],[9,9,9],[25,25,25]!], (36,35)

Starting hand 23.
this.hand=23; this.draws=0; config.PRNG.seed(2019584558); this.wind=1; this.windOfTheRound=3;
wall: 2,3,24,35,30,8,28,22,7,16,27,29,1,13,16,18,27,41,11,2,28,6,32,34,9,18,2,26,33,8,10,11,30,31,5,1,2,30,32,17,17,33,9,1,16,11,38,0,31,10,24,29,10,14,23,7,28,33,12,26,20,15,23,25,0,0,39,17,21,24,1,31,19,23,33,13,18,15,18,20,27,29,30,25,20,14,11,7,14,16,3,24,12,6,9,21,23,22,5,8,3,25,20,26,37,4,15,29,6,26,17,28,5,22,19,32,22,7,12,4,15,3,9,14,27,4,12,19,4,6,31,10,36,40,5,0,13,19,25,32,21,21,13,8
initial deal
tiles for 0: 1,2,3,7,8,13,16,22,24,27,28,29,30
tiles for 1: 2,2,6,9,11,16,18,18,26,27,28,32,33
tiles for 2: 1,2,5,8,10,11,17,17,30,30,31,32,33
tiles for 3: 0,1,7,9,10,10,11,14,16,23,24,29,31
prepare play
tiles for 0: 1,2,3,7,8,13,16,22,24,27,28,29,30 []
tiles for 1: 2,2,6,9,11,16,18,18,26,27,28,32,33 []
tiles for 2: 1,2,5,8,10,11,17,17,30,30,31,32,33 []
tiles for 3: 0,1,7,9,10,10,11,14,16,23,24,29,31 []
1 <  28
1  > 26
2 <  33
2  > 2
3 <  2 (6)
3 has [7,9,10,10,11,14,16,23,24,29,31], [[0,1,2]]
3  > 7
0 <  12
0  > 27
1 <  26
1  > 26
2 <  20
2  > 1
3 <  15
3  > 29
0 <  23
0  > 29
1 <  25
1  > 11
2 <  0
2  > 0
3 <  0
3  > 0
0 <  39
0 <  17
0  > 22
1 <  21
1  > 9
2 <  24
2  > 8
3 <  1
3  > 1
0 <  1 (4)
0 has [1,7,8,12,13,16,17,23,24,28,30], [[1,2,3]]
0  > 23
1 <  31
1  > 16
2 <  19
2  > 5
3 <  23
3  > 31
0 <  33
0  > 24
1 <  13
1  > 13
2 <  18
2  > 24
3 <  15
3  > 24
0 <  18
0  > 18
1 <  18 (8)
1 has [2,2,6,21,25,27,28,28,31,32,33], [[18,18,18]]
1  > 6
2 <  20
2  > 11
3 <  27
3  > 27
0 <  29
0  > 29
1 <  30
1  > 2
2 <  25
2  > 25
3 <  20
3  > 20
2 <  20 (8)
2 has [10,17,17,18,19,30,30,31,32,33,33], [[20,20,20]]
2  > 10
3 <  10 (8)
3 has [9,11,14,15,15,16,23,23], [[0,1,2],[10,10,10]]
3  > 11
0 <  14
0  > 1
1 <  11
1  > 2
2 <  7
2  > 7
3 <  14
3  > 9
0 <  16
0  > 13
3 <  13 (32)
3 has [14,15,16,23,23], [[0,1,2],[10,10,10],[13,14,15]!]
Player 3 wins hand 23! (hand took 136ms)
0: -2, hand: 7,8,12,14,16,16,17,28,30,33, [[1,2,3]], (35,39)
1: -24, hand: 11,21,25,27,28,28,30,31,32,33, [[18,18,18]], (41,34)
2: -38, hand: 17,17,18,19,30,30,31,32,33,33, [[20,20,20]], ()
3: 64, hand: 14,15,16,23,23, [[0,1,2],[10,10,10],[13,14,15]!], (38)

Starting hand 24.
this.hand=24; this.draws=0; config.PRNG.seed(855475347); this.wind=2; this.windOfTheRound=3;
wall: 4,35,28,6,9,27,21,32,4,3,15,17,13,1,10,31,31,8,24,14,22,26,31,23,6,19,16,22,18,10,18,2,14,16,22,6,24,34,5,12,23,4,14,20,12,33,25,9,33,28,8,31,21,19,20,5,6,0,7,19,11,7,4,3,26,41,30,2,21,0,26,27,8,12,5,11,14,25,1,30,29,30,10,33,22,28,25,13,23,17,15,5,15,13,20,29,27,17,37,32,38,25,33,0,3,23,7,40,19,11,17,24,0,36,29,24,8,39,12,7,32,29,11,16,3,1,16,26,15,2,32,18,13,20,9,9,2,28,30,18,21,10,27,1
initial deal
tiles for 0: 1,3,4,4,6,9,13,15,17,21,27,28,32
tiles for 1: 6,8,10,14,16,19,22,23,24,26,31,31,31
tiles for 2: 2,5,6,10,12,14,16,18,18,22,22,23,24
tiles for 3: 4,8,9,12,14,19,20,21,25,28,31,33,33
prepare play
tiles for 0: 1,3,4,4,6,9,13,15,17,21,27,28,32 []
tiles for 1: 6,8,10,14,16,19,22,23,24,26,31,31,31 []
tiles for 2: 2,5,6,10,12,14,16,18,18,22,22,23,24 []
tiles for 3: 4,8,9,12,14,19,20,21,25,28,31,33,33 []
2 <  20
2  > 2
3 <  5
3  > 28
0 <  6
0  > 27
1 <  0
1  > 16
2 <  7
2  > 5
3 <  19
3  > 25
0 <  11
0  > 28
1 <  7
1  > 10
2 <  4
2  > 6
3 <  6 (6)
3 has [8,9,12,14,19,19,20,21,31,33,33], [[4,5,6]]
3  > 8
0 <  3
0  > 21
1 <  26
1  > 14
2 <  41
2 <  30
2  > 4
3 <  2
3  > 2
0 <  2 (5)
0 has [3,4,4,6,6,9,11,13,15,17,32], [[1,2,3]]
0  > 17
1 <  21
1  > 8
2 <  0
2  > 0
3 <  26
3  > 26
1 <  26 (8)
1 has [0,6,7,19,21,22,23,24,31,31,31], [[26,26,26]]
1  > 6
2 <  27
2  > 7
3 <  8
3  > 8
0 <  12
0  > 12
1 <  5
1  > 5
2 <  11
2  > 14
3 <  14
3  > 9
0 <  25
0  > 25
1 <  25 (6)
1 has [0,7,19,21,22,31,31,31], [[26,26,26],[23,24,25]]
1  > 31
2 <  1
2  > 1
3 <  30
3  > 31
1 <  31 (8)
1 has [0,7,19,21,22], [[26,26,26],[23,24,25],[31,31,31]]
1  > 7
2 <  29
2  > 29
3 <  30
3  > 14
0 <  10
0  > 15
1 <  33
1  > 0
2 <  22
2  > 16
3 <  28
3  > 28
0 <  25
0  > 25
1 <  13
1  > 13
2 <  23
2  > 10
3 <  17
3  > 17
0 <  15
0  > 9
1 <  5
1  > 5
2 <  15
2  > 12
3 <  13
3  > 13
0 <  20
0  > 20
1 <  20 (5)
1 has [22,33], [[26,26,26],[23,24,25],[31,31,31],[19,20,21]]
1  > 22
2 <  22 (4)
2 has [11,15,18,18,20,22,22,22,23,27,30], [[22,23,24]]
2  > 22
3 <  22 (6)
3 has [12,14,19,19,30,30,33,33], [[4,5,6],[20,21,22]]
3  > 14
0 <  29
0  > 13
1 <  27
1  > 27
2 <  17
2  > 11
3 <  37
3 <  32
3  > 12
0 <  38
0 <  25
0  > 25
1 <  33
Player 1 wins hand 24! (hand took 197ms)
0: -96, hand: 3,4,4,6,6,10,11,15,29,32, [[1,2,3]], (35,38)
1: 384, hand: 33,33, [[26,26,26],[23,24,25],[31,31,31],[19,20,21]], ()
2: -192, hand: 15,17,18,18,20,22,22,23,27,30, [[22,23,24]], (34,41)
3: -96, hand: 19,19,30,30,32,33,33, [[4,5,6],[20,21,22]], (37)

Starting hand 25.
this.hand=25; this.draws=0; config.PRNG.seed(179872250); this.wind=3; this.windOfTheRound=3;
wall: 5,29,24,27,0,3,37,9,32,2,11,7,32,9,16,19,13,10,11,26,12,1,34,10,29,15,16,8,8,26,0,13,33,23,4,7,21,5,16,31,25,32,1,15,36,7,30,12,10,27,6,30,18,27,22,6,14,41,35,19,23,32,19,33,17,1,12,31,14,13,28,0,17,19,15,5,31,14,29,2,15,21,17,6,20,4,22,17,1,20,2,40,26,24,12,23,21,18,30,26,2,24,6,11,28,7,13,31,4,20,8,9,22,28,38,27,3,14,39,11,28,25,21,5,8,30,23,33,24,18,16,20,22,25,25,10,33,29,3,4,3,0,9,18
initial deal
tiles for 0: 0,2,3,5,7,9,9,11,24,27,29,32,32
tiles for 1: 1,8,10,10,11,12,13,15,16,16,19,26,29
tiles for 2: 0,4,5,7,8,13,16,21,23,25,26,31,33
tiles for 3: 1,6,7,10,12,15,18,22,27,27,30,30,32
prepare play
tiles for 0: 0,2,3,5,7,9,9,11,24,27,29,32,32 []
tiles for 1: 1,8,10,10,11,12,13,15,16,16,19,26,29 []
tiles for 2: 0,4,5,7,8,13,16,21,23,25,26,31,33 []
tiles for 3: 1,6,7,10,12,15,18,22,27,27,30,30,32 []
3 <  6
3  > 1
0 <  1 (5)
0 has [3,5,7,9,9,11,24,27,29,32,32], [[0,1,2]]
0  > 29
1 <  14
1  > 1
2 <  41
2 <  35
2 <  19
2  > 16
3 <  23
3  > 15
0 <  32
0  > 27
3 <  27 (8)
3 has [6,6,7,10,12,18,22,23,30,30,32], [[27,27,27]]
3  > 18
0 <  19
0  > 32
1 <  33
1  > 8
2 <  17
2  > 17
3 <  1
3  > 1
0 <  12
0  > 19
1 <  31
1  > 19
2 <  14
2  > 14
3 <  13
3  > 32
0 <  32 (8)
0 has [3,5,7,9,9,11,12,24], [[0,1,2],[32,32,32]]
0  > 24
1 <  28
1  > 28
2 <  0
2  > 13
3 <  17
3  > 17
0 <  19
0  > 19
1 <  15
1  > 26
2 <  5
2  > 0
3 <  31
3  > 31
0 <  14
0  > 12
1 <  29
1  > 16
2 <  2
2  > 8
3 <  8 (6)
3 has [6,10,12,13,22,23,30,30], [[27,27,27],[6,7,8]]
3  > 6
0 <  6 (5)
0 has [3,9,9,11,14], [[0,1,2],[32,32,32],[5,6,7]]
0  > 3
1 <  15
1  > 11
2 <  21
2  > 4
3 <  17
3  > 17
0 <  6
0  > 9
1 <  20
1  > 20
2 <  20 (5)
2 has [0,2,5,5,7,21,23,25,26,31,33], [[19,20,21]]
2  > 0
3 <  4
3  > 4
0 <  22
0  > 22
1 <  17
1  > 13
2 <  1
2  > 1
3 <  20
3  > 20
0 <  2
0  > 11
1 <  40
1 <  26
1  > 26
2 <  24
2  > 2
3 <  12
3  > 10
0 <  23
0  > 23
1 <  21
1  > 21
2 <  18
2  > 7
3 <  30
3  > 22
0 <  26
0  > 26
1 <  2
1  > 2
2 <  24
2  > 5
3 <  6
3  > 23
0 <  11
0  > 11
1 <  28
1  > 28
2 <  7
2  > 7
3 <  13
3  > 6
0 <  31
0  > 14
1 <  4
1  > 4
2 <  20
2  > 5
3 <  8
3  > 8
0 <  9
0  > 9
1 <  22
1  > 22
2 <  22 (6)
2 has [18,23,24,24,25,26,31,33], [[19,20,21],[20,21,22]]
2  > 18
3 <  28
3  > 28
0 <  38
0 <  27
0  > 27
1 <  3
1  > 3
2 <  14
2  > 14
3 <  39
3 <  11
3  > 11
0 <  28
0  > 28
1 <  25
1  > 25
2 <  25 (5)
2 has [23,24,25,31,33], [[19,20,21],[20,21,22],[24,25,26]]
2  > 33
3 <  21
3  > 21
0 <  5
0  > 2
1 <  8
1  > 8
2 <  30
2  > 30
3 <  30 (16)
3 has [12,12,13,13], [[27,27,27],[6,7,8],[30,30,30,30]]
3 <  23
3  > 23
0 <  33
0  > 9
Hand was a draw.

Restarting hand 25.
this.hand=25; this.draws=1; config.PRNG.seed(424893521); this.wind=3; this.windOfTheRound=3;
wall: 19,34,17,31,18,23,21,18,29,17,2,26,4,8,13,30,30,28,21,24,25,25,9,6,29,18,31,10,32,11,29,10,10,11,31,6,20,33,21,19,33,27,20,3,28,5,15,31,41,6,40,0,7,5,3,19,24,29,14,17,28,17,2,30,35,37,7,16,27,25,33,16,1,26,12,22,9,15,13,3,24,19,25,38,26,22,10,22,1,2,36,14,13,5,16,11,1,4,5,13,1,24,12,0,4,20,12,8,14,28,12,23,39,26,30,32,18,33,15,3,0,27,4,9,15,9,20,6,8,22,23,32,16,7,23,21,2,11,8,14,7,32,0,27
initial deal
tiles for 0: 2,4,8,17,17,18,18,19,21,23,26,29,31
tiles for 1: 6,9,13,18,21,24,25,25,28,29,30,30,31
tiles for 2: 6,10,10,10,11,11,19,20,21,29,31,32,33
tiles for 3: 0,3,3,5,5,6,7,15,20,27,28,31,33
prepare play
tiles for 0: 2,4,8,17,17,18,18,19,21,23,26,29,31 []
tiles for 1: 6,9,13,18,21,24,25,25,28,29,30,30,31 []
tiles for 2: 6,10,10,10,11,11,19,20,21,29,31,32,33 []
tiles for 3: 0,3,3,5,5,6,7,15,20,27,28,31,33 []
3 <  19
3  > 28
0 <  24
0  > 29
1 <  29
1  > 28
2 <  14
2  > 29
1 <  29 (8)
1 has [6,9,13,18,21,24,25,25,30,30,31], [[29,29,29]]
1  > 6
2 <  17
2  > 6
3 <  28
3  > 28
0 <  17
0  > 17
1 <  2
1  > 2
2 <  30
2  > 17
3 <  35
3 <  37
3 <  7
3  > 15
0 <  16
0  > 17
1 <  27
1  > 27
2 <  25
2  > 25
1 <  25 (8)
1 has [9,13,18,21,24,30,30,31], [[29,29,29],[25,25,25]]
1  > 9
2 <  33
2  > 14
3 <  16
3  > 0
0 <  1
0  > 16
1 <  26
1  > 13
2 <  12
2  > 11
3 <  22
3  > 16
0 <  9
0  > 17
1 <  15
1  > 15
2 <  13
2  > 11
3 <  3
3  > 27
0 <  24
0  > 9
1 <  19
1  > 31
2 <  25
2  > 25
3 <  38
3 <  26
3  > 26
0 <  22
0  > 8
1 <  10
1  > 10
2 <  22
2  > 10
3 <  1
3  > 31
0 <  2
0  > 19
1 <  36
1 <  14
1  > 14
2 <  13
2  > 10
3 <  5
3  > 33
2 <  33 (8)
2 has [10,12,13,13,19,20,21,22,30,31,32], [[33,33,33]]
2  > 12
3 <  16
3  > 16
0 <  11
0  > 11
1 <  1
1  > 1
2 <  4
2  > 4
3 <  4 (5)
3 has [1,3,3,5,5,6,7,7,19,20,22], [[3,4,5]]
3  > 22
0 <  22 (4)
0 has [1,2,2,4,18,18,21,22,24,26,31], [[22,23,24]]
0  > 26
1 <  5
1  > 5
3 <  5 (8)
3 has [1,3,3,6,7,7,19,20], [[3,4,5],[5,5,5]]
3  > 1
0 <  13
0  > 13
2 <  13 (8)
2 has [10,19,20,21,22,30,31,32], [[33,33,33],[13,13,13]]
2  > 10
3 <  1
3  > 1
0 <  24
0  > 31
1 <  12
1  > 12
2 <  0
2  > 31
3 <  4
3  > 20
0 <  20 (4)
0 has [1,2,2,4,18,18,24,24], [[22,23,24],[20,21,22]]
0  > 4
1 <  20
1  > 26
2 <  12
2  > 0
3 <  8
3  > 19
0 <  14
0  > 14
1 <  28
1  > 28
2 <  12
2  > 32
3 <  23
3  > 23
0 <  39
0 <  26
0  > 26
1 <  30
1  > 24
0 <  24 (8)
0 has [1,2,2,18,18], [[22,23,24],[20,21,22],[24,24,24]]
0  > 1
1 <  32
1  > 32
2 <  18
2  > 30
1 <  30 (16)
1 has [18,19,20,21], [[29,29,29],[25,25,25],[30,30,30,30]]
1 <  33
1  > 33
2 <  15
2  > 15
3 <  3
3  > 4
0 <  0
0  > 0
1 <  27
1  > 27
2 <  4
2  > 4
3 <  9
3  > 9
0 <  15
0  > 15
1 <  9
1  > 9
2 <  20
Player 2 wins hand 25! (hand took 310ms)
0: -146, hand: 2,2,18,18, [[22,23,24],[20,21,22],[24,24,24]], (34,39)
1: 136, hand: 18,19,20,21, [[29,29,29],[25,25,25],[30,30,30,30]], (36)
2: 144, hand: 12,12,18,19,20,20,21,22, [[33,33,33],[13,13,13]], ()
3: -134, hand: 3,3,3,6,7,7,8, [[3,4,5],[5,5,5]], (41,40,35,37,38)
hand 1
  0 (E): -240 for b1,b2,b3,d4,d5,d5,d6,d8,b4,b5,b7,c1,c1 (s1,f1,s3)
  1 (N): -200 for c4,c4,c5,c5,d6,d6,d7,d7,b6,b7,b8,b9,b9 (f4)
  2 (W): 576 for b6,b6,b6,b9,b9 [c9,c9,c9, E,E,E, c3,c3,c3,c3] (s4)
  3 (S): -136 for d4,d5,d6,d7,d8,d8,S [d3,d3,d3, b2,b4,b3] (f2,s2)
hand 2
  0 (S): -54 for c6,c7,c8,c9,d6,d7,d8,d9,b4,b6 [b5,b5,b5] (f3)
  1 (E): -78 for c2,c2,c3,c4,c4,c5,c5,b6,b7,b7,b7,b8,b8 (s1,s2)
  2 (N): 128 for c7,c8,c9,d3,d4,d5,b9,b9 [d8,d9,d7, c2,c3,c1] (f1)
  3 (W): 4 for c3,c4,c5,c6,c9,c9,d1 [d3,d3,d3, b3,b3,b3,b3] (s3,s4,f4)
hand 3
  0 (W): 0 for d7,d8,d9,C [d1,d3,d2, F,F,F, b7,b6,b5] (f3)
  1 (S): 64 for d5,d6,d7,N,N,b6,b7,b8 [c5,c4,c3, d5,d7,d6] (f4)
  2 (E): -30 for d7,d8,d9,b7 [c6,c7,c5, c2,c3,c1, b2,b2,b2] (f2,s4)
  3 (N): -34 for b1,c2,c4,b3,d4,d4,b4,C,C,c1 [c7,c9,c8] (s3)
hand 4
  0 (N): -22 for b1,b1,c3,c4,c5,c5,c6,c7,F,F [c2,c3,c1] (s1,f4,f1,s3)
  1 (W): 144 for c6,c6,c7,c8,c9 [P,P,P, d3,d2,d1, d8,d8,d8] 
  2 (S): -76 for b2,b2,c4,c7,c8,c8,b3,b3,b4,b4 [c2,c3,c1] 
  3 (E): -46 for F [d7,d8,d6, b7,b9,b8, d4,d4,d4, d9,d9,d9,d9] (s2)
hand 5
  0 (E): -220 for E,N,N,b6,b6,b8,b8 [b9,b8,b7, b4,b3,b2] (s1)
  1 (N): -126 for b2,d1,d2,d3,d3,d4,d5,b4,b5,b5 [c7,c8,c6] 
  2 (W): -102 for d1,d1,d2,d4,d6,F,F [d8,d7,d6, d7,d6,d5] (f3)
  3 (S): 448 for E,E [c7,c7,c7, b4,b6,b5, S,S,S, b1,b1,b1] (f1,f2)
hand 6
  0 (S): -12 for d3,d4,d4,d8,b4,b4,C [b7,b8,b6, P,P,P] (s2)
  1 (E): -84 for b1,b2,c2,c5,b3,d7,d8,d8,b5,c1 [c9,c8,c7] (s3)
  2 (N): -48 for b2,d5,d6,d6,d8,S,S,b4,C,b7 [d3,d3,d3] 
  3 (W): 144 for c3,c4,c5,c5,c6,c7,d9,d9 [E,E,E, b9,b9,b9] (f2,f1,s1,s4)
hand 7
  0 (W): -352 for c2,c4,c5,W,W,F,F,C,b5,b6,b8,c1,c1 (s2,f3,f1)
  1 (S): 1408 for d2,d3,d4,d5,d6,d7,W,W [S,S,S, P,P,P] (f4)
  2 (E): -734 for b1,b1,d3,d4,d4,d6,E,E,b4,b4,b6,b9,b9 (s4,s3)
  3 (N): -322 for F [d1,d1,d1,d1, c1,c3,c2, b3,b3,b3, b6,b7,b5] (s1)
hand 8
  0 (N): -46 for b1,b2,c3,c4,c5,c5,c6,b3,b4,C,C,b5,b6 (s1)
  1 (W): -28 for c3,c4,c8,c8,d1,d3,d6,d8,d9,F [d5,d4,d3] (s4,f4,s2)
  2 (S): -10 for d1,d1,d2,d2,d2,d3,S [d7,d7,d7, d9,d9,d9] (f2,f3)
  3 (E): 84 for d6,d6,b4,b5,b6,b6,b7,b8 [c2,c2,c2, c2,c4,c3] 
hand 9
  0 (N): -80 for d2,d4,d4,S,P,P,b7,b7,b8,b9 [b8,b9,b7] (f3)
  1 (W): -26 for d1,d2,d2,d6,d9,S,W,P,b6,b6 [F,F,F] (s3,s1)
  2 (S): -38 for c6,d1,d2,d4,d5,d6,d6,d7,S,S,C,C,C 
  3 (E): 144 for c5,c5,c5,c6,c7,c8,d3,d4,d5,b6,b6 [c1,c1,c1] (f4)
hand 10
  0 (N): -24 for d1,b3,b3,d6,d7,b4,F,C,b5,b9 [b5,b7,b6] (f1,s1,s2)
  1 (W): -48 for c2,c3,c4,c5,c6,c6,c9,S,W,P [d7,d9,d8] (f2)
  2 (S): -48 for b1,d1,d2,d4,S,C,P,b5,b8,b8 [d5,d7,d6] (f4)
  3 (E): 120 for c2,c2,d3,d4,d5,b4,b5,b6 [d9,d8,d7, b3,b2,b1] 
hand 11
  0 (N): -60 for d2,d2,d2,b3,d3,d3,d7,d9,C,b5,b5,b6,b8 
  1 (W): -36 for c2,c6,c7,c9,c9,d5,d6,d8,d9,S,C,P,c1 (f4,f2,f1)
  2 (S): -24 for c2,c2,c2,c4,c8,c9,d4,d5,S,C [E,E,E] (f3,s4)
  3 (E): 120 for d3,d4,d5,d5,d6,d7,b8,b8,b8 [b4,b6,b5, d8,d8] (s1)
hand 12
  0 (N): -48 for b1,b2,c8,c9,S,b4,P [W,W,W, c4,c4,c4] (s3,s2)
  1 (W): 192 for d3,d3 [F,F,F, d7,d6,d5, d2,d2,d2, b7,b6,b5] (f1,s1)
  2 (S): -18 for d1,d1,d4,d5,d6,d7,d7,d8,d8,d9 [C,C,C] (f3,f4)
  3 (E): -126 for d8,d8,b8,b8 [b7,b6,b5, b7,b9,b8, c1,c1,c1] 
hand 13
  0 (E): 140 for b1,b2,b3,b3 [b4,b4,b4, E,E,E, F,F,F] (s1)
  1 (N): -114 for c4,c6,c9,d1,d2,d2,d4,d5,d8,W,N,N,P (f2,s3)
  2 (W): -82 for b2,d2,b3,b3,d3,d5,W,C,P,b6 [d6,d6,d6] (s2,s4,f3,f1)
  3 (S): 56 for d2,d3,d4,d9,d9 [c7,c8,c6, b5,b5,b5, d7,d7,d7] 
hand 14
  0 (S): 208 for b2,d1,d2,b3,d3,d6,d7,d8,b4 [b7,b6,b5, F,F] (f4,f1,f2)
  1 (E): -84 for c3,c4,c4,c5,c6,d2,d4,d5,d6,c1 [C,C,C] (f3,s4)
  2 (N): -74 for d1,d3,d3,d5,d7,d8,d9,F,C,P [W,W,W] (s1)
  3 (W): -50 for c2,d1,d2,d3,d4,d4,P,P,c1,c1 [c9,c9,c9,c9] (s3)
hand 15
  0 (W): -16 for b2,b3,W,W,b5,b5,b6,b6,b7,b7 [d2,d2,d2,d2] (s3,f1,s1)
  1 (S): -82 for c8,d5,d6,d6,d8,d9,W,F,P,b6 [d4,d5,d3] 
  2 (E): 2 for c2,c2,c4,c6,d6,d7,d8,E,E,F,F,F,P (f4,s4)
  3 (N): 96 for d4,d4,d5,d6,d7,d7,d8,d9 [c8,c7,c6, c6,c5,c4] 
hand 16
  0 (N): -32 for c3,c5,c5,c7,c9,c9,d2,b5,b6,c1 [C,C,C] (s4)
  1 (W): -68 for b1,d1,d1,b3,d3,d5,d5,d7,d7,E,E,P,b8 (f2)
  2 (S): -68 for b1,d4,d5,d6,d9,S,S,W,W,F,P,b8,b9 
  3 (E): 168 for d3,d4,d4,d4,d5 [c6,c8,c7, c6,c6,c6, d2,d2,d2] (s2,f4,s3)
hand 17
  0 (N): -148 for C,b5,b5,b5 [b4,b4,b4, b2,b2,b2, b6,b6,b6] (f1)
  1 (W): 98 for d9,d9,F,C [d7,d7,d7, d8,d8,d8, W,W,W] (s1,f4,s4,s3)
  2 (S): -166 for c2,c3,c4,d1,d2,d3,d5,S,S,C,C,c1,c1 (f2)
  3 (E): 216 for c5,c5,d4,d5,d6,b7,b8,b9 [d6,d7,d5, b8,b9,b7] (s2,f3)
hand 18
  0 (N): -34 for d1,d2,b3,d5,W,W,b4,N,b6,b6,b7,b8,b9 (f3,f2)
  1 (W): -34 for b2,d6,d9,P,P,b6,b9 [d4,d6,d5, d7,d8,d6] (s2,s3)
  2 (S): -52 for c3,c4,c5,c6,d1,d3,d3,d7,d7,d9,S,C,c1 (s4)
  3 (E): 120 for c8,c8,c8,b8,b8 [b1,b3,b2, c7,c6,c5, d8,d8,d8] (s1)
hand 19
  0 (N): -116 for c4,c4,c8,F,F,b8,b9 [c6,c8,c7, b4,b6,b5] (s3,s2,f1)
  1 (W): -62 for c2,c3,c7,d8,d8,C,C,C,c1,c1 [d4,d6,d5] (f3,f2)
  2 (S): -86 for d2,d3,d4,d5,d5,d7,d7,d9,F,b7 [P,P,P] (f4,s1)
  3 (E): 264 for c5,c5 [b7,b9,b8, c3,c3,c3, W,W,W, b3,b3,b3] (s4)
hand 20
  0 (N): 132 for b1,b1,b5,b6,b7,b8,b9 [E,E,E, F,F,F] (f2,f4,s1,s4)
  1 (W): -144 for d2,d2,d2,d3,d4,d5,d6,d7,d8,W [d5,d6,d4] 
  2 (S): -120 for c5,d1,d1,d3,d5,d6,d8,d8,d9,d9,d9,b4,P (f1)
  3 (E): 132 for d1,d1 [c4,c3,c2, b6,b8,b7, N,N,N, d7,d9,d8] (s3,f3)
hand 21
  0 (N): -128 for b1,c4,b3,W,F,b6,c1 [b1,b3,b2, b5,b4,b3] (f2,f1)
  1 (W): -92 for d4,d6,d6,d7,d7,F,F [d9,d8,d7, P,P,P] (s4)
  2 (S): 448 for d3,d4,d5,d8,d8 [d9,d9,d9, d5,d5,d5, W,W,W] (s1,s2)
  3 (E): -228 for d6,d6,d7,d8 [d2,d4,d3, b7,b9,b8, c9,c8,c7] (s3,f3,f4)
hand 22
  0 (E): -24 for d1,d2,d3,d4,d5,d5,d6,d7,C,C [P,P,P] (s2,f4)
  1 (N): -20 for d2,d3,d4,d5,N,F,C [d6,d6,d6, d9,d9,d9,d9] (f1,s4)
  2 (W): -68 for b1,N,b5,b5,b5,b6,b7,b8,b9,b9 [b3,b3,b3] (s3,s1)
  3 (S): 112 for d7,d7 [d4,d3,d2, c9,c9,c9, c1,c1,c1, d8,d8,d8] (f3,f2)
hand 23
  0 (S): -2 for c4,c6,c8,c8,c9,S,N,P,b8,b9 [b2,b4,b3] (f2,s2)
  1 (E): -24 for c3,d4,d8,E,S,S,N,F,C,P [d1,d1,d1] (s4,f1)
  2 (N): -38 for c9,c9,d1,d2,N,N,F,C,P,P [d3,d3,d3] 
  3 (W): 64 for c6,c7,c8,d6,d6 [b3,b2,b1, c2,c2,c2, c5,c7,c6] (s1)
hand 24
  0 (W): -96 for c2,c3,c7,W,b4,C,b5,b5,b7,b7 [b3,b4,b2] (f2,s1)
  1 (S): 384 for P,P [d9,d9,d9, d8,d7,d6, F,F,F, d3,d4,d2] 
  2 (E): -192 for c7,c9,d1,d1,d3,d5,d5,d6,E,N [d5,d7,d6] (f1,s4)
  3 (N): -96 for d2,d2,N,N,C,P,P [b7,b6,b5, d5,d4,d3] (f4)
hand 25
  0 (N): -146 for d1,d1,b3,b3 [d5,d7,d6, d3,d5,d4, d7,d7,d7] (f1,s2)
  1 (W): 136 for d1,d2,d3,d4 [W,W,W, d8,d8,d8, N,N,N,N] (f3)
  2 (S): 144 for c4,c4,d1,d2,d3,d3,d4,d5 [P,P,P, c5,c5,c5] 
  3 (E): -134 for b4,b4,b4,b7,b8,b8,b9 [b5,b6,b4, b6,b6,b6] (s4,s3,f2,f4,s1)
final scores:
  player 0: 580 (not set to chicken)
  player 1: 3076 (not set to chicken)
  player 2: 1224 (not set to chicken)
  player 3: 3120 (set to chicken)
Game took 6.46s