Initial seed: 7
starting game.

Starting hand 1.
this.hand=1; this.draws=0; config.PRNG.seed(2049323812); this.wind=0; this.windOfTheRound=0;
wall: 8,26,1,2,25,22,32,24,26,12,15,21,4,11,1,27,25,8,40,41,22,22,30,24,23,16,2,10,9,33,32,22,29,19,26,5,11,3,7,13,6,2,4,8,26,0,3,29,28,23,8,13,18,31,28,27,36,3,5,15,31,24,5,15,10,13,11,0,16,34,30,20,33,25,6,31,39,25,29,12,19,21,7,2,16,37,21,27,4,17,0,17,27,9,12,24,13,1,38,12,30,16,1,4,0,23,10,29,14,11,6,20,32,10,20,14,17,20,7,9,19,3,32,30,15,21,19,35,9,14,23,17,31,6,5,18,28,33,33,7,14,18,18,28
initial deal
tiles for 0: 1,2,4,8,12,15,21,22,24,25,26,26,32
tiles for 1: 1,2,8,10,11,16,22,22,23,24,25,27,30
tiles for 2: 3,5,6,7,9,11,13,19,22,26,29,32,33
tiles for 3: 0,2,3,4,8,8,13,18,23,26,28,29,31
prepare play
tiles for 0: 1,2,4,8,12,15,21,22,24,25,26,26,32 []
tiles for 1: 1,2,8,10,11,16,22,22,23,24,25,27,30 []
tiles for 2: 3,5,6,7,9,11,13,19,22,26,29,32,33 []
tiles for 3: 0,2,3,4,8,8,13,18,23,26,28,29,31 []
0 <  28
0  > 28
1 <  27
1  > 16
2 <  36
2 <  3
2  > 22
1 <  22 (8)
1 has [1,2,8,10,11,23,24,25,27,27,30], [[22,22,22]]
1  > 8
2 <  8 (6)
2 has [3,3,5,9,11,13,19,26,29,32,33], [[6,7,8]]
2  > 19
3 <  5
3  > 29
0 <  15
0  > 8
1 <  31
1  > 31
2 <  24
2  > 33
3 <  5
3  > 13
0 <  15
0  > 12
1 <  12 (6)
1 has [1,2,23,24,25,27,27,30], [[22,22,22],[10,11,12]]
1  > 30
2 <  10
2  > 29
3 <  13
3  > 13
0 <  11
0  > 11
1 <  0
Player 1 wins hand 1! (hand took 51ms)
0: -40, hand: 1,2,4,15,15,15,21,22,24,25,26,26,32, [], ()
1: 96, hand: 0,1,2,23,24,25,27,27, [[22,22,22],[10,11,12]], (40,41)
2: -20, hand: 3,3,5,9,10,11,13,24,26,32, [[6,7,8]], (36)
3: -36, hand: 0,2,3,4,5,5,8,8,18,23,26,28,31, [], ()

Starting hand 2.
this.hand=2; this.draws=0; config.PRNG.seed(1264983943); this.wind=1; this.windOfTheRound=0;
wall: 33,27,15,14,29,23,15,10,31,0,19,24,3,31,26,26,32,35,32,25,17,21,2,13,15,5,21,17,0,36,9,14,9,28,2,13,13,7,18,2,11,5,1,20,22,17,4,29,9,30,26,12,24,16,16,32,0,18,25,22,8,33,30,20,28,25,23,18,38,37,8,11,8,33,14,39,9,31,4,30,3,24,18,32,6,10,6,22,16,33,7,27,2,23,22,10,40,4,34,19,5,6,30,12,26,7,21,31,16,28,27,14,20,19,20,7,17,0,5,1,24,21,29,11,27,1,28,10,3,41,13,12,4,11,15,3,19,23,25,1,29,6,12,8
initial deal
tiles for 0: 0,3,10,14,15,15,19,23,24,27,29,31,33
tiles for 1: 2,5,13,15,17,21,21,25,26,26,31,32,32
tiles for 2: 0,2,2,7,9,9,11,13,13,14,17,18,28
tiles for 3: 1,4,5,9,12,16,17,20,22,24,26,29,30
prepare play
tiles for 0: 0,3,10,14,15,15,19,23,24,27,29,31,33 []
tiles for 1: 2,5,13,15,17,21,21,25,26,26,31,32,32 []
tiles for 2: 0,2,2,7,9,9,11,13,13,14,17,18,28 []
tiles for 3: 1,4,5,9,12,16,17,20,22,24,26,29,30 []
1 <  16
1  > 5
2 <  32
2  > 28
3 <  0
3  > 30
0 <  18
0  > 29
1 <  25
1  > 2
2 <  22
2  > 22
3 <  8
3  > 12
0 <  33
0  > 10
1 <  30
1  > 30
2 <  20
2  > 7
3 <  28
3  > 28
0 <  25
0  > 3
1 <  23
1  > 31
2 <  18
2  > 17
3 <  38
3 <  37
3 <  8
3  > 9
0 <  11
0  > 0
1 <  8
1  > 8
2 <  33
2  > 33
0 <  33 (8)
0 has [11,14,15,15,18,19,23,24,25,27,31], [[33,33,33]]
0  > 11
1 <  14
1  > 23
2 <  39
2 <  9
2  > 32
1 <  32 (8)
1 has [13,14,15,16,17,21,21,25,25,26,26], [[32,32,32]]
1  > 13
2 <  31
2  > 31
3 <  4
3  > 29
0 <  30
0  > 30
1 <  3
1  > 3
2 <  24
2  > 24
3 <  18
3  > 24
0 <  32
0  > 32
1 <  6
1  > 6
2 <  10
2  > 20
3 <  6
3  > 26
1 <  26 (8)
1 has [14,15,16,17,21,21,25,25], [[32,32,32],[26,26,26]]
1  > 17
2 <  22
2  > 22
3 <  16
3  > 20
0 <  20 (6)
0 has [14,15,15,23,24,25,27,31], [[33,33,33],[18,19,20]]
0  > 31
1 <  33
1  > 33
2 <  7
2  > 7
3 <  7 (6)
3 has [0,1,4,4,8,8,16,16,17,18,22], [[5,6,7]]
3  > 22
0 <  27
0  > 14
1 <  2
1  > 2
2 <  23
2  > 23
3 <  22
3  > 18
0 <  10
0  > 10
1 <  40
1 <  4
1  > 4
2 <  34
2 <  19
2  > 18
3 <  5
3  > 22
0 <  6
0  > 6
1 <  30
1  > 30
2 <  12
2  > 2
3 <  2 (6)
3 has [4,4,5,8,8,16,16,17], [[5,6,7],[0,1,2]]
3  > 5
0 <  26
0  > 26
1 <  7
1  > 7
2 <  21
2  > 2
3 <  31
3  > 31
0 <  16
0  > 16
1 <  28
1  > 28
2 <  27
2  > 0
3 <  14
3  > 14
0 <  20
0  > 20
1 <  19
1  > 19
2 <  20
2  > 27
0 <  27 (32)
0 has [15,15,23,24,25], [[33,33,33],[18,19,20],[27,27,27]!]
Player 0 wins hand 2! (hand took 228ms)
0: 288, hand: 15,15,23,24,25, [[33,33,33],[18,19,20],[27,27,27]!], ()
1: -72, hand: 14,15,16,21,21,25,25, [[32,32,32],[26,26,26]], (35,40)
2: -84, hand: 9,9,9,10,11,12,13,13,14,18,19,20,21, [], (36,39,34)
3: -132, hand: 4,4,8,8,16,16,17, [[5,6,7],[0,1,2]], (38,37)

Starting hand 3.
this.hand=3; this.draws=0; config.PRNG.seed(679191089); this.wind=2; this.windOfTheRound=0;
wall: 18,14,24,12,22,30,16,14,26,25,27,21,15,24,17,21,6,2,22,12,29,27,0,14,21,6,10,19,32,1,31,28,21,12,16,7,27,3,15,30,9,30,17,38,8,41,3,13,12,23,29,5,10,1,9,13,27,17,33,15,35,9,2,6,4,20,0,32,5,2,39,20,23,5,29,16,3,23,1,26,22,37,5,8,33,32,11,25,33,20,19,7,6,14,22,10,4,13,18,7,2,9,17,28,1,31,8,25,4,32,36,26,19,40,25,3,19,4,26,0,24,18,28,7,24,11,20,15,13,10,18,8,28,34,31,31,11,0,23,11,29,16,33,30
initial deal
tiles for 0: 12,14,14,15,16,18,21,22,24,25,26,27,30
tiles for 1: 0,2,6,6,12,14,17,21,21,22,24,27,29
tiles for 2: 1,3,7,10,12,15,16,19,21,27,28,31,32
tiles for 3: 1,3,5,8,9,10,12,13,17,23,29,30,30
prepare play
tiles for 0: 12,14,14,15,16,18,21,22,24,25,26,27,30 []
tiles for 1: 0,2,6,6,12,14,17,21,21,22,24,27,29 []
tiles for 2: 1,3,7,10,12,15,16,19,21,27,28,31,32 []
tiles for 3: 1,3,5,8,9,10,12,13,17,23,29,30,30 []
2 <  9
2  > 28
3 <  13
3  > 29
0 <  27
0  > 30
1 <  17
1  > 29
2 <  33
2  > 21
1 <  21 (8)
1 has [0,2,6,6,12,14,17,17,22,24,27], [[21,21,21]]
1  > 27
2 <  15
2  > 19
3 <  35
3 <  9
3  > 23
0 <  23 (6)
0 has [12,14,14,15,16,18,24,25,26,27,27], [[21,22,23]]
0  > 18
1 <  2
1  > 22
2 <  6
2  > 6
1 <  6 (8)
1 has [0,2,2,12,14,17,17,24], [[21,21,21],[6,6,6]]
1  > 24
2 <  4
2  > 1
3 <  20
3  > 20
0 <  0
0  > 0
1 <  32
1  > 32
2 <  5
2  > 5
3 <  2
3  > 17
1 <  17 (8)
1 has [0,2,2,12,14], [[21,21,21],[6,6,6],[17,17,17]]
1  > 0
2 <  39
2 <  20
2  > 20
3 <  23
3  > 23
0 <  5
0  > 5
1 <  29
1  > 29
2 <  16
2  > 4
3 <  4 (6)
3 has [1,5,8,9,9,10,12,13,13,30,30], [[2,3,4]]
3  > 1
0 <  3
0  > 3
1 <  23
1  > 23
2 <  1
2  > 3
3 <  26
3  > 26
0 <  22
0  > 22
1 <  37
1 <  5
1  > 5
2 <  8
2  > 8
3 <  33
3  > 5
0 <  32
0  > 32
1 <  11
1  > 11
2 <  11 (6)
2 has [1,7,12,15,15,16,16,27,31,32,33], [[9,10,11]]
2  > 7
3 <  25
3  > 25
0 <  33
0  > 33
1 <  20
1  > 20
2 <  19
2  > 1
3 <  7
3  > 33
0 <  6
0  > 6
1 <  14
1  > 14
2 <  14 (4)
2 has [12,15,16,19,27,31,32,33], [[9,10,11],[14,15,16]]
2  > 19
3 <  22
3  > 22
0 <  10
0  > 10
1 <  4
1  > 4
2 <  13
2  > 32
3 <  18
3  > 18
0 <  7
0  > 7
1 <  2
1  > 2
2 <  9
2  > 9
3 <  17
3  > 8
0 <  28
0  > 28
1 <  1
1  > 1
2 <  31
2  > 33
3 <  8
3  > 17
0 <  25
0  > 25
1 <  4
1  > 4
2 <  32
2  > 32
3 <  36
3 <  26
3  > 26
0 <  19
0  > 19
1 <  40
1 <  25
1  > 25
2 <  3
2  > 3
3 <  19
3  > 19
0 <  4
0  > 4
1 <  26
1  > 26
2 <  0
2  > 0
3 <  24
3  > 24
0 <  18
0  > 18
1 <  28
1  > 28
2 <  7
2  > 7
3 <  24
3  > 24
0 <  11
0  > 11
1 <  20
1  > 20
2 <  15
2  > 27
Hand was a draw.

Restarting hand 3.
this.hand=3; this.draws=1; config.PRNG.seed(279035238); this.wind=2; this.windOfTheRound=0;
wall: 17,2,29,0,25,26,28,18,4,25,30,0,18,13,9,5,20,0,19,24,3,5,3,7,30,23,27,9,10,25,16,24,11,27,21,23,16,39,5,34,31,36,31,32,8,20,24,23,32,26,8,2,23,13,1,6,6,4,5,3,32,3,37,21,1,16,28,26,10,33,11,22,14,17,12,2,14,8,18,4,21,27,12,14,11,29,12,18,21,19,20,8,1,29,28,40,22,9,25,28,1,7,33,10,22,26,6,32,31,4,15,38,17,24,11,9,10,15,35,16,12,30,2,31,13,7,33,19,41,15,27,15,29,33,13,19,30,14,22,6,7,0,17,20
initial deal
tiles for 0: 0,0,2,4,17,18,18,25,25,26,28,29,30
tiles for 1: 0,3,3,5,5,7,9,13,19,20,23,24,30
tiles for 2: 5,9,10,11,16,16,21,23,24,25,27,27,31
tiles for 3: 1,2,8,8,13,20,23,23,24,26,31,32,32
prepare play
tiles for 0: 0,0,2,4,17,18,18,25,25,26,28,29,30 []
tiles for 1: 0,3,3,5,5,7,9,13,19,20,23,24,30 []
tiles for 2: 5,9,10,11,16,16,21,23,24,25,27,27,31 []
tiles for 3: 1,2,8,8,13,20,23,23,24,26,31,32,32 []
2 <  6
2  > 6
3 <  6
3  > 13
0 <  4
0  > 30
1 <  5
1  > 30
2 <  3
2  > 5
1 <  5 (16)
1 has [0,3,3,7,9,13,19,20,23,24], [[5,5,5,5]]
1 <  32
1  > 9
2 <  9 (4)
2 has [3,9,16,16,21,23,24,25,27,27,31], [[9,10,11]]
2  > 3
1 <  3 (8)
1 has [0,7,13,19,20,23,24,32], [[5,5,5,5],[3,3,3]]
1  > 0
0 <  0 (8)
0 has [2,4,4,17,18,18,25,25,26,28,29], [[0,0,0]]
0  > 28
1 <  3
1  > 13
2 <  37
2 <  21
2  > 9
3 <  1
3  > 20
0 <  16
0  > 29
1 <  28
1  > 7
2 <  26
2  > 23
3 <  10
3  > 10
0 <  33
0  > 33
1 <  11
1  > 11
2 <  22
2  > 21
3 <  14
3  > 14
0 <  17
0  > 2
1 <  12
1  > 3
2 <  2
2  > 2
3 <  14
3  > 14
0 <  8
0  > 8
1 <  18
1  > 12
2 <  4
2  > 4
0 <  4 (8)
0 has [16,17,17,18,18,25,25,26], [[0,0,0],[4,4,4]]
0  > 16
1 <  21
1  > 32
3 <  32 (8)
3 has [1,1,2,6,8,8,23,23,24,26,31], [[32,32,32]]
3  > 31
0 <  27
0  > 27
1 <  12
1  > 12
2 <  14
2  > 25
0 <  25 (8)
0 has [17,17,18,18,26], [[0,0,0],[4,4,4],[25,25,25]]
0  > 26
1 <  11
1  > 11
2 <  29
2  > 29
3 <  12
3  > 12
0 <  18
Player 0 wins hand 3! (hand took 139ms)
0: 224, hand: 17,17,18,18,18, [[0,0,0],[4,4,4],[25,25,25]], ()
1: -66, hand: 18,19,20,21,23,24,28, [[5,5,5,5],[3,3,3]], ()
2: -112, hand: 14,16,16,21,22,24,26,27,27,31, [[9,10,11]], (39,34,37)
3: -46, hand: 1,1,2,6,8,8,23,23,24,26, [[32,32,32]], (36)

Starting hand 4.
this.hand=4; this.draws=0; config.PRNG.seed(1946416486); this.wind=3; this.windOfTheRound=0;
wall: 19,20,4,12,15,5,17,31,31,0,8,0,37,26,16,33,4,11,21,13,18,1,8,6,19,26,3,6,13,22,2,9,29,39,32,1,1,11,31,32,23,26,21,10,19,25,29,15,33,25,20,10,30,19,14,32,6,30,6,20,14,28,24,7,22,21,7,28,38,15,35,23,17,8,4,10,25,16,3,24,28,17,16,23,29,5,16,31,8,2,18,21,18,24,27,33,23,11,1,36,7,28,20,13,13,26,2,30,7,27,9,22,30,32,40,3,12,29,14,33,12,12,5,15,25,5,9,27,24,34,9,0,11,18,27,2,14,41,0,22,3,10,17,4
initial deal
tiles for 0: 0,0,4,5,8,12,15,17,19,20,26,31,31
tiles for 1: 1,3,4,6,8,11,13,16,18,19,21,26,33
tiles for 2: 1,1,2,6,9,11,13,22,23,29,31,32,32
tiles for 3: 10,10,15,19,19,20,21,25,25,26,29,30,33
prepare play
tiles for 0: 0,0,4,5,8,12,15,17,19,20,26,31,31 []
tiles for 1: 1,3,4,6,8,11,13,16,18,19,21,26,33 []
tiles for 2: 1,1,2,6,9,11,13,22,23,29,31,32,32 []
tiles for 3: 10,10,15,19,19,20,21,25,25,26,29,30,33 []
3 <  14
3  > 30
0 <  32
0  > 26
1 <  6
1  > 26
2 <  30
2  > 29
3 <  6
3  > 29
0 <  20
0  > 8
1 <  14
1  > 33
2 <  28
2  > 30
3 <  24
3  > 6
1 <  6 (8)
1 has [1,3,4,8,11,13,14,16,18,19,21], [[6,6,6]]
1  > 8
2 <  7
2  > 22
3 <  22 (6)
3 has [10,10,14,15,19,19,24,25,25,26,33], [[20,21,22]]
3  > 10
0 <  22
0  > 12
1 <  12 (5)
1 has [1,3,4,14,16,18,19,21], [[6,6,6],[11,12,13]]
1  > 1
2 <  21
2  > 21
3 <  7
3  > 7
0 <  28
0  > 28
1 <  38
1 <  15
1  > 21
2 <  35
2 <  23
2  > 23
3 <  17
3  > 10
0 <  8
0  > 8
1 <  4
1  > 18
2 <  10
2  > 23
3 <  25
3  > 25
0 <  16
0  > 32
2 <  32 (8)
2 has [1,1,2,6,7,9,10,11,13,28,31], [[32,32,32]]
2  > 7
3 <  3
3  > 3
0 <  3 (4)
0 has [0,0,15,16,17,19,20,20,22,31,31], [[3,4,5]]
0  > 22
1 <  24
1  > 24
2 <  28
2  > 2
3 <  17
3  > 17
0 <  16
0  > 19
1 <  23
1  > 23
2 <  29
2  > 29
3 <  5
3  > 5
0 <  16
0  > 16
1 <  31
1  > 19
2 <  8
2  > 1
3 <  2
3  > 2
0 <  18
0  > 18
1 <  21
1  > 21
2 <  18
2  > 18
3 <  24
3  > 14
0 <  27
0  > 27
1 <  33
1  > 33
2 <  23
2  > 23
3 <  23 (4)
3 has [15,17,19,19,24,25,26,33], [[20,21,22],[23,24,25]]
3  > 17
0 <  11
0  > 11
1 <  1
1  > 31
0 <  31 (8)
0 has [0,0,15,16,16,17,20,20], [[3,4,5],[31,31,31]]
0  > 17
1 <  36
1 <  7
1  > 7
2 <  28
2  > 31
3 <  20
3  > 15
0 <  13
0  > 13
1 <  13
1  > 13
2 <  26
2  > 26
3 <  2
3  > 2
1 <  2 (32)
1 has [4,4,14,15,16], [[6,6,6],[11,12,13],[1,2,3]!]
Player 1 wins hand 4! (hand took 199ms)
0: -148, hand: 0,0,15,16,16,20,20, [[3,4,5],[31,31,31]], (37)
1: 80, hand: 4,4,14,15,16, [[6,6,6],[11,12,13],[1,2,3]!], (38,36)
2: 284, hand: 1,6,8,9,10,11,13,28,28,28, [[32,32,32]], (39,35)
3: -216, hand: 19,19,20,24,25,26,33, [[20,21,22],[23,24,25]], ()

Starting hand 5.
this.hand=5; this.draws=0; config.PRNG.seed(1518167628); this.wind=0; this.windOfTheRound=1;
wall: 4,15,31,22,13,7,23,33,22,2,10,6,30,4,26,9,31,15,6,28,15,0,19,31,8,22,11,29,20,11,35,39,18,30,1,3,41,3,17,23,37,24,1,3,2,5,3,21,17,12,10,0,36,23,27,33,12,8,2,4,14,18,11,13,25,19,33,9,4,18,25,28,8,7,17,20,9,7,16,16,21,30,21,21,16,29,19,0,26,31,28,5,2,7,32,16,38,15,9,26,14,10,13,0,40,25,32,26,29,28,14,24,13,27,17,24,33,27,6,8,22,34,5,12,25,20,29,11,6,32,14,19,32,12,5,20,27,24,23,10,30,1,1,18
initial deal
tiles for 0: 2,4,6,7,10,13,15,22,22,23,30,31,33
tiles for 1: 0,4,6,8,9,15,15,19,22,26,28,31,31
tiles for 2: 1,1,3,3,11,11,17,18,20,23,24,29,30
tiles for 3: 0,2,3,3,5,10,12,12,17,21,23,27,33
prepare play
tiles for 0: 2,4,6,7,10,13,15,22,22,23,30,31,33 []
tiles for 1: 0,4,6,8,9,15,15,19,22,26,28,31,31 []
tiles for 2: 1,1,3,3,11,11,17,18,20,23,24,29,30 []
tiles for 3: 0,2,3,3,5,10,12,12,17,21,23,27,33 []
0 <  8
0  > 30
1 <  2
1  > 26
2 <  4
2  > 30
3 <  14
3  > 27
0 <  18
0  > 18
1 <  11
1  > 22
2 <  13
2  > 18
3 <  25
3  > 2
0 <  19
0  > 19
1 <  33
1  > 19
2 <  9
2  > 20
3 <  4
3  > 10
0 <  18
0  > 18
1 <  25
1  > 25
2 <  28
2  > 24
3 <  24 (5)
3 has [0,3,3,4,5,12,12,14,17,21,33], [[23,24,25]]
3  > 14
0 <  14 (5)
0 has [2,4,6,7,8,10,22,22,23,31,33], [[13,14,15]]
0  > 10
1 <  10 (5)
1 has [0,2,4,6,8,15,15,28,31,31,33], [[9,10,11]]
1  > 28
2 <  8
2  > 23
3 <  7
3  > 17
0 <  17
0  > 17
1 <  20
1  > 20
2 <  9
2  > 17
3 <  7
3  > 21
0 <  21 (4)
0 has [2,4,6,7,8,22,31,33], [[13,14,15],[21,22,23]]
0  > 22
1 <  16
1  > 33
2 <  16
2  > 16
3 <  21
3  > 21
0 <  30
0  > 30
1 <  21
1  > 21
2 <  21
2  > 21
3 <  16
3  > 16
0 <  29
0  > 29
1 <  19
1  > 19
2 <  0
2  > 3
3 <  26
3  > 26
0 <  31
0  > 33
1 <  28
1  > 28
2 <  5
2  > 8
3 <  2
3  > 12
0 <  7
0  > 7
1 <  7 (5)
1 has [0,2,4,15,15,16,31,31], [[9,10,11],[6,7,8]]
1  > 4
2 <  32
2  > 4
3 <  16
3  > 16
0 <  38
0 <  15
0  > 15
1 <  15 (8)
1 has [0,2,16,31,31], [[9,10,11],[6,7,8],[15,15,15]]
1  > 16
2 <  9
2  > 5
3 <  26
3  > 12
0 <  14
0  > 14
1 <  10
1  > 10
2 <  10 (5)
2 has [0,1,1,3,9,9,11,13,28,29,32], [[9,10,11]]
2  > 1
1 <  1 (32)
1 has [31,31], [[9,10,11],[6,7,8],[15,15,15],[0,1,2]!]
Player 1 wins hand 5! (hand took 201ms)
0: -44, hand: 2,4,6,7,8,31,31, [[13,14,15],[21,22,23]], (38)
1: 56, hand: 31,31, [[9,10,11],[6,7,8],[15,15,15],[0,1,2]!], ()
2: 18, hand: 0,1,3,9,9,11,13,28,29,32, [[9,10,11]], (35,39,41,37)
3: -30, hand: 0,2,3,3,4,5,7,7,26,33, [[23,24,25]], (36)

Starting hand 6.
this.hand=6; this.draws=0; config.PRNG.seed(1062287915); this.wind=1; this.windOfTheRound=1;
wall: 21,33,5,17,14,5,3,24,20,16,7,28,36,27,16,34,20,22,29,15,16,30,30,2,19,0,7,5,27,14,0,23,28,10,31,1,32,1,38,10,32,31,22,28,18,9,3,41,40,26,33,13,24,30,9,5,26,6,18,0,4,27,17,23,8,4,25,31,3,14,6,3,26,19,12,10,33,22,15,17,24,1,11,4,9,11,8,20,30,23,25,13,37,35,16,23,12,26,19,13,29,8,6,12,32,18,29,13,32,19,2,33,17,18,7,2,25,14,2,11,4,39,28,0,22,15,9,8,15,24,20,25,27,10,21,21,21,29,6,31,11,12,1,7
initial deal
tiles for 0: 3,5,5,7,14,16,17,20,21,24,27,28,33
tiles for 1: 0,2,5,7,15,16,16,19,20,22,29,30,30
tiles for 2: 0,1,1,10,10,14,23,27,28,31,31,32,32
tiles for 3: 3,5,9,9,13,18,22,24,26,26,28,30,33
prepare play
tiles for 0: 3,5,5,7,14,16,17,20,21,24,27,28,33 []
tiles for 1: 0,2,5,7,15,16,16,19,20,22,29,30,30 []
tiles for 2: 0,1,1,10,10,14,23,27,28,31,31,32,32 []
tiles for 3: 3,5,9,9,13,18,22,24,26,26,28,30,33 []
1 <  6
1  > 29
2 <  18
2  > 27
3 <  0
3  > 30
1 <  30 (8)
1 has [0,2,5,6,7,15,16,16,19,20,22], [[30,30,30]]
1  > 22
2 <  4
2  > 23
3 <  23 (5)
3 has [0,3,5,9,9,13,18,26,26,28,33], [[22,23,24]]
3  > 0
0 <  27
0  > 24
1 <  17
1  > 0
2 <  23
2  > 18
3 <  8
3  > 13
0 <  4
0  > 33
1 <  25
1  > 25
2 <  31
2  > 23
3 <  3
3  > 18
0 <  14
0  > 28
1 <  6
1  > 2
2 <  3
2  > 14
3 <  26
3  > 26
0 <  19
0  > 7
1 <  12
1  > 12
2 <  10
2  > 1
3 <  33
3  > 9
0 <  22
0  > 17
1 <  15
1  > 19
2 <  17
2  > 17
3 <  24
3  > 9
0 <  1
0  > 16
1 <  16 (8)
1 has [5,6,6,7,15,15,17,20], [[30,30,30],[16,16,16]]
1  > 20
2 <  11
2  > 0
3 <  4
3  > 5
0 <  9
0  > 9
1 <  11
1  > 11
2 <  8
2  > 1
3 <  20
3  > 3
0 <  3 (4)
0 has [1,3,5,14,14,19,20,21,22,27,27], [[3,4,5]]
0  > 5
1 <  5 (4)
1 has [5,6,15,15,17], [[30,30,30],[16,16,16],[5,6,7]]
1  > 17
2 <  30
2  > 30
3 <  23
3  > 8
0 <  25
0  > 25
1 <  13
1  > 13
2 <  37
2 <  35
2 <  16
2  > 3
3 <  23
3  > 3
0 <  12
0  > 1
1 <  26
1  > 26
2 <  19
2  > 19
3 <  13
3  > 4
1 <  4 (32)
1 has [15,15], [[30,30,30],[16,16,16],[5,6,7],[4,5,6]!]
Player 1 wins hand 6! (hand took 173ms)
0: -94, hand: 3,12,14,14,19,20,21,22,27,27, [[3,4,5]], (36)
1: 120, hand: 15,15, [[30,30,30],[16,16,16],[5,6,7],[4,5,6]!], (34)
2: 50, hand: 4,8,10,10,10,11,16,28,31,31,31,32,32, [], (38,37,35)
3: -76, hand: 13,20,23,23,24,26,26,28,33,33, [[22,23,24]], (41,40)

Starting hand 7.
this.hand=7; this.draws=0; config.PRNG.seed(843025877); this.wind=1; this.windOfTheRound=1;
wall: 17,29,25,32,11,11,20,9,5,14,28,18,28,13,9,4,16,26,1,30,6,19,25,37,36,18,26,25,20,14,32,21,21,8,10,17,4,7,9,11,25,2,17,2,24,32,23,35,28,40,19,22,3,15,4,24,6,33,12,23,13,12,31,1,7,7,21,15,0,15,0,2,31,0,24,29,16,18,1,8,12,33,10,6,30,39,22,27,34,23,27,16,20,38,13,16,41,5,10,10,30,31,24,2,33,0,27,6,5,7,5,21,8,29,11,8,4,27,22,19,26,13,20,19,17,3,28,15,14,3,26,14,1,30,33,31,12,22,32,23,18,29,3,9
initial deal
tiles for 0: 5,9,11,11,14,17,18,20,25,28,28,29,32
tiles for 1: 1,4,6,9,13,16,18,19,25,25,26,26,30
tiles for 2: 4,7,8,9,10,11,14,17,20,21,21,25,32
tiles for 3: 2,2,3,4,15,17,19,22,23,24,24,28,32
prepare play
tiles for 0: 5,9,11,11,14,17,18,20,25,28,28,29,32 []
tiles for 1: 1,4,6,9,13,16,18,19,25,25,26,26,30 []
tiles for 2: 4,7,8,9,10,11,14,17,20,21,21,25,32 []
tiles for 3: 2,2,3,4,15,17,19,22,23,24,24,28,32 []
1 <  6
1  > 30
2 <  33
2  > 7
3 <  12
3  > 12
0 <  23
0  > 29
1 <  13
1  > 16
2 <  12
2  > 4
3 <  31
3  > 15
0 <  1
0  > 5
1 <  5 (5)
1 has [1,6,9,13,13,18,19,25,25,26,26], [[4,5,6]]
1  > 1
2 <  7
2  > 7
3 <  7
3  > 17
0 <  21
0  > 1
1 <  15
1  > 9
2 <  0
2  > 8
3 <  15
3  > 15
0 <  0
0  > 0
1 <  2
1  > 6
2 <  31
2  > 0
3 <  0
3  > 19
0 <  19 (5)
0 has [9,11,11,14,17,21,23,25,28,28,32], [[18,19,20]]
0  > 17
1 <  24
1  > 2
2 <  29
2  > 29
3 <  16
3  > 16
0 <  18
0  > 14
1 <  14 (5)
1 has [13,18,19,24,25,25,26,26], [[4,5,6],[13,14,15]]
1  > 13
2 <  13 (6)
2 has [9,10,14,17,20,21,21,25,31,32,33], [[11,12,13]]
2  > 21
3 <  1
3  > 4
0 <  8
0  > 18
1 <  12
1  > 12
2 <  33
2  > 21
3 <  10
3  > 10
0 <  10 (5)
0 has [8,11,21,23,25,28,28,32], [[18,19,20],[9,10,11]]
0  > 8
1 <  6
1  > 6
2 <  30
2  > 25
1 <  25 (8)
1 has [18,19,24,26,26], [[4,5,6],[13,14,15],[25,25,25]]
1  > 24
2 <  39
2 <  22
2  > 20
1 <  20 (32)
1 has [26,26], [[4,5,6],[13,14,15],[25,25,25],[18,19,20]!]
Player 1 wins hand 7! (hand took 135ms)
0: -50, hand: 11,21,23,25,28,28,32, [[18,19,20],[9,10,11]], ()
1: 120, hand: 26,26, [[4,5,6],[13,14,15],[25,25,25],[18,19,20]!], (37,36)
2: -38, hand: 9,10,14,17,22,30,31,32,33,33, [[11,12,13]], (39)
3: -32, hand: 0,1,2,2,3,7,22,23,24,24,28,31,32, [], (35,40)

Starting hand 8.
this.hand=8; this.draws=0; config.PRNG.seed(1066730685); this.wind=1; this.windOfTheRound=1;
wall: 22,20,32,22,15,14,28,29,9,21,15,19,23,19,13,10,31,32,7,13,5,28,29,16,2,22,30,12,26,16,8,39,30,30,36,19,21,8,17,30,19,16,10,27,2,25,31,3,17,23,23,33,33,6,25,37,29,21,7,11,17,13,2,11,0,6,28,18,9,1,28,27,16,12,23,41,31,0,3,0,1,40,9,3,8,12,17,1,24,22,14,24,35,38,3,14,10,6,2,33,25,4,21,20,13,29,26,9,25,4,10,12,5,0,24,27,15,26,8,7,24,34,6,20,20,18,7,27,18,1,4,32,5,4,32,26,31,14,5,11,18,15,11,33
initial deal
tiles for 0: 9,14,15,15,19,20,21,22,22,23,28,29,32
tiles for 1: 2,5,7,10,13,13,16,19,22,28,29,31,32
tiles for 2: 8,8,12,16,17,19,19,21,26,30,30,30,30
tiles for 3: 2,3,6,10,16,17,23,23,25,27,31,33,33
prepare play
2 locks [30,30,30,30]
2 <  25 (supplement)
tiles for 0: 9,14,15,15,19,20,21,22,22,23,28,29,32 []
tiles for 1: 2,5,7,10,13,13,16,19,22,28,29,31,32 []
tiles for 2: 8,8,12,16,17,19,19,21,25,26 [[30,30,30,30]]
tiles for 3: 2,3,6,10,16,17,23,23,25,27,31,33,33 []
1 <  37
1 <  29
1  > 19
2 <  21
2  > 8
3 <  7
3  > 27
0 <  11
0  > 29
1 <  29 (8)
1 has [2,5,7,10,13,13,16,22,28,31,32], [[29,29,29]]
1  > 22
2 <  17
2  > 8
3 <  13
3  > 13
1 <  13 (8)
1 has [2,5,7,10,16,28,31,32], [[29,29,29],[13,13,13]]
1  > 16
2 <  2
2  > 2
3 <  11
3  > 2
0 <  0
0  > 0
1 <  6
1  > 2
2 <  28
2  > 12
3 <  18
3  > 18
0 <  9
0  > 32
1 <  1
1  > 1
2 <  28
2  > 25
3 <  27
3  > 27
0 <  16
0  > 28
1 <  12
1  > 32
2 <  23
2  > 23
3 <  41
3 <  31
3  > 3
0 <  0
0  > 0
1 <  3
1  > 31
3 <  31 (8)
3 has [6,7,10,11,16,17,23,23,25,33,33], [[31,31,31]]
3  > 7
0 <  0
0  > 0
1 <  1
1  > 28
2 <  40
2 <  9
2  > 9
3 <  3
3  > 3
0 <  8
0  > 8
1 <  8 (6)
1 has [1,3,5,10,12], [[29,29,29],[13,13,13],[6,7,8]]
1  > 5
2 <  12
2  > 12
3 <  17
3  > 6
0 <  1
0  > 1
1 <  24
1  > 24
2 <  22
2  > 19
3 <  14
3  > 11
0 <  24
0  > 11
1 <  11 (5)
1 has [1,3], [[29,29,29],[13,13,13],[6,7,8],[10,11,12]]
1  > 1
2 <  35
2 <  38
2 <  3
2  > 3
1 <  3 (32)
1 has [], [[29,29,29],[13,13,13],[6,7,8],[10,11,12],[3,3]!]
Player 1 wins hand 8! (hand took 140ms)
0: -140, hand: 9,9,14,15,15,16,19,20,21,22,22,23,24, [], ()
1: 132, hand: , [[29,29,29],[13,13,13],[6,7,8],[10,11,12],[3,3]!], (37)
2: 88, hand: 16,17,17,19,21,21,22,26,28,28, [[30,30,30,30]], (39,36,40,35,38)
3: -80, hand: 10,14,16,17,17,23,23,25,33,33, [[31,31,31]], (41)

Starting hand 9.
this.hand=9; this.draws=0; config.PRNG.seed(520772078); this.wind=1; this.windOfTheRound=1;
wall: 6,4,11,6,12,33,11,5,20,33,15,27,5,21,8,22,21,28,23,33,32,9,25,14,29,31,0,19,6,35,10,39,25,24,19,1,21,16,23,0,10,33,15,25,4,3,28,5,10,12,29,40,30,26,16,2,2,24,16,30,4,31,3,29,31,27,8,21,27,16,24,18,28,18,3,13,26,32,32,2,14,17,7,13,2,34,22,17,25,15,17,30,13,29,22,0,26,14,1,19,24,10,4,37,23,26,18,9,8,19,20,1,9,12,32,31,17,23,7,28,13,11,20,8,22,15,3,1,7,30,18,38,0,20,41,5,36,7,12,11,6,9,14,27
initial deal
tiles for 0: 4,5,5,6,6,11,11,12,15,20,27,33,33
tiles for 1: 8,9,14,21,21,22,23,25,28,29,31,32,33
tiles for 2: 0,0,1,6,10,10,16,19,19,21,23,24,25
tiles for 3: 3,4,5,10,12,15,16,25,26,28,29,30,33
prepare play
tiles for 0: 4,5,5,6,6,11,11,12,15,20,27,33,33 []
tiles for 1: 8,9,14,21,21,22,23,25,28,29,31,32,33 []
tiles for 2: 0,0,1,6,10,10,16,19,19,21,23,24,25 []
tiles for 3: 3,4,5,10,12,15,16,25,26,28,29,30,33 []
1 <  2
1  > 29
2 <  2
2  > 2
3 <  24
3  > 30
0 <  16
0  > 27
1 <  30
1  > 30
2 <  4
2  > 16
3 <  31
3  > 4
0 <  4 (4)
0 has [4,5,6,11,11,12,15,16,20,33,33], [[4,5,6]]
0  > 20
1 <  3
1  > 14
2 <  29
2  > 29
3 <  31
3  > 3
0 <  27
0  > 27
1 <  8
1  > 9
2 <  21
2  > 1
3 <  27
3  > 27
0 <  16
0  > 15
1 <  24
1  > 31
3 <  31 (8)
3 has [5,10,12,15,16,24,25,26,28,29,33], [[31,31,31]]
3  > 5
0 <  18
0  > 18
1 <  28
1  > 32
2 <  18
2  > 0
3 <  3
3  > 3
0 <  13
0  > 4
1 <  4 (6)
1 has [8,8,21,21,22,23,24,25,28,28,33], [[2,3,4]]
1  > 33
0 <  33 (8)
0 has [5,6,11,11,12,13,16,16], [[4,5,6],[33,33,33]]
0  > 5
1 <  26
1  > 21
2 <  32
2  > 0
3 <  32
3  > 33
0 <  2
0  > 6
1 <  14
1  > 14
2 <  17
2  > 6
3 <  7
3  > 7
0 <  13
0  > 2
1 <  2
1  > 2
2 <  34
2 <  22
2  > 4
3 <  17
3  > 15
0 <  25
0  > 25
1 <  15
1  > 15
2 <  17
2  > 18
3 <  30
3  > 30
0 <  13
0  > 13
1 <  29
1  > 29
2 <  22
2  > 19
3 <  0
3  > 29
0 <  26
0  > 26
1 <  14
1  > 14
2 <  1
2  > 1
3 <  19
3  > 0
0 <  24
0  > 24
1 <  10
1  > 10
2 <  4
2  > 4
3 <  37
3 <  23
3  > 12
0 <  12 (5)
0 has [11,12,13,16,16], [[4,5,6],[33,33,33],[11,12,13]]
Player 0 wins hand 9! (hand took 182ms)
0: 128, hand: 11,12,13,16,16, [[4,5,6],[33,33,33],[11,12,13]], ()
1: -128, hand: 8,8,21,22,23,24,25,26,28,28, [[2,3,4]], ()
2: -24, hand: 10,10,17,17,19,21,21,22,22,23,24,25,32, [], (35,39,34)
3: 24, hand: 10,16,17,19,23,24,25,26,28,32, [[31,31,31]], (40,37)

Starting hand 10.
this.hand=10; this.draws=0; config.PRNG.seed(641351874); this.wind=2; this.windOfTheRound=1;
wall: 31,31,21,21,16,1,9,15,25,26,10,20,36,22,14,25,29,21,18,7,11,12,24,9,34,38,3,27,15,7,13,19,13,13,14,5,13,30,28,24,3,22,12,15,21,5,26,19,6,18,33,5,23,0,3,1,19,18,20,39,17,2,32,32,7,26,3,30,16,17,14,6,26,30,33,1,10,12,23,27,23,11,35,10,6,11,33,16,27,20,9,24,22,8,29,37,23,8,2,25,22,28,31,9,17,4,1,14,31,2,4,40,18,28,41,30,32,29,20,2,17,8,12,28,25,4,0,8,7,6,16,32,10,0,29,19,0,11,27,24,15,33,4,5
initial deal
tiles for 0: 1,9,10,15,16,20,21,21,22,25,26,31,31
tiles for 1: 3,7,9,11,12,14,15,18,21,24,25,27,29
tiles for 2: 3,5,7,13,13,13,13,14,19,22,24,28,30
tiles for 3: 0,3,5,5,6,12,15,18,19,21,23,26,33
prepare play
2 locks [13,13,13,13]
2 <  1 (supplement)
tiles for 0: 1,9,10,15,16,20,21,21,22,25,26,31,31 []
tiles for 1: 3,7,9,11,12,14,15,18,21,24,25,27,29 []
tiles for 2: 1,3,5,7,14,19,22,24,28,30 [[13,13,13,13]]
tiles for 3: 0,3,5,5,6,12,15,18,19,21,23,26,33 []
2 <  19
2  > 30
3 <  18
3  > 15
0 <  20
0  > 1
1 <  39
1 <  17
1  > 27
2 <  2
2  > 14
3 <  32
3  > 12
0 <  32
0  > 20
1 <  7
1  > 29
2 <  26
2  > 19
3 <  3
3  > 26
0 <  30
0  > 30
1 <  16
1  > 3
2 <  17
2  > 17
3 <  14
3  > 14
0 <  14 (4)
0 has [9,10,20,21,21,22,25,26,31,31,32], [[14,15,16]]
0  > 22
1 <  6
1  > 21
2 <  26
2  > 2
3 <  30
3  > 5
0 <  33
0  > 21
1 <  1
1  > 1
2 <  10
2  > 7
1 <  7 (8)
1 has [6,9,11,12,14,15,16,17,18,24,25], [[7,7,7]]
1  > 6
2 <  12
2  > 1
3 <  23
3  > 0
0 <  27
0  > 27
1 <  23
1  > 18
2 <  11
2  > 5
3 <  35
3 <  10
3  > 10
0 <  6
0  > 6
1 <  11
1  > 9
2 <  33
2  > 3
3 <  16
3  > 16
0 <  27
0  > 27
1 <  20
1  > 20
2 <  9
2  > 24
3 <  24
3  > 5
0 <  22
0  > 26
1 <  8
1  > 8
2 <  29
2  > 29
3 <  37
3 <  23
3  > 3
0 <  8
0  > 8
1 <  2
1  > 2
2 <  25
2  > 25
3 <  25 (6)
3 has [3,6,18,18,19,21,23,23,30,32,33], [[23,24,25]]
3  > 6
0 <  22
0  > 22
1 <  28
1  > 28
2 <  31
2  > 22
3 <  22 (5)
3 has [3,18,18,19,23,30,32,33], [[23,24,25],[21,22,23]]
3  > 3
0 <  9
0  > 22
1 <  17
1  > 17
2 <  4
2  > 4
3 <  1
3  > 1
0 <  14
0  > 25
1 <  31
1  > 31
0 <  31 (8)
0 has [9,9,10,14,20,21,32,33], [[14,15,16],[31,31,31]]
0  > 20
1 <  2
1  > 2
2 <  4
2  > 31
3 <  40
3 <  18
3  > 23
0 <  28
0  > 21
1 <  41
1 <  30
1  > 30
2 <  32
2  > 19
3 <  29
3  > 30
0 <  20
0  > 20
1 <  2
1  > 2
2 <  17
2  > 17
3 <  8
3  > 29
0 <  12
0  > 14
1 <  28
1  > 28
2 <  25
2  > 4
3 <  4
3  > 19
0 <  0
0  > 0
1 <  8
1  > 8
Hand was a draw.

Restarting hand 10.
this.hand=10; this.draws=1; config.PRNG.seed(182465949); this.wind=2; this.windOfTheRound=1;
wall: 6,16,27,16,14,3,9,15,14,5,5,1,33,36,38,31,6,21,17,8,7,1,10,41,31,29,8,2,27,33,31,26,15,11,24,18,32,20,5,3,5,24,20,18,4,25,2,17,28,9,9,25,2,3,22,15,40,25,16,6,0,13,17,23,11,28,14,14,12,39,30,23,33,12,31,28,7,27,10,13,10,29,22,27,24,23,6,8,26,32,18,22,20,19,22,24,29,32,0,10,19,30,34,4,0,4,28,21,25,37,29,20,13,26,32,35,2,3,21,11,15,33,1,19,23,8,9,12,1,16,11,30,21,4,7,17,30,0,26,12,19,18,7,13
initial deal
tiles for 0: 1,3,5,5,6,9,14,14,15,16,16,27,33
tiles for 1: 1,2,6,7,8,8,10,17,21,27,29,31,31
tiles for 2: 3,5,5,11,15,18,20,24,24,26,31,32,33
tiles for 3: 2,2,3,4,9,9,17,18,20,22,25,25,28
prepare play
tiles for 0: 1,3,5,5,6,9,14,14,15,16,16,27,33 []
tiles for 1: 1,2,6,7,8,8,10,17,21,27,29,31,31 []
tiles for 2: 3,5,5,11,15,18,20,24,24,26,31,32,33 []
tiles for 3: 2,2,3,4,9,9,17,18,20,22,25,25,28 []
2 <  15
2  > 5
3 <  40
3 <  25
3  > 17
0 <  17 (6)
0 has [1,3,5,5,6,9,14,14,16,27,33], [[15,16,17]]
0  > 27
1 <  16
1  > 29
2 <  6
2  > 3
3 <  0
3  > 9
0 <  13
0  > 6
1 <  6 (4)
1 has [1,2,6,8,10,16,17,21,27,31,31], [[6,7,8]]
1  > 27
2 <  17
2  > 6
3 <  23
3  > 9
0 <  11
0  > 5
1 <  28
1  > 21
2 <  14
2  > 5
3 <  14
3  > 14
0 <  12
0  > 3
1 <  3 (6)
1 has [6,8,10,16,17,28,31,31], [[6,7,8],[1,2,3]]
1  > 10
2 <  39
2 <  30
2  > 30
3 <  23
3  > 0
0 <  33
0  > 1
1 <  12
1  > 12
2 <  31
2  > 18
3 <  28
3  > 4
0 <  7
0  > 5
1 <  27
1  > 27
2 <  10
2  > 24
3 <  24 (6)
3 has [2,2,3,18,20,23,25,25,25,28,28], [[22,23,24]]
3  > 25
0 <  13
0  > 7
1 <  7 (5)
1 has [16,17,28,31,31], [[6,7,8],[1,2,3],[6,7,8]]
1  > 28
2 <  10
2  > 26
3 <  29
3  > 29
0 <  22
0  > 22
1 <  27
1  > 27
2 <  24
2  > 24
3 <  24 (5)
3 has [2,2,3,18,20,25,28,28], [[22,23,24],[23,24,25]]
3  > 3
0 <  23
0  > 23
1 <  6
1  > 6
2 <  8
2  > 8
3 <  26
3  > 2
0 <  32
0  > 32
1 <  18
1  > 18
2 <  22
2  > 22
3 <  20
3  > 2
0 <  19
0  > 19
1 <  22
1  > 22
2 <  24
2  > 24
3 <  24 (4)
3 has [18,20,20,28,28], [[22,23,24],[23,24,25],[24,25,26]]
3  > 18
0 <  29
0  > 29
1 <  32
1  > 32
2 <  0
2  > 0
3 <  10
3  > 10
2 <  10 (8)
2 has [11,14,15,15,17,20,24,31,31,32,33], [[10,10,10]]
2  > 24
3 <  19
3  > 19
0 <  30
0  > 30
1 <  34
1 <  4
1  > 4
2 <  0
2  > 0
3 <  4
3  > 4
0 <  28
0  > 9
1 <  21
1  > 21
2 <  25
2  > 25
3 <  37
3 <  29
3  > 29
0 <  20
0  > 20
3 <  20 (32)
3 has [28,28], [[22,23,24],[23,24,25],[24,25,26],[20,20,20]!]
Player 3 wins hand 10! (hand took 212ms)
0: -66, hand: 11,12,13,13,14,14,16,28,33,33, [[15,16,17]], ()
1: -18, hand: 16,17,31,31, [[6,7,8],[1,2,3],[6,7,8]], (36,38,41,34)
2: -92, hand: 11,14,15,15,17,20,31,31,32,33, [[10,10,10]], (39)
3: 176, hand: 28,28, [[22,23,24],[23,24,25],[24,25,26],[20,20,20]!], (40,37)

Starting hand 11.
this.hand=11; this.draws=0; config.PRNG.seed(1820817578); this.wind=3; this.windOfTheRound=1;
wall: 22,16,29,16,22,11,21,12,27,36,26,11,29,9,15,12,40,6,13,3,19,3,12,11,22,14,22,18,19,25,5,8,0,24,5,20,32,0,5,7,13,21,24,13,4,10,16,11,25,25,1,3,29,19,0,20,41,10,4,27,3,33,10,30,7,16,7,30,17,5,27,18,1,28,14,13,33,33,32,23,0,21,18,9,19,25,2,10,26,35,12,30,14,9,1,6,23,17,8,27,30,32,33,38,2,15,24,39,32,6,14,31,26,15,1,23,6,37,15,8,2,24,26,7,18,31,20,2,8,21,28,31,4,17,28,17,4,28,23,31,29,20,9,34
initial deal
tiles for 0: 9,11,11,12,16,16,21,22,22,26,27,29,29
tiles for 1: 3,3,6,11,12,12,13,14,15,18,19,22,22
tiles for 2: 0,0,5,5,5,7,8,13,19,20,24,25,32
tiles for 3: 1,3,4,10,11,13,16,19,21,24,25,25,29
prepare play
tiles for 0: 9,11,11,12,16,16,21,22,22,26,27,29,29 []
tiles for 1: 3,3,6,11,12,12,13,14,15,18,19,22,22 []
tiles for 2: 0,0,5,5,5,7,8,13,19,20,24,25,32 []
tiles for 3: 1,3,4,10,11,13,16,19,21,24,25,25,29 []
3 <  0
3  > 29
0 <  29 (8)
0 has [9,11,11,12,16,16,21,22,22,26,27], [[29,29,29]]
0  > 27
1 <  20
1  > 6
2 <  41
2 <  10
2  > 24
3 <  4
3  > 16
0 <  16 (8)
0 has [9,11,11,12,21,22,22,26], [[29,29,29],[16,16,16]]
0  > 22
1 <  22 (8)
1 has [3,3,11,12,12,13,14,15,18,19,20], [[22,22,22]]
1  > 12
2 <  27
2  > 27
3 <  3
3  > 10
1 <  10 (32)
1 has [3,3,13,14,15,18,19,20], [[22,22,22],[10,11,12]!]
Player 1 wins hand 11! (hand took 32ms)
0: -4, hand: 9,11,11,12,21,22,26, [[29,29,29],[16,16,16]], (36)
1: 64, hand: 3,3,13,14,15,18,19,20, [[22,22,22],[10,11,12]!], (40)
2: -10, hand: 0,0,5,5,5,7,8,10,13,19,20,25,32, [], (41)
3: -50, hand: 0,1,3,3,4,4,11,13,19,21,24,25,25, [], ()

Starting hand 12.
this.hand=12; this.draws=0; config.PRNG.seed(35128681); this.wind=0; this.windOfTheRound=2;
wall: 31,41,12,24,14,25,10,11,5,15,20,5,14,26,3,17,21,19,12,25,22,8,19,17,11,33,9,23,0,1,8,14,0,9,33,24,27,28,26,17,30,9,32,19,25,29,3,33,23,6,6,16,0,4,25,11,36,13,17,35,28,20,29,20,1,18,32,30,0,7,15,39,22,21,28,32,16,4,12,21,24,3,22,24,2,29,13,30,2,22,30,27,20,16,28,7,34,12,4,37,38,32,31,4,7,26,8,2,40,14,5,6,10,27,8,23,1,15,19,7,29,15,3,13,5,9,18,27,11,23,21,10,16,10,13,18,2,18,31,1,31,26,33,6
initial deal
tiles for 0: 5,5,10,11,12,14,14,15,20,24,25,26,31
tiles for 1: 3,8,9,11,12,17,17,19,19,21,22,25,33
tiles for 2: 0,0,1,8,9,14,17,23,24,26,27,28,33
tiles for 3: 0,3,6,6,9,16,19,23,25,29,30,32,33
prepare play
tiles for 0: 5,5,10,11,12,14,14,15,20,24,25,26,31 []
tiles for 1: 3,8,9,11,12,17,17,19,19,21,22,25,33 []
tiles for 2: 0,0,1,8,9,14,17,23,24,26,27,28,33 []
tiles for 3: 0,3,6,6,9,16,19,23,25,29,30,32,33 []
0 <  4
0  > 4
1 <  25
1  > 3
2 <  11
2  > 28
3 <  36
3 <  13
3  > 30
0 <  17
0  > 5
1 <  35
1 <  28
1  > 28
2 <  20
2  > 27
3 <  29
3  > 13
0 <  13 (6)
0 has [5,10,14,14,15,17,20,24,25,26,31], [[11,12,13]]
0  > 5
1 <  20
1  > 8
2 <  1
2  > 26
3 <  18
3  > 9
0 <  32
0  > 10
1 <  10 (5)
1 has [12,17,17,19,19,20,21,22,25,25,33], [[9,10,11]]
1  > 12
2 <  30
2  > 30
3 <  0
3  > 16
0 <  16 (6)
0 has [14,17,20,24,25,26,31,32], [[11,12,13],[14,15,16]]
0  > 20
1 <  20 (4)
1 has [17,17,19,19,20,25,25,33], [[9,10,11],[20,21,22]]
1  > 33
2 <  7
2  > 20
3 <  20 (6)
3 has [0,0,3,6,6,23,25,29,29,32,33], [[18,19,20]]
3  > 0
0 <  15
0  > 26
1 <  39
1 <  22
1  > 22
2 <  21
2  > 23
3 <  28
3  > 3
0 <  32
0  > 25
1 <  25 (8)
1 has [17,17,19,19,20], [[9,10,11],[20,21,22],[25,25,25]]
1  > 20
2 <  16
2  > 21
3 <  4
3  > 0
0 <  12
0  > 24
1 <  21
1  > 21
2 <  24
2  > 24
3 <  24 (5)
3 has [4,6,6,28,29,29,32,33], [[18,19,20],[23,24,25]]
3  > 4
0 <  3
0  > 3
1 <  22
1  > 22
2 <  24
2  > 24
3 <  2
3  > 6
0 <  29
0  > 31
1 <  13
1  > 13
2 <  30
2  > 30
3 <  2
3  > 2
0 <  22
0  > 22
1 <  30
1  > 30
2 <  27
2  > 27
3 <  20
3  > 20
0 <  16
0  > 29
1 <  28
1  > 28
2 <  7
2  > 24
3 <  34
3 <  12
3  > 28
0 <  4
0  > 4
1 <  37
1 <  38
1 <  32
1  > 32
2 <  31
2  > 8
3 <  4
3  > 12
0 <  7
0  > 7
1 <  26
1  > 26
2 <  8
2  > 7
3 <  2
3  > 2
0 <  40
0 <  14
0  > 14
1 <  5
1  > 5
2 <  6
2  > 6
3 <  10
3  > 10
0 <  27
0  > 27
1 <  8
1  > 8
2 <  23
2  > 23
3 <  1
3  > 32
0 <  15
0  > 15
1 <  19
Player 1 wins hand 12! (hand took 227ms)
0: -48, hand: 12,14,15,16,17,32,32, [[11,12,13],[14,15,16]], (41,40)
1: 136, hand: 17,17,19,19,19, [[9,10,11],[20,21,22],[25,25,25]], (35,39,37,38)
2: -64, hand: 0,0,1,1,7,8,9,11,14,16,17,31,33, [], ()
3: -24, hand: 1,2,4,6,29,29,33, [[18,19,20],[23,24,25]], (36,34)

Starting hand 13.
this.hand=13; this.draws=0; config.PRNG.seed(702423083); this.wind=1; this.windOfTheRound=2;
wall: 26,30,34,29,25,0,15,16,25,20,17,27,3,32,5,23,6,33,31,11,1,33,2,19,37,33,11,9,10,14,33,26,35,5,3,8,5,13,4,23,26,30,31,25,29,41,1,15,19,2,39,28,9,8,18,9,16,6,19,28,22,24,18,15,21,40,11,7,28,12,31,28,22,24,3,4,29,7,13,10,27,22,24,20,10,7,17,30,2,16,2,38,1,19,4,21,14,8,32,12,3,15,1,16,32,27,14,7,18,6,29,25,4,21,6,5,20,36,32,17,17,12,30,0,0,14,8,23,31,9,24,0,12,13,23,18,11,26,13,22,20,10,21,27
initial deal
tiles for 0: 0,3,15,16,17,20,25,25,26,27,29,30,32
tiles for 1: 1,2,5,6,9,11,11,19,23,31,33,33,33
tiles for 2: 3,4,5,5,8,10,13,14,23,26,26,30,33
tiles for 3: 1,2,8,9,9,15,16,18,19,25,28,29,31
prepare play
tiles for 0: 0,3,15,16,17,20,25,25,26,27,29,30,32 []
tiles for 1: 1,2,5,6,9,11,11,19,23,31,33,33,33 []
tiles for 2: 3,4,5,5,8,10,13,14,23,26,26,30,33 []
tiles for 3: 1,2,8,9,9,15,16,18,19,25,28,29,31 []
1 <  6
1  > 23
2 <  19
2  > 19
3 <  28
3  > 1
0 <  22
0  > 30
1 <  24
1  > 24
2 <  18
2  > 26
3 <  15
3  > 8
0 <  21
0  > 27
1 <  40
1 <  11
1  > 19
2 <  7
2  > 26
3 <  28
3  > 2
0 <  12
0  > 3
1 <  3 (6)
1 has [5,6,6,9,11,11,11,31,33,33,33], [[1,2,3]]
1  > 31
2 <  31
2  > 23
3 <  28
3 locks [28,28,28,28]
3 <  22 (supplement)
3  > 25
0 <  24
0  > 0
1 <  3
1  > 9
2 <  4
2  > 18
3 <  29
3  > 15
0 <  15 (4)
0 has [12,15,20,21,22,24,25,25,26,29,32], [[15,16,17]]
0  > 15
1 <  7
1  > 7
2 <  13
2  > 10
3 <  10
3  > 9
0 <  27
0  > 27
1 <  22
1  > 22
2 <  24
2  > 24
3 <  20
3  > 9
0 <  10
0  > 22
1 <  7
1  > 7
2 <  17
2  > 17
3 <  30
3  > 30
0 <  2
0  > 2
1 <  16
1  > 16
2 <  2
2  > 8
3 <  38
3 <  1
3  > 1
0 <  19
0  > 26
1 <  4
Player 1 wins hand 13! (hand took 123ms)
0: -154, hand: 10,12,19,20,21,24,25,25,29,32, [[15,16,17]], (34)
1: 384, hand: 3,4,5,6,6,11,11,11,33,33,33, [[1,2,3]], (37,40)
2: -154, hand: 2,3,4,4,5,5,7,13,13,14,30,31,33, [], (35)
3: -76, hand: 10,15,16,18,19,20,22,29,29,31, [[28,28,28,28]], (41,39,38)

Starting hand 14.
this.hand=14; this.draws=0; config.PRNG.seed(2068837768); this.wind=1; this.windOfTheRound=2;
wall: 2,4,3,32,12,15,15,22,9,20,2,22,33,39,1,30,5,21,18,0,13,18,29,3,17,19,16,29,30,20,20,31,25,21,26,11,7,33,0,15,2,12,15,25,0,23,27,2,36,28,3,31,31,29,28,21,10,10,27,1,22,5,3,31,19,24,7,6,6,22,26,13,5,6,18,24,30,11,9,32,14,20,32,29,23,12,35,9,16,30,17,11,6,10,4,17,14,8,19,9,19,33,24,40,4,34,0,1,4,27,28,12,16,25,24,8,13,7,14,13,41,8,33,14,25,16,7,32,21,1,28,11,10,27,23,5,17,23,38,8,26,26,18,37
initial deal
tiles for 0: 2,2,3,4,9,12,15,15,20,22,22,32,33
tiles for 1: 0,1,3,5,13,16,17,18,18,19,21,29,30
tiles for 2: 0,7,11,15,20,20,21,25,26,29,30,31,33
tiles for 3: 0,2,2,3,12,15,23,25,27,28,29,31,31
prepare play
tiles for 0: 2,2,3,4,9,12,15,15,20,22,22,32,33 []
tiles for 1: 0,1,3,5,13,16,17,18,18,19,21,29,30 []
tiles for 2: 0,7,11,15,20,20,21,25,26,29,30,31,33 []
tiles for 3: 0,2,2,3,12,15,23,25,27,28,29,31,31 []
1 <  28
1  > 28
2 <  21
2  > 0
3 <  10
3  > 27
0 <  10
0  > 22
1 <  27
1  > 30
2 <  1
2  > 7
3 <  22
3  > 28
0 <  5
0  > 22
1 <  3
1  > 13
2 <  31
2  > 1
3 <  19
3  > 15
0 <  24
0  > 20
1 <  20 (6)
1 has [0,1,3,3,5,16,17,18,21,27,29], [[18,19,20]]
1  > 21
2 <  7
2  > 7
3 <  6
3  > 12
0 <  6
0  > 24
1 <  22
1  > 18
2 <  26
2  > 11
3 <  13
3  > 13
0 <  5
0  > 5
1 <  6
1  > 22
2 <  18
2  > 15
3 <  24
3  > 10
0 <  30
0  > 30
1 <  11
1  > 11
2 <  9
2  > 9
3 <  32
3  > 6
0 <  14
0  > 3
1 <  3 (8)
1 has [0,1,5,6,16,17,27,29], [[18,19,20],[3,3,3]]
1  > 29
2 <  20
2  > 20
3 <  32
3  > 2
0 <  29
0  > 6
1 <  23
1  > 23
2 <  12
2  > 12
3 <  35
3 <  9
3  > 9
0 <  16
0  > 4
1 <  4 (4)
1 has [0,1,16,17,27], [[18,19,20],[3,3,3],[4,5,6]]
1  > 27
2 <  30
2  > 25
3 <  17
3  > 17
0 <  17 (6)
0 has [2,2,5,9,10,12,14,15,29,32,33], [[15,16,17]]
0  > 5
1 <  11
1  > 11
2 <  6
2  > 6
3 <  10
3  > 10
0 <  4
0  > 2
1 <  2 (6)
1 has [16,17], [[18,19,20],[3,3,3],[4,5,6],[0,1,2]]
1  > 17
2 <  17
2  > 17
3 <  14
3  > 14
0 <  8
0  > 4
1 <  19
1  > 16
2 <  9
2  > 9
3 <  19
3  > 2
0 <  33
0  > 2
1 <  24
1  > 24
2 <  40
2 <  4
2  > 4
3 <  34
3 <  0
3  > 3
0 <  1
0  > 8
1 <  4
1  > 4
2 <  27
2  > 27
3 <  28
3  > 28
0 <  12
0  > 1
1 <  16
1  > 19
3 <  19 (8)
3 has [0,0,22,23,24,25,29,31,31,32,32], [[19,19,19]]
3  > 0
0 <  25
0  > 25
1 <  24
1  > 16
2 <  8
2  > 8
3 <  13
3  > 13
0 <  13 (5)
0 has [9,10,12,15,29,32,33,33], [[15,16,17],[12,13,14]]
0  > 15
1 <  7
1  > 24
2 <  14
2  > 14
3 <  13
3  > 0
0 <  41
0 <  8
0  > 8
1 <  33
1  > 7
2 <  14
2  > 14
3 <  25
3  > 13
0 <  16
0  > 16
1 <  7
1  > 7
2 <  32
2  > 18
Hand was a draw.

Restarting hand 14.
this.hand=14; this.draws=1; config.PRNG.seed(1807125341); this.wind=1; this.windOfTheRound=2;
wall: 33,3,9,7,17,4,17,37,5,13,14,4,32,3,0,8,19,22,26,6,35,1,18,17,15,25,20,6,24,14,30,20,0,6,2,19,7,16,5,31,19,4,25,27,16,0,15,27,3,2,23,10,11,7,32,14,1,34,9,12,39,28,22,22,19,10,23,27,26,4,28,31,21,33,2,16,33,18,11,23,2,20,11,32,9,12,3,13,25,29,1,10,20,29,29,12,6,11,12,21,16,22,24,18,8,40,15,7,21,26,8,38,29,14,5,30,32,15,24,0,17,24,28,8,18,26,41,27,13,30,31,31,30,33,10,21,25,36,13,28,9,1,5,23
initial deal
tiles for 0: 3,3,4,4,5,7,9,13,14,17,17,32,33
tiles for 1: 0,1,6,6,8,15,17,18,19,20,22,25,26
tiles for 2: 0,2,5,6,7,14,16,19,19,20,24,30,31
tiles for 3: 0,2,3,4,7,10,11,15,16,23,25,27,27
prepare play
tiles for 0: 3,3,4,4,5,7,9,13,14,17,17,32,33 []
tiles for 1: 0,1,6,6,8,15,17,18,19,20,22,25,26 []
tiles for 2: 0,2,5,6,7,14,16,19,19,20,24,30,31 []
tiles for 3: 0,2,3,4,7,10,11,15,16,23,25,27,27 []
1 <  32
1  > 32
2 <  14
2  > 20
3 <  1
3  > 16
0 <  34
0 <  9
0  > 7
1 <  7 (5)
1 has [0,1,6,15,17,18,19,20,22,25,26], [[6,7,8]]
1  > 6
2 <  12
2  > 24
3 <  24 (5)
3 has [0,1,2,3,4,7,10,11,15,27,27], [[23,24,25]]
3  > 11
0 <  39
0 <  28
0  > 5
1 <  22
1  > 15
2 <  15 (5)
2 has [0,2,5,6,7,12,14,19,19,30,31], [[14,15,16]]
2  > 19
3 <  22
3  > 15
0 <  15 (6)
0 has [3,3,4,4,9,9,17,17,28,32,33], [[13,14,15]]
0  > 4
1 <  19
1  > 17
2 <  10
2  > 19
1 <  19 (8)
1 has [0,1,18,20,22,22,25,26], [[6,7,8],[19,19,19]]
1  > 18
2 <  23
2  > 23
3 <  27
3  > 10
0 <  26
0  > 26
1 <  4
1  > 4
2 <  28
2  > 28
3 <  31
3  > 27
0 <  21
0  > 21
1 <  21 (5)
1 has [0,1,22,25,26], [[6,7,8],[19,19,19],[20,21,22]]
1  > 22
2 <  33
2  > 0
3 <  2
3  > 22
0 <  16
0  > 3
1 <  33
1  > 33
2 <  18
2  > 18
3 <  11
3  > 11
0 <  23
0  > 23
1 <  2
1  > 25
2 <  20
2  > 20
3 <  11
3  > 11
0 <  32
0  > 3
1 <  9
1  > 26
2 <  12
2  > 2
3 <  3
3  > 0
0 <  13
0  > 4
1 <  25
1  > 9
2 <  29
2  > 6
3 <  1
3  > 4
0 <  10
0  > 13
1 <  20
1  > 20
2 <  29
2  > 7
3 <  29
3  > 3
0 <  12
0  > 28
1 <  6
1  > 6
2 <  11
2  > 5
3 <  12
3  > 12
2 <  12 (8)
2 has [10,11,14,29,29,30,31,33], [[14,15,16],[12,12,12]]
2  > 14
3 <  21
3  > 21
0 <  16
0  > 33
1 <  22
1  > 22
2 <  24
2  > 24
3 <  18
3  > 18
0 <  8
0  > 8
1 <  40
1 <  15
1  > 25
2 <  7
2  > 7
3 <  21
3  > 21
0 <  26
0  > 26
1 <  8
1  > 15
2 <  38
2 <  29
2  > 30
3 <  14
3  > 14
0 <  5
0  > 5
1 <  30
1  > 8
2 <  32
2  > 32
0 <  32 (8)
0 has [9,9,10,12,16,16,17,17], [[13,14,15],[32,32,32]]
0  > 16
1 <  15
1  > 15
2 <  24
2  > 24
3 <  0
3  > 7
0 <  17
0  > 16
1 <  24
1  > 24
2 <  28
2  > 28
3 <  8
3  > 8
0 <  18
0  > 18
1 <  26
1  > 26
2 <  41
2 <  27
2  > 27
3 <  27 (8)
3 has [0,1,1,2,2,3,29,31], [[23,24,25],[27,27,27]]
3  > 31
Hand was a draw.

Restarting hand 14.
this.hand=14; this.draws=2; config.PRNG.seed(1787728516); this.wind=1; this.windOfTheRound=2;
wall: 26,12,12,33,0,33,32,20,7,8,24,3,7,19,33,10,22,1,13,13,14,28,29,36,29,16,27,9,25,16,16,18,23,22,25,39,19,5,6,23,10,11,17,27,7,21,32,10,26,13,5,5,28,24,6,4,20,5,7,24,1,31,40,32,3,38,33,2,15,6,3,28,20,25,37,19,27,18,14,15,28,21,6,29,11,27,20,31,9,15,34,1,21,0,25,2,14,19,23,18,13,2,17,30,0,12,8,23,0,9,30,30,4,32,31,26,41,22,30,22,17,11,16,31,3,29,17,35,11,2,14,8,10,9,26,8,24,12,4,4,15,21,18,1
initial deal
tiles for 0: 0,3,7,7,8,12,12,20,24,26,32,33,33
tiles for 1: 1,10,13,13,14,16,19,22,27,28,29,29,33
tiles for 2: 5,6,9,10,16,16,18,19,22,23,23,25,25
tiles for 3: 5,5,7,10,11,13,17,21,24,26,27,28,32
prepare play
tiles for 0: 0,3,7,7,8,12,12,20,24,26,32,33,33 []
tiles for 1: 1,10,13,13,14,16,19,22,27,28,29,29,33 []
tiles for 2: 5,6,9,10,16,16,18,19,22,23,23,25,25 []
tiles for 3: 5,5,7,10,11,13,17,21,24,26,27,28,32 []
1 <  6
1  > 28
2 <  4
2  > 5
3 <  20
3  > 28
0 <  5
0  > 20
1 <  7
1  > 1
2 <  24
2  > 4
3 <  1
3  > 27
0 <  31
0  > 26
1 <  40
1 <  32
1  > 22
2 <  3
2  > 6
3 <  38
3 <  33
3  > 13
1 <  13 (8)
1 has [6,7,10,14,16,19,27,29,29,32,33], [[13,13,13]]
1  > 10
2 <  2
2  > 3
3 <  15
3  > 17
0 <  6
0  > 24
1 <  3
1  > 3
2 <  28
2  > 28
3 <  20
3  > 10
0 <  25
0  > 25
1 <  37
1 <  19
1  > 27
2 <  27
2  > 27
3 <  18
3  > 11
0 <  14
0  > 3
1 <  15
1  > 33
0 <  33 (8)
0 has [0,5,6,7,7,8,12,12,14,31,32], [[33,33,33]]
0  > 5
1 <  5 (4)
1 has [14,15,16,19,19,29,29,32], [[13,13,13],[5,6,7]]
1  > 32
2 <  28
2  > 28
3 <  21
3  > 33
0 <  6
0  > 0
1 <  29
Player 1 wins hand 14! (hand took 107ms)
0: -128, hand: 6,6,7,7,8,12,12,14,31,32, [[33,33,33]], ()
1: 408, hand: 14,15,16,19,19,29,29,29, [[13,13,13],[5,6,7]], (36,40,37)
2: -140, hand: 2,9,10,16,16,18,19,22,23,23,24,25,25, [], (39)
3: -140, hand: 1,5,5,7,15,18,20,20,21,21,24,26,32, [], (38)

Starting hand 15.
this.hand=15; this.draws=0; config.PRNG.seed(1466666686); this.wind=1; this.windOfTheRound=2;
wall: 29,16,17,3,3,26,17,8,16,16,9,11,20,10,15,22,36,5,22,40,20,10,29,4,18,38,13,19,14,28,27,32,33,2,10,31,12,32,31,0,25,20,21,23,26,8,5,18,32,7,0,15,24,29,17,15,14,37,12,11,27,5,13,7,33,5,24,1,18,4,21,30,9,2,11,28,1,26,3,23,25,39,19,6,22,31,16,6,27,21,12,20,14,24,19,29,17,8,28,0,6,31,12,21,30,34,6,32,23,8,7,10,18,30,27,41,11,25,2,33,9,28,1,2,9,25,13,35,1,23,3,0,4,33,30,24,26,4,19,7,14,13,15,22
initial deal
tiles for 0: 3,3,8,9,11,16,16,16,17,17,20,26,29
tiles for 1: 4,5,10,10,13,14,15,18,19,20,22,22,29
tiles for 2: 0,2,10,12,20,25,27,28,31,31,32,32,33
tiles for 3: 0,5,7,8,15,17,18,21,23,24,26,29,32
prepare play
tiles for 0: 3,3,8,9,11,16,16,16,17,17,20,26,29 []
tiles for 1: 4,5,10,10,13,14,15,18,19,20,22,22,29 []
tiles for 2: 0,2,10,12,20,25,27,28,31,31,32,32,33 []
tiles for 3: 0,5,7,8,15,17,18,21,23,24,26,29,32 []
1 <  15
1  > 29
2 <  14
2  > 28
3 <  37
3 <  12
3  > 12
0 <  11
0  > 26
1 <  27
1  > 27
2 <  5
2  > 27
3 <  13
3  > 17
0 <  17 (8)
0 has [3,3,8,9,11,11,16,16,16,20,29], [[17,17,17]]
0  > 20
1 <  7
1  > 7
2 <  33
2  > 25
3 <  25 (6)
3 has [0,5,7,8,13,15,18,21,26,29,32], [[23,24,25]]
3  > 13
0 <  5
0  > 3
1 <  3 (4)
1 has [10,10,13,14,15,15,18,19,20,22,22], [[3,4,5]]
1  > 10
2 <  24
2  > 24
3 <  1
3  > 15
1 <  15 (8)
1 has [10,13,14,18,19,20,22,22], [[3,4,5],[15,15,15]]
1  > 10
2 <  18
2  > 18
3 <  4
3  > 26
0 <  21
0  > 21
1 <  30
1  > 30
2 <  9
2  > 20
3 <  2
3  > 18
0 <  11
0  > 5
1 <  28
1  > 28
2 <  1
2  > 1
3 <  26
3  > 21
0 <  3
0  > 8
1 <  23
1  > 23
2 <  25
2  > 25
3 <  39
3 <  19
3  > 19
0 <  6
0  > 3
1 <  22
1  > 22
2 <  31
2  > 2
3 <  16
3  > 16
0 <  16 (16)
0 has [3,6,9,11,11,11,29], [[17,17,17],[16,16,16,16]]
0 <  6
0  > 6
1 <  27
1  > 27
2 <  21
2  > 21
3 <  12
3  > 12
1 <  12 (32)
1 has [18,19,20,22,22], [[3,4,5],[15,15,15],[12,13,14]!]
Player 1 wins hand 15! (hand took 142ms)
0: -48, hand: 3,6,9,11,11,11,29, [[17,17,17],[16,16,16,16]], ()
1: 144, hand: 18,19,20,22,22, [[3,4,5],[15,15,15],[12,13,14]!], (36,40,38)
2: -24, hand: 0,5,9,10,12,14,31,31,31,32,32,33,33, [], ()
3: -72, hand: 0,1,2,4,5,7,8,26,29,32, [[23,24,25]], (37,39)

Starting hand 16.
this.hand=16; this.draws=0; config.PRNG.seed(1678871112); this.wind=1; this.windOfTheRound=2;
wall: 32,25,4,0,10,24,19,15,2,18,8,24,31,28,33,20,11,29,34,22,26,7,15,11,24,13,25,21,21,3,37,31,11,29,12,30,38,0,3,19,15,23,30,23,10,18,13,10,21,28,9,12,25,2,6,6,19,41,26,32,13,12,16,3,8,26,15,17,33,30,2,31,25,39,31,14,30,27,23,22,22,7,4,7,16,5,4,5,5,33,23,32,16,3,21,10,2,1,16,28,35,14,8,27,24,36,27,17,14,9,28,27,6,17,17,19,1,13,5,29,4,40,20,32,0,22,33,29,9,18,14,20,1,6,7,20,26,9,12,0,11,1,8,18
initial deal
tiles for 0: 0,2,4,8,10,15,18,19,24,24,25,31,32
tiles for 1: 7,11,11,13,15,20,22,24,25,26,28,29,33
tiles for 2: 0,3,3,11,12,15,19,21,21,23,29,30,31
tiles for 3: 2,6,9,10,10,12,13,18,21,23,25,28,30
prepare play
tiles for 0: 0,2,4,8,10,15,18,19,24,24,25,31,32 []
tiles for 1: 7,11,11,13,15,20,22,24,25,26,28,29,33 []
tiles for 2: 0,3,3,11,12,15,19,21,21,23,29,30,31 []
tiles for 3: 2,6,9,10,10,12,13,18,21,23,25,28,30 []
1 <  6
1  > 28
2 <  19
2  > 0
3 <  41
3 <  26
3  > 28
0 <  32
0  > 10
1 <  13
1  > 29
2 <  12
2  > 3
3 <  16
3  > 30
0 <  3
0  > 19
1 <  8
1  > 33
2 <  26
2  > 3
3 <  15
3  > 2
0 <  17
0  > 24
1 <  24 (4)
1 has [6,7,8,11,11,13,13,15,20,22,24], [[24,25,26]]
1  > 15
2 <  33
2  > 15
3 <  30
3  > 30
0 <  2
0  > 24
1 <  31
1  > 31
2 <  25
2  > 19
3 <  39
3 <  31
3  > 6
0 <  14
0  > 18
1 <  30
1  > 30
2 <  27
2  > 30
3 <  23
3  > 18
0 <  22
0  > 22
1 <  22
1  > 20
2 <  7
2  > 27
3 <  4
3  > 4
0 <  7
0  > 25
1 <  16
1  > 16
2 <  5
2  > 5
3 <  4
3  > 4
0 <  5
0  > 4
1 <  5
1  > 24
2 <  33
2  > 7
3 <  23
3  > 10
0 <  32
0  > 3
1 <  16
1  > 16
2 <  3
2  > 3
3 <  21
3  > 12
2 <  12 (8)
2 has [11,19,21,21,23,25,26,29,31,33,33], [[12,12,12]]
2  > 11
1 <  11 (8)
1 has [5,6,7,8,13,13,22,22], [[24,25,26],[11,11,11]]
1  > 6
2 <  10
2  > 10
3 <  2
3  > 2
0 <  1
0  > 1
1 <  16
1  > 16
2 <  28
2  > 28
3 <  35
3 <  14
3  > 14
0 <  8
0  > 7
1 <  27
1  > 27
2 <  24
2  > 26
3 <  36
3 <  27
3  > 27
0 <  17
0  > 2
1 <  14
1  > 5
2 <  9
2  > 9
3 <  28
3  > 28
0 <  27
0  > 27
1 <  6
1  > 14
2 <  17
2  > 17
0 <  17 (8)
0 has [0,2,5,8,8,14,15,31,32,32,32], [[17,17,17]]
0  > 5
1 <  17
1  > 17
2 <  19
2  > 29
3 <  1
3  > 1
0 <  1 (5)
0 has [8,8,14,15,31,32,32,32], [[17,17,17],[0,1,2]]
0  > 31
1 <  13
Player 1 wins hand 16! (hand took 247ms)
0: -28, hand: 8,8,14,15,32,32,32, [[17,17,17],[0,1,2]], ()
1: 132, hand: 6,7,8,13,13,13,22,22, [[24,25,26],[11,11,11]], (34)
2: -64, hand: 19,19,21,21,23,24,25,31,33,33, [[12,12,12]], (37,38)
3: -40, hand: 9,10,13,15,16,21,21,23,23,23,25,26,31, [], (41,39,35,36)

Starting hand 17.
this.hand=17; this.draws=0; config.PRNG.seed(1378797375); this.wind=1; this.windOfTheRound=2;
wall: 38,0,9,32,27,14,15,17,30,17,5,13,31,33,9,15,41,30,11,21,28,3,17,8,31,18,36,29,32,40,2,16,1,24,1,21,0,32,31,24,37,29,16,33,20,15,3,5,6,7,30,9,39,10,19,18,12,6,21,16,35,22,21,8,12,3,26,31,29,2,25,4,17,23,7,27,28,29,25,0,4,3,14,7,10,4,26,26,33,19,25,11,0,8,20,12,24,23,1,30,8,22,19,6,15,1,11,2,5,13,2,6,20,18,22,23,27,5,20,10,11,25,28,27,22,24,28,13,19,33,18,14,10,13,12,14,23,32,26,4,7,34,16,9
initial deal
tiles for 0: 0,5,9,13,14,15,17,17,27,30,31,32,33
tiles for 1: 3,8,9,11,15,17,18,21,28,29,30,31,32
tiles for 2: 0,1,1,2,16,16,21,24,24,29,31,32,33
tiles for 3: 3,5,6,6,7,9,10,12,15,18,19,20,30
prepare play
tiles for 0: 0,5,9,13,14,15,17,17,27,30,31,32,33 []
tiles for 1: 3,8,9,11,15,17,18,21,28,29,30,31,32 []
tiles for 2: 0,1,1,2,16,16,21,24,24,29,31,32,33 []
tiles for 3: 3,5,6,6,7,9,10,12,15,18,19,20,30 []
1 <  21
1  > 30
2 <  16
2  > 21
1 <  21 (8)
1 has [3,8,9,11,15,17,18,28,29,31,32], [[21,21,21]]
1  > 28
2 <  35
2 <  22
2  > 22
3 <  21
3  > 30
0 <  8
0  > 27
1 <  12
1  > 3
2 <  3
2  > 24
3 <  26
3  > 26
0 <  31
0  > 30
1 <  29
1  > 8
2 <  2
2  > 24
3 <  25
3  > 25
0 <  4
0  > 4
1 <  17
1  > 18
2 <  23
2  > 23
3 <  7
3  > 15
0 <  27
0  > 27
1 <  28
1  > 28
2 <  29
2  > 3
3 <  25
3  > 10
0 <  0
0  > 8
1 <  4
1  > 4
2 <  3
2  > 1
3 <  14
3  > 9
0 <  7
0  > 5
1 <  10
1  > 32
2 <  4
2  > 1
3 <  26
3  > 12
0 <  26
0  > 26
1 <  33
1  > 31
0 <  31 (8)
0 has [0,0,7,9,13,14,15,17,17,32,33], [[31,31,31]]
0  > 7
1 <  19
1  > 19
2 <  25
2  > 31
3 <  11
3  > 11
0 <  0
0  > 0
1 <  8
1  > 8
2 <  20
2  > 20
3 <  12
3  > 12
0 <  24
0  > 24
1 <  23
1  > 23
2 <  1
2  > 25
3 <  30
3  > 30
0 <  8
0  > 0
1 <  22
1  > 22
2 <  19
2  > 19
3 <  19 (4)
3 has [3,5,6,6,7,7,14,18,19,25,26], [[19,20,21]]
3  > 14
0 <  6
0  > 6
1 <  15
1  > 33
2 <  1
2  > 2
3 <  11
3  > 11
0 <  2
0  > 0
1 <  5
1  > 5
2 <  13
2  > 13
3 <  2
3  > 6
0 <  6
0  > 2
1 <  20
1  > 20
2 <  18
2  > 18
3 <  22
3  > 22
0 <  23
0  > 23
1 <  27
1  > 27
2 <  5
2  > 32
3 <  20
3  > 3
0 <  10
0  > 32
1 <  11
1  > 11
2 <  25
2  > 25
3 <  28
3  > 28
0 <  27
0  > 27
1 <  22
1  > 22
2 <  24
2  > 24
3 <  24 (4)
3 has [2,5,6,7,7,18,19,20], [[19,20,21],[24,25,26]]
3  > 2
0 <  28
0  > 28
1 <  13
1  > 29
2 <  29 (8)
2 has [0,1,1,2,3,4,5,16,16,16,33], [[29,29,29]]
2  > 33
Hand was a draw.

Restarting hand 17.
this.hand=17; this.draws=1; config.PRNG.seed(547345096); this.wind=1; this.windOfTheRound=2;
wall: 2,5,20,1,33,22,38,19,30,20,23,4,19,22,8,25,8,33,26,29,9,27,17,8,31,17,36,30,27,1,18,31,1,14,10,2,27,9,32,12,11,0,28,15,18,13,24,0,34,30,5,4,2,25,10,14,26,12,23,22,21,3,20,13,0,10,21,7,15,17,24,26,5,31,11,16,21,23,37,4,24,32,22,33,18,25,16,30,29,3,14,5,9,11,29,28,28,31,24,32,12,41,6,32,6,7,15,9,2,7,17,16,12,23,6,19,40,33,19,16,21,13,7,39,35,18,8,13,26,3,15,0,25,1,20,3,11,6,14,10,28,27,4,29
initial deal
tiles for 0: 1,2,4,5,19,19,20,20,22,22,23,30,33
tiles for 1: 8,8,8,9,17,17,25,26,27,29,30,31,33
tiles for 2: 1,1,2,9,10,11,12,14,18,27,27,31,32
tiles for 3: 0,0,2,4,5,10,13,15,18,24,25,28,30
prepare play
tiles for 0: 1,2,4,5,19,19,20,20,22,22,23,30,33 []
tiles for 1: 8,8,8,9,17,17,25,26,27,29,30,31,33 []
tiles for 2: 1,1,2,9,10,11,12,14,18,27,27,31,32 []
tiles for 3: 0,0,2,4,5,10,13,15,18,24,25,28,30 []
1 <  14
1  > 30
2 <  26
2  > 18
3 <  12
3  > 28
0 <  23
0  > 30
1 <  22
1  > 9
2 <  21
2  > 26
3 <  26 (6)
3 has [0,0,2,4,5,10,12,13,15,18,30], [[24,25,26]]
3  > 30
0 <  3
0  > 1
1 <  20
1  > 14
2 <  13
2  > 21
3 <  0
3  > 12
0 <  10
0  > 10
1 <  21
1  > 31
2 <  7
2  > 7
3 <  15
3  > 13
0 <  17
0  > 2
1 <  24
1  > 33
2 <  26
2  > 26
3 <  5
3  > 15
0 <  31
0  > 5
1 <  11
1  > 11
2 <  16
2  > 2
3 <  21
3  > 10
0 <  23
0  > 3
1 <  37
1 <  4
1  > 4
2 <  24
2  > 24
3 <  32
3  > 15
0 <  22
0  > 4
1 <  33
1  > 27
2 <  27 (8)
2 has [1,1,9,10,11,12,13,14,16,31,32], [[27,27,27]]
2  > 1
3 <  18
3  > 21
0 <  25
0  > 17
1 <  17 (8)
1 has [8,8,8,20,21,22,24,25,26,29,33], [[17,17,17]]
1  > 33
2 <  16
2  > 1
3 <  30
3  > 30
0 <  29
0  > 19
1 <  3
1  > 3
2 <  14
2  > 32
3 <  5
3  > 4
0 <  9
0  > 9
1 <  11
1  > 11
2 <  29
2  > 29
1 <  29 (32)
1 has [8,8,8,20,21,22,24,25,26], [[17,17,17],[29,29]!]
Player 1 wins hand 17! (hand took 164ms)
0: -64, hand: 19,20,20,22,22,22,23,23,23,25,29,31,33, [], (38)
1: 204, hand: 8,8,8,20,21,22,24,25,26, [[17,17,17],[29,29]!], (36,37)
2: -88, hand: 9,10,11,12,13,14,14,16,16,31, [[27,27,27]], ()
3: -52, hand: 0,0,0,2,5,5,5,18,18,32, [[24,25,26]], (34)

Starting hand 18.
this.hand=18; this.draws=0; config.PRNG.seed(171547886); this.wind=1; this.windOfTheRound=2;
wall: 17,1,29,9,9,8,30,8,20,16,31,18,32,0,33,18,3,19,12,13,13,38,40,7,0,24,22,21,30,20,6,25,31,39,28,25,30,17,27,28,16,3,5,27,23,14,27,32,3,10,13,14,26,5,8,27,15,7,15,15,12,2,32,33,11,7,24,4,5,35,0,22,13,11,6,24,23,10,22,16,25,18,30,4,37,28,4,19,32,18,17,20,11,7,21,22,9,25,9,17,16,10,19,4,14,6,24,12,31,6,21,19,26,34,41,29,10,1,1,11,31,33,26,23,29,2,36,2,5,21,33,12,26,2,20,28,23,3,14,8,29,15,0,1
initial deal
tiles for 0: 1,8,8,9,9,16,17,18,20,29,30,31,32
tiles for 1: 0,0,3,7,12,13,13,18,19,21,22,24,33
tiles for 2: 3,6,16,17,20,25,25,27,28,28,30,30,31
tiles for 3: 3,5,5,8,10,13,14,14,23,26,27,27,32
prepare play
tiles for 0: 1,8,8,9,9,16,17,18,20,29,30,31,32 []
tiles for 1: 0,0,3,7,12,13,13,18,19,21,22,24,33 []
tiles for 2: 3,6,16,17,20,25,25,27,28,28,30,30,31 []
tiles for 3: 3,5,5,8,10,13,14,14,23,26,27,27,32 []
1 <  27
1  > 7
2 <  15
2  > 27
3 <  27 (8)
3 has [3,5,5,8,10,13,14,14,23,26,32], [[27,27,27]]
3  > 14
0 <  7
0  > 30
2 <  30 (8)
2 has [3,6,15,16,17,20,25,25,28,28,31], [[30,30,30]]
2  > 3
3 <  15
3  > 5
0 <  15
0  > 18
1 <  12
1  > 27
2 <  2
2  > 2
3 <  32
3  > 3
0 <  33
0  > 20
1 <  20 (6)
1 has [0,0,3,12,12,13,13,21,22,24,33], [[18,19,20]]
1  > 3
2 <  11
2  > 6
3 <  7
3  > 7
0 <  24
0  > 24
1 <  4
1  > 4
2 <  5
2  > 5
3 <  35
3 <  0
3  > 5
0 <  22
0  > 22
1 <  13
1  > 33
2 <  11
2  > 20
3 <  6
3  > 6
0 <  24
0  > 24
1 <  23
1  > 23
2 <  10
2  > 25
3 <  22
3  > 8
0 <  16
0  > 1
1 <  25
1  > 25
2 <  18
2  > 18
3 <  30
3  > 30
0 <  4
0  > 7
1 <  37
1 <  28
1  > 28
2 <  28 (8)
2 has [10,11,11,15,16,17,25,31], [[30,30,30],[28,28,28]]
2  > 25
3 <  4
3  > 4
0 <  19
0  > 19
1 <  32
1  > 32
3 <  32 (8)
3 has [0,10,13,14,15,22,23,26], [[27,27,27],[32,32,32]]
3  > 0
1 <  0 (8)
1 has [12,12,13,13,13,21,22,24], [[18,19,20],[0,0,0]]
1  > 24
2 <  18
2  > 18
3 <  17
3  > 17
0 <  20
0  > 32
1 <  11
1  > 11
2 <  11 (8)
2 has [10,15,16,17,31], [[30,30,30],[28,28,28],[11,11,11]]
2  > 10
3 <  7
3  > 7
0 <  21
0  > 21
1 <  22
1  > 22
2 <  9
2  > 9
0 <  9 (8)
0 has [4,8,8,15,16,16,17,20,29,31,33], [[9,9,9]]
0  > 20
1 <  20 (32)
1 has [12,12,13,13,13], [[18,19,20],[0,0,0],[20,21,22]!]
Player 1 wins hand 18! (hand took 173ms)
0: -104, hand: 4,8,8,15,16,16,17,29,31,33, [[9,9,9]], ()
1: 180, hand: 12,12,13,13,13, [[18,19,20],[0,0,0],[20,21,22]!], (38,40,37)
2: -32, hand: 15,16,17,31, [[30,30,30],[28,28,28],[11,11,11]], (39)
3: -44, hand: 10,13,14,15,22,23,26, [[27,27,27],[32,32,32]], (35)

Starting hand 19.
this.hand=19; this.draws=0; config.PRNG.seed(1933335126); this.wind=1; this.windOfTheRound=2;
wall: 41,30,11,16,9,13,2,30,20,4,10,21,19,27,31,4,5,14,0,31,6,24,7,9,24,19,25,21,40,5,6,17,14,17,15,32,18,28,24,0,3,28,38,29,16,30,14,26,34,28,35,20,32,1,11,12,37,18,2,12,6,9,10,2,29,1,25,3,13,15,32,25,7,16,24,4,18,33,10,30,3,2,3,33,20,27,23,29,31,28,33,23,8,10,9,18,27,31,5,26,13,22,32,27,4,6,15,22,36,7,33,12,16,13,23,17,11,15,11,17,39,0,21,19,8,1,20,25,26,19,8,0,1,12,5,7,14,21,22,26,22,29,23,8
initial deal
tiles for 0: 2,4,9,10,11,13,16,19,20,21,27,30,30
tiles for 1: 0,4,5,6,7,9,14,19,24,24,25,31,31
tiles for 2: 0,3,5,6,14,15,17,17,18,21,24,28,32
tiles for 3: 1,11,12,14,16,18,20,26,28,28,29,30,32
prepare play
tiles for 0: 2,4,9,10,11,13,16,19,20,21,27,30,30 []
tiles for 1: 0,4,5,6,7,9,14,19,24,24,25,31,31 []
tiles for 2: 0,3,5,6,14,15,17,17,18,21,24,28,32 []
tiles for 3: 1,11,12,14,16,18,20,26,28,28,29,30,32 []
1 <  2
1  > 19
2 <  12
2  > 28
3 <  28 (8)
3 has [1,11,12,14,16,18,20,26,29,30,32], [[28,28,28]]
3  > 30
0 <  6
0  > 27
1 <  9
1  > 14
2 <  10
2  > 24
1 <  24 (8)
1 has [0,2,4,5,6,7,9,9,25,31,31], [[24,24,24]]
1  > 25
2 <  2
2  > 18
3 <  29
3  > 1
0 <  1
0  > 19
1 <  25
1  > 25
2 <  3
2  > 21
3 <  13
3  > 14
0 <  15
0  > 20
1 <  32
1  > 32
2 <  25
2  > 25
3 <  7
3  > 7
0 <  16
0  > 21
1 <  24
1  > 24
2 <  4
2  > 3
3 <  18
3  > 16
0 <  33
0  > 6
1 <  10
1  > 2
2 <  30
2  > 0
3 <  3
3  > 3
0 <  2
0  > 1
1 <  3
1  > 0
2 <  33
2  > 2
3 <  20
3  > 12
0 <  12 (6)
0 has [2,2,4,9,13,15,16,16,30,30,33], [[10,11,12]]
0  > 4
1 <  27
1  > 27
2 <  23
2  > 23
3 <  29
3  > 13
0 <  31
0  > 2
1 <  28
1  > 28
2 <  33
2  > 5
3 <  23
3  > 11
0 <  8
0  > 8
1 <  8 (6)
1 has [3,4,5,9,9,10,31,31], [[24,24,24],[6,7,8]]
1  > 10
2 <  10
2  > 3
3 <  9
3  > 9
1 <  9 (32)
1 has [3,4,5,31,31], [[24,24,24],[6,7,8],[9,9,9]!]
Player 1 wins hand 19! (hand took 156ms)
0: -146, hand: 2,9,13,15,16,16,30,30,31,33, [[10,11,12]], (41)
1: 108, hand: 3,4,5,31,31, [[24,24,24],[6,7,8],[9,9,9]!], ()
2: -140, hand: 4,6,10,10,12,14,15,17,17,30,32,33,33, [], (40)
3: 178, hand: 18,18,20,20,23,26,29,29,29,32, [[28,28,28]], (38,34,35,37)

Starting hand 20.
this.hand=20; this.draws=0; config.PRNG.seed(173501546); this.wind=1; this.windOfTheRound=2;
wall: 25,17,12,36,14,13,24,27,18,32,11,13,29,22,10,30,4,26,20,9,0,16,12,6,33,10,6,31,8,23,28,33,19,5,37,0,20,7,6,24,16,1,13,6,38,8,13,14,20,15,35,15,19,12,8,30,14,29,2,26,15,32,26,1,11,3,25,4,25,11,3,19,5,34,16,28,8,7,17,0,12,21,32,10,29,31,18,25,18,22,33,0,22,24,19,33,10,32,7,1,20,21,23,4,27,17,16,24,3,1,28,18,4,11,5,21,27,9,7,23,9,28,22,14,2,29,27,26,39,31,30,21,9,2,2,15,30,3,41,17,5,23,40,31
initial deal
tiles for 0: 11,12,13,13,14,17,18,22,24,25,27,29,32
tiles for 1: 0,4,6,6,9,10,10,12,16,20,26,30,33
tiles for 2: 0,5,6,7,8,16,19,20,23,24,28,31,33
tiles for 3: 1,6,8,8,12,13,13,14,15,15,19,20,30
prepare play
tiles for 0: 11,12,13,13,14,17,18,22,24,25,27,29,32 []
tiles for 1: 0,4,6,6,9,10,10,12,16,20,26,30,33 []
tiles for 2: 0,5,6,7,8,16,19,20,23,24,28,31,33 []
tiles for 3: 1,6,8,8,12,13,13,14,15,15,19,20,30 []
1 <  14
1  > 30
2 <  29
2  > 28
3 <  2
3  > 30
0 <  26
0  > 27
1 <  15
1  > 26
2 <  32
2  > 23
3 <  26
3  > 26
0 <  1
0  > 1
1 <  11
1  > 20
2 <  3
2  > 24
3 <  25
3  > 25
0 <  4
0  > 4
1 <  25
1  > 25
2 <  11
2  > 20
3 <  3
3  > 8
0 <  19
0  > 17
1 <  17 (6)
1 has [0,4,6,6,9,10,10,11,12,14,33], [[15,16,17]]
1  > 0
2 <  5
2  > 19
3 <  34
3 <  16
3  > 2
0 <  28
0  > 19
1 <  8
1  > 33
2 <  7
2  > 16
3 <  17
3  > 6
1 <  6 (8)
1 has [4,8,9,10,10,11,12,14], [[15,16,17],[6,6,6]]
1  > 4
2 <  0
2  > 11
3 <  12
3  > 1
0 <  21
0  > 18
1 <  32
1  > 8
2 <  10
2  > 10
1 <  10 (8)
1 has [9,11,12,14,32], [[15,16,17],[6,6,6],[10,10,10]]
1  > 32
2 <  29
2  > 5
3 <  31
3  > 3
0 <  18
0  > 25
1 <  25
1  > 25
2 <  18
2  > 18
3 <  18 (4)
3 has [8,12,12,13,13,14,15,15,16,17,31], [[18,19,20]]
3  > 8
0 <  22
0  > 22
1 <  33
1  > 33
2 <  0
2  > 5
3 <  22
3  > 22
0 <  24
0  > 18
1 <  19
1  > 19
2 <  33
2  > 6
3 <  10
3  > 13
0 <  32
0  > 22
1 <  7
1  > 7
2 <  1
2  > 3
3 <  20
3  > 20
0 <  21
0  > 26
1 <  23
1  > 23
2 <  4
2  > 1
3 <  27
3  > 27
0 <  17
0  > 21
1 <  16
1  > 14
2 <  24
2  > 24
3 <  3
3  > 3
0 <  1
0  > 1
1 <  28
1  > 28
2 <  18
2  > 18
3 <  4
3  > 4
0 <  11
0  > 21
1 <  5
1  > 16
2 <  21
2  > 21
3 <  27
3  > 27
0 <  9
0  > 17
1 <  7
1  > 7
2 <  7 (8)
2 has [0,0,0,4,8,29,29,31,32,33,33], [[7,7,7]]
2  > 8
3 <  23
3  > 23
0 <  9
0  > 29
2 <  29 (8)
2 has [0,0,0,4,31,32,33,33], [[7,7,7],[29,29,29]]
2  > 4
3 <  28
3  > 28
0 <  22
0  > 28
1 <  14
1  > 5
2 <  2
2  > 2
3 <  29
3  > 29
0 <  27
0  > 27
1 <  26
1  > 26
Hand was a draw.

Restarting hand 20.
this.hand=20; this.draws=1; config.PRNG.seed(1384610014); this.wind=1; this.windOfTheRound=2;
wall: 33,30,5,15,7,6,1,19,41,4,25,29,4,27,2,16,12,2,12,26,33,23,32,39,17,18,27,8,11,12,19,21,33,38,5,25,13,10,3,37,18,9,21,30,28,20,21,26,26,31,14,14,31,0,3,13,1,32,12,22,15,14,1,22,11,33,22,16,18,9,7,34,16,23,28,27,5,24,1,7,31,3,15,4,8,29,10,19,17,32,29,13,14,8,9,8,13,9,21,16,25,31,6,25,23,24,32,17,4,22,6,27,30,17,11,0,20,36,29,24,15,26,6,24,30,0,20,7,11,0,20,23,40,19,28,18,35,3,2,28,10,5,10,2
initial deal
tiles for 0: 1,4,4,5,6,7,15,19,25,27,29,30,33
tiles for 1: 2,2,8,12,12,16,17,18,23,26,27,32,33
tiles for 2: 3,5,9,10,11,12,13,18,19,21,21,25,33
tiles for 3: 0,3,13,14,14,20,21,26,26,28,30,31,31
prepare play
tiles for 0: 1,4,4,5,6,7,15,19,25,27,29,30,33 []
tiles for 1: 2,2,8,12,12,16,17,18,23,26,27,32,33 []
tiles for 2: 3,5,9,10,11,12,13,18,19,21,21,25,33 []
tiles for 3: 0,3,13,14,14,20,21,26,26,28,30,31,31 []
1 <  1
1  > 18
2 <  32
2  > 3
3 <  12
3  > 30
0 <  22
0  > 27
1 <  15
1  > 8
2 <  14
2  > 5
3 <  1
3  > 28
0 <  22
0  > 30
1 <  11
1  > 23
2 <  33
2  > 21
3 <  22
3  > 1
0 <  16
0  > 22
1 <  18
1  > 26
2 <  9
2  > 18
3 <  7
3  > 0
0 <  34
0 <  16
0  > 19
1 <  23
1  > 23
2 <  28
2  > 28
3 <  27
3  > 27
0 <  5
0  > 25
1 <  24
1  > 18
2 <  1
2  > 1
3 <  7
3  > 3
0 <  31
0  > 22
1 <  3
1  > 24
2 <  15
2  > 25
3 <  4
3  > 4
0 <  8
0  > 6
1 <  29
1  > 27
2 <  10
2  > 19
3 <  19
3  > 7
0 <  17
0  > 8
1 <  32
1  > 33
2 <  33 (8)
2 has [9,9,10,10,11,12,13,14,15,21,32], [[33,33,33]]
2  > 21
3 <  29
3  > 7
0 <  13
0  > 33
1 <  14
1  > 29
2 <  8
2  > 8
3 <  9
3  > 14
0 <  14 (5)
0 has [1,4,4,5,5,7,16,16,17,29,31], [[13,14,15]]
0  > 4
1 <  4 (6)
1 has [1,2,11,12,12,14,15,16,17,32,32], [[2,3,4]]
1  > 2
2 <  8
2  > 8
3 <  13
3  > 9
2 <  9 (8)
2 has [10,10,11,12,13,14,15,32], [[33,33,33],[9,9,9]]
2  > 32
1 <  32 (8)
1 has [1,11,12,12,14,15,16,17], [[2,3,4],[32,32,32]]
1  > 1
2 <  9
2  > 9
3 <  21
3  > 21
0 <  16
0  > 1
1 <  25
1  > 25
2 <  31
2  > 31
3 <  31 (8)
3 has [12,13,13,14,19,20,21,22,26,26,29], [[31,31,31]]
3  > 29
0 <  6
0  > 31
1 <  25
1  > 25
2 <  23
2  > 23
3 <  23 (6)
3 has [12,13,13,14,19,20,26,26], [[31,31,31],[21,22,23]]
3  > 19
0 <  24
0  > 24
1 <  32
1  > 32
2 <  17
2  > 17
3 <  4
3  > 4
0 <  22
0  > 22
1 <  6
1  > 6
2 <  27
2  > 27
3 <  30
3  > 30
0 <  17
0  > 29
1 <  11
1  > 16
2 <  16 (32)
2 has [10,10,11,12,13], [[33,33,33],[9,9,9],[14,15,16]!]
Player 2 wins hand 20! (hand took 236ms)
0: -104, hand: 4,5,5,6,7,16,16,16,17,17, [[13,14,15]], (41,34)
1: -188, hand: 11,11,12,12,14,15,17, [[2,3,4],[32,32,32]], (39)
2: 416, hand: 10,10,11,12,13, [[33,33,33],[9,9,9],[14,15,16]!], (38,37)
3: -124, hand: 12,13,13,14,20,26,26, [[31,31,31],[21,22,23]], ()

Starting hand 21.
this.hand=21; this.draws=0; config.PRNG.seed(1693049687); this.wind=2; this.windOfTheRound=2;
wall: 28,6,0,9,12,25,7,25,6,30,2,21,19,28,3,10,26,6,5,11,21,0,19,23,16,37,7,30,29,31,15,9,10,9,10,15,16,2,20,14,35,15,14,24,7,22,12,17,23,4,9,29,11,33,5,14,2,40,26,11,16,3,27,26,32,22,22,3,32,28,13,32,33,18,10,16,8,36,32,13,11,27,25,28,23,19,1,31,30,31,34,5,8,24,18,6,13,30,24,17,18,4,20,12,5,0,39,26,27,33,21,17,31,0,12,18,4,27,22,21,41,17,23,1,33,29,20,20,2,38,3,24,15,14,1,19,4,1,13,7,8,25,29,8
initial deal
tiles for 0: 0,2,6,6,7,9,12,19,21,25,25,28,30
tiles for 1: 0,3,5,6,7,10,11,16,19,21,23,26,28
tiles for 2: 2,9,9,10,10,14,15,15,16,20,29,30,31
tiles for 3: 4,7,9,11,12,14,15,17,22,23,24,29,33
prepare play
tiles for 0: 0,2,6,6,7,9,12,19,21,25,25,28,30 []
tiles for 1: 0,3,5,6,7,10,11,16,19,21,23,26,28 []
tiles for 2: 2,9,9,10,10,14,15,15,16,20,29,30,31 []
tiles for 3: 4,7,9,11,12,14,15,17,22,23,24,29,33 []
2 <  5
2  > 30
3 <  14
3  > 7
0 <  2
0  > 30
1 <  40
1 <  26
1  > 16
2 <  11
2  > 20
3 <  16
3  > 4
0 <  3
0  > 28
1 <  27
1  > 27
2 <  26
2  > 26
1 <  26 (8)
1 has [0,3,5,6,7,10,11,19,21,23,28], [[26,26,26]]
1  > 0
2 <  32
2  > 2
3 <  22
3  > 12
0 <  22
0  > 25
1 <  3
1  > 28
2 <  32
2  > 5
3 <  28
3  > 28
0 <  13
0  > 21
1 <  32
1  > 32
2 <  32 (8)
2 has [9,9,10,10,11,14,15,15,16,29,31], [[32,32,32]]
2  > 29
3 <  33
3  > 15
2 <  15 (8)
2 has [9,9,10,10,11,14,16,31], [[32,32,32],[15,15,15]]
2  > 31
3 <  18
3  > 18
0 <  10
0  > 22
1 <  22 (5)
1 has [3,3,5,6,7,10,11,19], [[26,26,26],[21,22,23]]
1  > 19
2 <  16
2  > 14
3 <  8
3  > 8
0 <  36
0 <  32
0  > 32
1 <  13
1  > 13
2 <  11
Player 2 wins hand 21! (hand took 108ms)
0: -154, hand: 0,2,2,3,6,6,7,9,10,12,13,19,25, [], (36)
1: -130, hand: 3,3,5,6,7,10,11, [[26,26,26],[21,22,23]], (37,40)
2: 432, hand: 9,9,10,10,11,11,16,16, [[32,32,32],[15,15,15]], ()
3: -148, hand: 9,11,14,14,16,17,22,22,23,24,29,33,33, [], (35)

Starting hand 22.
this.hand=22; this.draws=0; config.PRNG.seed(297908068); this.wind=2; this.windOfTheRound=2;
wall: 9,13,0,31,21,23,4,33,23,14,39,26,17,22,23,28,14,9,5,18,8,28,6,5,7,13,32,25,24,4,22,25,2,11,15,20,0,31,19,8,16,30,13,7,25,37,6,19,8,29,18,14,19,26,27,16,17,4,38,10,34,12,17,12,15,16,35,22,15,33,27,18,3,18,10,11,5,11,13,28,4,15,26,23,3,3,21,36,1,12,27,29,1,41,31,9,22,2,25,9,30,24,28,32,10,29,24,3,14,17,32,31,33,10,11,7,40,30,16,1,24,2,6,19,21,29,20,0,7,20,26,21,1,2,33,0,32,30,27,6,8,12,20,5
initial deal
tiles for 0: 0,4,9,13,14,17,21,22,23,23,26,31,33
tiles for 1: 5,5,6,7,8,9,13,14,18,23,28,28,32
tiles for 2: 0,2,4,8,11,15,19,20,22,24,25,25,31
tiles for 3: 6,7,8,13,14,16,18,19,19,25,26,29,30
prepare play
tiles for 0: 0,4,9,13,14,17,21,22,23,23,26,31,33 []
tiles for 1: 5,5,6,7,8,9,13,14,18,23,28,28,32 []
tiles for 2: 0,2,4,8,11,15,19,20,22,24,25,25,31 []
tiles for 3: 6,7,8,13,14,16,18,19,19,25,26,29,30 []
2 <  27
2  > 8
3 <  16
3  > 8
0 <  17
0  > 0
1 <  4
1  > 23
2 <  38
2 <  10
2  > 2
3 <  34
3 <  12
3  > 7
0 <  17
0  > 4
1 <  12
1  > 18
2 <  15
2  > 4
3 <  16
3  > 6
0 <  35
0 <  22
0  > 9
1 <  15
1  > 9
2 <  9 (4)
2 has [0,15,15,19,20,22,24,25,25,27,31], [[9,10,11]]
2  > 0
3 <  33
3  > 16
0 <  27
0  > 27
1 <  18
1  > 18
2 <  3
2  > 3
3 <  18
3  > 16
0 <  10
0  > 10
1 <  11
1  > 32
2 <  5
2  > 5
1 <  5 (8)
1 has [4,6,7,8,11,12,13,14,15,28,28], [[5,5,5]]
1  > 4
2 <  11
2  > 11
3 <  13
3  > 13
1 <  13 (32)
1 has [6,7,8,13,14,15,28,28], [[5,5,5],[11,12,13]!]
Player 1 wins hand 22! (hand took 82ms)
0: 6, hand: 13,14,17,17,17,21,22,22,23,23,26,31,33, [], (39,35)
1: 56, hand: 6,7,8,13,14,15,28,28, [[5,5,5],[11,12,13]!], ()
2: -48, hand: 15,15,19,20,22,24,25,25,27,31, [[9,10,11]], (38)
3: -14, hand: 12,13,14,16,18,18,19,19,25,26,29,30,33, [], (37,34)

Starting hand 23.
this.hand=23; this.draws=0; config.PRNG.seed(629552875); this.wind=3; this.windOfTheRound=2;
wall: 16,32,35,25,2,5,23,1,7,25,33,19,29,16,6,20,11,4,2,15,6,12,17,3,27,22,22,5,14,28,0,28,3,10,33,7,0,17,14,7,31,9,37,19,24,15,6,15,21,15,11,21,17,30,19,9,30,38,24,8,23,29,7,18,32,31,2,21,28,20,8,4,40,20,8,27,6,33,18,11,25,22,36,24,1,25,18,27,22,13,26,1,13,31,21,29,23,32,4,5,14,23,33,10,4,1,16,12,5,13,20,16,19,26,28,34,9,27,39,0,3,30,0,9,10,3,31,32,11,12,17,10,41,14,26,26,12,13,24,30,29,2,8,18
initial deal
tiles for 0: 1,2,5,7,16,16,19,23,25,25,29,32,33
tiles for 1: 2,3,4,6,6,11,12,15,17,20,22,22,27
tiles for 2: 0,0,3,5,7,7,10,14,14,17,28,28,33
tiles for 3: 6,9,11,15,15,15,17,19,21,21,24,30,31
prepare play
tiles for 0: 1,2,5,7,16,16,19,23,25,25,29,32,33 []
tiles for 1: 2,3,4,6,6,11,12,15,17,20,22,22,27 []
tiles for 2: 0,0,3,5,7,7,10,14,14,17,28,28,33 []
tiles for 3: 6,9,11,15,15,15,17,19,21,21,24,30,31 []
3 <  19
3  > 30
0 <  9
0  > 2
1 <  2 (4)
1 has [2,6,6,11,12,15,17,20,22,22,27], [[2,3,4]]
1  > 27
2 <  30
2  > 30
3 <  38
3 <  24
3  > 6
1 <  6 (8)
1 has [2,11,12,15,17,20,22,22], [[2,3,4],[6,6,6]]
1  > 2
2 <  8
2  > 10
3 <  23
3  > 9
0 <  29
0  > 1
1 <  7
1  > 7
2 <  18
2  > 18
3 <  32
3  > 15
0 <  31
0  > 7
1 <  2
1  > 2
2 <  21
2  > 21
3 <  28
3  > 28
2 <  28 (8)
2 has [0,0,3,5,7,7,8,14,14,17,33], [[28,28,28]]
2  > 17
3 <  20
3  > 15
0 <  8
0  > 8
1 <  4
1  > 4
2 <  40
2 <  20
2  > 20
3 <  20 (5)
3 has [11,15,17,19,20,21,23,24,24,31,32], [[19,20,21]]
3  > 15
0 <  8
0  > 8
1 <  27
1  > 27
2 <  6
2  > 5
3 <  33
3  > 11
0 <  18
0  > 5
1 <  11
1  > 15
2 <  25
2  > 25
3 <  25 (6)
3 has [17,19,20,21,24,31,32,33], [[19,20,21],[23,24,25]]
3  > 17
0 <  22
0  > 9
1 <  36
1 <  24
1  > 17
2 <  1
2  > 7
3 <  25
3  > 31
0 <  18
0  > 25
1 <  27
1  > 27
2 <  22
2  > 22
1 <  22 (8)
1 has [11,11,12,20,24], [[2,3,4],[6,6,6],[22,22,22]]
1  > 24
2 <  13
2  > 3
3 <  26
3  > 32
0 <  1
0  > 1
1 <  13
1  > 20
2 <  31
2  > 8
3 <  21
3  > 21
0 <  29
0  > 18
1 <  23
1  > 23
2 <  32
2  > 7
3 <  4
3  > 4
0 <  5
0  > 5
1 <  14
Player 1 wins hand 23! (hand took 166ms)
0: 4, hand: 16,16,18,19,22,23,25,29,29,29,31,32,33, [], (35)
1: 80, hand: 11,11,12,13,14, [[2,3,4],[6,6,6],[22,22,22]], (36)
2: -20, hand: 0,0,1,6,13,14,14,31,32,33, [[28,28,28]], (40)
3: -64, hand: 19,20,21,24,25,26,33, [[19,20,21],[23,24,25]], (37,38)

Starting hand 24.
this.hand=24; this.draws=0; config.PRNG.seed(1452246252); this.wind=0; this.windOfTheRound=3;
wall: 15,17,21,9,0,29,13,30,18,28,25,9,26,33,16,29,10,10,8,29,24,0,14,28,8,11,31,15,16,1,29,23,17,19,5,28,12,32,5,6,2,12,3,12,9,11,41,17,20,30,19,31,23,4,32,9,1,7,30,31,3,36,24,7,5,20,18,8,18,6,13,33,38,26,40,7,33,20,17,15,21,23,27,21,27,22,5,26,11,32,2,25,22,16,26,34,2,0,4,11,22,16,2,19,1,30,15,25,23,33,37,18,3,19,21,10,14,4,22,3,14,27,7,20,32,13,10,0,6,24,14,6,4,27,24,28,12,8,35,1,13,31,25,39
initial deal
tiles for 0: 0,9,9,13,15,17,18,21,25,26,28,29,30
tiles for 1: 0,8,8,10,10,11,14,16,24,28,29,29,33
tiles for 2: 1,5,5,12,15,16,17,19,23,28,29,31,32
tiles for 3: 2,3,6,9,11,12,12,17,19,20,23,30,31
prepare play
tiles for 0: 0,9,9,13,15,17,18,21,25,26,28,29,30 []
tiles for 1: 0,8,8,10,10,11,14,16,24,28,29,29,33 []
tiles for 2: 1,5,5,12,15,16,17,19,23,28,29,31,32 []
tiles for 3: 2,3,6,9,11,12,12,17,19,20,23,30,31 []
0 <  4
0  > 29
1 <  29 (8)
1 has [0,8,8,10,10,11,14,16,24,28,33], [[29,29,29]]
1  > 28
2 <  32
2  > 29
3 <  9
3  > 6
0 <  1
0  > 28
1 <  7
1  > 24
2 <  30
2  > 28
3 <  31
3  > 3
0 <  3
0  > 21
1 <  36
1 <  24
1  > 24
2 <  7
2  > 19
3 <  5
3  > 5
0 <  20
0  > 25
1 <  18
1  > 0
2 <  8
2  > 23
3 <  18
3  > 2
0 <  6
0  > 20
1 <  13
1  > 18
2 <  33
2  > 12
3 <  38
3 <  26
3  > 26
0 <  40
0 <  7
0  > 26
1 <  33
1  > 16
2 <  20
2  > 20
3 <  17
3  > 23
0 <  15
0  > 18
1 <  21
1  > 21
2 <  23
2  > 23
3 <  27
3  > 27
0 <  21
0  > 21
1 <  27
1  > 27
2 <  22
2  > 22
3 <  5
3  > 5
0 <  26
0  > 26
1 <  11
1  > 14
2 <  32
2  > 1
3 <  2
3  > 2
0 <  25
0  > 25
1 <  22
1  > 22
2 <  16
2  > 7
3 <  26
3  > 26
0 <  34
0 <  2
0  > 1
1 <  0
1  > 0
2 <  4
2  > 8
1 <  8 (8)
1 has [7,10,10,11,11,13,33,33], [[29,29,29],[8,8,8]]
1  > 7
2 <  11
2  > 5
3 <  22
3  > 9
0 <  16
0  > 3
1 <  2
1  > 2
2 <  19
2  > 19
3 <  1
3  > 1
0 <  30
0  > 6
1 <  15
1  > 15
2 <  15 (4)
2 has [4,5,11,15,16,30,31,32,32,32,33], [[15,16,17]]
2  > 32
3 <  25
3  > 25
0 <  23
0  > 23
1 <  33
1  > 13
2 <  37
2 <  18
2  > 18
3 <  18 (4)
3 has [9,11,12,12,17,17,18,22,30,31,31], [[18,19,20]]
3  > 22
0 <  3
0  > 7
1 <  19
1  > 19
2 <  21
2  > 21
3 <  10
3  > 18
0 <  14
0  > 0
1 <  4
1  > 4
2 <  22
2  > 22
3 <  3
3  > 3
0 <  14
0  > 14
1 <  27
1  > 27
2 <  7
2  > 11
1 <  11 (32)
1 has [10,10,33,33,33], [[29,29,29],[8,8,8],[11,11,11]!]
Player 1 wins hand 24! (hand took 253ms)
0: -248, hand: 2,3,4,9,9,13,14,15,15,16,17,30,30, [], (40,34)
1: 512, hand: 10,10,33,33,33, [[29,29,29],[8,8,8],[11,11,11]!], (36)
2: -140, hand: 4,5,7,15,16,30,31,32,32,33, [[15,16,17]], (37)
3: -124, hand: 9,10,11,12,12,17,17,30,31,31, [[18,19,20]], (41,38)

Starting hand 25.
this.hand=25; this.draws=0; config.PRNG.seed(683702090); this.wind=1; this.windOfTheRound=3;
wall: 28,27,41,8,31,10,26,4,21,31,26,21,19,30,17,1,15,0,6,1,5,12,28,7,6,4,3,29,1,30,17,2,7,28,29,24,11,19,9,0,22,31,18,27,33,12,24,18,2,18,19,25,6,9,32,34,16,27,20,16,37,18,20,25,8,33,16,21,7,20,22,33,36,38,0,24,9,19,21,23,14,13,10,12,24,12,15,2,7,22,11,14,33,39,14,3,5,32,23,13,4,32,13,22,8,31,3,35,15,20,3,11,13,14,28,25,6,25,23,0,8,32,29,40,16,17,5,11,15,29,30,4,27,23,10,5,26,30,9,10,1,26,2,17
initial deal
tiles for 0: 4,8,10,19,21,21,26,26,27,28,30,31,31
tiles for 1: 0,1,1,3,4,5,6,6,7,12,15,17,28
tiles for 2: 0,1,2,7,9,11,17,19,24,28,29,29,30
tiles for 3: 2,6,12,18,18,18,19,22,24,25,27,31,33
prepare play
tiles for 0: 4,8,10,19,21,21,26,26,27,28,30,31,31 []
tiles for 1: 0,1,1,3,4,5,6,6,7,12,15,17,28 []
tiles for 2: 0,1,2,7,9,11,17,19,24,28,29,29,30 []
tiles for 3: 2,6,12,18,18,18,19,22,24,25,27,31,33 []
1 <  9
1  > 28
2 <  32
2  > 28
3 <  34
3 <  16
3  > 27
0 <  27
0  > 8
1 <  8 (6)
1 has [0,1,1,3,4,5,6,9,12,15,17], [[6,7,8]]
1  > 9
2 <  20
2  > 20
3 <  20 (6)
3 has [2,6,12,16,18,18,22,24,25,31,33], [[18,19,20]]
3  > 6
0 <  16
0  > 4
1 <  4 (4)
1 has [0,1,1,3,4,12,15,17], [[6,7,8],[4,5,6]]
1  > 12
2 <  37
2 <  18
2  > 17
3 <  20
3  > 2
0 <  25
0  > 10
1 <  8
1  > 8
2 <  33
2  > 18
3 <  16
3  > 16
0 <  21
0  > 16
1 <  16 (5)
1 has [0,1,1,3,4], [[6,7,8],[4,5,6],[15,16,17]]
1  > 0
2 <  7
2  > 24
3 <  20
3  > 12
0 <  22
0  > 25
1 <  33
1  > 33
2 <  36
2 <  38
2 <  0
2  > 19
3 <  19 (5)
3 has [16,18,20,22,24,25,31,33], [[18,19,20],[18,19,20]]
3  > 16
0 <  24
0  > 24
1 <  9
1  > 9
2 <  19
2  > 19
3 <  19 (5)
3 has [22,24,25,31,33], [[18,19,20],[18,19,20],[18,19,20]]
3  > 33
0 <  21
0 locks [21,21,21,21]
0 <  23 (supplement)
0  > 26
1 <  14
1  > 14
2 <  13
2  > 0
3 <  10
3  > 10
0 <  12
0  > 12
1 <  24
1  > 24
2 <  12
2  > 0
3 <  15
3  > 15
0 <  2
0  > 2
1 <  2 (32)
1 has [1,1], [[6,7,8],[4,5,6],[15,16,17],[2,3,4]!]
Player 1 wins hand 25! (hand took 126ms)
0: -28, hand: 19,22,23,26,27,27,28,30,31,31, [[21,21,21,21]], (41)
1: 120, hand: 1,1, [[6,7,8],[4,5,6],[15,16,17],[2,3,4]!], ()
2: -34, hand: 1,2,7,7,9,11,12,13,29,29,30,32,33, [], (37,36,38)
3: -58, hand: 22,24,25,31, [[18,19,20],[18,19,20],[18,19,20]], (34)

Starting hand 26.
this.hand=26; this.draws=0; config.PRNG.seed(1207374221); this.wind=1; this.windOfTheRound=3;
wall: 17,3,4,5,0,3,21,31,17,15,9,18,30,2,37,9,10,15,25,31,27,17,18,1,5,20,15,2,28,8,16,26,13,2,41,12,13,32,19,36,10,32,1,27,32,10,6,25,0,32,14,24,27,22,11,24,11,7,4,19,28,4,29,22,25,29,14,6,40,31,13,11,16,20,20,16,9,24,11,29,5,3,6,38,16,15,2,12,8,3,1,28,26,33,33,19,21,25,23,0,34,8,12,23,21,31,19,33,22,23,7,8,18,4,13,23,7,10,14,14,29,0,30,6,33,39,26,17,35,9,12,18,5,21,22,27,26,28,20,24,1,7,30,30
initial deal
tiles for 0: 0,3,3,4,5,9,15,17,17,18,21,30,31
tiles for 1: 1,2,5,9,10,15,15,17,18,20,25,27,31
tiles for 2: 2,2,8,10,12,13,13,16,19,26,28,32,32
tiles for 3: 0,1,6,10,11,14,22,24,25,27,27,32,32
prepare play
tiles for 0: 0,3,3,4,5,9,15,17,17,18,21,30,31 []
tiles for 1: 1,2,5,9,10,15,15,17,18,20,25,27,31 []
tiles for 2: 2,2,8,10,12,13,13,16,19,26,28,32,32 []
tiles for 3: 0,1,6,10,11,14,22,24,25,27,27,32,32 []
1 <  24
1  > 5
2 <  11
2  > 28
3 <  7
3  > 10
0 <  4
0  > 21
1 <  19
1  > 31
2 <  28
2  > 28
3 <  4
3  > 11
0 <  29
0  > 29
1 <  22
1  > 27
3 <  27 (8)
3 has [0,1,4,6,7,14,22,24,25,32,32], [[27,27,27]]
3  > 14
0 <  25
0  > 18
1 <  18 (4)
1 has [1,2,9,10,15,15,17,18,22,24,25], [[18,19,20]]
1  > 18
2 <  29
2  > 29
3 <  14
3  > 14
0 <  6
0  > 25
1 <  40
1 <  31
1  > 31
2 <  13
2  > 26
3 <  11
3  > 11
0 <  16
0  > 9
1 <  20
1  > 20
2 <  20
2  > 20
3 <  16
3  > 16
0 <  9
0  > 9
1 <  24
1  > 17
2 <  11
2  > 19
3 <  29
3  > 6
0 <  5
0  > 6
1 <  3
1  > 22
2 <  6
2  > 6
3 <  38
3 <  16
3  > 16
0 <  15
0  > 4
1 <  4 (6)
1 has [1,9,10,15,15,24,24,25], [[18,19,20],[2,3,4]]
1  > 1
2 <  2
2  > 2
3 <  12
3  > 12
0 <  8
0  > 0
1 <  3
1  > 3
2 <  1
2  > 8
3 <  28
3  > 28
0 <  26
0  > 26
1 <  26 (6)
1 has [9,10,15,15,24], [[18,19,20],[2,3,4],[24,25,26]]
1  > 24
2 <  33
2  > 1
3 <  33
3  > 0
0 <  19
0  > 19
1 <  21
1  > 21
2 <  25
2  > 25
3 <  23
3  > 1
0 <  0
0  > 5
1 <  34
1 <  8
1  > 8
2 <  12
2  > 2
3 <  23
3  > 7
0 <  21
0  > 21
1 <  31
1  > 31
2 <  19
2  > 19
3 <  33
3  > 4
0 <  22
0  > 31
1 <  23
1  > 23
3 <  23 (8)
3 has [22,24,25,29,32,32,33,33], [[27,27,27],[23,23,23]]
3  > 29
0 <  7
0  > 22
1 <  8
1  > 8
2 <  18
2  > 2
3 <  4
3  > 4
0 <  13
0  > 0
1 <  23
1  > 23
2 <  7
2  > 18
3 <  10
3  > 10
0 <  14
0  > 30
1 <  14
1  > 14
2 <  14 (6)
2 has [7,10,11,11,12,13,13,16,32,32,33], [[12,13,14]]
2  > 16
3 <  29
3  > 29
0 <  0
0  > 0
1 <  30
1  > 30
2 <  6
2  > 33
3 <  33 (8)
3 has [22,24,25,32,32], [[27,27,27],[23,23,23],[33,33,33]]
3  > 22
0 <  33
0  > 33
1 <  39
1 <  26
1  > 26
3 <  26 (32)
3 has [32,32], [[27,27,27],[23,23,23],[33,33,33],[24,25,26]!]
Player 3 wins hand 26! (hand took 269ms)
0: -130, hand: 3,3,4,5,7,8,13,14,15,15,16,17,17, [], ()
1: -180, hand: 9,10,15,15, [[18,19,20],[2,3,4],[24,25,26]], (37,40,34,39)
2: -106, hand: 6,7,10,11,11,12,13,13,32,32, [[12,13,14]], (41,36)
3: 416, hand: 32,32, [[27,27,27],[23,23,23],[33,33,33],[24,25,26]!], (38)

Starting hand 27.
this.hand=27; this.draws=0; config.PRNG.seed(728659638); this.wind=2; this.windOfTheRound=3;
wall: 7,13,9,14,17,31,2,20,26,30,36,25,9,11,24,19,3,17,8,20,3,39,22,30,20,15,0,20,12,4,17,33,19,24,15,26,25,26,19,13,35,23,5,1,18,24,8,10,30,22,23,34,8,3,9,18,29,14,33,40,6,19,12,28,27,1,6,14,5,2,0,8,7,5,17,31,12,33,26,31,13,25,6,21,10,41,11,23,10,18,2,22,23,9,12,21,16,32,18,1,27,29,1,32,29,27,29,13,21,15,14,22,21,16,7,4,0,28,32,10,27,3,28,16,4,11,15,7,28,31,33,4,2,0,16,37,30,24,11,38,6,32,25,5
initial deal
tiles for 0: 2,7,9,9,11,13,14,17,20,25,26,30,31
tiles for 1: 0,3,3,8,15,17,19,20,20,20,22,24,30
tiles for 2: 4,12,13,15,17,19,19,23,24,25,26,26,33
tiles for 3: 1,3,5,8,8,9,10,18,18,22,23,24,30
prepare play
tiles for 0: 2,7,9,9,11,13,14,17,20,25,26,30,31 []
tiles for 1: 0,3,3,8,15,17,19,20,20,20,22,24,30 []
tiles for 2: 4,12,13,15,17,19,19,23,24,25,26,26,33 []
tiles for 3: 1,3,5,8,8,9,10,18,18,22,23,24,30 []
2 <  29
2  > 29
3 <  14
3  > 9
0 <  9 (8)
0 has [2,7,11,13,14,17,20,25,26,30,31], [[9,9,9]]
0  > 2
1 <  33
1  > 8
2 <  40
2 <  6
2  > 4
3 <  19
3  > 14
0 <  12
0  > 7
1 <  28
1  > 0
2 <  27
2  > 6
3 <  1
3  > 10
0 <  6
0  > 6
1 <  14
1  > 33
2 <  5
2  > 5
3 <  2
3  > 3
1 <  3 (8)
1 has [14,15,17,19,20,20,20,22,24,28,30], [[3,3,3]]
1  > 28
2 <  0
2  > 0
3 <  8
3  > 8
0 <  7
0  > 7
1 <  5
1  > 5
2 <  17
2  > 23
3 <  31
3  > 2
0 <  12
0  > 25
1 <  33
1  > 33
2 <  26
2  > 26
3 <  31
3  > 1
0 <  13
0  > 26
1 <  25
1  > 30
2 <  6
2  > 6
3 <  21
3  > 8
0 <  10
0  > 20
1 <  20 (16)
1 has [14,15,17,19,22,24,25], [[3,3,3],[20,20,20,20]]
1 <  41
1 <  11
1  > 19
2 <  23
2  > 24
3 <  10
3  > 10
0 <  18
0  > 18
1 <  2
1  > 2
2 <  22
2  > 26
3 <  23
3  > 8
0 <  9
0  > 17
1 <  12
1  > 22
2 <  21
2  > 21
3 <  16
3  > 16
0 <  32
0  > 32
1 <  18
1  > 18
2 <  1
2  > 1
3 <  27
3  > 27
0 <  29
0  > 30
1 <  1
1  > 1
2 <  32
2  > 26
3 <  29
3  > 29
0 <  27
0  > 27
1 <  29
1  > 29
2 <  13
2  > 22
3 <  22 (4)
3 has [1,5,18,18,19,21,22,23,30,31,31], [[22,23,24]]
3  > 1
0 <  21
0  > 29
1 <  15
1  > 17
2 <  14
2  > 23
3 <  22
3  > 5
0 <  21
0  > 31
3 <  31 (8)
3 has [18,18,19,21,22,22,23,30], [[22,23,24],[31,31,31]]
3  > 19
2 <  19 (8)
2 has [12,13,13,14,15,17,17,25,27,32,33], [[19,19,19]]
2  > 25
3 <  16
3  > 16
0 <  7
0  > 7
1 <  4
1  > 4
2 <  0
2  > 0
3 <  28
3  > 28
0 <  32
0  > 32
1 <  10
1  > 24
2 <  27
2  > 33
3 <  3
3  > 3
0 <  28
0  > 28
1 <  16
1  > 25
2 <  4
2  > 4
3 <  11
3  > 11
0 <  11 (32)
0 has [11,12,12,13,13,14,21,21], [[9,9,9],[9,10,11]!]
Player 0 wins hand 27! (hand took 287ms)
0: 72, hand: 11,12,12,13,13,14,21,21, [[9,9,9],[9,10,11]!], (36)
1: -10, hand: 10,11,12,14,15,15,16, [[3,3,3],[20,20,20,20]], (39,41)
2: -50, hand: 12,13,13,14,15,17,17,27,27,32, [[19,19,19]], (35,40)
3: -12, hand: 18,18,21,22,22,23,30, [[22,23,24],[31,31,31]], (34)

Starting hand 28.
this.hand=28; this.draws=0; config.PRNG.seed(1287003020); this.wind=3; this.windOfTheRound=3;
wall: 12,16,18,29,2,8,20,10,12,20,28,33,36,25,4,1,24,26,24,7,32,18,9,20,32,11,19,8,13,24,1,30,25,29,21,5,23,8,16,9,15,27,31,5,4,22,0,3,13,4,35,7,29,29,13,7,28,32,17,26,25,25,18,3,17,15,6,31,37,0,14,14,2,4,30,6,2,33,22,28,19,0,27,11,26,5,9,9,21,22,19,33,30,31,27,30,17,1,23,6,21,11,28,31,14,39,34,19,5,8,18,20,17,16,2,23,3,12,33,40,7,14,3,6,12,1,21,27,41,10,24,10,22,16,23,15,13,11,26,32,15,38,10,0
initial deal
tiles for 0: 2,8,10,12,12,16,18,20,20,25,28,29,33
tiles for 1: 1,4,7,9,11,18,19,20,24,24,26,32,32
tiles for 2: 1,5,8,8,9,13,16,21,23,24,25,29,30
tiles for 3: 0,3,4,4,5,7,13,15,22,27,29,29,31
prepare play
tiles for 0: 2,8,10,12,12,16,18,20,20,25,28,29,33 []
tiles for 1: 1,4,7,9,11,18,19,20,24,24,26,32,32 []
tiles for 2: 1,5,8,8,9,13,16,21,23,24,25,29,30 []
tiles for 3: 0,3,4,4,5,7,13,15,22,27,29,29,31 []
3 <  13
3  > 15
0 <  7
0  > 28
1 <  28
1  > 28
2 <  32
2  > 29
3 <  29 (8)
3 has [0,3,4,4,5,7,13,13,22,27,31], [[29,29,29]]
3  > 13
0 <  17
0  > 29
1 <  26
1  > 7
2 <  25
2  > 8
3 <  25
3  > 13
0 <  18
0  > 8
1 <  3
1  > 9
2 <  17
2  > 8
3 <  15
3  > 15
0 <  15 (4)
0 has [2,7,10,12,12,18,18,20,20,25,33], [[15,16,17]]
0  > 2
1 <  2 (5)
1 has [4,11,18,19,20,24,24,26,26,32,32], [[1,2,3]]
1  > 11
2 <  6
2  > 6
3 <  31
3  > 22
0 <  37
0 <  0
0  > 0
1 <  14
1  > 4
2 <  14
2  > 5
3 <  2
3  > 25
0 <  4
0  > 4
1 <  30
1  > 14
2 <  6
2  > 1
3 <  2
3  > 3
0 <  33
0  > 7
1 <  22
1  > 30
2 <  28
2  > 6
3 <  19
3  > 19
0 <  0
0  > 0
1 <  27
1  > 27
2 <  11
2  > 23
3 <  26
3  > 26
1 <  26 (8)
1 has [18,19,20,22,24,24,32,32], [[1,2,3],[26,26,26]]
1  > 22
2 <  5
2  > 5
3 <  9
3  > 9
0 <  9
0  > 25
1 <  21
1  > 21
2 <  22
2  > 25
3 <  19
3  > 19
0 <  33
0  > 33
1 <  30
1  > 30
2 <  31
2  > 25
3 <  27
3  > 4
0 <  30
0  > 18
1 <  17
1  > 17
2 <  1
2  > 1
3 <  23
3  > 23
0 <  6
0  > 6
1 <  21
1  > 21
2 <  11
2  > 21
3 <  28
3  > 28
0 <  31
0  > 20
1 <  14
1  > 14
2 <  39
2 <  34
2 <  19
2  > 28
3 <  5
3  > 4
0 <  8
0  > 8
1 <  18
1  > 18
2 <  20
2  > 24
1 <  24 (32)
1 has [18,19,20,32,32], [[1,2,3],[26,26,26],[24,24,24]!]
Player 1 wins hand 28! (hand took 220ms)
0: -18, hand: 9,10,12,12,18,20,30,31,33,33, [[15,16,17]], (36,37)
1: 72, hand: 18,19,20,32,32, [[1,2,3],[26,26,26],[24,24,24]!], ()
2: -24, hand: 9,11,11,13,14,16,17,19,20,22,30,31,32, [], (39,34)
3: -30, hand: 0,2,2,5,5,7,27,27,31,31, [[29,29,29]], (35)
hand 1
  0 (E): -40 for b2,c7,c7,c7,b3,d4,d5,d7,d8,d9,d9,C,b5 
  1 (N): 96 for b1,b2,b3,d6,d7,d8,E,E [d5,d5,d5, c4,c3,c2] (s3,s4)
  2 (W): -20 for c2,c3,c5,d7,d9,b4,b4,C,b6,c1 [b9,b8,b7] (f3)
  3 (S): -36 for b1,d1,b3,d6,d9,S,b4,F,b5,b6,b6,b9,b9 
hand 2
  0 (S): 288 for c7,c7,d6,d7,d8 [P,P,P, d3,d2,d1, E,E,E] 
  1 (E): -72 for c6,c7,c8,d4,d4,d8,d8 [C,C,C, d9,d9,d9] (f2,s3)
  2 (N): -84 for c2,c3,c4,c5,c5,c6,d1,d2,d3,d4,c1,c1,c1 (f3,s2,f1)
  3 (W): -132 for c8,c8,c9,b5,b5,b9,b9 [b8,b7,b6, b3,b2,b1] (s1,f4)
hand 3
  0 (W): 224 for c9,c9,d1,d1,d1 [b1,b1,b1, b5,b5,b5, d8,d8,d8] 
  1 (S): -66 for d1,d2,d3,d4,d6,d7,S [b6,b6,b6,b6, b4,b4,b4] 
  2 (E): -112 for c6,c8,c8,d4,d5,d7,d9,E,E,F [c1,c3,c2] (s2,f1,f4)
  3 (N): -46 for b2,b2,b3,d6,d6,d7,d9,b7,b9,b9 [C,C,C] (f3)
hand 4
  0 (N): -148 for b1,b1,c7,c8,c8,d3,d3 [b4,b6,b5, F,F,F] (f4)
  1 (W): 80 for c6,c7,c8,b5,b5 [b7,b7,b7, c4,c5,c3, b3,b4,b2] (s1,f3)
  2 (S): 284 for b2,c2,c3,c5,S,S,S,b7,b9,c1 [C,C,C] (s2,f2)
  3 (E): -216 for d2,d2,d3,d7,d8,d9,P [d5,d4,d3, d6,d8,d7] 
hand 5
  0 (E): -44 for b3,F,F,b5,b7,b8,b9 [c6,c7,c5, d4,d6,d5] (s1)
  1 (N): 56 for F,F [c2,c3,c1, b8,b9,b7, c7,c7,c7, b2,b3,b1] 
  2 (W): 18 for b1,b2,c3,c5,S,W,b4,C,c1,c1 [c2,c3,c1] (f2,s2,s4,f4)
  3 (S): -30 for b1,b3,d9,b4,b4,P,b5,b6,b8,b8 [d7,d8,d6] (f3)
hand 6
  0 (S): -94 for c4,c6,c6,d2,d3,d4,d5,E,E,b4 [b4,b6,b5] (f3)
  1 (E): 120 for c7,c7 [N,N,N, c8,c8,c8, b6,b8,b7, b5,b7,b6] (f1)
  2 (N): 50 for c2,c2,c2,c3,c8,S,F,F,F,C,C,b5,b9 (s1,f4,f2)
  3 (W): -76 for c5,d3,d6,d6,d7,d9,d9,S,P,P [d6,d7,d5] (s4,s3)
hand 7
  0 (S): -50 for c3,d4,d6,d8,S,S,C [d2,d3,d1, c2,c3,c1] 
  1 (E): 120 for d9,d9 [b6,b7,b5, c6,c7,c5, d8,d8,d8, d3,d2,d1] (f4,f3)
  2 (N): -38 for c2,c6,c9,d5,N,F,C,P,P,c1 [c5,c4,c3] (s2)
  3 (W): -32 for b1,b2,b3,b3,d5,d6,d7,d7,S,b4,F,C,b8 (f2,s3)
hand 8
  0 (S): -140 for c6,c7,c7,c8,d2,d3,d4,d5,d5,d6,d7,c1,c1 
  1 (E): 132 for [W,W,W, c5,c5,c5, b9,b8,b7, c3,c4,c2, b4,b4] (f4)
  2 (N): 88 for c8,c9,c9,d2,d4,d4,d5,d9,S,S [N,N,N,N] (s2,f3,s3,f2,s1)
  3 (W): -80 for c2,c6,c8,c9,c9,d6,d6,d8,P,P [F,F,F] (s4)
hand 9
  0 (S): 128 for c3,c4,c5,c8,c8 [b5,b7,b6, P,P,P, c4,c5,c3] 
  1 (E): -128 for d4,d5,d6,d7,d8,d9,S,S,b9,b9 [b5,b4,b3] 
  2 (N): -24 for c2,c2,c9,c9,d2,d4,d4,d5,d5,d6,d7,d8,C (f2,s2,f1)
  3 (W): 24 for c2,c8,c9,d2,d6,d7,d8,d9,S,C [F,F,F] (s3,f4)
hand 10
  0 (W): -66 for c3,c4,c5,c5,c6,c6,c8,S,P,P [c9,c8,c7] 
  1 (S): -18 for c8,c9,F,F [b7,b9,b8, b4,b3,b2, b8,b9,b7] (f3,s1,s4,f1)
  2 (E): -92 for c3,c6,c7,c7,c9,d3,F,F,C,P [c2,c2,c2] (s2)
  3 (N): 176 for S,S [d7,d6,d5, d7,d8,d6, d7,d9,d8, d3,d3,d3] (s3,f4)
hand 11
  0 (N): -4 for c3,c3,c4,d4,d5,d9,c1 [W,W,W, c8,c8,c8] (f3)
  1 (W): 64 for c5,c6,c7,d1,d2,d3,b4,b4 [d5,d5,d5, c2,c4,c3] (s3)
  2 (S): -10 for b1,b1,c2,c5,d2,d3,d8,C,b6,b6,b6,b8,b9 (s4)
  3 (E): -50 for b1,b2,c3,c5,d2,d4,d7,d8,d8,b4,b4,b5,b5 
hand 12
  0 (E): -48 for c4,c6,c7,c8,c9,C,C [c5,c4,c3, c8,c7,c6] (s4,s3)
  1 (N): 136 for c9,c9,d2,d2,d2 [c2,c3,c1, d3,d5,d4, d8,d8,d8] (f2,s2,f4,s1)
  2 (W): -64 for b1,b1,b2,b2,c3,c6,c8,c9,F,P,b8,b9,c1 
  3 (S): -24 for b2,b3,W,W,P,b5,b7 [d3,d2,d1, d7,d8,d6] (f3,f1)
hand 13
  0 (S): -154 for c2,c4,d2,d3,d4,d7,d8,d8,W,C [c7,c9,c8] (f1)
  1 (E): 384 for c3,c3,c3,b4,P,P,P,b5,b6,b7,b7 [b4,b3,b2] (f4,s3)
  2 (N): -154 for c5,c5,c6,b3,b4,N,F,P,b5,b5,b6,b6,b8 (f2)
  3 (W): -76 for c2,c7,c8,d1,d2,d3,d5,W,W,F [S,S,S,S] (s4,s2,s1)
hand 14
  0 (S): -128 for c4,c4,c6,F,C,b7,b7,b8,b8,b9 [P,P,P] 
  1 (E): 408 for c6,c7,c8,d2,d2,W,W,W [c5,c5,c5, b6,b8,b7] (f3,s3,f4)
  2 (N): -140 for c2,c8,c8,d1,d2,b3,d5,d6,d6,d7,d8,d8,c1 (s2)
  3 (W): -140 for b2,c7,d1,d3,d3,d4,d4,d7,d9,C,b6,b6,b8 (s1)
hand 15
  0 (S): -48 for c3,c3,c3,W,b4,b7,c1 [c9,c9,c9, c8,c8,c8,c8] 
  1 (E): 144 for d1,d2,d3,d5,d5 [b4,b6,b5, c7,c7,c7, c4,c6,c5] (f3,s3,s1)
  2 (N): -24 for b1,c2,c4,c6,F,F,F,C,C,P,P,b6,c1 
  3 (W): -72 for b1,b2,b3,d9,W,C,b5,b6,b8,b9 [d8,d7,d6] (f4,s2)
hand 16
  0 (S): -28 for c6,c7,C,C,C,b9,b9 [c9,c9,c9, b2,b3,b1] 
  1 (E): 132 for c5,c5,c5,d5,d5,b7,b8,b9 [d7,d9,d8, c3,c3,c3] (f1)
  2 (N): -64 for d2,d2,d4,d4,d6,d7,d8,F,P,P [c4,c4,c4] (f4,s1)
  3 (W): -40 for c2,c5,c7,c8,d4,d4,d6,d6,d6,d8,d9,F,c1 (s4,s2,f2,f3)
hand 17
  0 (S): -64 for d2,d3,d3,d5,d5,d5,d6,d6,d6,d8,W,F,P (s1)
  1 (E): 204 for d3,d4,d5,d7,d8,d9,b9,b9,b9 [c9,c9,c9, W,W] (f3,f4)
  2 (N): -88 for c2,c3,c4,c5,c6,c6,c8,c8,F,c1 [E,E,E] 
  3 (W): -52 for b1,b1,b1,d1,d1,b3,C,b6,b6,b6 [d9,d8,d7] (f1)
hand 18
  0 (S): -104 for c7,c8,c8,c9,W,F,P,b5,b9,b9 [c1,c1,c1] 
  1 (E): 180 for c4,c4,c5,c5,c5 [d3,d2,d1, b1,b1,b1, d3,d5,d4] (s1,s3,f4)
  2 (N): -32 for c7,c8,c9,F [N,N,N, S,S,S, c3,c3,c3] (s2)
  3 (W): -44 for c2,c5,c6,c7,d5,d6,d9 [E,E,E, C,C,C] (f2)
hand 19
  0 (S): -146 for c5,c7,c8,c8,b3,N,N,F,P,c1 [c4,c3,c2] (s4)
  1 (E): 108 for b4,F,F,b5,b6 [d7,d7,d7, b9,b8,b7, c1,c1,c1] 
  2 (N): -140 for c2,c2,c4,c6,c7,c9,c9,N,C,P,P,b5,b7 (s3)
  3 (W): 178 for d1,d1,d3,d3,d6,d9,W,W,W,C [S,S,S] (s1,f1,f2,f4)
hand 20
  0 (S): -104 for c8,c8,c8,c9,c9,b5,b6,b6,b7,b8 [c6,c7,c5] (s4,f1)
  1 (E): -188 for c3,c3,c4,c4,c6,c7,c9 [b5,b4,b3, C,C,C] (s2)
  2 (N): 416 for c2,c2,c3,c4,c5 [P,P,P, c1,c1,c1, c8,c7,c6] (s1,f4)
  3 (W): -124 for c4,c5,c5,c6,d3,d9,d9 [F,F,F, d6,d5,d4] 
hand 21
  0 (W): -154 for b1,c2,c4,c5,d2,b3,b3,d8,b4,b7,b7,b8,c1 (f3)
  1 (S): -130 for c2,c3,b4,b4,b6,b7,b8 [d9,d9,d9, d5,d6,d4] (f4,s3)
  2 (E): 432 for c2,c2,c3,c3,c8,c8,c1,c1 [C,C,C, c7,c7,c7] 
  3 (N): -148 for c3,c6,c6,c8,c9,d5,d5,d6,d7,W,P,P,c1 (f2)
hand 22
  0 (W): 6 for c5,c6,c9,c9,c9,d4,d5,d5,d6,d6,d9,F,P (s2,f2)
  1 (S): 56 for c5,c6,c7,S,S,b7,b8,b9 [b6,b6,b6, c5,c4,c3] 
  2 (E): -48 for c7,c7,d2,d3,d5,d7,d8,d8,E,F [c1,c3,c2] (s1)
  3 (N): -14 for c4,c5,c6,c8,d1,d1,d2,d2,d8,d9,W,N,P (f4,f1)
hand 23
  0 (N): 4 for c8,c8,d1,d2,d5,d6,d8,W,W,W,F,C,P (f2)
  1 (W): 80 for c3,c3,c4,c5,c6 [b3,b5,b4, b7,b7,b7, d5,d5,d5] (f3)
  2 (S): -20 for b1,b1,b2,c5,c6,c6,F,C,P,b7 [S,S,S] (s3)
  3 (E): -64 for d2,d3,d4,d7,d8,d9,P [d3,d4,d2, d8,d7,d6] (f4,s1)
hand 24
  0 (E): -248 for c5,c6,c7,c7,c8,c9,b3,b4,N,N,b5,c1,c1 (s3,f1)
  1 (N): 512 for c2,c2,P,P,P [W,W,W, b9,b9,b9, c3,c3,c3] (f3)
  2 (W): -140 for c7,c8,N,F,C,C,P,b5,b6,b8 [c7,c9,c8] (f4)
  3 (S): -124 for c2,c3,c4,c4,c9,c9,N,F,F,c1 [d1,d3,d2] (s4,s1)
hand 25
  0 (S): -28 for d2,d5,d6,d9,E,E,S,N,F,F [d4,d4,d4,d4] (s4)
  1 (E): 120 for b2,b2 [b9,b8,b7, b5,b7,b6, c8,c9,c7, b3,b5,b4] 
  2 (N): -34 for b2,c3,c4,c5,b3,W,W,N,C,P,b8,b8,c1 (f4,f3,s1)
  3 (W): -58 for d5,d7,d8,F [d3,d2,d1, d2,d3,d1, d2,d3,d1] (f1)
hand 26
  0 (S): -130 for c5,c6,c7,c7,c8,c9,c9,b4,b4,b5,b6,b8,b9 
  1 (E): -180 for c2,c7,c7,c1 [d1,d3,d2, b5,b4,b3, d9,d8,d7] (f4,s3,f1,s2)
  2 (N): -106 for c2,c3,c3,c4,c5,c5,C,C,b7,b8 [c6,c5,c4] (s4,f3)
  3 (W): 416 for C,C [E,E,E, d6,d6,d6, P,P,P, d9,d8,d7] (s1)
hand 27
  0 (W): 72 for c3,c4,c4,c5,c5,c6,d4,d4 [c1,c1,c1, c3,c2,c1] (f3)
  1 (S): -10 for c2,c3,c4,c6,c7,c7,c8 [b4,b4,b4, d3,d3,d3,d3] (s2,s4)
  2 (E): -50 for c4,c5,c5,c6,c7,c9,c9,E,E,C [d2,d2,d2] (f2,s3)
  3 (N): -12 for d1,d1,d4,d5,d5,d6,N [d5,d7,d6, F,F,F] (f1)
hand 28
  0 (N): -18 for c2,c4,c4,d1,d3,N,F,P,P,c1 [c7,c9,c8] (f3,f4)
  1 (W): 72 for d1,d2,d3,C,C [b3,b4,b2, d9,d9,d9, d7,d7,d7] 
  2 (S): -24 for c3,c3,c5,c6,c8,c9,d2,d3,d5,N,F,C,c1 (s2,f1)
  3 (E): -30 for b1,b3,b3,E,E,F,F,b6,b6,b8 [W,W,W] (f2)
final scores:
  player 0: 734 (not set to chicken)
  player 1: 4412 (set to chicken)
  player 2: 1780 (not set to chicken)
  player 3: 1074 (not set to chicken)
Game took 6.54s