Initial seed: 9
starting game.

Starting hand 1.
this.hand=1; this.draws=0; config.PRNG.seed(180577876); this.wind=0; this.windOfTheRound=0;
wall: 4,23,25,26,18,13,24,27,20,22,16,33,0,9,5,17,3,14,19,8,9,33,26,38,16,32,23,10,7,29,5,12,21,8,14,27,26,34,16,28,12,7,6,15,31,25,14,23,18,1,36,0,31,20,28,21,31,22,20,25,33,4,24,29,37,11,12,29,27,19,29,17,40,2,15,13,28,24,0,11,10,5,11,1,27,11,6,30,32,2,15,19,31,35,1,15,17,21,41,30,20,7,3,4,25,8,8,32,22,19,5,4,26,2,6,28,9,12,23,18,14,22,1,33,21,16,30,6,39,7,30,3,17,10,24,0,13,2,32,18,13,10,9,3
initial deal
tiles for 0: 0,4,13,16,18,20,22,23,24,25,26,27,33
tiles for 1: 3,5,8,9,9,14,16,17,19,23,26,32,33
tiles for 2: 5,7,8,10,12,12,14,16,21,26,27,28,29
tiles for 3: 0,1,6,7,14,15,18,20,23,25,28,31,31
prepare play
tiles for 0: 0,4,13,16,18,20,22,23,24,25,26,27,33 []
tiles for 1: 3,5,8,9,9,14,16,17,19,23,26,32,33 []
tiles for 2: 5,7,8,10,12,12,14,16,21,26,27,28,29 []
tiles for 3: 0,1,6,7,14,15,18,20,23,25,28,31,31 []
0 <  21
0  > 4
1 <  4 (5)
1 has [8,9,9,14,16,17,19,23,26,32,33], [[3,4,5]]
1  > 8
2 <  31
2  > 28
3 <  22
3  > 28
0 <  20
0  > 0
1 <  25
1  > 19
2 <  33
2  > 21
3 <  21 (5)
3 has [0,1,6,7,14,15,18,23,25,31,31], [[20,21,22]]
3  > 18
0 <  4
0  > 4
1 <  24
1  > 33
2 <  29
2  > 26
3 <  37
3 <  11
3  > 11
0 <  12
0  > 13
1 <  29
1  > 29
2 <  29 (8)
2 has [5,7,8,10,12,12,14,16,27,31,33], [[29,29,29]]
2  > 27
3 <  27
3  > 27
0 <  19
0  > 12
2 <  12 (8)
2 has [5,7,8,10,14,16,31,33], [[29,29,29],[12,12,12]]
2  > 10
3 <  29
3  > 29
0 <  17
0  > 17
1 <  40
1 <  2
1  > 2
2 <  15
2  > 31
3 <  31 (8)
3 has [0,1,6,7,14,15,23,25], [[20,21,22],[31,31,31]]
3  > 25
0 <  13
0  > 13
1 <  28
1  > 28
2 <  24
2  > 24
3 <  0
3  > 23
0 <  11
0  > 16
1 <  10
1  > 32
2 <  5
2  > 33
3 <  11
3  > 11
0 <  1
0  > 11
1 <  11 (6)
1 has [9,14,16,17,23,24,25,26], [[3,4,5],[9,10,11]]
1  > 9
2 <  27
2  > 27
3 <  11
3  > 11
0 <  6
0  > 27
1 <  30
1  > 30
2 <  32
2  > 32
3 <  2
3  > 14
0 <  15
0  > 15
1 <  15 (5)
1 has [17,23,24,25,26], [[3,4,5],[9,10,11],[14,15,16]]
1  > 17
2 <  19
2  > 19
3 <  31
3  > 15
0 <  35
0 <  1
0  > 6
2 <  6 (32)
2 has [5,5,14,15,16], [[29,29,29],[12,12,12],[6,7,8]!]
Player 2 wins hand 1! (hand took 162ms)
0: -128, hand: 1,1,18,19,20,20,21,22,23,24,25,26,33, [], (35)
1: -48, hand: 23,24,25,26, [[3,4,5],[9,10,11],[14,15,16]], (38,40)
2: 160, hand: 5,5,14,15,16, [[29,29,29],[12,12,12],[6,7,8]!], (34)
3: 16, hand: 0,0,1,2,6,7,31, [[20,21,22],[31,31,31]], (36,37)

Starting hand 2.
this.hand=2; this.draws=0; config.PRNG.seed(1153538952); this.wind=1; this.windOfTheRound=0;
wall: 3,7,3,7,0,13,6,7,13,24,14,2,6,22,32,28,21,30,35,23,29,25,17,4,15,24,3,33,20,0,13,31,3,23,6,32,20,1,14,19,29,1,20,22,33,0,12,32,5,12,14,16,5,4,5,5,18,8,7,34,9,8,32,25,27,11,37,31,28,30,18,19,10,12,14,25,15,11,36,33,40,41,30,22,25,9,31,24,33,16,1,0,11,19,13,30,26,19,39,17,21,20,1,4,2,21,26,24,2,12,18,10,17,11,8,27,18,8,23,38,27,31,21,17,15,9,22,16,6,4,23,27,2,26,29,10,26,28,16,28,9,29,10,15
initial deal
tiles for 0: 0,2,3,3,6,6,7,7,7,13,13,14,24
tiles for 1: 3,4,15,17,21,22,23,24,25,28,29,30,32
tiles for 2: 0,1,3,6,13,14,19,20,20,23,31,32,33
tiles for 3: 0,1,5,5,12,12,14,16,20,22,29,32,33
prepare play
tiles for 0: 0,2,3,3,6,6,7,7,7,13,13,14,24 []
tiles for 1: 3,4,15,17,21,22,23,24,25,28,29,30,32 []
tiles for 2: 0,1,3,6,13,14,19,20,20,23,31,32,33 []
tiles for 3: 0,1,5,5,12,12,14,16,20,22,29,32,33 []
1 <  4
1  > 28
2 <  5
2  > 23
3 <  5
3  > 32
0 <  18
0  > 24
1 <  8
1  > 30
2 <  7
2  > 31
3 <  34
3 <  9
3  > 9
0 <  8
0  > 13
1 <  32
1  > 29
2 <  25
2  > 25
3 <  27
3  > 27
0 <  11
0  > 11
1 <  37
1 <  31
1  > 8
2 <  8 (6)
2 has [0,1,3,5,13,14,19,20,20,32,33], [[6,7,8]]
2  > 32
1 <  32 (8)
1 has [3,4,4,15,17,21,22,23,24,25,31], [[32,32,32]]
1  > 31
2 <  28
2  > 28
3 <  30
3  > 30
0 <  18
0  > 14
1 <  19
1  > 15
2 <  15 (6)
2 has [0,1,3,5,19,20,20,33], [[6,7,8],[13,14,15]]
2  > 33
3 <  10
3  > 33
0 <  12
0  > 12
1 <  14
1  > 17
2 <  25
2  > 25
3 <  15
3  > 29
0 <  11
0  > 11
1 <  36
1 <  33
1  > 14
2 <  40
2 <  41
2 <  30
2  > 30
3 <  22
3  > 10
0 <  25
0  > 25
1 <  9
1  > 9
2 <  31
2  > 31
3 <  24
3  > 24
0 <  33
0  > 13
1 <  16
1  > 16
2 <  1
2  > 3
3 <  0
3  > 20
2 <  20 (8)
2 has [0,1,1,5,19], [[6,7,8],[13,14,15],[20,20,20]]
2  > 19
3 <  11
3  > 1
2 <  1 (8)
2 has [0,5], [[6,7,8],[13,14,15],[20,20,20],[1,1,1]]
2  > 0
3 <  19
3  > 19
0 <  13
0  > 13
1 <  30
1  > 30
2 <  26
2  > 5
3 <  19
3  > 19
0 <  39
0 <  17
0  > 17
1 <  21
1  > 4
2 <  20
2  > 20
3 <  1
3  > 11
0 <  4
0  > 8
1 <  2
1  > 4
2 <  21
2  > 21
1 <  21 (8)
1 has [2,3,19,22,23,24,25,33], [[32,32,32],[21,21,21]]
1  > 2
2 <  26
Player 2 wins hand 2! (hand took 196ms)
0: -54, hand: 0,2,3,3,4,6,6,7,7,7,18,18,33, [], (39)
1: 32, hand: 3,19,22,23,24,25,33, [[32,32,32],[21,21,21]], (35,37,36)
2: 104, hand: 26,26, [[6,7,8],[13,14,15],[20,20,20],[1,1,1]], (40,41)
3: -82, hand: 0,0,1,5,5,5,12,12,14,15,16,22,22, [], (34)

Starting hand 3.
this.hand=3; this.draws=0; config.PRNG.seed(450267728); this.wind=2; this.windOfTheRound=0;
wall: 36,1,30,19,8,16,31,29,7,22,16,5,28,26,34,13,9,15,33,23,25,20,14,5,4,1,22,27,33,22,11,19,21,6,11,32,17,35,32,27,2,2,7,24,20,15,29,0,17,12,20,26,4,21,40,17,27,25,29,22,7,10,33,15,15,23,16,25,4,11,38,30,1,17,13,14,28,14,33,10,41,21,13,2,8,30,6,19,18,18,8,30,23,9,12,0,1,3,0,16,5,32,37,7,24,26,21,25,28,18,8,4,28,39,24,14,3,13,31,23,9,24,3,12,11,0,5,31,10,20,10,3,31,12,6,9,26,19,27,18,2,32,6,29
initial deal
tiles for 0: 1,5,7,8,16,16,19,22,26,28,29,30,31
tiles for 1: 1,4,5,9,13,14,15,20,22,23,25,27,33
tiles for 2: 2,2,6,11,11,17,19,21,22,27,32,32,33
tiles for 3: 0,4,7,12,15,17,17,20,20,21,24,26,29
prepare play
tiles for 0: 1,5,7,8,16,16,19,22,26,28,29,30,31 []
tiles for 1: 1,4,5,9,13,14,15,20,22,23,25,27,33 []
tiles for 2: 2,2,6,11,11,17,19,21,22,27,32,32,33 []
tiles for 3: 0,4,7,12,15,17,17,20,20,21,24,26,29 []
2 <  27
2  > 17
3 <  17 (8)
3 has [0,4,7,12,15,20,20,21,24,26,29], [[17,17,17]]
3  > 29
0 <  25
0  > 28
1 <  29
1  > 29
2 <  22
2  > 6
3 <  7
3  > 0
0 <  10
0  > 30
1 <  33
1  > 4
2 <  15
2  > 15
3 <  15
3  > 4
0 <  23
0  > 10
1 <  16
1  > 1
2 <  25
2  > 25
3 <  4
3  > 12
0 <  11
0  > 11
2 <  11 (8)
2 has [2,2,19,21,22,22,27,27,32,32,33], [[11,11,11]]
2  > 33
1 <  33 (8)
1 has [5,9,13,14,15,16,20,22,23,25,27], [[33,33,33]]
1  > 5
2 <  38
2 <  30
2  > 30
3 <  1
3  > 4
0 <  17
0  > 16
1 <  13
1  > 14
2 <  14
2  > 14
3 <  28
3  > 28
0 <  14
0  > 16
1 <  33
1  > 33
2 <  10
2  > 10
3 <  41
3 <  21
3  > 1
0 <  13
0  > 17
1 <  2
1  > 2
2 <  2 (8)
2 has [19,21,22,22,27,27,32,32], [[11,11,11],[2,2,2]]
2  > 19
3 <  8
3  > 24
0 <  24 (6)
0 has [1,5,7,8,13,14,19,25,26,29,31], [[22,23,24]]
0  > 13
1 <  30
1  > 30
2 <  6
2  > 6
3 <  19
3  > 26
0 <  18
0  > 14
1 <  18
1  > 15
3 <  15 (8)
3 has [7,7,8,19,20,20,21,21], [[17,17,17],[15,15,15]]
3  > 8
0 <  8
0  > 5
1 <  30
1  > 30
2 <  23
2  > 27
3 <  9
3  > 9
0 <  12
0  > 12
1 <  0
1  > 0
2 <  1
2  > 1
3 <  3
3  > 3
0 <  0
0  > 8
1 <  16
1  > 13
2 <  5
2  > 5
3 <  32
3  > 32
2 <  32 (8)
2 has [21,22,22,23,27], [[11,11,11],[2,2,2],[32,32,32]]
2  > 27
3 <  37
3 <  7
3  > 7
0 <  24
0  > 1
1 <  26
1  > 13
2 <  21
2  > 21
3 <  25
3  > 25
0 <  28
0  > 28
1 <  18
1  > 16
2 <  8
2  > 8
3 <  4
3  > 4
0 <  28
0  > 28
1 <  39
1 <  24
1  > 9
2 <  14
2  > 14
3 <  3
3  > 3
0 <  13
0  > 0
1 <  31
1  > 16
2 <  23
2  > 23
3 <  9
3  > 9
0 <  24
0  > 13
1 <  3
1  > 3
2 <  12
2  > 12
3 <  11
3  > 11
0 <  0
0  > 0
1 <  5
1  > 5
2 <  31
2  > 31
Hand was a draw.

Restarting hand 3.
this.hand=3; this.draws=1; config.PRNG.seed(1734711125); this.wind=2; this.windOfTheRound=0;
wall: 2,30,7,12,10,28,16,2,19,6,5,19,23,7,10,8,14,4,24,5,32,6,5,11,19,17,17,11,14,33,38,28,27,37,15,29,16,4,39,4,25,18,15,3,6,9,26,9,0,0,31,12,15,30,29,34,17,32,22,4,13,10,11,2,18,31,14,23,6,32,31,8,8,19,3,9,11,0,1,13,28,1,32,2,28,26,33,30,23,20,29,27,18,24,33,23,8,7,7,26,35,24,9,25,17,0,22,27,24,20,25,1,13,25,22,18,12,22,21,29,16,3,26,36,27,15,3,1,16,14,5,20,33,41,30,21,20,13,21,21,40,12,10,31
initial deal
tiles for 0: 2,2,5,6,7,10,12,16,19,19,23,28,30
tiles for 1: 4,5,5,6,7,8,10,11,14,17,19,24,32
tiles for 2: 4,4,11,14,15,16,17,18,25,27,28,29,33
tiles for 3: 0,0,3,6,9,9,12,15,15,26,29,30,31
prepare play
tiles for 0: 2,2,5,6,7,10,12,16,19,19,23,28,30 []
tiles for 1: 4,5,5,6,7,8,10,11,14,17,19,24,32 []
tiles for 2: 4,4,11,14,15,16,17,18,25,27,28,29,33 []
tiles for 3: 0,0,3,6,9,9,12,15,15,26,29,30,31 []
2 <  34
2 <  17
2  > 28
3 <  32
3  > 29
0 <  22
0  > 28
1 <  4
1  > 24
2 <  13
2  > 29
3 <  10
3  > 26
0 <  11
0  > 30
1 <  2
1  > 19
2 <  18
2  > 25
3 <  31
3  > 3
0 <  14
0  > 16
1 <  23
1  > 23
2 <  6
2  > 33
3 <  32
3  > 6
0 <  31
0  > 11
1 <  8
1  > 10
2 <  8
2  > 27
3 <  19
3  > 19
0 <  3
0  > 10
1 <  9
1  > 17
2 <  17 (8)
2 has [4,4,6,8,11,13,14,15,16,18,18], [[17,17,17]]
2  > 11
3 <  11 (6)
3 has [0,0,9,12,15,15,30,31,31,32,32], [[9,10,11]]
3  > 0
0 <  11
0  > 11
1 <  0
1  > 11
2 <  1
2  > 1
3 <  13
3  > 0
0 <  28
0  > 28
1 <  1
1  > 9
2 <  32
2  > 32
3 <  32 (8)
3 has [9,12,13,15,15,30,31,31], [[9,10,11],[32,32,32]]
3  > 9
0 <  2
0  > 12
1 <  28
1  > 32
2 <  26
2  > 26
3 <  33
3  > 30
0 <  30
0  > 30
1 <  23
1  > 28
2 <  20
2  > 6
3 <  29
3  > 29
0 <  27
0  > 14
1 <  18
1  > 14
2 <  14 (4)
2 has [4,4,8,13,14,18,18,20], [[17,17,17],[14,15,16]]
2  > 8
3 <  24
3  > 24
0 <  24 (6)
0 has [2,2,2,3,5,6,7,19,19,27,31], [[22,23,24]]
0  > 5
1 <  33
1  > 18
2 <  18 (8)
2 has [4,4,13,14,20], [[17,17,17],[14,15,16],[18,18,18]]
2  > 20
3 <  23
3  > 23
0 <  8
0  > 27
1 <  7
1  > 23
2 <  7
2  > 7
1 <  7 (8)
1 has [0,1,2,4,4,5,5,6,8,8,33], [[7,7,7]]
1  > 33
2 <  26
2  > 26
3 <  35
3 <  24
3  > 24
0 <  9
0  > 9
1 <  25
1  > 25
2 <  17
2  > 17
3 <  0
3  > 0
0 <  22
0  > 22
1 <  27
1  > 27
2 <  24
2  > 24
3 <  20
3  > 20
0 <  25
0  > 25
1 <  1
1  > 1
2 <  13
2  > 13
3 <  25
3  > 25
0 <  22
0  > 22
1 <  18
1  > 18
2 <  12
Player 2 wins hand 3! (hand took 243ms)
0: -158, hand: 2,2,2,3,6,7,8,19,19,31, [[22,23,24]], ()
1: -164, hand: 0,1,2,4,4,5,5,6,8,8, [[7,7,7]], ()
2: 432, hand: 4,4,12,13,14, [[17,17,17],[14,15,16],[18,18,18]], (38,37,39,34)
3: -110, hand: 12,13,15,15,31,31,33, [[9,10,11],[32,32,32]], (35)

Starting hand 4.
this.hand=4; this.draws=0; config.PRNG.seed(1901600962); this.wind=2; this.windOfTheRound=0;
wall: 22,33,15,12,26,18,31,30,17,13,2,14,12,25,23,31,23,8,11,22,29,5,31,29,0,17,8,13,24,35,40,4,32,31,21,21,6,7,2,1,3,32,9,9,7,33,16,15,16,19,38,28,16,39,33,27,10,5,3,0,24,41,0,12,10,12,34,19,22,7,11,27,36,5,24,1,16,17,8,3,30,22,1,6,2,10,27,15,25,3,23,33,14,30,29,14,4,11,37,19,20,9,27,13,2,30,20,17,8,25,0,18,19,6,18,28,26,5,18,6,10,32,7,4,13,32,11,1,15,4,28,21,26,28,23,14,21,20,20,9,24,26,25,29
initial deal
tiles for 0: 2,12,12,13,14,15,17,18,22,26,30,31,33
tiles for 1: 0,5,8,11,17,22,23,23,25,29,29,31,31
tiles for 2: 1,2,3,4,6,7,8,13,21,21,24,31,32
tiles for 3: 7,9,9,15,16,16,16,19,27,28,32,33,33
prepare play
tiles for 0: 2,12,12,13,14,15,17,18,22,26,30,31,33 []
tiles for 1: 0,5,8,11,17,22,23,23,25,29,29,31,31 []
tiles for 2: 1,2,3,4,6,7,8,13,21,21,24,31,32 []
tiles for 3: 7,9,9,15,16,16,16,19,27,28,32,33,33 []
2 <  10
2  > 13
3 <  5
3  > 28
0 <  3
0  > 30
1 <  0
1  > 17
2 <  24
2  > 10
3 <  41
3 <  0
3  > 19
0 <  12
0  > 3
1 <  10
1  > 10
2 <  12
2  > 12
3 <  34
3 <  19
3  > 19
0 <  22
0  > 2
1 <  7
1  > 11
2 <  11
2  > 11
3 <  27
3  > 5
0 <  36
0 <  5
0  > 5
1 <  24
1  > 7
2 <  1
2  > 31
1 <  31 (8)
1 has [0,0,5,8,22,23,23,24,25,29,29], [[31,31,31]]
1  > 0
2 <  16
2  > 16
3 <  16 (16)
3 has [0,7,9,9,15,27,27,32,33,33], [[16,16,16,16]]
3 <  17
3  > 17
0 <  8
0  > 31
1 <  3
1  > 0
2 <  30
2  > 30
3 <  22
3  > 22
0 <  1
0  > 8
1 <  6
1  > 3
2 <  2
2  > 32
3 <  10
3  > 7
0 <  27
0  > 1
2 <  1 (8)
2 has [2,2,3,4,6,7,8,21,21,24,24], [[1,1,1]]
2  > 7
3 <  15
3  > 0
0 <  25
0  > 18
1 <  3
1  > 8
2 <  23
2  > 8
3 <  33
3  > 32
0 <  14
0  > 14
1 <  30
1  > 30
2 <  29
2  > 29
1 <  29 (8)
1 has [3,5,6,22,23,23,24,25], [[31,31,31],[29,29,29]]
1  > 6
2 <  14
2  > 14
3 <  4
3  > 4
0 <  11
0  > 13
1 <  37
1 <  19
1  > 5
2 <  5 (6)
2 has [2,2,6,21,21,23,24,24], [[1,1,1],[3,4,5]]
2  > 6
3 <  20
3  > 20
0 <  9
0  > 9
3 <  9 (8)
3 has [10,15,15,27,27,33,33,33], [[16,16,16,16],[9,9,9]]
3  > 10
0 <  27
0  > 17
1 <  13
1  > 13
2 <  2
2  > 23
1 <  23 (8)
1 has [3,19,22,24,25], [[31,31,31],[29,29,29],[23,23,23]]
1  > 3
2 <  30
2  > 30
3 <  20
3  > 20
0 <  17
0  > 12
1 <  8
1  > 8
2 <  25
2  > 25
3 <  0
3  > 0
0 <  18
0  > 18
1 <  19
1  > 19
2 <  6
2  > 6
3 <  18
3  > 18
0 <  28
0  > 28
1 <  26
1  > 19
2 <  5
2  > 5
3 <  18
3  > 18
0 <  6
0  > 6
1 <  10
1  > 10
2 <  32
2  > 32
3 <  7
3  > 7
0 <  4
0  > 4
1 <  13
1  > 13
2 <  32
2  > 32
3 <  11
3  > 11
0 <  1
0  > 1
Hand was a draw.

Restarting hand 4.
this.hand=4; this.draws=1; config.PRNG.seed(258265793); this.wind=2; this.windOfTheRound=0;
wall: 6,23,3,4,8,26,17,31,33,39,25,1,11,11,16,3,27,27,14,2,8,28,4,22,40,21,30,20,12,29,29,21,12,11,26,0,28,38,9,8,32,17,1,18,21,32,19,19,18,8,27,16,30,13,11,26,6,31,24,7,13,9,29,15,5,10,2,3,24,27,30,10,25,16,9,12,37,14,19,2,13,24,4,15,0,6,1,9,5,33,4,29,0,15,33,18,41,28,28,20,22,7,31,23,13,10,26,20,12,17,23,32,6,36,7,14,24,33,20,3,14,2,25,31,23,5,21,18,7,5,16,25,17,0,22,10,15,30,35,19,32,1,34,22
initial deal
tiles for 0: 1,3,4,6,8,11,11,17,23,25,26,31,33
tiles for 1: 2,3,4,8,14,16,20,21,22,27,27,28,30
tiles for 2: 0,8,9,11,12,12,17,21,26,28,29,29,32
tiles for 3: 1,8,11,13,16,18,18,19,19,21,27,30,32
prepare play
tiles for 0: 1,3,4,6,8,11,11,17,23,25,26,31,33 []
tiles for 1: 2,3,4,8,14,16,20,21,22,27,27,28,30 []
tiles for 2: 0,8,9,11,12,12,17,21,26,28,29,29,32 []
tiles for 3: 1,8,11,13,16,18,18,19,19,21,27,30,32 []
2 <  26
2  > 28
3 <  6
3  > 1
0 <  31
0  > 17
1 <  24
1  > 30
2 <  7
2  > 0
3 <  13
3  > 6
0 <  9
0  > 9
1 <  29
1  > 29
2 <  29 (8)
2 has [7,8,9,11,12,12,17,21,26,26,32], [[29,29,29]]
2  > 17
3 <  15
3  > 8
0 <  5
0  > 11
1 <  10
1  > 16
2 <  2
2  > 2
3 <  3
3  > 3
0 <  24
0  > 11
1 <  27
1  > 10
2 <  10 (5)
2 has [7,8,12,12,21,26,26,32], [[29,29,29],[9,10,11]]
2  > 21
3 <  30
3  > 19
0 <  10
0  > 10
1 <  25
1  > 14
2 <  16
2  > 16
3 <  9
3  > 18
0 <  12
0  > 12
2 <  12 (8)
2 has [7,8,26,26,32], [[29,29,29],[9,10,11],[12,12,12]]
2  > 32
3 <  37
3 <  14
3  > 19
0 <  19
0  > 19
1 <  2
1  > 2
2 <  13
2  > 13
3 <  13 (8)
3 has [9,11,14,15,16,18,21,27,30,30,32], [[13,13,13]]
3  > 21
0 <  24
0  > 5
1 <  4
1  > 4
2 <  15
2  > 15
3 <  0
3  > 18
0 <  6
0  > 8
1 <  1
1  > 4
2 <  9
2  > 9
3 <  5
3  > 0
0 <  33
0  > 1
1 <  4
1  > 4
2 <  29
2  > 29
3 <  0
3  > 0
0 <  15
0  > 15
1 <  33
1  > 2
2 <  18
2  > 18
3 <  41
3 <  28
3  > 28
0 <  28
0  > 28
1 <  20
1  > 28
2 <  22
2  > 22
3 <  7
3  > 32
0 <  31
0  > 3
1 <  23
1  > 8
2 <  13
2  > 13
3 <  10
3  > 27
1 <  27 (16)
1 has [1,3,20,20,21,22,23,24,25,33], [[27,27,27,27]]
1 <  26
1  > 33
0 <  33 (8)
0 has [4,6,6,23,24,24,25,26,31,31,31], [[33,33,33]]
0  > 4
1 <  20
1  > 20
2 <  12
2  > 12
3 <  17
3  > 17
0 <  23
0  > 23
1 <  32
1  > 32
2 <  6
Player 2 wins hand 4! (hand took 233ms)
0: 20, hand: 6,6,23,24,24,25,26,31,31,31, [[33,33,33]], (39)
1: -52, hand: 1,3,20,20,21,22,23,24,25,26, [[27,27,27,27]], (40)
2: 132, hand: 6,7,8,26,26, [[29,29,29],[9,10,11],[12,12,12]], (38)
3: -100, hand: 5,7,9,10,11,14,15,16,30,30, [[13,13,13]], (37,41)

Starting hand 5.
this.hand=5; this.draws=0; config.PRNG.seed(687287159); this.wind=2; this.windOfTheRound=0;
wall: 36,0,30,20,1,16,22,18,25,40,11,31,34,19,4,41,29,6,12,5,9,17,15,12,31,10,2,15,15,14,19,6,23,11,0,9,39,29,22,8,19,10,6,8,3,38,28,30,5,18,2,7,0,1,32,33,33,26,14,20,29,35,20,1,13,26,32,4,2,20,24,9,13,1,25,3,17,17,7,5,27,13,10,5,31,19,12,33,24,7,32,3,17,21,8,2,9,26,23,28,22,16,14,4,16,18,28,27,31,32,30,21,24,37,29,7,16,27,33,14,24,21,26,3,11,21,15,25,23,4,8,27,30,12,13,18,22,23,6,25,10,11,28,0
initial deal
tiles for 0: 0,1,4,11,16,18,19,20,22,25,29,30,31
tiles for 1: 2,5,6,9,10,12,12,14,15,15,15,17,31
tiles for 2: 0,6,6,8,8,9,10,11,19,19,22,23,29
tiles for 3: 0,1,2,3,5,7,18,26,28,30,32,33,33
prepare play
tiles for 0: 0,1,4,11,16,18,19,20,22,25,29,30,31 []
tiles for 1: 2,5,6,9,10,12,12,14,15,15,15,17,31 []
tiles for 2: 0,6,6,8,8,9,10,11,19,19,22,23,29 []
tiles for 3: 0,1,2,3,5,7,18,26,28,30,32,33,33 []
2 <  14
2  > 29
3 <  20
3  > 28
0 <  29
0  > 30
1 <  35
1 <  20
1  > 5
2 <  1
2  > 14
3 <  13
3  > 20
0 <  26
0  > 16
1 <  32
1  > 6
2 <  6 (8)
2 has [0,1,8,8,9,10,11,19,19,22,23], [[6,6,6]]
2  > 22
3 <  4
3  > 18
0 <  18 (4)
0 has [0,1,4,11,18,22,25,26,29,29,31], [[18,19,20]]
0  > 11
1 <  2
1  > 2
2 <  2 (6)
2 has [8,8,9,10,11,19,19,23], [[6,6,6],[0,1,2]]
2  > 23
3 <  20
3  > 26
0 <  24
0  > 1
1 <  9
1  > 2
2 <  13
2  > 13
3 <  1
3  > 20
0 <  25
0  > 0
1 <  3
1  > 3
2 <  17
2  > 17
3 <  17
3  > 13
0 <  7
0  > 7
1 <  5
1  > 5
2 <  27
2  > 27
3 <  13
3  > 13
0 <  10
0  > 10
1 <  5
1  > 5
2 <  31
2  > 31
3 <  19
3  > 17
0 <  12
0  > 4
1 <  33
1  > 20
2 <  24
2  > 24
3 <  7
3  > 19
2 <  19 (32)
2 has [8,8,9,10,11], [[6,6,6],[0,1,2],[19,19,19]!]
Player 2 wins hand 5! (hand took 119ms)
0: 22, hand: 12,18,22,24,25,25,26,29,29,31, [[18,19,20]], (36,40,34,41)
1: -62, hand: 9,9,10,12,12,14,15,15,15,17,31,32,33, [], (35)
2: 108, hand: 8,8,9,10,11, [[6,6,6],[0,1,2],[19,19,19]!], (39)
3: -68, hand: 0,1,1,2,3,4,5,7,7,30,32,33,33, [], (38)

Starting hand 6.
this.hand=6; this.draws=0; config.PRNG.seed(563352173); this.wind=2; this.windOfTheRound=0;
wall: 0,10,27,33,27,25,8,26,14,3,33,28,27,17,4,36,31,32,2,4,25,19,15,20,1,20,8,18,23,11,40,26,6,33,26,8,30,29,22,6,4,9,19,25,12,17,39,15,19,27,28,23,17,13,32,25,22,12,31,0,12,13,10,16,1,16,24,28,20,0,15,5,0,11,9,21,24,9,8,12,35,29,41,24,7,20,34,4,21,11,21,22,14,22,24,28,30,1,32,2,21,3,5,31,14,11,18,5,10,30,15,14,1,18,10,29,5,31,17,23,7,26,19,18,3,16,9,32,16,37,38,7,2,7,30,29,6,23,33,13,6,13,2,3
initial deal
tiles for 0: 0,3,8,10,14,25,26,27,27,27,28,33,33
tiles for 1: 1,2,4,4,8,15,17,19,20,20,25,31,32
tiles for 2: 4,6,6,8,11,18,22,23,26,26,29,30,33
tiles for 3: 9,12,13,15,17,17,19,19,23,25,27,28,32
prepare play
tiles for 0: 0,3,8,10,14,25,26,27,27,27,28,33,33 []
tiles for 1: 1,2,4,4,8,15,17,19,20,20,25,31,32 []
tiles for 2: 4,6,6,8,11,18,22,23,26,26,29,30,33 []
tiles for 3: 9,12,13,15,17,17,19,19,23,25,27,28,32 []
2 <  25
2  > 29
3 <  22
3  > 28
0 <  12
0  > 28
1 <  31
1  > 15
2 <  0
2  > 30
3 <  12
3  > 25
0 <  13
0  > 3
1 <  10
1  > 10
2 <  16
2  > 16
3 <  16 (5)
3 has [9,12,12,13,17,19,19,22,23,27,32], [[15,16,17]]
3  > 19
0 <  1
0  > 1
1 <  16
1  > 17
2 <  24
2  > 0
3 <  28
3  > 28
0 <  20
0  > 0
1 <  0
1  > 16
2 <  15
2  > 11
3 <  11 (4)
3 has [9,12,17,19,22,23,27,32], [[15,16,17],[11,12,13]]
3  > 22
0 <  5
0  > 5
1 <  0
1  > 25
2 <  11
2  > 11
3 <  9
3  > 23
0 <  21
0  > 8
1 <  24
1  > 24
2 <  24 (4)
2 has [4,6,6,8,15,18,22,23,24,26,33], [[24,25,26]]
2  > 15
3 <  9
3  > 9
0 <  8
0  > 8
1 <  12
1  > 12
2 <  35
2 <  29
2  > 29
3 <  41
3 <  24
3  > 24
0 <  24 (4)
0 has [10,12,13,14,20,21,27,27,27,33,33], [[24,25,26]]
0  > 27
1 <  7
1  > 7
2 <  7 (5)
2 has [4,6,18,22,23,24,26,33], [[24,25,26],[6,7,8]]
2  > 18
3 <  20
3  > 19
0 <  19 (4)
0 has [10,12,13,14,27,27,33,33], [[24,25,26],[19,20,21]]
0  > 12
1 <  34
1 <  4
1  > 8
2 <  21
2  > 26
3 <  11
3  > 20
0 <  21
0  > 21
1 <  21 (6)
1 has [0,0,1,2,4,4,4,20,31,31,32], [[19,20,21]]
1  > 20
2 <  22
2  > 33
0 <  33 (8)
0 has [10,13,14,27,27], [[24,25,26],[19,20,21],[33,33,33]]
0  > 14
1 <  14
1  > 14
2 <  22
2  > 4
3 <  24
3  > 24
0 <  28
0  > 28
1 <  30
1  > 30
2 <  1
2  > 6
3 <  32
3  > 17
0 <  2
0  > 2
1 <  21
1  > 21
2 <  3
2  > 3
3 <  5
3  > 5
0 <  31
0  > 13
1 <  14
1  > 14
2 <  11
2  > 11
3 <  18
3  > 18
0 <  5
0  > 5
1 <  10
1  > 10
2 <  30
2  > 1
3 <  15
3  > 15
0 <  14
0  > 14
1 <  1
1  > 32
3 <  32 (8)
3 has [9,9,11,12,27], [[15,16,17],[11,12,13],[32,32,32]]
3  > 27
0 <  27 (8)
0 has [10,31], [[24,25,26],[19,20,21],[33,33,33],[27,27,27]]
0  > 10
3 <  10 (32)
3 has [9,9], [[15,16,17],[11,12,13],[32,32,32],[10,11,12]!]
Player 3 wins hand 6! (hand took 238ms)
0: -50, hand: 31, [[24,25,26],[19,20,21],[33,33,33],[27,27,27]], ()
1: -104, hand: 0,0,1,1,2,4,4,4,31,31, [[19,20,21]], (36,34)
2: -198, hand: 21,22,22,22,23,24,30, [[24,25,26],[6,7,8]], (40,35)
3: 352, hand: 9,9, [[15,16,17],[11,12,13],[32,32,32],[10,11,12]!], (39,41)

Starting hand 7.
this.hand=7; this.draws=0; config.PRNG.seed(258571721); this.wind=3; this.windOfTheRound=0;
wall: 29,2,12,34,32,23,19,22,3,0,25,0,22,15,39,18,7,3,30,22,28,23,24,5,16,22,8,1,24,9,15,23,4,41,31,4,6,17,17,18,13,31,5,10,14,20,11,16,27,31,24,19,4,12,40,15,1,26,10,21,38,21,9,17,30,7,33,6,28,9,29,12,33,20,5,1,6,19,16,19,0,31,11,5,12,2,28,21,8,2,7,9,1,6,23,32,4,14,13,16,25,11,30,20,10,13,7,27,10,25,27,14,18,8,26,2,24,29,30,21,36,35,37,13,33,27,14,11,28,26,3,15,20,26,29,32,17,33,3,18,25,8,32,0
initial deal
tiles for 0: 0,0,2,3,12,15,19,22,22,23,25,29,32
tiles for 1: 1,3,5,7,8,16,18,22,22,23,24,28,30
tiles for 2: 4,4,6,9,13,15,17,17,18,23,24,31,31
tiles for 3: 4,5,10,11,12,14,15,16,19,20,24,27,31
prepare play
tiles for 0: 0,0,2,3,12,15,19,22,22,23,25,29,32 []
tiles for 1: 1,3,5,7,8,16,18,22,22,23,24,28,30 []
tiles for 2: 4,4,6,9,13,15,17,17,18,23,24,31,31 []
tiles for 3: 4,5,10,11,12,14,15,16,19,20,24,27,31 []
3 <  1
3  > 4
2 <  4 (8)
2 has [6,9,13,15,17,17,18,23,24,31,31], [[4,4,4]]
2  > 9
3 <  26
3  > 1
0 <  10
0  > 29
1 <  21
1  > 30
2 <  38
2 <  21
2  > 6
3 <  9
3  > 5
0 <  17
0  > 12
1 <  30
1  > 28
2 <  7
2  > 7
3 <  33
3  > 24
0 <  24 (6)
0 has [0,0,2,3,10,15,17,19,22,25,32], [[22,23,24]]
0  > 17
2 <  17 (8)
2 has [13,15,18,21,23,24,31,31], [[4,4,4],[17,17,17]]
2  > 18
3 <  6
3  > 6
0 <  28
0  > 28
1 <  9
1  > 30
2 <  29
2  > 29
3 <  12
3  > 19
0 <  33
0  > 15
1 <  20
1  > 16
2 <  5
2  > 5
3 <  1
3  > 1
0 <  6
0  > 10
1 <  19
1  > 9
2 <  16
2  > 13
3 <  13 (6)
3 has [9,10,12,14,15,16,20,26,27,31,33], [[11,12,13]]
3  > 26
0 <  19
0  > 3
1 <  0
1  > 5
2 <  31
2  > 21
3 <  11
3  > 20
0 <  5
0  > 5
1 <  12
1  > 12
2 <  2
2  > 2
3 <  28
3  > 28
0 <  21
0  > 2
1 <  8
1  > 0
2 <  2
2  > 2
3 <  7
3  > 7
0 <  9
0  > 9
1 <  1
1  > 1
2 <  6
2  > 6
3 <  23
3  > 23
0 <  23 (6)
0 has [0,0,6,19,19,25,32,33], [[22,23,24],[21,22,23]]
0  > 25
1 <  25 (6)
1 has [1,3,7,8,8,18,19,20,21,22,22], [[23,24,25]]
1  > 1
2 <  32
2  > 32
3 <  4
3  > 4
0 <  14
0  > 14
1 <  13
1  > 13
2 <  16
2  > 15
3 <  25
3  > 25
2 <  25 (32)
2 has [16,16,31,31,31], [[4,4,4],[17,17,17],[23,24,25]!]
Player 2 wins hand 7! (hand took 189ms)
0: -64, hand: 0,0,6,19,19,32,33, [[22,23,24],[21,22,23]], (34)
1: -64, hand: 3,7,8,8,18,19,20,21,22,22, [[23,24,25]], (39)
2: 256, hand: 16,16,31,31,31, [[4,4,4],[17,17,17],[23,24,25]!], (41,38)
3: -128, hand: 9,10,11,12,14,15,16,27,31,33, [[11,12,13]], (40)

Starting hand 8.
this.hand=8; this.draws=0; config.PRNG.seed(1424660202); this.wind=0; this.windOfTheRound=1;
wall: 30,16,34,15,9,20,27,27,5,32,25,8,18,37,7,24,12,3,28,16,31,16,40,2,21,33,17,27,3,28,33,24,36,24,15,23,25,26,14,19,17,29,0,4,6,22,8,31,9,8,10,12,29,14,41,4,19,32,0,15,1,18,30,18,11,11,20,11,9,16,10,26,6,29,26,6,7,10,9,20,27,7,1,26,11,29,2,32,8,21,19,2,17,12,24,5,19,12,30,35,14,30,14,25,13,31,5,22,23,3,3,23,4,13,28,5,38,6,39,13,33,1,22,0,22,21,0,1,2,4,31,25,10,32,20,28,7,18,23,33,15,21,17,13
initial deal
tiles for 0: 5,7,8,9,15,16,18,20,25,27,27,30,32
tiles for 1: 2,3,3,12,16,16,17,21,24,27,28,31,33
tiles for 2: 0,14,15,17,19,23,24,24,25,26,28,29,33
tiles for 3: 4,4,6,8,8,9,10,12,14,19,22,29,31
prepare play
tiles for 0: 5,7,8,9,15,16,18,20,25,27,27,30,32 []
tiles for 1: 2,3,3,12,16,16,17,21,24,27,28,31,33 []
tiles for 2: 0,14,15,17,19,23,24,24,25,26,28,29,33 []
tiles for 3: 4,4,6,8,8,9,10,12,14,19,22,29,31 []
0 <  32
0  > 30
1 <  0
1  > 27
0 <  27 (8)
0 has [5,7,8,9,15,16,18,20,25,32,32], [[27,27,27]]
0  > 7
1 <  15
1  > 2
2 <  1
2  > 19
3 <  18
3  > 29
0 <  30
0  > 30
1 <  18
1  > 0
2 <  11
2  > 11
3 <  11 (6)
3 has [4,4,6,8,8,12,14,18,19,22,31], [[9,10,11]]
3  > 22
0 <  11
0  > 8
1 <  20
1  > 3
2 <  11
2  > 11
3 <  9
3  > 19
0 <  16
0  > 5
1 <  10
1  > 3
2 <  26
2  > 29
3 <  6
3  > 18
0 <  29
0  > 29
1 <  26
1  > 17
2 <  6
2  > 6
3 <  7
3  > 9
0 <  10
0  > 25
1 <  25 (5)
1 has [10,12,15,16,16,18,20,21,28,31,33], [[24,25,26]]
1  > 12
2 <  9
2  > 9
3 <  20
3  > 20
0 <  27
0  > 27
1 <  7
1  > 7
2 <  1
2  > 28
3 <  26
3  > 26
2 <  26 (8)
2 has [0,1,1,14,15,17,23,24,24,25,33], [[26,26,26]]
2  > 33
3 <  11
3  > 7
0 <  29
0  > 29
1 <  2
1  > 2
2 <  2 (6)
2 has [1,14,15,17,23,24,24,25], [[26,26,26],[0,1,2]]
2  > 1
3 <  32
3  > 6
0 <  8
0  > 8
1 <  21
1  > 15
2 <  19
2  > 19
3 <  2
3  > 4
0 <  17
0  > 15
1 <  12
1  > 12
2 <  24
2  > 17
3 <  5
3  > 6
0 <  19
0  > 10
1 <  12
1  > 16
2 <  16 (32)
2 has [23,24,24,24,25], [[26,26,26],[0,1,2],[14,15,16]!]
Player 2 wins hand 8! (hand took 166ms)
0: 60, hand: 9,11,16,16,17,18,19,20,32,32, [[27,27,27]], (34,37)
1: -66, hand: 10,12,16,18,20,21,21,28,31,33, [[24,25,26]], (40)
2: 72, hand: 23,24,24,24,25, [[26,26,26],[0,1,2],[14,15,16]!], (36)
3: -66, hand: 2,4,5,8,8,11,12,14,31,32, [[9,10,11]], (41)

Starting hand 9.
this.hand=9; this.draws=0; config.PRNG.seed(1583260531); this.wind=1; this.windOfTheRound=1;
wall: 26,10,25,26,29,21,6,15,32,8,21,7,19,11,33,22,1,27,16,3,22,5,15,3,24,30,13,6,26,29,1,4,17,27,2,23,33,29,8,18,33,28,25,18,24,27,25,24,14,23,2,36,18,37,30,12,28,27,10,28,19,6,9,17,31,15,15,17,28,40,6,7,9,32,19,31,21,23,12,31,23,14,16,4,24,9,5,22,2,12,3,38,41,25,13,8,17,20,4,19,30,13,7,0,10,16,30,1,11,35,10,11,1,0,9,0,14,20,39,31,20,11,2,5,33,0,3,21,18,4,5,29,22,12,32,20,8,14,32,26,7,34,16,13
initial deal
tiles for 0: 6,7,8,10,15,19,21,21,25,26,26,29,32
tiles for 1: 1,3,3,5,11,15,16,22,22,24,27,30,33
tiles for 2: 1,2,4,6,8,13,17,23,26,27,29,29,33
tiles for 3: 2,14,18,18,18,23,24,24,25,25,27,28,33
prepare play
tiles for 0: 6,7,8,10,15,19,21,21,25,26,26,29,32 []
tiles for 1: 1,3,3,5,11,15,16,22,22,24,27,30,33 []
tiles for 2: 1,2,4,6,8,13,17,23,26,27,29,29,33 []
tiles for 3: 2,14,18,18,18,23,24,24,25,25,27,28,33 []
1 <  37
1 <  30
1  > 11
2 <  12
2  > 27
3 <  28
3  > 27
0 <  27
0  > 27
1 <  10
1  > 27
2 <  28
2  > 17
3 <  19
3  > 2
0 <  6
0  > 29
2 <  29 (8)
2 has [1,2,4,6,8,12,13,23,26,28,33], [[29,29,29]]
2  > 26
3 <  9
3  > 9
0 <  17
0  > 10
1 <  31
1  > 16
2 <  15
2  > 23
3 <  15
3  > 24
0 <  24 (4)
0 has [6,6,7,8,15,17,19,21,21,26,32], [[24,25,26]]
0  > 17
1 <  17
1  > 17
2 <  28
2  > 33
3 <  40
3 <  6
3  > 6
0 <  7
0  > 15
1 <  9
1  > 15
2 <  32
2  > 32
3 <  19
3  > 24
0 <  31
0  > 26
1 <  21
1  > 10
2 <  23
2  > 23
3 <  12
3  > 23
0 <  31
0  > 8
1 <  23
1  > 9
2 <  14
2  > 4
3 <  16
3  > 19
0 <  4
0  > 7
1 <  24
1  > 5
2 <  9
2  > 9
3 <  5
3  > 5
0 <  22
0  > 7
1 <  2
1  > 2
2 <  12
2  > 8
3 <  3
3  > 3
0 <  38
0 <  41
0 <  25
0  > 4
1 <  13
1  > 13
2 <  13 (4)
2 has [1,2,6,12,12,13,28,28], [[29,29,29],[13,14,15]]
2  > 6
3 <  8
3  > 8
0 <  17
0  > 17
1 <  20
1  > 3
2 <  3 (6)
2 has [12,12,13,28,28], [[29,29,29],[13,14,15],[1,2,3]]
2  > 13
3 <  13 (5)
3 has [15,16,18,18,18,19,25,25,28,28,33], [[12,13,14]]
3  > 25
0 <  4
0  > 6
1 <  19
1  > 3
2 <  30
2  > 30
1 <  30 (8)
1 has [1,19,20,21,22,22,23,24,24,31,33], [[30,30,30]]
1  > 1
2 <  13
2  > 13
3 <  7
3  > 7
0 <  0
0  > 0
1 <  10
1  > 10
2 <  16
2  > 16
3 <  30
3  > 30
0 <  1
0  > 1
1 <  11
1  > 11
2 <  35
2 <  10
2  > 10
3 <  11
3  > 11
0 <  1
0  > 1
1 <  0
1  > 0
2 <  9
2  > 9
3 <  0
3  > 0
0 <  14
0  > 14
1 <  20
1  > 31
0 <  31 (8)
0 has [4,6,19,21,21,22,25,32], [[24,25,26],[31,31,31]]
0  > 25
1 <  25 (6)
1 has [19,20,20,21,22,22,24,33], [[30,30,30],[23,24,25]]
1  > 24
2 <  39
2 <  31
2  > 31
3 <  20
3  > 25
0 <  11
0  > 11
1 <  2
1  > 2
2 <  5
2  > 5
3 <  33
3  > 15
0 <  0
0  > 0
1 <  3
1  > 3
2 <  21
2  > 21
0 <  21 (8)
0 has [4,6,19,22,32], [[24,25,26],[31,31,31],[21,21,21]]
0  > 22
1 <  22 (8)
1 has [19,20,20,21,33], [[30,30,30],[23,24,25],[22,22,22]]
1  > 33
3 <  33 (8)
3 has [16,18,18,18,19,20,28,28], [[12,13,14],[33,33,33]]
3  > 16
Hand was a draw.

Restarting hand 9.
this.hand=9; this.draws=1; config.PRNG.seed(2017930527); this.wind=1; this.windOfTheRound=1;
wall: 9,22,2,28,25,5,30,24,0,14,18,31,14,1,25,12,15,36,28,20,4,27,14,20,13,21,8,32,33,12,31,29,17,21,10,31,1,17,31,22,25,23,26,12,30,10,19,33,37,11,6,19,7,17,3,0,15,1,4,3,32,26,11,13,8,16,7,5,6,3,2,2,20,21,0,29,19,3,13,35,39,15,18,10,23,4,26,2,21,10,34,7,18,22,18,14,26,27,24,29,33,0,8,5,11,16,32,41,6,30,25,12,4,6,22,5,40,24,20,24,38,15,7,29,9,16,8,19,28,23,9,28,33,9,16,27,1,11,32,17,27,30,13,23
initial deal
tiles for 0: 0,2,5,9,14,14,18,22,24,25,28,30,31
tiles for 1: 1,4,8,12,13,14,15,20,20,21,25,27,28
tiles for 2: 1,10,12,17,17,21,22,29,31,31,31,32,33
tiles for 3: 6,7,10,11,12,17,19,19,23,25,26,30,33
prepare play
tiles for 0: 0,2,5,9,14,14,18,22,24,25,28,30,31 []
tiles for 1: 1,4,8,12,13,14,15,20,20,21,25,27,28 []
tiles for 2: 1,10,12,17,17,21,22,29,31,31,31,32,33 []
tiles for 3: 6,7,10,11,12,17,19,19,23,25,26,30,33 []
1 <  3
1  > 14
2 <  0
2  > 29
3 <  15
3  > 30
0 <  1
0  > 30
1 <  4
1  > 13
2 <  3
2  > 33
3 <  32
3  > 6
0 <  26
0  > 14
1 <  11
1  > 15
2 <  13
2  > 32
3 <  8
3  > 8
0 <  16
0  > 14
1 <  7
1  > 11
2 <  11 (5)
2 has [0,1,3,13,17,17,21,22,31,31,31], [[10,11,12]]
2  > 13
3 <  13 (6)
3 has [7,10,15,17,19,19,23,25,26,32,33], [[11,12,13]]
3  > 7
0 <  5
0  > 16
1 <  6
1  > 12
2 <  3
2  > 1
3 <  2
3  > 2
0 <  2
0  > 9
1 <  20
1  > 25
2 <  21
2  > 0
3 <  0
3  > 0
0 <  29
0  > 29
1 <  19
1  > 4
2 <  3
2  > 22
3 <  13
3  > 23
0 <  23 (5)
0 has [0,1,2,2,5,5,18,25,26,28,31], [[22,23,24]]
0  > 18
1 <  35
1 <  39
1 <  15
1  > 15
2 <  18
2  > 18
3 <  10
3  > 25
0 <  23
0  > 1
1 <  4
1  > 8
2 <  26
2  > 26
3 <  2
3  > 2
0 <  21
0  > 5
1 <  10
1  > 10
2 <  34
2 <  7
2  > 7
3 <  18
3  > 26
0 <  22
0  > 2
1 <  18
1  > 7
2 <  14
2  > 14
3 <  14 (5)
3 has [10,10,17,18,19,19,32,33], [[11,12,13],[13,14,15]]
3  > 17
2 <  17 (32)
2 has [3,3,3,21,21,31,31,31], [[10,11,12],[17,17,17]!]
Player 2 wins hand 9! (hand took 166ms)
0: -80, hand: 0,2,5,21,22,23,25,26,28,31, [[22,23,24]], ()
1: -80, hand: 1,3,4,4,6,18,19,20,20,20,21,27,28, [], (36,35,39)
2: 240, hand: 3,3,3,21,21,31,31,31, [[10,11,12],[17,17,17]!], (34)
3: -80, hand: 10,10,18,19,19,32,33, [[11,12,13],[13,14,15]], (37)

Starting hand 10.
this.hand=10; this.draws=0; config.PRNG.seed(1807557872); this.wind=2; this.windOfTheRound=1;
wall: 20,26,2,31,31,26,18,41,10,35,12,24,0,8,4,1,1,10,8,19,15,3,29,28,36,27,31,33,28,5,25,26,1,20,28,8,5,13,27,26,16,0,22,32,12,23,29,28,20,32,16,7,12,33,32,18,6,9,22,1,33,40,14,30,24,11,13,21,14,29,7,24,6,16,29,0,30,3,0,13,30,14,11,19,19,11,19,27,24,23,23,16,12,38,14,10,2,3,2,10,33,21,4,5,25,17,15,34,9,18,3,6,18,7,23,8,7,30,9,37,5,6,27,17,2,17,9,15,11,39,13,20,25,21,22,32,17,22,15,4,21,4,25,31
initial deal
tiles for 0: 0,2,4,8,10,12,18,20,24,26,26,31,31
tiles for 1: 1,1,3,8,10,15,19,27,28,28,29,31,33
tiles for 2: 0,1,5,5,8,13,16,20,25,26,26,27,28
tiles for 3: 7,12,12,16,20,22,23,28,29,32,32,32,33
prepare play
tiles for 0: 0,2,4,8,10,12,18,20,24,26,26,31,31 []
tiles for 1: 1,1,3,8,10,15,19,27,28,28,29,31,33 []
tiles for 2: 0,1,5,5,8,13,16,20,25,26,26,27,28 []
tiles for 3: 7,12,12,16,20,22,23,28,29,32,32,32,33 []
2 <  18
2  > 16
3 <  6
3  > 29
0 <  9
0  > 9
1 <  22
1  > 27
2 <  1
2  > 13
3 <  33
3  > 6
0 <  40
0 <  14
0  > 14
1 <  30
1  > 29
2 <  24
2  > 8
3 <  11
3  > 7
0 <  13
0  > 10
1 <  21
1  > 30
2 <  14
2  > 14
3 <  29
3  > 29
0 <  7
0  > 13
1 <  24
1  > 10
2 <  6
2  > 27
3 <  16
3  > 20
0 <  29
0  > 29
1 <  0
1  > 15
2 <  30
2  > 30
3 <  3
3  > 3
0 <  0
0  > 12
3 <  12 (8)
3 has [11,16,16,22,23,28,32,32,32,33,33], [[12,12,12]]
3  > 23
0 <  13
0  > 13
1 <  30
1  > 30
2 <  14
2  > 14
3 <  11
3  > 22
0 <  19
0  > 4
1 <  19
1  > 3
2 <  11
2  > 11
3 <  11 (8)
3 has [16,16,28,32,32,32,33,33], [[12,12,12],[11,11,11]]
3  > 28
1 <  28 (8)
1 has [0,1,1,8,19,19,21,22,24,31,33], [[28,28,28]]
1  > 1
2 <  1 (8)
2 has [0,5,5,6,18,20,24,25,26,26,28], [[1,1,1]]
2  > 28
3 <  19
3  > 19
1 <  19 (8)
1 has [0,1,8,21,22,24,31,33], [[28,28,28],[19,19,19]]
1  > 0
2 <  27
2  > 0
3 <  24
3  > 24
0 <  23
0  > 0
1 <  23
1  > 1
2 <  16
2  > 16
3 <  16 (32)
3 has [32,32,32,33,33], [[12,12,12],[11,11,11],[16,16,16]!]
Player 3 wins hand 10! (hand took 155ms)
0: -222, hand: 0,2,7,8,18,19,20,23,24,26,26,31,31, [], (41,35,40)
1: -144, hand: 8,21,22,23,24,31,33, [[28,28,28],[19,19,19]], (36)
2: -466, hand: 5,5,6,18,20,24,25,26,26,27, [[1,1,1]], ()
3: 832, hand: 32,32,32,33,33, [[12,12,12],[11,11,11],[16,16,16]!], ()

Starting hand 11.
this.hand=11; this.draws=0; config.PRNG.seed(682874252); this.wind=3; this.windOfTheRound=1;
wall: 27,31,28,9,4,14,14,5,2,24,11,11,23,17,6,13,24,25,3,35,8,4,31,21,29,23,40,3,26,33,30,0,8,10,19,27,20,16,18,5,31,11,22,9,25,36,28,29,13,22,11,0,9,33,1,32,0,1,15,26,10,22,2,8,33,6,12,7,7,17,22,41,15,20,32,20,13,30,26,13,2,10,23,24,21,18,6,21,7,14,21,14,34,1,4,7,37,33,19,26,30,3,23,0,24,17,30,18,15,32,8,29,20,5,12,25,10,1,6,31,5,4,27,2,39,32,25,28,3,19,38,16,19,9,18,17,28,16,12,29,15,27,16,12
initial deal
tiles for 0: 2,4,5,9,11,11,14,14,23,24,27,28,31
tiles for 1: 3,3,4,6,8,13,17,21,23,24,25,29,31
tiles for 2: 0,5,8,10,16,18,19,20,26,27,30,31,33
tiles for 3: 0,1,9,9,11,11,13,22,22,25,28,29,33
prepare play
tiles for 0: 2,4,5,9,11,11,14,14,23,24,27,28,31 []
tiles for 1: 3,3,4,6,8,13,17,21,23,24,25,29,31 []
tiles for 2: 0,5,8,10,16,18,19,20,26,27,30,31,33 []
tiles for 3: 0,1,9,9,11,11,13,22,22,25,28,29,33 []
3 <  32
3  > 29
0 <  0
0  > 27
1 <  1
1  > 13
2 <  15
2  > 27
3 <  26
3  > 0
0 <  10
0  > 2
1 <  22
1  > 17
2 <  17 (6)
2 has [0,5,8,10,18,19,20,26,30,31,33], [[15,16,17]]
2  > 30
3 <  2
3  > 1
0 <  8
0  > 0
1 <  33
1  > 3
2 <  6
2  > 26
3 <  12
3  > 2
0 <  7
0  > 7
1 <  7
1  > 4
2 <  4 (4)
2 has [0,8,10,18,19,20,31,33], [[15,16,17],[4,5,6]]
2  > 8
3 <  17
3  > 22
0 <  22 (4)
0 has [4,5,8,9,10,11,11,14,14,28,31], [[22,23,24]]
0  > 4
1 <  22
1  > 6
2 <  41
2 <  15
2  > 0
3 <  20
3  > 26
0 <  32
0  > 5
1 <  20
1  > 8
2 <  13
2  > 10
3 <  10 (5)
3 has [9,11,12,13,17,20,22,25,28,32,33], [[9,10,11]]
3  > 20
0 <  30
0  > 8
1 <  26
1  > 1
2 <  13
2  > 33
3 <  2
3  > 2
0 <  10
0  > 14
1 <  23
1  > 7
2 <  24
2  > 24
3 <  21
3  > 25
0 <  18
0  > 18
1 <  6
1  > 3
2 <  21
2  > 31
3 <  7
3  > 7
0 <  14
0  > 14
1 <  21
1  > 6
2 <  14
2  > 14
3 <  14 (6)
3 has [9,11,17,21,22,28,32,33], [[9,10,11],[12,13,14]]
3  > 21
0 <  34
0 <  1
0  > 1
1 <  4
1  > 4
2 <  7
2  > 7
3 <  37
3 <  33
3  > 22
0 <  19
0  > 19
1 <  26
1  > 29
2 <  30
2  > 30
3 <  3
3  > 3
0 <  23
0  > 23
1 <  0
1  > 0
2 <  24
2  > 24
3 <  17
3  > 28
0 <  30
0  > 10
1 <  18
1  > 31
2 <  15
2  > 13
3 <  32
3  > 11
0 <  8
0  > 8
1 <  29
1  > 33
3 <  33 (8)
3 has [9,17,17,32,32], [[9,10,11],[12,13,14],[33,33,33]]
3  > 9
0 <  20
0  > 20
1 <  5
1  > 5
2 <  12
2  > 12
3 <  25
3  > 25
0 <  10
0  > 14
1 <  1
1  > 1
2 <  6
2  > 6
3 <  31
3  > 31
0 <  5
0  > 31
1 <  4
1  > 4
2 <  27
2  > 27
3 <  2
3  > 2
0 <  39
0 <  32
0  > 5
1 <  25
1  > 29
2 <  28
2  > 13
Hand was a draw.

Restarting hand 11.
this.hand=11; this.draws=1; config.PRNG.seed(106095744); this.wind=3; this.windOfTheRound=1;
wall: 15,4,17,39,27,9,12,28,15,27,33,29,24,12,33,14,0,11,1,30,8,23,16,21,10,29,2,16,5,13,7,11,19,27,25,24,7,6,2,9,17,21,25,14,31,18,13,2,8,0,28,4,25,32,3,9,27,9,41,19,28,24,0,32,34,29,32,40,29,1,26,38,25,16,15,10,2,33,24,22,14,3,6,18,23,1,11,18,30,12,15,10,22,8,11,5,35,21,26,4,6,12,26,0,20,5,17,23,8,13,20,13,37,6,30,18,19,23,5,28,3,21,26,3,10,19,31,4,7,31,31,14,36,16,17,20,33,20,22,30,22,7,1,32
initial deal
tiles for 0: 4,9,12,12,15,15,17,24,27,27,28,29,33
tiles for 1: 0,1,2,8,10,11,14,16,21,23,29,30,33
tiles for 2: 2,5,6,7,7,9,11,13,16,19,24,25,27
tiles for 3: 0,2,4,8,13,14,17,18,21,25,25,28,31
prepare play
tiles for 0: 4,9,12,12,15,15,17,24,27,27,28,29,33 []
tiles for 1: 0,1,2,8,10,11,14,16,21,23,29,30,33 []
tiles for 2: 2,5,6,7,7,9,11,13,16,19,24,25,27 []
tiles for 3: 0,2,4,8,13,14,17,18,21,25,25,28,31 []
3 <  32
3  > 21
0 <  3
0  > 29
1 <  9
1  > 30
2 <  27
2  > 19
3 <  9
3  > 25
0 <  41
0 <  19
0  > 4
1 <  28
1  > 0
2 <  24
2  > 2
3 <  0
3  > 18
0 <  32
0  > 3
1 <  34
1 <  29
1  > 8
2 <  8 (6)
2 has [5,7,9,11,13,16,24,24,25,27,27], [[6,7,8]]
2  > 16
3 <  32
3  > 25
0 <  40
0 <  29
0  > 29
1 <  29 (8)
1 has [1,2,9,10,11,14,16,21,23,28,33], [[29,29,29]]
1  > 1
2 <  1
2  > 1
3 <  26
3  > 26
0 <  38
0 <  25
0  > 19
1 <  16
1  > 2
2 <  15
2  > 9
3 <  10
3  > 17
0 <  2
0  > 2
1 <  33
1  > 10
2 <  24
2  > 5
3 <  22
3  > 22
0 <  14
0  > 15
1 <  3
1  > 3
2 <  6
2  > 15
3 <  15 (6)
3 has [0,0,2,4,8,9,10,28,31,32,32], [[13,14,15]]
3  > 8
0 <  18
0  > 18
1 <  23
1  > 16
2 <  1
2  > 1
3 <  11
3  > 0
0 <  18
0  > 18
1 <  30
1  > 30
2 <  12
2  > 6
3 <  15
3  > 0
0 <  10
0  > 17
1 <  22
1  > 16
2 <  8
2  > 25
3 <  11
3  > 2
0 <  5
0  > 5
1 <  35
1 <  21
1  > 14
2 <  26
2  > 26
3 <  4
3  > 15
0 <  6
0  > 6
2 <  6 (32)
2 has [11,12,13,24,24,24,27,27], [[6,7,8],[6,7,8]!]
Player 2 wins hand 11! (hand took 186ms)
0: 84, hand: 9,10,12,12,14,15,24,25,27,27,28,32,33, [], (39,41,40,38)
1: -24, hand: 9,11,21,21,22,23,23,28,33,33, [[29,29,29]], (34,35)
2: 56, hand: 11,12,13,24,24,24,27,27, [[6,7,8],[6,7,8]!], ()
3: -116, hand: 4,4,9,10,11,11,28,31,32,32, [[13,14,15]], ()

Starting hand 12.
this.hand=12; this.draws=0; config.PRNG.seed(2143621292); this.wind=0; this.windOfTheRound=2;
wall: 9,18,0,20,13,26,40,32,18,31,17,14,18,33,26,12,15,23,22,8,35,38,15,33,10,1,31,8,5,2,2,11,16,28,28,24,4,24,4,15,19,39,37,11,34,10,0,41,7,32,8,14,28,27,14,12,23,32,9,9,17,2,25,7,22,25,29,21,3,20,33,23,31,20,4,17,23,19,15,19,30,25,6,0,13,14,12,12,21,26,16,9,3,3,31,27,6,20,11,5,3,4,25,16,28,29,1,27,36,7,13,17,8,21,30,7,21,22,27,29,5,2,10,30,22,11,1,26,16,24,5,30,33,6,0,13,10,24,29,18,19,32,1,6
initial deal
tiles for 0: 0,9,13,14,17,18,18,18,20,26,31,32,33
tiles for 1: 1,5,8,8,10,12,15,15,22,23,26,31,33
tiles for 2: 2,2,4,4,11,11,15,16,19,24,24,28,28
tiles for 3: 0,7,8,9,10,12,14,14,23,27,28,32,32
prepare play
tiles for 0: 0,9,13,14,17,18,18,18,20,26,31,32,33 []
tiles for 1: 1,5,8,8,10,12,15,15,22,23,26,31,33 []
tiles for 2: 2,2,4,4,11,11,15,16,19,24,24,28,28 []
tiles for 3: 0,7,8,9,10,12,14,14,23,27,28,32,32 []
0 <  9
0  > 0
1 <  17
1  > 8
2 <  2
2  > 19
3 <  25
3  > 27
0 <  7
0  > 7
1 <  22
1  > 5
2 <  25
2  > 16
3 <  29
3  > 23
0 <  21
0  > 26
1 <  3
1  > 8
2 <  20
2  > 15
3 <  33
3  > 25
0 <  23
0  > 14
3 <  14 (8)
3 has [0,7,8,9,10,12,28,29,32,32,33], [[14,14,14]]
3  > 8
0 <  31
0  > 17
1 <  20
1  > 3
2 <  3 (5)
2 has [2,2,4,11,11,20,24,24,25,28,28], [[2,3,4]]
2  > 20
3 <  4
3  > 0
0 <  17
0  > 13
1 <  23
1  > 1
2 <  19
2  > 19
3 <  15
3  > 7
0 <  19
0  > 17
1 <  30
1  > 12
2 <  25
2  > 4
3 <  6
3  > 4
0 <  0
0  > 0
1 <  13
1  > 15
2 <  14
2  > 14
3 <  12
3  > 6
0 <  12
0  > 9
1 <  21
1  > 17
2 <  26
2  > 25
3 <  16
3  > 29
0 <  9
0  > 9
1 <  3
1  > 3
2 <  3
2  > 3
3 <  31
3  > 28
2 <  28 (8)
2 has [2,2,11,11,24,24,25,26], [[2,3,4],[28,28,28]]
2  > 26
3 <  27
3  > 27
0 <  6
0  > 6
1 <  20
1  > 10
2 <  11
2  > 25
3 <  5
3  > 5
0 <  3
0  > 3
1 <  4
1  > 4
2 <  25
2  > 25
3 <  16
3  > 33
0 <  28
0  > 28
1 <  29
1  > 13
2 <  1
2  > 1
3 <  27
3  > 27
0 <  36
0 <  7
0  > 7
1 <  13
1  > 15
2 <  17
2  > 17
3 <  8
3  > 8
0 <  21
0  > 12
3 <  12 (8)
3 has [9,10,15,16,16,31,32,32], [[14,14,14],[12,12,12]]
3  > 15
0 <  30
0  > 30
1 <  7
1  > 7
2 <  21
2  > 21
0 <  21 (8)
0 has [9,18,18,18,19,20,23,31,31,32,33], [[21,21,21]]
0  > 9
1 <  22
1  > 13
2 <  27
2  > 27
3 <  29
3  > 31
0 <  31 (8)
0 has [18,18,18,19,20,23,32,33], [[21,21,21],[31,31,31]]
0  > 23
1 <  23 (8)
1 has [20,20,21,22,22,22,26,29,30,31,33], [[23,23,23]]
1  > 31
2 <  5
2  > 5
3 <  2
3  > 2
2 <  2 (32)
2 has [11,11,11,24,24], [[2,3,4],[28,28,28],[2,2,2]!]
Player 2 wins hand 12! (hand took 263ms)
0: 64, hand: 18,18,18,19,20,32,33, [[21,21,21],[31,31,31]], (40,36)
1: -88, hand: 20,20,21,22,22,22,26,29,30,33, [[23,23,23]], (35,38)
2: 112, hand: 11,11,11,24,24, [[2,3,4],[28,28,28],[2,2,2]!], (39,37)
3: -88, hand: 9,10,16,16,29,32,32, [[14,14,14],[12,12,12]], (34,41)

Starting hand 13.
this.hand=13; this.draws=0; config.PRNG.seed(1749858); this.wind=1; this.windOfTheRound=2;
wall: 32,30,2,18,1,2,22,22,2,19,25,27,17,7,5,17,18,5,34,29,26,3,5,6,29,10,4,13,14,38,27,15,0,21,10,8,27,33,30,12,37,33,10,1,41,36,8,17,28,39,3,33,32,26,23,31,10,5,12,32,25,23,16,11,13,9,15,24,15,20,6,30,8,2,26,32,4,18,11,11,25,12,28,4,24,9,16,40,18,23,24,22,13,13,9,8,7,16,35,6,17,25,16,20,19,21,11,14,9,24,15,21,30,14,28,20,26,23,20,29,31,1,0,19,7,27,6,31,22,7,14,33,0,3,28,21,29,19,12,31,1,4,3,0
initial deal
tiles for 0: 1,2,2,2,17,18,19,22,22,25,27,30,32
tiles for 1: 3,4,5,5,5,6,7,10,17,18,26,29,29
tiles for 2: 0,8,10,12,13,14,15,21,27,27,30,33,33
tiles for 3: 1,3,5,8,10,10,17,23,26,28,31,32,33
prepare play
tiles for 0: 1,2,2,2,17,18,19,22,22,25,27,30,32 []
tiles for 1: 3,4,5,5,5,6,7,10,17,18,26,29,29 []
tiles for 2: 0,8,10,12,13,14,15,21,27,27,30,33,33 []
tiles for 3: 1,3,5,8,10,10,17,23,26,28,31,32,33 []
1 <  12
1  > 18
2 <  32
2  > 0
3 <  25
3  > 28
0 <  23
0  > 27
2 <  27 (8)
2 has [8,10,12,13,14,15,21,30,32,33,33], [[27,27,27]]
2  > 21
3 <  16
3  > 23
0 <  11
0  > 30
1 <  13
1  > 10
3 <  10 (8)
3 has [1,3,5,8,16,17,25,26,31,32,33], [[10,10,10]]
3  > 25
0 <  9
0  > 17
1 <  15
1  > 15
2 <  24
2  > 24
3 <  15
3  > 26
0 <  20
0  > 11
1 <  6
1  > 12
2 <  30
2  > 8
3 <  8
3  > 8
0 <  2
0 locks [2,2,2,2]
0 <  26 (supplement)
0  > 1
1 <  32
1  > 17
2 <  4
2  > 4
3 <  18
3  > 18
0 <  11
0  > 11
1 <  11
1  > 13
2 <  13 (4)
2 has [10,12,13,30,30,32,33,33], [[27,27,27],[13,14,15]]
2  > 32
3 <  25
3  > 25
0 <  12
0  > 12
1 <  28
1  > 28
2 <  4
2  > 4
3 <  24
3  > 24
0 <  9
0  > 9
1 <  16
1  > 11
2 <  11 (5)
2 has [13,30,30,33,33], [[27,27,27],[13,14,15],[10,11,12]]
2  > 13
3 <  40
3 <  18
3  > 18
0 <  23
0  > 9
1 <  24
1  > 16
2 <  22
2  > 22
3 <  13
3  > 1
0 <  13
0  > 13
1 <  9
1  > 9
2 <  8
2  > 8
3 <  7
3  > 3
0 <  16
0  > 16
1 <  35
1 <  6
1  > 3
2 <  17
2  > 17
3 <  25
3  > 25
0 <  16
0  > 16
1 <  20
1  > 20
2 <  19
2  > 19
3 <  21
3  > 21
0 <  11
0  > 11
1 <  14
1  > 14
2 <  9
2  > 9
3 <  24
3  > 24
0 <  15
0  > 15
1 <  21
1  > 21
2 <  30
Player 2 wins hand 13! (hand took 201ms)
0: -174, hand: 18,19,20,22,22,23,23,25,26,32, [[2,2,2,2]], ()
1: -298, hand: 4,5,5,5,6,6,6,7,24,26,29,29,32, [], (34,35)
2: 544, hand: 30,30,30,33,33, [[27,27,27],[13,14,15],[10,11,12]], (38,37)
3: -72, hand: 5,7,8,13,15,16,17,31,32,33, [[10,10,10]], (41,36,39,40)

Starting hand 14.
this.hand=14; this.draws=0; config.PRNG.seed(1076725518); this.wind=2; this.windOfTheRound=2;
wall: 20,10,34,23,27,11,6,30,29,9,5,4,1,18,29,7,31,7,24,15,16,32,24,4,1,41,21,22,40,2,5,15,10,18,30,23,33,9,8,0,9,26,18,25,25,36,4,7,33,13,3,21,5,3,32,19,2,20,0,33,33,29,39,14,25,1,26,10,37,1,0,19,28,15,18,3,3,17,31,17,2,35,17,8,28,32,8,9,28,8,12,6,2,27,20,11,19,26,5,23,25,38,4,21,29,14,12,10,11,24,22,28,15,6,19,22,14,13,13,27,12,30,16,22,30,11,20,24,32,31,16,13,12,21,31,6,14,27,7,0,26,23,17,16
initial deal
tiles for 0: 1,4,5,6,9,10,11,18,20,23,27,29,30
tiles for 1: 1,4,7,7,15,16,21,22,24,24,29,31,32
tiles for 2: 0,2,5,8,9,9,10,15,18,23,26,30,33
tiles for 3: 3,3,4,5,7,13,18,19,21,25,25,32,33
prepare play
tiles for 0: 1,4,5,6,9,10,11,18,20,23,27,29,30 []
tiles for 1: 1,4,7,7,15,16,21,22,24,24,29,31,32 []
tiles for 2: 0,2,5,8,9,9,10,15,18,23,26,30,33 []
tiles for 3: 3,3,4,5,7,13,18,19,21,25,25,32,33 []
2 <  2
2  > 30
3 <  20
3  > 13
0 <  0
0  > 30
1 <  33
1  > 16
2 <  33
2  > 23
3 <  29
3  > 3
0 <  39
0 <  14
0  > 27
1 <  25
1  > 15
2 <  1
2  > 26
3 <  26
3  > 7
0 <  10
0  > 6
1 <  37
1 <  1
1  > 4
2 <  0
2  > 18
3 <  19
3  > 3
0 <  28
0  > 28
1 <  15
1  > 15
2 <  18
2  > 15
3 <  3
3  > 5
0 <  3
0  > 0
2 <  0 (8)
2 has [1,2,2,5,8,9,9,10,18,33,33], [[0,0,0]]
2  > 18
3 <  17
3  > 4
0 <  31
0  > 3
1 <  17
1  > 17
2 <  2
2  > 5
3 <  35
3 <  17
3  > 3
0 <  8
0  > 5
1 <  28
1  > 1
2 <  32
2  > 8
3 <  8
3  > 8
0 <  9
0  > 8
1 <  28
1  > 7
2 <  8
2  > 8
3 <  12
3  > 12
0 <  6
0  > 4
1 <  2
1  > 1
2 <  27
2  > 27
3 <  20
3  > 25
0 <  11
0  > 1
1 <  19
1  > 7
2 <  26
2  > 26
3 <  5
3  > 5
0 <  23
0  > 6
1 <  25
1  > 2
2 <  2 (16)
2 has [1,9,9,10,32,33,33], [[0,0,0],[2,2,2,2]]
2 <  38
2 <  4
2  > 4
3 <  21
3  > 26
0 <  29
0  > 14
1 <  14
1  > 14
2 <  12
2  > 1
3 <  10
3  > 10
0 <  11
0  > 9
2 <  9 (8)
2 has [10,12,32,33,33], [[0,0,0],[2,2,2,2],[9,9,9]]
2  > 32
3 <  24
3  > 24
1 <  24 (8)
1 has [19,21,22,25,25,28,28,29,31,32,33], [[24,24,24]]
1  > 33
2 <  22
2  > 22
3 <  28
3  > 28
1 <  28 (8)
1 has [19,21,22,25,25,29,31,32], [[24,24,24],[28,28,28]]
1  > 32
2 <  15
2  > 15
3 <  6
3  > 6
0 <  19
0  > 31
1 <  22
1  > 31
2 <  14
2  > 14
3 <  13
3  > 25
1 <  25 (8)
1 has [19,21,22,22,29], [[24,24,24],[28,28,28],[25,25,25]]
1  > 29
0 <  29 (8)
0 has [9,10,10,11,11,11,18,19,20,23,23], [[29,29,29]]
0  > 19
3 <  19 (8)
3 has [13,17,17,18,20,20,21,21,29,32,33], [[19,19,19]]
3  > 29
0 <  13
0  > 20
1 <  20 (32)
1 has [22,22], [[24,24,24],[28,28,28],[25,25,25],[19,20,21]!]
Player 1 wins hand 14! (hand took 255ms)
0: -12, hand: 9,10,10,11,11,11,13,18,23,23, [[29,29,29]], (34,39)
1: 416, hand: 22,22, [[24,24,24],[28,28,28],[25,25,25],[19,20,21]!], (41,37)
2: -214, hand: 10,12,33,33, [[0,0,0],[2,2,2,2],[9,9,9]], (40,38)
3: -190, hand: 13,17,17,18,20,20,21,21,32,33, [[19,19,19]], (36,35)

Starting hand 15.
this.hand=15; this.draws=0; config.PRNG.seed(1564631515); this.wind=3; this.windOfTheRound=2;
wall: 21,5,1,9,16,27,20,29,18,19,5,21,22,28,5,41,17,6,4,14,33,20,2,15,21,14,12,29,35,13,22,12,14,40,0,6,30,19,33,22,17,24,27,23,24,23,28,27,26,7,3,31,16,4,18,32,8,11,2,10,18,19,2,10,0,39,9,8,4,3,6,6,36,31,25,2,3,9,1,20,21,7,30,29,18,30,27,16,17,14,32,23,7,10,24,7,11,32,26,0,5,26,34,13,20,10,33,13,16,23,28,3,22,31,13,1,15,38,31,1,29,8,15,17,15,37,25,26,11,9,28,25,0,33,8,32,12,19,4,11,24,30,12,25
initial deal
tiles for 0: 1,5,5,9,16,18,19,20,21,21,22,27,29
tiles for 1: 2,4,5,6,12,14,14,15,17,20,21,28,33
tiles for 2: 0,6,12,13,14,17,19,22,22,24,29,30,33
tiles for 3: 3,4,7,16,18,23,23,24,26,27,27,28,31
prepare play
tiles for 0: 1,5,5,9,16,18,19,20,21,21,22,27,29 []
tiles for 1: 2,4,5,6,12,14,14,15,17,20,21,28,33 []
tiles for 2: 0,6,12,13,14,17,19,22,22,24,29,30,33 []
tiles for 3: 3,4,7,16,18,23,23,24,26,27,27,28,31 []
3 <  32
3  > 28
0 <  8
0  > 27
3 <  27 (8)
3 has [3,4,7,16,18,23,23,24,26,31,32], [[27,27,27]]
3  > 16
0 <  11
0  > 11
1 <  2
1  > 28
2 <  10
2  > 30
3 <  18
3  > 3
0 <  19
0  > 9
1 <  2
1  > 17
2 <  10
2  > 0
3 <  0
3  > 7
0 <  39
0 <  9
0  > 16
1 <  8
1  > 12
2 <  12 (4)
2 has [6,10,10,12,17,19,22,22,24,29,33], [[12,13,14]]
2  > 17
3 <  4
3  > 4
0 <  3
0  > 9
1 <  6
1  > 15
2 <  6
2  > 19
3 <  36
3 <  31
3  > 0
0 <  25
0  > 1
1 <  2
1 locks [2,2,2,2]
1 <  3 (supplement)
1  > 14
2 <  9
2  > 33
3 <  1
3  > 4
0 <  20
0  > 5
1 <  21
1  > 14
2 <  7
2  > 29
3 <  30
3  > 30
0 <  29
0  > 8
1 <  18
1  > 4
2 <  30
2  > 30
3 <  27
3  > 27
0 <  16
0  > 16
1 <  17
1  > 17
2 <  14
2  > 14
3 <  32
3  > 1
0 <  23
0  > 5
1 <  7
1  > 3
2 <  10
2  > 12
3 <  24
3  > 26
0 <  7
0  > 3
1 <  11
1  > 11
2 <  11 (6)
2 has [6,6,7,10,10,22,22,24], [[12,13,14],[9,10,11]]
2  > 24
3 <  32
3  > 23
0 <  26
0  > 7
1 <  0
1  > 5
2 <  5 (4)
2 has [6,10,10,22,22], [[12,13,14],[9,10,11],[5,6,7]]
2  > 6
3 <  5
3  > 5
0 <  26
0  > 26
1 <  34
1 <  13
1  > 13
2 <  20
2  > 20
3 <  10
3  > 10
2 <  10 (32)
2 has [22,22], [[12,13,14],[9,10,11],[5,6,7],[10,10,10]!]
Player 2 wins hand 15! (hand took 195ms)
0: -96, hand: 18,19,19,20,20,21,21,22,23,25,26,29,29, [], (39)
1: -66, hand: 0,6,6,7,8,18,20,21,21,33, [[2,2,2,2]], (41,34)
2: 80, hand: 22,22, [[12,13,14],[9,10,11],[5,6,7],[10,10,10]!], (35,40)
3: 82, hand: 18,18,23,24,24,31,31,32,32,32, [[27,27,27]], (36)

Starting hand 16.
this.hand=16; this.draws=0; config.PRNG.seed(1132534817); this.wind=0; this.windOfTheRound=3;
wall: 23,16,8,31,2,2,15,26,27,21,20,25,27,22,9,5,24,30,18,0,25,15,27,7,1,29,33,10,33,10,23,21,19,16,31,32,0,6,7,17,12,16,7,1,19,21,28,38,12,28,41,6,3,10,14,5,15,33,0,19,22,5,12,22,11,6,12,2,20,23,37,9,39,26,13,17,14,11,11,24,26,32,17,8,32,15,18,32,8,13,36,33,31,19,1,3,11,5,28,34,24,1,9,4,16,20,25,6,4,18,30,0,14,3,23,29,31,35,25,22,29,9,21,18,13,13,2,14,40,27,28,4,26,30,20,10,17,29,7,4,30,24,3,8
initial deal
tiles for 0: 2,2,8,15,16,20,21,23,25,26,27,27,31
tiles for 1: 0,1,5,7,9,15,18,22,24,25,27,29,30
tiles for 2: 0,6,7,10,10,16,19,21,23,31,32,33,33
tiles for 3: 1,3,6,7,10,12,12,16,17,19,21,28,28
prepare play
tiles for 0: 2,2,8,15,16,20,21,23,25,26,27,27,31 []
tiles for 1: 0,1,5,7,9,15,18,22,24,25,27,29,30 []
tiles for 2: 0,6,7,10,10,16,19,21,23,31,32,33,33 []
tiles for 3: 1,3,6,7,10,12,12,16,17,19,21,28,28 []
0 <  14
0  > 2
1 <  5
1  > 29
2 <  15
2  > 0
3 <  33
3  > 21
0 <  0
0  > 15
1 <  19
1  > 27
2 <  22
2  > 32
3 <  5
3  > 19
0 <  19 (4)
0 has [0,2,8,14,16,23,25,26,27,27,31], [[19,20,21]]
0  > 16
1 <  12
1  > 9
2 <  22
2  > 31
3 <  11
3  > 7
0 <  6
0  > 14
1 <  12
1  > 15
2 <  2
2  > 2
3 <  20
3  > 20
0 <  23
0  > 2
1 <  37
1 <  9
1  > 12
2 <  39
2 <  26
2  > 26
3 <  13
3  > 5
0 <  17
0  > 17
1 <  14
1  > 9
2 <  11
2  > 19
3 <  11
3  > 3
0 <  24
0  > 0
1 <  26
1  > 14
2 <  14 (4)
2 has [6,7,10,10,11,21,22,22,23,33,33], [[14,15,16]]
2  > 7
3 <  32
3  > 6
0 <  17
0  > 17
1 <  8
1  > 12
3 <  12 (8)
3 has [1,10,11,11,13,16,17,28,28,32,33], [[12,12,12]]
3  > 1
0 <  32
0  > 6
1 <  15
1  > 15
2 <  18
2  > 6
3 <  32
3  > 17
0 <  8
0  > 8
1 <  13
1  > 13
2 <  36
2 <  33
2  > 18
3 <  31
3  > 16
0 <  19
0  > 8
1 <  1
1  > 7
2 <  3
2  > 3
3 <  11
3  > 13
0 <  5
0  > 5
1 <  28
1  > 28
3 <  28 (8)
3 has [10,11,11,11,31,32,32,33], [[12,12,12],[28,28,28]]
3  > 33
2 <  33 (16)
2 has [10,10,11,21,22,22,23], [[14,15,16],[33,33,33,33]]
2 <  34
2 <  24
2  > 11
3 <  11 (16)
3 has [10,31,32,32], [[12,12,12],[28,28,28],[11,11,11,11]]
3 <  1
3  > 10
0 <  9
0  > 9
1 <  4
1  > 4
2 <  16
2  > 16
3 <  20
3  > 1
0 <  25
0  > 19
1 <  6
1  > 1
2 <  4
2  > 4
3 <  18
3  > 20
2 <  20 (32)
2 has [10,10,22,23,24], [[14,15,16],[33,33,33,33],[20,21,22]!]
Player 2 wins hand 16! (hand took 194ms)
0: -248, hand: 23,23,24,25,25,26,27,27,31,32, [[19,20,21]], ()
1: -116, hand: 0,1,5,5,6,8,18,19,22,24,25,26,30, [], (37)
2: 304, hand: 10,10,22,23,24, [[14,15,16],[33,33,33,33],[20,21,22]!], (39,36,34)
3: 60, hand: 18,31,32,32, [[12,12,12],[28,28,28],[11,11,11,11]], (38,41)

Starting hand 17.
this.hand=17; this.draws=0; config.PRNG.seed(1662735258); this.wind=1; this.windOfTheRound=3;
wall: 25,15,17,30,35,24,10,22,22,4,8,27,23,17,13,25,10,27,39,5,33,11,1,18,0,33,22,8,32,36,30,29,21,1,11,32,26,11,27,28,32,29,26,28,5,16,37,0,29,28,5,14,15,4,8,16,23,2,3,12,21,17,21,5,33,7,20,20,30,19,29,18,1,20,12,15,7,16,30,11,9,14,19,19,24,18,10,25,3,31,14,22,1,4,16,23,13,27,13,8,6,2,31,18,14,28,10,23,9,6,6,41,40,24,21,0,15,25,0,34,13,20,12,2,31,9,6,3,32,19,24,4,3,7,38,31,12,26,33,9,17,26,7,2
initial deal
tiles for 0: 4,8,10,15,17,17,22,22,23,24,25,27,30
tiles for 1: 0,1,5,8,10,11,13,18,22,25,27,33,33
tiles for 2: 1,11,11,21,26,27,28,29,29,30,32,32,32
tiles for 3: 0,4,5,5,8,14,15,16,16,26,28,28,29
prepare play
tiles for 0: 4,8,10,15,17,17,22,22,23,24,25,27,30 []
tiles for 1: 0,1,5,8,10,11,13,18,22,25,27,33,33 []
tiles for 2: 1,11,11,21,26,27,28,29,29,30,32,32,32 []
tiles for 3: 0,4,5,5,8,14,15,16,16,26,28,28,29 []
1 <  23
1  > 10
2 <  2
2  > 28
3 <  3
3  > 26
0 <  26 (6)
0 has [4,8,10,15,17,17,22,22,23,27,30], [[24,25,26]]
0  > 27
1 <  12
1  > 12
2 <  21
2  > 27
3 <  17
3  > 5
0 <  21
0  > 8
1 <  5
1  > 13
2 <  33
2  > 26
3 <  7
3  > 8
0 <  20
0  > 4
1 <  20
1  > 11
2 <  11 (8)
2 has [1,2,21,21,29,29,30,32,32,32,33], [[11,11,11]]
2  > 33
1 <  33 (8)
1 has [0,1,5,5,8,18,20,22,23,25,27], [[33,33,33]]
1  > 1
2 <  30
2  > 2
3 <  19
3  > 19
0 <  29
0  > 29
2 <  29 (8)
2 has [1,21,21,30,30,32,32,32], [[11,11,11],[29,29,29]]
2  > 1
3 <  18
3  > 29
0 <  1
0  > 1
1 <  20
1  > 8
2 <  12
2  > 12
3 <  15
3  > 18
0 <  7
0  > 7
1 <  16
1  > 16
2 <  30
Player 2 wins hand 17! (hand took 103ms)
0: -620, hand: 10,15,17,17,20,21,22,22,23,30, [[24,25,26]], (35)
1: -1180, hand: 0,5,5,18,20,20,22,23,25,27, [[33,33,33]], (39)
2: 2432, hand: 21,21,30,30,30,32,32,32, [[11,11,11],[29,29,29]], (36)
3: -632, hand: 0,3,4,5,7,14,15,15,16,16,17,28,28, [], (37)

Starting hand 18.
this.hand=18; this.draws=0; config.PRNG.seed(1612245703); this.wind=2; this.windOfTheRound=3;
wall: 4,1,23,19,31,8,16,31,21,15,9,33,20,25,20,16,11,26,23,29,22,31,22,10,33,32,36,9,8,25,7,9,2,1,3,33,28,3,12,1,15,32,26,13,15,29,16,33,10,5,0,10,40,2,19,25,26,12,3,21,19,18,27,7,6,8,22,29,0,24,7,4,30,24,25,19,27,17,39,34,32,17,0,11,15,24,2,28,10,6,7,31,17,28,30,14,30,13,35,5,16,6,14,18,14,14,1,12,20,38,12,6,5,17,41,8,0,27,11,18,3,13,9,23,26,21,18,20,4,30,5,29,22,4,23,11,21,32,13,2,37,28,27,24
initial deal
tiles for 0: 1,4,8,9,15,16,19,20,21,23,31,31,33
tiles for 1: 10,11,16,20,22,22,23,25,26,29,31,32,33
tiles for 2: 1,1,2,3,3,7,8,9,9,12,25,28,33
tiles for 3: 0,2,5,10,10,13,15,15,16,26,29,32,33
prepare play
tiles for 0: 1,4,8,9,15,16,19,20,21,23,31,31,33 []
tiles for 1: 10,11,16,20,22,22,23,25,26,29,31,32,33 []
tiles for 2: 1,1,2,3,3,7,8,9,9,12,25,28,33 []
tiles for 3: 0,2,5,10,10,13,15,15,16,26,29,32,33 []
2 <  19
2  > 28
3 <  25
3  > 29
0 <  26
0  > 1
2 <  1 (8)
2 has [2,3,3,7,8,9,9,12,19,25,33], [[1,1,1]]
2  > 25
3 <  12
3  > 26
0 <  3
0  > 3
2 <  3 (8)
2 has [2,7,8,9,9,12,19,33], [[1,1,1],[3,3,3]]
2  > 19
3 <  21
3  > 25
0 <  19
0  > 4
1 <  18
1  > 29
2 <  27
2  > 2
3 <  7
3  > 21
0 <  6
0  > 8
1 <  8
1  > 8
2 <  22
2  > 22
3 <  29
3  > 29
0 <  0
0  > 6
1 <  24
1  > 10
2 <  7
2  > 12
3 <  4
3  > 5
0 <  30
0  > 0
1 <  24
1  > 11
2 <  25
2  > 25
3 <  19
3  > 19
0 <  19 (8)
0 has [9,15,16,20,21,23,26,30,31,31,33], [[19,19,19]]
0  > 16
1 <  27
1  > 27
2 <  17
2  > 17
3 <  17 (6)
3 has [0,2,4,7,10,10,12,13,15,32,33], [[15,16,17]]
3  > 4
0 <  39
0 <  34
0 <  32
0  > 15
1 <  17
1  > 17
2 <  0
2  > 0
3 <  11
3  > 2
0 <  15
0  > 9
2 <  9 (8)
2 has [7,7,8,27,33], [[1,1,1],[3,3,3],[9,9,9]]
2  > 27
3 <  24
3  > 24
0 <  2
0  > 2
1 <  28
1  > 16
2 <  10
2  > 10
3 <  6
3  > 6
0 <  7
0  > 7
2 <  7 (8)
2 has [8,33], [[1,1,1],[3,3,3],[9,9,9],[7,7,7]]
2  > 8
3 <  31
3  > 0
0 <  17
0  > 15
1 <  28
1  > 18
2 <  30
2  > 30
3 <  14
3  > 7
0 <  30
0  > 17
1 <  13
1  > 13
2 <  35
2 <  5
2  > 5
3 <  16
3  > 32
0 <  6
0  > 6
1 <  14
1  > 14
2 <  18
2  > 18
3 <  14
3  > 33
2 <  33 (32)
2 has [], [[1,1,1],[3,3,3],[9,9,9],[7,7,7],[33,33]!]
Player 2 wins hand 18! (hand took 205ms)
0: -106, hand: 20,21,23,26,30,30,31,31,32,33, [[19,19,19]], (39,34)
1: -142, hand: 20,22,22,23,24,24,25,26,28,28,31,32,33, [], ()
2: 384, hand: , [[1,1,1],[3,3,3],[9,9,9],[7,7,7],[33,33]!], (36,35)
3: -136, hand: 10,10,11,12,13,14,14,15,16,31, [[15,16,17]], (40)

Starting hand 19.
this.hand=19; this.draws=0; config.PRNG.seed(1851259933); this.wind=2; this.windOfTheRound=3;
wall: 24,22,20,2,0,19,8,5,7,30,7,22,37,2,28,27,12,30,31,21,14,33,23,24,4,4,6,14,5,25,27,21,31,30,13,0,11,12,35,12,10,3,18,18,7,9,29,14,8,15,23,4,26,4,7,29,23,27,11,38,15,10,1,6,30,1,20,26,18,6,0,32,9,24,11,5,8,17,41,21,13,15,10,33,36,16,5,17,17,28,10,29,1,13,29,9,26,0,19,31,16,3,22,1,26,17,21,24,19,14,32,19,2,16,2,25,25,28,39,27,8,13,33,33,22,34,31,25,11,16,6,20,28,12,32,3,3,32,20,23,40,15,18,9
initial deal
tiles for 0: 0,2,2,5,7,7,8,19,20,22,22,24,30
tiles for 1: 4,4,6,12,14,21,23,24,27,28,30,31,33
tiles for 2: 0,5,10,11,12,12,13,14,21,25,27,30,31
tiles for 3: 3,4,4,7,8,9,14,15,18,18,23,26,29
prepare play
tiles for 0: 0,2,2,5,7,7,8,19,20,22,22,24,30 []
tiles for 1: 4,4,6,12,14,21,23,24,27,28,30,31,33 []
tiles for 2: 0,5,10,11,12,12,13,14,21,25,27,30,31 []
tiles for 3: 3,4,4,7,8,9,14,15,18,18,23,26,29 []
2 <  7
2  > 0
3 <  29
3  > 9
0 <  23
0  > 5
1 <  27
1  > 14
2 <  11
2  > 21
3 <  38
3 <  15
3  > 26
0 <  10
0  > 10
1 <  1
1  > 12
2 <  12 (8)
2 has [5,7,10,11,11,13,14,25,27,30,31], [[12,12,12]]
2  > 25
3 <  6
3  > 23
0 <  30
0  > 8
1 <  1
1  > 4
2 <  20
2  > 20
3 <  26
3  > 26
0 <  18
0  > 0
1 <  6
1  > 4
2 <  0
2  > 0
3 <  32
3  > 18
0 <  18 (4)
0 has [2,2,7,7,18,22,22,23,24,30,30], [[18,19,20]]
0  > 18
1 <  9
1  > 9
2 <  9 (4)
2 has [5,7,11,13,14,27,30,31], [[12,12,12],[9,10,11]]
2  > 30
3 <  24
3  > 18
0 <  11
0  > 11
1 <  5
1  > 5
2 <  8
2  > 27
1 <  27 (8)
1 has [1,1,6,6,21,23,24,28,30,31,33], [[27,27,27]]
1  > 6
2 <  6 (5)
2 has [8,11,13,14,31], [[12,12,12],[9,10,11],[5,6,7]]
2  > 8
3 <  17
3  > 24
0 <  41
0 <  21
0  > 2
1 <  13
1  > 13
2 <  15
2  > 31
3 <  10
3  > 10
0 <  33
0  > 7
1 <  36
1 <  16
1  > 16
2 <  5
2  > 5
3 <  17
3  > 7
0 <  17
0  > 17
1 <  28
1  > 6
2 <  10
2  > 10
3 <  29
3  > 3
0 <  1
0  > 1
1 <  13
1  > 13
2 <  29
2  > 11
3 <  9
3  > 6
0 <  26
0  > 2
1 <  0
1  > 1
2 <  19
2  > 19
3 <  31
3  > 8
0 <  16
0  > 16
1 <  3
1  > 0
2 <  22
2  > 22
3 <  1
3  > 9
0 <  26
0  > 7
1 <  17
1  > 17
3 <  17 (8)
3 has [1,4,4,14,15,15,29,29,29,31,32], [[17,17,17]]
3  > 1
0 <  21
0  > 33
1 <  24
1  > 1
2 <  19
2  > 19
3 <  14
3  > 4
0 <  32
0  > 32
1 <  19
1  > 3
2 <  2
2  > 2
3 <  16
3  > 4
0 <  2
0  > 2
1 <  25
1  > 31
2 <  25
2  > 25
3 <  28
3  > 28
1 <  28 (8)
1 has [19,21,23,24,24,25,30,33], [[27,27,27],[28,28,28]]
1  > 33
2 <  39
2 <  27
2  > 27
3 <  8
3  > 8
0 <  13
0  > 13
1 <  33
1  > 33
2 <  33
2  > 33
3 <  22
3  > 22
0 <  22 (8)
0 has [21,21,23,24,26,26,30,30], [[18,19,20],[22,22,22]]
0  > 26
1 <  26 (6)
1 has [19,21,23,24,30], [[27,27,27],[28,28,28],[24,25,26]]
1  > 30
0 <  30 (8)
0 has [21,21,23,24,26], [[18,19,20],[22,22,22],[30,30,30]]
0  > 26
1 <  34
1 <  31
1  > 31
2 <  25
2  > 25
0 <  25 (32)
0 has [21,21], [[18,19,20],[22,22,22],[30,30,30],[23,24,25]!]
Player 0 wins hand 19! (hand took 304ms)
0: 768, hand: 21,21, [[18,19,20],[22,22,22],[30,30,30],[23,24,25]!], (37,41)
1: -154, hand: 19,21,23,24, [[27,27,27],[28,28,28],[24,25,26]], (36,34)
2: -418, hand: 13,14,15,29, [[12,12,12],[9,10,11],[5,6,7]], (35,39)
3: -196, hand: 14,14,15,15,16,29,29,29,31,32, [[17,17,17]], (38)

Starting hand 20.
this.hand=20; this.draws=0; config.PRNG.seed(349718233); this.wind=3; this.windOfTheRound=3;
wall: 3,19,18,32,23,4,8,0,2,37,26,15,5,23,8,20,26,12,25,28,7,28,13,20,6,1,15,4,0,27,11,19,30,22,6,12,17,11,13,21,10,33,26,29,1,9,3,3,31,23,10,33,14,24,7,32,33,15,5,16,35,33,31,25,5,19,12,24,16,2,22,27,14,14,31,29,9,5,23,21,2,22,30,27,10,0,32,6,18,0,28,6,4,22,21,14,38,31,17,40,34,1,9,7,17,8,41,15,10,17,24,28,20,7,11,16,30,27,2,13,18,29,20,39,30,29,25,25,1,4,13,12,3,36,9,11,8,19,24,32,26,18,21,16
initial deal
tiles for 0: 0,2,3,4,5,8,15,18,19,23,23,26,32
tiles for 1: 1,6,7,8,12,13,15,20,20,25,26,28,28
tiles for 2: 0,4,6,11,11,12,13,17,19,21,22,27,30
tiles for 3: 1,3,3,9,10,10,14,23,26,29,31,33,33
prepare play
tiles for 0: 0,2,3,4,5,8,15,18,19,23,23,26,32 []
tiles for 1: 1,6,7,8,12,13,15,20,20,25,26,28,28 []
tiles for 2: 0,4,6,11,11,12,13,17,19,21,22,27,30 []
tiles for 3: 1,3,3,9,10,10,14,23,26,29,31,33,33 []
3 <  24
3  > 29
0 <  7
0  > 15
1 <  32
1  > 15
2 <  33
2  > 27
3 <  15
3  > 3
0 <  5
0  > 26
1 <  16
1  > 13
2 <  35
2 <  33
2  > 0
3 <  31
3  > 3
0 <  25
0  > 7
1 <  5
1  > 16
2 <  19
2  > 17
3 <  12
3  > 1
0 <  24
0  > 5
1 <  16
1  > 12
2 <  2
2  > 30
3 <  22
3  > 26
0 <  26 (6)
0 has [0,2,3,4,5,8,18,19,23,23,32], [[24,25,26]]
0  > 2
1 <  27
1  > 27
2 <  14
2  > 6
3 <  14
3  > 22
0 <  31
0  > 8
1 <  29
1  > 16
2 <  9
2  > 4
3 <  5
3  > 5
0 <  23
0  > 23
1 <  21
1  > 6
2 <  2
2  > 9
3 <  22
3  > 24
0 <  30
0  > 0
1 <  27
1  > 27
2 <  10
2  > 22
3 <  0
3  > 0
0 <  32
0  > 4
1 <  6
1  > 5
2 <  18
2  > 21
3 <  0
3  > 0
0 <  28
0  > 28
1 <  28 (8)
1 has [1,6,7,8,20,20,21,25,26,29,32], [[28,28,28]]
1  > 7
2 <  6
2  > 6
3 <  4
3  > 4
0 <  22
0  > 5
1 <  21
1  > 8
2 <  14
2  > 18
3 <  38
3 <  31
3  > 23
0 <  17
0  > 17
1 <  40
1 <  34
1 <  1
1  > 6
2 <  9
2  > 13
3 <  13 (5)
3 has [9,10,10,14,15,22,31,31,31,33,33], [[12,13,14]]
3  > 22
0 <  7
0  > 3
1 <  17
1  > 17
2 <  8
2  > 8
3 <  41
3 <  15
3  > 31
0 <  10
0  > 7
1 <  17
1  > 17
2 <  24
2  > 24
3 <  28
3  > 28
0 <  20
0  > 10
3 <  10 (8)
3 has [9,14,15,15,31,31,33,33], [[12,13,14],[10,10,10]]
3  > 9
0 <  7
0  > 7
1 <  11
1  > 11
2 <  11 (8)
2 has [2,2,9,10,12,14,14,19,19,33,33], [[11,11,11]]
2  > 12
3 <  16
3  > 15
0 <  30
0  > 31
3 <  31 (32)
3 has [14,15,16,33,33], [[12,13,14],[10,10,10],[31,31,31]!]
Player 3 wins hand 20! (hand took 229ms)
0: -212, hand: 18,19,20,22,23,23,30,30,32,32, [[24,25,26]], (37)
1: -200, hand: 1,1,20,20,21,21,25,26,29,32, [[28,28,28]], (40,34)
2: -212, hand: 2,2,9,10,14,14,19,19,33,33, [[11,11,11]], (35)
3: 624, hand: 14,15,16,33,33, [[12,13,14],[10,10,10],[31,31,31]!], (38,41)

Starting hand 21.
this.hand=21; this.draws=0; config.PRNG.seed(942268935); this.wind=3; this.windOfTheRound=3;
wall: 10,11,31,15,23,10,27,10,25,21,16,4,33,9,31,5,17,1,28,36,5,1,0,38,5,11,26,25,33,23,29,15,16,8,30,27,15,3,15,24,19,7,28,7,8,2,19,19,34,22,6,24,19,20,26,20,11,18,24,25,23,0,2,30,14,26,13,30,31,9,37,31,22,18,32,20,35,41,11,1,21,30,39,14,20,17,4,27,29,16,25,3,27,28,12,13,29,7,0,8,3,18,8,12,12,22,6,29,1,14,18,23,9,24,33,13,3,2,13,21,0,28,16,40,32,7,5,9,32,17,21,12,4,17,32,6,26,14,2,10,4,33,6,22
initial deal
tiles for 0: 4,10,10,10,11,15,16,21,23,25,27,31,33
tiles for 1: 0,1,1,5,5,5,9,11,17,25,26,28,31
tiles for 2: 3,8,15,15,15,16,19,23,24,27,29,30,33
tiles for 3: 2,6,7,7,8,19,19,19,20,22,24,26,28
prepare play
tiles for 0: 4,10,10,10,11,15,16,21,23,25,27,31,33 []
tiles for 1: 0,1,1,5,5,5,9,11,17,25,26,28,31 []
tiles for 2: 3,8,15,15,15,16,19,23,24,27,29,30,33 []
tiles for 3: 2,6,7,7,8,19,19,19,20,22,24,26,28 []
3 <  20
3  > 28
0 <  11
0  > 27
1 <  18
1  > 28
2 <  24
2  > 27
3 <  25
3  > 7
0 <  23
0  > 4
1 <  0
1  > 18
2 <  2
2  > 29
3 <  30
3  > 6
0 <  14
0  > 14
1 <  26
1  > 9
2 <  13
2  > 8
3 <  30
3  > 8
0 <  31
0  > 11
1 <  9
1  > 11
2 <  37
2 <  31
2  > 19
3 <  22
3  > 7
0 <  18
0  > 18
1 <  32
1  > 9
2 <  20
2  > 20
3 <  35
3 <  41
3 <  11
3  > 11
0 <  1
0  > 1
1 <  21
1  > 17
2 <  17 (6)
2 has [2,3,13,15,15,23,24,24,30,31,33], [[15,16,17]]
2  > 33
3 <  30
3  > 2
0 <  39
0 <  14
0  > 10
1 <  20
1  > 5
2 <  17
2  > 30
3 <  4
3  > 4
0 <  27
0  > 27
1 <  29
1  > 5
2 <  16
2  > 31
0 <  31 (8)
0 has [10,10,11,14,15,16,21,23,23,25,33], [[31,31,31]]
0  > 14
1 <  25
1  > 31
2 <  3
2  > 13
3 <  27
3  > 27
0 <  28
0  > 28
1 <  12
1  > 12
2 <  13
2  > 13
3 <  29
3  > 29
0 <  7
0  > 7
1 <  0
1  > 1
2 <  1 (4)
2 has [3,15,15,16,17,23,24,24], [[15,16,17],[1,2,3]]
2  > 3
3 <  8
3  > 8
0 <  3
0  > 3
1 <  18
1  > 5
2 <  8
2  > 8
3 <  12
3  > 12
0 <  12
0  > 16
1 <  22
1  > 0
2 <  6
2  > 6
3 <  29
3  > 29
0 <  1
0  > 1
1 <  14
1  > 29
2 <  18
2  > 18
3 <  23
3  > 23
0 <  23 (8)
0 has [10,10,11,12,15,21,25,33], [[31,31,31],[23,23,23]]
0  > 25
1 <  9
1  > 9
2 <  24
2  > 23
3 <  33
3  > 33
0 <  13
0  > 21
1 <  3
1  > 14
2 <  2
2  > 2
3 <  13
3  > 13
0 <  21
0  > 21
1 <  0
1  > 32
2 <  28
2  > 28
3 <  16
3  > 16
0 <  40
0 <  32
0  > 32
1 <  7
1  > 7
2 <  5
2  > 5
3 <  9
3  > 9
Hand was a draw.

Restarting hand 21.
this.hand=21; this.draws=1; config.PRNG.seed(140138208); this.wind=3; this.windOfTheRound=3;
wall: 9,29,13,14,32,41,29,24,2,31,26,13,2,18,0,20,39,3,30,18,10,28,5,5,30,21,38,7,21,16,22,24,27,23,0,1,26,1,6,23,2,22,10,31,8,19,3,19,8,13,22,30,9,36,23,32,25,25,11,12,31,20,24,1,9,29,8,4,26,32,40,24,34,10,0,27,5,7,10,35,0,14,23,22,18,4,17,16,19,8,28,12,19,21,33,17,11,6,30,7,14,17,13,25,20,14,3,28,4,28,27,3,33,33,33,26,15,15,21,6,5,37,29,6,9,12,15,11,1,20,18,25,16,17,16,31,15,32,12,11,2,4,7,27
initial deal
tiles for 0: 2,2,9,13,13,14,18,24,26,29,29,31,32
tiles for 1: 0,3,5,5,7,10,18,20,21,21,28,30,30
tiles for 2: 0,1,1,2,6,16,22,22,23,23,24,26,27
tiles for 3: 3,8,8,9,10,13,19,19,22,23,30,31,32
prepare play
tiles for 0: 2,2,9,13,13,14,18,24,26,29,29,31,32 []
tiles for 1: 0,3,5,5,7,10,18,20,21,21,28,30,30 []
tiles for 2: 0,1,1,2,6,16,22,22,23,23,24,26,27 []
tiles for 3: 3,8,8,9,10,13,19,19,22,23,30,31,32 []
3 <  25
3  > 3
0 <  25
0  > 2
1 <  11
1  > 28
2 <  12
2  > 27
3 <  31
3  > 8
0 <  20
0  > 2
1 <  24
1  > 11
2 <  1
2  > 16
3 <  9
3  > 8
0 <  29
0  > 14
1 <  8
1  > 10
2 <  4
2  > 12
3 <  26
3  > 13
0 <  32
0  > 9
3 <  9 (8)
3 has [10,19,19,22,23,25,26,30,31,31,32], [[9,9,9]]
3  > 10
0 <  40
0 <  24
0  > 13
1 <  34
1 <  10
1  > 10
2 <  0
2  > 4
3 <  27
3  > 19
0 <  19 (5)
0 has [13,24,24,25,26,29,29,29,31,32,32], [[18,19,20]]
0  > 13
1 <  5
1  > 24
2 <  24 (6)
2 has [0,0,1,1,1,2,6,22,23,24,26], [[22,23,24]]
2  > 6
3 <  7
3  > 7
0 <  10
0  > 10
1 <  35
1 <  0
1  > 5
2 <  14
2  > 14
3 <  23
3  > 25
0 <  22
0  > 29
1 <  18
1  > 3
2 <  3 (6)
2 has [0,0,1,1,22,23,24,26], [[22,23,24],[1,2,3]]
2  > 26
3 <  4
3  > 4
0 <  17
0  > 17
1 <  16
1  > 16
2 <  19
2  > 19
3 <  8
3  > 8
0 <  28
0  > 28
1 <  12
1  > 12
2 <  19
2  > 19
3 <  21
3  > 21
0 <  33
0  > 31
3 <  31 (8)
3 has [19,22,23,23,26,27,30,32], [[9,9,9],[31,31,31]]
3  > 26
0 <  17
0  > 17
1 <  11
1  > 11
2 <  6
2  > 6
3 <  30
3  > 19
0 <  7
0  > 7
1 <  14
1  > 14
2 <  17
2  > 17
3 <  13
3  > 13
0 <  25
0  > 33
1 <  20
1  > 7
2 <  14
2  > 14
3 <  3
3  > 3
0 <  28
0  > 28
1 <  4
1  > 8
2 <  28
2  > 28
3 <  27
3  > 32
0 <  32 (8)
0 has [22,24,24,25,25,26,29,29], [[18,19,20],[32,32,32]]
0  > 22
1 <  22 (6)
1 has [0,0,4,5,5,18,18,20,21,30,30], [[20,21,22]]
1  > 20
2 <  3
2  > 3
3 <  33
3  > 33
0 <  33
0  > 33
1 <  33
1  > 33
2 <  26
2  > 26
0 <  26 (32)
0 has [24,25,26,29,29], [[18,19,20],[32,32,32],[24,25,26]!]
Player 0 wins hand 21! (hand took 231ms)
0: 352, hand: 24,25,26,29,29, [[18,19,20],[32,32,32],[24,25,26]!], (41,40)
1: -84, hand: 0,0,4,5,5,18,18,21,30,30, [[20,21,22]], (39,38,34,35)
2: -138, hand: 0,0,1,1,22,23,24, [[22,23,24],[1,2,3]], ()
3: -130, hand: 22,23,23,27,27,30,30, [[9,9,9],[31,31,31]], (36)
hand 1
  0 (E): -128 for b2,b2,d1,d2,d3,d3,d4,d5,d6,d7,d8,d9,P (f2)
  1 (N): -48 for d6,d7,d8,d9 [b5,b6,b4, c3,c2,c1, c7,c8,c6] (s1,s3)
  2 (W): 160 for c6,c7,c8,b6,b6 [W,W,W, c4,c4,c4, b7,b9,b8] (f1)
  3 (S): 16 for b1,b1,b2,b3,F,b7,b8 [d4,d5,d3, F,F,F] (f3,f4)
hand 2
  0 (S): -54 for b1,d1,d1,b3,b4,b4,P,b5,b7,b7,b8,b8,b8 (s2)
  1 (E): 32 for d2,d5,d6,d7,d8,b4,P [C,C,C, d4,d4,d4] (f2,f4,f3)
  2 (N): 104 for d9,d9 [b9,b8,b7, c7,c6,c5, d3,d3,d3, b2,b2,b2] (s3,s4)
  3 (W): -82 for b1,b1,b2,c4,c4,c6,c7,c8,d5,d5,b6,b6,b6 (f1)
hand 3
  0 (W): -158 for d2,d2,b3,b3,b3,b4,F,b7,b8,b9 [d7,d6,d5] 
  1 (S): -164 for b1,b2,b3,b5,b5,b6,b6,b7,b9,b9 [b8,b8,b8] 
  2 (E): 432 for c4,c5,c6,b5,b5 [c9,c9,c9, c6,c8,c7, d1,d1,d1] (s1,f4,s2,f1)
  3 (N): -110 for c4,c5,c7,c7,F,F,P [c3,c2,c1, C,C,C] (f2)
hand 4
  0 (W): 20 for d6,d7,d7,d8,d9,F,F,F,b7,b7 [P,P,P] (s2)
  1 (S): -52 for b2,d3,d3,d4,d5,d6,d7,d8,d9,b4 [E,E,E,E] (s3)
  2 (E): 132 for d9,d9,b7,b8,b9 [W,W,W, c2,c3,c1, c4,c4,c4] (s1)
  3 (N): -100 for c2,c3,c6,c7,c8,N,N,b6,b8,c1 [c5,c5,c5] (f4,s4)
hand 5
  0 (W): 22 for c4,d1,d5,d7,d8,d8,d9,W,W,F [d1,d3,d2] (f3,s3,f1,s4)
  1 (S): -62 for c2,c4,c4,c6,c7,c7,c7,c9,F,C,P,c1,c1 (f2)
  2 (E): 108 for c2,c3,b9,b9,c1 [b7,b7,b7, b3,b2,b1, d2,d2,d2] (s2)
  3 (N): -68 for b1,b2,b2,b3,b4,N,C,P,P,b5,b6,b8,b8 (s1)
hand 6
  0 (W): -50 for F [d7,d9,d8, d2,d4,d3, P,P,P, E,E,E] 
  1 (S): -104 for b1,b1,b2,b2,b3,F,F,b5,b5,b5 [d4,d3,d2] (f3,f1)
  2 (E): -198 for d4,d5,d5,d5,d6,d7,N [d7,d9,d8, b8,b9,b7] (s3,f2)
  3 (N): 352 for c1,c1 [c8,c9,c7, c3,c5,c4, C,C,C, c2,c4,c3] (s2,s4)
hand 7
  0 (N): -64 for b1,b1,d2,d2,C,P,b7 [d7,d6,d5, d6,d5,d4] (f1)
  1 (W): -64 for d1,d2,d3,d4,d5,d5,b4,b8,b9,b9 [d8,d7,d6] (s2)
  2 (S): 256 for c8,c8,F,F,F [b5,b5,b5, c9,c9,c9, d8,d7,d6] (s4,s1)
  3 (E): -128 for c2,c3,c4,c6,c7,c8,E,F,P,c1 [c5,c4,c3] (s3)
hand 8
  0 (E): 60 for c3,c8,c8,c9,d1,d2,d3,C,C,c1 [E,E,E] (f1,f4)
  1 (N): -66 for c2,c4,c8,d1,d3,d4,d4,S,F,P [d8,d9,d7] (s3)
  2 (W): 72 for d6,d7,d7,d7,d8 [d9,d9,d9, b3,b2,b1, c8,c7,c6] (f3)
  3 (S): -66 for c3,c4,c6,b3,F,C,b5,b6,b9,b9 [c3,c2,c1] (s4)
hand 9
  0 (S): -80 for b1,b3,d4,d5,d6,d8,d9,S,F,b6 [d6,d7,d5] 
  1 (E): -80 for b2,d1,d2,d3,d3,d3,d4,E,S,b4,b5,b5,b7 (f3,f2,s2)
  2 (N): 240 for d4,d4,b4,b4,b4,F,F,F [c3,c4,c2, c9,c9,c9] (f1)
  3 (W): -80 for c2,c2,d1,d2,d2,C,P [c5,c4,c3, c6,c7,c5] (f4)
hand 10
  0 (W): -222 for b1,d1,d2,b3,d3,d6,d7,d9,d9,F,F,b8,b9 (s4,f2,s3)
  1 (S): -144 for d4,d5,d6,d7,F,P,b9 [S,S,S, d2,d2,d2] (f3)
  2 (E): -466 for d1,d3,d7,d8,d9,d9,E,b6,b6,b7 [b2,b2,b2] 
  3 (N): 832 for C,C,C,P,P [c4,c4,c4, c3,c3,c3, c8,c8,c8] 
hand 11
  0 (N): 84 for c2,c4,c4,c6,c7,d7,d8,E,E,S,C,P,c1 (s2,s4,s3,s1)
  1 (W): -24 for c3,d4,d4,d5,d6,d6,S,P,P,c1 [W,W,W] (f1,f2)
  2 (S): 56 for c3,c4,c5,d7,d7,d7,E,E [b9,b8,b7, b7,b9,b8] 
  3 (E): -116 for c2,c3,c3,S,F,C,C,b5,b5,c1 [c7,c6,c5] 
hand 12
  0 (E): 64 for d1,d1,d1,d2,d3,C,P [d4,d4,d4, F,F,F] (s3,f3)
  1 (N): -88 for d3,d3,d4,d5,d5,d5,d9,W,N,P [d6,d6,d6] (f2,s1)
  2 (W): 112 for c3,c3,c3,d7,d7 [b4,b5,b3, S,S,S, b3,b3,b3] (s2,f4)
  3 (S): -88 for c2,c8,c8,W,C,C,c1 [c6,c6,c6, c4,c4,c4] (f1,s4)
hand 13
  0 (S): -174 for d1,d2,d3,d5,d5,d6,d6,d8,d9,C [b3,b3,b3,b3] 
  1 (E): -298 for d7,d9,W,W,C,b5,b6,b6,b6,b7,b7,b7,b8 (f1,f2)
  2 (N): 544 for N,N,N,P,P [E,E,E, c5,c7,c6, c3,c4,c2] (s1,f4)
  3 (W): -72 for c5,c7,c8,c9,F,C,P,b6,b8,b9 [c2,c2,c2] (s4,f3,s2,s3)
hand 14
  0 (W): -12 for c2,c2,c3,c3,c3,c5,d1,d6,d6,c1 [W,W,W] (f1,s2)
  1 (S): 416 for d5,d5 [d7,d7,d7, S,S,S, d8,d8,d8, d3,d4,d2] (s4,f4)
  2 (E): -214 for c2,c4,P,P [b1,b1,b1, b3,b3,b3,b3, c1,c1,c1] (s3,s1)
  3 (N): -190 for c5,c9,c9,d1,d3,d3,d4,d4,C,P [d2,d2,d2] (f3,f2)
hand 15
  0 (N): -96 for d1,d2,d2,d3,d3,d4,d4,d5,d6,d8,d9,W,W (s2)
  1 (W): -66 for b1,d1,d3,d4,d4,P,b7,b7,b8,b9 [b3,b3,b3,b3] (s4,f1)
  2 (S): 80 for d5,d5 [c4,c6,c5, c3,c2,c1, b6,b8,b7, c2,c2,c2] (f2,s3)
  3 (E): 82 for d1,d1,d6,d7,d7,F,F,C,C,C [E,E,E] (f3)
hand 16
  0 (E): -248 for d6,d6,d7,d8,d8,d9,E,E,F,C [d2,d4,d3] 
  1 (N): -116 for b1,b2,d1,d2,d5,d7,d8,d9,N,b6,b6,b7,b9 (f4)
  2 (W): 304 for c2,c2,d5,d6,d7 [c6,c8,c7, P,P,P,P, d3,d5,d4] (s2,f3,f1)
  3 (S): 60 for d1,F,C,C [c4,c4,c4, S,S,S, c3,c3,c3,c3] (s1,s4)
hand 17
  0 (S): -620 for c2,c7,c9,c9,d3,d4,d5,d5,d6,N [d9,d8,d7] (f2)
  1 (E): -1180 for b1,d1,d3,d3,d5,d6,d8,E,b6,b6 [P,P,P] (s2)
  2 (N): 2432 for d4,d4,N,N,N,C,C,C [c3,c3,c3, W,W,W] (f3)
  3 (W): -632 for b1,c6,c7,c7,c8,c8,c9,S,S,b4,b5,b6,b8 (f4)
hand 18
  0 (W): -106 for d3,d4,d6,d9,N,N,F,F,C,P [d2,d2,d2] (s2,f1)
  1 (S): -142 for d3,d5,d5,d6,d7,d7,d8,d9,S,S,F,C,P 
  2 (E): 384 for [b2,b2,b2, b4,b4,b4, c1,c1,c1, b8,b8,b8, P,P] (f3,f2)
  3 (N): -136 for c2,c2,c3,c4,c5,c6,c6,c7,c8,F [c9,c8,c7] (s3)
hand 19
  0 (W): 768 for d4,d4 [d1,d3,d2, d5,d5,d5, N,N,N, d8,d7,d6] (f4,s4)
  1 (S): -154 for d2,d4,d6,d7 [E,E,E, S,S,S, d9,d8,d7] (f3,f1)
  2 (E): -418 for c5,c6,c7,W [c4,c4,c4, c1,c3,c2, b7,b8,b6] (f2,s2)
  3 (N): -196 for c6,c6,c7,c7,c8,W,W,W,F,C [c9,c9,c9] (s1)
hand 20
  0 (N): -212 for d1,d2,d3,d5,d6,d6,N,N,C,C [d9,d8,d7] (f4)
  1 (W): -200 for b2,b2,d3,d3,d4,d4,d8,d9,W,C [S,S,S] (s3,f1)
  2 (S): -212 for c2,c6,c6,d2,d2,b3,b3,P,P,c1 [c3,c3,c3] (f2)
  3 (E): 624 for c6,c7,c8,P,P [c5,c6,c4, c2,c2,c2, F,F,F] (s1,s4)
hand 21
  0 (N): 352 for d7,d8,d9,W,W [d2,d3,d1, C,C,C, d9,d8,d7] (s4,s3)
  1 (W): -84 for b1,b1,d1,d1,d4,N,N,b5,b6,b6 [d5,d4,d3] (s2,s1,f1,f2)
  2 (S): -138 for b1,b1,b2,b2,d5,d6,d7 [d7,d6,d5, b4,b3,b2] 
  3 (E): -130 for d5,d6,d6,E,E,N,N [c1,c1,c1, F,F,F] (f3)
final scores:
  player 0: 1146 (not set to chicken)
  player 1: -688 (not set to chicken)
  player 2: 5770 (set to chicken)
  player 3: 1772 (not set to chicken)
Game took 5.7s