Initial seed: 15
starting game.

Starting hand 1.
this.hand=1; this.draws=0; config.PRNG.seed(1016791009); this.wind=0; this.windOfTheRound=0;
wall: 10,12,36,25,25,41,8,28,26,4,9,6,31,20,17,7,26,6,21,18,30,23,37,6,20,31,9,4,12,3,3,16,1,9,19,38,5,33,28,21,1,29,11,15,0,7,17,31,5,5,17,22,15,11,14,13,6,16,10,30,13,29,25,22,20,33,5,0,1,18,21,10,11,24,34,39,28,19,4,0,40,2,35,24,25,15,33,18,3,24,29,27,32,12,2,16,2,31,32,23,3,8,8,12,22,23,13,18,14,4,17,16,26,7,1,27,9,8,2,29,30,22,33,27,21,13,14,0,15,20,10,32,28,24,27,11,7,19,14,30,26,32,23,19
initial deal
tiles for 0: 4,6,8,9,10,12,17,20,25,25,26,28,31
tiles for 1: 4,6,6,7,9,12,18,20,21,23,26,30,31
tiles for 2: 1,1,3,3,5,9,11,16,19,21,28,29,33
tiles for 3: 0,5,5,7,11,13,14,15,15,17,17,22,31
prepare play
tiles for 0: 4,6,8,9,10,12,17,20,25,25,26,28,31 []
tiles for 1: 4,6,6,7,9,12,18,20,21,23,26,30,31 []
tiles for 2: 1,1,3,3,5,9,11,16,19,21,28,29,33 []
tiles for 3: 0,5,5,7,11,13,14,15,15,17,17,22,31 []
0 <  6
0  > 28
1 <  16
1  > 16
2 <  10
2  > 28
3 <  30
3  > 30
0 <  13
0  > 17
3 <  17 (8)
3 has [0,5,5,7,11,13,14,15,15,22,31], [[17,17,17]]
3  > 22
0 <  29
0  > 29
1 <  25
1  > 12
2 <  12 (6)
2 has [1,1,3,3,5,9,16,19,21,29,33], [[10,11,12]]
2  > 9
3 <  22
3  > 22
0 <  20
0  > 31
1 <  33
1  > 9
2 <  5
2  > 16
3 <  16 (6)
3 has [0,5,5,7,11,13,15,31], [[17,17,17],[14,15,16]]
3  > 0
0 <  0
0  > 0
1 <  1
1  > 1
2 <  18
2  > 29
3 <  21
3  > 21
0 <  10
0  > 4
1 <  11
1  > 11
2 <  24
2  > 24
3 <  34
3 <  39
3 <  28
3  > 31
0 <  19
0  > 8
1 <  8 (6)
1 has [4,6,18,20,21,23,25,26,30,31,33], [[6,7,8]]
1  > 31
2 <  4
2  > 33
3 <  0
3  > 0
0 <  40
0 <  2
0  > 2
1 <  35
1 <  24
1  > 33
2 <  25
2  > 25
3 <  15
3  > 28
0 <  33
0  > 33
1 <  18
1  > 30
2 <  3
2  > 3
3 <  24
3  > 24
0 <  24 (4)
0 has [6,6,9,10,10,12,13,19,20,20,25], [[24,25,26]]
0  > 25
1 <  29
1  > 29
2 <  27
2  > 27
3 <  32
3  > 32
0 <  12
0  > 19
1 <  19 (5)
1 has [4,6,18,21,23,24,25,26], [[6,7,8],[18,19,20]]
1  > 18
2 <  2
2  > 21
3 <  16
3  > 13
0 <  2
0  > 2
1 <  31
1  > 31
2 <  32
2  > 32
3 <  23
3  > 23
0 <  3
0  > 3
1 <  8
1  > 21
2 <  8
2  > 8
3 <  12
3  > 7
0 <  22
0  > 22
1 <  23
1  > 8
2 <  13
2  > 13
3 <  13 (6)
3 has [5,5,15,15,16], [[17,17,17],[14,15,16],[11,12,13]]
3  > 16
0 <  18
0  > 12
1 <  14
1  > 14
2 <  4
2  > 3
3 <  17
3  > 17
0 <  16
0  > 16
1 <  26
1  > 26
2 <  7
2  > 7
3 <  1
3  > 1
2 <  1 (8)
2 has [2,3,4,4,5,5,18,19], [[10,11,12],[1,1,1]]
2  > 19
3 <  27
3  > 27
0 <  9
0  > 9
1 <  8
1  > 8
2 <  2
2  > 18
3 <  29
3  > 29
0 <  30
0  > 30
1 <  22
1  > 22
2 <  33
2  > 33
3 <  27
3  > 27
0 <  21
0  > 18
1 <  13
1  > 13
2 <  14
2  > 14
3 <  0
3  > 0
Hand was a draw.

Restarting hand 1.
this.hand=1; this.draws=1; config.PRNG.seed(1712704252); this.wind=0; this.windOfTheRound=0;
wall: 2,7,23,18,19,30,33,16,26,29,9,41,12,33,27,25,20,5,15,27,19,21,11,6,7,25,29,26,11,15,8,32,28,0,14,10,27,13,12,14,13,0,22,24,3,15,24,29,28,10,32,6,20,13,31,19,17,21,29,16,23,5,28,28,2,8,24,30,16,1,4,12,6,31,32,31,38,27,17,14,2,26,33,25,18,23,9,25,4,9,31,18,18,9,0,15,34,17,20,22,22,30,35,7,21,21,4,2,26,1,12,39,40,4,13,0,20,6,16,37,3,1,10,24,7,32,8,19,17,23,10,1,22,14,3,5,11,3,8,5,33,11,30,36
initial deal
tiles for 0: 2,7,9,12,16,18,19,23,26,29,30,33,33
tiles for 1: 5,6,7,11,15,19,20,21,25,25,27,27,29
tiles for 2: 0,8,10,11,12,13,14,14,15,26,27,28,32
tiles for 3: 0,3,6,10,13,15,20,22,24,24,28,29,32
prepare play
tiles for 0: 2,7,9,12,16,18,19,23,26,29,30,33,33 []
tiles for 1: 5,6,7,11,15,19,20,21,25,25,27,27,29 []
tiles for 2: 0,8,10,11,12,13,14,14,15,26,27,28,32 []
tiles for 3: 0,3,6,10,13,15,20,22,24,24,28,29,32 []
0 <  13
0  > 30
1 <  31
1  > 29
2 <  19
2  > 28
3 <  17
3  > 29
0 <  21
0  > 29
1 <  29
1  > 29
2 <  16
2  > 8
3 <  23
3  > 0
0 <  5
0  > 9
1 <  28
1  > 28
2 <  28
2  > 28
3 <  2
3  > 28
0 <  8
0  > 2
1 <  24
1  > 11
2 <  30
2  > 30
3 <  16
3  > 10
0 <  1
0  > 1
1 <  4
1  > 15
2 <  15 (5)
2 has [0,10,11,12,13,14,15,19,26,27,32], [[14,15,16]]
2  > 0
3 <  12
3  > 6
0 <  6 (5)
0 has [8,12,13,16,18,19,21,23,26,33,33], [[5,6,7]]
0  > 8
1 <  8 (6)
1 has [4,5,19,20,21,24,25,25,27,27,31], [[6,7,8]]
1  > 31
2 <  6
2  > 6
3 <  31
3  > 32
0 <  32
0  > 26
1 <  26 (6)
1 has [4,5,19,20,21,25,27,27], [[6,7,8],[24,25,26]]
1  > 25
2 <  31
2  > 26
3 <  38
3 <  27
3  > 27
0 <  17
0  > 32
1 <  14
1  > 14
2 <  2
2  > 19
3 <  26
3  > 31
0 <  33
0  > 33
1 <  25
1  > 25
2 <  18
2  > 18
3 <  23
3  > 26
0 <  9
0  > 9
1 <  25
1  > 25
2 <  4
2  > 2
3 <  9
3  > 9
0 <  31
0  > 31
1 <  18
1  > 18
2 <  18
2  > 31
3 <  9
3  > 9
0 <  0
0  > 0
1 <  15
1  > 15
2 <  34
2 <  17
2  > 4
3 <  4 (6)
3 has [12,13,15,16,17,20,22,23,23,24,24], [[2,3,4]]
3  > 20
0 <  20 (6)
0 has [12,13,16,17,21,23,33,33], [[5,6,7],[18,19,20]]
0  > 23
3 <  23 (8)
3 has [12,13,15,16,17,22,24,24], [[2,3,4],[23,23,23]]
3  > 22
0 <  20
0  > 16
1 <  22
1  > 22
2 <  22
2  > 22
3 <  30
3  > 30
0 <  35
0 <  7
0  > 7
1 <  21
1  > 21
2 <  21
2  > 21
3 <  4
3  > 4
0 <  2
0  > 2
1 <  26
1  > 26
2 <  1
2  > 1
3 <  12
3  > 12
0 <  39
0 <  40
0 <  4
0  > 4
1 <  13
1  > 13
2 <  13 (4)
2 has [10,11,12,13,17,18,27,32], [[14,15,16],[13,14,15]]
2  > 18
3 <  0
3  > 0
0 <  20
0  > 17
1 <  6
Player 1 wins hand 1! (hand took 249ms)
0: 24, hand: 12,13,20,20,21,33,33, [[5,6,7],[18,19,20]], (41,35,39,40)
1: 56, hand: 4,5,6,19,20,21,27,27, [[6,7,8],[24,25,26]], ()
2: -44, hand: 10,11,12,13,17,27,32, [[14,15,16],[13,14,15]], (34)
3: -36, hand: 12,13,15,16,17,24,24, [[2,3,4],[23,23,23]], (38)

Starting hand 2.
this.hand=2; this.draws=0; config.PRNG.seed(1795088905); this.wind=1; this.windOfTheRound=0;
wall: 4,13,29,15,17,3,20,3,15,14,19,17,4,5,30,7,36,29,31,35,6,33,26,4,31,22,9,41,37,23,11,33,1,29,29,13,18,33,0,25,25,24,8,22,28,8,2,28,21,10,6,25,8,27,9,16,14,5,18,27,23,27,30,0,1,10,11,21,26,32,3,15,30,6,18,11,34,31,12,26,17,10,7,4,2,24,31,38,15,10,39,13,32,24,16,18,27,12,16,23,25,0,32,12,8,28,16,5,22,20,11,17,20,21,30,40,26,13,20,2,7,12,21,7,9,3,23,19,24,32,0,19,5,1,6,9,33,1,2,22,14,19,14,28
initial deal
tiles for 0: 3,3,4,4,13,14,15,15,17,17,19,20,29
tiles for 1: 4,5,6,7,9,22,23,26,29,30,31,31,33
tiles for 2: 0,1,8,11,13,18,24,25,25,29,29,33,33
tiles for 3: 2,6,8,8,9,10,16,21,22,25,27,28,28
prepare play
tiles for 0: 3,3,4,4,13,14,15,15,17,17,19,20,29 []
tiles for 1: 4,5,6,7,9,22,23,26,29,30,31,31,33 []
tiles for 2: 0,1,8,11,13,18,24,25,25,29,29,33,33 []
tiles for 3: 2,6,8,8,9,10,16,21,22,25,27,28,28 []
1 <  14
1  > 29
2 <  29 (8)
2 has [0,1,8,11,13,18,24,25,25,33,33], [[29,29,29]]
2  > 1
3 <  5
3  > 16
0 <  16 (6)
0 has [3,3,4,4,13,15,17,17,19,20,29], [[14,15,16]]
0  > 29
1 <  18
1  > 30
2 <  27
2  > 0
3 <  23
3  > 2
0 <  2 (4)
0 has [3,4,13,15,17,17,19,20], [[14,15,16],[2,3,4]]
0  > 15
1 <  27
1  > 18
2 <  30
2  > 8
3 <  8 (8)
3 has [5,6,9,10,21,22,23,25,27,28,28], [[8,8,8]]
3  > 27
0 <  0
0  > 13
1 <  1
1  > 14
2 <  10
2  > 25
3 <  11
3  > 25
0 <  21
0  > 0
1 <  26
1  > 9
2 <  32
2  > 25
3 <  3
3  > 3
0 <  15
0  > 15
1 <  30
1  > 30
2 <  6
2  > 6
3 <  18
3  > 18
0 <  11
0  > 11
1 <  34
1 <  31
1  > 1
2 <  12
2  > 24
3 <  26
3  > 26
1 <  26 (8)
1 has [4,5,6,7,22,23,27,31,31,31,33], [[26,26,26]]
1  > 33
2 <  33 (8)
2 has [10,11,12,13,18,27,30,32], [[29,29,29],[33,33,33]]
2  > 18
3 <  17
3  > 17
0 <  10
0  > 10
1 <  7
1  > 27
2 <  4
2  > 4
3 <  4 (32)
3 has [9,10,11,21,22,23,28,28], [[8,8,8],[4,5,6]!]
Player 3 wins hand 2! (hand took 114ms)
0: -286, hand: 3,4,17,17,19,20,21, [[14,15,16],[2,3,4]], ()
1: 708, hand: 4,5,6,7,7,22,23,31,31,31, [[26,26,26]], (36,35,41,37,34)
2: -478, hand: 10,11,12,13,27,30,32, [[29,29,29],[33,33,33]], ()
3: 56, hand: 9,10,11,21,22,23,28,28, [[8,8,8],[4,5,6]!], ()

Starting hand 3.
this.hand=3; this.draws=0; config.PRNG.seed(1497284351); this.wind=2; this.windOfTheRound=0;
wall: 9,6,31,15,10,28,27,1,22,12,32,14,36,10,11,33,37,7,15,1,16,29,0,23,6,10,11,9,5,20,25,30,14,21,20,6,13,15,24,4,5,25,26,33,22,11,38,19,22,11,4,3,26,39,23,8,13,29,25,24,4,2,4,7,21,29,14,30,30,2,3,16,12,18,19,23,1,7,22,33,24,6,17,23,27,28,17,17,1,8,3,14,21,25,12,5,18,32,12,30,27,2,18,10,19,16,13,0,31,29,17,31,26,13,8,26,24,32,16,21,15,5,0,35,2,9,19,9,7,40,34,32,3,28,20,27,20,0,41,33,8,18,28,31
initial deal
tiles for 0: 1,6,9,10,10,12,14,15,22,27,28,31,32
tiles for 1: 0,1,6,7,9,10,11,11,15,16,23,29,33
tiles for 2: 4,5,5,6,13,14,15,20,20,21,24,25,30
tiles for 3: 3,4,8,11,11,19,22,22,23,25,26,26,33
prepare play
tiles for 0: 1,6,9,10,10,12,14,15,22,27,28,31,32 []
tiles for 1: 0,1,6,7,9,10,11,11,15,16,23,29,33 []
tiles for 2: 4,5,5,6,13,14,15,20,20,21,24,25,30 []
tiles for 3: 3,4,8,11,11,19,22,22,23,25,26,26,33 []
2 <  13
2  > 30
3 <  29
3  > 29
0 <  25
0  > 28
1 <  24
1  > 29
2 <  4
2  > 25
3 <  2
3  > 19
0 <  4
0  > 25
1 <  25 (6)
1 has [0,1,6,7,9,10,11,11,15,16,33], [[23,24,25]]
1  > 33
2 <  7
2  > 21
3 <  21 (4)
3 has [2,3,4,8,11,11,22,25,26,26,33], [[21,22,23]]
3  > 22
0 <  21
0  > 1
1 <  29
1  > 29
2 <  14
2  > 24
3 <  24 (4)
3 has [2,3,4,8,11,11,26,33], [[21,22,23],[24,25,26]]
3  > 26
0 <  30
0  > 30
1 <  30
1  > 30
2 <  2
2  > 20
3 <  3
3  > 8
0 <  16
0  > 32
1 <  12
1  > 6
2 <  18
2  > 18
3 <  19
3  > 19
0 <  23
0  > 27
1 <  1
1  > 7
2 <  7
2  > 20
3 <  22
3  > 22
0 <  33
0  > 31
1 <  24
1  > 24
2 <  6
2  > 6
3 <  17
3  > 17
0 <  17 (6)
0 has [4,6,9,10,10,12,14,21,22,23,33], [[15,16,17]]
0  > 33
1 <  23
1  > 23
2 <  27
2  > 4
3 <  28
3  > 28
0 <  17
0  > 17
1 <  17 (6)
1 has [0,1,1,9,10,11,11,12], [[23,24,25],[15,16,17]]
1  > 0
2 <  17
2  > 2
3 <  2 (4)
3 has [2,3,11,11,33], [[21,22,23],[24,25,26],[2,3,4]]
3  > 33
0 <  1
0  > 1
3 <  1 (32)
3 has [11,11], [[21,22,23],[24,25,26],[2,3,4],[1,2,3]!]
Player 3 wins hand 3! (hand took 165ms)
0: -32, hand: 4,6,9,10,10,12,14,21,22,23, [[15,16,17]], (36)
1: -32, hand: 1,1,9,10,11,11,12, [[23,24,25],[15,16,17]], (37)
2: -80, hand: 4,5,5,6,7,7,13,13,14,14,15,17,27, [], ()
3: 144, hand: 11,11, [[21,22,23],[24,25,26],[2,3,4],[1,2,3]!], (38,39)

Starting hand 4.
this.hand=4; this.draws=0; config.PRNG.seed(6109535); this.wind=3; this.windOfTheRound=0;
wall: 15,1,23,4,12,14,2,5,25,36,18,4,23,6,33,24,22,12,13,40,24,30,24,10,33,12,30,9,18,32,38,13,3,13,5,33,30,11,14,20,31,15,1,19,7,33,22,21,11,6,25,32,30,35,34,9,39,31,27,20,28,1,11,26,29,13,20,4,17,1,27,22,29,11,28,2,31,8,6,10,24,17,0,23,29,28,16,41,16,7,32,27,25,8,15,21,0,15,2,18,9,23,3,5,0,9,32,10,0,17,8,22,17,26,3,21,3,29,26,28,5,7,19,27,2,12,6,8,10,21,7,31,26,19,14,25,18,14,4,16,16,20,19,37
initial deal
tiles for 0: 1,2,4,4,5,6,12,14,15,18,23,23,25
tiles for 1: 9,10,12,12,13,22,24,24,24,30,30,33,33
tiles for 2: 3,5,11,13,13,14,15,18,20,30,31,32,33
tiles for 3: 1,6,7,9,11,19,21,22,25,30,31,32,33
prepare play
tiles for 0: 1,2,4,4,5,6,12,14,15,18,23,23,25 []
tiles for 1: 9,10,12,12,13,22,24,24,24,30,30,33,33 []
tiles for 2: 3,5,11,13,13,14,15,18,20,30,31,32,33 []
tiles for 3: 1,6,7,9,11,19,21,22,25,30,31,32,33 []
3 <  27
3  > 30
1 <  30 (8)
1 has [9,10,12,12,13,22,24,24,24,33,33], [[30,30,30]]
1  > 22
2 <  20
2  > 30
3 <  28
3  > 28
0 <  1
0  > 18
1 <  11
1  > 13
2 <  13 (4)
2 has [3,5,11,13,13,18,20,20,31,32,33], [[13,14,15]]
2  > 5
3 <  5 (4)
3 has [1,9,11,19,21,22,25,27,31,32,33], [[5,6,7]]
3  > 1
0 <  26
0  > 12
1 <  12 (32)
1 has [9,10,11,24,24,24,33,33], [[30,30,30],[12,12,12]!]
Player 1 wins hand 4! (hand took 40ms)
0: -34, hand: 1,1,2,4,4,5,6,14,15,23,23,25,26, [], (36)
1: 104, hand: 9,10,11,24,24,24,33,33, [[30,30,30],[12,12,12]!], (40)
2: -34, hand: 3,11,13,13,18,20,20,31,32,33, [[13,14,15]], (38)
3: -36, hand: 9,11,19,21,22,25,27,31,32,33, [[5,6,7]], (35,34,39)

Starting hand 5.
this.hand=5; this.draws=0; config.PRNG.seed(1332750942); this.wind=0; this.windOfTheRound=1;
wall: 18,8,32,19,7,18,14,26,8,8,4,23,12,23,30,24,20,31,32,2,0,11,12,14,21,28,7,41,29,0,12,16,3,10,10,11,5,27,18,9,33,1,25,3,30,38,5,0,15,39,33,16,28,17,16,27,0,32,33,17,40,29,24,17,25,31,31,16,29,25,1,21,9,19,35,33,15,24,2,24,30,20,10,20,2,26,36,3,26,6,22,30,23,14,28,13,12,22,4,22,10,15,20,15,32,13,2,6,21,19,9,18,9,26,25,11,17,19,1,6,27,6,37,21,5,1,7,5,13,27,31,34,8,28,23,13,22,3,7,11,4,29,14,4
initial deal
tiles for 0: 4,7,8,8,8,12,14,18,18,19,23,26,32
tiles for 1: 0,2,11,12,14,20,21,23,24,28,30,31,32
tiles for 2: 0,3,5,7,9,10,10,11,12,16,18,27,29
tiles for 3: 0,1,3,5,15,16,16,17,25,28,30,33,33
prepare play
tiles for 0: 4,7,8,8,8,12,14,18,18,19,23,26,32 []
tiles for 1: 0,2,11,12,14,20,21,23,24,28,30,31,32 []
tiles for 2: 0,3,5,7,9,10,10,11,12,16,18,27,29 []
tiles for 3: 0,1,3,5,15,16,16,17,25,28,30,33,33 []
0 <  27
0  > 23
1 <  0
1  > 32
2 <  32
2  > 27
3 <  33
3  > 30
0 <  17
0  > 26
1 <  40
1 <  29
1  > 29
2 <  24
2  > 18
0 <  18 (8)
0 has [4,7,8,8,8,12,14,17,19,27,32], [[18,18,18]]
0  > 19
1 <  19 (4)
1 has [0,0,2,11,12,14,23,24,28,30,31], [[19,20,21]]
1  > 30
2 <  17
2  > 24
3 <  25
3  > 28
0 <  31
0  > 4
1 <  31
1  > 28
2 <  16
2  > 5
3 <  29
3  > 29
0 <  25
0  > 25
3 <  25 (8)
3 has [0,1,3,5,15,16,16,17,33,33,33], [[25,25,25]]
3  > 5
0 <  1
0  > 1
1 <  1 (5)
1 has [0,11,12,14,23,24,31,31], [[19,20,21],[0,1,2]]
1  > 0
2 <  21
2  > 21
3 <  9
3  > 9
0 <  19
0  > 19
1 <  35
1 <  33
1  > 33
3 <  33 (16)
3 has [0,1,3,15,16,16,17], [[25,25,25],[33,33,33,33]]
3 <  15
3  > 3
0 <  24
0  > 24
1 <  2
1  > 2
2 <  24
2  > 24
3 <  30
3  > 30
0 <  20
0  > 17
1 <  10
1  > 14
2 <  20
2  > 20
3 <  2
3  > 16
0 <  26
0  > 20
1 <  36
1 <  3
1  > 3
2 <  26
2  > 26
3 <  6
3  > 6
0 <  22
0  > 22
1 <  22 (32)
1 has [10,11,12,31,31], [[19,20,21],[0,1,2],[22,23,24]!]
Player 1 wins hand 5! (hand took 146ms)
0: -160, hand: 7,8,8,8,12,14,26,27,31,32, [[18,18,18]], ()
1: 192, hand: 10,11,12,31,31, [[19,20,21],[0,1,2],[22,23,24]!], (40,35,36)
2: -112, hand: 0,3,7,9,10,10,11,12,16,16,17,29,32, [], (41)
3: 80, hand: 0,1,2,15,15,16,17, [[25,25,25],[33,33,33,33]], (38,39)

Starting hand 6.
this.hand=6; this.draws=0; config.PRNG.seed(837528285); this.wind=1; this.windOfTheRound=1;
wall: 14,16,23,24,26,15,3,9,11,20,3,9,32,30,6,2,22,33,25,12,27,38,17,5,21,21,31,2,29,3,36,0,30,9,23,1,16,8,25,13,26,21,15,0,13,28,30,18,10,22,12,21,27,3,40,1,26,0,12,20,34,8,24,11,39,13,29,19,20,32,17,27,41,37,19,5,31,33,4,25,0,6,16,25,2,24,7,32,14,4,11,17,20,8,5,33,10,19,29,35,6,1,23,13,1,18,29,11,18,10,4,10,16,28,28,14,7,31,9,27,18,5,28,15,32,12,24,22,8,33,14,30,15,6,17,7,26,23,22,2,7,31,4,19
initial deal
tiles for 0: 3,3,9,9,11,14,15,16,20,23,24,26,32
tiles for 1: 2,5,6,12,17,21,21,22,25,27,30,31,33
tiles for 2: 0,1,2,3,8,9,13,16,23,25,26,29,30
tiles for 3: 0,3,10,12,13,15,18,21,21,22,27,28,30
prepare play
tiles for 0: 3,3,9,9,11,14,15,16,20,23,24,26,32 []
tiles for 1: 2,5,6,12,17,21,21,22,25,27,30,31,33 []
tiles for 2: 0,1,2,3,8,9,13,16,23,25,26,29,30 []
tiles for 3: 0,3,10,12,13,15,18,21,21,22,27,28,30 []
1 <  40
1 <  1
1  > 30
2 <  26
2  > 29
3 <  0
3  > 30
0 <  12
0  > 20
1 <  20 (4)
1 has [1,2,5,6,12,17,21,25,27,31,33], [[20,21,22]]
1  > 12
2 <  20
2  > 9
3 <  34
3 <  8
3  > 27
0 <  24
0  > 32
1 <  11
1  > 11
2 <  39
2 <  13
2  > 16
3 <  29
3  > 8
0 <  19
0  > 19
1 <  20
1  > 25
2 <  32
2  > 2
3 <  17
3  > 18
0 <  27
0  > 27
1 <  41
1 <  37
1 <  19
1  > 17
2 <  5
2  > 26
3 <  31
3  > 3
0 <  33
0  > 33
1 <  4
1  > 27
2 <  25
2  > 3
3 <  0
3  > 31
0 <  6
0  > 6
1 <  16
1  > 16
2 <  25
2  > 8
3 <  2
3  > 29
0 <  24
0  > 3
1 <  3 (6)
1 has [4,5,6,19,20,21,31,33], [[20,21,22],[1,2,3]]
1  > 31
2 <  7
2  > 0
3 <  0 (16)
3 has [2,10,12,13,15,17,21,21,22,28], [[0,0,0,0]]
3 <  32
3  > 2
0 <  14
0  > 3
1 <  4
1  > 4
2 <  11
2  > 7
3 <  17
3  > 32
0 <  20
0  > 20
1 <  8
1  > 8
2 <  5
2  > 5
3 <  33
3  > 28
0 <  10
0  > 26
1 <  19
1  > 19
2 <  29
2  > 29
3 <  35
3 <  6
3  > 6
0 <  1
0  > 1
1 <  23
1  > 23
2 <  13
2  > 1
3 <  1
3  > 1
0 <  18
0  > 18
1 <  29
1  > 29
2 <  11
2  > 5
3 <  18
3  > 18
0 <  10
0  > 24
1 <  4
1  > 4
2 <  10
2  > 23
3 <  23 (6)
3 has [10,12,13,15,17,17,21,33], [[0,0,0,0],[21,22,23]]
3  > 21
0 <  16
0  > 16
1 <  28
1  > 28
2 <  28
2  > 20
3 <  14
3  > 33
1 <  33 (32)
1 has [4,5,6,19,20,21], [[20,21,22],[1,2,3],[33,33]!]
Player 1 wins hand 6! (hand took 225ms)
0: -160, hand: 9,9,10,10,11,12,14,14,15,16,23,24,24, [], ()
1: 360, hand: 4,5,6,19,20,21, [[20,21,22],[1,2,3],[33,33]!], (38,40,41,37)
2: -112, hand: 10,11,11,13,13,13,25,25,25,26,28,30,32, [], (36,39)
3: -88, hand: 10,12,13,14,15,17,17, [[0,0,0,0],[21,22,23]], (34,35)

Starting hand 7.
this.hand=7; this.draws=0; config.PRNG.seed(1676528322); this.wind=1; this.windOfTheRound=1;
wall: 18,0,29,8,12,2,2,25,26,27,33,32,17,32,8,9,2,28,20,11,29,6,10,33,11,13,40,21,3,5,30,9,10,11,20,19,30,12,0,22,16,27,13,30,27,21,7,8,38,23,14,15,7,33,31,6,13,21,41,29,25,19,1,6,3,11,15,1,24,5,28,19,31,18,4,14,3,24,23,20,12,17,17,28,32,5,16,7,15,10,30,4,16,7,26,23,18,1,8,23,10,28,26,25,27,22,12,18,22,13,26,24,5,39,35,29,25,17,33,31,4,0,37,0,4,36,3,34,31,21,32,19,9,14,9,6,15,20,2,22,24,16,1,14
initial deal
tiles for 0: 0,2,2,8,12,17,18,25,26,27,29,32,33
tiles for 1: 2,6,8,9,10,11,11,13,20,28,29,32,33
tiles for 2: 0,3,5,9,10,11,12,19,20,21,22,30,30
tiles for 3: 7,7,8,13,14,15,16,21,23,27,27,30,33
prepare play
tiles for 0: 0,2,2,8,12,17,18,25,26,27,29,32,33 []
tiles for 1: 2,6,8,9,10,11,11,13,20,28,29,32,33 []
tiles for 2: 0,3,5,9,10,11,12,19,20,21,22,30,30 []
tiles for 3: 7,7,8,13,14,15,16,21,23,27,27,30,33 []
1 <  31
1  > 29
2 <  6
2  > 22
3 <  22 (5)
3 has [7,7,8,13,14,15,16,27,27,30,33], [[21,22,23]]
3  > 30
0 <  13
0  > 27
3 <  27 (8)
3 has [7,7,8,13,14,15,16,33], [[21,22,23],[27,27,27]]
3  > 33
0 <  21
0  > 29
1 <  41
1 <  29
1  > 29
2 <  25
2  > 20
3 <  19
3  > 19
0 <  1
0  > 18
1 <  6
1  > 20
2 <  3
2  > 25
3 <  11
3  > 11
1 <  11 (8)
1 has [2,6,6,8,9,10,13,28,31,32,33], [[11,11,11]]
1  > 2
2 <  15
2  > 19
3 <  1
3  > 1
0 <  24
0  > 17
1 <  5
1  > 13
2 <  13 (6)
2 has [0,3,3,5,6,9,10,15,21,30,30], [[11,12,13]]
2  > 21
3 <  28
3  > 28
0 <  19
0  > 2
1 <  31
1  > 10
2 <  18
2  > 18
3 <  4
3  > 4
0 <  14
0  > 2
1 <  3
1  > 9
2 <  24
2  > 24
3 <  23
3  > 23
0 <  20
0  > 0
1 <  12
1  > 12
2 <  17
2  > 10
3 <  17
3  > 8
0 <  28
0  > 1
1 <  32
1  > 33
2 <  5
2  > 9
3 <  16
3  > 16
0 <  7
0  > 7
1 <  7 (6)
1 has [3,6,8,28,31,31,32,32], [[11,11,11],[5,6,7]]
1  > 3
2 <  15
2  > 6
3 <  10
3  > 10
0 <  30
0  > 30
1 <  4
1  > 28
2 <  16
2  > 0
3 <  7
3  > 7
0 <  26
0  > 8
1 <  23
1  > 23
2 <  18
2  > 18
3 <  1
3  > 1
0 <  8
0  > 8
1 <  23
1  > 23
2 <  10
2  > 10
3 <  28
3  > 28
0 <  26
0  > 28
1 <  25
1  > 25
2 <  27
2  > 27
3 <  22
3  > 22
0 <  12
0  > 24
1 <  18
1  > 18
2 <  22
2  > 22
3 <  13
3  > 13
0 <  26
0 locks [26,26,26,26]
0 <  24 (supplement)
0  > 25
1 <  5
1  > 8
2 <  39
2 <  35
2 <  29
2  > 29
3 <  25
3  > 25
0 <  17
0  > 17
1 <  33
1  > 33
2 <  31
2  > 31
1 <  31 (32)
1 has [4,5,6,32,32], [[11,11,11],[5,6,7],[31,31,31]!]
Player 1 wins hand 7! (hand took 255ms)
0: -78, hand: 12,12,13,14,19,20,21,24,32,33, [[26,26,26,26]], ()
1: 264, hand: 4,5,6,32,32, [[11,11,11],[5,6,7],[31,31,31]!], (41)
2: -84, hand: 3,3,5,5,15,15,16,17,30,30, [[11,12,13]], (40,39,35)
3: -102, hand: 7,7,13,14,15,16,17, [[21,22,23],[27,27,27]], (38)

Starting hand 8.
this.hand=8; this.draws=0; config.PRNG.seed(1120867892); this.wind=1; this.windOfTheRound=1;
wall: 12,10,29,9,13,21,15,20,31,33,24,4,17,26,25,13,18,7,32,23,18,24,16,4,21,26,3,14,29,5,15,3,8,32,16,17,40,26,0,2,35,11,7,32,7,28,41,5,18,14,29,26,4,20,2,5,12,28,8,22,23,10,34,2,7,22,12,25,37,2,20,33,25,24,0,9,33,31,11,3,11,6,27,21,19,4,27,13,38,0,18,10,14,27,27,32,17,11,30,9,3,1,29,24,0,16,10,39,19,28,8,1,30,5,1,6,9,31,25,12,13,23,30,30,33,1,22,6,36,28,15,19,17,20,14,23,16,21,8,6,31,15,19,22
initial deal
tiles for 0: 4,9,10,12,13,15,17,20,21,24,29,31,33
tiles for 1: 4,7,13,16,18,18,21,23,24,25,26,26,32
tiles for 2: 0,2,3,3,5,8,14,15,16,17,26,29,32
tiles for 3: 2,4,5,7,7,11,14,18,20,26,28,29,32
prepare play
tiles for 0: 4,9,10,12,13,15,17,20,21,24,29,31,33 []
tiles for 1: 4,7,13,16,18,18,21,23,24,25,26,26,32 []
tiles for 2: 0,2,3,3,5,8,14,15,16,17,26,29,32 []
tiles for 3: 2,4,5,7,7,11,14,18,20,26,28,29,32 []
1 <  5
1  > 13
2 <  12
2  > 29
3 <  28
3  > 11
0 <  11 (6)
0 has [4,12,13,15,17,20,21,24,29,31,33], [[9,10,11]]
0  > 29
1 <  8
1  > 16
2 <  22
2  > 22
3 <  23
3  > 14
0 <  14 (6)
0 has [4,15,17,20,21,24,31,33], [[9,10,11],[12,13,14]]
0  > 4
1 <  10
1  > 10
2 <  34
2 <  2
2  > 26
1 <  26 (8)
1 has [4,5,7,8,18,18,21,23,24,25,32], [[26,26,26]]
1  > 32
2 <  7
2  > 8
3 <  22
3  > 26
0 <  12
0  > 21
1 <  25
1  > 21
2 <  37
2 <  2
2  > 0
3 <  20
3  > 29
0 <  33
0  > 24
1 <  25
1  > 7
3 <  7 (8)
3 has [2,4,5,18,20,20,22,23,28,28,32], [[7,7,7]]
3  > 32
0 <  24
0  > 24
1 <  0
1  > 0
2 <  9
2  > 9
3 <  33
3  > 33
0 <  33 (8)
0 has [12,15,17,20,31], [[9,10,11],[12,13,14],[33,33,33]]
0  > 20
3 <  20 (8)
3 has [2,4,5,18,22,23,28,28], [[7,7,7],[20,20,20]]
3  > 18
1 <  18 (8)
1 has [4,5,8,23,24,25,25,25], [[26,26,26],[18,18,18]]
1  > 8
2 <  31
2  > 7
3 <  11
3  > 11
0 <  3
0  > 3
1 <  3 (32)
1 has [23,24,25,25,25], [[26,26,26],[18,18,18],[3,4,5]!]
Player 1 wins hand 8! (hand took 126ms)
0: -50, hand: 12,15,17,31, [[9,10,11],[12,13,14],[33,33,33]], ()
1: 108, hand: 23,24,25,25,25, [[26,26,26],[18,18,18],[3,4,5]!], ()
2: -26, hand: 2,2,2,3,3,5,12,14,15,16,17,31,32, [], (40,34,37)
3: -32, hand: 2,4,5,22,23,28,28, [[7,7,7],[20,20,20]], (35,41)

Starting hand 9.
this.hand=9; this.draws=0; config.PRNG.seed(155555893); this.wind=1; this.windOfTheRound=1;
wall: 29,13,26,20,19,7,6,2,2,16,20,19,1,9,22,20,12,33,34,35,14,12,25,16,5,8,1,18,28,10,2,0,15,18,26,23,17,18,2,25,30,27,39,28,33,24,22,23,20,31,27,8,13,4,32,32,38,0,21,6,24,27,33,7,19,14,5,4,1,31,4,27,28,29,29,5,0,17,12,11,26,37,3,26,32,16,10,3,24,28,17,41,18,15,30,8,12,40,11,31,6,17,25,10,21,23,6,15,16,9,24,29,13,0,21,23,3,22,9,22,3,30,4,15,10,8,36,11,5,19,13,7,7,14,21,1,31,14,9,33,30,11,25,32
initial deal
tiles for 0: 1,2,2,6,7,13,16,19,19,20,20,26,29
tiles for 1: 1,5,8,9,12,12,14,16,18,20,22,25,33
tiles for 2: 0,2,2,10,15,17,18,18,23,25,26,28,30
tiles for 3: 4,8,13,20,22,23,24,27,27,28,31,32,33
prepare play
tiles for 0: 1,2,2,6,7,13,16,19,19,20,20,26,29 []
tiles for 1: 1,5,8,9,12,12,14,16,18,20,22,25,33 []
tiles for 2: 0,2,2,10,15,17,18,18,23,25,26,28,30 []
tiles for 3: 4,8,13,20,22,23,24,27,27,28,31,32,33 []
1 <  32
1  > 1
2 <  38
2 <  0
2  > 10
3 <  21
3  > 13
0 <  6
0  > 29
1 <  24
1  > 5
2 <  27
2  > 27
3 <  27 (8)
3 has [4,8,20,21,22,23,24,28,31,32,33], [[27,27,27]]
3  > 4
0 <  33
0  > 26
1 <  26 (6)
1 has [8,9,12,12,14,16,18,20,22,32,33], [[24,25,26]]
1  > 8
2 <  7
2  > 18
3 <  19
3  > 8
0 <  14
0  > 20
1 <  5
1  > 5
2 <  4
2  > 23
3 <  1
3  > 1
0 <  31
0  > 19
1 <  19 (5)
1 has [9,12,12,14,16,22,32,33], [[24,25,26],[18,19,20]]
1  > 22
2 <  4
2  > 25
3 <  25 (6)
3 has [19,20,21,22,28,31,32,33], [[27,27,27],[23,24,25]]
3  > 31
0 <  27
0  > 27
1 <  28
1  > 9
2 <  29
2  > 29
3 <  29
3  > 33
0 <  5
0  > 19
1 <  0
1  > 0
2 <  17
2  > 26
3 <  12
3  > 12
1 <  12 (8)
1 has [14,16,28,32,33], [[24,25,26],[18,19,20],[12,12,12]]
1  > 28
2 <  11
2  > 18
3 <  26
3  > 26
0 <  37
0 <  3
0  > 20
1 <  26
1  > 26
2 <  32
2  > 11
3 <  16
3  > 16
0 <  10
0  > 10
1 <  3
1  > 3
2 <  24
2  > 24
3 <  28
3  > 32
0 <  17
0  > 5
1 <  41
1 <  18
1  > 18
2 <  15
2  > 0
3 <  30
3  > 30
0 <  8
0  > 6
1 <  12
1  > 33
2 <  40
2 <  11
2  > 11
3 <  31
3  > 31
0 <  6
0  > 3
1 <  17
1  > 32
2 <  25
2  > 25
3 <  10
3  > 10
0 <  21
0  > 21
1 <  23
1  > 23
2 <  6
2  > 2
3 <  15
3  > 15
0 <  15 (6)
0 has [1,2,2,6,6,7,8,16,17,31,33], [[13,14,15]]
0  > 2
1 <  16
1  > 12
2 <  9
2  > 9
3 <  24
3  > 29
0 <  29
0  > 29
1 <  13
1  > 14
2 <  0
2  > 30
3 <  21
3  > 21
0 <  23
0  > 23
3 <  23 (32)
3 has [19,20,21,28,28], [[27,27,27],[23,24,25],[22,23,24]!]
Player 3 wins hand 9! (hand took 254ms)
0: -54, hand: 1,2,6,6,7,8,16,17,31,33, [[13,14,15]], (37)
1: -58, hand: 13,16,16,17, [[24,25,26],[18,19,20],[12,12,12]], (34,35,41)
2: -48, hand: 0,0,2,4,4,6,7,15,15,17,17,28,32, [], (38,40)
3: 160, hand: 19,20,21,28,28, [[27,27,27],[23,24,25],[22,23,24]!], (39)

Starting hand 10.
this.hand=10; this.draws=0; config.PRNG.seed(718994315); this.wind=2; this.windOfTheRound=1;
wall: 16,25,5,28,30,27,20,12,41,32,5,24,14,31,27,26,28,18,26,9,0,23,22,25,13,0,18,16,16,19,35,25,20,4,19,12,6,29,21,8,12,39,16,7,15,21,31,24,3,29,7,14,7,10,32,1,8,20,32,24,24,10,4,40,30,1,25,15,31,17,17,10,23,5,22,10,6,6,3,29,8,9,0,0,11,33,7,33,6,8,28,13,19,36,11,4,13,12,23,4,26,21,33,5,13,15,2,2,23,1,22,37,9,2,30,26,3,33,30,27,15,20,1,11,17,34,18,2,3,14,11,14,31,21,18,28,9,29,38,17,32,22,19,27
initial deal
tiles for 0: 5,5,12,14,16,20,24,25,27,28,30,31,32
tiles for 1: 0,0,9,13,18,18,22,23,25,26,26,27,28
tiles for 2: 4,6,8,12,12,16,16,19,19,20,21,25,29
tiles for 3: 3,7,7,7,10,14,15,16,21,24,29,31,32
prepare play
tiles for 0: 5,5,12,14,16,20,24,25,27,28,30,31,32 []
tiles for 1: 0,0,9,13,18,18,22,23,25,26,26,27,28 []
tiles for 2: 4,6,8,12,12,16,16,19,19,20,21,25,29 []
tiles for 3: 3,7,7,7,10,14,15,16,21,24,29,31,32 []
2 <  1
2  > 29
3 <  8
3  > 29
0 <  20
0  > 27
1 <  32
1  > 27
2 <  24
2  > 8
3 <  24
3  > 3
0 <  10
0  > 30
1 <  4
1  > 9
2 <  40
2 <  30
2  > 30
3 <  1
3  > 1
0 <  25
0  > 5
1 <  15
1  > 4
2 <  31
2  > 6
3 <  6 (4)
3 has [7,7,10,14,15,16,21,24,24,31,32], [[6,7,8]]
3  > 21
0 <  17
0  > 5
1 <  17
1  > 32
2 <  10
2  > 1
3 <  23
3  > 10
0 <  5
0  > 5
1 <  22
1  > 28
2 <  10
2  > 4
3 <  6
3  > 32
0 <  6
0  > 6
1 <  3
1  > 3
2 <  29
2  > 29
3 <  8
3  > 31
0 <  9
0  > 20
1 <  0
1  > 17
2 <  0
2  > 0
1 <  0 (16)
1 has [13,15,18,18,22,22,23,25,26,26], [[0,0,0,0]]
1 <  11
1  > 15
2 <  33
2  > 20
3 <  7
3  > 23
0 <  33
0  > 25
1 <  6
1  > 6
2 <  8
2  > 8
3 <  28
3  > 28
0 <  13
0  > 25
1 <  19
1  > 11
2 <  11 (5)
2 has [10,12,16,16,19,19,21,24,25,31,33], [[10,11,12]]
2  > 21
3 <  36
3 <  11
3  > 11
0 <  11 (6)
0 has [12,13,14,16,17,20,24,28,31,32,33], [[9,10,11]]
0  > 20
1 <  20 (6)
1 has [13,18,22,22,23,25,26,26], [[0,0,0,0],[18,19,20]]
1  > 13
2 <  4
2  > 4
3 <  13
3  > 13
0 <  12
0  > 24
3 <  24 (32)
3 has [6,7,7,7,8,14,15,16], [[6,7,8],[24,24,24]!]
Player 3 wins hand 10! (hand took 161ms)
0: -36, hand: 12,12,13,14,16,17,28,31,32,33, [[9,10,11]], (41)
1: 0, hand: 18,22,22,23,25,26,26, [[0,0,0,0],[18,19,20]], ()
2: -44, hand: 10,12,16,16,19,19,24,25,31,33, [[10,11,12]], (35,40)
3: 80, hand: 6,7,7,7,8,14,15,16, [[6,7,8],[24,24,24]!], (39,36)

Starting hand 11.
this.hand=11; this.draws=0; config.PRNG.seed(1105979767); this.wind=3; this.windOfTheRound=1;
wall: 14,6,26,5,14,24,29,22,25,5,12,22,25,5,28,26,29,28,11,8,8,27,0,26,28,30,1,14,11,3,0,17,15,19,29,35,31,1,4,33,19,19,27,21,5,27,16,32,4,2,18,18,3,24,13,33,29,18,23,22,4,10,20,36,20,38,9,34,13,3,6,19,28,9,8,7,15,17,9,27,16,23,8,13,33,21,9,4,23,12,15,24,1,16,10,1,12,39,2,25,32,32,31,32,31,3,41,7,10,26,23,24,33,16,15,25,18,17,2,0,2,22,40,13,7,30,30,37,10,21,11,14,12,6,17,7,0,20,6,20,21,30,11,31
initial deal
tiles for 0: 5,5,6,12,14,14,22,22,24,25,25,26,29
tiles for 1: 0,5,8,8,11,26,26,27,28,28,28,29,30
tiles for 2: 0,1,1,3,4,11,14,15,17,19,29,31,33
tiles for 3: 2,3,4,5,16,18,18,19,19,21,27,27,32
prepare play
tiles for 0: 5,5,6,12,14,14,22,22,24,25,25,26,29 []
tiles for 1: 0,5,8,8,11,26,26,27,28,28,28,29,30 []
tiles for 2: 0,1,1,3,4,11,14,15,17,19,29,31,33 []
tiles for 3: 2,3,4,5,16,18,18,19,19,21,27,27,32 []
3 <  24
3  > 16
0 <  13
0  > 29
1 <  33
1  > 30
2 <  29
2  > 19
3 <  19 (8)
3 has [2,3,4,5,18,18,21,24,27,27,32], [[19,19,19]]
3  > 21
0 <  18
0  > 5
1 <  23
1  > 27
3 <  27 (8)
3 has [2,3,4,5,18,18,24,32], [[19,19,19],[27,27,27]]
3  > 24
0 <  22
0  > 6
1 <  4
1  > 0
2 <  10
2  > 4
3 <  20
3  > 32
0 <  36
0 <  20
0  > 5
1 <  38
1 <  9
1  > 23
2 <  34
2 <  13
2  > 0
3 <  3
3  > 20
0 <  6
0  > 6
1 <  6 (6)
1 has [8,8,9,11,26,26,28,28,28,29,33], [[4,5,6]]
1  > 33
2 <  19
2  > 19
3 <  28
3  > 28
1 <  28 (16)
1 has [8,8,9,11,26,26,29], [[4,5,6],[28,28,28,28]]
1 <  9
1  > 29
2 <  29 (8)
2 has [1,1,3,10,11,13,14,15,17,31,33], [[29,29,29]]
2  > 1
3 <  1 (32)
3 has [3,4,5,18,18], [[19,19,19],[27,27,27],[1,2,3]!]
Player 3 wins hand 11! (hand took 80ms)
0: -100, hand: 12,13,14,14,18,20,22,22,22,24,25,25,26, [], (36)
1: -4, hand: 8,8,9,9,11,26,26, [[4,5,6],[28,28,28,28]], (38)
2: -88, hand: 1,3,10,11,13,14,15,17,31,33, [[29,29,29]], (35,34)
3: 192, hand: 3,4,5,18,18, [[19,19,19],[27,27,27],[1,2,3]!], ()

Starting hand 12.
this.hand=12; this.draws=0; config.PRNG.seed(1061324274); this.wind=3; this.windOfTheRound=1;
wall: 11,5,1,6,33,0,21,11,7,28,37,40,30,14,0,19,14,26,27,32,4,18,24,7,5,15,30,29,24,16,9,15,35,12,3,1,6,18,28,30,27,25,29,19,14,34,17,31,31,2,22,23,24,27,12,13,8,18,20,38,26,39,29,24,26,7,22,9,32,31,19,9,2,16,3,36,5,20,22,19,18,30,6,33,8,28,11,11,13,3,5,41,33,16,15,8,15,25,21,10,2,10,21,23,7,9,25,20,10,13,33,17,10,29,23,3,17,2,4,4,32,1,23,16,0,12,0,26,13,17,28,27,25,14,31,21,1,8,4,12,6,20,32,22
initial deal
tiles for 0: 0,0,1,5,6,7,11,11,14,21,28,30,33
tiles for 1: 4,5,7,14,15,18,19,24,26,27,29,30,32
tiles for 2: 1,3,6,9,12,15,16,18,24,25,27,28,30
tiles for 3: 2,12,13,14,17,19,22,23,24,27,29,31,31
prepare play
tiles for 0: 0,0,1,5,6,7,11,11,14,21,28,30,33 []
tiles for 1: 4,5,7,14,15,18,19,24,26,27,29,30,32 []
tiles for 2: 1,3,6,9,12,15,16,18,24,25,27,28,30 []
tiles for 3: 2,12,13,14,17,19,22,23,24,27,29,31,31 []
3 <  8
3  > 29
0 <  18
0  > 18
1 <  20
1  > 30
2 <  38
2 <  26
2  > 27
3 <  39
3 <  29
3  > 29
0 <  24
0  > 21
1 <  21 (6)
1 has [4,5,7,14,15,18,24,26,27,29,32], [[19,20,21]]
1  > 27
2 <  26
2  > 30
3 <  7
3  > 2
0 <  22
0  > 24
1 <  9
1  > 9
2 <  32
2  > 3
3 <  31
3  > 19
0 <  19
0  > 19
1 <  9
1  > 9
2 <  2
2  > 1
3 <  16
3  > 27
0 <  3
0  > 22
1 <  36
1 <  5
1  > 18
2 <  20
2  > 6
3 <  6 (4)
3 has [12,13,14,16,17,22,23,24,31,31,31], [[6,7,8]]
3  > 17
0 <  22
0  > 22
1 <  19
1  > 19
2 <  18
2  > 2
3 <  30
3  > 16
0 <  6
0  > 14
1 <  33
1  > 32
2 <  8
2  > 8
3 <  28
3  > 30
0 <  11
0  > 30
1 <  11
1  > 11
2 <  13
2  > 9
3 <  3
3  > 3
0 <  5
0  > 5
1 <  5 (8)
1 has [4,7,14,15,24,26,29,33], [[19,20,21],[5,5,5]]
1  > 7
2 <  41
2 <  33
2  > 25
3 <  16
3  > 16
0 <  15
0  > 15
1 <  8
1  > 4
2 <  15
2  > 26
3 <  25
3  > 25
0 <  21
0  > 21
1 <  10
1  > 8
2 <  2
2  > 2
3 <  10
3  > 10
0 <  21
0  > 21
1 <  23
1  > 10
2 <  7
2  > 7
3 <  9
3  > 9
0 <  25
0  > 25
1 <  25 (6)
1 has [14,15,26,29,33], [[19,20,21],[5,5,5],[23,24,25]]
1  > 26
2 <  20
2  > 24
3 <  10
3  > 10
0 <  13
0  > 3
1 <  33
1  > 29
2 <  17
2  > 26
3 <  10
3  > 10
0 <  29
0  > 29
1 <  23
1  > 23
2 <  3
2  > 3
3 <  17
3  > 17
0 <  2
0  > 28
3 <  28 (32)
3 has [12,13,14,22,23,24,31,31,31], [[6,7,8],[28,28]!]
Player 3 wins hand 12! (hand took 250ms)
0: -116, hand: 0,0,1,2,5,6,6,7,11,11,11,13,33, [], (37,40)
1: -128, hand: 14,15,33,33, [[19,20,21],[5,5,5],[23,24,25]], (36)
2: -116, hand: 12,13,15,15,16,17,18,18,20,20,28,32,33, [], (35,38,41)
3: 360, hand: 12,13,14,22,23,24,31,31,31, [[6,7,8],[28,28]!], (34,39)

Starting hand 13.
this.hand=13; this.draws=0; config.PRNG.seed(54059314); this.wind=3; this.windOfTheRound=1;
wall: 12,17,19,4,20,25,31,27,0,7,31,8,13,14,9,9,6,28,7,5,21,2,3,23,24,32,30,6,23,3,21,20,16,5,6,14,40,38,28,31,30,27,2,22,26,36,9,28,4,27,24,31,11,24,10,2,37,8,2,0,15,16,17,33,9,3,30,10,25,23,11,1,13,6,1,33,17,18,19,26,15,33,15,12,14,11,0,3,18,22,29,17,18,8,20,22,15,29,41,35,24,32,12,29,10,26,22,7,13,5,16,0,1,30,16,19,29,34,20,13,23,25,7,26,14,1,25,11,5,8,10,21,19,39,4,32,33,28,4,18,27,21,12,32
initial deal
tiles for 0: 0,4,7,8,12,13,17,19,20,25,27,31,31
tiles for 1: 2,3,5,6,7,9,9,14,21,23,24,28,32
tiles for 2: 3,5,6,6,14,16,20,21,23,28,30,30,31
tiles for 3: 2,4,9,10,11,22,24,24,26,27,27,28,31
prepare play
tiles for 0: 0,4,7,8,12,13,17,19,20,25,27,31,31 []
tiles for 1: 2,3,5,6,7,9,9,14,21,23,24,28,32 []
tiles for 2: 3,5,6,6,14,16,20,21,23,28,30,30,31 []
tiles for 3: 2,4,9,10,11,22,24,24,26,27,27,28,31 []
3 <  2
3  > 28
0 <  37
0 <  8
0  > 27
3 <  27 (8)
3 has [2,2,4,9,10,11,22,24,24,26,31], [[27,27,27]]
3  > 31
0 <  31 (8)
0 has [0,4,7,8,8,12,13,17,19,20,25], [[31,31,31]]
0  > 19
1 <  2
1  > 14
2 <  0
2  > 31
3 <  15
3  > 15
0 <  16
0  > 25
1 <  25 (6)
1 has [2,2,3,5,6,7,9,9,21,28,32], [[23,24,25]]
1  > 21
2 <  17
2  > 20
3 <  33
3  > 33
0 <  9
0  > 20
1 <  3
1  > 28
2 <  30
2  > 23
3 <  23 (5)
3 has [2,2,4,9,10,11,24,26], [[27,27,27],[22,23,24]]
3  > 26
0 <  10
0  > 0
1 <  25
1  > 25
2 <  23
2  > 21
3 <  11
3  > 24
0 <  1
0  > 7
1 <  13
1  > 13
2 <  6
2  > 23
3 <  1
3  > 4
0 <  33
0  > 4
1 <  4 (6)
1 has [2,3,5,6,7,9,9,32], [[23,24,25],[2,3,4]]
1  > 32
2 <  17
2  > 0
3 <  0 (4)
3 has [2,9,10,11,11], [[27,27,27],[22,23,24],[0,1,2]]
3  > 2
0 <  18
0  > 18
1 <  19
1  > 19
2 <  26
2  > 26
3 <  15
3  > 15
0 <  15 (4)
0 has [1,8,8,9,10,12,13,33], [[31,31,31],[15,16,17]]
0  > 1
1 <  1 (32)
1 has [5,6,7,9,9], [[23,24,25],[2,3,4],[1,2,3]!]
Player 1 wins hand 13! (hand took 117ms)
0: -24, hand: 8,8,9,10,12,13,33, [[31,31,31],[15,16,17]], (37)
1: 80, hand: 5,6,7,9,9, [[23,24,25],[2,3,4],[1,2,3]!], ()
2: -12, hand: 3,5,6,6,6,14,16,17,17,28,30,30,30, [], (40,38)
3: -44, hand: 9,10,11,11, [[27,27,27],[22,23,24],[0,1,2]], (36)

Starting hand 14.
this.hand=14; this.draws=0; config.PRNG.seed(973322458); this.wind=0; this.windOfTheRound=2;
wall: 15,5,0,8,8,28,3,24,27,35,0,40,26,18,3,25,28,8,24,29,18,33,3,9,5,39,5,32,7,27,7,29,26,19,27,9,30,23,7,41,13,27,13,6,19,1,17,38,22,5,2,10,33,6,1,14,14,6,12,21,32,2,16,2,26,0,33,9,21,24,4,7,28,14,19,32,21,17,4,23,31,12,0,36,25,23,21,20,30,13,8,22,1,11,18,16,10,10,24,11,31,10,1,20,31,33,28,17,12,13,30,16,22,17,23,20,16,26,31,15,32,34,37,9,29,20,15,3,4,14,2,25,11,25,12,11,4,18,30,15,22,6,19,29
initial deal
tiles for 0: 0,0,3,3,5,8,8,15,18,24,26,27,28
tiles for 1: 3,5,5,7,8,9,18,24,25,28,29,32,33
tiles for 2: 7,7,9,13,13,19,23,26,27,27,27,29,30
tiles for 3: 1,1,2,5,6,6,10,14,14,17,19,22,33
prepare play
tiles for 0: 0,0,3,3,5,8,8,15,18,24,26,27,28 []
tiles for 1: 3,5,5,7,8,9,18,24,25,28,29,32,33 []
tiles for 2: 7,7,9,13,13,19,23,26,27,27,27,29,30 []
tiles for 3: 1,1,2,5,6,6,10,14,14,17,19,22,33 []
0 <  6
0  > 28
1 <  12
1  > 28
2 <  21
2  > 30
3 <  32
3  > 10
0 <  2
0  > 26
1 <  26 (6)
1 has [3,5,5,7,8,9,12,18,29,32,33], [[24,25,26]]
1  > 18
2 <  16
2  > 7
3 <  7 (6)
3 has [1,1,2,6,14,14,17,19,22,32,33], [[5,6,7]]
3  > 6
0 <  2
0  > 24
1 <  26
1  > 9
2 <  0
2  > 0
3 <  0 (4)
3 has [1,14,14,17,19,22,32,33], [[5,6,7],[0,1,2]]
3  > 1
0 <  33
0  > 18
1 <  9
1  > 12
2 <  21
2  > 7
3 <  24
3  > 17
0 <  4
0  > 15
1 <  7
1  > 9
2 <  28
2  > 28
3 <  14
3  > 19
0 <  19
0  > 19
1 <  32
1  > 26
2 <  21
2  > 9
3 <  17
3  > 17
0 <  4
0  > 6
1 <  6 (5)
1 has [3,5,7,8,29,32,32,33], [[24,25,26],[5,6,7]]
1  > 29
2 <  23
2  > 16
3 <  31
3  > 32
1 <  32 (8)
1 has [3,5,7,8,33], [[24,25,26],[5,6,7],[32,32,32]]
1  > 33
2 <  12
2  > 21
3 <  0
3  > 0
0 <  36
0 <  25
0  > 25
1 <  23
1  > 23
2 <  21
2  > 21
3 <  20
3  > 31
0 <  30
0  > 30
1 <  13
1  > 13
2 <  13 (8)
2 has [12,19,21,21,23,23,26,27,27,27,29], [[13,13,13]]
2  > 12
3 <  8
3  > 8
0 <  22
0  > 22
1 <  1
1  > 1
2 <  11
2  > 11
3 <  18
3  > 33
0 <  16
0  > 16
1 <  10
1  > 10
2 <  10
2  > 10
3 <  24
3  > 24
0 <  11
0  > 11
1 <  31
1  > 31
2 <  10
2  > 10
3 <  1
3  > 1
0 <  20
0  > 20
1 <  31
1  > 31
2 <  33
2  > 23
3 <  23 (5)
3 has [14,14,14,18,20], [[5,6,7],[0,1,2],[22,23,24]]
3  > 18
0 <  28
0  > 28
1 <  17
1  > 17
2 <  12
2  > 12
3 <  13
3  > 13
0 <  30
0  > 30
1 <  16
1  > 16
2 <  22
2  > 26
3 <  17
3  > 17
0 <  23
0  > 23
1 <  20
1  > 20
3 <  20 (32)
3 has [14,14,14], [[5,6,7],[0,1,2],[22,23,24],[20,20]!]
Player 3 wins hand 14! (hand took 232ms)
0: -52, hand: 0,0,2,2,3,3,4,4,5,8,8,27,33, [], (35,40,36)
1: -10, hand: 3,5,7,8, [[24,25,26],[5,6,7],[32,32,32]], (39)
2: -18, hand: 19,21,21,22,23,27,27,27,29,33, [[13,13,13]], (41)
3: 80, hand: 14,14,14, [[5,6,7],[0,1,2],[22,23,24],[20,20]!], (38)

Starting hand 15.
this.hand=15; this.draws=0; config.PRNG.seed(1184295557); this.wind=1; this.windOfTheRound=2;
wall: 3,10,30,31,26,9,36,40,11,14,33,27,24,25,18,3,22,0,25,28,21,27,6,6,26,18,1,26,3,14,41,33,5,28,29,19,16,7,28,2,13,25,17,25,13,29,1,15,38,33,22,32,10,4,8,17,11,20,19,2,19,12,16,2,6,32,16,31,2,12,31,17,0,20,24,35,32,12,0,30,29,4,13,17,27,10,27,9,23,1,18,7,23,7,21,34,4,19,32,10,4,30,14,9,24,8,3,8,24,21,33,16,22,20,0,31,8,13,22,12,7,30,5,1,21,9,18,15,14,15,28,23,20,29,11,6,5,5,39,15,23,26,37,11
initial deal
tiles for 0: 3,9,10,11,14,18,24,25,26,27,30,31,33
tiles for 1: 0,1,3,6,6,18,21,22,25,26,26,27,28
tiles for 2: 2,3,5,7,13,14,16,19,25,28,28,29,33
tiles for 3: 1,4,8,10,13,15,17,17,22,25,29,32,33
prepare play
tiles for 0: 3,9,10,11,14,18,24,25,26,27,30,31,33 []
tiles for 1: 0,1,3,6,6,18,21,22,25,26,26,27,28 []
tiles for 2: 2,3,5,7,13,14,16,19,25,28,28,29,33 []
tiles for 3: 1,4,8,10,13,15,17,17,22,25,29,32,33 []
1 <  11
1  > 28
2 <  28 (8)
2 has [2,3,5,7,13,14,16,19,25,29,33], [[28,28,28]]
2  > 19
3 <  20
3  > 8
0 <  19
0  > 30
1 <  2
1  > 11
2 <  19
2  > 19
3 <  12
3  > 4
0 <  16
0  > 27
1 <  2
1  > 18
2 <  6
2  > 25
3 <  32
3  > 1
0 <  16
0  > 3
1 <  31
1  > 31
2 <  2
2  > 5
3 <  12
3  > 25
0 <  31
0  > 26
1 <  26 (8)
1 has [0,1,2,2,3,6,6,21,22,25,27], [[26,26,26]]
1  > 25
2 <  17
2  > 6
1 <  6 (8)
1 has [0,1,2,2,3,21,22,27], [[26,26,26],[6,6,6]]
1  > 27
2 <  0
2  > 2
1 <  2 (8)
1 has [0,1,3,21,22], [[26,26,26],[6,6,6],[2,2,2]]
1  > 3
2 <  20
2  > 20
3 <  24
3  > 33
0 <  35
0 <  32
0  > 19
1 <  12
1  > 12
3 <  12 (8)
3 has [10,13,15,17,17,20,22,24,29,32,32], [[12,12,12]]
3  > 10
0 <  0
0  > 0
1 <  30
1  > 30
2 <  29
2  > 2
3 <  4
3  > 4
0 <  13
0  > 24
1 <  17
1  > 1
2 <  27
2  > 27
3 <  10
3  > 10
0 <  27
0  > 27
1 <  9
1  > 9
2 <  23
2  > 23
3 <  23 (5)
3 has [13,15,17,17,20,29,32,32], [[12,12,12],[22,23,24]]
3  > 20
0 <  1
0  > 1
1 <  18
1  > 0
2 <  7
2  > 7
3 <  23
3  > 23
0 <  7
0  > 7
1 <  21
1  > 17
3 <  17 (8)
3 has [13,15,29,32,32], [[12,12,12],[22,23,24],[17,17,17]]
3  > 29
2 <  29 (8)
2 has [0,3,7,13,14,16,17,33], [[28,28,28],[29,29,29]]
2  > 7
3 <  34
3 <  4
3  > 4
0 <  19
0  > 25
1 <  32
1  > 18
2 <  10
2  > 3
3 <  4
3  > 4
0 <  30
0  > 30
1 <  14
1  > 14
3 <  14 (32)
3 has [32,32], [[12,12,12],[22,23,24],[17,17,17],[13,14,15]!]
Player 3 wins hand 15! (hand took 207ms)
0: -30, hand: 9,10,11,13,14,16,16,18,19,31,31,32,33, [], (36,40,35)
1: -90, hand: 21,21,22,32, [[26,26,26],[6,6,6],[2,2,2]], ()
2: 16, hand: 0,10,13,14,16,17,33, [[28,28,28],[29,29,29]], (41)
3: 104, hand: 32,32, [[12,12,12],[22,23,24],[17,17,17],[13,14,15]!], (38,34)

Starting hand 16.
this.hand=16; this.draws=0; config.PRNG.seed(1979750133); this.wind=2; this.windOfTheRound=2;
wall: 2,14,15,30,18,4,30,6,14,7,30,31,1,26,12,31,23,26,18,24,33,27,3,28,2,9,5,20,9,25,5,31,19,17,31,22,32,25,18,37,23,16,12,5,4,29,27,0,39,21,30,12,4,33,16,23,8,3,22,8,26,38,1,2,2,15,13,6,29,24,32,22,40,7,14,7,10,16,21,24,1,1,29,13,10,8,17,18,25,21,17,23,36,6,19,20,10,15,7,22,10,4,32,15,6,17,12,26,11,41,11,29,11,33,0,28,0,19,21,8,24,16,20,0,14,27,9,13,28,20,19,13,3,28,35,27,9,34,32,25,5,3,33,11
initial deal
tiles for 0: 1,2,4,6,7,14,14,15,18,30,30,30,31
tiles for 1: 2,3,9,12,18,23,24,26,26,27,28,31,33
tiles for 2: 5,5,9,17,18,19,20,22,25,25,31,31,32
tiles for 3: 0,4,4,5,12,12,16,21,23,27,29,30,33
prepare play
tiles for 0: 1,2,4,6,7,14,14,15,18,30,30,30,31 []
tiles for 1: 2,3,9,12,18,23,24,26,26,27,28,31,33 []
tiles for 2: 5,5,9,17,18,19,20,22,25,25,31,31,32 []
tiles for 3: 0,4,4,5,12,12,16,21,23,27,29,30,33 []
2 <  16
2  > 5
3 <  23
3  > 27
0 <  8
0  > 18
1 <  3
1  > 27
2 <  22
2  > 5
3 <  8
3  > 0
0 <  26
0  > 26
1 <  26 (8)
1 has [2,3,3,9,12,18,23,24,28,31,33], [[26,26,26]]
1  > 18
2 <  38
2 <  1
2  > 1
3 <  2
3  > 16
0 <  16 (6)
0 has [1,2,4,6,7,8,14,30,30,30,31], [[14,15,16]]
0  > 30
1 <  2
1  > 9
2 <  15
2  > 9
3 <  13
3  > 8
0 <  6
0  > 14
1 <  29
1  > 12
3 <  12 (8)
3 has [2,4,4,5,13,21,23,23,29,30,33], [[12,12,12]]
3  > 13
0 <  24
0  > 24
1 <  32
1  > 29
2 <  22
2  > 18
3 <  40
3 <  7
3  > 29
0 <  14
0  > 14
1 <  7
1  > 7
2 <  10
2  > 10
3 <  16
3  > 16
0 <  21
0  > 21
1 <  24
1  > 32
2 <  1
2  > 1
3 <  1
3  > 30
0 <  29
0  > 8
1 <  13
1  > 13
2 <  10
2  > 10
3 <  8
3  > 33
0 <  17
0  > 17
1 <  18
1  > 18
2 <  25
2  > 20
3 <  21
3  > 8
0 <  17
0  > 17
1 <  23
1  > 33
2 <  36
2 <  6
2  > 6
3 <  6 (6)
3 has [1,2,4,7,21,21,23,23], [[12,12,12],[4,5,6]]
3  > 7
0 <  19
0  > 19
1 <  20
1  > 20
2 <  10
2  > 10
3 <  15
3  > 15
0 <  7
0  > 6
1 <  22
1  > 31
2 <  31 (8)
2 has [15,16,17,19,22,22,22,25,25,25,32], [[31,31,31]]
2  > 19
3 <  10
3  > 10
0 <  4
0  > 31
1 <  32
1  > 28
2 <  15
2  > 15
3 <  6
3  > 4
0 <  17
0  > 17
1 <  12
1  > 12
2 <  26
2  > 26
3 <  11
3  > 11
0 <  41
0 <  11
0  > 11
1 <  29
1  > 29
2 <  11
2  > 11
3 <  33
3  > 6
0 <  0
0  > 29
1 <  28
1  > 32
2 <  32 (32)
2 has [15,16,17,22,22,22,25,25,25], [[31,31,31],[32,32]!]
Player 2 wins hand 16! (hand took 229ms)
0: -146, hand: 0,1,2,4,4,6,7,7,30,30, [[14,15,16]], (41)
1: -146, hand: 2,2,3,3,22,23,23,24,24,28, [[26,26,26]], ()
2: 408, hand: 15,16,17,22,22,22,25,25,25, [[31,31,31],[32,32]!], (38,36)
3: -116, hand: 1,2,21,21,23,23,33, [[12,12,12],[4,5,6]], (37,39,40)

Starting hand 17.
this.hand=17; this.draws=0; config.PRNG.seed(1194572258); this.wind=2; this.windOfTheRound=2;
wall: 23,18,26,2,10,20,24,32,17,33,25,26,17,17,11,1,28,30,29,16,27,6,24,29,5,24,32,16,6,1,40,12,6,13,34,28,9,26,27,20,23,0,7,27,38,11,32,3,13,5,11,1,18,36,12,22,14,16,37,6,31,17,16,28,15,39,31,13,15,10,15,21,18,8,7,19,29,5,27,7,13,11,3,26,31,0,31,33,8,22,0,28,25,33,2,2,10,4,4,29,14,30,14,32,12,22,20,3,14,21,4,5,24,1,25,9,25,8,35,9,23,0,9,7,20,21,33,12,15,30,19,22,19,10,8,4,21,41,18,30,23,2,3,19
initial deal
tiles for 0: 2,10,17,17,18,20,23,24,25,26,26,32,33
tiles for 1: 1,5,6,11,16,17,24,24,27,28,29,29,30
tiles for 2: 1,6,6,9,12,13,16,20,23,26,27,28,32
tiles for 3: 0,1,3,5,7,11,11,12,13,18,22,27,32
prepare play
tiles for 0: 2,10,17,17,18,20,23,24,25,26,26,32,33 []
tiles for 1: 1,5,6,11,16,17,24,24,27,28,29,29,30 []
tiles for 2: 1,6,6,9,12,13,16,20,23,26,27,28,32 []
tiles for 3: 0,1,3,5,7,11,11,12,13,18,22,27,32 []
2 <  14
2  > 28
3 <  16
3  > 27
0 <  37
0 <  6
0  > 6
1 <  31
1  > 30
2 <  17
2  > 23
3 <  16
3  > 18
0 <  28
0  > 28
1 <  15
1  > 27
2 <  39
2 <  31
2  > 26
3 <  13
3  > 22
0 <  15
0  > 2
1 <  10
1  > 1
2 <  15
2  > 20
3 <  21
3  > 21
0 <  18
0  > 10
1 <  8
1  > 28
2 <  7
2  > 7
3 <  19
3  > 19
0 <  29
0  > 25
1 <  5
1  > 31
2 <  27
2  > 1
3 <  7
3  > 32
0 <  13
0  > 24
1 <  24 (8)
1 has [5,5,6,8,10,11,15,16,17,29,29], [[24,24,24]]
1  > 8
2 <  11
2  > 6
3 <  6 (5)
3 has [0,1,3,7,11,11,12,13,13,16,16], [[5,6,7]]
3  > 7
0 <  3
0  > 3
1 <  26
1  > 26
2 <  31
2  > 6
3 <  0
3  > 3
0 <  31
0  > 20
1 <  33
1  > 33
2 <  8
2  > 8
3 <  22
3  > 22
0 <  0
0  > 0
3 <  0 (8)
3 has [1,11,11,12,13,13,16,16], [[5,6,7],[0,0,0]]
3  > 1
0 <  28
0  > 28
1 <  25
1  > 25
2 <  33
2  > 33
3 <  2
3  > 2
0 <  2
0  > 2
1 <  10
1  > 6
2 <  4
2  > 4
3 <  4
3  > 4
0 <  29
0  > 18
1 <  14
1  > 11
2 <  30
2  > 30
3 <  14
3  > 14
0 <  14 (5)
0 has [17,17,18,23,26,26,29,29,31,32,33], [[13,14,15]]
0  > 18
1 <  32
1  > 32
2 <  12
2  > 32
3 <  22
3  > 22
0 <  20
0  > 32
1 <  3
1  > 3
2 <  14
2  > 27
3 <  21
3  > 21
0 <  4
0  > 4
1 <  5
1  > 14
2 <  24
2  > 27
3 <  1
3  > 1
0 <  25
0  > 20
1 <  9
1  > 9
2 <  25
2  > 14
3 <  8
3  > 8
0 <  35
0 <  9
0  > 9
1 <  23
1  > 23
2 <  23 (4)
2 has [9,11,12,12,13,14,15,16,17,31,31], [[23,24,25]]
2  > 9
3 <  0
3  > 0
0 <  9
0  > 9
1 <  7
1  > 7
2 <  20
2  > 20
3 <  21
3  > 21
0 <  33
0  > 25
1 <  12
1  > 12
3 <  12 (32)
3 has [11,12,13,16,16], [[5,6,7],[0,0,0],[11,12,13]!]
Player 3 wins hand 17! (hand took 270ms)
0: -42, hand: 17,17,23,26,26,29,29,31,33,33, [[13,14,15]], (37,35)
1: -54, hand: 5,5,5,10,10,15,16,17,29,29, [[24,24,24]], ()
2: -80, hand: 11,12,12,13,14,15,16,17,31,31, [[23,24,25]], (40,34,39)
3: 176, hand: 11,12,13,16,16, [[5,6,7],[0,0,0],[11,12,13]!], (38,36)

Starting hand 18.
this.hand=18; this.draws=0; config.PRNG.seed(829874613); this.wind=3; this.windOfTheRound=2;
wall: 28,4,14,3,37,2,28,28,27,8,20,6,3,18,30,34,21,10,10,41,1,23,9,38,8,18,17,4,3,29,25,31,8,31,14,22,26,7,7,39,12,4,26,0,12,36,0,29,19,20,23,16,21,29,22,3,30,25,33,19,20,6,5,14,16,5,24,5,24,2,6,28,2,7,15,1,8,19,21,26,27,13,31,24,30,11,21,0,11,32,32,9,18,1,17,12,40,4,15,13,5,22,23,12,2,22,30,25,16,15,33,13,27,20,11,10,26,11,9,23,19,1,31,29,16,17,9,33,13,10,7,32,17,15,35,25,14,27,18,32,24,6,0,33
initial deal
tiles for 0: 2,3,3,4,6,8,14,18,20,27,28,28,28
tiles for 1: 1,3,4,8,9,10,10,17,18,21,23,29,30
tiles for 2: 0,4,7,7,8,12,14,22,25,26,26,31,31
tiles for 3: 0,3,12,16,19,20,21,22,23,25,29,29,30
prepare play
tiles for 0: 2,3,3,4,6,8,14,18,20,27,28,28,28 []
tiles for 1: 1,3,4,8,9,10,10,17,18,21,23,29,30 []
tiles for 2: 0,4,7,7,8,12,14,22,25,26,26,31,31 []
tiles for 3: 0,3,12,16,19,20,21,22,23,25,29,29,30 []
3 <  33
3  > 30
0 <  19
0  > 27
1 <  20
1  > 30
2 <  6
2  > 22
3 <  5
3  > 12
0 <  14
0  > 19
1 <  19 (5)
1 has [1,3,4,8,9,10,10,17,21,23,29], [[18,19,20]]
1  > 8
2 <  16
2  > 26
3 <  5
3  > 0
0 <  24
0  > 20
1 <  5
1  > 17
2 <  24
2  > 26
3 <  2
3  > 16
0 <  6
0  > 24
1 <  28
1  > 28
2 <  2
2  > 25
3 <  7
3  > 33
0 <  15
0  > 18
1 <  1
1  > 29
3 <  29 (8)
3 has [2,3,5,5,7,19,20,21,22,23,25], [[29,29,29]]
3  > 25
0 <  8
0  > 6
1 <  6 (6)
1 has [1,1,3,9,10,10,21,23], [[18,19,20],[4,5,6]]
1  > 3
2 <  19
2  > 24
3 <  24 (6)
3 has [2,3,5,5,7,19,20,21], [[29,29,29],[22,23,24]]
3  > 7
0 <  21
0  > 21
1 <  26
1  > 26
2 <  27
2  > 27
3 <  13
3  > 13
0 <  13 (4)
0 has [2,3,3,4,6,8,8,14,28,28,28], [[13,14,15]]
0  > 28
1 <  31
1  > 31
2 <  31 (8)
2 has [0,2,4,6,7,7,8,12,14,16,19], [[31,31,31]]
2  > 19
3 <  24
3  > 24
0 <  30
0  > 14
1 <  11
1  > 21
2 <  21
2  > 21
3 <  0
3  > 0
0 <  11
0  > 11
1 <  32
1  > 23
2 <  32
2  > 2
3 <  9
3  > 9
0 <  18
0  > 18
1 <  1
1  > 32
2 <  17
2  > 0
3 <  12
3  > 12
0 <  40
0 <  4
0  > 4
3 <  4 (32)
3 has [5,5,19,20,21], [[29,29,29],[22,23,24],[2,3,4]!]
Player 3 wins hand 18! (hand took 188ms)
0: -88, hand: 2,3,3,4,6,8,8,28,28,30, [[13,14,15]], (37,40)
1: -64, hand: 1,1,1,9,10,10,11, [[18,19,20],[4,5,6]], (34,41,38)
2: -64, hand: 4,6,7,7,8,12,14,16,17,32, [[31,31,31]], (39)
3: 216, hand: 5,5,19,20,21, [[29,29,29],[22,23,24],[2,3,4]!], (36)

Starting hand 19.
this.hand=19; this.draws=0; config.PRNG.seed(862188403); this.wind=3; this.windOfTheRound=2;
wall: 13,2,5,9,17,26,7,13,11,2,4,14,1,10,5,8,21,26,16,2,14,14,17,33,41,0,8,16,20,19,8,19,31,6,10,33,6,29,6,10,4,22,24,5,3,18,28,13,0,30,28,9,32,23,11,29,1,19,21,22,36,31,22,4,27,23,26,33,12,22,26,18,32,35,20,11,25,34,12,25,9,39,1,28,33,16,10,32,13,17,14,19,27,24,31,12,30,17,20,1,20,30,23,7,5,25,16,32,0,7,37,18,27,8,15,12,15,18,27,4,6,11,28,7,3,31,15,29,3,38,23,24,40,25,9,30,0,24,21,21,3,15,29,2
initial deal
tiles for 0: 1,2,2,4,5,7,9,11,13,13,14,17,26
tiles for 1: 0,2,5,8,8,10,14,14,16,17,21,26,33
tiles for 2: 6,6,6,8,10,10,16,19,19,20,29,31,33
tiles for 3: 0,3,4,5,9,13,18,22,24,28,28,30,32
prepare play
tiles for 0: 1,2,2,4,5,7,9,11,13,13,14,17,26 []
tiles for 1: 0,2,5,8,8,10,14,14,16,17,21,26,33 []
tiles for 2: 6,6,6,8,10,10,16,19,19,20,29,31,33 []
tiles for 3: 0,3,4,5,9,13,18,22,24,28,28,30,32 []
3 <  23
3  > 30
0 <  11
0  > 26
1 <  29
1  > 10
2 <  10 (8)
2 has [6,6,6,8,16,19,19,20,29,31,33], [[10,10,10]]
2  > 19
3 <  1
3  > 18
0 <  19
0  > 19
1 <  21
1  > 5
2 <  22
2  > 20
3 <  36
3 <  31
3  > 9
0 <  22
0  > 22
1 <  4
1  > 26
2 <  27
2  > 27
3 <  23
3  > 13
0 <  26
0  > 26
1 <  33
1  > 29
2 <  12
2  > 22
3 <  22 (4)
3 has [0,1,3,4,5,22,23,28,28,31,32], [[22,23,24]]
3  > 32
0 <  22
0  > 22
1 <  26
1  > 26
2 <  18
2  > 18
3 <  32
3  > 31
0 <  35
0 <  20
0  > 20
1 <  11
1  > 11
2 <  25
2  > 25
3 <  34
3 <  12
3  > 12
0 <  12 (5)
0 has [1,2,2,4,5,7,9,11,13,14,17], [[11,12,13]]
0  > 17
1 <  25
1  > 25
2 <  9
2  > 19
3 <  39
3 <  1
3  > 32
0 <  28
0  > 28
3 <  28 (8)
3 has [0,1,1,3,4,5,22,23], [[22,23,24],[28,28,28]]
3  > 23
0 <  33
0  > 7
1 <  16
1  > 0
2 <  10
2  > 8
1 <  8 (8)
1 has [2,4,14,14,16,16,17,21,21,33,33], [[8,8,8]]
1  > 4
2 <  32
2  > 6
3 <  6 (6)
3 has [0,1,1,3,22], [[22,23,24],[28,28,28],[4,5,6]]
3  > 22
0 <  13
0  > 4
1 <  17
1  > 2
2 <  14
2  > 6
3 <  19
3  > 19
0 <  27
0  > 27
1 <  24
1  > 24
2 <  31
2  > 6
3 <  12
3  > 12
0 <  12 (5)
0 has [1,2,2,5,9,13,14,33], [[11,12,13],[11,12,13]]
0  > 1
3 <  1 (8)
3 has [0,3], [[22,23,24],[28,28,28],[4,5,6],[1,1,1]]
3  > 0
0 <  30
0  > 5
1 <  17
1  > 17
2 <  20
2  > 20
3 <  1
3  > 1
0 <  20
0  > 20
1 <  30
1  > 30
2 <  23
2  > 23
3 <  7
3  > 7
0 <  5
0  > 2
1 <  25
1  > 25
2 <  16
2  > 33
1 <  33 (8)
1 has [14,14,16,16,17,17,21,21], [[8,8,8],[33,33,33]]
1  > 17
2 <  32
2  > 29
3 <  0
3  > 0
0 <  7
0  > 33
1 <  37
1 <  18
1  > 18
2 <  27
2  > 27
3 <  8
3  > 8
0 <  15
0  > 9
1 <  12
1  > 12
2 <  15
2  > 32
3 <  18
3  > 18
0 <  27
0  > 27
1 <  4
1  > 4
2 <  6
2  > 32
3 <  11
3  > 11
0 <  28
0  > 28
1 <  7
1  > 7
2 <  3
2  > 10
3 <  31
3  > 3
0 <  15
0  > 2
1 <  29
1  > 29
Hand was a draw.

Restarting hand 19.
this.hand=19; this.draws=1; config.PRNG.seed(1560616946); this.wind=3; this.windOfTheRound=2;
wall: 36,30,10,23,39,27,6,26,12,0,34,7,29,10,19,2,12,20,30,14,31,35,23,17,32,21,32,21,12,8,16,29,26,24,1,7,2,1,40,8,22,33,20,22,17,24,4,11,28,10,14,15,4,6,11,15,23,29,19,23,18,24,5,3,26,0,5,2,1,9,14,22,31,2,32,26,8,31,21,3,38,13,25,16,16,27,7,18,7,9,0,33,13,30,25,3,22,19,27,4,15,17,4,5,20,6,17,31,18,1,11,25,30,16,13,20,25,8,13,28,11,33,9,18,28,0,3,12,15,14,19,32,6,21,10,28,41,29,9,5,37,24,33,27
initial deal
tiles for 0: 0,2,6,7,10,10,12,19,23,26,27,29,30
tiles for 1: 8,12,12,14,17,20,21,21,23,30,31,32,32
tiles for 2: 1,1,2,7,8,16,20,22,22,24,26,29,33
tiles for 3: 4,4,6,10,11,11,14,15,15,17,23,24,28
prepare play
tiles for 0: 0,2,6,7,10,10,12,19,23,26,27,29,30 []
tiles for 1: 8,12,12,14,17,20,21,21,23,30,31,32,32 []
tiles for 2: 1,1,2,7,8,16,20,22,22,24,26,29,33 []
tiles for 3: 4,4,6,10,11,11,14,15,15,17,23,24,28 []
3 <  29
3  > 28
0 <  19
0  > 27
1 <  23
1  > 30
2 <  18
2  > 16
3 <  16 (6)
3 has [4,4,6,10,11,11,15,17,23,24,29], [[14,15,16]]
3  > 29
0 <  24
0  > 0
1 <  5
1  > 8
2 <  3
2  > 7
3 <  26
3  > 17
0 <  0
0  > 2
1 <  5
1  > 17
2 <  2
2  > 2
3 <  1
3  > 15
0 <  9
0  > 0
1 <  14
1  > 31
2 <  22
2  > 1
3 <  31
3  > 1
0 <  2
0  > 6
1 <  32
1  > 20
2 <  26
2  > 3
3 <  8
3  > 31
0 <  31
0  > 2
1 <  21
1  > 5
2 <  3
2  > 2
3 <  38
3 <  13
3  > 6
0 <  25
0  > 7
1 <  16
1  > 5
2 <  16
2  > 1
3 <  27
3  > 8
0 <  7
0  > 7
1 <  18
1  > 18
2 <  7
2  > 7
3 <  9
3  > 27
0 <  0
0  > 0
1 <  33
1  > 33
2 <  13
2  > 3
3 <  30
3  > 30
0 <  25
0  > 26
1 <  3
1  > 3
2 <  22
2 locks [22,22,22,22]
2 <  19 (supplement)
2  > 8
3 <  27
3  > 27
0 <  4
0  > 4
3 <  4 (8)
3 has [9,10,11,11,13,23,24,26], [[14,15,16],[4,4,4]]
3  > 13
0 <  15
0  > 15
1 <  15 (5)
1 has [12,12,14,21,21,21,23,23,32,32,32], [[14,15,16]]
1  > 14
2 <  17
2  > 13
3 <  4
3  > 4
0 <  5
0  > 5
1 <  20
1  > 20
2 <  6
2  > 6
3 <  17
3  > 17
0 <  31
0  > 30
1 <  18
1  > 18
2 <  18 (4)
2 has [16,17,18,24,26,26,29,33], [[22,22,22,22],[18,19,20]]
2  > 18
3 <  1
3  > 1
0 <  11
0  > 29
1 <  25
1  > 25
0 <  25 (8)
0 has [9,10,10,11,12,19,19,23,24,31,31], [[25,25,25]]
0  > 31
1 <  30
1  > 30
2 <  16
2  > 29
3 <  13
3  > 13
0 <  13 (6)
0 has [9,10,10,19,19,23,24,31], [[25,25,25],[11,12,13]]
0  > 31
1 <  20
1  > 20
2 <  25
2  > 33
3 <  8
3  > 8
0 <  13
0  > 13
1 <  28
1  > 28
2 <  11
2  > 11
3 <  11 (8)
3 has [9,10,23,24,26], [[14,15,16],[4,4,4],[11,11,11]]
3  > 9
0 <  33
0  > 9
1 <  9
1  > 9
2 <  18
2  > 18
3 <  28
3  > 28
0 <  0
0  > 0
1 <  3
1  > 3
2 <  12
2  > 12
1 <  12 (32)
1 has [21,21,21,23,23,32,32,32], [[14,15,16],[12,12,12]!]
Player 1 wins hand 19! (hand took 269ms)
0: -104, hand: 10,10,19,19,23,24,33, [[25,25,25],[11,12,13]], (36,39,34)
1: 448, hand: 21,21,21,23,23,32,32,32, [[14,15,16],[12,12,12]!], (35)
2: -110, hand: 16,16,17,24,25,26,26, [[22,22,22,22],[18,19,20]], (40)
3: -234, hand: 10,23,24,26, [[14,15,16],[4,4,4],[11,11,11]], (38)

Starting hand 20.
this.hand=20; this.draws=0; config.PRNG.seed(645979657); this.wind=0; this.windOfTheRound=3;
wall: 29,4,21,28,6,11,6,35,1,14,1,22,3,15,27,29,31,31,12,26,15,23,4,2,32,1,14,38,18,28,16,33,14,8,15,12,12,5,22,27,11,25,13,26,28,0,5,29,8,17,25,23,14,21,13,28,26,9,20,6,11,2,16,32,16,4,33,13,18,16,19,2,17,7,1,5,20,19,30,36,24,10,31,12,23,21,32,37,23,11,10,25,7,10,7,3,19,0,20,20,27,25,2,0,7,30,27,34,8,31,5,41,22,6,29,24,8,21,15,33,9,13,18,30,9,24,10,3,26,39,3,32,30,22,40,0,17,24,17,18,33,4,9,19
initial deal
tiles for 0: 1,1,3,4,6,6,11,14,15,21,22,28,29
tiles for 1: 1,2,4,12,14,15,23,26,27,29,31,31,32
tiles for 2: 5,8,11,12,12,14,15,16,18,22,27,28,33
tiles for 3: 0,5,8,13,14,17,21,23,25,25,26,28,29
prepare play
tiles for 0: 1,1,3,4,6,6,11,14,15,21,22,28,29 []
tiles for 1: 1,2,4,12,14,15,23,26,27,29,31,31,32 []
tiles for 2: 5,8,11,12,12,14,15,16,18,22,27,28,33 []
tiles for 3: 0,5,8,13,14,17,21,23,25,25,26,28,29 []
0 <  13
0  > 28
1 <  28
1  > 28
2 <  26
2  > 27
3 <  9
3  > 29
0 <  20
0  > 29
1 <  6
1  > 27
2 <  11
2  > 28
3 <  2
3  > 28
0 <  16
0  > 22
1 <  32
1  > 29
2 <  16
2  > 8
3 <  4
3  > 9
0 <  33
0  > 21
1 <  13
1  > 26
2 <  18
2  > 5
3 <  16
3  > 8
0 <  19
0  > 19
1 <  2
1  > 23
2 <  17
2  > 26
3 <  7
3  > 7
0 <  1
0  > 20
1 <  5
1  > 1
2 <  20
2  > 20
3 <  19
3  > 21
0 <  30
0  > 1
1 <  36
1 <  24
1  > 24
2 <  10
2  > 22
3 <  31
3  > 19
0 <  12
0  > 6
1 <  23
1  > 23
2 <  21
2  > 18
3 <  32
3  > 32
1 <  32 (8)
1 has [2,2,4,5,6,12,13,14,15,31,31], [[32,32,32]]
1  > 31
2 <  37
2 <  23
2  > 21
3 <  11
3  > 31
0 <  10
0  > 1
1 <  25
1  > 25
3 <  25 (8)
3 has [0,2,4,5,11,13,14,16,17,23,26], [[25,25,25]]
3  > 23
0 <  7
0  > 7
1 <  7 (6)
1 has [2,2,4,12,13,14,15,31], [[32,32,32],[5,6,7]]
1  > 31
2 <  10
2  > 18
3 <  7
3  > 26
0 <  3
0  > 4
1 <  19
1  > 19
2 <  0
2  > 0
3 <  20
3  > 20
0 <  20
0  > 20
1 <  27
1  > 27
2 <  25
2  > 23
3 <  2
3  > 0
0 <  0
0  > 3
1 <  3 (5)
1 has [2,12,13,14,15], [[32,32,32],[5,6,7],[2,3,4]]
1  > 2
3 <  2 (8)
3 has [4,5,7,11,13,14,16,17], [[25,25,25],[2,2,2]]
3  > 7
0 <  7
0  > 1
1 <  30
1  > 30
2 <  27
2  > 27
3 <  34
3 <  8
3  > 8
0 <  31
0  > 31
1 <  5
1  > 5
2 <  41
2 <  22
2  > 22
3 <  6
3  > 11
2 <  11 (8)
2 has [10,10,12,12,14,15,16,16,17,25,33], [[11,11,11]]
2  > 25
3 <  29
3  > 29
0 <  24
0  > 24
1 <  8
1  > 8
2 <  21
2  > 21
3 <  15
3  > 5
0 <  5 (4)
0 has [0,3,10,11,12,13,14,15,16,30,33], [[5,6,7]]
0  > 0
1 <  33
1  > 33
2 <  9
2  > 33
3 <  13
3  > 4
0 <  18
0  > 3
1 <  30
1  > 30
2 <  9
2  > 10
3 <  24
3  > 6
0 <  10
0  > 18
1 <  3
1  > 3
Hand was a draw.

Restarting hand 20.
this.hand=20; this.draws=1; config.PRNG.seed(493963857); this.wind=0; this.windOfTheRound=3;
wall: 33,24,12,26,1,30,10,30,29,40,19,10,24,7,32,14,21,7,31,31,27,24,25,24,27,14,19,11,16,8,11,2,3,4,10,13,11,16,25,28,8,9,22,35,14,13,17,15,2,31,19,6,20,23,21,34,0,19,0,15,2,5,32,22,28,18,15,1,33,26,9,15,12,5,18,12,22,6,21,20,7,3,36,37,4,23,28,23,14,26,9,0,4,21,32,18,17,1,5,29,29,18,13,28,5,8,20,1,32,9,3,6,25,29,41,22,12,25,10,16,6,30,26,3,7,31,27,23,33,33,13,0,38,16,17,39,30,2,8,20,11,27,4,17
initial deal
tiles for 0: 1,7,10,10,12,19,24,24,26,29,30,30,33
tiles for 1: 7,14,14,19,21,24,24,25,27,27,31,31,32
tiles for 2: 2,3,4,8,10,11,11,11,13,16,16,25,28
tiles for 3: 2,6,8,9,13,14,15,17,19,20,22,23,31
prepare play
tiles for 0: 1,7,10,10,12,19,24,24,26,29,30,30,33 []
tiles for 1: 7,14,14,19,21,24,24,25,27,27,31,31,32 []
tiles for 2: 2,3,4,8,10,11,11,11,13,16,16,25,28 []
tiles for 3: 2,6,8,9,13,14,15,17,19,20,22,23,31 []
0 <  21
0  > 29
1 <  34
1 <  0
1  > 7
2 <  19
2  > 28
3 <  0
3  > 9
0 <  15
0  > 1
1 <  2
1  > 32
2 <  5
2  > 25
3 <  32
3  > 32
0 <  22
0  > 7
1 <  28
1  > 28
2 <  18
2  > 18
3 <  18 (4)
3 has [0,2,6,8,13,14,15,17,22,23,31], [[18,19,20]]
3  > 31
1 <  31 (8)
1 has [0,2,14,14,19,21,24,24,25,27,27], [[31,31,31]]
1  > 19
2 <  15
2  > 19
3 <  1
3  > 6
0 <  33
0  > 15
1 <  26
1  > 21
2 <  9
2  > 2
3 <  15
3  > 8
0 <  12
0  > 21
1 <  5
1  > 5
2 <  18
2  > 18
3 <  12
3  > 17
0 <  22
0  > 26
1 <  6
1  > 6
2 <  21
2  > 21
3 <  21 (32)
3 has [0,1,2,12,13,14,15,15], [[18,19,20],[21,22,23]!]
Player 3 wins hand 20! (hand took 99ms)
0: -64, hand: 10,10,12,12,19,22,22,24,24,30,30,33,33, [], (40)
1: 0, hand: 0,2,14,14,24,24,25,26,27,27, [[31,31,31]], (34)
2: -48, hand: 3,4,5,8,9,10,11,11,11,13,15,16,16, [], ()
3: 112, hand: 0,1,2,12,13,14,15,15, [[18,19,20],[21,22,23]!], (35)

Starting hand 21.
this.hand=21; this.draws=0; config.PRNG.seed(1329096215); this.wind=1; this.windOfTheRound=3;
wall: 41,16,7,15,0,11,13,29,22,24,21,16,9,0,12,6,10,22,28,27,0,13,4,30,28,23,31,32,22,9,2,20,4,7,5,15,4,25,3,31,17,29,22,19,33,32,13,38,18,25,14,25,18,33,26,16,6,15,6,2,30,8,28,8,17,5,25,20,11,1,33,36,0,12,24,2,5,29,9,26,27,30,30,1,3,31,17,24,8,34,7,4,14,29,23,5,21,9,27,10,1,26,20,18,2,20,26,14,40,1,7,12,23,15,18,28,12,21,35,19,17,21,19,3,10,14,3,24,6,32,13,16,27,10,23,11,37,32,11,19,33,8,39,31
initial deal
tiles for 0: 0,0,7,9,11,13,15,16,16,21,22,24,29
tiles for 1: 0,4,6,10,12,13,22,23,27,28,28,30,31
tiles for 2: 2,3,4,4,5,7,9,15,20,22,25,31,32
tiles for 3: 13,14,17,18,18,19,22,25,25,29,32,33,33
prepare play
tiles for 0: 0,0,7,9,11,13,15,16,16,21,22,24,29 []
tiles for 1: 0,4,6,10,12,13,22,23,27,28,28,30,31 []
tiles for 2: 2,3,4,4,5,7,9,15,20,22,25,31,32 []
tiles for 3: 13,14,17,18,18,19,22,25,25,29,32,33,33 []
1 <  26
1  > 0
2 <  16
2  > 20
3 <  20 (6)
3 has [13,14,17,18,22,25,25,29,32,33,33], [[18,19,20]]
3  > 18
0 <  6
0  > 29
1 <  15
1  > 26
2 <  6
2  > 22
3 <  2
3  > 2
0 <  30
0  > 24
1 <  24 (6)
1 has [4,6,10,12,13,15,27,28,28,30,31], [[22,23,24]]
1  > 27
2 <  8
2  > 25
3 <  25 (8)
3 has [13,14,17,22,29,32,33,33], [[18,19,20],[25,25,25]]
3  > 22
0 <  28
0  > 21
1 <  8
1  > 31
2 <  17
2  > 9
3 <  5
3  > 5
0 <  25
0  > 22
1 <  20
1  > 20
2 <  11
2  > 11
3 <  1
3  > 1
0 <  33
0  > 25
1 <  36
1 <  0
1  > 0
2 <  12
2  > 12
3 <  12 (4)
3 has [17,29,32,33,33], [[18,19,20],[25,25,25],[12,13,14]]
3  > 17
0 <  17 (6)
0 has [0,0,6,7,9,11,13,16,28,30,33], [[15,16,17]]
0  > 0
1 <  24
1  > 24
2 <  2
2  > 5
3 <  5
3  > 5
0 <  29
0  > 29
1 <  9
1  > 30
2 <  26
2  > 26
3 <  27
3  > 27
0 <  30
0  > 6
1 <  30
1  > 30
2 <  1
2  > 1
3 <  3
3  > 3
0 <  31
0  > 7
1 <  7 (5)
1 has [4,9,10,12,13,15,28,28], [[22,23,24],[6,7,8]]
1  > 4
2 <  17
2  > 8
3 <  24
3  > 24
0 <  8
0  > 0
1 <  34
1 <  7
1  > 7
2 <  4
2  > 6
3 <  14
3  > 14
0 <  29
0  > 29
1 <  23
1  > 23
2 <  5
2  > 4
3 <  21
3  > 21
0 <  9
0  > 8
1 <  27
1  > 27
2 <  10
2  > 10
3 <  1
3  > 29
0 <  26
0  > 26
1 <  20
1  > 20
2 <  18
2  > 18
3 <  2
3  > 32
0 <  20
0  > 20
1 <  26
1  > 26
2 <  14
2  > 7
3 <  40
3 <  1
3  > 1
0 <  7
0  > 7
1 <  12
1  > 15
2 <  15 (4)
2 has [2,2,3,4,4,5,14,15,17,31,32], [[15,16,17]]
2  > 2
3 <  23
3  > 23
0 <  15
0  > 31
1 <  18
1  > 18
2 <  28
2  > 28
1 <  28 (8)
1 has [9,10,12,12,13], [[22,23,24],[6,7,8],[28,28,28]]
1  > 9
0 <  9 (8)
0 has [11,13,15,16,28,30,30,33], [[15,16,17],[9,9,9]]
0  > 28
1 <  12
1  > 10
2 <  21
2  > 21
3 <  35
3 <  19
3  > 19
0 <  17
0  > 33
1 <  21
1  > 21
2 <  19
2  > 19
3 <  3
Player 3 wins hand 21! (hand took 263ms)
0: -24, hand: 11,13,15,16,17,30,30, [[15,16,17],[9,9,9]], (41)
1: -18, hand: 12,12,12,13, [[22,23,24],[6,7,8],[28,28,28]], (36,34)
2: -70, hand: 2,3,4,4,5,14,15,17,31,32, [[15,16,17]], ()
3: 112, hand: 1,2,3,33,33, [[18,19,20],[25,25,25],[12,13,14]], (38,40,35)

Starting hand 22.
this.hand=22; this.draws=0; config.PRNG.seed(1859206437); this.wind=2; this.windOfTheRound=3;
wall: 18,26,21,18,30,26,7,31,17,6,9,28,24,29,0,18,10,18,33,3,11,17,28,32,23,20,26,39,6,8,12,27,0,27,38,12,1,5,6,10,9,15,27,7,1,1,3,11,24,13,35,29,22,13,19,17,29,26,23,21,8,9,27,20,33,32,2,1,12,20,2,15,0,22,16,25,2,31,17,21,13,14,30,20,6,34,8,41,22,2,7,28,4,25,5,24,4,11,33,5,3,19,29,5,30,14,16,32,28,15,30,4,16,4,9,23,7,25,25,22,31,24,3,37,19,19,23,14,31,10,32,33,12,11,13,10,0,21,14,16,15,8,40,36
initial deal
tiles for 0: 6,7,9,17,18,18,21,24,26,26,28,30,31
tiles for 1: 0,3,10,11,17,18,18,20,23,28,29,32,33
tiles for 2: 0,1,5,6,6,8,9,10,12,12,26,27,27
tiles for 3: 1,1,3,7,11,13,13,15,19,22,24,27,29
prepare play
tiles for 0: 6,7,9,17,18,18,21,24,26,26,28,30,31 []
tiles for 1: 0,3,10,11,17,18,18,20,23,28,29,32,33 []
tiles for 2: 0,1,5,6,6,8,9,10,12,12,26,27,27 []
tiles for 3: 1,1,3,7,11,13,13,15,19,22,24,27,29 []
2 <  17
2  > 26
3 <  29
3  > 27
0 <  26
0  > 28
1 <  23
1  > 29
3 <  29 (8)
3 has [1,1,3,7,11,13,13,15,19,22,24], [[29,29,29]]
3  > 7
0 <  21
0  > 7
1 <  8
1  > 17
2 <  9
2  > 17
3 <  27
3  > 27
0 <  20
0  > 6
1 <  33
1  > 8
2 <  32
2  > 1
3 <  1 (8)
3 has [3,11,13,13,15,19,22,24], [[29,29,29],[1,1,1]]
3  > 3
0 <  2
0  > 2
1 <  1
1  > 28
2 <  12
2  > 5
3 <  20
3  > 15
0 <  2
0  > 2
1 <  2 (6)
1 has [3,10,11,18,18,20,23,23,32,33,33], [[0,1,2]]
1  > 3
2 <  15
2  > 6
3 <  0
3  > 0
0 <  22
0  > 9
2 <  9 (8)
2 has [0,6,8,10,12,12,12,15,27,27,32], [[9,9,9]]
2  > 8
3 <  16
3  > 16
0 <  25
0  > 17
1 <  2
1  > 2
2 <  31
2  > 0
3 <  17
3  > 17
0 <  21
0  > 18
1 <  18 (8)
1 has [10,11,20,23,23,32,33,33], [[0,1,2],[18,18,18]]
1  > 20
2 <  13
2  > 6
3 <  14
3  > 11
0 <  30
0  > 20
1 <  20
1  > 20
2 <  6
2  > 6
3 <  34
3 <  8
3  > 8
0 <  41
0 <  22
0  > 25
1 <  2
1  > 2
2 <  7
2  > 7
3 <  28
3  > 28
0 <  4
0  > 4
1 <  25
1  > 32
2 <  5
2  > 5
3 <  24
3  > 22
0 <  4
0  > 4
1 <  11
1  > 25
2 <  33
2  > 33
1 <  33 (8)
1 has [10,11,11,23,23], [[0,1,2],[18,18,18],[33,33,33]]
1  > 10
2 <  5
2  > 5
3 <  3
3  > 3
0 <  19
0  > 21
1 <  29
1  > 29
2 <  5
2  > 5
3 <  30
3  > 30
0 <  14
0  > 14
1 <  16
1  > 16
2 <  32
2  > 31
3 <  28
3  > 28
0 <  15
0  > 15
1 <  30
1  > 30
2 <  4
2  > 4
3 <  16
3  > 16
0 <  4
0  > 4
1 <  9
1  > 9
2 <  23
2  > 23
1 <  23 (32)
1 has [11,11], [[0,1,2],[18,18,18],[33,33,33],[23,23,23]!]
Player 1 wins hand 22! (hand took 222ms)
0: -46, hand: 18,19,21,21,22,22,24,26,26,26,30,30,31, [], (41)
1: 160, hand: 11,11, [[0,1,2],[18,18,18],[33,33,33],[23,23,23]!], ()
2: -62, hand: 10,12,12,12,13,15,27,27,32,32, [[9,9,9]], (39,38)
3: -52, hand: 13,13,14,19,20,24,24, [[29,29,29],[1,1,1]], (35,34)

Starting hand 23.
this.hand=23; this.draws=0; config.PRNG.seed(99299995); this.wind=3; this.windOfTheRound=3;
wall: 22,33,1,14,1,15,24,40,31,26,20,21,0,24,13,10,1,21,31,20,27,29,28,7,41,37,29,26,7,6,28,5,34,36,29,2,18,31,25,26,14,4,30,23,1,12,16,30,14,22,20,22,9,18,24,25,32,7,32,23,9,27,19,32,9,11,0,0,6,10,3,18,21,28,14,12,3,12,0,25,11,20,27,35,17,2,16,15,15,13,3,5,26,8,13,30,3,4,16,32,10,27,6,17,38,24,29,21,13,10,4,11,17,7,15,8,19,33,23,17,39,8,9,33,19,4,16,19,25,2,33,28,5,2,11,5,18,6,30,23,8,31,22,12
initial deal
tiles for 0: 0,1,1,14,15,20,21,22,24,24,26,31,33
tiles for 1: 1,7,7,10,13,20,21,26,27,28,29,29,31
tiles for 2: 2,4,5,6,14,18,23,25,26,28,29,30,31
tiles for 3: 1,9,12,14,16,18,20,22,22,24,25,30,32
prepare play
tiles for 0: 0,1,1,14,15,20,21,22,24,24,26,31,33 []
tiles for 1: 1,7,7,10,13,20,21,26,27,28,29,29,31 []
tiles for 2: 2,4,5,6,14,18,23,25,26,28,29,30,31 []
tiles for 3: 1,9,12,14,16,18,20,22,22,24,25,30,32 []
3 <  7
3  > 1
0 <  32
0  > 1
1 <  23
1  > 28
2 <  9
2  > 29
1 <  29 (8)
1 has [1,7,7,10,13,20,21,23,26,27,31], [[29,29,29]]
1  > 27
2 <  27
2  > 27
3 <  19
3  > 7
1 <  7 (8)
1 has [1,10,13,20,21,23,26,31], [[29,29,29],[7,7,7]]
1  > 1
2 <  32
2  > 6
3 <  9
3  > 32
0 <  11
0  > 0
1 <  0
1  > 0
2 <  0
2  > 23
3 <  23 (5)
3 has [9,9,12,14,16,18,19,20,22,25,30], [[22,23,24]]
3  > 25
0 <  6
0  > 6
1 <  10
1  > 13
2 <  3
2  > 25
3 <  18
3  > 30
0 <  21
0  > 1
1 <  28
1  > 28
2 <  14
2  > 18
3 <  18 (8)
3 has [9,9,12,14,16,19,20,22], [[22,23,24],[18,18,18]]
3  > 22
0 <  12
0  > 26
1 <  3
1  > 3
2 <  12
2  > 26
3 <  0
3  > 0
0 <  25
0  > 22
1 <  22 (6)
1 has [10,10,23,26,31], [[29,29,29],[7,7,7],[20,21,22]]
1  > 26
2 <  11
2  > 5
3 <  20
3  > 14
2 <  14 (8)
2 has [0,2,3,4,9,11,12,28,30,31,32], [[14,14,14]]
2  > 3
3 <  27
3  > 16
0 <  16 (6)
0 has [11,12,20,21,21,24,24,25,31,32,33], [[14,15,16]]
0  > 25
1 <  35
1 <  17
1  > 23
2 <  2
2  > 4
3 <  16
3  > 12
0 <  15
0  > 24
1 <  15
1  > 31
2 <  13
2  > 0
3 <  3
3  > 3
0 <  5
0  > 5
1 <  26
1  > 26
2 <  8
2  > 2
3 <  13
3  > 16
1 <  16 (32)
1 has [10,10], [[29,29,29],[7,7,7],[20,21,22],[15,16,17]!]
Player 1 wins hand 23! (hand took 166ms)
0: -62, hand: 11,12,15,20,21,21,24,31,32,33, [[14,15,16]], (40)
1: 224, hand: 10,10, [[29,29,29],[7,7,7],[20,21,22],[15,16,17]!], (41,37,35)
2: -44, hand: 2,8,9,11,12,13,28,30,31,32, [[14,14,14]], (34,36)
3: -118, hand: 9,9,13,19,20,20,27, [[22,23,24],[18,18,18]], ()
hand 1
  0 (E): 24 for c4,c5,d3,d3,d4,P,P [b7,b8,b6, d3,d2,d1] (s4,f2,s2,s3)
  1 (N): 56 for d2,d3,d4,E,E,b5,b6,b7 [b9,b8,b7, d9,d8,d7] 
  2 (W): -44 for c2,c3,c4,c5,c9,E,C [c7,c8,c6, c5,c7,c6] (f1)
  3 (S): -36 for c4,c5,c7,c8,c9,d7,d7 [b5,b4,b3, d6,d6,d6] (s1)
hand 2
  0 (S): -286 for c9,c9,d2,d3,d4,b4,b5 [c8,c7,c6, b3,b5,b4] 
  1 (E): 708 for d5,d6,F,F,F,b5,b6,b7,b8,b8 [d9,d9,d9] (f3,f2,s4,f4,f1)
  2 (N): -478 for c2,c3,c4,c5,E,N,C [W,W,W, P,P,P] 
  3 (W): 56 for c2,c3,d4,d5,d6,S,S,c1 [b9,b9,b9, b5,b7,b6] 
hand 3
  0 (W): -32 for c2,c2,c4,c6,d4,d5,d6,b5,b7,c1 [c9,c8,c7] (f3)
  1 (S): -32 for b2,b2,c2,c3,c3,c4,c1 [d8,d7,d6, c9,c8,c7] (f4)
  2 (E): -80 for c5,c5,c6,c6,c7,c9,E,b5,b6,b6,b7,b8,b8 
  3 (N): 144 for c3,c3 [d4,d6,d5, d7,d9,d8, b3,b5,b4, b2,b4,b3] (s1,s2)
hand 4
  0 (N): -34 for b2,b2,c6,c7,b3,d6,d6,d8,d9,b5,b5,b6,b7 (f3)
  1 (W): 104 for c2,c3,d7,d7,d7,P,P,c1 [N,N,N, c4,c4,c4] (s3)
  2 (S): -34 for c3,c5,c5,d1,d3,d3,b4,F,C,P [c5,c7,c6] (s1)
  3 (E): -36 for c3,d2,d4,d5,d8,E,F,C,P,c1 [b6,b8,b7] (f2,f1,s2)
hand 5
  0 (E): -160 for c4,c6,d9,E,F,C,b8,b9,b9,b9 [d1,d1,d1] 
  1 (N): 192 for c2,c3,c4,F,F [d2,d4,d3, b2,b3,b1, d5,d7,d6] (s3,f2,f3)
  2 (W): -112 for b1,c2,c2,c3,c4,c8,c8,c9,W,b4,C,b8,c1 (s4)
  3 (S): 80 for b1,b2,c7,c7,c8,c9,b3 [d8,d8,d8, P,P,P,P] (s1,s2)
hand 6
  0 (S): -160 for c2,c2,c3,c4,c6,c6,c7,c8,d6,d7,d7,c1,c1 
  1 (E): 360 for d2,d3,d4,b5,b6,b7 [d3,d5,d4, b4,b3,b2, P,P] (s1,s3,s4,f4)
  2 (N): -112 for c2,c3,c3,c5,c5,c5,d8,d8,d8,d9,S,N,C (f3,s2)
  3 (W): -88 for c2,c4,c5,c6,c7,c9,c9 [b1,b1,b1,b1, d6,d5,d4] (f1,f2)
hand 7
  0 (S): -78 for c4,c4,c5,c6,d2,d3,d4,d7,C,P [d9,d9,d9,d9] 
  1 (E): 264 for C,C,b5,b6,b7 [c3,c3,c3, b8,b7,b6, F,F,F] (s4)
  2 (N): -84 for c7,c7,c8,c9,b4,b4,N,N,b6,b6 [c5,c4,c3] (s3,s2,f2)
  3 (W): -102 for c5,c6,c7,c8,c9,b8,b8 [d5,d6,d4, E,E,E] (s1)
hand 8
  0 (S): -50 for c4,c7,c9,F [c3,c2,c1, c6,c5,c4, P,P,P] 
  1 (E): 108 for d6,d7,d8,d8,d8 [d9,d9,d9, d1,d1,d1, b4,b6,b5] 
  2 (N): -26 for c4,c6,c7,c8,c9,b3,b3,b3,b4,b4,F,C,b6 (s3,f1,f4)
  3 (W): -32 for b3,d5,d6,S,S,b5,b6 [b8,b8,b8, d3,d3,d3] (f2,s4)
hand 9
  0 (S): -54 for b2,c8,c9,b3,F,P,b7,b7,b8,b9 [c7,c6,c5] (f4)
  1 (E): -58 for c5,c8,c8,c9 [d9,d8,d7, d2,d3,d1, c4,c4,c4] (f1,f2,s4)
  2 (N): -48 for b1,b1,c7,c7,c9,c9,b3,S,C,b5,b5,b7,b8 (s1,s3)
  3 (W): 160 for d2,d3,d4,S,S [E,E,E, d8,d7,d6, d6,d7,d5] (s2)
hand 10
  0 (W): -36 for c4,c4,c5,c6,c8,c9,S,F,C,P [c3,c2,c1] (s4)
  1 (S): 0 for d1,d5,d5,d6,d8,d9,d9 [b1,b1,b1,b1, d3,d2,d1] 
  2 (E): -44 for c2,c4,c8,c8,d2,d2,d7,d8,F,P [c3,c4,c2] (f2,s3)
  3 (N): 80 for c6,c7,c8,b7,b8,b8,b8,b9 [b7,b9,b8, d7,d7,d7] (s2,f3)
hand 11
  0 (N): -100 for c4,c5,c6,c6,d1,d3,d5,d5,d5,d7,d8,d8,d9 (f3)
  1 (W): -4 for c3,d9,d9,b9,b9,c1,c1 [b7,b6,b5, S,S,S,S] (s1)
  2 (S): -88 for b2,c2,c3,c5,c6,c7,c9,b4,F,P [W,W,W] (f2,f1)
  3 (E): 192 for d1,d1,b4,b5,b6 [d2,d2,d2, E,E,E, b2,b4,b3] 
hand 12
  0 (N): -116 for b1,b1,b2,c3,c3,c3,c5,b3,P,b6,b7,b7,b8 (f4,s3)
  1 (W): -128 for c6,c7,P,P [d4,d3,d2, b6,b6,b6, d8,d7,d6] (f3)
  2 (S): -116 for c4,c5,c7,c7,c8,c9,d1,d1,d3,d3,S,C,P (f2,s1,s4)
  3 (E): 360 for c4,c5,c6,d5,d6,d7,F,F,F [b7,b9,b8, S,S] (f1,s2)
hand 13
  0 (N): -24 for c2,c4,c5,P,b9,b9,c1 [F,F,F, c7,c9,c8] (f4)
  1 (W): 80 for b6,b7,b8,c1,c1 [d8,d7,d6, b5,b4,b3, b2,b4,b3] 
  2 (S): -12 for c6,c8,c9,c9,S,b4,N,N,N,b6,b7,b7,b7 (s3,s1)
  3 (E): -44 for c2,c3,c3,c1 [E,E,E, d6,d7,d5, b1,b3,b2] (f3)
hand 14
  0 (E): -52 for b1,b1,b3,b3,E,b4,b4,P,b5,b5,b6,b9,b9 (f2,s3,f3)
  1 (N): -10 for b4,b6,b8,b9 [d9,d8,d7, b7,b8,b6, C,C,C] (s2)
  2 (W): -18 for d2,d4,d4,d5,d6,E,E,E,W,P [c5,c5,c5] (s4)
  3 (S): 80 for c6,c6,c6 [b8,b7,b6, b1,b3,b2, d6,d7,d5, d3,d3] (s1)
hand 15
  0 (S): -30 for c2,c3,c5,c6,c8,c8,d1,d2,F,F,C,P,c1 (f3,s3,f2)
  1 (E): -90 for d4,d4,d5,C [d9,d9,d9, b7,b7,b7, b3,b3,b3] 
  2 (N): 16 for b1,c2,c5,c6,c8,c9,P [S,S,S, W,W,W] (s4)
  3 (W): 104 for C,C [c4,c4,c4, d6,d7,d5, c9,c9,c9, c6,c7,c5] (s1,f1)
hand 16
  0 (W): -146 for b1,b2,b3,N,N,b5,b5,b7,b8,b8 [c8,c7,c6] (s4)
  1 (S): -146 for b3,b3,d5,d6,d6,d7,d7,S,b4,b4 [d9,d9,d9] 
  2 (E): 408 for c7,c8,c9,d5,d5,d5,d8,d8,d8 [F,F,F, C,C] (s1,f3)
  3 (N): -116 for b2,b3,d4,d4,d6,d6,P [c4,c4,c4, b7,b6,b5] (f4,s2,s3)
hand 17
  0 (W): -42 for c9,c9,d6,d9,d9,W,W,F,P,P [c6,c7,c5] (f4,f2)
  1 (S): -54 for c2,c2,c7,c8,c9,W,W,b6,b6,b6 [d7,d7,d7] 
  2 (E): -80 for c3,c4,c4,c5,c6,c7,c8,c9,F,F [d6,d8,d7] (s3,f1,s2)
  3 (N): 176 for c3,c4,c5,c8,c8 [b7,b8,b6, b1,b1,b1, c4,c5,c3] (s1,f3)
hand 18
  0 (N): -88 for b3,S,S,b4,b4,N,b5,b7,b9,b9 [c5,c7,c6] (f4,s3)
  1 (W): -64 for b2,b2,b2,c2,c2,c3,c1 [d2,d3,d1, b7,b6,b5] (f1,s4,s1)
  2 (S): -64 for c4,c6,c8,c9,C,b5,b7,b8,b8,b9 [F,F,F] (s2)
  3 (E): 216 for d2,d3,d4,b6,b6 [W,W,W, d7,d6,d5, b5,b4,b3] (f3)
hand 19
  0 (N): -104 for c2,c2,d2,d2,d6,d7,P [d8,d8,d8, c5,c4,c3] (f3,s2,f1)
  1 (W): 448 for d4,d4,d4,d6,d6,C,C,C [c7,c8,c6, c4,c4,c4] (f2)
  2 (S): -110 for c8,c8,c9,d7,d8,d9,d9 [d5,d5,d5,d5, d1,d3,d2] (s3)
  3 (E): -234 for c2,d6,d7,d9 [c8,c7,c6, b5,b5,b5, c3,c3,c3] (s1)
hand 20
  0 (E): -64 for c2,c2,c4,c4,d2,d5,d5,d7,d7,N,N,P,P (s3)
  1 (N): 0 for b1,c6,c6,b3,d7,d7,d8,d9,E,E [F,F,F] (f1)
  2 (W): -48 for c2,c3,c3,c3,c5,c7,c8,c8,b4,b5,b6,b9,c1 
  3 (S): 112 for b1,b2,c4,c5,c6,c7,c7,b3 [d1,d3,d2, d4,d6,d5] (f2)
hand 21
  0 (S): -24 for c3,c5,c7,c8,c9,N,N [c9,c8,c7, c1,c1,c1] (s4)
  1 (E): -18 for c4,c4,c4,c5 [d7,d6,d5, b8,b9,b7, S,S,S] (f3,f1)
  2 (N): -70 for c6,c7,c9,b3,b4,F,C,b5,b5,b6 [c7,c9,c8] 
  3 (W): 112 for b2,b3,b4,P,P [d3,d2,d1, d8,d8,d8, c4,c6,c5] (s1,s3,f2)
hand 22
  0 (W): -46 for d1,d2,d4,d4,d5,d5,d7,d9,d9,d9,N,N,F (s4)
  1 (S): 160 for c3,c3 [b3,b2,b1, d1,d1,d1, P,P,P, d6,d6,d6] 
  2 (E): -62 for c2,c4,c4,c4,c5,c7,E,E,C,C [c1,c1,c1] (s2,s1)
  3 (N): -52 for c5,c5,c6,d2,d3,d7,d7 [W,W,W, b2,b2,b2] (f2,f1)
hand 23
  0 (N): -62 for c3,c4,c7,d3,d4,d4,d7,F,C,P [c8,c7,c6] (s3)
  1 (W): 224 for c2,c2 [W,W,W, b8,b8,b8, d5,d4,d3, c8,c9,c7] (s4,f4,f2)
  2 (S): -44 for c3,c4,c5,b3,S,N,F,C,b9,c1 [c6,c6,c6] (f1,f3)
  3 (E): -118 for c5,d2,d3,d3,E,c1,c1 [d6,d7,d5, d1,d1,d1] 
final scores:
  player 0: 236 (not set to chicken)
  player 1: 4100 (set to chicken)
  player 2: 650 (not set to chicken)
  player 3: 3014 (set to chicken)
Game took 5.29s